2020-07-04 19:19:28,399 - INFO: kT = 0.5921875708469466 kcal/mol
2020-07-04 19:19:29,329 - INFO: BaseGrandCanonicalMonteCarloSampler object initialised
2020-07-04 19:19:29,330 - INFO: Simulating at an Adams (B) value of -2.629597194812459
2020-07-04 19:19:29,330 - INFO: GCMCSystemSampler object initialised
2020-07-04 19:19:29,330 - INFO: Each NCMC move will be executed over a total of 23.0 ps
2020-07-04 19:19:29,331 - INFO: NonequilibriumGCMCSystemSampler object initialised
2020-07-04 19:20:37,759 - INFO: 1 move(s) completed (0 accepted (0.0000 %)). Current N = 2094. Average N = 2094.000
2020-07-04 19:21:39,744 - INFO: 2 move(s) completed (1 accepted (50.0000 %)). Current N = 2093. Average N = 2093.500
2020-07-04 19:22:41,854 - INFO: 3 move(s) completed (1 accepted (33.3333 %)). Current N = 2093. Average N = 2093.333
2020-07-04 19:23:44,130 - INFO: 4 move(s) completed (2 accepted (50.0000 %)). Current N = 2094. Average N = 2093.500
2020-07-04 19:24:46,537 - INFO: 5 move(s) completed (2 accepted (40.0000 %)). Current N = 2094. Average N = 2093.600
2020-07-04 19:25:48,589 - INFO: 6 move(s) completed (3 accepted (50.0000 %)). Current N = 2093. Average N = 2093.500
2020-07-04 19:26:50,672 - INFO: 7 move(s) completed (4 accepted (57.1429 %)). Current N = 2092. Average N = 2093.286
2020-07-04 19:27:52,946 - INFO: 8 move(s) completed (5 accepted (62.5000 %)). Current N = 2091. Average N = 2093.000
2020-07-04 19:28:55,308 - INFO: 9 move(s) completed (6 accepted (66.6667 %)). Current N = 2090. Average N = 2092.667
2020-07-04 19:29:57,427 - INFO: 10 move(s) completed (7 accepted (70.0000 %)). Current N = 2091. Average N = 2092.500
2020-07-04 19:30:59,695 - INFO: 11 move(s) completed (7 accepted (63.6364 %)). Current N = 2091. Average N = 2092.364
2020-07-04 19:32:02,067 - INFO: 12 move(s) completed (8 accepted (66.6667 %)). Current N = 2090. Average N = 2092.167
2020-07-04 19:33:04,554 - INFO: 13 move(s) completed (9 accepted (69.2308 %)). Current N = 2091. Average N = 2092.077
2020-07-04 19:34:06,725 - INFO: 14 move(s) completed (9 accepted (64.2857 %)). Current N = 2091. Average N = 2092.000
2020-07-04 19:35:09,098 - INFO: 15 move(s) completed (9 accepted (60.0000 %)). Current N = 2091. Average N = 2091.933
2020-07-04 19:36:11,512 - INFO: 16 move(s) completed (10 accepted (62.5000 %)). Current N = 2092. Average N = 2091.938
2020-07-04 19:37:14,039 - INFO: 17 move(s) completed (11 accepted (64.7059 %)). Current N = 2093. Average N = 2092.000
2020-07-04 19:38:16,197 - INFO: 18 move(s) completed (11 accepted (61.1111 %)). Current N = 2093. Average N = 2092.056
2020-07-04 19:39:18,550 - INFO: 19 move(s) completed (11 accepted (57.8947 %)). Current N = 2093. Average N = 2092.105
2020-07-04 19:40:20,996 - INFO: 20 move(s) completed (12 accepted (60.0000 %)). Current N = 2094. Average N = 2092.200
2020-07-04 19:41:23,559 - INFO: 21 move(s) completed (13 accepted (61.9048 %)). Current N = 2095. Average N = 2092.333
2020-07-04 19:42:25,809 - INFO: 22 move(s) completed (13 accepted (59.0909 %)). Current N = 2095. Average N = 2092.454
2020-07-04 19:43:28,112 - INFO: 23 move(s) completed (14 accepted (60.8696 %)). Current N = 2096. Average N = 2092.609
2020-07-04 19:44:30,527 - INFO: 24 move(s) completed (14 accepted (58.3333 %)). Current N = 2096. Average N = 2092.750
2020-07-04 19:45:33,070 - INFO: 25 move(s) completed (14 accepted (56.0000 %)). Current N = 2096. Average N = 2092.880
2020-07-04 19:46:35,445 - INFO: 26 move(s) completed (14 accepted (53.8462 %)). Current N = 2096. Average N = 2093.000
2020-07-04 19:47:37,812 - INFO: 27 move(s) completed (15 accepted (55.5556 %)). Current N = 2097. Average N = 2093.148
2020-07-04 19:48:40,196 - INFO: 28 move(s) completed (16 accepted (57.1429 %)). Current N = 2098. Average N = 2093.321
2020-07-04 19:49:42,694 - INFO: 29 move(s) completed (17 accepted (58.6207 %)). Current N = 2097. Average N = 2093.448
2020-07-04 19:50:45,007 - INFO: 30 move(s) completed (17 accepted (56.6667 %)). Current N = 2097. Average N = 2093.567
2020-07-04 19:51:47,416 - INFO: 31 move(s) completed (17 accepted (54.8387 %)). Current N = 2097. Average N = 2093.677
2020-07-04 19:52:49,858 - INFO: 32 move(s) completed (18 accepted (56.2500 %)). Current N = 2098. Average N = 2093.812
2020-07-04 19:53:52,386 - INFO: 33 move(s) completed (18 accepted (54.5455 %)). Current N = 2098. Average N = 2093.939
2020-07-04 19:54:54,652 - INFO: 34 move(s) completed (19 accepted (55.8824 %)). Current N = 2097. Average N = 2094.029
2020-07-04 19:55:57,008 - INFO: 35 move(s) completed (19 accepted (54.2857 %)). Current N = 2097. Average N = 2094.114
2020-07-04 19:56:59,499 - INFO: 36 move(s) completed (20 accepted (55.5556 %)). Current N = 2098. Average N = 2094.222
2020-07-04 19:58:02,133 - INFO: 37 move(s) completed (20 accepted (54.0541 %)). Current N = 2098. Average N = 2094.324
2020-07-04 19:59:04,552 - INFO: 38 move(s) completed (20 accepted (52.6316 %)). Current N = 2098. Average N = 2094.421
2020-07-04 20:00:07,046 - INFO: 39 move(s) completed (20 accepted (51.2821 %)). Current N = 2098. Average N = 2094.513
2020-07-04 20:01:09,472 - INFO: 40 move(s) completed (20 accepted (50.0000 %)). Current N = 2098. Average N = 2094.600
2020-07-04 20:02:12,068 - INFO: 41 move(s) completed (20 accepted (48.7805 %)). Current N = 2098. Average N = 2094.683
2020-07-04 20:03:14,370 - INFO: 42 move(s) completed (20 accepted (47.6190 %)). Current N = 2098. Average N = 2094.762
2020-07-04 20:04:16,739 - INFO: 43 move(s) completed (20 accepted (46.5116 %)). Current N = 2098. Average N = 2094.837
2020-07-04 20:05:19,205 - INFO: 44 move(s) completed (21 accepted (47.7273 %)). Current N = 2099. Average N = 2094.932
2020-07-04 20:06:21,367 - INFO: 45 move(s) completed (21 accepted (46.6667 %)). Current N = 2099. Average N = 2095.022
2020-07-04 20:07:23,617 - INFO: 46 move(s) completed (21 accepted (45.6522 %)). Current N = 2099. Average N = 2095.109
2020-07-04 20:08:25,989 - INFO: 47 move(s) completed (22 accepted (46.8085 %)). Current N = 2100. Average N = 2095.213
2020-07-04 20:09:28,403 - INFO: 48 move(s) completed (23 accepted (47.9167 %)). Current N = 2101. Average N = 2095.333
2020-07-04 20:10:30,564 - INFO: 49 move(s) completed (23 accepted (46.9388 %)). Current N = 2101. Average N = 2095.449
2020-07-04 20:11:32,874 - INFO: 50 move(s) completed (23 accepted (46.0000 %)). Current N = 2101. Average N = 2095.560
2020-07-04 20:12:35,276 - INFO: 51 move(s) completed (24 accepted (47.0588 %)). Current N = 2102. Average N = 2095.686
2020-07-04 20:13:37,821 - INFO: 52 move(s) completed (25 accepted (48.0769 %)). Current N = 2101. Average N = 2095.789
2020-07-04 20:14:40,092 - INFO: 53 move(s) completed (25 accepted (47.1698 %)). Current N = 2101. Average N = 2095.887
2020-07-04 20:15:42,455 - INFO: 54 move(s) completed (25 accepted (46.2963 %)). Current N = 2101. Average N = 2095.981
2020-07-04 20:16:44,886 - INFO: 55 move(s) completed (25 accepted (45.4545 %)). Current N = 2101. Average N = 2096.073
2020-07-04 20:17:47,440 - INFO: 56 move(s) completed (25 accepted (44.6429 %)). Current N = 2101. Average N = 2096.161
2020-07-04 20:18:49,847 - INFO: 57 move(s) completed (26 accepted (45.6140 %)). Current N = 2102. Average N = 2096.263
2020-07-04 20:19:52,168 - INFO: 58 move(s) completed (26 accepted (44.8276 %)). Current N = 2102. Average N = 2096.362
2020-07-04 20:20:54,618 - INFO: 59 move(s) completed (26 accepted (44.0678 %)). Current N = 2102. Average N = 2096.458
2020-07-04 20:21:57,246 - INFO: 60 move(s) completed (26 accepted (43.3333 %)). Current N = 2102. Average N = 2096.550
2020-07-04 20:22:59,664 - INFO: 61 move(s) completed (26 accepted (42.6230 %)). Current N = 2102. Average N = 2096.639
2020-07-04 20:24:02,038 - INFO: 62 move(s) completed (26 accepted (41.9355 %)). Current N = 2102. Average N = 2096.726
2020-07-04 20:25:04,527 - INFO: 63 move(s) completed (26 accepted (41.2698 %)). Current N = 2102. Average N = 2096.809
2020-07-04 20:26:07,068 - INFO: 64 move(s) completed (26 accepted (40.6250 %)). Current N = 2102. Average N = 2096.891
2020-07-04 20:27:09,471 - INFO: 65 move(s) completed (26 accepted (40.0000 %)). Current N = 2102. Average N = 2096.969
2020-07-04 20:28:11,936 - INFO: 66 move(s) completed (26 accepted (39.3939 %)). Current N = 2102. Average N = 2097.046
2020-07-04 20:29:14,377 - INFO: 67 move(s) completed (26 accepted (38.8060 %)). Current N = 2102. Average N = 2097.119
2020-07-04 20:30:16,918 - INFO: 68 move(s) completed (27 accepted (39.7059 %)). Current N = 2103. Average N = 2097.206
2020-07-04 20:31:19,230 - INFO: 69 move(s) completed (28 accepted (40.5797 %)). Current N = 2102. Average N = 2097.275
2020-07-04 20:32:21,687 - INFO: 70 move(s) completed (28 accepted (40.0000 %)). Current N = 2102. Average N = 2097.343
2020-07-04 20:33:24,307 - INFO: 71 move(s) completed (28 accepted (39.4366 %)). Current N = 2102. Average N = 2097.409
2020-07-04 20:34:27,058 - INFO: 72 move(s) completed (28 accepted (38.8889 %)). Current N = 2102. Average N = 2097.472
2020-07-04 20:35:29,433 - INFO: 73 move(s) completed (29 accepted (39.7260 %)). Current N = 2101. Average N = 2097.521
2020-07-04 20:36:31,942 - INFO: 74 move(s) completed (29 accepted (39.1892 %)). Current N = 2101. Average N = 2097.568
2020-07-04 20:37:34,635 - INFO: 75 move(s) completed (29 accepted (38.6667 %)). Current N = 2101. Average N = 2097.613
2020-07-04 20:38:37,407 - INFO: 76 move(s) completed (29 accepted (38.1579 %)). Current N = 2101. Average N = 2097.658
2020-07-04 20:39:39,767 - INFO: 77 move(s) completed (30 accepted (38.9610 %)). Current N = 2100. Average N = 2097.688
2020-07-04 20:40:42,302 - INFO: 78 move(s) completed (30 accepted (38.4615 %)). Current N = 2100. Average N = 2097.718
2020-07-04 20:41:44,978 - INFO: 79 move(s) completed (30 accepted (37.9747 %)). Current N = 2100. Average N = 2097.747
2020-07-04 20:42:47,730 - INFO: 80 move(s) completed (30 accepted (37.5000 %)). Current N = 2100. Average N = 2097.775
2020-07-04 20:43:50,303 - INFO: 81 move(s) completed (30 accepted (37.0370 %)). Current N = 2100. Average N = 2097.802
2020-07-04 20:44:52,802 - INFO: 82 move(s) completed (31 accepted (37.8049 %)). Current N = 2101. Average N = 2097.841
2020-07-04 20:45:55,398 - INFO: 83 move(s) completed (31 accepted (37.3494 %)). Current N = 2101. Average N = 2097.880
2020-07-04 20:46:58,132 - INFO: 84 move(s) completed (32 accepted (38.0952 %)). Current N = 2100. Average N = 2097.905
2020-07-04 20:48:00,641 - INFO: 85 move(s) completed (33 accepted (38.8235 %)). Current N = 2101. Average N = 2097.941
2020-07-04 20:49:03,283 - INFO: 86 move(s) completed (34 accepted (39.5349 %)). Current N = 2102. Average N = 2097.988
2020-07-04 20:50:05,876 - INFO: 87 move(s) completed (34 accepted (39.0805 %)). Current N = 2102. Average N = 2098.035
2020-07-04 20:51:08,584 - INFO: 88 move(s) completed (35 accepted (39.7727 %)). Current N = 2101. Average N = 2098.068
2020-07-04 20:52:11,017 - INFO: 89 move(s) completed (35 accepted (39.3258 %)). Current N = 2101. Average N = 2098.101
2020-07-04 20:53:13,595 - INFO: 90 move(s) completed (36 accepted (40.0000 %)). Current N = 2102. Average N = 2098.144
2020-07-04 20:54:16,196 - INFO: 91 move(s) completed (37 accepted (40.6593 %)). Current N = 2103. Average N = 2098.198
2020-07-04 20:55:18,907 - INFO: 92 move(s) completed (37 accepted (40.2174 %)). Current N = 2103. Average N = 2098.250
2020-07-04 20:56:21,472 - INFO: 93 move(s) completed (37 accepted (39.7849 %)). Current N = 2103. Average N = 2098.301
2020-07-04 20:57:24,067 - INFO: 94 move(s) completed (37 accepted (39.3617 %)). Current N = 2103. Average N = 2098.351
2020-07-04 20:58:26,691 - INFO: 95 move(s) completed (38 accepted (40.0000 %)). Current N = 2104. Average N = 2098.410
2020-07-04 20:59:29,449 - INFO: 96 move(s) completed (38 accepted (39.5833 %)). Current N = 2104. Average N = 2098.469
2020-07-04 21:00:31,855 - INFO: 97 move(s) completed (39 accepted (40.2062 %)). Current N = 2105. Average N = 2098.536
2020-07-04 21:01:34,478 - INFO: 98 move(s) completed (40 accepted (40.8163 %)). Current N = 2104. Average N = 2098.592
2020-07-04 21:02:37,112 - INFO: 99 move(s) completed (40 accepted (40.4040 %)). Current N = 2104. Average N = 2098.646
2020-07-04 21:03:40,051 - INFO: 100 move(s) completed (40 accepted (40.0000 %)). Current N = 2104. Average N = 2098.700
2020-07-04 21:04:42,543 - INFO: 101 move(s) completed (40 accepted (39.6040 %)). Current N = 2104. Average N = 2098.753
2020-07-04 21:05:45,115 - INFO: 102 move(s) completed (40 accepted (39.2157 %)). Current N = 2104. Average N = 2098.804
2020-07-04 21:06:47,736 - INFO: 103 move(s) completed (41 accepted (39.8058 %)). Current N = 2103. Average N = 2098.845
2020-07-04 21:07:50,145 - INFO: 104 move(s) completed (42 accepted (40.3846 %)). Current N = 2104. Average N = 2098.894
2020-07-04 21:08:52,609 - INFO: 105 move(s) completed (42 accepted (40.0000 %)). Current N = 2104. Average N = 2098.943
2020-07-04 21:09:55,267 - INFO: 106 move(s) completed (42 accepted (39.6226 %)). Current N = 2104. Average N = 2098.991
2020-07-04 21:10:57,986 - INFO: 107 move(s) completed (43 accepted (40.1869 %)). Current N = 2105. Average N = 2099.047
2020-07-04 21:12:00,394 - INFO: 108 move(s) completed (43 accepted (39.8148 %)). Current N = 2105. Average N = 2099.102
2020-07-04 21:13:02,905 - INFO: 109 move(s) completed (43 accepted (39.4495 %)). Current N = 2105. Average N = 2099.156
2020-07-04 21:14:05,483 - INFO: 110 move(s) completed (43 accepted (39.0909 %)). Current N = 2105. Average N = 2099.209
2020-07-04 21:15:08,118 - INFO: 111 move(s) completed (44 accepted (39.6396 %)). Current N = 2104. Average N = 2099.252
2020-07-04 21:16:10,552 - INFO: 112 move(s) completed (44 accepted (39.2857 %)). Current N = 2104. Average N = 2099.295
2020-07-04 21:17:13,163 - INFO: 113 move(s) completed (44 accepted (38.9381 %)). Current N = 2104. Average N = 2099.336
2020-07-04 21:18:15,753 - INFO: 114 move(s) completed (45 accepted (39.4737 %)). Current N = 2103. Average N = 2099.368
2020-07-04 21:19:18,553 - INFO: 115 move(s) completed (45 accepted (39.1304 %)). Current N = 2103. Average N = 2099.400
2020-07-04 21:20:21,051 - INFO: 116 move(s) completed (46 accepted (39.6552 %)). Current N = 2102. Average N = 2099.422
2020-07-04 21:21:23,648 - INFO: 117 move(s) completed (46 accepted (39.3162 %)). Current N = 2102. Average N = 2099.444
2020-07-04 21:22:26,468 - INFO: 118 move(s) completed (47 accepted (39.8305 %)). Current N = 2101. Average N = 2099.458
2020-07-04 21:23:29,374 - INFO: 119 move(s) completed (48 accepted (40.3361 %)). Current N = 2100. Average N = 2099.462
2020-07-04 21:24:31,920 - INFO: 120 move(s) completed (49 accepted (40.8333 %)). Current N = 2101. Average N = 2099.475
2020-07-04 21:25:34,554 - INFO: 121 move(s) completed (49 accepted (40.4959 %)). Current N = 2101. Average N = 2099.488
2020-07-04 21:26:37,363 - INFO: 122 move(s) completed (49 accepted (40.1639 %)). Current N = 2101. Average N = 2099.500
2020-07-04 21:27:40,335 - INFO: 123 move(s) completed (49 accepted (39.8374 %)). Current N = 2101. Average N = 2099.512
2020-07-04 21:28:42,942 - INFO: 124 move(s) completed (49 accepted (39.5161 %)). Current N = 2101. Average N = 2099.524
2020-07-04 21:29:45,591 - INFO: 125 move(s) completed (49 accepted (39.2000 %)). Current N = 2101. Average N = 2099.536
2020-07-04 21:30:48,286 - INFO: 126 move(s) completed (50 accepted (39.6825 %)). Current N = 2102. Average N = 2099.556
2020-07-04 21:31:51,307 - INFO: 127 move(s) completed (50 accepted (39.3701 %)). Current N = 2102. Average N = 2099.575
2020-07-04 21:32:53,840 - INFO: 128 move(s) completed (50 accepted (39.0625 %)). Current N = 2102. Average N = 2099.594
2020-07-04 21:33:56,581 - INFO: 129 move(s) completed (51 accepted (39.5349 %)). Current N = 2103. Average N = 2099.620
2020-07-04 21:34:59,376 - INFO: 130 move(s) completed (51 accepted (39.2308 %)). Current N = 2103. Average N = 2099.646
2020-07-04 21:36:02,270 - INFO: 131 move(s) completed (52 accepted (39.6947 %)). Current N = 2102. Average N = 2099.664
2020-07-04 21:37:04,852 - INFO: 132 move(s) completed (52 accepted (39.3939 %)). Current N = 2102. Average N = 2099.682
2020-07-04 21:38:07,451 - INFO: 133 move(s) completed (52 accepted (39.0977 %)). Current N = 2102. Average N = 2099.699
2020-07-04 21:39:10,184 - INFO: 134 move(s) completed (52 accepted (38.8060 %)). Current N = 2102. Average N = 2099.716
2020-07-04 21:40:13,010 - INFO: 135 move(s) completed (52 accepted (38.5185 %)). Current N = 2102. Average N = 2099.733
2020-07-04 21:41:15,544 - INFO: 136 move(s) completed (53 accepted (38.9706 %)). Current N = 2103. Average N = 2099.757
2020-07-04 21:42:18,098 - INFO: 137 move(s) completed (54 accepted (39.4161 %)). Current N = 2104. Average N = 2099.788
2020-07-04 21:43:20,811 - INFO: 138 move(s) completed (54 accepted (39.1304 %)). Current N = 2104. Average N = 2099.819
2020-07-04 21:44:23,619 - INFO: 139 move(s) completed (54 accepted (38.8489 %)). Current N = 2104. Average N = 2099.849
2020-07-04 21:45:26,110 - INFO: 140 move(s) completed (54 accepted (38.5714 %)). Current N = 2104. Average N = 2099.879
2020-07-04 21:46:28,744 - INFO: 141 move(s) completed (55 accepted (39.0071 %)). Current N = 2103. Average N = 2099.901
2020-07-04 21:47:31,465 - INFO: 142 move(s) completed (56 accepted (39.4366 %)). Current N = 2104. Average N = 2099.930
2020-07-04 21:48:34,289 - INFO: 143 move(s) completed (56 accepted (39.1608 %)). Current N = 2104. Average N = 2099.958
2020-07-04 21:49:36,842 - INFO: 144 move(s) completed (57 accepted (39.5833 %)). Current N = 2103. Average N = 2099.979
2020-07-04 21:50:39,582 - INFO: 145 move(s) completed (58 accepted (40.0000 %)). Current N = 2104. Average N = 2100.007
2020-07-04 21:51:42,379 - INFO: 146 move(s) completed (59 accepted (40.4110 %)). Current N = 2105. Average N = 2100.041
2020-07-04 21:52:45,148 - INFO: 147 move(s) completed (59 accepted (40.1361 %)). Current N = 2105. Average N = 2100.075
2020-07-04 21:53:47,845 - INFO: 148 move(s) completed (59 accepted (39.8649 %)). Current N = 2105. Average N = 2100.108
2020-07-04 21:54:50,537 - INFO: 149 move(s) completed (60 accepted (40.2685 %)). Current N = 2106. Average N = 2100.148
2020-07-04 21:55:53,283 - INFO: 150 move(s) completed (60 accepted (40.0000 %)). Current N = 2106. Average N = 2100.187
2020-07-04 21:56:56,245 - INFO: 151 move(s) completed (61 accepted (40.3974 %)). Current N = 2105. Average N = 2100.218
2020-07-04 21:57:58,943 - INFO: 152 move(s) completed (62 accepted (40.7895 %)). Current N = 2106. Average N = 2100.257
2020-07-04 21:59:01,719 - INFO: 153 move(s) completed (63 accepted (41.1765 %)). Current N = 2105. Average N = 2100.288
2020-07-04 22:00:04,625 - INFO: 154 move(s) completed (63 accepted (40.9091 %)). Current N = 2105. Average N = 2100.318
2020-07-04 22:01:07,771 - INFO: 155 move(s) completed (63 accepted (40.6452 %)). Current N = 2105. Average N = 2100.348
2020-07-04 22:02:10,521 - INFO: 156 move(s) completed (64 accepted (41.0256 %)). Current N = 2106. Average N = 2100.385
2020-07-04 22:03:13,230 - INFO: 157 move(s) completed (64 accepted (40.7643 %)). Current N = 2106. Average N = 2100.420
2020-07-04 22:04:16,177 - INFO: 158 move(s) completed (64 accepted (40.5063 %)). Current N = 2106. Average N = 2100.456
2020-07-04 22:05:19,157 - INFO: 159 move(s) completed (65 accepted (40.8805 %)). Current N = 2107. Average N = 2100.497
2020-07-04 22:06:21,823 - INFO: 160 move(s) completed (66 accepted (41.2500 %)). Current N = 2106. Average N = 2100.531
2020-07-04 22:07:24,631 - INFO: 161 move(s) completed (66 accepted (40.9938 %)). Current N = 2106. Average N = 2100.565
2020-07-04 22:08:27,523 - INFO: 162 move(s) completed (67 accepted (41.3580 %)). Current N = 2107. Average N = 2100.605
2020-07-04 22:09:30,171 - INFO: 163 move(s) completed (67 accepted (41.1043 %)). Current N = 2107. Average N = 2100.644
2020-07-04 22:10:32,752 - INFO: 164 move(s) completed (68 accepted (41.4634 %)). Current N = 2106. Average N = 2100.677
2020-07-04 22:11:35,558 - INFO: 165 move(s) completed (68 accepted (41.2121 %)). Current N = 2106. Average N = 2100.709
2020-07-04 22:12:38,470 - INFO: 166 move(s) completed (68 accepted (40.9639 %)). Current N = 2106. Average N = 2100.741
2020-07-04 22:13:41,050 - INFO: 167 move(s) completed (69 accepted (41.3174 %)). Current N = 2105. Average N = 2100.767
2020-07-04 22:14:43,715 - INFO: 168 move(s) completed (69 accepted (41.0714 %)). Current N = 2105. Average N = 2100.792
2020-07-04 22:15:46,541 - INFO: 169 move(s) completed (70 accepted (41.4201 %)). Current N = 2104. Average N = 2100.811
2020-07-04 22:16:49,409 - INFO: 170 move(s) completed (71 accepted (41.7647 %)). Current N = 2103. Average N = 2100.823
2020-07-04 22:17:52,037 - INFO: 171 move(s) completed (72 accepted (42.1053 %)). Current N = 2102. Average N = 2100.830
2020-07-04 22:18:54,920 - INFO: 172 move(s) completed (72 accepted (41.8605 %)). Current N = 2102. Average N = 2100.837
2020-07-04 22:19:57,847 - INFO: 173 move(s) completed (73 accepted (42.1965 %)). Current N = 2101. Average N = 2100.838
2020-07-04 22:21:00,802 - INFO: 174 move(s) completed (73 accepted (41.9540 %)). Current N = 2101. Average N = 2100.839
2020-07-04 22:22:03,485 - INFO: 175 move(s) completed (74 accepted (42.2857 %)). Current N = 2102. Average N = 2100.846
2020-07-04 22:23:06,265 - INFO: 176 move(s) completed (75 accepted (42.6136 %)). Current N = 2103. Average N = 2100.858
2020-07-04 22:24:09,139 - INFO: 177 move(s) completed (76 accepted (42.9379 %)). Current N = 2104. Average N = 2100.876
2020-07-04 22:25:12,145 - INFO: 178 move(s) completed (76 accepted (42.6966 %)). Current N = 2104. Average N = 2100.893
2020-07-04 22:26:14,761 - INFO: 179 move(s) completed (77 accepted (43.0168 %)). Current N = 2103. Average N = 2100.905
2020-07-04 22:27:17,521 - INFO: 180 move(s) completed (78 accepted (43.3333 %)). Current N = 2102. Average N = 2100.911
2020-07-04 22:28:20,336 - INFO: 181 move(s) completed (78 accepted (43.0939 %)). Current N = 2102. Average N = 2100.917
2020-07-04 22:29:23,510 - INFO: 182 move(s) completed (78 accepted (42.8571 %)). Current N = 2102. Average N = 2100.923
2020-07-04 22:30:26,209 - INFO: 183 move(s) completed (78 accepted (42.6230 %)). Current N = 2102. Average N = 2100.929
2020-07-04 22:31:29,084 - INFO: 184 move(s) completed (79 accepted (42.9348 %)). Current N = 2101. Average N = 2100.929
2020-07-04 22:32:32,098 - INFO: 185 move(s) completed (79 accepted (42.7027 %)). Current N = 2101. Average N = 2100.930
2020-07-04 22:33:35,130 - INFO: 186 move(s) completed (79 accepted (42.4731 %)). Current N = 2101. Average N = 2100.930
2020-07-04 22:34:37,827 - INFO: 187 move(s) completed (80 accepted (42.7807 %)). Current N = 2100. Average N = 2100.925
2020-07-04 22:35:40,732 - INFO: 188 move(s) completed (80 accepted (42.5532 %)). Current N = 2100. Average N = 2100.920
2020-07-04 22:36:43,740 - INFO: 189 move(s) completed (80 accepted (42.3280 %)). Current N = 2100. Average N = 2100.915
2020-07-04 22:37:46,874 - INFO: 190 move(s) completed (80 accepted (42.1053 %)). Current N = 2100. Average N = 2100.910
2020-07-04 22:38:49,659 - INFO: 191 move(s) completed (80 accepted (41.8848 %)). Current N = 2100. Average N = 2100.906
2020-07-04 22:39:52,498 - INFO: 192 move(s) completed (80 accepted (41.6667 %)). Current N = 2100. Average N = 2100.901
2020-07-04 22:40:55,493 - INFO: 193 move(s) completed (81 accepted (41.9689 %)). Current N = 2099. Average N = 2100.891
2020-07-04 22:41:58,556 - INFO: 194 move(s) completed (81 accepted (41.7526 %)). Current N = 2099. Average N = 2100.881
2020-07-04 22:43:01,455 - INFO: 195 move(s) completed (81 accepted (41.5385 %)). Current N = 2099. Average N = 2100.872
2020-07-04 22:44:04,462 - INFO: 196 move(s) completed (81 accepted (41.3265 %)). Current N = 2099. Average N = 2100.862
2020-07-04 22:45:07,458 - INFO: 197 move(s) completed (81 accepted (41.1168 %)). Current N = 2099. Average N = 2100.853
2020-07-04 22:46:10,612 - INFO: 198 move(s) completed (81 accepted (40.9091 %)). Current N = 2099. Average N = 2100.843
2020-07-04 22:47:13,399 - INFO: 199 move(s) completed (81 accepted (40.7035 %)). Current N = 2099. Average N = 2100.834
2020-07-04 22:48:16,279 - INFO: 200 move(s) completed (81 accepted (40.5000 %)). Current N = 2099. Average N = 2100.825
2020-07-04 22:49:19,357 - INFO: 201 move(s) completed (81 accepted (40.2985 %)). Current N = 2099. Average N = 2100.816
2020-07-04 22:50:22,642 - INFO: 202 move(s) completed (82 accepted (40.5941 %)). Current N = 2098. Average N = 2100.802
2020-07-04 22:51:25,458 - INFO: 203 move(s) completed (83 accepted (40.8867 %)). Current N = 2099. Average N = 2100.793
2020-07-04 22:52:28,397 - INFO: 204 move(s) completed (83 accepted (40.6863 %)). Current N = 2099. Average N = 2100.784
2020-07-04 22:53:31,637 - INFO: 205 move(s) completed (83 accepted (40.4878 %)). Current N = 2099. Average N = 2100.776
2020-07-04 22:54:34,841 - INFO: 206 move(s) completed (83 accepted (40.2913 %)). Current N = 2099. Average N = 2100.767
2020-07-04 22:55:37,794 - INFO: 207 move(s) completed (83 accepted (40.0966 %)). Current N = 2099. Average N = 2100.758
2020-07-04 22:56:40,794 - INFO: 208 move(s) completed (83 accepted (39.9038 %)). Current N = 2099. Average N = 2100.750
2020-07-04 22:57:43,992 - INFO: 209 move(s) completed (84 accepted (40.1914 %)). Current N = 2098. Average N = 2100.737
2020-07-04 22:58:47,053 - INFO: 210 move(s) completed (85 accepted (40.4762 %)). Current N = 2099. Average N = 2100.729
2020-07-04 22:59:49,897 - INFO: 211 move(s) completed (85 accepted (40.2844 %)). Current N = 2099. Average N = 2100.720
2020-07-04 23:00:52,898 - INFO: 212 move(s) completed (85 accepted (40.0943 %)). Current N = 2099. Average N = 2100.712
2020-07-04 23:01:56,154 - INFO: 213 move(s) completed (86 accepted (40.3756 %)). Current N = 2100. Average N = 2100.709
2020-07-04 23:02:59,350 - INFO: 214 move(s) completed (86 accepted (40.1869 %)). Current N = 2100. Average N = 2100.706
2020-07-04 23:04:02,216 - INFO: 215 move(s) completed (86 accepted (40.0000 %)). Current N = 2100. Average N = 2100.702
2020-07-04 23:05:05,178 - INFO: 216 move(s) completed (86 accepted (39.8148 %)). Current N = 2100. Average N = 2100.699
2020-07-04 23:06:08,439 - INFO: 217 move(s) completed (86 accepted (39.6313 %)). Current N = 2100. Average N = 2100.696
2020-07-04 23:07:11,407 - INFO: 218 move(s) completed (87 accepted (39.9083 %)). Current N = 2101. Average N = 2100.697
2020-07-04 23:08:14,365 - INFO: 219 move(s) completed (88 accepted (40.1826 %)). Current N = 2100. Average N = 2100.694
2020-07-04 23:09:17,239 - INFO: 220 move(s) completed (89 accepted (40.4545 %)). Current N = 2099. Average N = 2100.686
2020-07-04 23:10:20,354 - INFO: 221 move(s) completed (89 accepted (40.2715 %)). Current N = 2099. Average N = 2100.679
2020-07-04 23:11:23,289 - INFO: 222 move(s) completed (89 accepted (40.0901 %)). Current N = 2099. Average N = 2100.671
2020-07-04 23:12:26,209 - INFO: 223 move(s) completed (89 accepted (39.9103 %)). Current N = 2099. Average N = 2100.664
2020-07-04 23:13:29,105 - INFO: 224 move(s) completed (89 accepted (39.7321 %)). Current N = 2099. Average N = 2100.656
2020-07-04 23:14:32,171 - INFO: 225 move(s) completed (89 accepted (39.5556 %)). Current N = 2099. Average N = 2100.649
2020-07-04 23:15:34,965 - INFO: 226 move(s) completed (90 accepted (39.8230 %)). Current N = 2100. Average N = 2100.646
2020-07-04 23:16:37,734 - INFO: 227 move(s) completed (90 accepted (39.6476 %)). Current N = 2100. Average N = 2100.643
2020-07-04 23:17:40,644 - INFO: 228 move(s) completed (91 accepted (39.9123 %)). Current N = 2099. Average N = 2100.636
2020-07-04 23:18:43,764 - INFO: 229 move(s) completed (92 accepted (40.1747 %)). Current N = 2100. Average N = 2100.633
2020-07-04 23:19:46,555 - INFO: 230 move(s) completed (93 accepted (40.4348 %)). Current N = 2099. Average N = 2100.626
2020-07-04 23:20:49,430 - INFO: 231 move(s) completed (93 accepted (40.2597 %)). Current N = 2099. Average N = 2100.619
2020-07-04 23:21:52,655 - INFO: 232 move(s) completed (93 accepted (40.0862 %)). Current N = 2099. Average N = 2100.612
2020-07-04 23:22:55,821 - INFO: 233 move(s) completed (94 accepted (40.3433 %)). Current N = 2100. Average N = 2100.609
2020-07-04 23:23:58,545 - INFO: 234 move(s) completed (94 accepted (40.1709 %)). Current N = 2100. Average N = 2100.607
2020-07-04 23:25:01,331 - INFO: 235 move(s) completed (95 accepted (40.4255 %)). Current N = 2101. Average N = 2100.608
2020-07-04 23:26:04,406 - INFO: 236 move(s) completed (95 accepted (40.2542 %)). Current N = 2101. Average N = 2100.610
2020-07-04 23:27:07,473 - INFO: 237 move(s) completed (95 accepted (40.0844 %)). Current N = 2101. Average N = 2100.612
2020-07-04 23:28:10,419 - INFO: 238 move(s) completed (95 accepted (39.9160 %)). Current N = 2101. Average N = 2100.613
2020-07-04 23:29:13,305 - INFO: 239 move(s) completed (95 accepted (39.7490 %)). Current N = 2101. Average N = 2100.615
2020-07-04 23:30:16,432 - INFO: 240 move(s) completed (95 accepted (39.5833 %)). Current N = 2101. Average N = 2100.617
2020-07-04 23:31:19,557 - INFO: 241 move(s) completed (95 accepted (39.4191 %)). Current N = 2101. Average N = 2100.618
2020-07-04 23:32:22,427 - INFO: 242 move(s) completed (95 accepted (39.2562 %)). Current N = 2101. Average N = 2100.620
2020-07-04 23:33:25,438 - INFO: 243 move(s) completed (95 accepted (39.0947 %)). Current N = 2101. Average N = 2100.621
2020-07-04 23:34:28,568 - INFO: 244 move(s) completed (96 accepted (39.3443 %)). Current N = 2100. Average N = 2100.619
2020-07-04 23:35:31,872 - INFO: 245 move(s) completed (97 accepted (39.5918 %)). Current N = 2099. Average N = 2100.612
2020-07-04 23:36:34,612 - INFO: 246 move(s) completed (97 accepted (39.4309 %)). Current N = 2099. Average N = 2100.606
2020-07-04 23:37:37,525 - INFO: 247 move(s) completed (97 accepted (39.2713 %)). Current N = 2099. Average N = 2100.599
2020-07-04 23:38:40,645 - INFO: 248 move(s) completed (97 accepted (39.1129 %)). Current N = 2099. Average N = 2100.593
2020-07-04 23:39:43,864 - INFO: 249 move(s) completed (98 accepted (39.3574 %)). Current N = 2098. Average N = 2100.582
2020-07-04 23:40:46,754 - INFO: 250 move(s) completed (99 accepted (39.6000 %)). Current N = 2097. Average N = 2100.568
2020-07-04 23:41:49,804 - INFO: 251 move(s) completed (100 accepted (39.8406 %)). Current N = 2096. Average N = 2100.550
2020-07-04 23:42:53,008 - INFO: 252 move(s) completed (100 accepted (39.6825 %)). Current N = 2096. Average N = 2100.532
2020-07-04 23:43:56,347 - INFO: 253 move(s) completed (100 accepted (39.5257 %)). Current N = 2096. Average N = 2100.514
2020-07-04 23:44:59,187 - INFO: 254 move(s) completed (101 accepted (39.7638 %)). Current N = 2095. Average N = 2100.492
2020-07-04 23:46:02,298 - INFO: 255 move(s) completed (101 accepted (39.6078 %)). Current N = 2095. Average N = 2100.471
2020-07-04 23:47:05,494 - INFO: 256 move(s) completed (101 accepted (39.4531 %)). Current N = 2095. Average N = 2100.449
2020-07-04 23:48:08,802 - INFO: 257 move(s) completed (102 accepted (39.6887 %)). Current N = 2094. Average N = 2100.424
2020-07-04 23:49:11,889 - INFO: 258 move(s) completed (102 accepted (39.5349 %)). Current N = 2094. Average N = 2100.399
2020-07-04 23:50:14,939 - INFO: 259 move(s) completed (102 accepted (39.3822 %)). Current N = 2094. Average N = 2100.374
2020-07-04 23:51:18,086 - INFO: 260 move(s) completed (102 accepted (39.2308 %)). Current N = 2094. Average N = 2100.350
2020-07-04 23:52:21,442 - INFO: 261 move(s) completed (102 accepted (39.0805 %)). Current N = 2094. Average N = 2100.326
2020-07-04 23:53:24,536 - INFO: 262 move(s) completed (102 accepted (38.9313 %)). Current N = 2094. Average N = 2100.302
2020-07-04 23:54:27,630 - INFO: 263 move(s) completed (103 accepted (39.1635 %)). Current N = 2095. Average N = 2100.281
2020-07-04 23:55:30,704 - INFO: 264 move(s) completed (104 accepted (39.3939 %)). Current N = 2094. Average N = 2100.258
2020-07-04 23:56:34,026 - INFO: 265 move(s) completed (105 accepted (39.6226 %)). Current N = 2093. Average N = 2100.230
2020-07-04 23:57:36,990 - INFO: 266 move(s) completed (106 accepted (39.8496 %)). Current N = 2092. Average N = 2100.199
2020-07-04 23:58:40,008 - INFO: 267 move(s) completed (106 accepted (39.7004 %)). Current N = 2092. Average N = 2100.169
2020-07-04 23:59:43,201 - INFO: 268 move(s) completed (106 accepted (39.5522 %)). Current N = 2092. Average N = 2100.138
2020-07-05 00:00:46,058 - INFO: 269 move(s) completed (106 accepted (39.4052 %)). Current N = 2092. Average N = 2100.108
2020-07-05 00:01:49,112 - INFO: 270 move(s) completed (106 accepted (39.2593 %)). Current N = 2092. Average N = 2100.078
2020-07-05 00:02:52,255 - INFO: 271 move(s) completed (106 accepted (39.1144 %)). Current N = 2092. Average N = 2100.048
2020-07-05 00:03:55,410 - INFO: 272 move(s) completed (106 accepted (38.9706 %)). Current N = 2092. Average N = 2100.018
2020-07-05 00:04:58,347 - INFO: 273 move(s) completed (106 accepted (38.8278 %)). Current N = 2092. Average N = 2099.989
2020-07-05 00:06:01,314 - INFO: 274 move(s) completed (107 accepted (39.0511 %)). Current N = 2091. Average N = 2099.956
2020-07-05 00:07:04,445 - INFO: 275 move(s) completed (107 accepted (38.9091 %)). Current N = 2091. Average N = 2099.924
2020-07-05 00:08:07,643 - INFO: 276 move(s) completed (107 accepted (38.7681 %)). Current N = 2091. Average N = 2099.891
2020-07-05 00:09:10,493 - INFO: 277 move(s) completed (107 accepted (38.6282 %)). Current N = 2091. Average N = 2099.859
2020-07-05 00:10:13,431 - INFO: 278 move(s) completed (107 accepted (38.4892 %)). Current N = 2091. Average N = 2099.827
2020-07-05 00:11:16,534 - INFO: 279 move(s) completed (107 accepted (38.3513 %)). Current N = 2091. Average N = 2099.796
2020-07-05 00:12:19,784 - INFO: 280 move(s) completed (107 accepted (38.2143 %)). Current N = 2091. Average N = 2099.764
2020-07-05 00:13:22,700 - INFO: 281 move(s) completed (107 accepted (38.0783 %)). Current N = 2091. Average N = 2099.733
2020-07-05 00:14:25,656 - INFO: 282 move(s) completed (107 accepted (37.9433 %)). Current N = 2091. Average N = 2099.702
2020-07-05 00:15:28,694 - INFO: 283 move(s) completed (108 accepted (38.1625 %)). Current N = 2092. Average N = 2099.675
2020-07-05 00:16:31,928 - INFO: 284 move(s) completed (109 accepted (38.3803 %)). Current N = 2093. Average N = 2099.651
2020-07-05 00:17:34,848 - INFO: 285 move(s) completed (109 accepted (38.2456 %)). Current N = 2093. Average N = 2099.628
2020-07-05 00:18:37,840 - INFO: 286 move(s) completed (109 accepted (38.1119 %)). Current N = 2093. Average N = 2099.605
2020-07-05 00:19:40,991 - INFO: 287 move(s) completed (110 accepted (38.3275 %)). Current N = 2092. Average N = 2099.578
2020-07-05 00:20:44,248 - INFO: 288 move(s) completed (111 accepted (38.5417 %)). Current N = 2093. Average N = 2099.556
2020-07-05 00:21:47,311 - INFO: 289 move(s) completed (111 accepted (38.4083 %)). Current N = 2093. Average N = 2099.533
2020-07-05 00:22:50,380 - INFO: 290 move(s) completed (111 accepted (38.2759 %)). Current N = 2093. Average N = 2099.510
2020-07-05 00:23:53,607 - INFO: 291 move(s) completed (112 accepted (38.4880 %)). Current N = 2092. Average N = 2099.485
2020-07-05 00:24:56,897 - INFO: 292 move(s) completed (112 accepted (38.3562 %)). Current N = 2092. Average N = 2099.459
2020-07-05 00:25:59,804 - INFO: 293 move(s) completed (112 accepted (38.2253 %)). Current N = 2092. Average N = 2099.433
2020-07-05 00:27:02,921 - INFO: 294 move(s) completed (112 accepted (38.0952 %)). Current N = 2092. Average N = 2099.408
2020-07-05 00:28:06,047 - INFO: 295 move(s) completed (112 accepted (37.9661 %)). Current N = 2092. Average N = 2099.383
2020-07-05 00:29:09,379 - INFO: 296 move(s) completed (112 accepted (37.8378 %)). Current N = 2092. Average N = 2099.358
2020-07-05 00:30:12,334 - INFO: 297 move(s) completed (112 accepted (37.7104 %)). Current N = 2092. Average N = 2099.333
2020-07-05 00:31:15,411 - INFO: 298 move(s) completed (113 accepted (37.9195 %)). Current N = 2091. Average N = 2099.305
2020-07-05 00:32:18,584 - INFO: 299 move(s) completed (114 accepted (38.1271 %)). Current N = 2092. Average N = 2099.281
2020-07-05 00:33:21,874 - INFO: 300 move(s) completed (114 accepted (38.0000 %)). Current N = 2092. Average N = 2099.257
2020-07-05 00:34:24,947 - INFO: 301 move(s) completed (115 accepted (38.2060 %)). Current N = 2093. Average N = 2099.236
2020-07-05 00:35:28,057 - INFO: 302 move(s) completed (115 accepted (38.0795 %)). Current N = 2093. Average N = 2099.215
2020-07-05 00:36:31,242 - INFO: 303 move(s) completed (115 accepted (37.9538 %)). Current N = 2093. Average N = 2099.195
2020-07-05 00:37:34,620 - INFO: 304 move(s) completed (115 accepted (37.8289 %)). Current N = 2093. Average N = 2099.174
2020-07-05 00:38:37,631 - INFO: 305 move(s) completed (115 accepted (37.7049 %)). Current N = 2093. Average N = 2099.154
2020-07-05 00:39:40,917 - INFO: 306 move(s) completed (115 accepted (37.5817 %)). Current N = 2093. Average N = 2099.134
2020-07-05 00:40:44,250 - INFO: 307 move(s) completed (115 accepted (37.4593 %)). Current N = 2093. Average N = 2099.114
2020-07-05 00:41:47,590 - INFO: 308 move(s) completed (115 accepted (37.3377 %)). Current N = 2093. Average N = 2099.094
2020-07-05 00:42:50,570 - INFO: 309 move(s) completed (115 accepted (37.2168 %)). Current N = 2093. Average N = 2099.074
2020-07-05 00:43:53,752 - INFO: 310 move(s) completed (116 accepted (37.4194 %)). Current N = 2092. Average N = 2099.052
2020-07-05 00:44:57,095 - INFO: 311 move(s) completed (116 accepted (37.2990 %)). Current N = 2092. Average N = 2099.029
2020-07-05 00:46:00,481 - INFO: 312 move(s) completed (116 accepted (37.1795 %)). Current N = 2092. Average N = 2099.006
2020-07-05 00:47:03,534 - INFO: 313 move(s) completed (116 accepted (37.0607 %)). Current N = 2092. Average N = 2098.984
2020-07-05 00:48:06,645 - INFO: 314 move(s) completed (116 accepted (36.9427 %)). Current N = 2092. Average N = 2098.962
2020-07-05 00:49:09,898 - INFO: 315 move(s) completed (117 accepted (37.1429 %)). Current N = 2093. Average N = 2098.943
2020-07-05 00:50:13,209 - INFO: 316 move(s) completed (117 accepted (37.0253 %)). Current N = 2093. Average N = 2098.924
2020-07-05 00:51:16,234 - INFO: 317 move(s) completed (117 accepted (36.9085 %)). Current N = 2093. Average N = 2098.905
2020-07-05 00:52:19,428 - INFO: 318 move(s) completed (117 accepted (36.7925 %)). Current N = 2093. Average N = 2098.887
2020-07-05 00:53:22,749 - INFO: 319 move(s) completed (117 accepted (36.6771 %)). Current N = 2093. Average N = 2098.868
2020-07-05 00:54:26,090 - INFO: 320 move(s) completed (117 accepted (36.5625 %)). Current N = 2093. Average N = 2098.850
2020-07-05 00:55:29,148 - INFO: 321 move(s) completed (117 accepted (36.4486 %)). Current N = 2093. Average N = 2098.832
2020-07-05 00:56:32,486 - INFO: 322 move(s) completed (118 accepted (36.6460 %)). Current N = 2092. Average N = 2098.811
2020-07-05 00:57:35,848 - INFO: 323 move(s) completed (119 accepted (36.8421 %)). Current N = 2093. Average N = 2098.793
2020-07-05 00:58:39,185 - INFO: 324 move(s) completed (119 accepted (36.7284 %)). Current N = 2093. Average N = 2098.775
2020-07-05 00:59:42,210 - INFO: 325 move(s) completed (120 accepted (36.9231 %)). Current N = 2092. Average N = 2098.754
2020-07-05 01:00:45,290 - INFO: 326 move(s) completed (120 accepted (36.8098 %)). Current N = 2092. Average N = 2098.733
2020-07-05 01:01:48,476 - INFO: 327 move(s) completed (120 accepted (36.6972 %)). Current N = 2092. Average N = 2098.713
2020-07-05 01:02:51,886 - INFO: 328 move(s) completed (120 accepted (36.5854 %)). Current N = 2092. Average N = 2098.692
2020-07-05 01:03:55,062 - INFO: 329 move(s) completed (120 accepted (36.4742 %)). Current N = 2092. Average N = 2098.672
2020-07-05 01:04:58,346 - INFO: 330 move(s) completed (120 accepted (36.3636 %)). Current N = 2092. Average N = 2098.651
2020-07-05 01:06:01,690 - INFO: 331 move(s) completed (121 accepted (36.5559 %)). Current N = 2093. Average N = 2098.634
2020-07-05 01:07:04,765 - INFO: 332 move(s) completed (122 accepted (36.7470 %)). Current N = 2092. Average N = 2098.615
2020-07-05 01:08:07,830 - INFO: 333 move(s) completed (123 accepted (36.9369 %)). Current N = 2091. Average N = 2098.592
2020-07-05 01:09:10,866 - INFO: 334 move(s) completed (123 accepted (36.8263 %)). Current N = 2091. Average N = 2098.569
2020-07-05 01:10:14,228 - INFO: 335 move(s) completed (124 accepted (37.0149 %)). Current N = 2092. Average N = 2098.549
2020-07-05 01:11:17,389 - INFO: 336 move(s) completed (124 accepted (36.9048 %)). Current N = 2092. Average N = 2098.530
2020-07-05 01:12:20,642 - INFO: 337 move(s) completed (125 accepted (37.0920 %)). Current N = 2091. Average N = 2098.507
2020-07-05 01:13:23,802 - INFO: 338 move(s) completed (126 accepted (37.2781 %)). Current N = 2092. Average N = 2098.488
2020-07-05 01:14:27,077 - INFO: 339 move(s) completed (127 accepted (37.4631 %)). Current N = 2093. Average N = 2098.472
2020-07-05 01:15:30,179 - INFO: 340 move(s) completed (127 accepted (37.3529 %)). Current N = 2093. Average N = 2098.456
2020-07-05 01:16:33,207 - INFO: 341 move(s) completed (127 accepted (37.2434 %)). Current N = 2093. Average N = 2098.440
2020-07-05 01:17:36,401 - INFO: 342 move(s) completed (128 accepted (37.4269 %)). Current N = 2094. Average N = 2098.427
2020-07-05 01:18:39,548 - INFO: 343 move(s) completed (129 accepted (37.6093 %)). Current N = 2093. Average N = 2098.411
2020-07-05 01:19:42,744 - INFO: 344 move(s) completed (129 accepted (37.5000 %)). Current N = 2093. Average N = 2098.395
2020-07-05 01:20:45,891 - INFO: 345 move(s) completed (129 accepted (37.3913 %)). Current N = 2093. Average N = 2098.380
2020-07-05 01:21:49,286 - INFO: 346 move(s) completed (129 accepted (37.2832 %)). Current N = 2093. Average N = 2098.364
2020-07-05 01:22:52,824 - INFO: 347 move(s) completed (129 accepted (37.1758 %)). Current N = 2093. Average N = 2098.349
2020-07-05 01:23:55,958 - INFO: 348 move(s) completed (130 accepted (37.3563 %)). Current N = 2092. Average N = 2098.331
2020-07-05 01:24:59,110 - INFO: 349 move(s) completed (131 accepted (37.5358 %)). Current N = 2093. Average N = 2098.315
2020-07-05 01:26:02,266 - INFO: 350 move(s) completed (131 accepted (37.4286 %)). Current N = 2093. Average N = 2098.300
2020-07-05 01:27:05,600 - INFO: 351 move(s) completed (132 accepted (37.6068 %)). Current N = 2092. Average N = 2098.282
2020-07-05 01:28:08,723 - INFO: 352 move(s) completed (133 accepted (37.7841 %)). Current N = 2093. Average N = 2098.267
2020-07-05 01:29:11,764 - INFO: 353 move(s) completed (134 accepted (37.9603 %)). Current N = 2092. Average N = 2098.249
2020-07-05 01:30:15,040 - INFO: 354 move(s) completed (134 accepted (37.8531 %)). Current N = 2092. Average N = 2098.232
2020-07-05 01:31:18,300 - INFO: 355 move(s) completed (134 accepted (37.7465 %)). Current N = 2092. Average N = 2098.214
2020-07-05 01:32:21,292 - INFO: 356 move(s) completed (134 accepted (37.6404 %)). Current N = 2092. Average N = 2098.197
2020-07-05 01:33:24,309 - INFO: 357 move(s) completed (135 accepted (37.8151 %)). Current N = 2091. Average N = 2098.177
2020-07-05 01:34:27,717 - INFO: 358 move(s) completed (136 accepted (37.9888 %)). Current N = 2090. Average N = 2098.154
2020-07-05 01:35:31,184 - INFO: 359 move(s) completed (136 accepted (37.8830 %)). Current N = 2090. Average N = 2098.131
2020-07-05 01:36:34,205 - INFO: 360 move(s) completed (136 accepted (37.7778 %)). Current N = 2090. Average N = 2098.108
2020-07-05 01:37:37,324 - INFO: 361 move(s) completed (136 accepted (37.6731 %)). Current N = 2090. Average N = 2098.086
2020-07-05 01:38:40,487 - INFO: 362 move(s) completed (136 accepted (37.5691 %)). Current N = 2090. Average N = 2098.064
2020-07-05 01:39:43,772 - INFO: 363 move(s) completed (137 accepted (37.7410 %)). Current N = 2091. Average N = 2098.044
2020-07-05 01:40:46,797 - INFO: 364 move(s) completed (137 accepted (37.6374 %)). Current N = 2091. Average N = 2098.025
2020-07-05 01:41:49,947 - INFO: 365 move(s) completed (138 accepted (37.8082 %)). Current N = 2092. Average N = 2098.008
2020-07-05 01:42:53,222 - INFO: 366 move(s) completed (138 accepted (37.7049 %)). Current N = 2092. Average N = 2097.992
2020-07-05 01:43:56,501 - INFO: 367 move(s) completed (138 accepted (37.6022 %)). Current N = 2092. Average N = 2097.976
2020-07-05 01:44:59,481 - INFO: 368 move(s) completed (138 accepted (37.5000 %)). Current N = 2092. Average N = 2097.959
2020-07-05 01:46:02,484 - INFO: 369 move(s) completed (139 accepted (37.6694 %)). Current N = 2093. Average N = 2097.946
2020-07-05 01:47:05,606 - INFO: 370 move(s) completed (140 accepted (37.8378 %)). Current N = 2094. Average N = 2097.935
2020-07-05 01:48:08,698 - INFO: 371 move(s) completed (141 accepted (38.0054 %)). Current N = 2095. Average N = 2097.927
2020-07-05 01:49:11,642 - INFO: 372 move(s) completed (142 accepted (38.1720 %)). Current N = 2096. Average N = 2097.922
2020-07-05 01:50:14,601 - INFO: 373 move(s) completed (142 accepted (38.0697 %)). Current N = 2096. Average N = 2097.917
2020-07-05 01:51:17,929 - INFO: 374 move(s) completed (143 accepted (38.2353 %)). Current N = 2095. Average N = 2097.909
2020-07-05 01:52:21,235 - INFO: 375 move(s) completed (144 accepted (38.4000 %)). Current N = 2096. Average N = 2097.904
2020-07-05 01:53:24,008 - INFO: 376 move(s) completed (144 accepted (38.2979 %)). Current N = 2096. Average N = 2097.899
2020-07-05 01:54:26,928 - INFO: 377 move(s) completed (144 accepted (38.1963 %)). Current N = 2096. Average N = 2097.894
2020-07-05 01:55:29,968 - INFO: 378 move(s) completed (144 accepted (38.0952 %)). Current N = 2096. Average N = 2097.889
2020-07-05 01:56:33,155 - INFO: 379 move(s) completed (144 accepted (37.9947 %)). Current N = 2096. Average N = 2097.884
2020-07-05 01:57:36,084 - INFO: 380 move(s) completed (145 accepted (38.1579 %)). Current N = 2095. Average N = 2097.876
2020-07-05 01:58:39,111 - INFO: 381 move(s) completed (145 accepted (38.0577 %)). Current N = 2095. Average N = 2097.869
2020-07-05 01:59:42,160 - INFO: 382 move(s) completed (146 accepted (38.2199 %)). Current N = 2094. Average N = 2097.859
2020-07-05 02:00:45,155 - INFO: 383 move(s) completed (146 accepted (38.1201 %)). Current N = 2094. Average N = 2097.849
2020-07-05 02:01:48,017 - INFO: 384 move(s) completed (146 accepted (38.0208 %)). Current N = 2094. Average N = 2097.838
2020-07-05 02:02:50,993 - INFO: 385 move(s) completed (147 accepted (38.1818 %)). Current N = 2095. Average N = 2097.831
2020-07-05 02:03:54,069 - INFO: 386 move(s) completed (148 accepted (38.3420 %)). Current N = 2096. Average N = 2097.826
2020-07-05 02:04:57,019 - INFO: 387 move(s) completed (149 accepted (38.5013 %)). Current N = 2095. Average N = 2097.819
2020-07-05 02:05:59,944 - INFO: 388 move(s) completed (149 accepted (38.4021 %)). Current N = 2095. Average N = 2097.812
2020-07-05 02:07:03,097 - INFO: 389 move(s) completed (150 accepted (38.5604 %)). Current N = 2094. Average N = 2097.802
2020-07-05 02:08:06,272 - INFO: 390 move(s) completed (150 accepted (38.4615 %)). Current N = 2094. Average N = 2097.792
2020-07-05 02:09:09,409 - INFO: 391 move(s) completed (151 accepted (38.6189 %)). Current N = 2095. Average N = 2097.785
2020-07-05 02:10:12,433 - INFO: 392 move(s) completed (152 accepted (38.7755 %)). Current N = 2096. Average N = 2097.781
2020-07-05 02:11:15,437 - INFO: 393 move(s) completed (153 accepted (38.9313 %)). Current N = 2097. Average N = 2097.779
2020-07-05 02:12:18,587 - INFO: 394 move(s) completed (154 accepted (39.0863 %)). Current N = 2098. Average N = 2097.779
2020-07-05 02:13:21,417 - INFO: 395 move(s) completed (155 accepted (39.2405 %)). Current N = 2099. Average N = 2097.782
2020-07-05 02:14:24,288 - INFO: 396 move(s) completed (156 accepted (39.3939 %)). Current N = 2098. Average N = 2097.783
2020-07-05 02:15:27,268 - INFO: 397 move(s) completed (156 accepted (39.2947 %)). Current N = 2098. Average N = 2097.783
2020-07-05 02:16:30,394 - INFO: 398 move(s) completed (156 accepted (39.1960 %)). Current N = 2098. Average N = 2097.784
2020-07-05 02:17:33,297 - INFO: 399 move(s) completed (157 accepted (39.3484 %)). Current N = 2099. Average N = 2097.787
2020-07-05 02:18:36,269 - INFO: 400 move(s) completed (157 accepted (39.2500 %)). Current N = 2099. Average N = 2097.790
2020-07-05 02:19:39,378 - INFO: 401 move(s) completed (157 accepted (39.1521 %)). Current N = 2099. Average N = 2097.793
2020-07-05 02:20:42,455 - INFO: 402 move(s) completed (157 accepted (39.0547 %)). Current N = 2099. Average N = 2097.796
2020-07-05 02:21:45,297 - INFO: 403 move(s) completed (158 accepted (39.2060 %)). Current N = 2100. Average N = 2097.802
2020-07-05 02:22:48,302 - INFO: 404 move(s) completed (158 accepted (39.1089 %)). Current N = 2100. Average N = 2097.807
2020-07-05 02:23:51,421 - INFO: 405 move(s) completed (159 accepted (39.2593 %)). Current N = 2099. Average N = 2097.810
2020-07-05 02:24:54,580 - INFO: 406 move(s) completed (160 accepted (39.4089 %)). Current N = 2098. Average N = 2097.810
2020-07-05 02:25:57,418 - INFO: 407 move(s) completed (160 accepted (39.3120 %)). Current N = 2098. Average N = 2097.811
2020-07-05 02:27:00,479 - INFO: 408 move(s) completed (160 accepted (39.2157 %)). Current N = 2098. Average N = 2097.811
2020-07-05 02:28:03,450 - INFO: 409 move(s) completed (160 accepted (39.1198 %)). Current N = 2098. Average N = 2097.812
2020-07-05 02:29:06,542 - INFO: 410 move(s) completed (161 accepted (39.2683 %)). Current N = 2099. Average N = 2097.815
2020-07-05 02:30:09,431 - INFO: 411 move(s) completed (161 accepted (39.1727 %)). Current N = 2099. Average N = 2097.818
2020-07-05 02:31:12,492 - INFO: 412 move(s) completed (161 accepted (39.0777 %)). Current N = 2099. Average N = 2097.820
2020-07-05 02:32:15,481 - INFO: 413 move(s) completed (161 accepted (38.9831 %)). Current N = 2099. Average N = 2097.823
2020-07-05 02:33:18,802 - INFO: 414 move(s) completed (161 accepted (38.8889 %)). Current N = 2099. Average N = 2097.826
2020-07-05 02:34:21,738 - INFO: 415 move(s) completed (162 accepted (39.0361 %)). Current N = 2098. Average N = 2097.827
2020-07-05 02:35:24,627 - INFO: 416 move(s) completed (162 accepted (38.9423 %)). Current N = 2098. Average N = 2097.827
2020-07-05 02:36:27,756 - INFO: 417 move(s) completed (162 accepted (38.8489 %)). Current N = 2098. Average N = 2097.827
2020-07-05 02:37:30,846 - INFO: 418 move(s) completed (163 accepted (38.9952 %)). Current N = 2097. Average N = 2097.825
2020-07-05 02:38:33,818 - INFO: 419 move(s) completed (164 accepted (39.1408 %)). Current N = 2096. Average N = 2097.821
2020-07-05 02:39:36,990 - INFO: 420 move(s) completed (164 accepted (39.0476 %)). Current N = 2096. Average N = 2097.817
2020-07-05 02:40:40,111 - INFO: 421 move(s) completed (164 accepted (38.9549 %)). Current N = 2096. Average N = 2097.812
2020-07-05 02:41:43,192 - INFO: 422 move(s) completed (165 accepted (39.0995 %)). Current N = 2097. Average N = 2097.810
2020-07-05 02:42:46,108 - INFO: 423 move(s) completed (165 accepted (39.0071 %)). Current N = 2097. Average N = 2097.809
2020-07-05 02:43:49,231 - INFO: 424 move(s) completed (166 accepted (39.1509 %)). Current N = 2098. Average N = 2097.809
2020-07-05 02:44:52,292 - INFO: 425 move(s) completed (166 accepted (39.0588 %)). Current N = 2098. Average N = 2097.809
2020-07-05 02:45:55,578 - INFO: 426 move(s) completed (166 accepted (38.9671 %)). Current N = 2098. Average N = 2097.810
2020-07-05 02:46:58,424 - INFO: 427 move(s) completed (167 accepted (39.1101 %)). Current N = 2099. Average N = 2097.813
2020-07-05 02:48:01,518 - INFO: 428 move(s) completed (167 accepted (39.0187 %)). Current N = 2099. Average N = 2097.815
2020-07-05 02:49:04,567 - INFO: 429 move(s) completed (168 accepted (39.1608 %)). Current N = 2098. Average N = 2097.816
2020-07-05 02:50:07,606 - INFO: 430 move(s) completed (168 accepted (39.0698 %)). Current N = 2098. Average N = 2097.816
2020-07-05 02:51:10,613 - INFO: 431 move(s) completed (169 accepted (39.2111 %)). Current N = 2097. Average N = 2097.814
2020-07-05 02:52:13,629 - INFO: 432 move(s) completed (169 accepted (39.1204 %)). Current N = 2097. Average N = 2097.812
2020-07-05 02:53:16,710 - INFO: 433 move(s) completed (170 accepted (39.2610 %)). Current N = 2098. Average N = 2097.813
2020-07-05 02:54:19,478 - INFO: 434 move(s) completed (171 accepted (39.4009 %)). Current N = 2099. Average N = 2097.816
2020-07-05 02:55:22,307 - INFO: 435 move(s) completed (171 accepted (39.3103 %)). Current N = 2099. Average N = 2097.818
2020-07-05 02:56:25,385 - INFO: 436 move(s) completed (171 accepted (39.2202 %)). Current N = 2099. Average N = 2097.821
2020-07-05 02:57:28,438 - INFO: 437 move(s) completed (172 accepted (39.3593 %)). Current N = 2098. Average N = 2097.822
2020-07-05 02:58:31,323 - INFO: 438 move(s) completed (172 accepted (39.2694 %)). Current N = 2098. Average N = 2097.822
2020-07-05 02:59:34,138 - INFO: 439 move(s) completed (173 accepted (39.4077 %)). Current N = 2099. Average N = 2097.825
2020-07-05 03:00:37,041 - INFO: 440 move(s) completed (173 accepted (39.3182 %)). Current N = 2099. Average N = 2097.827
2020-07-05 03:01:40,056 - INFO: 441 move(s) completed (173 accepted (39.2290 %)). Current N = 2099. Average N = 2097.830
2020-07-05 03:02:42,887 - INFO: 442 move(s) completed (174 accepted (39.3665 %)). Current N = 2100. Average N = 2097.835
2020-07-05 03:03:45,942 - INFO: 443 move(s) completed (174 accepted (39.2777 %)). Current N = 2100. Average N = 2097.840
2020-07-05 03:04:48,874 - INFO: 444 move(s) completed (174 accepted (39.1892 %)). Current N = 2100. Average N = 2097.845
2020-07-05 03:05:51,986 - INFO: 445 move(s) completed (174 accepted (39.1011 %)). Current N = 2100. Average N = 2097.849
2020-07-05 03:06:54,869 - INFO: 446 move(s) completed (174 accepted (39.0135 %)). Current N = 2100. Average N = 2097.854
2020-07-05 03:07:57,799 - INFO: 447 move(s) completed (175 accepted (39.1499 %)). Current N = 2101. Average N = 2097.861
2020-07-05 03:09:00,772 - INFO: 448 move(s) completed (175 accepted (39.0625 %)). Current N = 2101. Average N = 2097.868
2020-07-05 03:10:03,907 - INFO: 449 move(s) completed (175 accepted (38.9755 %)). Current N = 2101. Average N = 2097.875
2020-07-05 03:11:06,759 - INFO: 450 move(s) completed (175 accepted (38.8889 %)). Current N = 2101. Average N = 2097.882
2020-07-05 03:12:09,629 - INFO: 451 move(s) completed (175 accepted (38.8027 %)). Current N = 2101. Average N = 2097.889
2020-07-05 03:13:12,645 - INFO: 452 move(s) completed (175 accepted (38.7168 %)). Current N = 2101. Average N = 2097.896
2020-07-05 03:14:15,599 - INFO: 453 move(s) completed (176 accepted (38.8521 %)). Current N = 2102. Average N = 2097.905
2020-07-05 03:15:18,356 - INFO: 454 move(s) completed (176 accepted (38.7665 %)). Current N = 2102. Average N = 2097.914
2020-07-05 03:16:21,315 - INFO: 455 move(s) completed (176 accepted (38.6813 %)). Current N = 2102. Average N = 2097.923
2020-07-05 03:17:24,292 - INFO: 456 move(s) completed (176 accepted (38.5965 %)). Current N = 2102. Average N = 2097.932
2020-07-05 03:18:27,294 - INFO: 457 move(s) completed (176 accepted (38.5120 %)). Current N = 2102. Average N = 2097.941
2020-07-05 03:19:30,002 - INFO: 458 move(s) completed (177 accepted (38.6463 %)). Current N = 2101. Average N = 2097.948
2020-07-05 03:20:32,731 - INFO: 459 move(s) completed (178 accepted (38.7800 %)). Current N = 2102. Average N = 2097.956
2020-07-05 03:21:35,679 - INFO: 460 move(s) completed (178 accepted (38.6957 %)). Current N = 2102. Average N = 2097.965
2020-07-05 03:22:38,630 - INFO: 461 move(s) completed (179 accepted (38.8286 %)). Current N = 2101. Average N = 2097.972
2020-07-05 03:23:41,159 - INFO: 462 move(s) completed (179 accepted (38.7446 %)). Current N = 2101. Average N = 2097.978
2020-07-05 03:24:43,863 - INFO: 463 move(s) completed (179 accepted (38.6609 %)). Current N = 2101. Average N = 2097.985
2020-07-05 03:25:46,856 - INFO: 464 move(s) completed (179 accepted (38.5776 %)). Current N = 2101. Average N = 2097.991
2020-07-05 03:26:49,867 - INFO: 465 move(s) completed (180 accepted (38.7097 %)). Current N = 2100. Average N = 2097.996
2020-07-05 03:27:52,676 - INFO: 466 move(s) completed (180 accepted (38.6266 %)). Current N = 2100. Average N = 2098.000
2020-07-05 03:28:55,506 - INFO: 467 move(s) completed (180 accepted (38.5439 %)). Current N = 2100. Average N = 2098.004
2020-07-05 03:29:58,540 - INFO: 468 move(s) completed (181 accepted (38.6752 %)). Current N = 2099. Average N = 2098.006
2020-07-05 03:31:01,512 - INFO: 469 move(s) completed (182 accepted (38.8060 %)). Current N = 2098. Average N = 2098.006
2020-07-05 03:32:04,221 - INFO: 470 move(s) completed (183 accepted (38.9362 %)). Current N = 2097. Average N = 2098.004
2020-07-05 03:33:07,142 - INFO: 471 move(s) completed (184 accepted (39.0658 %)). Current N = 2098. Average N = 2098.004
2020-07-05 03:34:10,233 - INFO: 472 move(s) completed (184 accepted (38.9831 %)). Current N = 2098. Average N = 2098.004
2020-07-05 03:35:13,504 - INFO: 473 move(s) completed (184 accepted (38.9006 %)). Current N = 2098. Average N = 2098.004
2020-07-05 03:36:16,527 - INFO: 474 move(s) completed (184 accepted (38.8186 %)). Current N = 2098. Average N = 2098.004
2020-07-05 03:37:19,583 - INFO: 475 move(s) completed (185 accepted (38.9474 %)). Current N = 2099. Average N = 2098.006
2020-07-05 03:38:22,581 - INFO: 476 move(s) completed (185 accepted (38.8655 %)). Current N = 2099. Average N = 2098.008
2020-07-05 03:39:25,855 - INFO: 477 move(s) completed (186 accepted (38.9937 %)). Current N = 2100. Average N = 2098.013
2020-07-05 03:40:28,780 - INFO: 478 move(s) completed (187 accepted (39.1213 %)). Current N = 2101. Average N = 2098.019
2020-07-05 03:41:31,793 - INFO: 479 move(s) completed (188 accepted (39.2484 %)). Current N = 2100. Average N = 2098.023
2020-07-05 03:42:34,732 - INFO: 480 move(s) completed (189 accepted (39.3750 %)). Current N = 2099. Average N = 2098.025
2020-07-05 03:43:37,664 - INFO: 481 move(s) completed (190 accepted (39.5010 %)). Current N = 2100. Average N = 2098.029
2020-07-05 03:44:40,528 - INFO: 482 move(s) completed (190 accepted (39.4191 %)). Current N = 2100. Average N = 2098.033
2020-07-05 03:45:43,496 - INFO: 483 move(s) completed (190 accepted (39.3375 %)). Current N = 2100. Average N = 2098.037
2020-07-05 03:46:46,366 - INFO: 484 move(s) completed (191 accepted (39.4628 %)). Current N = 2099. Average N = 2098.039
2020-07-05 03:47:49,438 - INFO: 485 move(s) completed (192 accepted (39.5876 %)). Current N = 2098. Average N = 2098.039
2020-07-05 03:48:52,093 - INFO: 486 move(s) completed (192 accepted (39.5062 %)). Current N = 2098. Average N = 2098.039
2020-07-05 03:49:54,914 - INFO: 487 move(s) completed (192 accepted (39.4251 %)). Current N = 2098. Average N = 2098.039
2020-07-05 03:50:57,889 - INFO: 488 move(s) completed (193 accepted (39.5492 %)). Current N = 2099. Average N = 2098.041
2020-07-05 03:52:00,535 - INFO: 489 move(s) completed (193 accepted (39.4683 %)). Current N = 2099. Average N = 2098.043
2020-07-05 03:53:03,288 - INFO: 490 move(s) completed (194 accepted (39.5918 %)). Current N = 2098. Average N = 2098.043
2020-07-05 03:54:06,104 - INFO: 491 move(s) completed (195 accepted (39.7149 %)). Current N = 2099. Average N = 2098.045
2020-07-05 03:55:08,959 - INFO: 492 move(s) completed (196 accepted (39.8374 %)). Current N = 2098. Average N = 2098.045
2020-07-05 03:56:11,637 - INFO: 493 move(s) completed (196 accepted (39.7566 %)). Current N = 2098. Average N = 2098.045
2020-07-05 03:57:14,397 - INFO: 494 move(s) completed (196 accepted (39.6761 %)). Current N = 2098. Average N = 2098.044
2020-07-05 03:58:17,215 - INFO: 495 move(s) completed (197 accepted (39.7980 %)). Current N = 2097. Average N = 2098.042
2020-07-05 03:59:20,133 - INFO: 496 move(s) completed (197 accepted (39.7177 %)). Current N = 2097. Average N = 2098.040
2020-07-05 04:00:22,967 - INFO: 497 move(s) completed (198 accepted (39.8390 %)). Current N = 2098. Average N = 2098.040
2020-07-05 04:01:25,760 - INFO: 498 move(s) completed (198 accepted (39.7590 %)). Current N = 2098. Average N = 2098.040
2020-07-05 04:02:28,602 - INFO: 499 move(s) completed (199 accepted (39.8798 %)). Current N = 2099. Average N = 2098.042
2020-07-05 04:03:31,503 - INFO: 500 move(s) completed (199 accepted (39.8000 %)). Current N = 2099. Average N = 2098.044
2020-07-05 04:04:34,138 - INFO: 501 move(s) completed (200 accepted (39.9202 %)). Current N = 2098. Average N = 2098.044
2020-07-05 04:05:36,932 - INFO: 502 move(s) completed (200 accepted (39.8406 %)). Current N = 2098. Average N = 2098.044
2020-07-05 04:06:39,678 - INFO: 503 move(s) completed (200 accepted (39.7614 %)). Current N = 2098. Average N = 2098.044
2020-07-05 04:07:42,572 - INFO: 504 move(s) completed (200 accepted (39.6825 %)). Current N = 2098. Average N = 2098.044
2020-07-05 04:08:45,179 - INFO: 505 move(s) completed (200 accepted (39.6040 %)). Current N = 2098. Average N = 2098.044
2020-07-05 04:09:47,860 - INFO: 506 move(s) completed (201 accepted (39.7233 %)). Current N = 2097. Average N = 2098.041
2020-07-05 04:10:50,597 - INFO: 507 move(s) completed (201 accepted (39.6450 %)). Current N = 2097. Average N = 2098.039
2020-07-05 04:11:53,609 - INFO: 508 move(s) completed (202 accepted (39.7638 %)). Current N = 2098. Average N = 2098.039
2020-07-05 04:12:56,230 - INFO: 509 move(s) completed (202 accepted (39.6857 %)). Current N = 2098. Average N = 2098.039
2020-07-05 04:13:58,928 - INFO: 510 move(s) completed (202 accepted (39.6078 %)). Current N = 2098. Average N = 2098.039
2020-07-05 04:15:01,796 - INFO: 511 move(s) completed (202 accepted (39.5303 %)). Current N = 2098. Average N = 2098.039
2020-07-05 04:16:04,682 - INFO: 512 move(s) completed (202 accepted (39.4531 %)). Current N = 2098. Average N = 2098.039
2020-07-05 04:17:07,440 - INFO: 513 move(s) completed (202 accepted (39.3762 %)). Current N = 2098. Average N = 2098.039
2020-07-05 04:18:10,241 - INFO: 514 move(s) completed (202 accepted (39.2996 %)). Current N = 2098. Average N = 2098.039
2020-07-05 04:19:13,019 - INFO: 515 move(s) completed (202 accepted (39.2233 %)). Current N = 2098. Average N = 2098.039
2020-07-05 04:20:15,886 - INFO: 516 move(s) completed (203 accepted (39.3411 %)). Current N = 2097. Average N = 2098.037
2020-07-05 04:21:18,584 - INFO: 517 move(s) completed (204 accepted (39.4584 %)). Current N = 2096. Average N = 2098.033
2020-07-05 04:22:21,400 - INFO: 518 move(s) completed (204 accepted (39.3822 %)). Current N = 2096. Average N = 2098.029
2020-07-05 04:23:24,364 - INFO: 519 move(s) completed (205 accepted (39.4990 %)). Current N = 2095. Average N = 2098.023
2020-07-05 04:24:27,442 - INFO: 520 move(s) completed (205 accepted (39.4231 %)). Current N = 2095. Average N = 2098.017
2020-07-05 04:25:30,126 - INFO: 521 move(s) completed (205 accepted (39.3474 %)). Current N = 2095. Average N = 2098.012
2020-07-05 04:26:32,913 - INFO: 522 move(s) completed (206 accepted (39.4636 %)). Current N = 2096. Average N = 2098.008
2020-07-05 04:27:35,868 - INFO: 523 move(s) completed (206 accepted (39.3881 %)). Current N = 2096. Average N = 2098.004
2020-07-05 04:28:38,863 - INFO: 524 move(s) completed (206 accepted (39.3130 %)). Current N = 2096. Average N = 2098.000
2020-07-05 04:29:41,604 - INFO: 525 move(s) completed (206 accepted (39.2381 %)). Current N = 2096. Average N = 2097.996
2020-07-05 04:30:44,423 - INFO: 526 move(s) completed (207 accepted (39.3536 %)). Current N = 2095. Average N = 2097.990
2020-07-05 04:31:47,257 - INFO: 527 move(s) completed (207 accepted (39.2789 %)). Current N = 2095. Average N = 2097.985
2020-07-05 04:32:50,283 - INFO: 528 move(s) completed (208 accepted (39.3939 %)). Current N = 2094. Average N = 2097.977
2020-07-05 04:33:52,984 - INFO: 529 move(s) completed (208 accepted (39.3195 %)). Current N = 2094. Average N = 2097.970
2020-07-05 04:34:55,763 - INFO: 530 move(s) completed (209 accepted (39.4340 %)). Current N = 2095. Average N = 2097.964
2020-07-05 04:35:58,590 - INFO: 531 move(s) completed (210 accepted (39.5480 %)). Current N = 2094. Average N = 2097.957
2020-07-05 04:37:01,536 - INFO: 532 move(s) completed (210 accepted (39.4737 %)). Current N = 2094. Average N = 2097.949
2020-07-05 04:38:04,232 - INFO: 533 move(s) completed (211 accepted (39.5872 %)). Current N = 2093. Average N = 2097.940
2020-07-05 04:39:07,193 - INFO: 534 move(s) completed (211 accepted (39.5131 %)). Current N = 2093. Average N = 2097.931
2020-07-05 04:40:10,196 - INFO: 535 move(s) completed (212 accepted (39.6262 %)). Current N = 2094. Average N = 2097.923
2020-07-05 04:41:13,155 - INFO: 536 move(s) completed (213 accepted (39.7388 %)). Current N = 2093. Average N = 2097.914
2020-07-05 04:42:15,996 - INFO: 537 move(s) completed (214 accepted (39.8510 %)). Current N = 2092. Average N = 2097.903
2020-07-05 04:43:18,890 - INFO: 538 move(s) completed (214 accepted (39.7770 %)). Current N = 2092. Average N = 2097.892
2020-07-05 04:44:21,865 - INFO: 539 move(s) completed (214 accepted (39.7032 %)). Current N = 2092. Average N = 2097.881
2020-07-05 04:45:24,641 - INFO: 540 move(s) completed (214 accepted (39.6296 %)). Current N = 2092. Average N = 2097.870
2020-07-05 04:46:27,402 - INFO: 541 move(s) completed (214 accepted (39.5564 %)). Current N = 2092. Average N = 2097.860
2020-07-05 04:47:30,321 - INFO: 542 move(s) completed (215 accepted (39.6679 %)). Current N = 2091. Average N = 2097.847
2020-07-05 04:48:33,196 - INFO: 543 move(s) completed (215 accepted (39.5948 %)). Current N = 2091. Average N = 2097.834
2020-07-05 04:49:35,951 - INFO: 544 move(s) completed (215 accepted (39.5221 %)). Current N = 2091. Average N = 2097.822
2020-07-05 04:50:38,854 - INFO: 545 move(s) completed (215 accepted (39.4495 %)). Current N = 2091. Average N = 2097.809
2020-07-05 04:51:41,820 - INFO: 546 move(s) completed (216 accepted (39.5604 %)). Current N = 2092. Average N = 2097.798
2020-07-05 04:52:44,695 - INFO: 547 move(s) completed (216 accepted (39.4881 %)). Current N = 2092. Average N = 2097.788
2020-07-05 04:53:47,501 - INFO: 548 move(s) completed (216 accepted (39.4161 %)). Current N = 2092. Average N = 2097.777
2020-07-05 04:54:50,222 - INFO: 549 move(s) completed (216 accepted (39.3443 %)). Current N = 2092. Average N = 2097.767
2020-07-05 04:55:53,383 - INFO: 550 move(s) completed (216 accepted (39.2727 %)). Current N = 2092. Average N = 2097.756
2020-07-05 04:56:56,403 - INFO: 551 move(s) completed (216 accepted (39.2015 %)). Current N = 2092. Average N = 2097.746
2020-07-05 04:57:59,096 - INFO: 552 move(s) completed (217 accepted (39.3116 %)). Current N = 2091. Average N = 2097.734
2020-07-05 04:59:01,885 - INFO: 553 move(s) completed (218 accepted (39.4213 %)). Current N = 2092. Average N = 2097.723
2020-07-05 05:00:04,791 - INFO: 554 move(s) completed (219 accepted (39.5307 %)). Current N = 2093. Average N = 2097.715
2020-07-05 05:01:07,740 - INFO: 555 move(s) completed (220 accepted (39.6396 %)). Current N = 2092. Average N = 2097.704
2020-07-05 05:02:10,498 - INFO: 556 move(s) completed (220 accepted (39.5683 %)). Current N = 2092. Average N = 2097.694
2020-07-05 05:03:13,200 - INFO: 557 move(s) completed (221 accepted (39.6768 %)). Current N = 2093. Average N = 2097.686
2020-07-05 05:04:16,075 - INFO: 558 move(s) completed (221 accepted (39.6057 %)). Current N = 2093. Average N = 2097.677
2020-07-05 05:05:18,999 - INFO: 559 move(s) completed (221 accepted (39.5349 %)). Current N = 2093. Average N = 2097.669
2020-07-05 05:06:21,610 - INFO: 560 move(s) completed (221 accepted (39.4643 %)). Current N = 2093. Average N = 2097.661
2020-07-05 05:07:24,248 - INFO: 561 move(s) completed (221 accepted (39.3939 %)). Current N = 2093. Average N = 2097.652
2020-07-05 05:08:27,166 - INFO: 562 move(s) completed (222 accepted (39.5018 %)). Current N = 2094. Average N = 2097.646
2020-07-05 05:09:30,136 - INFO: 563 move(s) completed (222 accepted (39.4316 %)). Current N = 2094. Average N = 2097.639
2020-07-05 05:10:32,880 - INFO: 564 move(s) completed (223 accepted (39.5390 %)). Current N = 2093. Average N = 2097.631
2020-07-05 05:11:35,610 - INFO: 565 move(s) completed (223 accepted (39.4690 %)). Current N = 2093. Average N = 2097.623
2020-07-05 05:12:38,636 - INFO: 566 move(s) completed (223 accepted (39.3993 %)). Current N = 2093. Average N = 2097.615
2020-07-05 05:13:41,608 - INFO: 567 move(s) completed (223 accepted (39.3298 %)). Current N = 2093. Average N = 2097.607
2020-07-05 05:14:44,304 - INFO: 568 move(s) completed (223 accepted (39.2606 %)). Current N = 2093. Average N = 2097.599
2020-07-05 05:15:47,160 - INFO: 569 move(s) completed (223 accepted (39.1916 %)). Current N = 2093. Average N = 2097.590
2020-07-05 05:16:50,068 - INFO: 570 move(s) completed (224 accepted (39.2982 %)). Current N = 2094. Average N = 2097.584
2020-07-05 05:17:53,103 - INFO: 571 move(s) completed (224 accepted (39.2294 %)). Current N = 2094. Average N = 2097.578
2020-07-05 05:18:55,754 - INFO: 572 move(s) completed (225 accepted (39.3357 %)). Current N = 2093. Average N = 2097.570
2020-07-05 05:19:58,466 - INFO: 573 move(s) completed (226 accepted (39.4415 %)). Current N = 2094. Average N = 2097.564
2020-07-05 05:21:01,504 - INFO: 574 move(s) completed (226 accepted (39.3728 %)). Current N = 2094. Average N = 2097.557
2020-07-05 05:22:04,652 - INFO: 575 move(s) completed (226 accepted (39.3043 %)). Current N = 2094. Average N = 2097.551
2020-07-05 05:23:07,434 - INFO: 576 move(s) completed (226 accepted (39.2361 %)). Current N = 2094. Average N = 2097.545
2020-07-05 05:24:10,270 - INFO: 577 move(s) completed (226 accepted (39.1681 %)). Current N = 2094. Average N = 2097.539
2020-07-05 05:25:13,245 - INFO: 578 move(s) completed (226 accepted (39.1003 %)). Current N = 2094. Average N = 2097.533
2020-07-05 05:26:16,423 - INFO: 579 move(s) completed (226 accepted (39.0328 %)). Current N = 2094. Average N = 2097.527
2020-07-05 05:27:19,319 - INFO: 580 move(s) completed (226 accepted (38.9655 %)). Current N = 2094. Average N = 2097.521
2020-07-05 05:28:22,025 - INFO: 581 move(s) completed (226 accepted (38.8985 %)). Current N = 2094. Average N = 2097.515
2020-07-05 05:29:24,951 - INFO: 582 move(s) completed (226 accepted (38.8316 %)). Current N = 2094. Average N = 2097.509
2020-07-05 05:30:27,883 - INFO: 583 move(s) completed (227 accepted (38.9365 %)). Current N = 2093. Average N = 2097.501
2020-07-05 05:31:30,547 - INFO: 584 move(s) completed (227 accepted (38.8699 %)). Current N = 2093. Average N = 2097.493
2020-07-05 05:32:33,404 - INFO: 585 move(s) completed (227 accepted (38.8034 %)). Current N = 2093. Average N = 2097.485
2020-07-05 05:33:36,228 - INFO: 586 move(s) completed (227 accepted (38.7372 %)). Current N = 2093. Average N = 2097.478
2020-07-05 05:34:39,424 - INFO: 587 move(s) completed (227 accepted (38.6712 %)). Current N = 2093. Average N = 2097.470
2020-07-05 05:35:42,141 - INFO: 588 move(s) completed (227 accepted (38.6054 %)). Current N = 2093. Average N = 2097.463
2020-07-05 05:36:45,027 - INFO: 589 move(s) completed (228 accepted (38.7097 %)). Current N = 2094. Average N = 2097.457
2020-07-05 05:37:47,918 - INFO: 590 move(s) completed (228 accepted (38.6441 %)). Current N = 2094. Average N = 2097.451
2020-07-05 05:38:50,887 - INFO: 591 move(s) completed (228 accepted (38.5787 %)). Current N = 2094. Average N = 2097.445
2020-07-05 05:39:53,507 - INFO: 592 move(s) completed (229 accepted (38.6824 %)). Current N = 2093. Average N = 2097.438
2020-07-05 05:40:56,211 - INFO: 593 move(s) completed (229 accepted (38.6172 %)). Current N = 2093. Average N = 2097.430
2020-07-05 05:41:59,095 - INFO: 594 move(s) completed (229 accepted (38.5522 %)). Current N = 2093. Average N = 2097.423
2020-07-05 05:43:02,068 - INFO: 595 move(s) completed (230 accepted (38.6555 %)). Current N = 2094. Average N = 2097.417
2020-07-05 05:44:04,831 - INFO: 596 move(s) completed (231 accepted (38.7584 %)). Current N = 2095. Average N = 2097.413
2020-07-05 05:45:07,593 - INFO: 597 move(s) completed (231 accepted (38.6935 %)). Current N = 2095. Average N = 2097.409
2020-07-05 05:46:10,488 - INFO: 598 move(s) completed (231 accepted (38.6288 %)). Current N = 2095. Average N = 2097.405
2020-07-05 05:47:13,494 - INFO: 599 move(s) completed (231 accepted (38.5643 %)). Current N = 2095. Average N = 2097.401
2020-07-05 05:48:16,204 - INFO: 600 move(s) completed (231 accepted (38.5000 %)). Current N = 2095. Average N = 2097.397
2020-07-05 05:49:18,983 - INFO: 601 move(s) completed (231 accepted (38.4359 %)). Current N = 2095. Average N = 2097.393
2020-07-05 05:50:21,846 - INFO: 602 move(s) completed (232 accepted (38.5382 %)). Current N = 2094. Average N = 2097.387
2020-07-05 05:51:24,511 - INFO: 603 move(s) completed (232 accepted (38.4743 %)). Current N = 2094. Average N = 2097.381
2020-07-05 05:52:27,282 - INFO: 604 move(s) completed (232 accepted (38.4106 %)). Current N = 2094. Average N = 2097.376
2020-07-05 05:53:30,140 - INFO: 605 move(s) completed (232 accepted (38.3471 %)). Current N = 2094. Average N = 2097.370
2020-07-05 05:54:32,995 - INFO: 606 move(s) completed (233 accepted (38.4488 %)). Current N = 2095. Average N = 2097.366
2020-07-05 05:55:35,524 - INFO: 607 move(s) completed (234 accepted (38.5502 %)). Current N = 2096. Average N = 2097.364
2020-07-05 05:56:38,170 - INFO: 608 move(s) completed (235 accepted (38.6513 %)). Current N = 2097. Average N = 2097.363
2020-07-05 05:57:41,013 - INFO: 609 move(s) completed (235 accepted (38.5878 %)). Current N = 2097. Average N = 2097.363
2020-07-05 05:58:43,951 - INFO: 610 move(s) completed (235 accepted (38.5246 %)). Current N = 2097. Average N = 2097.362
2020-07-05 05:59:46,617 - INFO: 611 move(s) completed (235 accepted (38.4615 %)). Current N = 2097. Average N = 2097.362
2020-07-05 06:00:49,345 - INFO: 612 move(s) completed (236 accepted (38.5621 %)). Current N = 2098. Average N = 2097.363
2020-07-05 06:01:52,052 - INFO: 613 move(s) completed (237 accepted (38.6623 %)). Current N = 2097. Average N = 2097.362
2020-07-05 06:02:54,835 - INFO: 614 move(s) completed (238 accepted (38.7622 %)). Current N = 2098. Average N = 2097.363
2020-07-05 06:03:57,299 - INFO: 615 move(s) completed (238 accepted (38.6992 %)). Current N = 2098. Average N = 2097.364
2020-07-05 06:04:59,872 - INFO: 616 move(s) completed (239 accepted (38.7987 %)). Current N = 2099. Average N = 2097.367
2020-07-05 06:06:02,637 - INFO: 617 move(s) completed (239 accepted (38.7358 %)). Current N = 2099. Average N = 2097.369
2020-07-05 06:07:05,536 - INFO: 618 move(s) completed (239 accepted (38.6731 %)). Current N = 2099. Average N = 2097.372
2020-07-05 06:08:08,022 - INFO: 619 move(s) completed (239 accepted (38.6107 %)). Current N = 2099. Average N = 2097.375
2020-07-05 06:09:10,589 - INFO: 620 move(s) completed (240 accepted (38.7097 %)). Current N = 2100. Average N = 2097.379
2020-07-05 06:10:13,288 - INFO: 621 move(s) completed (241 accepted (38.8084 %)). Current N = 2099. Average N = 2097.382
2020-07-05 06:11:16,243 - INFO: 622 move(s) completed (241 accepted (38.7460 %)). Current N = 2099. Average N = 2097.384
2020-07-05 06:12:18,932 - INFO: 623 move(s) completed (242 accepted (38.8443 %)). Current N = 2098. Average N = 2097.385
2020-07-05 06:13:21,807 - INFO: 624 move(s) completed (242 accepted (38.7821 %)). Current N = 2098. Average N = 2097.386
2020-07-05 06:14:24,546 - INFO: 625 move(s) completed (243 accepted (38.8800 %)). Current N = 2099. Average N = 2097.389
2020-07-05 06:15:27,472 - INFO: 626 move(s) completed (244 accepted (38.9776 %)). Current N = 2100. Average N = 2097.393
2020-07-05 06:16:30,094 - INFO: 627 move(s) completed (244 accepted (38.9155 %)). Current N = 2100. Average N = 2097.397
2020-07-05 06:17:32,716 - INFO: 628 move(s) completed (244 accepted (38.8535 %)). Current N = 2100. Average N = 2097.401
2020-07-05 06:18:35,387 - INFO: 629 move(s) completed (245 accepted (38.9507 %)). Current N = 2099. Average N = 2097.404
2020-07-05 06:19:38,233 - INFO: 630 move(s) completed (245 accepted (38.8889 %)). Current N = 2099. Average N = 2097.406
2020-07-05 06:20:40,841 - INFO: 631 move(s) completed (246 accepted (38.9857 %)). Current N = 2100. Average N = 2097.410
2020-07-05 06:21:43,462 - INFO: 632 move(s) completed (246 accepted (38.9241 %)). Current N = 2100. Average N = 2097.415
2020-07-05 06:22:46,308 - INFO: 633 move(s) completed (246 accepted (38.8626 %)). Current N = 2100. Average N = 2097.419
2020-07-05 06:23:49,111 - INFO: 634 move(s) completed (246 accepted (38.8013 %)). Current N = 2100. Average N = 2097.423
2020-07-05 06:24:51,739 - INFO: 635 move(s) completed (246 accepted (38.7402 %)). Current N = 2100. Average N = 2097.427
2020-07-05 06:25:54,455 - INFO: 636 move(s) completed (247 accepted (38.8365 %)). Current N = 2099. Average N = 2097.429
2020-07-05 06:26:57,328 - INFO: 637 move(s) completed (247 accepted (38.7755 %)). Current N = 2099. Average N = 2097.432
2020-07-05 06:28:00,238 - INFO: 638 move(s) completed (247 accepted (38.7147 %)). Current N = 2099. Average N = 2097.434
2020-07-05 06:29:02,875 - INFO: 639 move(s) completed (247 accepted (38.6541 %)). Current N = 2099. Average N = 2097.437
2020-07-05 06:30:05,582 - INFO: 640 move(s) completed (247 accepted (38.5938 %)). Current N = 2099. Average N = 2097.439
2020-07-05 06:31:08,400 - INFO: 641 move(s) completed (247 accepted (38.5335 %)). Current N = 2099. Average N = 2097.441
2020-07-05 06:32:11,350 - INFO: 642 move(s) completed (247 accepted (38.4735 %)). Current N = 2099. Average N = 2097.444
2020-07-05 06:33:14,023 - INFO: 643 move(s) completed (248 accepted (38.5692 %)). Current N = 2100. Average N = 2097.448
2020-07-05 06:34:16,776 - INFO: 644 move(s) completed (248 accepted (38.5093 %)). Current N = 2100. Average N = 2097.452
2020-07-05 06:35:19,676 - INFO: 645 move(s) completed (249 accepted (38.6047 %)). Current N = 2101. Average N = 2097.457
2020-07-05 06:36:22,541 - INFO: 646 move(s) completed (250 accepted (38.6997 %)). Current N = 2102. Average N = 2097.464
2020-07-05 06:37:25,166 - INFO: 647 move(s) completed (250 accepted (38.6399 %)). Current N = 2102. Average N = 2097.471
2020-07-05 06:38:27,856 - INFO: 648 move(s) completed (251 accepted (38.7346 %)). Current N = 2103. Average N = 2097.480
2020-07-05 06:39:30,570 - INFO: 649 move(s) completed (252 accepted (38.8290 %)). Current N = 2104. Average N = 2097.490
2020-07-05 06:40:33,360 - INFO: 650 move(s) completed (252 accepted (38.7692 %)). Current N = 2104. Average N = 2097.500
2020-07-05 06:41:35,815 - INFO: 651 move(s) completed (253 accepted (38.8633 %)). Current N = 2103. Average N = 2097.508
2020-07-05 06:42:38,497 - INFO: 652 move(s) completed (254 accepted (38.9571 %)). Current N = 2102. Average N = 2097.515
2020-07-05 06:43:41,230 - INFO: 653 move(s) completed (255 accepted (39.0505 %)). Current N = 2101. Average N = 2097.521
2020-07-05 06:44:43,710 - INFO: 654 move(s) completed (255 accepted (38.9908 %)). Current N = 2101. Average N = 2097.526
2020-07-05 06:45:46,284 - INFO: 655 move(s) completed (255 accepted (38.9313 %)). Current N = 2101. Average N = 2097.531
2020-07-05 06:46:49,071 - INFO: 656 move(s) completed (255 accepted (38.8720 %)). Current N = 2101. Average N = 2097.537
2020-07-05 06:47:51,798 - INFO: 657 move(s) completed (256 accepted (38.9650 %)). Current N = 2102. Average N = 2097.543
2020-07-05 06:48:54,248 - INFO: 658 move(s) completed (256 accepted (38.9058 %)). Current N = 2102. Average N = 2097.550
2020-07-05 06:49:56,774 - INFO: 659 move(s) completed (256 accepted (38.8467 %)). Current N = 2102. Average N = 2097.557
2020-07-05 06:50:59,461 - INFO: 660 move(s) completed (256 accepted (38.7879 %)). Current N = 2102. Average N = 2097.564
2020-07-05 06:52:02,299 - INFO: 661 move(s) completed (257 accepted (38.8805 %)). Current N = 2103. Average N = 2097.572
2020-07-05 06:53:04,735 - INFO: 662 move(s) completed (258 accepted (38.9728 %)). Current N = 2102. Average N = 2097.579
2020-07-05 06:54:07,355 - INFO: 663 move(s) completed (259 accepted (39.0649 %)). Current N = 2101. Average N = 2097.584
2020-07-05 06:55:10,021 - INFO: 664 move(s) completed (259 accepted (39.0060 %)). Current N = 2101. Average N = 2097.589
2020-07-05 06:56:12,795 - INFO: 665 move(s) completed (259 accepted (38.9474 %)). Current N = 2101. Average N = 2097.594
2020-07-05 06:57:15,254 - INFO: 666 move(s) completed (259 accepted (38.8889 %)). Current N = 2101. Average N = 2097.599
2020-07-05 06:58:18,067 - INFO: 667 move(s) completed (260 accepted (38.9805 %)). Current N = 2100. Average N = 2097.603
2020-07-05 06:59:20,844 - INFO: 668 move(s) completed (260 accepted (38.9222 %)). Current N = 2100. Average N = 2097.606
2020-07-05 07:00:23,681 - INFO: 669 move(s) completed (261 accepted (39.0135 %)). Current N = 2099. Average N = 2097.608
2020-07-05 07:01:26,401 - INFO: 670 move(s) completed (261 accepted (38.9552 %)). Current N = 2099. Average N = 2097.610
2020-07-05 07:02:29,223 - INFO: 671 move(s) completed (261 accepted (38.8972 %)). Current N = 2099. Average N = 2097.613
2020-07-05 07:03:32,232 - INFO: 672 move(s) completed (262 accepted (38.9881 %)). Current N = 2100. Average N = 2097.616
2020-07-05 07:04:35,096 - INFO: 673 move(s) completed (263 accepted (39.0788 %)). Current N = 2101. Average N = 2097.621
2020-07-05 07:05:37,673 - INFO: 674 move(s) completed (264 accepted (39.1691 %)). Current N = 2100. Average N = 2097.625
2020-07-05 07:06:40,327 - INFO: 675 move(s) completed (264 accepted (39.1111 %)). Current N = 2100. Average N = 2097.628
2020-07-05 07:07:43,091 - INFO: 676 move(s) completed (264 accepted (39.0533 %)). Current N = 2100. Average N = 2097.632
2020-07-05 07:08:46,011 - INFO: 677 move(s) completed (264 accepted (38.9956 %)). Current N = 2100. Average N = 2097.635
2020-07-05 07:09:48,599 - INFO: 678 move(s) completed (264 accepted (38.9381 %)). Current N = 2100. Average N = 2097.639
2020-07-05 07:10:51,258 - INFO: 679 move(s) completed (264 accepted (38.8807 %)). Current N = 2100. Average N = 2097.642
2020-07-05 07:11:54,138 - INFO: 680 move(s) completed (264 accepted (38.8235 %)). Current N = 2100. Average N = 2097.646
2020-07-05 07:12:57,205 - INFO: 681 move(s) completed (265 accepted (38.9134 %)). Current N = 2099. Average N = 2097.648
2020-07-05 07:13:59,823 - INFO: 682 move(s) completed (265 accepted (38.8563 %)). Current N = 2099. Average N = 2097.650
2020-07-05 07:15:02,651 - INFO: 683 move(s) completed (265 accepted (38.7994 %)). Current N = 2099. Average N = 2097.651
2020-07-05 07:16:05,499 - INFO: 684 move(s) completed (265 accepted (38.7427 %)). Current N = 2099. Average N = 2097.653
2020-07-05 07:17:08,374 - INFO: 685 move(s) completed (265 accepted (38.6861 %)). Current N = 2099. Average N = 2097.655
2020-07-05 07:18:11,090 - INFO: 686 move(s) completed (265 accepted (38.6297 %)). Current N = 2099. Average N = 2097.657
2020-07-05 07:19:13,975 - INFO: 687 move(s) completed (265 accepted (38.5735 %)). Current N = 2099. Average N = 2097.659
2020-07-05 07:20:16,888 - INFO: 688 move(s) completed (266 accepted (38.6628 %)). Current N = 2098. Average N = 2097.660
