2020-07-13 15:02:58,714 - INFO: kT = 0.5921875708469466 kcal/mol
2020-07-13 15:02:59,617 - INFO: BaseGrandCanonicalMonteCarloSampler object initialised
2020-07-13 15:02:59,617 - INFO: Simulating at an Adams (B) value of -2.629597194812459
2020-07-13 15:02:59,617 - INFO: GCMCSystemSampler object initialised
2020-07-13 15:02:59,617 - INFO: Each NCMC move will be executed over a total of 50.0 ps
2020-07-13 15:02:59,618 - INFO: NonequilibriumGCMCSystemSampler object initialised
2020-07-13 15:05:15,978 - INFO: 1 move(s) completed (1 accepted (100.0000 %)). Current N = 2093. Average N = 2093.000
2020-07-13 15:07:27,073 - INFO: 2 move(s) completed (2 accepted (100.0000 %)). Current N = 2092. Average N = 2092.500
2020-07-13 15:09:38,508 - INFO: 3 move(s) completed (3 accepted (100.0000 %)). Current N = 2093. Average N = 2092.667
2020-07-13 15:11:49,885 - INFO: 4 move(s) completed (3 accepted (75.0000 %)). Current N = 2093. Average N = 2092.750
2020-07-13 15:14:01,498 - INFO: 5 move(s) completed (3 accepted (60.0000 %)). Current N = 2093. Average N = 2092.800
2020-07-13 15:16:12,907 - INFO: 6 move(s) completed (3 accepted (50.0000 %)). Current N = 2093. Average N = 2092.833
2020-07-13 15:18:24,387 - INFO: 7 move(s) completed (4 accepted (57.1429 %)). Current N = 2094. Average N = 2093.000
2020-07-13 15:20:35,542 - INFO: 8 move(s) completed (4 accepted (50.0000 %)). Current N = 2094. Average N = 2093.125
2020-07-13 15:22:47,013 - INFO: 9 move(s) completed (5 accepted (55.5556 %)). Current N = 2095. Average N = 2093.333
2020-07-13 15:24:58,222 - INFO: 10 move(s) completed (6 accepted (60.0000 %)). Current N = 2094. Average N = 2093.400
2020-07-13 15:27:09,636 - INFO: 11 move(s) completed (7 accepted (63.6364 %)). Current N = 2095. Average N = 2093.546
2020-07-13 15:29:21,196 - INFO: 12 move(s) completed (8 accepted (66.6667 %)). Current N = 2096. Average N = 2093.750
2020-07-13 15:31:32,751 - INFO: 13 move(s) completed (9 accepted (69.2308 %)). Current N = 2095. Average N = 2093.846
2020-07-13 15:33:44,420 - INFO: 14 move(s) completed (10 accepted (71.4286 %)). Current N = 2096. Average N = 2094.000
2020-07-13 15:35:55,857 - INFO: 15 move(s) completed (10 accepted (66.6667 %)). Current N = 2096. Average N = 2094.133
2020-07-13 15:38:07,634 - INFO: 16 move(s) completed (11 accepted (68.7500 %)). Current N = 2097. Average N = 2094.312
2020-07-13 15:40:19,276 - INFO: 17 move(s) completed (11 accepted (64.7059 %)). Current N = 2097. Average N = 2094.471
2020-07-13 15:42:30,912 - INFO: 18 move(s) completed (12 accepted (66.6667 %)). Current N = 2096. Average N = 2094.556
2020-07-13 15:44:42,517 - INFO: 19 move(s) completed (12 accepted (63.1579 %)). Current N = 2096. Average N = 2094.632
2020-07-13 15:46:54,385 - INFO: 20 move(s) completed (12 accepted (60.0000 %)). Current N = 2096. Average N = 2094.700
2020-07-13 15:49:05,778 - INFO: 21 move(s) completed (13 accepted (61.9048 %)). Current N = 2097. Average N = 2094.809
2020-07-13 15:51:17,457 - INFO: 22 move(s) completed (13 accepted (59.0909 %)). Current N = 2097. Average N = 2094.909
2020-07-13 15:53:28,907 - INFO: 23 move(s) completed (13 accepted (56.5217 %)). Current N = 2097. Average N = 2095.000
2020-07-13 15:55:40,795 - INFO: 24 move(s) completed (13 accepted (54.1667 %)). Current N = 2097. Average N = 2095.083
2020-07-13 15:57:52,232 - INFO: 25 move(s) completed (14 accepted (56.0000 %)). Current N = 2098. Average N = 2095.200
2020-07-13 16:00:03,962 - INFO: 26 move(s) completed (14 accepted (53.8462 %)). Current N = 2098. Average N = 2095.308
2020-07-13 16:02:15,545 - INFO: 27 move(s) completed (15 accepted (55.5556 %)). Current N = 2099. Average N = 2095.444
2020-07-13 16:04:26,962 - INFO: 28 move(s) completed (15 accepted (53.5714 %)). Current N = 2099. Average N = 2095.571
2020-07-13 16:06:38,735 - INFO: 29 move(s) completed (16 accepted (55.1724 %)). Current N = 2100. Average N = 2095.724
2020-07-13 16:08:50,519 - INFO: 30 move(s) completed (16 accepted (53.3333 %)). Current N = 2100. Average N = 2095.867
2020-07-13 16:11:02,253 - INFO: 31 move(s) completed (16 accepted (51.6129 %)). Current N = 2100. Average N = 2096.000
2020-07-13 16:13:14,037 - INFO: 32 move(s) completed (17 accepted (53.1250 %)). Current N = 2099. Average N = 2096.094
2020-07-13 16:15:25,821 - INFO: 33 move(s) completed (18 accepted (54.5455 %)). Current N = 2100. Average N = 2096.212
2020-07-13 16:17:37,535 - INFO: 34 move(s) completed (19 accepted (55.8824 %)). Current N = 2099. Average N = 2096.294
2020-07-13 16:19:49,292 - INFO: 35 move(s) completed (20 accepted (57.1429 %)). Current N = 2100. Average N = 2096.400
2020-07-13 16:22:00,899 - INFO: 36 move(s) completed (20 accepted (55.5556 %)). Current N = 2100. Average N = 2096.500
2020-07-13 16:24:12,864 - INFO: 37 move(s) completed (21 accepted (56.7568 %)). Current N = 2101. Average N = 2096.622
2020-07-13 16:26:24,355 - INFO: 38 move(s) completed (22 accepted (57.8947 %)). Current N = 2102. Average N = 2096.763
2020-07-13 16:28:35,999 - INFO: 39 move(s) completed (22 accepted (56.4103 %)). Current N = 2102. Average N = 2096.897
2020-07-13 16:30:47,430 - INFO: 40 move(s) completed (22 accepted (55.0000 %)). Current N = 2102. Average N = 2097.025
2020-07-13 16:32:59,005 - INFO: 41 move(s) completed (23 accepted (56.0976 %)). Current N = 2103. Average N = 2097.171
2020-07-13 16:35:10,461 - INFO: 42 move(s) completed (24 accepted (57.1429 %)). Current N = 2104. Average N = 2097.333
2020-07-13 16:37:22,088 - INFO: 43 move(s) completed (25 accepted (58.1395 %)). Current N = 2105. Average N = 2097.512
2020-07-13 16:39:33,539 - INFO: 44 move(s) completed (25 accepted (56.8182 %)). Current N = 2105. Average N = 2097.682
2020-07-13 16:41:45,120 - INFO: 45 move(s) completed (25 accepted (55.5556 %)). Current N = 2105. Average N = 2097.844
2020-07-13 16:43:56,970 - INFO: 46 move(s) completed (26 accepted (56.5217 %)). Current N = 2106. Average N = 2098.022
2020-07-13 16:46:08,533 - INFO: 47 move(s) completed (27 accepted (57.4468 %)). Current N = 2105. Average N = 2098.170
2020-07-13 16:48:20,128 - INFO: 48 move(s) completed (28 accepted (58.3333 %)). Current N = 2106. Average N = 2098.333
2020-07-13 16:50:31,613 - INFO: 49 move(s) completed (29 accepted (59.1837 %)). Current N = 2105. Average N = 2098.469
2020-07-13 16:52:43,500 - INFO: 50 move(s) completed (29 accepted (58.0000 %)). Current N = 2105. Average N = 2098.600
2020-07-13 16:54:55,176 - INFO: 51 move(s) completed (29 accepted (56.8627 %)). Current N = 2105. Average N = 2098.726
2020-07-13 16:57:06,991 - INFO: 52 move(s) completed (30 accepted (57.6923 %)). Current N = 2106. Average N = 2098.865
2020-07-13 16:59:18,629 - INFO: 53 move(s) completed (31 accepted (58.4906 %)). Current N = 2107. Average N = 2099.019
2020-07-13 17:01:30,267 - INFO: 54 move(s) completed (32 accepted (59.2593 %)). Current N = 2108. Average N = 2099.185
2020-07-13 17:03:41,710 - INFO: 55 move(s) completed (33 accepted (60.0000 %)). Current N = 2107. Average N = 2099.327
2020-07-13 17:05:53,416 - INFO: 56 move(s) completed (34 accepted (60.7143 %)). Current N = 2106. Average N = 2099.446
2020-07-13 17:08:04,944 - INFO: 57 move(s) completed (35 accepted (61.4035 %)). Current N = 2105. Average N = 2099.544
2020-07-13 17:10:16,811 - INFO: 58 move(s) completed (36 accepted (62.0690 %)). Current N = 2106. Average N = 2099.655
2020-07-13 17:12:28,666 - INFO: 59 move(s) completed (36 accepted (61.0169 %)). Current N = 2106. Average N = 2099.763
2020-07-13 17:14:40,489 - INFO: 60 move(s) completed (37 accepted (61.6667 %)). Current N = 2107. Average N = 2099.883
2020-07-13 17:16:52,013 - INFO: 61 move(s) completed (38 accepted (62.2951 %)). Current N = 2108. Average N = 2100.016
2020-07-13 17:19:03,924 - INFO: 62 move(s) completed (38 accepted (61.2903 %)). Current N = 2108. Average N = 2100.145
2020-07-13 17:21:15,994 - INFO: 63 move(s) completed (39 accepted (61.9048 %)). Current N = 2107. Average N = 2100.254
2020-07-13 17:23:27,918 - INFO: 64 move(s) completed (39 accepted (60.9375 %)). Current N = 2107. Average N = 2100.359
2020-07-13 17:25:40,010 - INFO: 65 move(s) completed (40 accepted (61.5385 %)). Current N = 2106. Average N = 2100.446
2020-07-13 17:27:51,897 - INFO: 66 move(s) completed (41 accepted (62.1212 %)). Current N = 2105. Average N = 2100.515
2020-07-13 17:30:04,015 - INFO: 67 move(s) completed (41 accepted (61.1940 %)). Current N = 2105. Average N = 2100.582
2020-07-13 17:32:16,005 - INFO: 68 move(s) completed (42 accepted (61.7647 %)). Current N = 2104. Average N = 2100.632
2020-07-13 17:34:28,129 - INFO: 69 move(s) completed (42 accepted (60.8696 %)). Current N = 2104. Average N = 2100.681
2020-07-13 17:36:40,127 - INFO: 70 move(s) completed (42 accepted (60.0000 %)). Current N = 2104. Average N = 2100.729
2020-07-13 17:38:52,150 - INFO: 71 move(s) completed (43 accepted (60.5634 %)). Current N = 2105. Average N = 2100.789
2020-07-13 17:41:04,103 - INFO: 72 move(s) completed (44 accepted (61.1111 %)). Current N = 2104. Average N = 2100.833
2020-07-13 17:43:16,386 - INFO: 73 move(s) completed (45 accepted (61.6438 %)). Current N = 2103. Average N = 2100.863
2020-07-13 17:45:28,560 - INFO: 74 move(s) completed (45 accepted (60.8108 %)). Current N = 2103. Average N = 2100.892
2020-07-13 17:47:40,773 - INFO: 75 move(s) completed (46 accepted (61.3333 %)). Current N = 2102. Average N = 2100.907
2020-07-13 17:49:52,752 - INFO: 76 move(s) completed (47 accepted (61.8421 %)). Current N = 2103. Average N = 2100.934
2020-07-13 17:52:05,005 - INFO: 77 move(s) completed (47 accepted (61.0390 %)). Current N = 2103. Average N = 2100.961
2020-07-13 17:54:17,050 - INFO: 78 move(s) completed (48 accepted (61.5385 %)). Current N = 2104. Average N = 2101.000
2020-07-13 17:56:29,183 - INFO: 79 move(s) completed (48 accepted (60.7595 %)). Current N = 2104. Average N = 2101.038
2020-07-13 17:58:41,511 - INFO: 80 move(s) completed (49 accepted (61.2500 %)). Current N = 2105. Average N = 2101.088
2020-07-13 18:00:53,553 - INFO: 81 move(s) completed (50 accepted (61.7284 %)). Current N = 2104. Average N = 2101.124
2020-07-13 18:03:05,962 - INFO: 82 move(s) completed (50 accepted (60.9756 %)). Current N = 2104. Average N = 2101.159
2020-07-13 18:05:18,197 - INFO: 83 move(s) completed (51 accepted (61.4458 %)). Current N = 2103. Average N = 2101.181
2020-07-13 18:07:30,624 - INFO: 84 move(s) completed (52 accepted (61.9048 %)). Current N = 2104. Average N = 2101.214
2020-07-13 18:09:42,767 - INFO: 85 move(s) completed (52 accepted (61.1765 %)). Current N = 2104. Average N = 2101.247
2020-07-13 18:11:55,142 - INFO: 86 move(s) completed (53 accepted (61.6279 %)). Current N = 2103. Average N = 2101.267
2020-07-13 18:14:07,333 - INFO: 87 move(s) completed (53 accepted (60.9195 %)). Current N = 2103. Average N = 2101.287
2020-07-13 18:16:19,800 - INFO: 88 move(s) completed (53 accepted (60.2273 %)). Current N = 2103. Average N = 2101.307
2020-07-13 18:18:31,781 - INFO: 89 move(s) completed (53 accepted (59.5506 %)). Current N = 2103. Average N = 2101.326
2020-07-13 18:20:44,266 - INFO: 90 move(s) completed (54 accepted (60.0000 %)). Current N = 2102. Average N = 2101.333
2020-07-13 18:22:56,558 - INFO: 91 move(s) completed (54 accepted (59.3407 %)). Current N = 2102. Average N = 2101.341
2020-07-13 18:25:08,856 - INFO: 92 move(s) completed (55 accepted (59.7826 %)). Current N = 2101. Average N = 2101.337
2020-07-13 18:27:21,017 - INFO: 93 move(s) completed (55 accepted (59.1398 %)). Current N = 2101. Average N = 2101.333
2020-07-13 18:29:33,315 - INFO: 94 move(s) completed (56 accepted (59.5745 %)). Current N = 2102. Average N = 2101.340
2020-07-13 18:31:45,391 - INFO: 95 move(s) completed (56 accepted (58.9474 %)). Current N = 2102. Average N = 2101.347
2020-07-13 18:33:57,490 - INFO: 96 move(s) completed (56 accepted (58.3333 %)). Current N = 2102. Average N = 2101.354
2020-07-13 18:36:10,055 - INFO: 97 move(s) completed (57 accepted (58.7629 %)). Current N = 2101. Average N = 2101.351
2020-07-13 18:38:22,291 - INFO: 98 move(s) completed (57 accepted (58.1633 %)). Current N = 2101. Average N = 2101.347
2020-07-13 18:40:34,852 - INFO: 99 move(s) completed (58 accepted (58.5859 %)). Current N = 2102. Average N = 2101.354
2020-07-13 18:42:47,292 - INFO: 100 move(s) completed (58 accepted (58.0000 %)). Current N = 2102. Average N = 2101.360
2020-07-13 18:44:59,842 - INFO: 101 move(s) completed (58 accepted (57.4257 %)). Current N = 2102. Average N = 2101.366
2020-07-13 18:47:12,114 - INFO: 102 move(s) completed (59 accepted (57.8431 %)). Current N = 2103. Average N = 2101.382
2020-07-13 18:49:24,558 - INFO: 103 move(s) completed (59 accepted (57.2816 %)). Current N = 2103. Average N = 2101.398
2020-07-13 18:51:36,726 - INFO: 104 move(s) completed (60 accepted (57.6923 %)). Current N = 2102. Average N = 2101.404
2020-07-13 18:53:49,259 - INFO: 105 move(s) completed (60 accepted (57.1429 %)). Current N = 2102. Average N = 2101.410
2020-07-13 18:56:01,502 - INFO: 106 move(s) completed (61 accepted (57.5472 %)). Current N = 2103. Average N = 2101.425
2020-07-13 18:58:13,942 - INFO: 107 move(s) completed (61 accepted (57.0093 %)). Current N = 2103. Average N = 2101.439
2020-07-13 19:00:26,303 - INFO: 108 move(s) completed (61 accepted (56.4815 %)). Current N = 2103. Average N = 2101.454
2020-07-13 19:02:38,707 - INFO: 109 move(s) completed (62 accepted (56.8807 %)). Current N = 2104. Average N = 2101.477
2020-07-13 19:04:50,983 - INFO: 110 move(s) completed (62 accepted (56.3636 %)). Current N = 2104. Average N = 2101.500
2020-07-13 19:07:03,482 - INFO: 111 move(s) completed (62 accepted (55.8559 %)). Current N = 2104. Average N = 2101.523
2020-07-13 19:09:15,703 - INFO: 112 move(s) completed (63 accepted (56.2500 %)). Current N = 2105. Average N = 2101.554
2020-07-13 19:11:27,962 - INFO: 113 move(s) completed (63 accepted (55.7522 %)). Current N = 2105. Average N = 2101.584
2020-07-13 19:13:40,582 - INFO: 114 move(s) completed (64 accepted (56.1404 %)). Current N = 2104. Average N = 2101.605
2020-07-13 19:15:52,964 - INFO: 115 move(s) completed (64 accepted (55.6522 %)). Current N = 2104. Average N = 2101.626
2020-07-13 19:18:05,399 - INFO: 116 move(s) completed (64 accepted (55.1724 %)). Current N = 2104. Average N = 2101.647
2020-07-13 19:20:17,823 - INFO: 117 move(s) completed (64 accepted (54.7009 %)). Current N = 2104. Average N = 2101.667
2020-07-13 19:22:30,159 - INFO: 118 move(s) completed (65 accepted (55.0847 %)). Current N = 2105. Average N = 2101.695
2020-07-13 19:24:42,431 - INFO: 119 move(s) completed (66 accepted (55.4622 %)). Current N = 2104. Average N = 2101.714
2020-07-13 19:26:55,005 - INFO: 120 move(s) completed (67 accepted (55.8333 %)). Current N = 2103. Average N = 2101.725
2020-07-13 19:29:07,496 - INFO: 121 move(s) completed (68 accepted (56.1983 %)). Current N = 2102. Average N = 2101.727
2020-07-13 19:31:20,141 - INFO: 122 move(s) completed (69 accepted (56.5574 %)). Current N = 2103. Average N = 2101.738
2020-07-13 19:33:32,695 - INFO: 123 move(s) completed (69 accepted (56.0976 %)). Current N = 2103. Average N = 2101.748
2020-07-13 19:35:45,386 - INFO: 124 move(s) completed (70 accepted (56.4516 %)). Current N = 2102. Average N = 2101.750
2020-07-13 19:37:57,930 - INFO: 125 move(s) completed (71 accepted (56.8000 %)). Current N = 2101. Average N = 2101.744
2020-07-13 19:40:10,640 - INFO: 126 move(s) completed (72 accepted (57.1429 %)). Current N = 2100. Average N = 2101.730
2020-07-13 19:42:23,087 - INFO: 127 move(s) completed (72 accepted (56.6929 %)). Current N = 2100. Average N = 2101.716
2020-07-13 19:44:35,942 - INFO: 128 move(s) completed (73 accepted (57.0312 %)). Current N = 2099. Average N = 2101.695
2020-07-13 19:46:48,497 - INFO: 129 move(s) completed (73 accepted (56.5891 %)). Current N = 2099. Average N = 2101.674
2020-07-13 19:49:01,229 - INFO: 130 move(s) completed (74 accepted (56.9231 %)). Current N = 2100. Average N = 2101.662
2020-07-13 19:51:14,036 - INFO: 131 move(s) completed (74 accepted (56.4885 %)). Current N = 2100. Average N = 2101.649
2020-07-13 19:53:26,833 - INFO: 132 move(s) completed (75 accepted (56.8182 %)). Current N = 2099. Average N = 2101.629
2020-07-13 19:55:40,082 - INFO: 133 move(s) completed (75 accepted (56.3910 %)). Current N = 2099. Average N = 2101.609
2020-07-13 19:57:52,696 - INFO: 134 move(s) completed (75 accepted (55.9701 %)). Current N = 2099. Average N = 2101.590
2020-07-13 20:00:05,736 - INFO: 135 move(s) completed (75 accepted (55.5556 %)). Current N = 2099. Average N = 2101.570
2020-07-13 20:02:18,407 - INFO: 136 move(s) completed (76 accepted (55.8824 %)). Current N = 2098. Average N = 2101.544
2020-07-13 20:04:31,432 - INFO: 137 move(s) completed (76 accepted (55.4745 %)). Current N = 2098. Average N = 2101.518
2020-07-13 20:06:44,185 - INFO: 138 move(s) completed (76 accepted (55.0725 %)). Current N = 2098. Average N = 2101.493
2020-07-13 20:08:57,204 - INFO: 139 move(s) completed (77 accepted (55.3957 %)). Current N = 2097. Average N = 2101.460
2020-07-13 20:11:10,064 - INFO: 140 move(s) completed (78 accepted (55.7143 %)). Current N = 2098. Average N = 2101.436
2020-07-13 20:13:22,888 - INFO: 141 move(s) completed (78 accepted (55.3191 %)). Current N = 2098. Average N = 2101.411
2020-07-13 20:15:35,635 - INFO: 142 move(s) completed (78 accepted (54.9296 %)). Current N = 2098. Average N = 2101.387
2020-07-13 20:17:48,699 - INFO: 143 move(s) completed (79 accepted (55.2448 %)). Current N = 2097. Average N = 2101.357
2020-07-13 20:20:01,630 - INFO: 144 move(s) completed (79 accepted (54.8611 %)). Current N = 2097. Average N = 2101.326
2020-07-13 20:22:14,731 - INFO: 145 move(s) completed (80 accepted (55.1724 %)). Current N = 2096. Average N = 2101.290
2020-07-13 20:24:27,540 - INFO: 146 move(s) completed (81 accepted (55.4795 %)). Current N = 2095. Average N = 2101.247
2020-07-13 20:26:40,522 - INFO: 147 move(s) completed (81 accepted (55.1020 %)). Current N = 2095. Average N = 2101.204
2020-07-13 20:28:53,599 - INFO: 148 move(s) completed (82 accepted (55.4054 %)). Current N = 2096. Average N = 2101.169
2020-07-13 20:31:06,592 - INFO: 149 move(s) completed (83 accepted (55.7047 %)). Current N = 2097. Average N = 2101.141
2020-07-13 20:33:19,579 - INFO: 150 move(s) completed (83 accepted (55.3333 %)). Current N = 2097. Average N = 2101.113
2020-07-13 20:35:32,238 - INFO: 151 move(s) completed (83 accepted (54.9669 %)). Current N = 2097. Average N = 2101.086
2020-07-13 20:37:45,220 - INFO: 152 move(s) completed (84 accepted (55.2632 %)). Current N = 2096. Average N = 2101.053
2020-07-13 20:39:57,938 - INFO: 153 move(s) completed (84 accepted (54.9020 %)). Current N = 2096. Average N = 2101.020
2020-07-13 20:42:10,589 - INFO: 154 move(s) completed (85 accepted (55.1948 %)). Current N = 2097. Average N = 2100.994
2020-07-13 20:44:23,142 - INFO: 155 move(s) completed (86 accepted (55.4839 %)). Current N = 2098. Average N = 2100.974
2020-07-13 20:46:35,791 - INFO: 156 move(s) completed (87 accepted (55.7692 %)). Current N = 2097. Average N = 2100.949
2020-07-13 20:48:48,309 - INFO: 157 move(s) completed (87 accepted (55.4140 %)). Current N = 2097. Average N = 2100.924
2020-07-13 20:51:01,037 - INFO: 158 move(s) completed (88 accepted (55.6962 %)). Current N = 2096. Average N = 2100.892
2020-07-13 20:53:13,968 - INFO: 159 move(s) completed (89 accepted (55.9748 %)). Current N = 2097. Average N = 2100.868
2020-07-13 20:55:26,731 - INFO: 160 move(s) completed (90 accepted (56.2500 %)). Current N = 2098. Average N = 2100.850
2020-07-13 20:57:39,379 - INFO: 161 move(s) completed (91 accepted (56.5217 %)). Current N = 2099. Average N = 2100.838
2020-07-13 20:59:52,076 - INFO: 162 move(s) completed (92 accepted (56.7901 %)). Current N = 2098. Average N = 2100.821
2020-07-13 21:02:04,689 - INFO: 163 move(s) completed (93 accepted (57.0552 %)). Current N = 2099. Average N = 2100.810
2020-07-13 21:04:17,447 - INFO: 164 move(s) completed (93 accepted (56.7073 %)). Current N = 2099. Average N = 2100.799
2020-07-13 21:06:30,402 - INFO: 165 move(s) completed (93 accepted (56.3636 %)). Current N = 2099. Average N = 2100.788
2020-07-13 21:08:43,046 - INFO: 166 move(s) completed (93 accepted (56.0241 %)). Current N = 2099. Average N = 2100.777
2020-07-13 21:10:55,821 - INFO: 167 move(s) completed (93 accepted (55.6886 %)). Current N = 2099. Average N = 2100.767
2020-07-13 21:13:08,545 - INFO: 168 move(s) completed (93 accepted (55.3571 %)). Current N = 2099. Average N = 2100.756
2020-07-13 21:15:21,277 - INFO: 169 move(s) completed (93 accepted (55.0296 %)). Current N = 2099. Average N = 2100.746
2020-07-13 21:17:34,124 - INFO: 170 move(s) completed (93 accepted (54.7059 %)). Current N = 2099. Average N = 2100.735
2020-07-13 21:19:46,942 - INFO: 171 move(s) completed (93 accepted (54.3860 %)). Current N = 2099. Average N = 2100.725
2020-07-13 21:21:59,341 - INFO: 172 move(s) completed (94 accepted (54.6512 %)). Current N = 2100. Average N = 2100.721
2020-07-13 21:24:12,091 - INFO: 173 move(s) completed (94 accepted (54.3353 %)). Current N = 2100. Average N = 2100.717
2020-07-13 21:26:24,514 - INFO: 174 move(s) completed (94 accepted (54.0230 %)). Current N = 2100. Average N = 2100.713
2020-07-13 21:28:37,330 - INFO: 175 move(s) completed (95 accepted (54.2857 %)). Current N = 2099. Average N = 2100.703
2020-07-13 21:30:49,904 - INFO: 176 move(s) completed (95 accepted (53.9773 %)). Current N = 2099. Average N = 2100.693
2020-07-13 21:33:02,493 - INFO: 177 move(s) completed (95 accepted (53.6723 %)). Current N = 2099. Average N = 2100.684
2020-07-13 21:35:14,959 - INFO: 178 move(s) completed (95 accepted (53.3708 %)). Current N = 2099. Average N = 2100.674
2020-07-13 21:37:27,722 - INFO: 179 move(s) completed (96 accepted (53.6313 %)). Current N = 2098. Average N = 2100.659
2020-07-13 21:39:40,136 - INFO: 180 move(s) completed (96 accepted (53.3333 %)). Current N = 2098. Average N = 2100.644
2020-07-13 21:41:52,844 - INFO: 181 move(s) completed (96 accepted (53.0387 %)). Current N = 2098. Average N = 2100.630
2020-07-13 21:44:05,917 - INFO: 182 move(s) completed (97 accepted (53.2967 %)). Current N = 2097. Average N = 2100.610
2020-07-13 21:46:18,768 - INFO: 183 move(s) completed (97 accepted (53.0055 %)). Current N = 2097. Average N = 2100.590
2020-07-13 21:48:31,737 - INFO: 184 move(s) completed (98 accepted (53.2609 %)). Current N = 2098. Average N = 2100.576
2020-07-13 21:50:44,582 - INFO: 185 move(s) completed (98 accepted (52.9730 %)). Current N = 2098. Average N = 2100.562
2020-07-13 21:52:57,581 - INFO: 186 move(s) completed (98 accepted (52.6882 %)). Current N = 2098. Average N = 2100.548
2020-07-13 21:55:10,242 - INFO: 187 move(s) completed (98 accepted (52.4064 %)). Current N = 2098. Average N = 2100.535
2020-07-13 21:57:23,116 - INFO: 188 move(s) completed (99 accepted (52.6596 %)). Current N = 2099. Average N = 2100.527
2020-07-13 21:59:35,558 - INFO: 189 move(s) completed (100 accepted (52.9101 %)). Current N = 2100. Average N = 2100.524
2020-07-13 22:01:48,342 - INFO: 190 move(s) completed (101 accepted (53.1579 %)). Current N = 2099. Average N = 2100.516
2020-07-13 22:04:00,968 - INFO: 191 move(s) completed (102 accepted (53.4031 %)). Current N = 2098. Average N = 2100.503
2020-07-13 22:06:13,691 - INFO: 192 move(s) completed (103 accepted (53.6458 %)). Current N = 2099. Average N = 2100.495
2020-07-13 22:08:26,256 - INFO: 193 move(s) completed (104 accepted (53.8860 %)). Current N = 2100. Average N = 2100.492
2020-07-13 22:10:38,652 - INFO: 194 move(s) completed (104 accepted (53.6082 %)). Current N = 2100. Average N = 2100.490
2020-07-13 22:12:51,248 - INFO: 195 move(s) completed (104 accepted (53.3333 %)). Current N = 2100. Average N = 2100.487
2020-07-13 22:15:04,272 - INFO: 196 move(s) completed (104 accepted (53.0612 %)). Current N = 2100. Average N = 2100.485
2020-07-13 22:17:17,177 - INFO: 197 move(s) completed (104 accepted (52.7919 %)). Current N = 2100. Average N = 2100.482
2020-07-13 22:19:29,953 - INFO: 198 move(s) completed (105 accepted (53.0303 %)). Current N = 2099. Average N = 2100.475
2020-07-13 22:21:42,878 - INFO: 199 move(s) completed (105 accepted (52.7638 %)). Current N = 2099. Average N = 2100.467
2020-07-13 22:23:55,521 - INFO: 200 move(s) completed (106 accepted (53.0000 %)). Current N = 2098. Average N = 2100.455
2020-07-13 22:26:08,303 - INFO: 201 move(s) completed (107 accepted (53.2338 %)). Current N = 2099. Average N = 2100.448
2020-07-13 22:28:20,795 - INFO: 202 move(s) completed (107 accepted (52.9703 %)). Current N = 2099. Average N = 2100.441
2020-07-13 22:30:33,742 - INFO: 203 move(s) completed (107 accepted (52.7094 %)). Current N = 2099. Average N = 2100.434
2020-07-13 22:32:46,259 - INFO: 204 move(s) completed (107 accepted (52.4510 %)). Current N = 2099. Average N = 2100.427
2020-07-13 22:34:58,992 - INFO: 205 move(s) completed (108 accepted (52.6829 %)). Current N = 2100. Average N = 2100.424
2020-07-13 22:37:11,599 - INFO: 206 move(s) completed (109 accepted (52.9126 %)). Current N = 2101. Average N = 2100.427
2020-07-13 22:39:24,202 - INFO: 207 move(s) completed (110 accepted (53.1401 %)). Current N = 2100. Average N = 2100.425
2020-07-13 22:41:36,503 - INFO: 208 move(s) completed (110 accepted (52.8846 %)). Current N = 2100. Average N = 2100.423
2020-07-13 22:43:49,021 - INFO: 209 move(s) completed (110 accepted (52.6316 %)). Current N = 2100. Average N = 2100.421
2020-07-13 22:46:01,492 - INFO: 210 move(s) completed (111 accepted (52.8571 %)). Current N = 2099. Average N = 2100.414
2020-07-13 22:48:14,029 - INFO: 211 move(s) completed (112 accepted (53.0806 %)). Current N = 2098. Average N = 2100.403
2020-07-13 22:50:26,459 - INFO: 212 move(s) completed (113 accepted (53.3019 %)). Current N = 2097. Average N = 2100.387
2020-07-13 22:52:39,029 - INFO: 213 move(s) completed (114 accepted (53.5211 %)). Current N = 2096. Average N = 2100.366
2020-07-13 22:54:52,005 - INFO: 214 move(s) completed (115 accepted (53.7383 %)). Current N = 2097. Average N = 2100.351
2020-07-13 22:57:04,876 - INFO: 215 move(s) completed (116 accepted (53.9535 %)). Current N = 2096. Average N = 2100.330
2020-07-13 22:59:17,790 - INFO: 216 move(s) completed (116 accepted (53.7037 %)). Current N = 2096. Average N = 2100.310
2020-07-13 23:01:30,512 - INFO: 217 move(s) completed (116 accepted (53.4562 %)). Current N = 2096. Average N = 2100.290
2020-07-13 23:03:43,589 - INFO: 218 move(s) completed (116 accepted (53.2110 %)). Current N = 2096. Average N = 2100.271
2020-07-13 23:05:56,234 - INFO: 219 move(s) completed (117 accepted (53.4247 %)). Current N = 2095. Average N = 2100.247
2020-07-13 23:08:09,009 - INFO: 220 move(s) completed (118 accepted (53.6364 %)). Current N = 2094. Average N = 2100.218
2020-07-13 23:10:21,691 - INFO: 221 move(s) completed (119 accepted (53.8462 %)). Current N = 2095. Average N = 2100.195
2020-07-13 23:12:34,442 - INFO: 222 move(s) completed (119 accepted (53.6036 %)). Current N = 2095. Average N = 2100.171
2020-07-13 23:14:47,202 - INFO: 223 move(s) completed (120 accepted (53.8117 %)). Current N = 2094. Average N = 2100.144
2020-07-13 23:16:59,964 - INFO: 224 move(s) completed (121 accepted (54.0179 %)). Current N = 2095. Average N = 2100.120
2020-07-13 23:19:12,661 - INFO: 225 move(s) completed (121 accepted (53.7778 %)). Current N = 2095. Average N = 2100.098
2020-07-13 23:21:25,627 - INFO: 226 move(s) completed (122 accepted (53.9823 %)). Current N = 2096. Average N = 2100.080
2020-07-13 23:23:38,434 - INFO: 227 move(s) completed (123 accepted (54.1850 %)). Current N = 2095. Average N = 2100.057
2020-07-13 23:25:51,292 - INFO: 228 move(s) completed (124 accepted (54.3860 %)). Current N = 2094. Average N = 2100.031
2020-07-13 23:28:04,121 - INFO: 229 move(s) completed (124 accepted (54.1485 %)). Current N = 2094. Average N = 2100.004
2020-07-13 23:30:17,105 - INFO: 230 move(s) completed (125 accepted (54.3478 %)). Current N = 2093. Average N = 2099.974
2020-07-13 23:32:30,238 - INFO: 231 move(s) completed (126 accepted (54.5455 %)). Current N = 2094. Average N = 2099.948
2020-07-13 23:34:43,032 - INFO: 232 move(s) completed (126 accepted (54.3103 %)). Current N = 2094. Average N = 2099.922
2020-07-13 23:36:56,058 - INFO: 233 move(s) completed (127 accepted (54.5064 %)). Current N = 2095. Average N = 2099.901
2020-07-13 23:39:08,813 - INFO: 234 move(s) completed (128 accepted (54.7009 %)). Current N = 2094. Average N = 2099.876
2020-07-13 23:41:21,657 - INFO: 235 move(s) completed (129 accepted (54.8936 %)). Current N = 2093. Average N = 2099.847
2020-07-13 23:43:34,545 - INFO: 236 move(s) completed (130 accepted (55.0847 %)). Current N = 2092. Average N = 2099.814
2020-07-13 23:45:47,476 - INFO: 237 move(s) completed (130 accepted (54.8523 %)). Current N = 2092. Average N = 2099.781
2020-07-13 23:48:00,313 - INFO: 238 move(s) completed (130 accepted (54.6218 %)). Current N = 2092. Average N = 2099.748
2020-07-13 23:50:13,521 - INFO: 239 move(s) completed (131 accepted (54.8117 %)). Current N = 2091. Average N = 2099.711
2020-07-13 23:52:26,154 - INFO: 240 move(s) completed (132 accepted (55.0000 %)). Current N = 2092. Average N = 2099.679
2020-07-13 23:54:39,145 - INFO: 241 move(s) completed (133 accepted (55.1867 %)). Current N = 2091. Average N = 2099.643
2020-07-13 23:56:51,666 - INFO: 242 move(s) completed (134 accepted (55.3719 %)). Current N = 2090. Average N = 2099.603
2020-07-13 23:59:04,616 - INFO: 243 move(s) completed (135 accepted (55.5556 %)). Current N = 2091. Average N = 2099.568
2020-07-14 00:01:17,278 - INFO: 244 move(s) completed (135 accepted (55.3279 %)). Current N = 2091. Average N = 2099.533
2020-07-14 00:03:30,066 - INFO: 245 move(s) completed (136 accepted (55.5102 %)). Current N = 2090. Average N = 2099.494
2020-07-14 00:05:42,759 - INFO: 246 move(s) completed (137 accepted (55.6911 %)). Current N = 2091. Average N = 2099.459
2020-07-14 00:07:55,473 - INFO: 247 move(s) completed (137 accepted (55.4656 %)). Current N = 2091. Average N = 2099.425
2020-07-14 00:10:08,036 - INFO: 248 move(s) completed (137 accepted (55.2419 %)). Current N = 2091. Average N = 2099.391
2020-07-14 00:12:20,716 - INFO: 249 move(s) completed (137 accepted (55.0201 %)). Current N = 2091. Average N = 2099.357
2020-07-14 00:14:33,776 - INFO: 250 move(s) completed (137 accepted (54.8000 %)). Current N = 2091. Average N = 2099.324
2020-07-14 00:16:46,673 - INFO: 251 move(s) completed (137 accepted (54.5817 %)). Current N = 2091. Average N = 2099.291
2020-07-14 00:18:59,613 - INFO: 252 move(s) completed (137 accepted (54.3651 %)). Current N = 2091. Average N = 2099.258
2020-07-14 00:21:12,263 - INFO: 253 move(s) completed (138 accepted (54.5455 %)). Current N = 2092. Average N = 2099.229
2020-07-14 00:23:24,949 - INFO: 254 move(s) completed (138 accepted (54.3307 %)). Current N = 2092. Average N = 2099.201
2020-07-14 00:25:37,473 - INFO: 255 move(s) completed (139 accepted (54.5098 %)). Current N = 2093. Average N = 2099.177
2020-07-14 00:27:50,004 - INFO: 256 move(s) completed (139 accepted (54.2969 %)). Current N = 2093. Average N = 2099.152
2020-07-14 00:30:02,480 - INFO: 257 move(s) completed (140 accepted (54.4747 %)). Current N = 2094. Average N = 2099.132
2020-07-14 00:32:14,971 - INFO: 258 move(s) completed (141 accepted (54.6512 %)). Current N = 2095. Average N = 2099.116
2020-07-14 00:34:27,368 - INFO: 259 move(s) completed (141 accepted (54.4402 %)). Current N = 2095. Average N = 2099.100
2020-07-14 00:36:40,028 - INFO: 260 move(s) completed (142 accepted (54.6154 %)). Current N = 2096. Average N = 2099.088
2020-07-14 00:38:52,545 - INFO: 261 move(s) completed (142 accepted (54.4061 %)). Current N = 2096. Average N = 2099.077
2020-07-14 00:41:05,103 - INFO: 262 move(s) completed (143 accepted (54.5802 %)). Current N = 2095. Average N = 2099.061
2020-07-14 00:43:17,310 - INFO: 263 move(s) completed (144 accepted (54.7529 %)). Current N = 2096. Average N = 2099.049
2020-07-14 00:45:29,894 - INFO: 264 move(s) completed (144 accepted (54.5455 %)). Current N = 2096. Average N = 2099.038
2020-07-14 00:47:42,687 - INFO: 265 move(s) completed (145 accepted (54.7170 %)). Current N = 2095. Average N = 2099.023
2020-07-14 00:49:55,176 - INFO: 266 move(s) completed (146 accepted (54.8872 %)). Current N = 2096. Average N = 2099.011
2020-07-14 00:52:07,865 - INFO: 267 move(s) completed (146 accepted (54.6816 %)). Current N = 2096. Average N = 2099.000
2020-07-14 00:54:20,597 - INFO: 268 move(s) completed (146 accepted (54.4776 %)). Current N = 2096. Average N = 2098.989
2020-07-14 00:56:32,935 - INFO: 269 move(s) completed (146 accepted (54.2751 %)). Current N = 2096. Average N = 2098.978
2020-07-14 00:58:45,490 - INFO: 270 move(s) completed (146 accepted (54.0741 %)). Current N = 2096. Average N = 2098.967
2020-07-14 01:00:58,076 - INFO: 271 move(s) completed (147 accepted (54.2435 %)). Current N = 2097. Average N = 2098.959
2020-07-14 01:03:10,593 - INFO: 272 move(s) completed (147 accepted (54.0441 %)). Current N = 2097. Average N = 2098.952
2020-07-14 01:05:23,351 - INFO: 273 move(s) completed (148 accepted (54.2125 %)). Current N = 2096. Average N = 2098.941
2020-07-14 01:07:35,781 - INFO: 274 move(s) completed (148 accepted (54.0146 %)). Current N = 2096. Average N = 2098.931
2020-07-14 01:09:48,371 - INFO: 275 move(s) completed (149 accepted (54.1818 %)). Current N = 2097. Average N = 2098.924
2020-07-14 01:12:00,738 - INFO: 276 move(s) completed (150 accepted (54.3478 %)). Current N = 2096. Average N = 2098.913
2020-07-14 01:14:13,412 - INFO: 277 move(s) completed (150 accepted (54.1516 %)). Current N = 2096. Average N = 2098.903
2020-07-14 01:16:25,609 - INFO: 278 move(s) completed (151 accepted (54.3165 %)). Current N = 2097. Average N = 2098.896
2020-07-14 01:18:37,950 - INFO: 279 move(s) completed (152 accepted (54.4803 %)). Current N = 2098. Average N = 2098.892
2020-07-14 01:20:50,150 - INFO: 280 move(s) completed (153 accepted (54.6429 %)). Current N = 2099. Average N = 2098.893
2020-07-14 01:23:02,527 - INFO: 281 move(s) completed (154 accepted (54.8043 %)). Current N = 2098. Average N = 2098.890
2020-07-14 01:25:15,106 - INFO: 282 move(s) completed (155 accepted (54.9645 %)). Current N = 2097. Average N = 2098.883
2020-07-14 01:27:27,668 - INFO: 283 move(s) completed (156 accepted (55.1237 %)). Current N = 2096. Average N = 2098.873
2020-07-14 01:29:40,301 - INFO: 284 move(s) completed (157 accepted (55.2817 %)). Current N = 2095. Average N = 2098.859
2020-07-14 01:31:53,040 - INFO: 285 move(s) completed (157 accepted (55.0877 %)). Current N = 2095. Average N = 2098.846
2020-07-14 01:34:05,763 - INFO: 286 move(s) completed (158 accepted (55.2448 %)). Current N = 2094. Average N = 2098.829
2020-07-14 01:36:18,317 - INFO: 287 move(s) completed (159 accepted (55.4007 %)). Current N = 2095. Average N = 2098.815
2020-07-14 01:38:31,031 - INFO: 288 move(s) completed (159 accepted (55.2083 %)). Current N = 2095. Average N = 2098.802
2020-07-14 01:40:43,332 - INFO: 289 move(s) completed (160 accepted (55.3633 %)). Current N = 2096. Average N = 2098.792
2020-07-14 01:42:56,020 - INFO: 290 move(s) completed (161 accepted (55.5172 %)). Current N = 2095. Average N = 2098.779
2020-07-14 01:45:08,463 - INFO: 291 move(s) completed (162 accepted (55.6701 %)). Current N = 2096. Average N = 2098.770
2020-07-14 01:47:20,978 - INFO: 292 move(s) completed (162 accepted (55.4795 %)). Current N = 2096. Average N = 2098.760
2020-07-14 01:49:33,181 - INFO: 293 move(s) completed (162 accepted (55.2901 %)). Current N = 2096. Average N = 2098.751
2020-07-14 01:51:45,759 - INFO: 294 move(s) completed (162 accepted (55.1020 %)). Current N = 2096. Average N = 2098.742
2020-07-14 01:53:58,012 - INFO: 295 move(s) completed (163 accepted (55.2542 %)). Current N = 2097. Average N = 2098.736
2020-07-14 01:56:10,332 - INFO: 296 move(s) completed (163 accepted (55.0676 %)). Current N = 2097. Average N = 2098.730
2020-07-14 01:58:22,487 - INFO: 297 move(s) completed (163 accepted (54.8822 %)). Current N = 2097. Average N = 2098.724
2020-07-14 02:00:35,040 - INFO: 298 move(s) completed (164 accepted (55.0336 %)). Current N = 2096. Average N = 2098.715
2020-07-14 02:02:47,521 - INFO: 299 move(s) completed (164 accepted (54.8495 %)). Current N = 2096. Average N = 2098.706
2020-07-14 02:05:00,007 - INFO: 300 move(s) completed (165 accepted (55.0000 %)). Current N = 2095. Average N = 2098.693
2020-07-14 02:07:12,755 - INFO: 301 move(s) completed (165 accepted (54.8173 %)). Current N = 2095. Average N = 2098.681
2020-07-14 02:09:25,285 - INFO: 302 move(s) completed (166 accepted (54.9669 %)). Current N = 2096. Average N = 2098.672
2020-07-14 02:11:37,902 - INFO: 303 move(s) completed (167 accepted (55.1155 %)). Current N = 2097. Average N = 2098.667
2020-07-14 02:13:50,153 - INFO: 304 move(s) completed (167 accepted (54.9342 %)). Current N = 2097. Average N = 2098.661
2020-07-14 02:16:02,571 - INFO: 305 move(s) completed (167 accepted (54.7541 %)). Current N = 2097. Average N = 2098.656
2020-07-14 02:18:14,792 - INFO: 306 move(s) completed (168 accepted (54.9020 %)). Current N = 2096. Average N = 2098.647
2020-07-14 02:20:27,324 - INFO: 307 move(s) completed (169 accepted (55.0489 %)). Current N = 2097. Average N = 2098.642
2020-07-14 02:22:39,609 - INFO: 308 move(s) completed (169 accepted (54.8701 %)). Current N = 2097. Average N = 2098.636
2020-07-14 02:24:52,076 - INFO: 309 move(s) completed (169 accepted (54.6926 %)). Current N = 2097. Average N = 2098.631
2020-07-14 02:27:04,263 - INFO: 310 move(s) completed (170 accepted (54.8387 %)). Current N = 2096. Average N = 2098.623
2020-07-14 02:29:16,705 - INFO: 311 move(s) completed (171 accepted (54.9839 %)). Current N = 2095. Average N = 2098.611
2020-07-14 02:31:29,021 - INFO: 312 move(s) completed (172 accepted (55.1282 %)). Current N = 2096. Average N = 2098.603
2020-07-14 02:33:41,463 - INFO: 313 move(s) completed (172 accepted (54.9521 %)). Current N = 2096. Average N = 2098.594
2020-07-14 02:35:53,914 - INFO: 314 move(s) completed (173 accepted (55.0955 %)). Current N = 2095. Average N = 2098.583
2020-07-14 02:38:06,294 - INFO: 315 move(s) completed (174 accepted (55.2381 %)). Current N = 2096. Average N = 2098.575
2020-07-14 02:40:18,810 - INFO: 316 move(s) completed (175 accepted (55.3797 %)). Current N = 2095. Average N = 2098.563
2020-07-14 02:42:31,259 - INFO: 317 move(s) completed (175 accepted (55.2050 %)). Current N = 2095. Average N = 2098.552
2020-07-14 02:44:43,860 - INFO: 318 move(s) completed (175 accepted (55.0314 %)). Current N = 2095. Average N = 2098.541
2020-07-14 02:46:56,281 - INFO: 319 move(s) completed (176 accepted (55.1724 %)). Current N = 2094. Average N = 2098.527
2020-07-14 02:49:08,705 - INFO: 320 move(s) completed (177 accepted (55.3125 %)). Current N = 2095. Average N = 2098.516
2020-07-14 02:51:21,103 - INFO: 321 move(s) completed (177 accepted (55.1402 %)). Current N = 2095. Average N = 2098.505
2020-07-14 02:53:33,660 - INFO: 322 move(s) completed (178 accepted (55.2795 %)). Current N = 2096. Average N = 2098.497
2020-07-14 02:55:46,004 - INFO: 323 move(s) completed (179 accepted (55.4180 %)). Current N = 2095. Average N = 2098.486
2020-07-14 02:57:58,662 - INFO: 324 move(s) completed (180 accepted (55.5556 %)). Current N = 2096. Average N = 2098.478
2020-07-14 03:00:10,887 - INFO: 325 move(s) completed (181 accepted (55.6923 %)). Current N = 2097. Average N = 2098.474
2020-07-14 03:02:23,315 - INFO: 326 move(s) completed (182 accepted (55.8282 %)). Current N = 2096. Average N = 2098.466
2020-07-14 03:04:35,489 - INFO: 327 move(s) completed (182 accepted (55.6575 %)). Current N = 2096. Average N = 2098.459
