2021-03-25 18:36:57,174 - INFO: kT = 0.5921875708469466 kcal/mol
2021-03-25 18:37:02,360 - INFO: BaseGrandCanonicalMonteCarloSampler object initialised
2021-03-25 18:37:02,361 - INFO: GCMC sphere is based on reference atom IDs: [887, 1837]
2021-03-25 18:37:02,361 - INFO: GCMC sphere radius is 6 A
2021-03-25 18:37:02,361 - INFO: Simulating at an Adams (B) value of -6.888845176169922
2021-03-25 18:37:02,361 - INFO: GCMCSphereSampler object initialised
2021-03-25 18:37:02,361 - INFO: StandardGCMCSphereSampler object initialised
2021-03-25 18:37:17,149 - INFO: 50 move(s) completed (0 accepted (0.0000 %)). Current N = 0. Average N = 0.000
2021-03-25 18:37:25,289 - INFO: 100 move(s) completed (0 accepted (0.0000 %)). Current N = 0. Average N = 0.000
2021-03-25 18:37:32,900 - INFO: 150 move(s) completed (0 accepted (0.0000 %)). Current N = 0. Average N = 0.000
2021-03-25 18:37:41,262 - INFO: 200 move(s) completed (0 accepted (0.0000 %)). Current N = 0. Average N = 0.000
2021-03-25 18:37:49,022 - INFO: 250 move(s) completed (0 accepted (0.0000 %)). Current N = 0. Average N = 0.000
2021-03-25 18:37:57,601 - INFO: 300 move(s) completed (0 accepted (0.0000 %)). Current N = 0. Average N = 0.000
2021-03-25 18:38:06,116 - INFO: 350 move(s) completed (0 accepted (0.0000 %)). Current N = 0. Average N = 0.000
2021-03-25 18:38:13,939 - INFO: 400 move(s) completed (0 accepted (0.0000 %)). Current N = 0. Average N = 0.000
2021-03-25 18:38:22,026 - INFO: 450 move(s) completed (2 accepted (0.4444 %)). Current N = 0. Average N = 0.011
2021-03-25 18:38:29,454 - INFO: 500 move(s) completed (2 accepted (0.4000 %)). Current N = 0. Average N = 0.010
2021-03-25 18:38:37,725 - INFO: 550 move(s) completed (2 accepted (0.3636 %)). Current N = 0. Average N = 0.009
2021-03-25 18:38:45,611 - INFO: 600 move(s) completed (2 accepted (0.3333 %)). Current N = 0. Average N = 0.008
2021-03-25 18:38:53,358 - INFO: 650 move(s) completed (2 accepted (0.3077 %)). Current N = 0. Average N = 0.008
2021-03-25 18:39:01,733 - INFO: 700 move(s) completed (2 accepted (0.2857 %)). Current N = 0. Average N = 0.007
2021-03-25 18:39:09,942 - INFO: 750 move(s) completed (2 accepted (0.2667 %)). Current N = 0. Average N = 0.007
2021-03-25 18:39:17,773 - INFO: 800 move(s) completed (2 accepted (0.2500 %)). Current N = 0. Average N = 0.006
2021-03-25 18:39:26,037 - INFO: 850 move(s) completed (2 accepted (0.2353 %)). Current N = 0. Average N = 0.006
2021-03-25 18:39:33,704 - INFO: 900 move(s) completed (2 accepted (0.2222 %)). Current N = 0. Average N = 0.006
2021-03-25 18:39:42,225 - INFO: 950 move(s) completed (2 accepted (0.2105 %)). Current N = 0. Average N = 0.005
2021-03-25 18:39:50,472 - INFO: 1000 move(s) completed (2 accepted (0.2000 %)). Current N = 0. Average N = 0.005
2021-03-25 18:39:58,621 - INFO: 1050 move(s) completed (2 accepted (0.1905 %)). Current N = 0. Average N = 0.005
2021-03-25 18:40:06,779 - INFO: 1100 move(s) completed (2 accepted (0.1818 %)). Current N = 0. Average N = 0.004
2021-03-25 18:40:14,306 - INFO: 1150 move(s) completed (2 accepted (0.1739 %)). Current N = 0. Average N = 0.004
2021-03-25 18:40:21,966 - INFO: 1200 move(s) completed (2 accepted (0.1667 %)). Current N = 0. Average N = 0.004
2021-03-25 18:40:30,204 - INFO: 1250 move(s) completed (2 accepted (0.1600 %)). Current N = 0. Average N = 0.004
2021-03-25 18:40:38,026 - INFO: 1300 move(s) completed (2 accepted (0.1538 %)). Current N = 0. Average N = 0.004
2021-03-25 18:40:46,491 - INFO: 1350 move(s) completed (2 accepted (0.1481 %)). Current N = 0. Average N = 0.004
2021-03-25 18:40:54,794 - INFO: 1400 move(s) completed (2 accepted (0.1429 %)). Current N = 0. Average N = 0.004
2021-03-25 18:41:02,905 - INFO: 1450 move(s) completed (2 accepted (0.1379 %)). Current N = 0. Average N = 0.003
2021-03-25 18:41:11,368 - INFO: 1500 move(s) completed (2 accepted (0.1333 %)). Current N = 0. Average N = 0.003
2021-03-25 18:41:19,084 - INFO: 1550 move(s) completed (2 accepted (0.1290 %)). Current N = 0. Average N = 0.003
2021-03-25 18:41:26,962 - INFO: 1600 move(s) completed (2 accepted (0.1250 %)). Current N = 0. Average N = 0.003
2021-03-25 18:41:34,566 - INFO: 1650 move(s) completed (2 accepted (0.1212 %)). Current N = 0. Average N = 0.003
2021-03-25 18:41:42,491 - INFO: 1700 move(s) completed (2 accepted (0.1176 %)). Current N = 0. Average N = 0.003
2021-03-25 18:41:50,928 - INFO: 1750 move(s) completed (2 accepted (0.1143 %)). Current N = 0. Average N = 0.003
2021-03-25 18:41:58,784 - INFO: 1800 move(s) completed (2 accepted (0.1111 %)). Current N = 0. Average N = 0.003
2021-03-25 18:42:07,012 - INFO: 1850 move(s) completed (2 accepted (0.1081 %)). Current N = 0. Average N = 0.003
2021-03-25 18:42:14,998 - INFO: 1900 move(s) completed (2 accepted (0.1053 %)). Current N = 0. Average N = 0.003
2021-03-25 18:42:22,841 - INFO: 1950 move(s) completed (2 accepted (0.1026 %)). Current N = 0. Average N = 0.003
2021-03-25 18:42:31,274 - INFO: 2000 move(s) completed (2 accepted (0.1000 %)). Current N = 0. Average N = 0.003
2021-03-25 18:42:38,943 - INFO: 2050 move(s) completed (2 accepted (0.0976 %)). Current N = 0. Average N = 0.002
2021-03-25 18:42:47,313 - INFO: 2100 move(s) completed (2 accepted (0.0952 %)). Current N = 0. Average N = 0.002
2021-03-25 18:42:54,852 - INFO: 2150 move(s) completed (2 accepted (0.0930 %)). Current N = 0. Average N = 0.002
2021-03-25 18:43:02,562 - INFO: 2200 move(s) completed (2 accepted (0.0909 %)). Current N = 0. Average N = 0.002
2021-03-25 18:43:11,006 - INFO: 2250 move(s) completed (2 accepted (0.0889 %)). Current N = 0. Average N = 0.002
2021-03-25 18:43:18,617 - INFO: 2300 move(s) completed (2 accepted (0.0870 %)). Current N = 0. Average N = 0.002
2021-03-25 18:43:26,039 - INFO: 2350 move(s) completed (2 accepted (0.0851 %)). Current N = 0. Average N = 0.002
2021-03-25 18:43:34,939 - INFO: 2400 move(s) completed (2 accepted (0.0833 %)). Current N = 0. Average N = 0.002
2021-03-25 18:43:42,715 - INFO: 2450 move(s) completed (2 accepted (0.0816 %)). Current N = 0. Average N = 0.002
2021-03-25 18:43:51,256 - INFO: 2500 move(s) completed (2 accepted (0.0800 %)). Current N = 0. Average N = 0.002
2021-03-25 18:43:58,599 - INFO: 2550 move(s) completed (2 accepted (0.0784 %)). Current N = 0. Average N = 0.002
2021-03-25 18:44:06,546 - INFO: 2600 move(s) completed (2 accepted (0.0769 %)). Current N = 0. Average N = 0.002
2021-03-25 18:44:14,480 - INFO: 2650 move(s) completed (2 accepted (0.0755 %)). Current N = 0. Average N = 0.002
2021-03-25 18:44:23,127 - INFO: 2700 move(s) completed (2 accepted (0.0741 %)). Current N = 0. Average N = 0.002
2021-03-25 18:44:30,941 - INFO: 2750 move(s) completed (2 accepted (0.0727 %)). Current N = 0. Average N = 0.002
2021-03-25 18:44:39,249 - INFO: 2800 move(s) completed (2 accepted (0.0714 %)). Current N = 0. Average N = 0.002
2021-03-25 18:44:47,204 - INFO: 2850 move(s) completed (2 accepted (0.0702 %)). Current N = 0. Average N = 0.002
2021-03-25 18:44:55,100 - INFO: 2900 move(s) completed (2 accepted (0.0690 %)). Current N = 0. Average N = 0.002
2021-03-25 18:45:03,051 - INFO: 2950 move(s) completed (2 accepted (0.0678 %)). Current N = 0. Average N = 0.002
2021-03-25 18:45:10,235 - INFO: 3000 move(s) completed (2 accepted (0.0667 %)). Current N = 0. Average N = 0.002
2021-03-25 18:45:19,098 - INFO: 3050 move(s) completed (2 accepted (0.0656 %)). Current N = 0. Average N = 0.002
2021-03-25 18:45:26,932 - INFO: 3100 move(s) completed (2 accepted (0.0645 %)). Current N = 0. Average N = 0.002
2021-03-25 18:45:35,006 - INFO: 3150 move(s) completed (2 accepted (0.0635 %)). Current N = 0. Average N = 0.002
2021-03-25 18:45:42,933 - INFO: 3200 move(s) completed (2 accepted (0.0625 %)). Current N = 0. Average N = 0.002
2021-03-25 18:45:50,148 - INFO: 3250 move(s) completed (2 accepted (0.0615 %)). Current N = 0. Average N = 0.002
2021-03-25 18:45:57,995 - INFO: 3300 move(s) completed (2 accepted (0.0606 %)). Current N = 0. Average N = 0.002
2021-03-25 18:46:05,940 - INFO: 3350 move(s) completed (2 accepted (0.0597 %)). Current N = 0. Average N = 0.002
2021-03-25 18:46:13,819 - INFO: 3400 move(s) completed (2 accepted (0.0588 %)). Current N = 0. Average N = 0.002
2021-03-25 18:46:21,916 - INFO: 3450 move(s) completed (2 accepted (0.0580 %)). Current N = 0. Average N = 0.001
2021-03-25 18:46:29,563 - INFO: 3500 move(s) completed (2 accepted (0.0571 %)). Current N = 0. Average N = 0.001
2021-03-25 18:46:37,273 - INFO: 3550 move(s) completed (2 accepted (0.0563 %)). Current N = 0. Average N = 0.001
2021-03-25 18:46:45,205 - INFO: 3600 move(s) completed (2 accepted (0.0556 %)). Current N = 0. Average N = 0.001
2021-03-25 18:46:53,090 - INFO: 3650 move(s) completed (2 accepted (0.0548 %)). Current N = 0. Average N = 0.001
2021-03-25 18:47:01,503 - INFO: 3700 move(s) completed (2 accepted (0.0541 %)). Current N = 0. Average N = 0.001
2021-03-25 18:47:09,630 - INFO: 3750 move(s) completed (2 accepted (0.0533 %)). Current N = 0. Average N = 0.001
2021-03-25 18:47:17,003 - INFO: 3800 move(s) completed (2 accepted (0.0526 %)). Current N = 0. Average N = 0.001
2021-03-25 18:47:24,966 - INFO: 3850 move(s) completed (2 accepted (0.0519 %)). Current N = 0. Average N = 0.001
2021-03-25 18:47:33,118 - INFO: 3900 move(s) completed (4 accepted (0.1026 %)). Current N = 0. Average N = 0.002
2021-03-25 18:47:41,671 - INFO: 3950 move(s) completed (4 accepted (0.1013 %)). Current N = 0. Average N = 0.002
2021-03-25 18:47:49,641 - INFO: 4000 move(s) completed (4 accepted (0.1000 %)). Current N = 0. Average N = 0.002
2021-03-25 18:47:57,464 - INFO: 4050 move(s) completed (4 accepted (0.0988 %)). Current N = 0. Average N = 0.002
2021-03-25 18:48:05,479 - INFO: 4100 move(s) completed (4 accepted (0.0976 %)). Current N = 0. Average N = 0.002
2021-03-25 18:48:13,763 - INFO: 4150 move(s) completed (4 accepted (0.0964 %)). Current N = 0. Average N = 0.002
2021-03-25 18:48:22,050 - INFO: 4200 move(s) completed (4 accepted (0.0952 %)). Current N = 0. Average N = 0.002
2021-03-25 18:48:30,105 - INFO: 4250 move(s) completed (4 accepted (0.0941 %)). Current N = 0. Average N = 0.002
2021-03-25 18:48:37,987 - INFO: 4300 move(s) completed (4 accepted (0.0930 %)). Current N = 0. Average N = 0.002
2021-03-25 18:48:46,423 - INFO: 4350 move(s) completed (4 accepted (0.0920 %)). Current N = 0. Average N = 0.002
2021-03-25 18:48:54,452 - INFO: 4400 move(s) completed (4 accepted (0.0909 %)). Current N = 0. Average N = 0.002
2021-03-25 18:49:01,782 - INFO: 4450 move(s) completed (4 accepted (0.0899 %)). Current N = 0. Average N = 0.002
2021-03-25 18:49:10,257 - INFO: 4500 move(s) completed (4 accepted (0.0889 %)). Current N = 0. Average N = 0.002
2021-03-25 18:49:18,856 - INFO: 4550 move(s) completed (4 accepted (0.0879 %)). Current N = 0. Average N = 0.002
2021-03-25 18:49:26,999 - INFO: 4600 move(s) completed (4 accepted (0.0870 %)). Current N = 0. Average N = 0.002
2021-03-25 18:49:35,192 - INFO: 4650 move(s) completed (4 accepted (0.0860 %)). Current N = 0. Average N = 0.002
2021-03-25 18:49:43,145 - INFO: 4700 move(s) completed (4 accepted (0.0851 %)). Current N = 0. Average N = 0.002
2021-03-25 18:49:51,265 - INFO: 4750 move(s) completed (4 accepted (0.0842 %)). Current N = 0. Average N = 0.002
2021-03-25 18:49:58,976 - INFO: 4800 move(s) completed (4 accepted (0.0833 %)). Current N = 0. Average N = 0.002
2021-03-25 18:50:06,883 - INFO: 4850 move(s) completed (4 accepted (0.0825 %)). Current N = 0. Average N = 0.002
2021-03-25 18:50:14,765 - INFO: 4900 move(s) completed (4 accepted (0.0816 %)). Current N = 0. Average N = 0.002
2021-03-25 18:50:22,411 - INFO: 4950 move(s) completed (4 accepted (0.0808 %)). Current N = 0. Average N = 0.002
2021-03-25 18:50:30,708 - INFO: 5000 move(s) completed (4 accepted (0.0800 %)). Current N = 0. Average N = 0.002
2021-03-25 18:50:38,459 - INFO: 5050 move(s) completed (4 accepted (0.0792 %)). Current N = 0. Average N = 0.002
2021-03-25 18:50:46,380 - INFO: 5100 move(s) completed (4 accepted (0.0784 %)). Current N = 0. Average N = 0.002
2021-03-25 18:50:54,801 - INFO: 5150 move(s) completed (4 accepted (0.0777 %)). Current N = 0. Average N = 0.002
2021-03-25 18:51:02,729 - INFO: 5200 move(s) completed (4 accepted (0.0769 %)). Current N = 0. Average N = 0.002
2021-03-25 18:51:10,963 - INFO: 5250 move(s) completed (4 accepted (0.0762 %)). Current N = 0. Average N = 0.002
2021-03-25 18:51:18,774 - INFO: 5300 move(s) completed (4 accepted (0.0755 %)). Current N = 0. Average N = 0.002
2021-03-25 18:51:26,356 - INFO: 5350 move(s) completed (6 accepted (0.1121 %)). Current N = 0. Average N = 0.002
2021-03-25 18:51:34,495 - INFO: 5400 move(s) completed (6 accepted (0.1111 %)). Current N = 0. Average N = 0.002
2021-03-25 18:51:42,249 - INFO: 5450 move(s) completed (6 accepted (0.1101 %)). Current N = 0. Average N = 0.002
2021-03-25 18:51:50,675 - INFO: 5500 move(s) completed (6 accepted (0.1091 %)). Current N = 0. Average N = 0.002
2021-03-25 18:51:58,560 - INFO: 5550 move(s) completed (6 accepted (0.1081 %)). Current N = 0. Average N = 0.002
2021-03-25 18:52:05,934 - INFO: 5600 move(s) completed (6 accepted (0.1071 %)). Current N = 0. Average N = 0.002
2021-03-25 18:52:14,275 - INFO: 5650 move(s) completed (6 accepted (0.1062 %)). Current N = 0. Average N = 0.002
2021-03-25 18:52:22,276 - INFO: 5700 move(s) completed (6 accepted (0.1053 %)). Current N = 0. Average N = 0.002
2021-03-25 18:52:30,779 - INFO: 5750 move(s) completed (6 accepted (0.1043 %)). Current N = 0. Average N = 0.002
2021-03-25 18:52:38,509 - INFO: 5800 move(s) completed (6 accepted (0.1034 %)). Current N = 0. Average N = 0.002
2021-03-25 18:52:46,246 - INFO: 5850 move(s) completed (6 accepted (0.1026 %)). Current N = 0. Average N = 0.002
2021-03-25 18:52:53,992 - INFO: 5900 move(s) completed (6 accepted (0.1017 %)). Current N = 0. Average N = 0.002
2021-03-25 18:53:02,342 - INFO: 5950 move(s) completed (6 accepted (0.1008 %)). Current N = 0. Average N = 0.002
2021-03-25 18:53:10,166 - INFO: 6000 move(s) completed (6 accepted (0.1000 %)). Current N = 0. Average N = 0.002
2021-03-25 18:53:18,971 - INFO: 6050 move(s) completed (6 accepted (0.0992 %)). Current N = 0. Average N = 0.002
2021-03-25 18:53:26,679 - INFO: 6100 move(s) completed (6 accepted (0.0984 %)). Current N = 0. Average N = 0.002
2021-03-25 18:53:35,002 - INFO: 6150 move(s) completed (6 accepted (0.0976 %)). Current N = 0. Average N = 0.002
2021-03-25 18:53:43,307 - INFO: 6200 move(s) completed (6 accepted (0.0968 %)). Current N = 0. Average N = 0.002
2021-03-25 18:53:51,262 - INFO: 6250 move(s) completed (6 accepted (0.0960 %)). Current N = 0. Average N = 0.002
2021-03-25 18:53:59,559 - INFO: 6300 move(s) completed (6 accepted (0.0952 %)). Current N = 0. Average N = 0.002
2021-03-25 18:54:07,174 - INFO: 6350 move(s) completed (6 accepted (0.0945 %)). Current N = 0. Average N = 0.002
2021-03-25 18:54:14,986 - INFO: 6400 move(s) completed (6 accepted (0.0938 %)). Current N = 0. Average N = 0.002
2021-03-25 18:54:22,869 - INFO: 6450 move(s) completed (6 accepted (0.0930 %)). Current N = 0. Average N = 0.002
2021-03-25 18:54:30,707 - INFO: 6500 move(s) completed (6 accepted (0.0923 %)). Current N = 0. Average N = 0.002
2021-03-25 18:54:39,192 - INFO: 6550 move(s) completed (6 accepted (0.0916 %)). Current N = 0. Average N = 0.002
2021-03-25 18:54:47,188 - INFO: 6600 move(s) completed (6 accepted (0.0909 %)). Current N = 0. Average N = 0.002
2021-03-25 18:54:56,003 - INFO: 6650 move(s) completed (6 accepted (0.0902 %)). Current N = 0. Average N = 0.002
2021-03-25 18:55:04,025 - INFO: 6700 move(s) completed (6 accepted (0.0896 %)). Current N = 0. Average N = 0.002
2021-03-25 18:55:11,722 - INFO: 6750 move(s) completed (6 accepted (0.0889 %)). Current N = 0. Average N = 0.002
2021-03-25 18:55:19,491 - INFO: 6800 move(s) completed (6 accepted (0.0882 %)). Current N = 0. Average N = 0.002
2021-03-25 18:55:27,156 - INFO: 6850 move(s) completed (6 accepted (0.0876 %)). Current N = 0. Average N = 0.002
2021-03-25 18:55:34,434 - INFO: 6900 move(s) completed (6 accepted (0.0870 %)). Current N = 0. Average N = 0.001
2021-03-25 18:55:42,916 - INFO: 6950 move(s) completed (6 accepted (0.0863 %)). Current N = 0. Average N = 0.001
2021-03-25 18:55:51,250 - INFO: 7000 move(s) completed (8 accepted (0.1143 %)). Current N = 0. Average N = 0.002
2021-03-25 18:55:59,140 - INFO: 7050 move(s) completed (8 accepted (0.1135 %)). Current N = 0. Average N = 0.002
2021-03-25 18:56:06,840 - INFO: 7100 move(s) completed (8 accepted (0.1127 %)). Current N = 0. Average N = 0.002
2021-03-25 18:56:14,648 - INFO: 7150 move(s) completed (8 accepted (0.1119 %)). Current N = 0. Average N = 0.002
2021-03-25 18:56:23,073 - INFO: 7200 move(s) completed (8 accepted (0.1111 %)). Current N = 0. Average N = 0.002
2021-03-25 18:56:31,063 - INFO: 7250 move(s) completed (8 accepted (0.1103 %)). Current N = 0. Average N = 0.002
2021-03-25 18:56:38,469 - INFO: 7300 move(s) completed (8 accepted (0.1096 %)). Current N = 0. Average N = 0.002
2021-03-25 18:56:46,631 - INFO: 7350 move(s) completed (8 accepted (0.1088 %)). Current N = 0. Average N = 0.002
2021-03-25 18:56:54,242 - INFO: 7400 move(s) completed (10 accepted (0.1351 %)). Current N = 0. Average N = 0.002
2021-03-25 18:57:02,035 - INFO: 7450 move(s) completed (10 accepted (0.1342 %)). Current N = 0. Average N = 0.002
2021-03-25 18:57:09,928 - INFO: 7500 move(s) completed (10 accepted (0.1333 %)). Current N = 0. Average N = 0.002
2021-03-25 18:57:17,892 - INFO: 7550 move(s) completed (10 accepted (0.1325 %)). Current N = 0. Average N = 0.002
2021-03-25 18:57:26,764 - INFO: 7600 move(s) completed (12 accepted (0.1579 %)). Current N = 0. Average N = 0.002
2021-03-25 18:57:34,398 - INFO: 7650 move(s) completed (14 accepted (0.1830 %)). Current N = 0. Average N = 0.003
2021-03-25 18:57:42,354 - INFO: 7700 move(s) completed (14 accepted (0.1818 %)). Current N = 0. Average N = 0.003
2021-03-25 18:57:51,135 - INFO: 7750 move(s) completed (14 accepted (0.1806 %)). Current N = 0. Average N = 0.003
2021-03-25 18:57:59,664 - INFO: 7800 move(s) completed (14 accepted (0.1795 %)). Current N = 0. Average N = 0.003
2021-03-25 18:58:07,840 - INFO: 7850 move(s) completed (14 accepted (0.1783 %)). Current N = 0. Average N = 0.003
2021-03-25 18:58:15,887 - INFO: 7900 move(s) completed (15 accepted (0.1899 %)). Current N = 1. Average N = 0.004
2021-03-25 18:58:24,996 - INFO: 7950 move(s) completed (16 accepted (0.2013 %)). Current N = 0. Average N = 0.007
2021-03-25 18:58:32,763 - INFO: 8000 move(s) completed (16 accepted (0.2000 %)). Current N = 0. Average N = 0.007
2021-03-25 18:58:41,498 - INFO: 8050 move(s) completed (16 accepted (0.1988 %)). Current N = 0. Average N = 0.007
2021-03-25 18:58:49,541 - INFO: 8100 move(s) completed (16 accepted (0.1975 %)). Current N = 0. Average N = 0.007
2021-03-25 18:58:56,972 - INFO: 8150 move(s) completed (16 accepted (0.1963 %)). Current N = 0. Average N = 0.007
2021-03-25 18:59:05,353 - INFO: 8200 move(s) completed (18 accepted (0.2195 %)). Current N = 0. Average N = 0.008
2021-03-25 18:59:13,269 - INFO: 8250 move(s) completed (18 accepted (0.2182 %)). Current N = 0. Average N = 0.007
2021-03-25 18:59:20,669 - INFO: 8300 move(s) completed (18 accepted (0.2169 %)). Current N = 0. Average N = 0.007
2021-03-25 18:59:28,881 - INFO: 8350 move(s) completed (18 accepted (0.2156 %)). Current N = 0. Average N = 0.007
2021-03-25 18:59:36,637 - INFO: 8400 move(s) completed (18 accepted (0.2143 %)). Current N = 0. Average N = 0.007
2021-03-25 18:59:44,106 - INFO: 8450 move(s) completed (18 accepted (0.2130 %)). Current N = 0. Average N = 0.007
2021-03-25 18:59:52,563 - INFO: 8500 move(s) completed (18 accepted (0.2118 %)). Current N = 0. Average N = 0.007
2021-03-25 19:00:00,299 - INFO: 8550 move(s) completed (18 accepted (0.2105 %)). Current N = 0. Average N = 0.007
2021-03-25 19:00:08,078 - INFO: 8600 move(s) completed (18 accepted (0.2093 %)). Current N = 0. Average N = 0.007
2021-03-25 19:00:16,272 - INFO: 8650 move(s) completed (18 accepted (0.2081 %)). Current N = 0. Average N = 0.007
2021-03-25 19:00:23,721 - INFO: 8700 move(s) completed (18 accepted (0.2069 %)). Current N = 0. Average N = 0.007
2021-03-25 19:00:31,381 - INFO: 8750 move(s) completed (18 accepted (0.2057 %)). Current N = 0. Average N = 0.007
2021-03-25 19:00:39,281 - INFO: 8800 move(s) completed (18 accepted (0.2045 %)). Current N = 0. Average N = 0.007
2021-03-25 19:00:47,320 - INFO: 8850 move(s) completed (18 accepted (0.2034 %)). Current N = 0. Average N = 0.007
2021-03-25 19:00:55,437 - INFO: 8900 move(s) completed (18 accepted (0.2022 %)). Current N = 0. Average N = 0.007
2021-03-25 19:01:03,167 - INFO: 8950 move(s) completed (18 accepted (0.2011 %)). Current N = 0. Average N = 0.007
2021-03-25 19:01:11,452 - INFO: 9000 move(s) completed (18 accepted (0.2000 %)). Current N = 0. Average N = 0.007
2021-03-25 19:01:19,627 - INFO: 9050 move(s) completed (18 accepted (0.1989 %)). Current N = 0. Average N = 0.007
2021-03-25 19:01:27,312 - INFO: 9100 move(s) completed (18 accepted (0.1978 %)). Current N = 0. Average N = 0.007
2021-03-25 19:01:35,640 - INFO: 9150 move(s) completed (18 accepted (0.1967 %)). Current N = 0. Average N = 0.007
2021-03-25 19:01:43,153 - INFO: 9200 move(s) completed (18 accepted (0.1957 %)). Current N = 0. Average N = 0.007
2021-03-25 19:01:51,386 - INFO: 9250 move(s) completed (20 accepted (0.2162 %)). Current N = 0. Average N = 0.007
2021-03-25 19:01:59,301 - INFO: 9300 move(s) completed (20 accepted (0.2151 %)). Current N = 0. Average N = 0.007
2021-03-25 19:02:06,998 - INFO: 9350 move(s) completed (20 accepted (0.2139 %)). Current N = 0. Average N = 0.007
2021-03-25 19:02:15,201 - INFO: 9400 move(s) completed (20 accepted (0.2128 %)). Current N = 0. Average N = 0.007
2021-03-25 19:02:23,154 - INFO: 9450 move(s) completed (20 accepted (0.2116 %)). Current N = 0. Average N = 0.007
2021-03-25 19:02:31,619 - INFO: 9500 move(s) completed (20 accepted (0.2105 %)). Current N = 0. Average N = 0.007
2021-03-25 19:02:40,064 - INFO: 9550 move(s) completed (20 accepted (0.2094 %)). Current N = 0. Average N = 0.007
2021-03-25 19:02:47,877 - INFO: 9600 move(s) completed (20 accepted (0.2083 %)). Current N = 0. Average N = 0.007
2021-03-25 19:02:55,540 - INFO: 9650 move(s) completed (20 accepted (0.2073 %)). Current N = 0. Average N = 0.006
2021-03-25 19:03:03,414 - INFO: 9700 move(s) completed (20 accepted (0.2062 %)). Current N = 0. Average N = 0.006
2021-03-25 19:03:11,344 - INFO: 9750 move(s) completed (20 accepted (0.2051 %)). Current N = 0. Average N = 0.006
2021-03-25 19:03:19,185 - INFO: 9800 move(s) completed (20 accepted (0.2041 %)). Current N = 0. Average N = 0.006
2021-03-25 19:03:27,157 - INFO: 9850 move(s) completed (20 accepted (0.2030 %)). Current N = 0. Average N = 0.006
2021-03-25 19:03:35,322 - INFO: 9900 move(s) completed (20 accepted (0.2020 %)). Current N = 0. Average N = 0.006
2021-03-25 19:03:43,575 - INFO: 9950 move(s) completed (20 accepted (0.2010 %)). Current N = 0. Average N = 0.006
2021-03-25 19:03:51,309 - INFO: 10000 move(s) completed (20 accepted (0.2000 %)). Current N = 0. Average N = 0.006
2021-03-25 19:03:59,808 - INFO: 10050 move(s) completed (20 accepted (0.1990 %)). Current N = 0. Average N = 0.006
2021-03-25 19:04:07,574 - INFO: 10100 move(s) completed (20 accepted (0.1980 %)). Current N = 0. Average N = 0.006
2021-03-25 19:04:15,335 - INFO: 10150 move(s) completed (20 accepted (0.1970 %)). Current N = 0. Average N = 0.006
2021-03-25 19:04:23,364 - INFO: 10200 move(s) completed (20 accepted (0.1961 %)). Current N = 0. Average N = 0.006
2021-03-25 19:04:31,380 - INFO: 10250 move(s) completed (20 accepted (0.1951 %)). Current N = 0. Average N = 0.006
2021-03-25 19:04:40,501 - INFO: 10300 move(s) completed (21 accepted (0.2039 %)). Current N = 1. Average N = 0.009
2021-03-25 19:04:49,576 - INFO: 10350 move(s) completed (21 accepted (0.2029 %)). Current N = 1. Average N = 0.014
2021-03-25 19:04:58,641 - INFO: 10400 move(s) completed (21 accepted (0.2019 %)). Current N = 1. Average N = 0.019
2021-03-25 19:05:07,428 - INFO: 10450 move(s) completed (21 accepted (0.2010 %)). Current N = 1. Average N = 0.023
2021-03-25 19:05:16,514 - INFO: 10500 move(s) completed (21 accepted (0.2000 %)). Current N = 1. Average N = 0.028
2021-03-25 19:05:25,491 - INFO: 10550 move(s) completed (21 accepted (0.1991 %)). Current N = 1. Average N = 0.033
2021-03-25 19:05:34,391 - INFO: 10600 move(s) completed (21 accepted (0.1981 %)). Current N = 1. Average N = 0.037
2021-03-25 19:05:43,824 - INFO: 10650 move(s) completed (21 accepted (0.1972 %)). Current N = 1. Average N = 0.042
2021-03-25 19:05:52,635 - INFO: 10700 move(s) completed (21 accepted (0.1963 %)). Current N = 1. Average N = 0.046
2021-03-25 19:06:01,441 - INFO: 10750 move(s) completed (21 accepted (0.1953 %)). Current N = 1. Average N = 0.051
2021-03-25 19:06:10,254 - INFO: 10800 move(s) completed (21 accepted (0.1944 %)). Current N = 1. Average N = 0.055
2021-03-25 19:06:19,194 - INFO: 10850 move(s) completed (21 accepted (0.1935 %)). Current N = 1. Average N = 0.059
2021-03-25 19:06:28,604 - INFO: 10900 move(s) completed (21 accepted (0.1927 %)). Current N = 1. Average N = 0.064
2021-03-25 19:06:37,289 - INFO: 10950 move(s) completed (21 accepted (0.1918 %)). Current N = 1. Average N = 0.068
2021-03-25 19:06:46,546 - INFO: 11000 move(s) completed (21 accepted (0.1909 %)). Current N = 1. Average N = 0.072
2021-03-25 19:06:55,393 - INFO: 11050 move(s) completed (21 accepted (0.1900 %)). Current N = 1. Average N = 0.076
2021-03-25 19:07:04,622 - INFO: 11100 move(s) completed (21 accepted (0.1892 %)). Current N = 1. Average N = 0.081
2021-03-25 19:07:13,910 - INFO: 11150 move(s) completed (21 accepted (0.1883 %)). Current N = 1. Average N = 0.085
2021-03-25 19:07:22,912 - INFO: 11200 move(s) completed (21 accepted (0.1875 %)). Current N = 1. Average N = 0.089
2021-03-25 19:07:32,317 - INFO: 11250 move(s) completed (21 accepted (0.1867 %)). Current N = 1. Average N = 0.093
2021-03-25 19:07:41,243 - INFO: 11300 move(s) completed (21 accepted (0.1858 %)). Current N = 1. Average N = 0.097
2021-03-25 19:07:50,099 - INFO: 11350 move(s) completed (21 accepted (0.1850 %)). Current N = 1. Average N = 0.101
2021-03-25 19:07:59,046 - INFO: 11400 move(s) completed (21 accepted (0.1842 %)). Current N = 1. Average N = 0.105
2021-03-25 19:08:07,988 - INFO: 11450 move(s) completed (21 accepted (0.1834 %)). Current N = 1. Average N = 0.109
2021-03-25 19:08:17,370 - INFO: 11500 move(s) completed (21 accepted (0.1826 %)). Current N = 1. Average N = 0.113
2021-03-25 19:08:26,349 - INFO: 11550 move(s) completed (21 accepted (0.1818 %)). Current N = 1. Average N = 0.117
2021-03-25 19:08:35,738 - INFO: 11600 move(s) completed (21 accepted (0.1810 %)). Current N = 1. Average N = 0.120
2021-03-25 19:08:44,353 - INFO: 11650 move(s) completed (21 accepted (0.1803 %)). Current N = 1. Average N = 0.124
2021-03-25 19:08:53,665 - INFO: 11700 move(s) completed (21 accepted (0.1795 %)). Current N = 1. Average N = 0.128
2021-03-25 19:09:02,049 - INFO: 11750 move(s) completed (21 accepted (0.1787 %)). Current N = 1. Average N = 0.132
2021-03-25 19:09:11,202 - INFO: 11800 move(s) completed (21 accepted (0.1780 %)). Current N = 1. Average N = 0.135
2021-03-25 19:09:20,417 - INFO: 11850 move(s) completed (21 accepted (0.1772 %)). Current N = 1. Average N = 0.139
2021-03-25 19:09:29,440 - INFO: 11900 move(s) completed (21 accepted (0.1765 %)). Current N = 1. Average N = 0.142
2021-03-25 19:09:38,781 - INFO: 11950 move(s) completed (21 accepted (0.1757 %)). Current N = 1. Average N = 0.146
2021-03-25 19:09:47,716 - INFO: 12000 move(s) completed (21 accepted (0.1750 %)). Current N = 1. Average N = 0.150
2021-03-25 19:09:56,764 - INFO: 12050 move(s) completed (21 accepted (0.1743 %)). Current N = 1. Average N = 0.153
2021-03-25 19:10:06,189 - INFO: 12100 move(s) completed (21 accepted (0.1736 %)). Current N = 1. Average N = 0.157
2021-03-25 19:10:14,778 - INFO: 12150 move(s) completed (21 accepted (0.1728 %)). Current N = 1. Average N = 0.160
2021-03-25 19:10:24,017 - INFO: 12200 move(s) completed (23 accepted (0.1885 %)). Current N = 1. Average N = 0.164
2021-03-25 19:10:32,572 - INFO: 12250 move(s) completed (23 accepted (0.1878 %)). Current N = 1. Average N = 0.168
2021-03-25 19:10:41,660 - INFO: 12300 move(s) completed (23 accepted (0.1870 %)). Current N = 1. Average N = 0.171
2021-03-25 19:10:50,380 - INFO: 12350 move(s) completed (23 accepted (0.1862 %)). Current N = 1. Average N = 0.174
2021-03-25 19:10:59,486 - INFO: 12400 move(s) completed (25 accepted (0.2016 %)). Current N = 1. Average N = 0.179
2021-03-25 19:11:08,938 - INFO: 12450 move(s) completed (25 accepted (0.2008 %)). Current N = 1. Average N = 0.182
2021-03-25 19:11:17,987 - INFO: 12500 move(s) completed (25 accepted (0.2000 %)). Current N = 1. Average N = 0.185
2021-03-25 19:11:27,209 - INFO: 12550 move(s) completed (25 accepted (0.1992 %)). Current N = 1. Average N = 0.189
2021-03-25 19:11:35,882 - INFO: 12600 move(s) completed (25 accepted (0.1984 %)). Current N = 1. Average N = 0.192
2021-03-25 19:11:44,999 - INFO: 12650 move(s) completed (25 accepted (0.1976 %)). Current N = 1. Average N = 0.195
2021-03-25 19:11:54,269 - INFO: 12700 move(s) completed (25 accepted (0.1969 %)). Current N = 1. Average N = 0.198
2021-03-25 19:12:03,266 - INFO: 12750 move(s) completed (25 accepted (0.1961 %)). Current N = 1. Average N = 0.201
2021-03-25 19:12:12,419 - INFO: 12800 move(s) completed (25 accepted (0.1953 %)). Current N = 1. Average N = 0.204
2021-03-25 19:12:21,030 - INFO: 12850 move(s) completed (25 accepted (0.1946 %)). Current N = 1. Average N = 0.208
2021-03-25 19:12:29,745 - INFO: 12900 move(s) completed (25 accepted (0.1938 %)). Current N = 1. Average N = 0.211
2021-03-25 19:12:39,399 - INFO: 12950 move(s) completed (25 accepted (0.1931 %)). Current N = 1. Average N = 0.214
2021-03-25 19:12:48,022 - INFO: 13000 move(s) completed (25 accepted (0.1923 %)). Current N = 1. Average N = 0.217
2021-03-25 19:12:57,483 - INFO: 13050 move(s) completed (25 accepted (0.1916 %)). Current N = 1. Average N = 0.220
2021-03-25 19:13:06,282 - INFO: 13100 move(s) completed (25 accepted (0.1908 %)). Current N = 1. Average N = 0.223
2021-03-25 19:13:15,740 - INFO: 13150 move(s) completed (25 accepted (0.1901 %)). Current N = 1. Average N = 0.226
2021-03-25 19:13:24,136 - INFO: 13200 move(s) completed (25 accepted (0.1894 %)). Current N = 1. Average N = 0.229
2021-03-25 19:13:33,353 - INFO: 13250 move(s) completed (25 accepted (0.1887 %)). Current N = 1. Average N = 0.232
2021-03-25 19:13:42,581 - INFO: 13300 move(s) completed (25 accepted (0.1880 %)). Current N = 1. Average N = 0.234
2021-03-25 19:13:51,738 - INFO: 13350 move(s) completed (25 accepted (0.1873 %)). Current N = 1. Average N = 0.237
2021-03-25 19:14:00,735 - INFO: 13400 move(s) completed (25 accepted (0.1866 %)). Current N = 1. Average N = 0.240
2021-03-25 19:14:09,744 - INFO: 13450 move(s) completed (25 accepted (0.1859 %)). Current N = 1. Average N = 0.243
2021-03-25 19:14:18,886 - INFO: 13500 move(s) completed (25 accepted (0.1852 %)). Current N = 1. Average N = 0.246
2021-03-25 19:14:27,690 - INFO: 13550 move(s) completed (25 accepted (0.1845 %)). Current N = 1. Average N = 0.249
2021-03-25 19:14:36,737 - INFO: 13600 move(s) completed (25 accepted (0.1838 %)). Current N = 1. Average N = 0.251
2021-03-25 19:14:46,030 - INFO: 13650 move(s) completed (25 accepted (0.1832 %)). Current N = 1. Average N = 0.254
2021-03-25 19:14:54,916 - INFO: 13700 move(s) completed (25 accepted (0.1825 %)). Current N = 1. Average N = 0.257
2021-03-25 19:15:04,368 - INFO: 13750 move(s) completed (25 accepted (0.1818 %)). Current N = 1. Average N = 0.260
2021-03-25 19:15:13,280 - INFO: 13800 move(s) completed (25 accepted (0.1812 %)). Current N = 1. Average N = 0.262
2021-03-25 19:15:22,190 - INFO: 13850 move(s) completed (25 accepted (0.1805 %)). Current N = 1. Average N = 0.265
2021-03-25 19:15:31,006 - INFO: 13900 move(s) completed (25 accepted (0.1799 %)). Current N = 1. Average N = 0.268
2021-03-25 19:15:40,095 - INFO: 13950 move(s) completed (25 accepted (0.1792 %)). Current N = 1. Average N = 0.270
2021-03-25 19:15:49,210 - INFO: 14000 move(s) completed (25 accepted (0.1786 %)). Current N = 1. Average N = 0.273
2021-03-25 19:15:58,027 - INFO: 14050 move(s) completed (25 accepted (0.1779 %)). Current N = 1. Average N = 0.275
2021-03-25 19:16:07,394 - INFO: 14100 move(s) completed (25 accepted (0.1773 %)). Current N = 1. Average N = 0.278
2021-03-25 19:16:16,108 - INFO: 14150 move(s) completed (25 accepted (0.1767 %)). Current N = 1. Average N = 0.280
2021-03-25 19:16:25,381 - INFO: 14200 move(s) completed (27 accepted (0.1901 %)). Current N = 1. Average N = 0.284
2021-03-25 19:16:33,781 - INFO: 14250 move(s) completed (27 accepted (0.1895 %)). Current N = 1. Average N = 0.287
2021-03-25 19:16:42,975 - INFO: 14300 move(s) completed (27 accepted (0.1888 %)). Current N = 1. Average N = 0.289
2021-03-25 19:16:51,689 - INFO: 14350 move(s) completed (27 accepted (0.1882 %)). Current N = 1. Average N = 0.292
2021-03-25 19:17:00,792 - INFO: 14400 move(s) completed (27 accepted (0.1875 %)). Current N = 1. Average N = 0.294
2021-03-25 19:17:09,872 - INFO: 14450 move(s) completed (27 accepted (0.1869 %)). Current N = 1. Average N = 0.297
2021-03-25 19:17:18,908 - INFO: 14500 move(s) completed (27 accepted (0.1862 %)). Current N = 1. Average N = 0.299
2021-03-25 19:17:27,987 - INFO: 14550 move(s) completed (27 accepted (0.1856 %)). Current N = 1. Average N = 0.301
2021-03-25 19:17:36,580 - INFO: 14600 move(s) completed (27 accepted (0.1849 %)). Current N = 1. Average N = 0.304
2021-03-25 19:17:45,643 - INFO: 14650 move(s) completed (27 accepted (0.1843 %)). Current N = 1. Average N = 0.306
2021-03-25 19:17:54,286 - INFO: 14700 move(s) completed (27 accepted (0.1837 %)). Current N = 1. Average N = 0.309
2021-03-25 19:18:03,346 - INFO: 14750 move(s) completed (27 accepted (0.1831 %)). Current N = 1. Average N = 0.311
2021-03-25 19:18:12,857 - INFO: 14800 move(s) completed (27 accepted (0.1824 %)). Current N = 1. Average N = 0.313
2021-03-25 19:18:21,801 - INFO: 14850 move(s) completed (27 accepted (0.1818 %)). Current N = 1. Average N = 0.316
2021-03-25 19:18:31,165 - INFO: 14900 move(s) completed (27 accepted (0.1812 %)). Current N = 1. Average N = 0.318
2021-03-25 19:18:39,765 - INFO: 14950 move(s) completed (27 accepted (0.1806 %)). Current N = 1. Average N = 0.320
2021-03-25 19:18:48,724 - INFO: 15000 move(s) completed (27 accepted (0.1800 %)). Current N = 1. Average N = 0.323
2021-03-25 19:18:58,091 - INFO: 15050 move(s) completed (27 accepted (0.1794 %)). Current N = 1. Average N = 0.325
2021-03-25 19:19:07,086 - INFO: 15100 move(s) completed (27 accepted (0.1788 %)). Current N = 1. Average N = 0.327
2021-03-25 19:19:16,143 - INFO: 15150 move(s) completed (27 accepted (0.1782 %)). Current N = 1. Average N = 0.329
2021-03-25 19:19:24,869 - INFO: 15200 move(s) completed (27 accepted (0.1776 %)). Current N = 1. Average N = 0.331
2021-03-25 19:19:33,628 - INFO: 15250 move(s) completed (27 accepted (0.1770 %)). Current N = 1. Average N = 0.334
2021-03-25 19:19:42,112 - INFO: 15300 move(s) completed (27 accepted (0.1765 %)). Current N = 1. Average N = 0.336
2021-03-25 19:19:51,063 - INFO: 15350 move(s) completed (27 accepted (0.1759 %)). Current N = 1. Average N = 0.338
2021-03-25 19:20:00,275 - INFO: 15400 move(s) completed (27 accepted (0.1753 %)). Current N = 1. Average N = 0.340
2021-03-25 19:20:09,066 - INFO: 15450 move(s) completed (27 accepted (0.1748 %)). Current N = 1. Average N = 0.342
2021-03-25 19:20:18,364 - INFO: 15500 move(s) completed (27 accepted (0.1742 %)). Current N = 1. Average N = 0.344
2021-03-25 19:20:27,295 - INFO: 15550 move(s) completed (27 accepted (0.1736 %)). Current N = 1. Average N = 0.346
2021-03-25 19:20:36,239 - INFO: 15600 move(s) completed (27 accepted (0.1731 %)). Current N = 1. Average N = 0.348
2021-03-25 19:20:45,754 - INFO: 15650 move(s) completed (27 accepted (0.1725 %)). Current N = 1. Average N = 0.351
2021-03-25 19:20:54,611 - INFO: 15700 move(s) completed (27 accepted (0.1720 %)). Current N = 1. Average N = 0.353
2021-03-25 19:21:04,191 - INFO: 15750 move(s) completed (27 accepted (0.1714 %)). Current N = 1. Average N = 0.355
2021-03-25 19:21:13,148 - INFO: 15800 move(s) completed (27 accepted (0.1709 %)). Current N = 1. Average N = 0.357
2021-03-25 19:21:22,508 - INFO: 15850 move(s) completed (27 accepted (0.1703 %)). Current N = 1. Average N = 0.359
2021-03-25 19:21:31,779 - INFO: 15900 move(s) completed (27 accepted (0.1698 %)). Current N = 1. Average N = 0.361
2021-03-25 19:21:40,861 - INFO: 15950 move(s) completed (27 accepted (0.1693 %)). Current N = 1. Average N = 0.363
2021-03-25 19:21:50,097 - INFO: 16000 move(s) completed (27 accepted (0.1688 %)). Current N = 1. Average N = 0.365
2021-03-25 19:21:58,998 - INFO: 16050 move(s) completed (27 accepted (0.1682 %)). Current N = 1. Average N = 0.367
2021-03-25 19:22:08,412 - INFO: 16100 move(s) completed (27 accepted (0.1677 %)). Current N = 1. Average N = 0.369
2021-03-25 19:22:16,951 - INFO: 16150 move(s) completed (27 accepted (0.1672 %)). Current N = 1. Average N = 0.371
2021-03-25 19:22:25,717 - INFO: 16200 move(s) completed (27 accepted (0.1667 %)). Current N = 1. Average N = 0.373
2021-03-25 19:22:35,100 - INFO: 16250 move(s) completed (27 accepted (0.1662 %)). Current N = 1. Average N = 0.375
2021-03-25 19:22:44,048 - INFO: 16300 move(s) completed (27 accepted (0.1656 %)). Current N = 1. Average N = 0.377
2021-03-25 19:22:53,241 - INFO: 16350 move(s) completed (27 accepted (0.1651 %)). Current N = 1. Average N = 0.378
2021-03-25 19:23:02,481 - INFO: 16400 move(s) completed (27 accepted (0.1646 %)). Current N = 1. Average N = 0.380
2021-03-25 19:23:11,410 - INFO: 16450 move(s) completed (27 accepted (0.1641 %)). Current N = 1. Average N = 0.382
2021-03-25 19:23:20,706 - INFO: 16500 move(s) completed (27 accepted (0.1636 %)). Current N = 1. Average N = 0.384
2021-03-25 19:23:29,511 - INFO: 16550 move(s) completed (27 accepted (0.1631 %)). Current N = 1. Average N = 0.386
2021-03-25 19:23:38,665 - INFO: 16600 move(s) completed (27 accepted (0.1627 %)). Current N = 1. Average N = 0.388
2021-03-25 19:23:47,260 - INFO: 16650 move(s) completed (27 accepted (0.1622 %)). Current N = 1. Average N = 0.390
2021-03-25 19:23:56,266 - INFO: 16700 move(s) completed (29 accepted (0.1737 %)). Current N = 1. Average N = 0.392
2021-03-25 19:24:05,635 - INFO: 16750 move(s) completed (29 accepted (0.1731 %)). Current N = 1. Average N = 0.394
2021-03-25 19:24:14,629 - INFO: 16800 move(s) completed (29 accepted (0.1726 %)). Current N = 1. Average N = 0.395
2021-03-25 19:24:23,914 - INFO: 16850 move(s) completed (29 accepted (0.1721 %)). Current N = 1. Average N = 0.397
2021-03-25 19:24:32,845 - INFO: 16900 move(s) completed (29 accepted (0.1716 %)). Current N = 1. Average N = 0.399
2021-03-25 19:24:41,734 - INFO: 16950 move(s) completed (29 accepted (0.1711 %)). Current N = 1. Average N = 0.401
2021-03-25 19:24:50,348 - INFO: 17000 move(s) completed (29 accepted (0.1706 %)). Current N = 1. Average N = 0.403
2021-03-25 19:24:59,400 - INFO: 17050 move(s) completed (29 accepted (0.1701 %)). Current N = 1. Average N = 0.404
2021-03-25 19:25:09,023 - INFO: 17100 move(s) completed (29 accepted (0.1696 %)). Current N = 1. Average N = 0.406
2021-03-25 19:25:17,741 - INFO: 17150 move(s) completed (29 accepted (0.1691 %)). Current N = 1. Average N = 0.408
2021-03-25 19:25:27,063 - INFO: 17200 move(s) completed (29 accepted (0.1686 %)). Current N = 1. Average N = 0.409
2021-03-25 19:25:35,945 - INFO: 17250 move(s) completed (29 accepted (0.1681 %)). Current N = 1. Average N = 0.411
2021-03-25 19:25:45,179 - INFO: 17300 move(s) completed (29 accepted (0.1676 %)). Current N = 1. Average N = 0.413
2021-03-25 19:25:53,727 - INFO: 17350 move(s) completed (29 accepted (0.1671 %)). Current N = 1. Average N = 0.414
2021-03-25 19:26:02,703 - INFO: 17400 move(s) completed (29 accepted (0.1667 %)). Current N = 1. Average N = 0.416
2021-03-25 19:26:11,906 - INFO: 17450 move(s) completed (29 accepted (0.1662 %)). Current N = 1. Average N = 0.418
2021-03-25 19:26:21,004 - INFO: 17500 move(s) completed (29 accepted (0.1657 %)). Current N = 1. Average N = 0.419
2021-03-25 19:26:30,105 - INFO: 17550 move(s) completed (29 accepted (0.1652 %)). Current N = 1. Average N = 0.421
2021-03-25 19:26:38,987 - INFO: 17600 move(s) completed (29 accepted (0.1648 %)). Current N = 1. Average N = 0.423
2021-03-25 19:26:48,161 - INFO: 17650 move(s) completed (29 accepted (0.1643 %)). Current N = 1. Average N = 0.424
2021-03-25 19:26:57,674 - INFO: 17700 move(s) completed (29 accepted (0.1638 %)). Current N = 1. Average N = 0.426
2021-03-25 19:27:06,871 - INFO: 17750 move(s) completed (29 accepted (0.1634 %)). Current N = 1. Average N = 0.428
2021-03-25 19:27:16,410 - INFO: 17800 move(s) completed (29 accepted (0.1629 %)). Current N = 1. Average N = 0.429
2021-03-25 19:27:25,079 - INFO: 17850 move(s) completed (29 accepted (0.1625 %)). Current N = 1. Average N = 0.431
2021-03-25 19:27:34,353 - INFO: 17900 move(s) completed (29 accepted (0.1620 %)). Current N = 1. Average N = 0.432
2021-03-25 19:27:43,669 - INFO: 17950 move(s) completed (29 accepted (0.1616 %)). Current N = 1. Average N = 0.434
2021-03-25 19:27:52,665 - INFO: 18000 move(s) completed (29 accepted (0.1611 %)). Current N = 1. Average N = 0.436
2021-03-25 19:28:01,829 - INFO: 18050 move(s) completed (29 accepted (0.1607 %)). Current N = 1. Average N = 0.437
2021-03-25 19:28:10,894 - INFO: 18100 move(s) completed (29 accepted (0.1602 %)). Current N = 1. Average N = 0.439
2021-03-25 19:28:20,093 - INFO: 18150 move(s) completed (29 accepted (0.1598 %)). Current N = 1. Average N = 0.440
2021-03-25 19:28:28,527 - INFO: 18200 move(s) completed (29 accepted (0.1593 %)). Current N = 1. Average N = 0.442
2021-03-25 19:28:37,393 - INFO: 18250 move(s) completed (29 accepted (0.1589 %)). Current N = 1. Average N = 0.443
2021-03-25 19:28:46,812 - INFO: 18300 move(s) completed (29 accepted (0.1585 %)). Current N = 1. Average N = 0.445
2021-03-25 19:28:55,749 - INFO: 18350 move(s) completed (29 accepted (0.1580 %)). Current N = 1. Average N = 0.446
2021-03-25 19:29:04,833 - INFO: 18400 move(s) completed (29 accepted (0.1576 %)). Current N = 1. Average N = 0.448
2021-03-25 19:29:13,684 - INFO: 18450 move(s) completed (29 accepted (0.1572 %)). Current N = 1. Average N = 0.449
2021-03-25 19:29:22,976 - INFO: 18500 move(s) completed (29 accepted (0.1568 %)). Current N = 1. Average N = 0.451
2021-03-25 19:29:32,126 - INFO: 18550 move(s) completed (29 accepted (0.1563 %)). Current N = 1. Average N = 0.452
2021-03-25 19:29:41,036 - INFO: 18600 move(s) completed (29 accepted (0.1559 %)). Current N = 1. Average N = 0.454
2021-03-25 19:29:50,188 - INFO: 18650 move(s) completed (29 accepted (0.1555 %)). Current N = 1. Average N = 0.455
2021-03-25 19:29:59,046 - INFO: 18700 move(s) completed (29 accepted (0.1551 %)). Current N = 1. Average N = 0.457
2021-03-25 19:30:08,166 - INFO: 18750 move(s) completed (29 accepted (0.1547 %)). Current N = 1. Average N = 0.458
2021-03-25 19:30:16,732 - INFO: 18800 move(s) completed (29 accepted (0.1543 %)). Current N = 1. Average N = 0.460
2021-03-25 19:30:25,814 - INFO: 18850 move(s) completed (29 accepted (0.1538 %)). Current N = 1. Average N = 0.461
2021-03-25 19:30:35,178 - INFO: 18900 move(s) completed (29 accepted (0.1534 %)). Current N = 1. Average N = 0.463
2021-03-25 19:30:44,213 - INFO: 18950 move(s) completed (29 accepted (0.1530 %)). Current N = 1. Average N = 0.464
2021-03-25 19:30:53,338 - INFO: 19000 move(s) completed (29 accepted (0.1526 %)). Current N = 1. Average N = 0.465
2021-03-25 19:31:02,315 - INFO: 19050 move(s) completed (29 accepted (0.1522 %)). Current N = 1. Average N = 0.467
2021-03-25 19:31:11,461 - INFO: 19100 move(s) completed (29 accepted (0.1518 %)). Current N = 1. Average N = 0.468
2021-03-25 19:31:21,151 - INFO: 19150 move(s) completed (29 accepted (0.1514 %)). Current N = 1. Average N = 0.470
2021-03-25 19:31:30,108 - INFO: 19200 move(s) completed (29 accepted (0.1510 %)). Current N = 1. Average N = 0.471
2021-03-25 19:31:39,495 - INFO: 19250 move(s) completed (29 accepted (0.1506 %)). Current N = 1. Average N = 0.472
2021-03-25 19:31:48,156 - INFO: 19300 move(s) completed (29 accepted (0.1503 %)). Current N = 1. Average N = 0.474
2021-03-25 19:31:57,535 - INFO: 19350 move(s) completed (29 accepted (0.1499 %)). Current N = 1. Average N = 0.475
2021-03-25 19:32:07,077 - INFO: 19400 move(s) completed (29 accepted (0.1495 %)). Current N = 1. Average N = 0.476
2021-03-25 19:32:16,115 - INFO: 19450 move(s) completed (29 accepted (0.1491 %)). Current N = 1. Average N = 0.478
2021-03-25 19:32:25,361 - INFO: 19500 move(s) completed (29 accepted (0.1487 %)). Current N = 1. Average N = 0.479
2021-03-25 19:32:34,114 - INFO: 19550 move(s) completed (29 accepted (0.1483 %)). Current N = 1. Average N = 0.480
2021-03-25 19:32:43,268 - INFO: 19600 move(s) completed (29 accepted (0.1480 %)). Current N = 1. Average N = 0.482
2021-03-25 19:32:52,034 - INFO: 19650 move(s) completed (29 accepted (0.1476 %)). Current N = 1. Average N = 0.483
2021-03-25 19:33:01,177 - INFO: 19700 move(s) completed (29 accepted (0.1472 %)). Current N = 1. Average N = 0.484
2021-03-25 19:33:10,403 - INFO: 19750 move(s) completed (29 accepted (0.1468 %)). Current N = 1. Average N = 0.486
2021-03-25 19:33:19,079 - INFO: 19800 move(s) completed (29 accepted (0.1465 %)). Current N = 1. Average N = 0.487
2021-03-25 19:33:28,722 - INFO: 19850 move(s) completed (29 accepted (0.1461 %)). Current N = 1. Average N = 0.488
2021-03-25 19:33:37,416 - INFO: 19900 move(s) completed (29 accepted (0.1457 %)). Current N = 1. Average N = 0.489
2021-03-25 19:33:46,464 - INFO: 19950 move(s) completed (29 accepted (0.1454 %)). Current N = 1. Average N = 0.491
2021-03-25 19:33:55,749 - INFO: 20000 move(s) completed (29 accepted (0.1450 %)). Current N = 1. Average N = 0.492
2021-03-25 19:34:04,643 - INFO: 20050 move(s) completed (29 accepted (0.1446 %)). Current N = 1. Average N = 0.493
2021-03-25 19:34:13,944 - INFO: 20100 move(s) completed (29 accepted (0.1443 %)). Current N = 1. Average N = 0.495
2021-03-25 19:34:22,884 - INFO: 20150 move(s) completed (29 accepted (0.1439 %)). Current N = 1. Average N = 0.496
2021-03-25 19:34:31,801 - INFO: 20200 move(s) completed (29 accepted (0.1436 %)). Current N = 1. Average N = 0.497
2021-03-25 19:34:40,551 - INFO: 20250 move(s) completed (29 accepted (0.1432 %)). Current N = 1. Average N = 0.498
2021-03-25 19:34:49,300 - INFO: 20300 move(s) completed (29 accepted (0.1429 %)). Current N = 1. Average N = 0.500
2021-03-25 19:34:58,621 - INFO: 20350 move(s) completed (29 accepted (0.1425 %)). Current N = 1. Average N = 0.501
2021-03-25 19:35:07,540 - INFO: 20400 move(s) completed (29 accepted (0.1422 %)). Current N = 1. Average N = 0.502
2021-03-25 19:35:16,733 - INFO: 20450 move(s) completed (29 accepted (0.1418 %)). Current N = 1. Average N = 0.503
2021-03-25 19:35:25,655 - INFO: 20500 move(s) completed (29 accepted (0.1415 %)). Current N = 1. Average N = 0.504
2021-03-25 19:35:34,746 - INFO: 20550 move(s) completed (29 accepted (0.1411 %)). Current N = 1. Average N = 0.506
2021-03-25 19:35:43,343 - INFO: 20600 move(s) completed (29 accepted (0.1408 %)). Current N = 1. Average N = 0.507
2021-03-25 19:35:52,350 - INFO: 20650 move(s) completed (29 accepted (0.1404 %)). Current N = 1. Average N = 0.508
2021-03-25 19:36:01,779 - INFO: 20700 move(s) completed (29 accepted (0.1401 %)). Current N = 1. Average N = 0.509
2021-03-25 19:36:10,661 - INFO: 20750 move(s) completed (29 accepted (0.1398 %)). Current N = 1. Average N = 0.510
2021-03-25 19:36:19,981 - INFO: 20800 move(s) completed (29 accepted (0.1394 %)). Current N = 1. Average N = 0.512
2021-03-25 19:36:28,592 - INFO: 20850 move(s) completed (29 accepted (0.1391 %)). Current N = 1. Average N = 0.513
2021-03-25 19:36:37,924 - INFO: 20900 move(s) completed (29 accepted (0.1388 %)). Current N = 1. Average N = 0.514
2021-03-25 19:36:47,074 - INFO: 20950 move(s) completed (29 accepted (0.1384 %)). Current N = 1. Average N = 0.515
2021-03-25 19:36:56,162 - INFO: 21000 move(s) completed (29 accepted (0.1381 %)). Current N = 1. Average N = 0.516
2021-03-25 19:37:05,232 - INFO: 21050 move(s) completed (29 accepted (0.1378 %)). Current N = 1. Average N = 0.517
2021-03-25 19:37:14,682 - INFO: 21100 move(s) completed (29 accepted (0.1374 %)). Current N = 1. Average N = 0.519
2021-03-25 19:37:23,592 - INFO: 21150 move(s) completed (29 accepted (0.1371 %)). Current N = 1. Average N = 0.520
2021-03-25 19:37:32,385 - INFO: 21200 move(s) completed (29 accepted (0.1368 %)). Current N = 1. Average N = 0.521
2021-03-25 19:37:41,394 - INFO: 21250 move(s) completed (29 accepted (0.1365 %)). Current N = 1. Average N = 0.522
2021-03-25 19:37:50,648 - INFO: 21300 move(s) completed (29 accepted (0.1362 %)). Current N = 1. Average N = 0.523
2021-03-25 19:37:59,560 - INFO: 21350 move(s) completed (29 accepted (0.1358 %)). Current N = 1. Average N = 0.524
2021-03-25 19:38:08,731 - INFO: 21400 move(s) completed (29 accepted (0.1355 %)). Current N = 1. Average N = 0.525
2021-03-25 19:38:17,294 - INFO: 21450 move(s) completed (29 accepted (0.1352 %)). Current N = 1. Average N = 0.526
2021-03-25 19:38:26,596 - INFO: 21500 move(s) completed (29 accepted (0.1349 %)). Current N = 1. Average N = 0.527
2021-03-25 19:38:35,212 - INFO: 21550 move(s) completed (29 accepted (0.1346 %)). Current N = 1. Average N = 0.529
2021-03-25 19:38:44,383 - INFO: 21600 move(s) completed (29 accepted (0.1343 %)). Current N = 1. Average N = 0.530
2021-03-25 19:38:53,718 - INFO: 21650 move(s) completed (29 accepted (0.1339 %)). Current N = 1. Average N = 0.531
2021-03-25 19:39:02,661 - INFO: 21700 move(s) completed (29 accepted (0.1336 %)). Current N = 1. Average N = 0.532
2021-03-25 19:39:11,926 - INFO: 21750 move(s) completed (29 accepted (0.1333 %)). Current N = 1. Average N = 0.533
2021-03-25 19:39:20,665 - INFO: 21800 move(s) completed (29 accepted (0.1330 %)). Current N = 1. Average N = 0.534
2021-03-25 19:39:29,666 - INFO: 21850 move(s) completed (29 accepted (0.1327 %)). Current N = 1. Average N = 0.535
2021-03-25 19:39:38,786 - INFO: 21900 move(s) completed (29 accepted (0.1324 %)). Current N = 1. Average N = 0.536
2021-03-25 19:39:47,658 - INFO: 21950 move(s) completed (29 accepted (0.1321 %)). Current N = 1. Average N = 0.537
2021-03-25 19:39:56,612 - INFO: 22000 move(s) completed (29 accepted (0.1318 %)). Current N = 1. Average N = 0.538
2021-03-25 19:40:05,464 - INFO: 22050 move(s) completed (29 accepted (0.1315 %)). Current N = 1. Average N = 0.539
2021-03-25 19:40:14,659 - INFO: 22100 move(s) completed (29 accepted (0.1312 %)). Current N = 1. Average N = 0.540
2021-03-25 19:40:24,133 - INFO: 22150 move(s) completed (29 accepted (0.1309 %)). Current N = 1. Average N = 0.541
2021-03-25 19:40:33,173 - INFO: 22200 move(s) completed (29 accepted (0.1306 %)). Current N = 1. Average N = 0.542
2021-03-25 19:40:42,519 - INFO: 22250 move(s) completed (29 accepted (0.1303 %)). Current N = 1. Average N = 0.543
2021-03-25 19:40:51,474 - INFO: 22300 move(s) completed (29 accepted (0.1300 %)). Current N = 1. Average N = 0.544
2021-03-25 19:41:00,659 - INFO: 22350 move(s) completed (29 accepted (0.1298 %)). Current N = 1. Average N = 0.545
2021-03-25 19:41:09,866 - INFO: 22400 move(s) completed (29 accepted (0.1295 %)). Current N = 1. Average N = 0.546
2021-03-25 19:41:18,887 - INFO: 22450 move(s) completed (29 accepted (0.1292 %)). Current N = 1. Average N = 0.547
2021-03-25 19:41:28,066 - INFO: 22500 move(s) completed (29 accepted (0.1289 %)). Current N = 1. Average N = 0.548
2021-03-25 19:41:36,926 - INFO: 22550 move(s) completed (29 accepted (0.1286 %)). Current N = 1. Average N = 0.549
2021-03-25 19:41:45,894 - INFO: 22600 move(s) completed (29 accepted (0.1283 %)). Current N = 1. Average N = 0.550
2021-03-25 19:41:55,505 - INFO: 22650 move(s) completed (29 accepted (0.1280 %)). Current N = 1. Average N = 0.551
2021-03-25 19:42:04,463 - INFO: 22700 move(s) completed (29 accepted (0.1278 %)). Current N = 1. Average N = 0.552
2021-03-25 19:42:13,915 - INFO: 22750 move(s) completed (29 accepted (0.1275 %)). Current N = 1. Average N = 0.553
2021-03-25 19:42:22,576 - INFO: 22800 move(s) completed (29 accepted (0.1272 %)). Current N = 1. Average N = 0.554
2021-03-25 19:42:31,849 - INFO: 22850 move(s) completed (29 accepted (0.1269 %)). Current N = 1. Average N = 0.555
2021-03-25 19:42:40,401 - INFO: 22900 move(s) completed (29 accepted (0.1266 %)). Current N = 1. Average N = 0.556
2021-03-25 19:42:49,278 - INFO: 22950 move(s) completed (29 accepted (0.1264 %)). Current N = 1. Average N = 0.557
2021-03-25 19:42:58,510 - INFO: 23000 move(s) completed (29 accepted (0.1261 %)). Current N = 1. Average N = 0.558
2021-03-25 19:43:07,259 - INFO: 23050 move(s) completed (31 accepted (0.1345 %)). Current N = 1. Average N = 0.559
2021-03-25 19:43:16,662 - INFO: 23100 move(s) completed (31 accepted (0.1342 %)). Current N = 1. Average N = 0.560
2021-03-25 19:43:25,360 - INFO: 23150 move(s) completed (31 accepted (0.1339 %)). Current N = 1. Average N = 0.561
2021-03-25 19:43:34,488 - INFO: 23200 move(s) completed (31 accepted (0.1336 %)). Current N = 1. Average N = 0.562
2021-03-25 19:43:42,993 - INFO: 23250 move(s) completed (31 accepted (0.1333 %)). Current N = 1. Average N = 0.563
2021-03-25 19:43:52,027 - INFO: 23300 move(s) completed (31 accepted (0.1330 %)). Current N = 1. Average N = 0.564
2021-03-25 19:44:00,637 - INFO: 23350 move(s) completed (31 accepted (0.1328 %)). Current N = 1. Average N = 0.565
2021-03-25 19:44:09,751 - INFO: 23400 move(s) completed (31 accepted (0.1325 %)). Current N = 1. Average N = 0.566
2021-03-25 19:44:19,109 - INFO: 23450 move(s) completed (31 accepted (0.1322 %)). Current N = 1. Average N = 0.567
2021-03-25 19:44:28,138 - INFO: 23500 move(s) completed (31 accepted (0.1319 %)). Current N = 1. Average N = 0.568
2021-03-25 19:44:37,162 - INFO: 23550 move(s) completed (31 accepted (0.1316 %)). Current N = 1. Average N = 0.569
2021-03-25 19:44:46,031 - INFO: 23600 move(s) completed (31 accepted (0.1314 %)). Current N = 1. Average N = 0.570
2021-03-25 19:44:55,046 - INFO: 23650 move(s) completed (31 accepted (0.1311 %)). Current N = 1. Average N = 0.571
2021-03-25 19:45:04,589 - INFO: 23700 move(s) completed (31 accepted (0.1308 %)). Current N = 1. Average N = 0.572
2021-03-25 19:45:13,294 - INFO: 23750 move(s) completed (31 accepted (0.1305 %)). Current N = 1. Average N = 0.573
2021-03-25 19:45:22,788 - INFO: 23800 move(s) completed (31 accepted (0.1303 %)). Current N = 1. Average N = 0.573
2021-03-25 19:45:31,387 - INFO: 23850 move(s) completed (31 accepted (0.1300 %)). Current N = 1. Average N = 0.574
2021-03-25 19:45:40,678 - INFO: 23900 move(s) completed (31 accepted (0.1297 %)). Current N = 1. Average N = 0.575
2021-03-25 19:45:49,920 - INFO: 23950 move(s) completed (31 accepted (0.1294 %)). Current N = 1. Average N = 0.576
2021-03-25 19:45:58,808 - INFO: 24000 move(s) completed (33 accepted (0.1375 %)). Current N = 1. Average N = 0.577
2021-03-25 19:46:08,136 - INFO: 24050 move(s) completed (35 accepted (0.1455 %)). Current N = 1. Average N = 0.579
2021-03-25 19:46:17,025 - INFO: 24100 move(s) completed (35 accepted (0.1452 %)). Current N = 1. Average N = 0.580
2021-03-25 19:46:25,737 - INFO: 24150 move(s) completed (35 accepted (0.1449 %)). Current N = 1. Average N = 0.581
2021-03-25 19:46:34,569 - INFO: 24200 move(s) completed (35 accepted (0.1446 %)). Current N = 1. Average N = 0.581
2021-03-25 19:46:43,350 - INFO: 24250 move(s) completed (35 accepted (0.1443 %)). Current N = 1. Average N = 0.582
2021-03-25 19:46:52,853 - INFO: 24300 move(s) completed (35 accepted (0.1440 %)). Current N = 1. Average N = 0.583
2021-03-25 19:47:01,635 - INFO: 24350 move(s) completed (35 accepted (0.1437 %)). Current N = 1. Average N = 0.584
2021-03-25 19:47:10,966 - INFO: 24400 move(s) completed (35 accepted (0.1434 %)). Current N = 1. Average N = 0.585
2021-03-25 19:47:19,568 - INFO: 24450 move(s) completed (35 accepted (0.1431 %)). Current N = 1. Average N = 0.586
2021-03-25 19:47:28,648 - INFO: 24500 move(s) completed (35 accepted (0.1429 %)). Current N = 1. Average N = 0.587
2021-03-25 19:47:38,199 - INFO: 24550 move(s) completed (35 accepted (0.1426 %)). Current N = 1. Average N = 0.587
2021-03-25 19:47:47,186 - INFO: 24600 move(s) completed (35 accepted (0.1423 %)). Current N = 1. Average N = 0.588
2021-03-25 19:47:56,523 - INFO: 24650 move(s) completed (35 accepted (0.1420 %)). Current N = 1. Average N = 0.589
2021-03-25 19:48:05,042 - INFO: 24700 move(s) completed (35 accepted (0.1417 %)). Current N = 1. Average N = 0.590
2021-03-25 19:48:13,838 - INFO: 24750 move(s) completed (35 accepted (0.1414 %)). Current N = 1. Average N = 0.591
2021-03-25 19:48:22,556 - INFO: 24800 move(s) completed (35 accepted (0.1411 %)). Current N = 1. Average N = 0.592
2021-03-25 19:48:31,476 - INFO: 24850 move(s) completed (35 accepted (0.1408 %)). Current N = 1. Average N = 0.592
2021-03-25 19:48:40,539 - INFO: 24900 move(s) completed (35 accepted (0.1406 %)). Current N = 1. Average N = 0.593
2021-03-25 19:48:49,662 - INFO: 24950 move(s) completed (35 accepted (0.1403 %)). Current N = 1. Average N = 0.594
2021-03-25 19:48:58,935 - INFO: 25000 move(s) completed (35 accepted (0.1400 %)). Current N = 1. Average N = 0.595
2021-03-25 19:49:07,663 - INFO: 25050 move(s) completed (35 accepted (0.1397 %)). Current N = 1. Average N = 0.596
2021-03-25 19:49:16,550 - INFO: 25100 move(s) completed (35 accepted (0.1394 %)). Current N = 1. Average N = 0.597
2021-03-25 19:49:25,435 - INFO: 25150 move(s) completed (35 accepted (0.1392 %)). Current N = 1. Average N = 0.597
2021-03-25 19:49:34,463 - INFO: 25200 move(s) completed (35 accepted (0.1389 %)). Current N = 1. Average N = 0.598
2021-03-25 19:49:43,942 - INFO: 25250 move(s) completed (35 accepted (0.1386 %)). Current N = 1. Average N = 0.599
2021-03-25 19:49:52,628 - INFO: 25300 move(s) completed (35 accepted (0.1383 %)). Current N = 1. Average N = 0.600
2021-03-25 19:50:01,855 - INFO: 25350 move(s) completed (35 accepted (0.1381 %)). Current N = 1. Average N = 0.600
2021-03-25 19:50:10,544 - INFO: 25400 move(s) completed (35 accepted (0.1378 %)). Current N = 1. Average N = 0.601
2021-03-25 19:50:19,756 - INFO: 25450 move(s) completed (35 accepted (0.1375 %)). Current N = 1. Average N = 0.602
2021-03-25 19:50:29,027 - INFO: 25500 move(s) completed (35 accepted (0.1373 %)). Current N = 1. Average N = 0.603
2021-03-25 19:50:37,919 - INFO: 25550 move(s) completed (35 accepted (0.1370 %)). Current N = 1. Average N = 0.604
2021-03-25 19:50:47,107 - INFO: 25600 move(s) completed (35 accepted (0.1367 %)). Current N = 1. Average N = 0.604
2021-03-25 19:50:56,051 - INFO: 25650 move(s) completed (35 accepted (0.1365 %)). Current N = 1. Average N = 0.605
2021-03-25 19:51:05,160 - INFO: 25700 move(s) completed (35 accepted (0.1362 %)). Current N = 1. Average N = 0.606
2021-03-25 19:51:15,054 - INFO: 25750 move(s) completed (35 accepted (0.1359 %)). Current N = 1. Average N = 0.607
2021-03-25 19:51:23,623 - INFO: 25800 move(s) completed (35 accepted (0.1357 %)). Current N = 1. Average N = 0.607
2021-03-25 19:51:32,671 - INFO: 25850 move(s) completed (35 accepted (0.1354 %)). Current N = 1. Average N = 0.608
2021-03-25 19:51:41,347 - INFO: 25900 move(s) completed (35 accepted (0.1351 %)). Current N = 1. Average N = 0.609
2021-03-25 19:51:50,470 - INFO: 25950 move(s) completed (35 accepted (0.1349 %)). Current N = 1. Average N = 0.610
2021-03-25 19:52:00,116 - INFO: 26000 move(s) completed (35 accepted (0.1346 %)). Current N = 1. Average N = 0.610
2021-03-25 19:52:08,760 - INFO: 26050 move(s) completed (37 accepted (0.1420 %)). Current N = 1. Average N = 0.611
2021-03-25 19:52:17,933 - INFO: 26100 move(s) completed (37 accepted (0.1418 %)). Current N = 1. Average N = 0.612
2021-03-25 19:52:26,562 - INFO: 26150 move(s) completed (37 accepted (0.1415 %)). Current N = 1. Average N = 0.613
2021-03-25 19:52:35,677 - INFO: 26200 move(s) completed (37 accepted (0.1412 %)). Current N = 1. Average N = 0.613
2021-03-25 19:52:44,353 - INFO: 26250 move(s) completed (37 accepted (0.1410 %)). Current N = 1. Average N = 0.614
2021-03-25 19:52:53,344 - INFO: 26300 move(s) completed (37 accepted (0.1407 %)). Current N = 1. Average N = 0.615
2021-03-25 19:53:02,643 - INFO: 26350 move(s) completed (37 accepted (0.1404 %)). Current N = 1. Average N = 0.616
2021-03-25 19:53:11,585 - INFO: 26400 move(s) completed (37 accepted (0.1402 %)). Current N = 1. Average N = 0.616
2021-03-25 19:53:20,756 - INFO: 26450 move(s) completed (37 accepted (0.1399 %)). Current N = 1. Average N = 0.617
2021-03-25 19:53:30,210 - INFO: 26500 move(s) completed (37 accepted (0.1396 %)). Current N = 1. Average N = 0.618
2021-03-25 19:53:39,308 - INFO: 26550 move(s) completed (37 accepted (0.1394 %)). Current N = 1. Average N = 0.619
2021-03-25 19:53:48,671 - INFO: 26600 move(s) completed (37 accepted (0.1391 %)). Current N = 1. Average N = 0.619
2021-03-25 19:53:57,492 - INFO: 26650 move(s) completed (37 accepted (0.1388 %)). Current N = 1. Average N = 0.620
2021-03-25 19:54:07,001 - INFO: 26700 move(s) completed (37 accepted (0.1386 %)). Current N = 1. Average N = 0.621
2021-03-25 19:54:15,859 - INFO: 26750 move(s) completed (37 accepted (0.1383 %)). Current N = 1. Average N = 0.621
2021-03-25 19:54:25,051 - INFO: 26800 move(s) completed (37 accepted (0.1381 %)). Current N = 1. Average N = 0.622
2021-03-25 19:54:34,586 - INFO: 26850 move(s) completed (37 accepted (0.1378 %)). Current N = 1. Average N = 0.623
2021-03-25 19:54:43,499 - INFO: 26900 move(s) completed (37 accepted (0.1375 %)). Current N = 1. Average N = 0.624
2021-03-25 19:54:52,915 - INFO: 26950 move(s) completed (37 accepted (0.1373 %)). Current N = 1. Average N = 0.624
2021-03-25 19:55:01,909 - INFO: 27000 move(s) completed (37 accepted (0.1370 %)). Current N = 1. Average N = 0.625
2021-03-25 19:55:10,824 - INFO: 27050 move(s) completed (37 accepted (0.1368 %)). Current N = 1. Average N = 0.626
2021-03-25 19:55:19,691 - INFO: 27100 move(s) completed (37 accepted (0.1365 %)). Current N = 1. Average N = 0.626
2021-03-25 19:55:28,563 - INFO: 27150 move(s) completed (37 accepted (0.1363 %)). Current N = 1. Average N = 0.627
2021-03-25 19:55:38,052 - INFO: 27200 move(s) completed (37 accepted (0.1360 %)). Current N = 1. Average N = 0.628
2021-03-25 19:55:47,114 - INFO: 27250 move(s) completed (37 accepted (0.1358 %)). Current N = 1. Average N = 0.628
2021-03-25 19:55:56,435 - INFO: 27300 move(s) completed (37 accepted (0.1355 %)). Current N = 1. Average N = 0.629
2021-03-25 19:56:04,938 - INFO: 27350 move(s) completed (37 accepted (0.1353 %)). Current N = 1. Average N = 0.630
2021-03-25 19:56:13,981 - INFO: 27400 move(s) completed (37 accepted (0.1350 %)). Current N = 1. Average N = 0.630
2021-03-25 19:56:22,624 - INFO: 27450 move(s) completed (37 accepted (0.1348 %)). Current N = 1. Average N = 0.631
2021-03-25 19:56:31,773 - INFO: 27500 move(s) completed (37 accepted (0.1345 %)). Current N = 1. Average N = 0.632
2021-03-25 19:56:41,111 - INFO: 27550 move(s) completed (37 accepted (0.1343 %)). Current N = 1. Average N = 0.632
2021-03-25 19:56:49,869 - INFO: 27600 move(s) completed (37 accepted (0.1341 %)). Current N = 1. Average N = 0.633
2021-03-25 19:56:59,024 - INFO: 27650 move(s) completed (37 accepted (0.1338 %)). Current N = 1. Average N = 0.634
2021-03-25 19:57:07,990 - INFO: 27700 move(s) completed (37 accepted (0.1336 %)). Current N = 1. Average N = 0.634
2021-03-25 19:57:17,332 - INFO: 27750 move(s) completed (37 accepted (0.1333 %)). Current N = 1. Average N = 0.635
2021-03-25 19:57:26,920 - INFO: 27800 move(s) completed (37 accepted (0.1331 %)). Current N = 1. Average N = 0.636
2021-03-25 19:57:35,885 - INFO: 27850 move(s) completed (37 accepted (0.1329 %)). Current N = 1. Average N = 0.636
2021-03-25 19:57:44,983 - INFO: 27900 move(s) completed (37 accepted (0.1326 %)). Current N = 1. Average N = 0.637
2021-03-25 19:57:53,778 - INFO: 27950 move(s) completed (37 accepted (0.1324 %)). Current N = 1. Average N = 0.638
2021-03-25 19:58:03,045 - INFO: 28000 move(s) completed (37 accepted (0.1321 %)). Current N = 1. Average N = 0.638
2021-03-25 19:58:12,625 - INFO: 28050 move(s) completed (37 accepted (0.1319 %)). Current N = 1. Average N = 0.639
2021-03-25 19:58:21,312 - INFO: 28100 move(s) completed (37 accepted (0.1317 %)). Current N = 1. Average N = 0.640
2021-03-25 19:58:30,675 - INFO: 28150 move(s) completed (37 accepted (0.1314 %)). Current N = 1. Average N = 0.640
2021-03-25 19:58:39,194 - INFO: 28200 move(s) completed (37 accepted (0.1312 %)). Current N = 1. Average N = 0.641
2021-03-25 19:58:48,736 - INFO: 28250 move(s) completed (37 accepted (0.1310 %)). Current N = 1. Average N = 0.641
2021-03-25 19:58:57,723 - INFO: 28300 move(s) completed (39 accepted (0.1378 %)). Current N = 1. Average N = 0.642
2021-03-25 19:59:06,778 - INFO: 28350 move(s) completed (39 accepted (0.1376 %)). Current N = 1. Average N = 0.643
2021-03-25 19:59:16,298 - INFO: 28400 move(s) completed (39 accepted (0.1373 %)). Current N = 1. Average N = 0.643
2021-03-25 19:59:25,365 - INFO: 28450 move(s) completed (39 accepted (0.1371 %)). Current N = 1. Average N = 0.644
2021-03-25 19:59:34,541 - INFO: 28500 move(s) completed (40 accepted (0.1404 %)). Current N = 2. Average N = 0.645
2021-03-25 19:59:43,612 - INFO: 28550 move(s) completed (40 accepted (0.1401 %)). Current N = 2. Average N = 0.648
2021-03-25 19:59:52,547 - INFO: 28600 move(s) completed (41 accepted (0.1434 %)). Current N = 1. Average N = 0.648
2021-03-25 20:00:02,057 - INFO: 28650 move(s) completed (41 accepted (0.1431 %)). Current N = 1. Average N = 0.649
2021-03-25 20:00:10,828 - INFO: 28700 move(s) completed (41 accepted (0.1429 %)). Current N = 1. Average N = 0.649
2021-03-25 20:00:20,447 - INFO: 28750 move(s) completed (41 accepted (0.1426 %)). Current N = 1. Average N = 0.650
2021-03-25 20:00:28,987 - INFO: 28800 move(s) completed (41 accepted (0.1424 %)). Current N = 1. Average N = 0.651
2021-03-25 20:00:38,369 - INFO: 28850 move(s) completed (41 accepted (0.1421 %)). Current N = 1. Average N = 0.651
2021-03-25 20:00:47,156 - INFO: 28900 move(s) completed (41 accepted (0.1419 %)). Current N = 1. Average N = 0.652
2021-03-25 20:00:56,293 - INFO: 28950 move(s) completed (41 accepted (0.1416 %)). Current N = 1. Average N = 0.653
2021-03-25 20:01:05,421 - INFO: 29000 move(s) completed (41 accepted (0.1414 %)). Current N = 1. Average N = 0.653
2021-03-25 20:01:14,480 - INFO: 29050 move(s) completed (41 accepted (0.1411 %)). Current N = 1. Average N = 0.654
2021-03-25 20:01:23,939 - INFO: 29100 move(s) completed (41 accepted (0.1409 %)). Current N = 1. Average N = 0.654
2021-03-25 20:01:32,918 - INFO: 29150 move(s) completed (41 accepted (0.1407 %)). Current N = 1. Average N = 0.655
2021-03-25 20:01:41,907 - INFO: 29200 move(s) completed (41 accepted (0.1404 %)). Current N = 1. Average N = 0.655
2021-03-25 20:01:50,561 - INFO: 29250 move(s) completed (41 accepted (0.1402 %)). Current N = 1. Average N = 0.656
2021-03-25 20:01:59,431 - INFO: 29300 move(s) completed (41 accepted (0.1399 %)). Current N = 1. Average N = 0.657
2021-03-25 20:02:08,833 - INFO: 29350 move(s) completed (41 accepted (0.1397 %)). Current N = 1. Average N = 0.657
2021-03-25 20:02:17,716 - INFO: 29400 move(s) completed (41 accepted (0.1395 %)). Current N = 1. Average N = 0.658
2021-03-25 20:02:27,108 - INFO: 29450 move(s) completed (41 accepted (0.1392 %)). Current N = 1. Average N = 0.658
2021-03-25 20:02:35,855 - INFO: 29500 move(s) completed (41 accepted (0.1390 %)). Current N = 1. Average N = 0.659
2021-03-25 20:02:44,696 - INFO: 29550 move(s) completed (41 accepted (0.1387 %)). Current N = 1. Average N = 0.660
2021-03-25 20:02:53,487 - INFO: 29600 move(s) completed (41 accepted (0.1385 %)). Current N = 1. Average N = 0.660
2021-03-25 20:03:02,590 - INFO: 29650 move(s) completed (41 accepted (0.1383 %)). Current N = 1. Average N = 0.661
2021-03-25 20:03:11,901 - INFO: 29700 move(s) completed (41 accepted (0.1380 %)). Current N = 1. Average N = 0.661
2021-03-25 20:03:20,642 - INFO: 29750 move(s) completed (41 accepted (0.1378 %)). Current N = 1. Average N = 0.662
2021-03-25 20:03:29,916 - INFO: 29800 move(s) completed (41 accepted (0.1376 %)). Current N = 1. Average N = 0.662
2021-03-25 20:03:38,305 - INFO: 29850 move(s) completed (43 accepted (0.1441 %)). Current N = 1. Average N = 0.663
2021-03-25 20:03:47,727 - INFO: 29900 move(s) completed (43 accepted (0.1438 %)). Current N = 1. Average N = 0.664
2021-03-25 20:03:56,583 - INFO: 29950 move(s) completed (43 accepted (0.1436 %)). Current N = 1. Average N = 0.664
2021-03-25 20:04:05,756 - INFO: 30000 move(s) completed (43 accepted (0.1433 %)). Current N = 1. Average N = 0.665
2021-03-25 20:04:15,202 - INFO: 30050 move(s) completed (45 accepted (0.1498 %)). Current N = 1. Average N = 0.665
2021-03-25 20:04:24,174 - INFO: 30100 move(s) completed (45 accepted (0.1495 %)). Current N = 1. Average N = 0.666
2021-03-25 20:04:33,254 - INFO: 30150 move(s) completed (45 accepted (0.1493 %)). Current N = 1. Average N = 0.667
2021-03-25 20:04:42,034 - INFO: 30200 move(s) completed (45 accepted (0.1490 %)). Current N = 1. Average N = 0.667
2021-03-25 20:04:51,009 - INFO: 30250 move(s) completed (45 accepted (0.1488 %)). Current N = 1. Average N = 0.668
2021-03-25 20:05:00,342 - INFO: 30300 move(s) completed (45 accepted (0.1485 %)). Current N = 1. Average N = 0.668
2021-03-25 20:05:09,086 - INFO: 30350 move(s) completed (45 accepted (0.1483 %)). Current N = 1. Average N = 0.669
2021-03-25 20:05:18,346 - INFO: 30400 move(s) completed (45 accepted (0.1480 %)). Current N = 1. Average N = 0.669
2021-03-25 20:05:27,096 - INFO: 30450 move(s) completed (45 accepted (0.1478 %)). Current N = 1. Average N = 0.670
2021-03-25 20:05:35,923 - INFO: 30500 move(s) completed (45 accepted (0.1475 %)). Current N = 1. Average N = 0.670
2021-03-25 20:05:44,752 - INFO: 30550 move(s) completed (45 accepted (0.1473 %)). Current N = 1. Average N = 0.671
2021-03-25 20:05:53,466 - INFO: 30600 move(s) completed (45 accepted (0.1471 %)). Current N = 1. Average N = 0.671
2021-03-25 20:06:03,022 - INFO: 30650 move(s) completed (45 accepted (0.1468 %)). Current N = 1. Average N = 0.672
2021-03-25 20:06:11,651 - INFO: 30700 move(s) completed (45 accepted (0.1466 %)). Current N = 1. Average N = 0.672
2021-03-25 20:06:20,612 - INFO: 30750 move(s) completed (45 accepted (0.1463 %)). Current N = 1. Average N = 0.673
2021-03-25 20:06:30,193 - INFO: 30800 move(s) completed (45 accepted (0.1461 %)). Current N = 1. Average N = 0.674
2021-03-25 20:06:38,876 - INFO: 30850 move(s) completed (45 accepted (0.1459 %)). Current N = 1. Average N = 0.674
2021-03-25 20:06:47,953 - INFO: 30900 move(s) completed (45 accepted (0.1456 %)). Current N = 1. Average N = 0.675
2021-03-25 20:06:56,867 - INFO: 30950 move(s) completed (45 accepted (0.1454 %)). Current N = 1. Average N = 0.675
2021-03-25 20:07:06,095 - INFO: 31000 move(s) completed (45 accepted (0.1452 %)). Current N = 1. Average N = 0.676
2021-03-25 20:07:14,879 - INFO: 31050 move(s) completed (45 accepted (0.1449 %)). Current N = 1. Average N = 0.676
2021-03-25 20:07:23,730 - INFO: 31100 move(s) completed (45 accepted (0.1447 %)). Current N = 1. Average N = 0.677
2021-03-25 20:07:33,208 - INFO: 31150 move(s) completed (45 accepted (0.1445 %)). Current N = 1. Average N = 0.677
2021-03-25 20:07:42,183 - INFO: 31200 move(s) completed (45 accepted (0.1442 %)). Current N = 1. Average N = 0.678
2021-03-25 20:07:51,604 - INFO: 31250 move(s) completed (45 accepted (0.1440 %)). Current N = 1. Average N = 0.678
2021-03-25 20:08:00,316 - INFO: 31300 move(s) completed (45 accepted (0.1438 %)). Current N = 1. Average N = 0.679
2021-03-25 20:08:09,426 - INFO: 31350 move(s) completed (45 accepted (0.1435 %)). Current N = 1. Average N = 0.679
2021-03-25 20:08:17,798 - INFO: 31400 move(s) completed (45 accepted (0.1433 %)). Current N = 1. Average N = 0.680
2021-03-25 20:08:26,998 - INFO: 31450 move(s) completed (45 accepted (0.1431 %)). Current N = 1. Average N = 0.680
2021-03-25 20:08:36,428 - INFO: 31500 move(s) completed (45 accepted (0.1429 %)). Current N = 1. Average N = 0.681
2021-03-25 20:08:45,447 - INFO: 31550 move(s) completed (45 accepted (0.1426 %)). Current N = 1. Average N = 0.681
2021-03-25 20:08:54,854 - INFO: 31600 move(s) completed (45 accepted (0.1424 %)). Current N = 1. Average N = 0.682
2021-03-25 20:09:03,646 - INFO: 31650 move(s) completed (45 accepted (0.1422 %)). Current N = 1. Average N = 0.682
2021-03-25 20:09:12,575 - INFO: 31700 move(s) completed (45 accepted (0.1420 %)). Current N = 1. Average N = 0.683
2021-03-25 20:09:22,058 - INFO: 31750 move(s) completed (45 accepted (0.1417 %)). Current N = 1. Average N = 0.683
2021-03-25 20:09:31,215 - INFO: 31800 move(s) completed (45 accepted (0.1415 %)). Current N = 1. Average N = 0.684
2021-03-25 20:09:40,307 - INFO: 31850 move(s) completed (45 accepted (0.1413 %)). Current N = 1. Average N = 0.684
2021-03-25 20:09:49,122 - INFO: 31900 move(s) completed (45 accepted (0.1411 %)). Current N = 1. Average N = 0.685
2021-03-25 20:09:58,208 - INFO: 31950 move(s) completed (45 accepted (0.1408 %)). Current N = 1. Average N = 0.685
2021-03-25 20:10:07,458 - INFO: 32000 move(s) completed (45 accepted (0.1406 %)). Current N = 1. Average N = 0.686
2021-03-25 20:10:16,314 - INFO: 32050 move(s) completed (45 accepted (0.1404 %)). Current N = 1. Average N = 0.686
2021-03-25 20:10:25,457 - INFO: 32100 move(s) completed (45 accepted (0.1402 %)). Current N = 1. Average N = 0.687
2021-03-25 20:10:34,274 - INFO: 32150 move(s) completed (45 accepted (0.1400 %)). Current N = 1. Average N = 0.687
2021-03-25 20:10:43,472 - INFO: 32200 move(s) completed (45 accepted (0.1398 %)). Current N = 1. Average N = 0.688
2021-03-25 20:10:53,039 - INFO: 32250 move(s) completed (45 accepted (0.1395 %)). Current N = 1. Average N = 0.688
2021-03-25 20:11:02,051 - INFO: 32300 move(s) completed (45 accepted (0.1393 %)). Current N = 1. Average N = 0.689
2021-03-25 20:11:11,098 - INFO: 32350 move(s) completed (45 accepted (0.1391 %)). Current N = 1. Average N = 0.689
2021-03-25 20:11:19,895 - INFO: 32400 move(s) completed (45 accepted (0.1389 %)). Current N = 1. Average N = 0.690
2021-03-25 20:11:29,171 - INFO: 32450 move(s) completed (45 accepted (0.1387 %)). Current N = 1. Average N = 0.690
2021-03-25 20:11:38,782 - INFO: 32500 move(s) completed (45 accepted (0.1385 %)). Current N = 1. Average N = 0.691
2021-03-25 20:11:47,561 - INFO: 32550 move(s) completed (45 accepted (0.1382 %)). Current N = 1. Average N = 0.691
2021-03-25 20:11:56,877 - INFO: 32600 move(s) completed (45 accepted (0.1380 %)). Current N = 1. Average N = 0.692
2021-03-25 20:12:05,678 - INFO: 32650 move(s) completed (45 accepted (0.1378 %)). Current N = 1. Average N = 0.692
2021-03-25 20:12:15,076 - INFO: 32700 move(s) completed (45 accepted (0.1376 %)). Current N = 1. Average N = 0.693
2021-03-25 20:12:24,186 - INFO: 32750 move(s) completed (45 accepted (0.1374 %)). Current N = 1. Average N = 0.693
2021-03-25 20:12:33,279 - INFO: 32800 move(s) completed (45 accepted (0.1372 %)). Current N = 1. Average N = 0.694
2021-03-25 20:12:42,708 - INFO: 32850 move(s) completed (45 accepted (0.1370 %)). Current N = 1. Average N = 0.694
2021-03-25 20:12:51,725 - INFO: 32900 move(s) completed (45 accepted (0.1368 %)). Current N = 1. Average N = 0.694
2021-03-25 20:13:00,716 - INFO: 32950 move(s) completed (45 accepted (0.1366 %)). Current N = 1. Average N = 0.695
2021-03-25 20:13:09,549 - INFO: 33000 move(s) completed (45 accepted (0.1364 %)). Current N = 1. Average N = 0.695
2021-03-25 20:13:18,705 - INFO: 33050 move(s) completed (45 accepted (0.1362 %)). Current N = 1. Average N = 0.696
2021-03-25 20:13:28,224 - INFO: 33100 move(s) completed (45 accepted (0.1360 %)). Current N = 1. Average N = 0.696
2021-03-25 20:13:37,058 - INFO: 33150 move(s) completed (45 accepted (0.1357 %)). Current N = 1. Average N = 0.697
2021-03-25 20:13:46,363 - INFO: 33200 move(s) completed (45 accepted (0.1355 %)). Current N = 1. Average N = 0.697
2021-03-25 20:13:55,111 - INFO: 33250 move(s) completed (45 accepted (0.1353 %)). Current N = 1. Average N = 0.698
2021-03-25 20:14:04,573 - INFO: 33300 move(s) completed (45 accepted (0.1351 %)). Current N = 1. Average N = 0.698
2021-03-25 20:14:12,838 - INFO: 33350 move(s) completed (45 accepted (0.1349 %)). Current N = 1. Average N = 0.699
2021-03-25 20:14:21,999 - INFO: 33400 move(s) completed (45 accepted (0.1347 %)). Current N = 1. Average N = 0.699
2021-03-25 20:14:30,699 - INFO: 33450 move(s) completed (45 accepted (0.1345 %)). Current N = 1. Average N = 0.700
2021-03-25 20:14:40,021 - INFO: 33500 move(s) completed (45 accepted (0.1343 %)). Current N = 1. Average N = 0.700
2021-03-25 20:14:49,042 - INFO: 33550 move(s) completed (45 accepted (0.1341 %)). Current N = 1. Average N = 0.700
2021-03-25 20:14:57,855 - INFO: 33600 move(s) completed (45 accepted (0.1339 %)). Current N = 1. Average N = 0.701
2021-03-25 20:15:07,264 - INFO: 33650 move(s) completed (45 accepted (0.1337 %)). Current N = 1. Average N = 0.701
2021-03-25 20:15:15,832 - INFO: 33700 move(s) completed (45 accepted (0.1335 %)). Current N = 1. Average N = 0.702
2021-03-25 20:15:24,836 - INFO: 33750 move(s) completed (45 accepted (0.1333 %)). Current N = 1. Average N = 0.702
2021-03-25 20:15:34,293 - INFO: 33800 move(s) completed (45 accepted (0.1331 %)). Current N = 1. Average N = 0.703
2021-03-25 20:15:43,240 - INFO: 33850 move(s) completed (45 accepted (0.1329 %)). Current N = 1. Average N = 0.703
2021-03-25 20:15:52,644 - INFO: 33900 move(s) completed (45 accepted (0.1327 %)). Current N = 1. Average N = 0.704
2021-03-25 20:16:01,421 - INFO: 33950 move(s) completed (45 accepted (0.1325 %)). Current N = 1. Average N = 0.704
2021-03-25 20:16:10,419 - INFO: 34000 move(s) completed (45 accepted (0.1324 %)). Current N = 1. Average N = 0.704
2021-03-25 20:16:19,214 - INFO: 34050 move(s) completed (45 accepted (0.1322 %)). Current N = 1. Average N = 0.705
2021-03-25 20:16:28,292 - INFO: 34100 move(s) completed (45 accepted (0.1320 %)). Current N = 1. Average N = 0.705
2021-03-25 20:16:37,661 - INFO: 34150 move(s) completed (45 accepted (0.1318 %)). Current N = 1. Average N = 0.706
2021-03-25 20:16:46,517 - INFO: 34200 move(s) completed (45 accepted (0.1316 %)). Current N = 1. Average N = 0.706
2021-03-25 20:16:55,857 - INFO: 34250 move(s) completed (45 accepted (0.1314 %)). Current N = 1. Average N = 0.707
2021-03-25 20:17:04,527 - INFO: 34300 move(s) completed (45 accepted (0.1312 %)). Current N = 1. Average N = 0.707
2021-03-25 20:17:13,698 - INFO: 34350 move(s) completed (45 accepted (0.1310 %)). Current N = 1. Average N = 0.707
2021-03-25 20:17:22,850 - INFO: 34400 move(s) completed (45 accepted (0.1308 %)). Current N = 1. Average N = 0.708
2021-03-25 20:17:31,930 - INFO: 34450 move(s) completed (45 accepted (0.1306 %)). Current N = 1. Average N = 0.708
2021-03-25 20:17:41,046 - INFO: 34500 move(s) completed (45 accepted (0.1304 %)). Current N = 1. Average N = 0.709
2021-03-25 20:17:49,912 - INFO: 34550 move(s) completed (45 accepted (0.1302 %)). Current N = 1. Average N = 0.709
2021-03-25 20:17:59,022 - INFO: 34600 move(s) completed (47 accepted (0.1358 %)). Current N = 1. Average N = 0.710
2021-03-25 20:18:08,575 - INFO: 34650 move(s) completed (49 accepted (0.1414 %)). Current N = 1. Average N = 0.710
2021-03-25 20:18:17,470 - INFO: 34700 move(s) completed (49 accepted (0.1412 %)). Current N = 1. Average N = 0.710
2021-03-25 20:18:26,894 - INFO: 34750 move(s) completed (49 accepted (0.1410 %)). Current N = 1. Average N = 0.711
2021-03-25 20:18:35,703 - INFO: 34800 move(s) completed (49 accepted (0.1408 %)). Current N = 1. Average N = 0.711
2021-03-25 20:18:44,905 - INFO: 34850 move(s) completed (49 accepted (0.1406 %)). Current N = 1. Average N = 0.712
2021-03-25 20:18:53,270 - INFO: 34900 move(s) completed (49 accepted (0.1404 %)). Current N = 1. Average N = 0.712
2021-03-25 20:19:02,424 - INFO: 34950 move(s) completed (49 accepted (0.1402 %)). Current N = 1. Average N = 0.712
2021-03-25 20:19:12,061 - INFO: 35000 move(s) completed (49 accepted (0.1400 %)). Current N = 1. Average N = 0.713
2021-03-25 20:19:21,333 - INFO: 35050 move(s) completed (49 accepted (0.1398 %)). Current N = 1. Average N = 0.713
2021-03-25 20:19:30,703 - INFO: 35100 move(s) completed (49 accepted (0.1396 %)). Current N = 1. Average N = 0.714
2021-03-25 20:19:39,302 - INFO: 35150 move(s) completed (49 accepted (0.1394 %)). Current N = 1. Average N = 0.714
2021-03-25 20:19:48,341 - INFO: 35200 move(s) completed (49 accepted (0.1392 %)). Current N = 1. Average N = 0.715
2021-03-25 20:19:57,146 - INFO: 35250 move(s) completed (49 accepted (0.1390 %)). Current N = 1. Average N = 0.715
2021-03-25 20:20:06,222 - INFO: 35300 move(s) completed (49 accepted (0.1388 %)). Current N = 1. Average N = 0.715
2021-03-25 20:20:15,470 - INFO: 35350 move(s) completed (49 accepted (0.1386 %)). Current N = 1. Average N = 0.716
2021-03-25 20:20:24,500 - INFO: 35400 move(s) completed (49 accepted (0.1384 %)). Current N = 1. Average N = 0.716
2021-03-25 20:20:33,586 - INFO: 35450 move(s) completed (49 accepted (0.1382 %)). Current N = 1. Average N = 0.717
2021-03-25 20:20:43,240 - INFO: 35500 move(s) completed (49 accepted (0.1380 %)). Current N = 1. Average N = 0.717
2021-03-25 20:20:52,148 - INFO: 35550 move(s) completed (49 accepted (0.1378 %)). Current N = 1. Average N = 0.717
2021-03-25 20:21:01,435 - INFO: 35600 move(s) completed (49 accepted (0.1376 %)). Current N = 1. Average N = 0.718
2021-03-25 20:21:10,123 - INFO: 35650 move(s) completed (49 accepted (0.1374 %)). Current N = 1. Average N = 0.718
2021-03-25 20:21:19,050 - INFO: 35700 move(s) completed (49 accepted (0.1373 %)). Current N = 1. Average N = 0.719
2021-03-25 20:21:27,522 - INFO: 35750 move(s) completed (49 accepted (0.1371 %)). Current N = 1. Average N = 0.719
2021-03-25 20:21:36,535 - INFO: 35800 move(s) completed (49 accepted (0.1369 %)). Current N = 1. Average N = 0.719
2021-03-25 20:21:45,912 - INFO: 35850 move(s) completed (49 accepted (0.1367 %)). Current N = 1. Average N = 0.720
2021-03-25 20:21:54,771 - INFO: 35900 move(s) completed (49 accepted (0.1365 %)). Current N = 1. Average N = 0.720
2021-03-25 20:22:03,874 - INFO: 35950 move(s) completed (49 accepted (0.1363 %)). Current N = 1. Average N = 0.720
2021-03-25 20:22:12,636 - INFO: 36000 move(s) completed (49 accepted (0.1361 %)). Current N = 1. Average N = 0.721
2021-03-25 20:22:21,567 - INFO: 36050 move(s) completed (49 accepted (0.1359 %)). Current N = 1. Average N = 0.721
2021-03-25 20:22:31,335 - INFO: 36100 move(s) completed (49 accepted (0.1357 %)). Current N = 1. Average N = 0.722
2021-03-25 20:22:40,025 - INFO: 36150 move(s) completed (49 accepted (0.1355 %)). Current N = 1. Average N = 0.722
2021-03-25 20:22:49,308 - INFO: 36200 move(s) completed (49 accepted (0.1354 %)). Current N = 1. Average N = 0.722
2021-03-25 20:22:57,726 - INFO: 36250 move(s) completed (49 accepted (0.1352 %)). Current N = 1. Average N = 0.723
2021-03-25 20:23:07,020 - INFO: 36300 move(s) completed (49 accepted (0.1350 %)). Current N = 1. Average N = 0.723
2021-03-25 20:23:15,486 - INFO: 36350 move(s) completed (49 accepted (0.1348 %)). Current N = 1. Average N = 0.724
2021-03-25 20:23:24,407 - INFO: 36400 move(s) completed (50 accepted (0.1374 %)). Current N = 2. Average N = 0.724
2021-03-25 20:23:33,137 - INFO: 36450 move(s) completed (50 accepted (0.1372 %)). Current N = 2. Average N = 0.726
2021-03-25 20:23:41,741 - INFO: 36500 move(s) completed (51 accepted (0.1397 %)). Current N = 1. Average N = 0.726
2021-03-25 20:23:51,068 - INFO: 36550 move(s) completed (51 accepted (0.1395 %)). Current N = 1. Average N = 0.727
2021-03-25 20:24:00,107 - INFO: 36600 move(s) completed (51 accepted (0.1393 %)). Current N = 1. Average N = 0.727
2021-03-25 20:24:09,526 - INFO: 36650 move(s) completed (51 accepted (0.1392 %)). Current N = 1. Average N = 0.727
2021-03-25 20:24:18,286 - INFO: 36700 move(s) completed (51 accepted (0.1390 %)). Current N = 1. Average N = 0.728
2021-03-25 20:24:27,136 - INFO: 36750 move(s) completed (51 accepted (0.1388 %)). Current N = 1. Average N = 0.728
2021-03-25 20:24:36,487 - INFO: 36800 move(s) completed (51 accepted (0.1386 %)). Current N = 1. Average N = 0.728
2021-03-25 20:24:45,573 - INFO: 36850 move(s) completed (51 accepted (0.1384 %)). Current N = 1. Average N = 0.729
2021-03-25 20:24:55,002 - INFO: 36900 move(s) completed (51 accepted (0.1382 %)). Current N = 1. Average N = 0.729
2021-03-25 20:25:04,106 - INFO: 36950 move(s) completed (51 accepted (0.1380 %)). Current N = 1. Average N = 0.729
2021-03-25 20:25:12,974 - INFO: 37000 move(s) completed (51 accepted (0.1378 %)). Current N = 1. Average N = 0.730
2021-03-25 20:25:21,962 - INFO: 37050 move(s) completed (51 accepted (0.1377 %)). Current N = 1. Average N = 0.730
2021-03-25 20:25:30,872 - INFO: 37100 move(s) completed (51 accepted (0.1375 %)). Current N = 1. Average N = 0.731
2021-03-25 20:25:40,171 - INFO: 37150 move(s) completed (51 accepted (0.1373 %)). Current N = 1. Average N = 0.731
2021-03-25 20:25:48,869 - INFO: 37200 move(s) completed (51 accepted (0.1371 %)). Current N = 1. Average N = 0.731
2021-03-25 20:25:58,034 - INFO: 37250 move(s) completed (51 accepted (0.1369 %)). Current N = 1. Average N = 0.732
2021-03-25 20:26:06,912 - INFO: 37300 move(s) completed (51 accepted (0.1367 %)). Current N = 1. Average N = 0.732
2021-03-25 20:26:16,253 - INFO: 37350 move(s) completed (51 accepted (0.1365 %)). Current N = 1. Average N = 0.732
2021-03-25 20:26:25,295 - INFO: 37400 move(s) completed (51 accepted (0.1364 %)). Current N = 1. Average N = 0.733
2021-03-25 20:26:34,320 - INFO: 37450 move(s) completed (51 accepted (0.1362 %)). Current N = 1. Average N = 0.733
2021-03-25 20:26:43,440 - INFO: 37500 move(s) completed (51 accepted (0.1360 %)). Current N = 1. Average N = 0.733
2021-03-25 20:26:52,297 - INFO: 37550 move(s) completed (51 accepted (0.1358 %)). Current N = 1. Average N = 0.734
2021-03-25 20:27:01,118 - INFO: 37600 move(s) completed (51 accepted (0.1356 %)). Current N = 1. Average N = 0.734
2021-03-25 20:27:09,958 - INFO: 37650 move(s) completed (51 accepted (0.1355 %)). Current N = 1. Average N = 0.734
2021-03-25 20:27:18,825 - INFO: 37700 move(s) completed (51 accepted (0.1353 %)). Current N = 1. Average N = 0.735
2021-03-25 20:27:28,188 - INFO: 37750 move(s) completed (51 accepted (0.1351 %)). Current N = 1. Average N = 0.735
2021-03-25 20:27:37,321 - INFO: 37800 move(s) completed (51 accepted (0.1349 %)). Current N = 1. Average N = 0.736
2021-03-25 20:27:46,474 - INFO: 37850 move(s) completed (51 accepted (0.1347 %)). Current N = 1. Average N = 0.736
2021-03-25 20:27:55,114 - INFO: 37900 move(s) completed (51 accepted (0.1346 %)). Current N = 1. Average N = 0.736
2021-03-25 20:28:04,293 - INFO: 37950 move(s) completed (51 accepted (0.1344 %)). Current N = 1. Average N = 0.737
2021-03-25 20:28:13,554 - INFO: 38000 move(s) completed (51 accepted (0.1342 %)). Current N = 1. Average N = 0.737
2021-03-25 20:28:22,561 - INFO: 38050 move(s) completed (51 accepted (0.1340 %)). Current N = 1. Average N = 0.737
2021-03-25 20:28:31,675 - INFO: 38100 move(s) completed (51 accepted (0.1339 %)). Current N = 1. Average N = 0.738
2021-03-25 20:28:40,509 - INFO: 38150 move(s) completed (51 accepted (0.1337 %)). Current N = 1. Average N = 0.738
2021-03-25 20:28:49,492 - INFO: 38200 move(s) completed (51 accepted (0.1335 %)). Current N = 1. Average N = 0.738
2021-03-25 20:28:58,089 - INFO: 38250 move(s) completed (51 accepted (0.1333 %)). Current N = 1. Average N = 0.739
2021-03-25 20:29:06,924 - INFO: 38300 move(s) completed (51 accepted (0.1332 %)). Current N = 1. Average N = 0.739
2021-03-25 20:29:16,307 - INFO: 38350 move(s) completed (51 accepted (0.1330 %)). Current N = 1. Average N = 0.739
2021-03-25 20:29:25,384 - INFO: 38400 move(s) completed (51 accepted (0.1328 %)). Current N = 1. Average N = 0.740
2021-03-25 20:29:35,004 - INFO: 38450 move(s) completed (51 accepted (0.1326 %)). Current N = 1. Average N = 0.740
2021-03-25 20:29:43,746 - INFO: 38500 move(s) completed (51 accepted (0.1325 %)). Current N = 1. Average N = 0.740
2021-03-25 20:29:52,860 - INFO: 38550 move(s) completed (51 accepted (0.1323 %)). Current N = 1. Average N = 0.741
2021-03-25 20:30:02,441 - INFO: 38600 move(s) completed (51 accepted (0.1321 %)). Current N = 1. Average N = 0.741
2021-03-25 20:30:11,614 - INFO: 38650 move(s) completed (51 accepted (0.1320 %)). Current N = 1. Average N = 0.741
2021-03-25 20:30:21,055 - INFO: 38700 move(s) completed (51 accepted (0.1318 %)). Current N = 1. Average N = 0.742
2021-03-25 20:30:29,641 - INFO: 38750 move(s) completed (51 accepted (0.1316 %)). Current N = 1. Average N = 0.742
2021-03-25 20:30:38,839 - INFO: 38800 move(s) completed (51 accepted (0.1314 %)). Current N = 1. Average N = 0.742
2021-03-25 20:30:47,493 - INFO: 38850 move(s) completed (51 accepted (0.1313 %)). Current N = 1. Average N = 0.743
2021-03-25 20:30:56,657 - INFO: 38900 move(s) completed (51 accepted (0.1311 %)). Current N = 1. Average N = 0.743
2021-03-25 20:31:05,826 - INFO: 38950 move(s) completed (51 accepted (0.1309 %)). Current N = 1. Average N = 0.743
2021-03-25 20:31:14,876 - INFO: 39000 move(s) completed (51 accepted (0.1308 %)). Current N = 1. Average N = 0.744
2021-03-25 20:31:24,141 - INFO: 39050 move(s) completed (51 accepted (0.1306 %)). Current N = 1. Average N = 0.744
2021-03-25 20:31:32,754 - INFO: 39100 move(s) completed (51 accepted (0.1304 %)). Current N = 1. Average N = 0.744
2021-03-25 20:31:41,759 - INFO: 39150 move(s) completed (53 accepted (0.1354 %)). Current N = 1. Average N = 0.745
2021-03-25 20:31:50,595 - INFO: 39200 move(s) completed (53 accepted (0.1352 %)). Current N = 1. Average N = 0.745
2021-03-25 20:31:59,470 - INFO: 39250 move(s) completed (53 accepted (0.1350 %)). Current N = 1. Average N = 0.745
2021-03-25 20:32:08,709 - INFO: 39300 move(s) completed (53 accepted (0.1349 %)). Current N = 1. Average N = 0.746
2021-03-25 20:32:17,783 - INFO: 39350 move(s) completed (53 accepted (0.1347 %)). Current N = 1. Average N = 0.746
2021-03-25 20:32:26,936 - INFO: 39400 move(s) completed (53 accepted (0.1345 %)). Current N = 1. Average N = 0.746
2021-03-25 20:32:35,500 - INFO: 39450 move(s) completed (53 accepted (0.1343 %)). Current N = 1. Average N = 0.747
2021-03-25 20:32:44,519 - INFO: 39500 move(s) completed (53 accepted (0.1342 %)). Current N = 1. Average N = 0.747
2021-03-25 20:32:54,116 - INFO: 39550 move(s) completed (53 accepted (0.1340 %)). Current N = 1. Average N = 0.747
2021-03-25 20:33:03,130 - INFO: 39600 move(s) completed (53 accepted (0.1338 %)). Current N = 1. Average N = 0.748
2021-03-25 20:33:12,367 - INFO: 39650 move(s) completed (55 accepted (0.1387 %)). Current N = 1. Average N = 0.748
2021-03-25 20:33:21,197 - INFO: 39700 move(s) completed (55 accepted (0.1385 %)). Current N = 1. Average N = 0.748
2021-03-25 20:33:30,420 - INFO: 39750 move(s) completed (55 accepted (0.1384 %)). Current N = 1. Average N = 0.749
2021-03-25 20:33:39,121 - INFO: 39800 move(s) completed (55 accepted (0.1382 %)). Current N = 1. Average N = 0.749
2021-03-25 20:33:48,224 - INFO: 39850 move(s) completed (55 accepted (0.1380 %)). Current N = 1. Average N = 0.749
2021-03-25 20:33:57,460 - INFO: 39900 move(s) completed (55 accepted (0.1378 %)). Current N = 1. Average N = 0.750
2021-03-25 20:34:06,546 - INFO: 39950 move(s) completed (55 accepted (0.1377 %)). Current N = 1. Average N = 0.750
2021-03-25 20:34:15,676 - INFO: 40000 move(s) completed (55 accepted (0.1375 %)). Current N = 1. Average N = 0.750
2021-03-25 20:34:24,508 - INFO: 40050 move(s) completed (55 accepted (0.1373 %)). Current N = 1. Average N = 0.750
2021-03-25 20:34:33,582 - INFO: 40100 move(s) completed (55 accepted (0.1372 %)). Current N = 1. Average N = 0.751
2021-03-25 20:34:42,195 - INFO: 40150 move(s) completed (55 accepted (0.1370 %)). Current N = 1. Average N = 0.751
2021-03-25 20:34:51,275 - INFO: 40200 move(s) completed (55 accepted (0.1368 %)). Current N = 1. Average N = 0.751
2021-03-25 20:35:00,780 - INFO: 40250 move(s) completed (55 accepted (0.1366 %)). Current N = 1. Average N = 0.752
2021-03-25 20:35:09,515 - INFO: 40300 move(s) completed (55 accepted (0.1365 %)). Current N = 1. Average N = 0.752
2021-03-25 20:35:19,214 - INFO: 40350 move(s) completed (55 accepted (0.1363 %)). Current N = 1. Average N = 0.752
2021-03-25 20:35:28,016 - INFO: 40400 move(s) completed (55 accepted (0.1361 %)). Current N = 1. Average N = 0.753
2021-03-25 20:35:37,217 - INFO: 40450 move(s) completed (55 accepted (0.1360 %)). Current N = 1. Average N = 0.753
2021-03-25 20:35:45,736 - INFO: 40500 move(s) completed (55 accepted (0.1358 %)). Current N = 1. Average N = 0.753
2021-03-25 20:35:54,726 - INFO: 40550 move(s) completed (55 accepted (0.1356 %)). Current N = 1. Average N = 0.754
2021-03-25 20:36:04,127 - INFO: 40600 move(s) completed (55 accepted (0.1355 %)). Current N = 1. Average N = 0.754
2021-03-25 20:36:12,721 - INFO: 40650 move(s) completed (55 accepted (0.1353 %)). Current N = 1. Average N = 0.754
2021-03-25 20:36:21,907 - INFO: 40700 move(s) completed (55 accepted (0.1351 %)). Current N = 1. Average N = 0.754
2021-03-25 20:36:30,738 - INFO: 40750 move(s) completed (55 accepted (0.1350 %)). Current N = 1. Average N = 0.755
2021-03-25 20:36:39,780 - INFO: 40800 move(s) completed (55 accepted (0.1348 %)). Current N = 1. Average N = 0.755
2021-03-25 20:36:49,447 - INFO: 40850 move(s) completed (55 accepted (0.1346 %)). Current N = 1. Average N = 0.755
2021-03-25 20:36:58,702 - INFO: 40900 move(s) completed (55 accepted (0.1345 %)). Current N = 1. Average N = 0.756
2021-03-25 20:37:07,716 - INFO: 40950 move(s) completed (55 accepted (0.1343 %)). Current N = 1. Average N = 0.756
2021-03-25 20:37:16,663 - INFO: 41000 move(s) completed (55 accepted (0.1341 %)). Current N = 1. Average N = 0.756
