2021-03-25 13:45:06,816 - INFO: kT = 0.5921875708469466 kcal/mol
2021-03-25 13:45:12,194 - INFO: BaseGrandCanonicalMonteCarloSampler object initialised
2021-03-25 13:45:12,195 - INFO: GCMC sphere is based on reference atom IDs: [887, 1837]
2021-03-25 13:45:12,195 - INFO: GCMC sphere radius is 6 A
2021-03-25 13:45:12,195 - INFO: Simulating at an Adams (B) value of -6.888845176169922
2021-03-25 13:45:12,195 - INFO: GCMCSphereSampler object initialised
2021-03-25 13:45:12,195 - INFO: Each NCMC move will be executed over a total of 13.0 ps
2021-03-25 13:45:12,196 - INFO: NonequilibriumGCMCSphereSampler object initialised
2021-03-25 13:45:46,495 - INFO: 1 move(s) completed (1 accepted (100.0000 %)). Current N = 1. Average N = 1.000
2021-03-25 13:46:13,958 - INFO: 2 move(s) completed (1 accepted (50.0000 %)). Current N = 1. Average N = 1.000
2021-03-25 13:46:38,203 - INFO: Move rejected due to water leaving the GCMC sphere
2021-03-25 13:46:41,800 - INFO: 3 move(s) completed (1 accepted (33.3333 %)). Current N = 1. Average N = 1.000
2021-03-25 13:47:05,365 - INFO: Move rejected due to water leaving the GCMC sphere
2021-03-25 13:47:08,672 - INFO: 4 move(s) completed (1 accepted (25.0000 %)). Current N = 1. Average N = 1.000
2021-03-25 13:47:35,366 - INFO: 5 move(s) completed (1 accepted (20.0000 %)). Current N = 1. Average N = 1.000
2021-03-25 13:47:59,101 - INFO: Move rejected due to water leaving the GCMC sphere
2021-03-25 13:48:02,755 - INFO: 6 move(s) completed (1 accepted (16.6667 %)). Current N = 1. Average N = 1.000
2021-03-25 13:48:26,491 - INFO: Move rejected due to water leaving the GCMC sphere
2021-03-25 13:48:30,151 - INFO: 7 move(s) completed (1 accepted (14.2857 %)). Current N = 1. Average N = 1.000
2021-03-25 13:48:53,463 - INFO: Move rejected due to water leaving the GCMC sphere
2021-03-25 13:48:56,900 - INFO: 8 move(s) completed (1 accepted (12.5000 %)). Current N = 1. Average N = 1.000
2021-03-25 13:49:23,856 - INFO: 9 move(s) completed (1 accepted (11.1111 %)). Current N = 1. Average N = 1.000
2021-03-25 13:49:47,653 - INFO: Move rejected due to water leaving the GCMC sphere
2021-03-25 13:49:51,258 - INFO: 10 move(s) completed (1 accepted (10.0000 %)). Current N = 1. Average N = 1.000
2021-03-25 13:50:15,368 - INFO: Move rejected due to water leaving the GCMC sphere
2021-03-25 13:50:18,799 - INFO: 11 move(s) completed (1 accepted (9.0909 %)). Current N = 1. Average N = 1.000
2021-03-25 13:50:46,317 - INFO: 12 move(s) completed (1 accepted (8.3333 %)). Current N = 1. Average N = 1.000
2021-03-25 13:51:13,154 - INFO: 13 move(s) completed (1 accepted (7.6923 %)). Current N = 1. Average N = 1.000
2021-03-25 13:51:36,537 - INFO: Move rejected due to water leaving the GCMC sphere
2021-03-25 13:51:39,957 - INFO: 14 move(s) completed (1 accepted (7.1429 %)). Current N = 1. Average N = 1.000
2021-03-25 13:52:06,916 - INFO: 15 move(s) completed (1 accepted (6.6667 %)). Current N = 1. Average N = 1.000
2021-03-25 13:52:30,588 - INFO: Move rejected due to water leaving the GCMC sphere
2021-03-25 13:52:34,260 - INFO: 16 move(s) completed (1 accepted (6.2500 %)). Current N = 1. Average N = 1.000
2021-03-25 13:53:01,492 - INFO: 17 move(s) completed (1 accepted (5.8824 %)). Current N = 1. Average N = 1.000
2021-03-25 13:53:25,243 - INFO: Move rejected due to water leaving the GCMC sphere
2021-03-25 13:53:28,965 - INFO: 18 move(s) completed (1 accepted (5.5556 %)). Current N = 1. Average N = 1.000
2021-03-25 13:53:53,144 - INFO: Move rejected due to water leaving the GCMC sphere
2021-03-25 13:53:56,903 - INFO: 19 move(s) completed (1 accepted (5.2632 %)). Current N = 1. Average N = 1.000
2021-03-25 13:54:21,036 - INFO: Move rejected due to water leaving the GCMC sphere
2021-03-25 13:54:24,349 - INFO: 20 move(s) completed (1 accepted (5.0000 %)). Current N = 1. Average N = 1.000
2021-03-25 13:54:48,509 - INFO: Move rejected due to water leaving the GCMC sphere
2021-03-25 13:54:52,174 - INFO: 21 move(s) completed (1 accepted (4.7619 %)). Current N = 1. Average N = 1.000
2021-03-25 13:55:15,309 - INFO: Move rejected due to water leaving the GCMC sphere
2021-03-25 13:55:18,902 - INFO: 22 move(s) completed (1 accepted (4.5455 %)). Current N = 1. Average N = 1.000
2021-03-25 13:55:42,317 - INFO: Move rejected due to water leaving the GCMC sphere
2021-03-25 13:55:45,938 - INFO: 23 move(s) completed (1 accepted (4.3478 %)). Current N = 1. Average N = 1.000
2021-03-25 13:56:09,382 - INFO: Move rejected due to water leaving the GCMC sphere
2021-03-25 13:56:12,778 - INFO: 24 move(s) completed (1 accepted (4.1667 %)). Current N = 1. Average N = 1.000
2021-03-25 13:56:39,828 - INFO: 25 move(s) completed (1 accepted (4.0000 %)). Current N = 1. Average N = 1.000
2021-03-25 13:57:06,721 - INFO: 26 move(s) completed (1 accepted (3.8462 %)). Current N = 1. Average N = 1.000
2021-03-25 13:57:30,135 - INFO: Move rejected due to water leaving the GCMC sphere
2021-03-25 13:57:33,809 - INFO: 27 move(s) completed (1 accepted (3.7037 %)). Current N = 1. Average N = 1.000
2021-03-25 13:57:57,879 - INFO: Move rejected due to water leaving the GCMC sphere
2021-03-25 13:58:01,553 - INFO: 28 move(s) completed (1 accepted (3.5714 %)). Current N = 1. Average N = 1.000
2021-03-25 13:58:29,397 - INFO: 29 move(s) completed (1 accepted (3.4483 %)). Current N = 1. Average N = 1.000
2021-03-25 13:58:53,707 - INFO: Move rejected due to water leaving the GCMC sphere
2021-03-25 13:58:57,359 - INFO: 30 move(s) completed (1 accepted (3.3333 %)). Current N = 1. Average N = 1.000
2021-03-25 13:59:20,697 - INFO: Move rejected due to water leaving the GCMC sphere
2021-03-25 13:59:24,352 - INFO: 31 move(s) completed (1 accepted (3.2258 %)). Current N = 1. Average N = 1.000
2021-03-25 13:59:47,561 - INFO: Move rejected due to water leaving the GCMC sphere
2021-03-25 13:59:51,311 - INFO: 32 move(s) completed (1 accepted (3.1250 %)). Current N = 1. Average N = 1.000
2021-03-25 14:00:18,561 - INFO: 33 move(s) completed (1 accepted (3.0303 %)). Current N = 1. Average N = 1.000
2021-03-25 14:00:42,126 - INFO: Move rejected due to water leaving the GCMC sphere
2021-03-25 14:00:45,754 - INFO: 34 move(s) completed (1 accepted (2.9412 %)). Current N = 1. Average N = 1.000
2021-03-25 14:01:13,271 - INFO: 35 move(s) completed (1 accepted (2.8571 %)). Current N = 1. Average N = 1.000
2021-03-25 14:01:37,057 - INFO: Move rejected due to water leaving the GCMC sphere
2021-03-25 14:01:40,687 - INFO: 36 move(s) completed (1 accepted (2.7778 %)). Current N = 1. Average N = 1.000
2021-03-25 14:02:04,692 - INFO: Move rejected due to water leaving the GCMC sphere
2021-03-25 14:02:08,040 - INFO: 37 move(s) completed (1 accepted (2.7027 %)). Current N = 1. Average N = 1.000
2021-03-25 14:02:35,824 - INFO: 38 move(s) completed (1 accepted (2.6316 %)). Current N = 1. Average N = 1.000
2021-03-25 14:03:02,357 - INFO: 39 move(s) completed (1 accepted (2.5641 %)). Current N = 1. Average N = 1.000
2021-03-25 14:03:29,167 - INFO: 40 move(s) completed (1 accepted (2.5000 %)). Current N = 1. Average N = 1.000
2021-03-25 14:03:52,481 - INFO: Move rejected due to water leaving the GCMC sphere
2021-03-25 14:03:56,142 - INFO: 41 move(s) completed (1 accepted (2.4390 %)). Current N = 1. Average N = 1.000
2021-03-25 14:04:19,723 - INFO: Move rejected due to water leaving the GCMC sphere
2021-03-25 14:04:23,384 - INFO: 42 move(s) completed (1 accepted (2.3810 %)). Current N = 1. Average N = 1.000
2021-03-25 14:04:50,840 - INFO: 43 move(s) completed (1 accepted (2.3256 %)). Current N = 1. Average N = 1.000
2021-03-25 14:05:14,676 - INFO: Move rejected due to water leaving the GCMC sphere
2021-03-25 14:05:18,350 - INFO: 44 move(s) completed (1 accepted (2.2727 %)). Current N = 1. Average N = 1.000
2021-03-25 14:05:45,648 - INFO: 45 move(s) completed (1 accepted (2.2222 %)). Current N = 1. Average N = 1.000
2021-03-25 14:06:12,213 - INFO: 46 move(s) completed (1 accepted (2.1739 %)). Current N = 1. Average N = 1.000
2021-03-25 14:06:35,461 - INFO: Move rejected due to water leaving the GCMC sphere
2021-03-25 14:06:38,958 - INFO: 47 move(s) completed (1 accepted (2.1277 %)). Current N = 1. Average N = 1.000
2021-03-25 14:07:02,164 - INFO: Move rejected due to water leaving the GCMC sphere
2021-03-25 14:07:05,668 - INFO: 48 move(s) completed (1 accepted (2.0833 %)). Current N = 1. Average N = 1.000
2021-03-25 14:07:32,461 - INFO: 49 move(s) completed (1 accepted (2.0408 %)). Current N = 1. Average N = 1.000
2021-03-25 14:07:55,835 - INFO: Move rejected due to water leaving the GCMC sphere
2021-03-25 14:07:59,241 - INFO: 50 move(s) completed (1 accepted (2.0000 %)). Current N = 1. Average N = 1.000
2021-03-25 14:08:26,234 - INFO: 51 move(s) completed (1 accepted (1.9608 %)). Current N = 1. Average N = 1.000
2021-03-25 14:08:53,040 - INFO: 52 move(s) completed (1 accepted (1.9231 %)). Current N = 1. Average N = 1.000
2021-03-25 14:09:19,917 - INFO: 53 move(s) completed (1 accepted (1.8868 %)). Current N = 1. Average N = 1.000
2021-03-25 14:09:43,823 - INFO: Move rejected due to water leaving the GCMC sphere
2021-03-25 14:09:47,486 - INFO: 54 move(s) completed (1 accepted (1.8519 %)). Current N = 1. Average N = 1.000
2021-03-25 14:10:15,335 - INFO: 55 move(s) completed (1 accepted (1.8182 %)). Current N = 1. Average N = 1.000
2021-03-25 14:10:43,258 - INFO: 56 move(s) completed (1 accepted (1.7857 %)). Current N = 1. Average N = 1.000
2021-03-25 14:11:11,355 - INFO: 57 move(s) completed (1 accepted (1.7544 %)). Current N = 1. Average N = 1.000
2021-03-25 14:11:34,724 - INFO: Move rejected due to water leaving the GCMC sphere
2021-03-25 14:11:38,396 - INFO: 58 move(s) completed (1 accepted (1.7241 %)). Current N = 1. Average N = 1.000
2021-03-25 14:12:05,575 - INFO: 59 move(s) completed (1 accepted (1.6949 %)). Current N = 1. Average N = 1.000
2021-03-25 14:12:28,871 - INFO: Move rejected due to water leaving the GCMC sphere
2021-03-25 14:12:32,287 - INFO: 60 move(s) completed (1 accepted (1.6667 %)). Current N = 1. Average N = 1.000
2021-03-25 14:12:55,496 - INFO: Move rejected due to water leaving the GCMC sphere
2021-03-25 14:12:59,008 - INFO: 61 move(s) completed (1 accepted (1.6393 %)). Current N = 1. Average N = 1.000
2021-03-25 14:13:26,181 - INFO: 62 move(s) completed (1 accepted (1.6129 %)). Current N = 1. Average N = 1.000
2021-03-25 14:13:53,665 - INFO: 63 move(s) completed (1 accepted (1.5873 %)). Current N = 1. Average N = 1.000
2021-03-25 14:14:21,111 - INFO: 64 move(s) completed (1 accepted (1.5625 %)). Current N = 1. Average N = 1.000
2021-03-25 14:14:48,591 - INFO: 65 move(s) completed (1 accepted (1.5385 %)). Current N = 1. Average N = 1.000
2021-03-25 14:15:11,859 - INFO: Move rejected due to water leaving the GCMC sphere
2021-03-25 14:15:15,530 - INFO: 66 move(s) completed (1 accepted (1.5152 %)). Current N = 1. Average N = 1.000
2021-03-25 14:15:38,939 - INFO: Move rejected due to water leaving the GCMC sphere
2021-03-25 14:15:42,604 - INFO: 67 move(s) completed (1 accepted (1.4925 %)). Current N = 1. Average N = 1.000
2021-03-25 14:16:09,515 - INFO: 68 move(s) completed (1 accepted (1.4706 %)). Current N = 1. Average N = 1.000
2021-03-25 14:16:33,213 - INFO: Move rejected due to water leaving the GCMC sphere
2021-03-25 14:16:36,873 - INFO: 69 move(s) completed (1 accepted (1.4493 %)). Current N = 1. Average N = 1.000
2021-03-25 14:17:00,667 - INFO: Move rejected due to water leaving the GCMC sphere
2021-03-25 14:17:04,325 - INFO: 70 move(s) completed (1 accepted (1.4286 %)). Current N = 1. Average N = 1.000
2021-03-25 14:17:28,148 - INFO: Move rejected due to water leaving the GCMC sphere
2021-03-25 14:17:31,815 - INFO: 71 move(s) completed (1 accepted (1.4085 %)). Current N = 1. Average N = 1.000
2021-03-25 14:17:55,103 - INFO: Move rejected due to water leaving the GCMC sphere
2021-03-25 14:17:58,760 - INFO: 72 move(s) completed (1 accepted (1.3889 %)). Current N = 1. Average N = 1.000
2021-03-25 14:18:22,780 - INFO: Move rejected due to water leaving the GCMC sphere
2021-03-25 14:18:26,457 - INFO: 73 move(s) completed (1 accepted (1.3699 %)). Current N = 1. Average N = 1.000
2021-03-25 14:18:49,766 - INFO: Move rejected due to water leaving the GCMC sphere
2021-03-25 14:18:53,440 - INFO: 74 move(s) completed (1 accepted (1.3514 %)). Current N = 1. Average N = 1.000
2021-03-25 14:19:17,524 - INFO: Move rejected due to water leaving the GCMC sphere
2021-03-25 14:19:21,074 - INFO: 75 move(s) completed (1 accepted (1.3333 %)). Current N = 1. Average N = 1.000
2021-03-25 14:19:47,854 - INFO: 76 move(s) completed (1 accepted (1.3158 %)). Current N = 1. Average N = 1.000
2021-03-25 14:20:14,717 - INFO: 77 move(s) completed (1 accepted (1.2987 %)). Current N = 1. Average N = 1.000
2021-03-25 14:20:41,810 - INFO: 78 move(s) completed (1 accepted (1.2821 %)). Current N = 1. Average N = 1.000
2021-03-25 14:21:05,476 - INFO: Move rejected due to water leaving the GCMC sphere
2021-03-25 14:21:09,133 - INFO: 79 move(s) completed (1 accepted (1.2658 %)). Current N = 1. Average N = 1.000
2021-03-25 14:21:32,973 - INFO: Move rejected due to water leaving the GCMC sphere
2021-03-25 14:21:36,644 - INFO: 80 move(s) completed (1 accepted (1.2500 %)). Current N = 1. Average N = 1.000
2021-03-25 14:22:00,726 - INFO: Move rejected due to water leaving the GCMC sphere
2021-03-25 14:22:04,395 - INFO: 81 move(s) completed (1 accepted (1.2346 %)). Current N = 1. Average N = 1.000
2021-03-25 14:22:27,783 - INFO: Move rejected due to water leaving the GCMC sphere
2021-03-25 14:22:31,535 - INFO: 82 move(s) completed (1 accepted (1.2195 %)). Current N = 1. Average N = 1.000
2021-03-25 14:22:58,604 - INFO: 83 move(s) completed (1 accepted (1.2048 %)). Current N = 1. Average N = 1.000
2021-03-25 14:23:21,886 - INFO: Move rejected due to water leaving the GCMC sphere
2021-03-25 14:23:25,557 - INFO: 84 move(s) completed (1 accepted (1.1905 %)). Current N = 1. Average N = 1.000
2021-03-25 14:23:52,628 - INFO: 85 move(s) completed (1 accepted (1.1765 %)). Current N = 1. Average N = 1.000
2021-03-25 14:24:15,798 - INFO: Move rejected due to water leaving the GCMC sphere
2021-03-25 14:24:19,156 - INFO: 86 move(s) completed (1 accepted (1.1628 %)). Current N = 1. Average N = 1.000
2021-03-25 14:24:46,028 - INFO: 87 move(s) completed (1 accepted (1.1494 %)). Current N = 1. Average N = 1.000
2021-03-25 14:25:09,690 - INFO: Move rejected due to water leaving the GCMC sphere
2021-03-25 14:25:13,244 - INFO: 88 move(s) completed (1 accepted (1.1364 %)). Current N = 1. Average N = 1.000
2021-03-25 14:25:37,141 - INFO: Move rejected due to water leaving the GCMC sphere
2021-03-25 14:25:40,676 - INFO: 89 move(s) completed (1 accepted (1.1236 %)). Current N = 1. Average N = 1.000
2021-03-25 14:26:04,653 - INFO: Move rejected due to water leaving the GCMC sphere
2021-03-25 14:26:08,132 - INFO: 90 move(s) completed (1 accepted (1.1111 %)). Current N = 1. Average N = 1.000
2021-03-25 14:26:32,078 - INFO: Move rejected due to water leaving the GCMC sphere
2021-03-25 14:26:35,489 - INFO: 91 move(s) completed (1 accepted (1.0989 %)). Current N = 1. Average N = 1.000
2021-03-25 14:26:59,419 - INFO: Move rejected due to water leaving the GCMC sphere
2021-03-25 14:27:03,065 - INFO: 92 move(s) completed (1 accepted (1.0870 %)). Current N = 1. Average N = 1.000
2021-03-25 14:27:27,379 - INFO: Move rejected due to water leaving the GCMC sphere
2021-03-25 14:27:31,143 - INFO: 93 move(s) completed (1 accepted (1.0753 %)). Current N = 1. Average N = 1.000
2021-03-25 14:27:54,332 - INFO: Move rejected due to water leaving the GCMC sphere
2021-03-25 14:27:57,994 - INFO: 94 move(s) completed (1 accepted (1.0638 %)). Current N = 1. Average N = 1.000
2021-03-25 14:28:21,366 - INFO: Move rejected due to water leaving the GCMC sphere
2021-03-25 14:28:25,118 - INFO: 95 move(s) completed (1 accepted (1.0526 %)). Current N = 1. Average N = 1.000
2021-03-25 14:28:48,793 - INFO: Move rejected due to water leaving the GCMC sphere
2021-03-25 14:28:52,453 - INFO: 96 move(s) completed (1 accepted (1.0417 %)). Current N = 1. Average N = 1.000
2021-03-25 14:29:16,158 - INFO: Move rejected due to water leaving the GCMC sphere
2021-03-25 14:29:19,825 - INFO: 97 move(s) completed (1 accepted (1.0309 %)). Current N = 1. Average N = 1.000
2021-03-25 14:29:43,529 - INFO: Move rejected due to water leaving the GCMC sphere
2021-03-25 14:29:47,176 - INFO: 98 move(s) completed (1 accepted (1.0204 %)). Current N = 1. Average N = 1.000
2021-03-25 14:30:14,204 - INFO: 99 move(s) completed (1 accepted (1.0101 %)). Current N = 1. Average N = 1.000
2021-03-25 14:30:38,118 - INFO: Move rejected due to water leaving the GCMC sphere
2021-03-25 14:30:41,763 - INFO: 100 move(s) completed (1 accepted (1.0000 %)). Current N = 1. Average N = 1.000
2021-03-25 14:31:05,775 - INFO: Move rejected due to water leaving the GCMC sphere
2021-03-25 14:31:09,293 - INFO: 101 move(s) completed (1 accepted (0.9901 %)). Current N = 1. Average N = 1.000
2021-03-25 14:31:33,188 - INFO: Move rejected due to water leaving the GCMC sphere
2021-03-25 14:31:36,541 - INFO: 102 move(s) completed (1 accepted (0.9804 %)). Current N = 1. Average N = 1.000
2021-03-25 14:31:59,799 - INFO: Move rejected due to water leaving the GCMC sphere
2021-03-25 14:32:03,280 - INFO: 103 move(s) completed (1 accepted (0.9709 %)). Current N = 1. Average N = 1.000
2021-03-25 14:32:30,169 - INFO: 104 move(s) completed (1 accepted (0.9615 %)). Current N = 1. Average N = 1.000
2021-03-25 14:32:53,483 - INFO: Move rejected due to water leaving the GCMC sphere
2021-03-25 14:32:57,240 - INFO: 105 move(s) completed (1 accepted (0.9524 %)). Current N = 1. Average N = 1.000
2021-03-25 14:33:20,430 - INFO: Move rejected due to water leaving the GCMC sphere
2021-03-25 14:33:24,093 - INFO: 106 move(s) completed (1 accepted (0.9434 %)). Current N = 1. Average N = 1.000
2021-03-25 14:33:47,969 - INFO: Move rejected due to water leaving the GCMC sphere
2021-03-25 14:33:51,635 - INFO: 107 move(s) completed (1 accepted (0.9346 %)). Current N = 1. Average N = 1.000
2021-03-25 14:34:15,594 - INFO: Move rejected due to water leaving the GCMC sphere
2021-03-25 14:34:19,266 - INFO: 108 move(s) completed (1 accepted (0.9259 %)). Current N = 1. Average N = 1.000
2021-03-25 14:34:42,719 - INFO: Move rejected due to water leaving the GCMC sphere
2021-03-25 14:34:46,379 - INFO: 109 move(s) completed (1 accepted (0.9174 %)). Current N = 1. Average N = 1.000
2021-03-25 14:35:10,415 - INFO: Move rejected due to water leaving the GCMC sphere
2021-03-25 14:35:14,086 - INFO: 110 move(s) completed (1 accepted (0.9091 %)). Current N = 1. Average N = 1.000
2021-03-25 14:35:41,921 - INFO: 111 move(s) completed (1 accepted (0.9009 %)). Current N = 1. Average N = 1.000
2021-03-25 14:36:08,978 - INFO: 112 move(s) completed (1 accepted (0.8929 %)). Current N = 1. Average N = 1.000
2021-03-25 14:36:32,471 - INFO: Move rejected due to water leaving the GCMC sphere
2021-03-25 14:36:35,853 - INFO: 113 move(s) completed (1 accepted (0.8850 %)). Current N = 1. Average N = 1.000
2021-03-25 14:37:02,877 - INFO: 114 move(s) completed (1 accepted (0.8772 %)). Current N = 1. Average N = 1.000
2021-03-25 14:37:26,505 - INFO: Move rejected due to water leaving the GCMC sphere
2021-03-25 14:37:30,076 - INFO: 115 move(s) completed (1 accepted (0.8696 %)). Current N = 1. Average N = 1.000
2021-03-25 14:37:56,694 - INFO: 116 move(s) completed (1 accepted (0.8621 %)). Current N = 1. Average N = 1.000
2021-03-25 14:38:24,051 - INFO: 117 move(s) completed (1 accepted (0.8547 %)). Current N = 1. Average N = 1.000
2021-03-25 14:38:48,035 - INFO: Move rejected due to water leaving the GCMC sphere
2021-03-25 14:38:51,480 - INFO: 118 move(s) completed (1 accepted (0.8475 %)). Current N = 1. Average N = 1.000
2021-03-25 14:39:19,143 - INFO: 119 move(s) completed (1 accepted (0.8403 %)). Current N = 1. Average N = 1.000
2021-03-25 14:39:45,753 - INFO: 120 move(s) completed (1 accepted (0.8333 %)). Current N = 1. Average N = 1.000
2021-03-25 14:40:12,874 - INFO: 121 move(s) completed (1 accepted (0.8264 %)). Current N = 1. Average N = 1.000
2021-03-25 14:40:36,192 - INFO: Move rejected due to water leaving the GCMC sphere
2021-03-25 14:40:39,864 - INFO: 122 move(s) completed (1 accepted (0.8197 %)). Current N = 1. Average N = 1.000
2021-03-25 14:41:03,669 - INFO: Move rejected due to water leaving the GCMC sphere
2021-03-25 14:41:07,341 - INFO: 123 move(s) completed (1 accepted (0.8130 %)). Current N = 1. Average N = 1.000
2021-03-25 14:41:30,864 - INFO: Move rejected due to water leaving the GCMC sphere
2021-03-25 14:41:34,541 - INFO: 124 move(s) completed (1 accepted (0.8065 %)). Current N = 1. Average N = 1.000
2021-03-25 14:42:01,814 - INFO: 125 move(s) completed (1 accepted (0.8000 %)). Current N = 1. Average N = 1.000
2021-03-25 14:42:25,753 - INFO: Move rejected due to water leaving the GCMC sphere
2021-03-25 14:42:29,293 - INFO: 126 move(s) completed (1 accepted (0.7937 %)). Current N = 1. Average N = 1.000
2021-03-25 14:42:53,350 - INFO: Move rejected due to water leaving the GCMC sphere
2021-03-25 14:42:56,788 - INFO: 127 move(s) completed (1 accepted (0.7874 %)). Current N = 1. Average N = 1.000
2021-03-25 14:43:20,683 - INFO: Move rejected due to water leaving the GCMC sphere
2021-03-25 14:43:24,201 - INFO: 128 move(s) completed (1 accepted (0.7812 %)). Current N = 1. Average N = 1.000
2021-03-25 14:43:48,540 - INFO: Move rejected due to water leaving the GCMC sphere
2021-03-25 14:43:51,963 - INFO: 129 move(s) completed (1 accepted (0.7752 %)). Current N = 1. Average N = 1.000
2021-03-25 14:44:15,323 - INFO: Move rejected due to water leaving the GCMC sphere
2021-03-25 14:44:18,883 - INFO: 130 move(s) completed (1 accepted (0.7692 %)). Current N = 1. Average N = 1.000
2021-03-25 14:44:42,462 - INFO: Move rejected due to water leaving the GCMC sphere
2021-03-25 14:44:45,940 - INFO: 131 move(s) completed (1 accepted (0.7634 %)). Current N = 1. Average N = 1.000
2021-03-25 14:45:12,813 - INFO: 132 move(s) completed (1 accepted (0.7576 %)). Current N = 1. Average N = 1.000
2021-03-25 14:45:36,455 - INFO: Move rejected due to water leaving the GCMC sphere
2021-03-25 14:45:40,120 - INFO: 133 move(s) completed (1 accepted (0.7519 %)). Current N = 1. Average N = 1.000
2021-03-25 14:46:03,785 - INFO: Move rejected due to water leaving the GCMC sphere
2021-03-25 14:46:07,540 - INFO: 134 move(s) completed (1 accepted (0.7463 %)). Current N = 1. Average N = 1.000
2021-03-25 14:46:31,376 - INFO: Move rejected due to water leaving the GCMC sphere
2021-03-25 14:46:35,032 - INFO: 135 move(s) completed (1 accepted (0.7407 %)). Current N = 1. Average N = 1.000
2021-03-25 14:47:02,979 - INFO: 136 move(s) completed (1 accepted (0.7353 %)). Current N = 1. Average N = 1.000
2021-03-25 14:47:31,089 - INFO: 137 move(s) completed (1 accepted (0.7299 %)). Current N = 1. Average N = 1.000
2021-03-25 14:47:54,582 - INFO: Move rejected due to water leaving the GCMC sphere
2021-03-25 14:47:58,256 - INFO: 138 move(s) completed (1 accepted (0.7246 %)). Current N = 1. Average N = 1.000
2021-03-25 14:48:21,527 - INFO: Move rejected due to water leaving the GCMC sphere
2021-03-25 14:48:25,132 - INFO: 139 move(s) completed (1 accepted (0.7194 %)). Current N = 1. Average N = 1.000
2021-03-25 14:48:48,477 - INFO: Move rejected due to water leaving the GCMC sphere
2021-03-25 14:48:51,889 - INFO: 140 move(s) completed (1 accepted (0.7143 %)). Current N = 1. Average N = 1.000
2021-03-25 14:49:15,443 - INFO: Move rejected due to water leaving the GCMC sphere
2021-03-25 14:49:18,871 - INFO: 141 move(s) completed (1 accepted (0.7092 %)). Current N = 1. Average N = 1.000
2021-03-25 14:49:45,919 - INFO: 142 move(s) completed (1 accepted (0.7042 %)). Current N = 1. Average N = 1.000
2021-03-25 14:50:12,645 - INFO: 143 move(s) completed (1 accepted (0.6993 %)). Current N = 1. Average N = 1.000
2021-03-25 14:50:39,397 - INFO: 144 move(s) completed (1 accepted (0.6944 %)). Current N = 1. Average N = 1.000
2021-03-25 14:51:03,481 - INFO: Move rejected due to water leaving the GCMC sphere
2021-03-25 14:51:07,083 - INFO: 145 move(s) completed (1 accepted (0.6897 %)). Current N = 1. Average N = 1.000
2021-03-25 14:51:34,798 - INFO: 146 move(s) completed (1 accepted (0.6849 %)). Current N = 1. Average N = 1.000
2021-03-25 14:51:58,884 - INFO: Move rejected due to water leaving the GCMC sphere
2021-03-25 14:52:02,544 - INFO: 147 move(s) completed (1 accepted (0.6803 %)). Current N = 1. Average N = 1.000
2021-03-25 14:52:25,702 - INFO: Move rejected due to water leaving the GCMC sphere
2021-03-25 14:52:29,362 - INFO: 148 move(s) completed (1 accepted (0.6757 %)). Current N = 1. Average N = 1.000
2021-03-25 14:52:56,577 - INFO: 149 move(s) completed (1 accepted (0.6711 %)). Current N = 1. Average N = 1.000
2021-03-25 14:53:23,997 - INFO: 150 move(s) completed (1 accepted (0.6667 %)). Current N = 1. Average N = 1.000
2021-03-25 14:53:51,319 - INFO: 151 move(s) completed (1 accepted (0.6623 %)). Current N = 1. Average N = 1.000
2021-03-25 14:54:14,590 - INFO: Move rejected due to water leaving the GCMC sphere
2021-03-25 14:54:18,153 - INFO: 152 move(s) completed (1 accepted (0.6579 %)). Current N = 1. Average N = 1.000
2021-03-25 14:54:44,920 - INFO: 153 move(s) completed (1 accepted (0.6536 %)). Current N = 1. Average N = 1.000
2021-03-25 14:55:08,977 - INFO: Move rejected due to water leaving the GCMC sphere
2021-03-25 14:55:12,527 - INFO: 154 move(s) completed (1 accepted (0.6494 %)). Current N = 1. Average N = 1.000
2021-03-25 14:55:40,195 - INFO: 155 move(s) completed (1 accepted (0.6452 %)). Current N = 1. Average N = 1.000
2021-03-25 14:56:03,580 - INFO: Move rejected due to water leaving the GCMC sphere
2021-03-25 14:56:07,068 - INFO: 156 move(s) completed (1 accepted (0.6410 %)). Current N = 1. Average N = 1.000
2021-03-25 14:56:30,413 - INFO: Move rejected due to water leaving the GCMC sphere
2021-03-25 14:56:33,852 - INFO: 157 move(s) completed (1 accepted (0.6369 %)). Current N = 1. Average N = 1.000
2021-03-25 14:56:57,261 - INFO: Move rejected due to water leaving the GCMC sphere
2021-03-25 14:57:00,867 - INFO: 158 move(s) completed (1 accepted (0.6329 %)). Current N = 1. Average N = 1.000
2021-03-25 14:57:28,153 - INFO: 159 move(s) completed (1 accepted (0.6289 %)). Current N = 1. Average N = 1.000
2021-03-25 14:57:55,131 - INFO: 160 move(s) completed (1 accepted (0.6250 %)). Current N = 1. Average N = 1.000
2021-03-25 14:58:22,369 - INFO: 161 move(s) completed (1 accepted (0.6211 %)). Current N = 1. Average N = 1.000
2021-03-25 14:58:49,575 - INFO: 162 move(s) completed (1 accepted (0.6173 %)). Current N = 1. Average N = 1.000
2021-03-25 14:59:17,495 - INFO: 163 move(s) completed (1 accepted (0.6135 %)). Current N = 1. Average N = 1.000
2021-03-25 14:59:41,504 - INFO: Move rejected due to water leaving the GCMC sphere
2021-03-25 14:59:45,163 - INFO: 164 move(s) completed (1 accepted (0.6098 %)). Current N = 1. Average N = 1.000
2021-03-25 15:00:09,358 - INFO: Move rejected due to water leaving the GCMC sphere
2021-03-25 15:00:12,873 - INFO: 165 move(s) completed (1 accepted (0.6061 %)). Current N = 1. Average N = 1.000
2021-03-25 15:00:36,195 - INFO: Move rejected due to water leaving the GCMC sphere
2021-03-25 15:00:39,532 - INFO: 166 move(s) completed (1 accepted (0.6024 %)). Current N = 1. Average N = 1.000
2021-03-25 15:01:03,016 - INFO: Move rejected due to water leaving the GCMC sphere
2021-03-25 15:01:06,650 - INFO: 167 move(s) completed (1 accepted (0.5988 %)). Current N = 1. Average N = 1.000
2021-03-25 15:01:33,756 - INFO: 168 move(s) completed (1 accepted (0.5952 %)). Current N = 1. Average N = 1.000
2021-03-25 15:01:57,535 - INFO: Move rejected due to water leaving the GCMC sphere
2021-03-25 15:02:00,983 - INFO: 169 move(s) completed (1 accepted (0.5917 %)). Current N = 1. Average N = 1.000
2021-03-25 15:02:24,802 - INFO: Move rejected due to water leaving the GCMC sphere
2021-03-25 15:02:28,311 - INFO: 170 move(s) completed (1 accepted (0.5882 %)). Current N = 1. Average N = 1.000
2021-03-25 15:02:55,758 - INFO: 171 move(s) completed (1 accepted (0.5848 %)). Current N = 1. Average N = 1.000
2021-03-25 15:03:19,218 - INFO: Move rejected due to water leaving the GCMC sphere
2021-03-25 15:03:22,891 - INFO: 172 move(s) completed (1 accepted (0.5814 %)). Current N = 1. Average N = 1.000
2021-03-25 15:03:50,225 - INFO: 173 move(s) completed (1 accepted (0.5780 %)). Current N = 1. Average N = 1.000
2021-03-25 15:04:14,285 - INFO: Move rejected due to water leaving the GCMC sphere
2021-03-25 15:04:17,960 - INFO: 174 move(s) completed (1 accepted (0.5747 %)). Current N = 1. Average N = 1.000
2021-03-25 15:04:41,414 - INFO: Move rejected due to water leaving the GCMC sphere
2021-03-25 15:04:45,088 - INFO: 175 move(s) completed (1 accepted (0.5714 %)). Current N = 1. Average N = 1.000
2021-03-25 15:05:12,313 - INFO: 176 move(s) completed (1 accepted (0.5682 %)). Current N = 1. Average N = 1.000
2021-03-25 15:05:35,786 - INFO: Move rejected due to water leaving the GCMC sphere
2021-03-25 15:05:39,542 - INFO: 177 move(s) completed (1 accepted (0.5650 %)). Current N = 1. Average N = 1.000
2021-03-25 15:06:02,790 - INFO: Move rejected due to water leaving the GCMC sphere
2021-03-25 15:06:06,500 - INFO: 178 move(s) completed (1 accepted (0.5618 %)). Current N = 1. Average N = 1.000
2021-03-25 15:06:33,546 - INFO: 179 move(s) completed (1 accepted (0.5587 %)). Current N = 1. Average N = 1.000
2021-03-25 15:06:57,042 - INFO: Move rejected due to water leaving the GCMC sphere
2021-03-25 15:07:00,471 - INFO: 180 move(s) completed (1 accepted (0.5556 %)). Current N = 1. Average N = 1.000
2021-03-25 15:07:27,864 - INFO: 181 move(s) completed (1 accepted (0.5525 %)). Current N = 1. Average N = 1.000
2021-03-25 15:07:51,957 - INFO: Move rejected due to water leaving the GCMC sphere
2021-03-25 15:07:55,525 - INFO: 182 move(s) completed (1 accepted (0.5495 %)). Current N = 1. Average N = 1.000
2021-03-25 15:08:23,492 - INFO: 183 move(s) completed (1 accepted (0.5464 %)). Current N = 1. Average N = 1.000
2021-03-25 15:08:50,621 - INFO: 184 move(s) completed (1 accepted (0.5435 %)). Current N = 1. Average N = 1.000
2021-03-25 15:09:13,905 - INFO: Move rejected due to water leaving the GCMC sphere
2021-03-25 15:09:17,577 - INFO: 185 move(s) completed (1 accepted (0.5405 %)). Current N = 1. Average N = 1.000
2021-03-25 15:09:40,958 - INFO: Move rejected due to water leaving the GCMC sphere
2021-03-25 15:09:44,624 - INFO: 186 move(s) completed (1 accepted (0.5376 %)). Current N = 1. Average N = 1.000
2021-03-25 15:10:08,351 - INFO: Move rejected due to water leaving the GCMC sphere
2021-03-25 15:10:12,017 - INFO: 187 move(s) completed (1 accepted (0.5348 %)). Current N = 1. Average N = 1.000
2021-03-25 15:10:35,984 - INFO: Move rejected due to water leaving the GCMC sphere
2021-03-25 15:10:39,645 - INFO: 188 move(s) completed (1 accepted (0.5319 %)). Current N = 1. Average N = 1.000
2021-03-25 15:11:06,870 - INFO: 189 move(s) completed (1 accepted (0.5291 %)). Current N = 1. Average N = 1.000
2021-03-25 15:11:33,912 - INFO: 190 move(s) completed (1 accepted (0.5263 %)). Current N = 1. Average N = 1.000
2021-03-25 15:11:57,310 - INFO: Move rejected due to water leaving the GCMC sphere
2021-03-25 15:12:00,719 - INFO: 191 move(s) completed (1 accepted (0.5236 %)). Current N = 1. Average N = 1.000
2021-03-25 15:12:24,872 - INFO: Move rejected due to water leaving the GCMC sphere
2021-03-25 15:12:28,339 - INFO: 192 move(s) completed (1 accepted (0.5208 %)). Current N = 1. Average N = 1.000
2021-03-25 15:12:51,684 - INFO: Move rejected due to water leaving the GCMC sphere
2021-03-25 15:12:55,300 - INFO: 193 move(s) completed (1 accepted (0.5181 %)). Current N = 1. Average N = 1.000
2021-03-25 15:13:18,863 - INFO: Move rejected due to water leaving the GCMC sphere
2021-03-25 15:13:22,470 - INFO: 194 move(s) completed (1 accepted (0.5155 %)). Current N = 1. Average N = 1.000
2021-03-25 15:13:46,016 - INFO: Move rejected due to water leaving the GCMC sphere
2021-03-25 15:13:49,680 - INFO: 195 move(s) completed (1 accepted (0.5128 %)). Current N = 1. Average N = 1.000
2021-03-25 15:14:13,185 - INFO: Move rejected due to water leaving the GCMC sphere
2021-03-25 15:14:16,774 - INFO: 196 move(s) completed (1 accepted (0.5102 %)). Current N = 1. Average N = 1.000
2021-03-25 15:14:44,305 - INFO: 197 move(s) completed (1 accepted (0.5076 %)). Current N = 1. Average N = 1.000
2021-03-25 15:15:08,118 - INFO: Move rejected due to water leaving the GCMC sphere
2021-03-25 15:15:11,783 - INFO: 198 move(s) completed (1 accepted (0.5051 %)). Current N = 1. Average N = 1.000
2021-03-25 15:15:35,425 - INFO: Move rejected due to water leaving the GCMC sphere
2021-03-25 15:15:39,093 - INFO: 199 move(s) completed (1 accepted (0.5025 %)). Current N = 1. Average N = 1.000
2021-03-25 15:16:06,125 - INFO: 200 move(s) completed (1 accepted (0.5000 %)). Current N = 1. Average N = 1.000
2021-03-25 15:16:30,521 - INFO: Move rejected due to water leaving the GCMC sphere
2021-03-25 15:16:34,191 - INFO: 201 move(s) completed (1 accepted (0.4975 %)). Current N = 1. Average N = 1.000
2021-03-25 15:16:57,865 - INFO: Move rejected due to water leaving the GCMC sphere
2021-03-25 15:17:01,550 - INFO: 202 move(s) completed (1 accepted (0.4950 %)). Current N = 1. Average N = 1.000
2021-03-25 15:17:24,968 - INFO: Move rejected due to water leaving the GCMC sphere
2021-03-25 15:17:28,631 - INFO: 203 move(s) completed (1 accepted (0.4926 %)). Current N = 1. Average N = 1.000
2021-03-25 15:17:52,368 - INFO: Move rejected due to water leaving the GCMC sphere
2021-03-25 15:17:55,982 - INFO: 204 move(s) completed (1 accepted (0.4902 %)). Current N = 1. Average N = 1.000
2021-03-25 15:18:19,728 - INFO: Move rejected due to water leaving the GCMC sphere
2021-03-25 15:18:23,196 - INFO: 205 move(s) completed (1 accepted (0.4878 %)). Current N = 1. Average N = 1.000
2021-03-25 15:18:50,584 - INFO: 206 move(s) completed (1 accepted (0.4854 %)). Current N = 1. Average N = 1.000
2021-03-25 15:19:14,085 - INFO: Move rejected due to water leaving the GCMC sphere
2021-03-25 15:19:17,646 - INFO: 207 move(s) completed (1 accepted (0.4831 %)). Current N = 1. Average N = 1.000
2021-03-25 15:19:41,659 - INFO: Move rejected due to water leaving the GCMC sphere
2021-03-25 15:19:45,243 - INFO: 208 move(s) completed (1 accepted (0.4808 %)). Current N = 1. Average N = 1.000
2021-03-25 15:20:09,343 - INFO: Move rejected due to water leaving the GCMC sphere
2021-03-25 15:20:12,785 - INFO: 209 move(s) completed (1 accepted (0.4785 %)). Current N = 1. Average N = 1.000
2021-03-25 15:20:37,110 - INFO: Move rejected due to water leaving the GCMC sphere
2021-03-25 15:20:40,530 - INFO: 210 move(s) completed (1 accepted (0.4762 %)). Current N = 1. Average N = 1.000
2021-03-25 15:21:07,651 - INFO: 211 move(s) completed (1 accepted (0.4739 %)). Current N = 1. Average N = 1.000
2021-03-25 15:21:34,758 - INFO: 212 move(s) completed (1 accepted (0.4717 %)). Current N = 1. Average N = 1.000
2021-03-25 15:21:58,365 - INFO: Move rejected due to water leaving the GCMC sphere
2021-03-25 15:22:02,129 - INFO: 213 move(s) completed (1 accepted (0.4695 %)). Current N = 1. Average N = 1.000
2021-03-25 15:22:25,787 - INFO: Move rejected due to water leaving the GCMC sphere
2021-03-25 15:22:29,544 - INFO: 214 move(s) completed (1 accepted (0.4673 %)). Current N = 1. Average N = 1.000
2021-03-25 15:22:56,953 - INFO: 215 move(s) completed (1 accepted (0.4651 %)). Current N = 1. Average N = 1.000
2021-03-25 15:23:20,339 - INFO: Move rejected due to water leaving the GCMC sphere
2021-03-25 15:23:24,010 - INFO: 216 move(s) completed (1 accepted (0.4630 %)). Current N = 1. Average N = 1.000
2021-03-25 15:23:47,956 - INFO: Move rejected due to water leaving the GCMC sphere
2021-03-25 15:23:51,709 - INFO: 217 move(s) completed (1 accepted (0.4608 %)). Current N = 1. Average N = 1.000
2021-03-25 15:24:15,779 - INFO: Move rejected due to water leaving the GCMC sphere
2021-03-25 15:24:19,298 - INFO: 218 move(s) completed (1 accepted (0.4587 %)). Current N = 1. Average N = 1.000
2021-03-25 15:24:47,093 - INFO: 219 move(s) completed (1 accepted (0.4566 %)). Current N = 1. Average N = 1.000
2021-03-25 15:25:10,249 - INFO: Move rejected due to water leaving the GCMC sphere
2021-03-25 15:25:13,830 - INFO: 220 move(s) completed (1 accepted (0.4545 %)). Current N = 1. Average N = 1.000
2021-03-25 15:25:40,666 - INFO: 221 move(s) completed (1 accepted (0.4525 %)). Current N = 1. Average N = 1.000
2021-03-25 15:26:04,024 - INFO: Move rejected due to water leaving the GCMC sphere
2021-03-25 15:26:07,452 - INFO: 222 move(s) completed (1 accepted (0.4505 %)). Current N = 1. Average N = 1.000
2021-03-25 15:26:31,428 - INFO: Move rejected due to water leaving the GCMC sphere
2021-03-25 15:26:35,007 - INFO: 223 move(s) completed (1 accepted (0.4484 %)). Current N = 1. Average N = 1.000
2021-03-25 15:26:58,821 - INFO: Move rejected due to water leaving the GCMC sphere
2021-03-25 15:27:02,435 - INFO: 224 move(s) completed (1 accepted (0.4464 %)). Current N = 1. Average N = 1.000
2021-03-25 15:27:30,139 - INFO: 225 move(s) completed (1 accepted (0.4444 %)). Current N = 1. Average N = 1.000
2021-03-25 15:27:54,281 - INFO: Move rejected due to water leaving the GCMC sphere
2021-03-25 15:27:57,956 - INFO: 226 move(s) completed (1 accepted (0.4425 %)). Current N = 1. Average N = 1.000
2021-03-25 15:28:24,863 - INFO: 227 move(s) completed (1 accepted (0.4405 %)). Current N = 1. Average N = 1.000
2021-03-25 15:28:48,378 - INFO: Move rejected due to water leaving the GCMC sphere
2021-03-25 15:28:52,047 - INFO: 228 move(s) completed (1 accepted (0.4386 %)). Current N = 1. Average N = 1.000
2021-03-25 15:29:15,584 - INFO: Move rejected due to water leaving the GCMC sphere
2021-03-25 15:29:19,252 - INFO: 229 move(s) completed (1 accepted (0.4367 %)). Current N = 1. Average N = 1.000
2021-03-25 15:29:46,324 - INFO: 230 move(s) completed (1 accepted (0.4348 %)). Current N = 1. Average N = 1.000
2021-03-25 15:30:13,587 - INFO: 231 move(s) completed (1 accepted (0.4329 %)). Current N = 1. Average N = 1.000
2021-03-25 15:30:37,168 - INFO: Move rejected due to water leaving the GCMC sphere
2021-03-25 15:30:40,700 - INFO: 232 move(s) completed (1 accepted (0.4310 %)). Current N = 1. Average N = 1.000
2021-03-25 15:31:08,086 - INFO: 233 move(s) completed (1 accepted (0.4292 %)). Current N = 1. Average N = 1.000
2021-03-25 15:31:35,371 - INFO: 234 move(s) completed (1 accepted (0.4274 %)). Current N = 1. Average N = 1.000
2021-03-25 15:32:02,891 - INFO: 235 move(s) completed (1 accepted (0.4255 %)). Current N = 1. Average N = 1.000
2021-03-25 15:32:30,249 - INFO: 236 move(s) completed (1 accepted (0.4237 %)). Current N = 1. Average N = 1.000
2021-03-25 15:32:53,369 - INFO: Move rejected due to water leaving the GCMC sphere
2021-03-25 15:32:56,946 - INFO: 237 move(s) completed (1 accepted (0.4219 %)). Current N = 1. Average N = 1.000
2021-03-25 15:33:20,295 - INFO: Move rejected due to water leaving the GCMC sphere
2021-03-25 15:33:23,919 - INFO: 238 move(s) completed (1 accepted (0.4202 %)). Current N = 1. Average N = 1.000
2021-03-25 15:33:47,553 - INFO: Move rejected due to water leaving the GCMC sphere
2021-03-25 15:33:51,225 - INFO: 239 move(s) completed (1 accepted (0.4184 %)). Current N = 1. Average N = 1.000
2021-03-25 15:34:14,813 - INFO: Move rejected due to water leaving the GCMC sphere
2021-03-25 15:34:18,496 - INFO: 240 move(s) completed (1 accepted (0.4167 %)). Current N = 1. Average N = 1.000
2021-03-25 15:34:42,318 - INFO: Move rejected due to water leaving the GCMC sphere
2021-03-25 15:34:45,987 - INFO: 241 move(s) completed (1 accepted (0.4149 %)). Current N = 1. Average N = 1.000
2021-03-25 15:35:09,923 - INFO: Move rejected due to water leaving the GCMC sphere
2021-03-25 15:35:13,581 - INFO: 242 move(s) completed (1 accepted (0.4132 %)). Current N = 1. Average N = 1.000
2021-03-25 15:35:37,656 - INFO: Move rejected due to water leaving the GCMC sphere
2021-03-25 15:35:41,329 - INFO: 243 move(s) completed (1 accepted (0.4115 %)). Current N = 1. Average N = 1.000
2021-03-25 15:36:05,518 - INFO: Move rejected due to water leaving the GCMC sphere
2021-03-25 15:36:09,180 - INFO: 244 move(s) completed (1 accepted (0.4098 %)). Current N = 1. Average N = 1.000
2021-03-25 15:36:33,301 - INFO: Move rejected due to water leaving the GCMC sphere
2021-03-25 15:36:36,939 - INFO: 245 move(s) completed (1 accepted (0.4082 %)). Current N = 1. Average N = 1.000
2021-03-25 15:37:01,228 - INFO: Move rejected due to water leaving the GCMC sphere
2021-03-25 15:37:04,798 - INFO: 246 move(s) completed (1 accepted (0.4065 %)). Current N = 1. Average N = 1.000
2021-03-25 15:37:28,348 - INFO: Move rejected due to water leaving the GCMC sphere
2021-03-25 15:37:31,873 - INFO: 247 move(s) completed (1 accepted (0.4049 %)). Current N = 1. Average N = 1.000
2021-03-25 15:37:55,260 - INFO: Move rejected due to water leaving the GCMC sphere
2021-03-25 15:37:59,717 - INFO: 248 move(s) completed (1 accepted (0.4032 %)). Current N = 1. Average N = 1.000
2021-03-25 15:38:26,827 - INFO: 249 move(s) completed (1 accepted (0.4016 %)). Current N = 1. Average N = 1.000
2021-03-25 15:38:50,423 - INFO: Move rejected due to water leaving the GCMC sphere
2021-03-25 15:38:53,802 - INFO: 250 move(s) completed (1 accepted (0.4000 %)). Current N = 1. Average N = 1.000
2021-03-25 15:39:21,009 - INFO: 251 move(s) completed (1 accepted (0.3984 %)). Current N = 1. Average N = 1.000
2021-03-25 15:39:44,452 - INFO: Move rejected due to water leaving the GCMC sphere
2021-03-25 15:39:48,155 - INFO: 252 move(s) completed (1 accepted (0.3968 %)). Current N = 1. Average N = 1.000
2021-03-25 15:40:11,586 - INFO: Move rejected due to water leaving the GCMC sphere
2021-03-25 15:40:15,266 - INFO: 253 move(s) completed (1 accepted (0.3953 %)). Current N = 1. Average N = 1.000
2021-03-25 15:40:42,418 - INFO: 254 move(s) completed (1 accepted (0.3937 %)). Current N = 1. Average N = 1.000
2021-03-25 15:41:06,548 - INFO: Move rejected due to water leaving the GCMC sphere
2021-03-25 15:41:10,223 - INFO: 255 move(s) completed (1 accepted (0.3922 %)). Current N = 1. Average N = 1.000
2021-03-25 15:41:33,657 - INFO: Move rejected due to water leaving the GCMC sphere
2021-03-25 15:41:37,334 - INFO: 256 move(s) completed (1 accepted (0.3906 %)). Current N = 1. Average N = 1.000
2021-03-25 15:42:04,620 - INFO: 257 move(s) completed (1 accepted (0.3891 %)). Current N = 1. Average N = 1.000
2021-03-25 15:42:31,921 - INFO: 258 move(s) completed (1 accepted (0.3876 %)). Current N = 1. Average N = 1.000
2021-03-25 15:42:59,197 - INFO: 259 move(s) completed (1 accepted (0.3861 %)). Current N = 1. Average N = 1.000
2021-03-25 15:43:22,995 - INFO: Move rejected due to water leaving the GCMC sphere
2021-03-25 15:43:26,563 - INFO: 260 move(s) completed (1 accepted (0.3846 %)). Current N = 1. Average N = 1.000
2021-03-25 15:43:54,173 - INFO: 261 move(s) completed (1 accepted (0.3831 %)). Current N = 1. Average N = 1.000
2021-03-25 15:44:21,836 - INFO: 262 move(s) completed (1 accepted (0.3817 %)). Current N = 1. Average N = 1.000
2021-03-25 15:44:45,712 - INFO: Move rejected due to water leaving the GCMC sphere
2021-03-25 15:44:49,313 - INFO: 263 move(s) completed (1 accepted (0.3802 %)). Current N = 1. Average N = 1.000
2021-03-25 15:45:13,602 - INFO: Move rejected due to water leaving the GCMC sphere
2021-03-25 15:45:17,273 - INFO: 264 move(s) completed (1 accepted (0.3788 %)). Current N = 1. Average N = 1.000
2021-03-25 15:45:40,798 - INFO: Move rejected due to water leaving the GCMC sphere
2021-03-25 15:45:44,209 - INFO: 265 move(s) completed (1 accepted (0.3774 %)). Current N = 1. Average N = 1.000
