2021-03-24 23:40:01,677 - INFO: kT = 0.5921875708469466 kcal/mol
2021-03-24 23:40:06,708 - INFO: BaseGrandCanonicalMonteCarloSampler object initialised
2021-03-24 23:40:06,708 - INFO: GCMC sphere is based on reference atom IDs: [887, 1837]
2021-03-24 23:40:06,708 - INFO: GCMC sphere radius is 6 A
2021-03-24 23:40:06,709 - INFO: Simulating at an Adams (B) value of -6.888845176169922
2021-03-24 23:40:06,709 - INFO: GCMCSphereSampler object initialised
2021-03-24 23:40:06,709 - INFO: Each NCMC move will be executed over a total of 15.0 ps
2021-03-24 23:40:06,709 - INFO: NonequilibriumGCMCSphereSampler object initialised
2021-03-24 23:40:19,282 - INFO: 1 move(s) completed (0 accepted (0.0000 %)). Current N = 0. Average N = 0.000
2021-03-24 23:40:24,929 - INFO: 2 move(s) completed (0 accepted (0.0000 %)). Current N = 0. Average N = 0.000
2021-03-24 23:40:30,800 - INFO: 3 move(s) completed (0 accepted (0.0000 %)). Current N = 0. Average N = 0.000
2021-03-24 23:40:56,800 - INFO: Move rejected due to water leaving the GCMC sphere
2021-03-24 23:41:00,372 - INFO: 4 move(s) completed (0 accepted (0.0000 %)). Current N = 0. Average N = 0.000
2021-03-24 23:41:06,284 - INFO: 5 move(s) completed (0 accepted (0.0000 %)). Current N = 0. Average N = 0.000
2021-03-24 23:41:12,220 - INFO: 6 move(s) completed (0 accepted (0.0000 %)). Current N = 0. Average N = 0.000
2021-03-24 23:41:38,655 - INFO: Move rejected due to water leaving the GCMC sphere
2021-03-24 23:41:42,333 - INFO: 7 move(s) completed (0 accepted (0.0000 %)). Current N = 0. Average N = 0.000
2021-03-24 23:42:07,716 - INFO: Move rejected due to water leaving the GCMC sphere
2021-03-24 23:42:11,169 - INFO: 8 move(s) completed (0 accepted (0.0000 %)). Current N = 0. Average N = 0.000
2021-03-24 23:42:17,117 - INFO: 9 move(s) completed (0 accepted (0.0000 %)). Current N = 0. Average N = 0.000
2021-03-24 23:42:42,485 - INFO: Move rejected due to water leaving the GCMC sphere
2021-03-24 23:42:46,142 - INFO: 10 move(s) completed (0 accepted (0.0000 %)). Current N = 0. Average N = 0.000
2021-03-24 23:42:52,113 - INFO: 11 move(s) completed (0 accepted (0.0000 %)). Current N = 0. Average N = 0.000
2021-03-24 23:43:17,810 - INFO: Move rejected due to water leaving the GCMC sphere
2021-03-24 23:43:21,496 - INFO: 12 move(s) completed (0 accepted (0.0000 %)). Current N = 0. Average N = 0.000
2021-03-24 23:43:27,459 - INFO: 13 move(s) completed (0 accepted (0.0000 %)). Current N = 0. Average N = 0.000
2021-03-24 23:43:33,272 - INFO: 14 move(s) completed (0 accepted (0.0000 %)). Current N = 0. Average N = 0.000
2021-03-24 23:43:58,631 - INFO: Move rejected due to water leaving the GCMC sphere
2021-03-24 23:44:02,197 - INFO: 15 move(s) completed (0 accepted (0.0000 %)). Current N = 0. Average N = 0.000
2021-03-24 23:44:08,014 - INFO: 16 move(s) completed (0 accepted (0.0000 %)). Current N = 0. Average N = 0.000
2021-03-24 23:44:13,745 - INFO: 17 move(s) completed (0 accepted (0.0000 %)). Current N = 0. Average N = 0.000
2021-03-24 23:44:39,717 - INFO: Move rejected due to water leaving the GCMC sphere
2021-03-24 23:44:43,165 - INFO: 18 move(s) completed (0 accepted (0.0000 %)). Current N = 0. Average N = 0.000
2021-03-24 23:44:49,210 - INFO: 19 move(s) completed (0 accepted (0.0000 %)). Current N = 0. Average N = 0.000
2021-03-24 23:44:55,114 - INFO: 20 move(s) completed (0 accepted (0.0000 %)). Current N = 0. Average N = 0.000
2021-03-24 23:45:21,354 - INFO: Move rejected due to water leaving the GCMC sphere
2021-03-24 23:45:25,046 - INFO: 21 move(s) completed (0 accepted (0.0000 %)). Current N = 0. Average N = 0.000
2021-03-24 23:45:30,760 - INFO: 22 move(s) completed (0 accepted (0.0000 %)). Current N = 0. Average N = 0.000
2021-03-24 23:46:00,393 - INFO: 23 move(s) completed (0 accepted (0.0000 %)). Current N = 0. Average N = 0.000
2021-03-24 23:46:06,098 - INFO: 24 move(s) completed (0 accepted (0.0000 %)). Current N = 0. Average N = 0.000
2021-03-24 23:46:31,556 - INFO: Move rejected due to water leaving the GCMC sphere
2021-03-24 23:46:35,080 - INFO: 25 move(s) completed (0 accepted (0.0000 %)). Current N = 0. Average N = 0.000
2021-03-24 23:46:41,099 - INFO: 26 move(s) completed (0 accepted (0.0000 %)). Current N = 0. Average N = 0.000
2021-03-24 23:46:46,984 - INFO: 27 move(s) completed (0 accepted (0.0000 %)). Current N = 0. Average N = 0.000
2021-03-24 23:46:52,620 - INFO: 28 move(s) completed (0 accepted (0.0000 %)). Current N = 0. Average N = 0.000
2021-03-24 23:47:18,126 - INFO: Move rejected due to water leaving the GCMC sphere
2021-03-24 23:47:21,689 - INFO: 29 move(s) completed (0 accepted (0.0000 %)). Current N = 0. Average N = 0.000
2021-03-24 23:47:50,903 - INFO: 30 move(s) completed (1 accepted (3.3333 %)). Current N = 1. Average N = 0.033
2021-03-24 23:48:16,451 - INFO: Move rejected due to water leaving the GCMC sphere
2021-03-24 23:48:19,948 - INFO: 31 move(s) completed (1 accepted (3.2258 %)). Current N = 1. Average N = 0.065
2021-03-24 23:48:49,551 - INFO: 32 move(s) completed (1 accepted (3.1250 %)). Current N = 1. Average N = 0.094
2021-03-24 23:49:15,713 - INFO: Move rejected due to water leaving the GCMC sphere
2021-03-24 23:49:19,319 - INFO: 33 move(s) completed (1 accepted (3.0303 %)). Current N = 1. Average N = 0.121
2021-03-24 23:49:45,763 - INFO: Move rejected due to water leaving the GCMC sphere
2021-03-24 23:49:49,454 - INFO: 34 move(s) completed (1 accepted (2.9412 %)). Current N = 1. Average N = 0.147
2021-03-24 23:50:15,075 - INFO: Move rejected due to water leaving the GCMC sphere
2021-03-24 23:50:18,746 - INFO: 35 move(s) completed (1 accepted (2.8571 %)). Current N = 1. Average N = 0.171
2021-03-24 23:50:44,551 - INFO: Move rejected due to water leaving the GCMC sphere
2021-03-24 23:50:48,231 - INFO: 36 move(s) completed (1 accepted (2.7778 %)). Current N = 1. Average N = 0.194
2021-03-24 23:51:17,828 - INFO: 37 move(s) completed (1 accepted (2.7027 %)). Current N = 1. Average N = 0.216
2021-03-24 23:51:47,528 - INFO: 38 move(s) completed (1 accepted (2.6316 %)). Current N = 1. Average N = 0.237
2021-03-24 23:52:13,513 - INFO: Move rejected due to water leaving the GCMC sphere
2021-03-24 23:52:17,195 - INFO: 39 move(s) completed (1 accepted (2.5641 %)). Current N = 1. Average N = 0.256
2021-03-24 23:52:43,370 - INFO: Move rejected due to water leaving the GCMC sphere
2021-03-24 23:52:46,876 - INFO: 40 move(s) completed (1 accepted (2.5000 %)). Current N = 1. Average N = 0.275
2021-03-24 23:53:15,917 - INFO: 41 move(s) completed (1 accepted (2.4390 %)). Current N = 1. Average N = 0.293
2021-03-24 23:53:46,313 - INFO: 42 move(s) completed (1 accepted (2.3810 %)). Current N = 1. Average N = 0.309
2021-03-24 23:54:11,522 - INFO: Move rejected due to water leaving the GCMC sphere
2021-03-24 23:54:15,097 - INFO: 43 move(s) completed (1 accepted (2.3256 %)). Current N = 1. Average N = 0.326
2021-03-24 23:54:40,414 - INFO: Move rejected due to water leaving the GCMC sphere
2021-03-24 23:54:43,962 - INFO: 44 move(s) completed (1 accepted (2.2727 %)). Current N = 1. Average N = 0.341
2021-03-24 23:55:13,497 - INFO: 45 move(s) completed (1 accepted (2.2222 %)). Current N = 1. Average N = 0.356
2021-03-24 23:55:39,408 - INFO: Move rejected due to water leaving the GCMC sphere
2021-03-24 23:55:43,058 - INFO: 46 move(s) completed (1 accepted (2.1739 %)). Current N = 1. Average N = 0.370
2021-03-24 23:56:08,496 - INFO: Move rejected due to water leaving the GCMC sphere
2021-03-24 23:56:12,182 - INFO: 47 move(s) completed (1 accepted (2.1277 %)). Current N = 1. Average N = 0.383
2021-03-24 23:56:38,557 - INFO: Move rejected due to water leaving the GCMC sphere
2021-03-24 23:56:42,228 - INFO: 48 move(s) completed (1 accepted (2.0833 %)). Current N = 1. Average N = 0.396
2021-03-24 23:57:12,359 - INFO: 49 move(s) completed (1 accepted (2.0408 %)). Current N = 1. Average N = 0.408
2021-03-24 23:57:38,684 - INFO: Move rejected due to water leaving the GCMC sphere
2021-03-24 23:57:42,352 - INFO: 50 move(s) completed (1 accepted (2.0000 %)). Current N = 1. Average N = 0.420
2021-03-24 23:58:07,730 - INFO: Move rejected due to water leaving the GCMC sphere
2021-03-24 23:58:11,400 - INFO: 51 move(s) completed (1 accepted (1.9608 %)). Current N = 1. Average N = 0.431
2021-03-24 23:58:40,900 - INFO: 52 move(s) completed (1 accepted (1.9231 %)). Current N = 1. Average N = 0.442
2021-03-24 23:59:10,371 - INFO: 53 move(s) completed (1 accepted (1.8868 %)). Current N = 1. Average N = 0.453
2021-03-24 23:59:36,190 - INFO: Move rejected due to water leaving the GCMC sphere
2021-03-24 23:59:39,558 - INFO: 54 move(s) completed (1 accepted (1.8519 %)). Current N = 1. Average N = 0.463
2021-03-25 00:00:05,596 - INFO: Move rejected due to water leaving the GCMC sphere
2021-03-25 00:00:09,120 - INFO: 55 move(s) completed (1 accepted (1.8182 %)). Current N = 1. Average N = 0.473
2021-03-25 00:00:38,838 - INFO: 56 move(s) completed (1 accepted (1.7857 %)). Current N = 1. Average N = 0.482
2021-03-25 00:01:05,279 - INFO: Move rejected due to water leaving the GCMC sphere
2021-03-25 00:01:08,765 - INFO: 57 move(s) completed (1 accepted (1.7544 %)). Current N = 1. Average N = 0.491
2021-03-25 00:01:35,034 - INFO: Move rejected due to water leaving the GCMC sphere
2021-03-25 00:01:38,710 - INFO: 58 move(s) completed (1 accepted (1.7241 %)). Current N = 1. Average N = 0.500
2021-03-25 00:02:04,352 - INFO: Move rejected due to water leaving the GCMC sphere
2021-03-25 00:02:08,030 - INFO: 59 move(s) completed (1 accepted (1.6949 %)). Current N = 1. Average N = 0.508
2021-03-25 00:02:33,837 - INFO: Move rejected due to water leaving the GCMC sphere
2021-03-25 00:02:37,518 - INFO: 60 move(s) completed (1 accepted (1.6667 %)). Current N = 1. Average N = 0.517
2021-03-25 00:03:07,122 - INFO: 61 move(s) completed (1 accepted (1.6393 %)). Current N = 1. Average N = 0.525
2021-03-25 00:03:36,828 - INFO: 62 move(s) completed (1 accepted (1.6129 %)). Current N = 1. Average N = 0.532
2021-03-25 00:04:06,058 - INFO: 63 move(s) completed (1 accepted (1.5873 %)). Current N = 1. Average N = 0.540
2021-03-25 00:04:35,074 - INFO: 64 move(s) completed (1 accepted (1.5625 %)). Current N = 1. Average N = 0.547
2021-03-25 00:05:01,057 - INFO: Move rejected due to water leaving the GCMC sphere
2021-03-25 00:05:04,526 - INFO: 65 move(s) completed (1 accepted (1.5385 %)). Current N = 1. Average N = 0.554
2021-03-25 00:05:34,298 - INFO: 66 move(s) completed (1 accepted (1.5152 %)). Current N = 1. Average N = 0.561
2021-03-25 00:05:59,539 - INFO: Move rejected due to water leaving the GCMC sphere
2021-03-25 00:06:02,901 - INFO: 67 move(s) completed (1 accepted (1.4925 %)). Current N = 1. Average N = 0.567
2021-03-25 00:06:28,200 - INFO: Move rejected due to water leaving the GCMC sphere
2021-03-25 00:06:31,663 - INFO: 68 move(s) completed (1 accepted (1.4706 %)). Current N = 1. Average N = 0.574
2021-03-25 00:06:57,234 - INFO: Move rejected due to water leaving the GCMC sphere
2021-03-25 00:07:00,559 - INFO: 69 move(s) completed (1 accepted (1.4493 %)). Current N = 1. Average N = 0.580
2021-03-25 00:07:26,272 - INFO: Move rejected due to water leaving the GCMC sphere
2021-03-25 00:07:29,873 - INFO: 70 move(s) completed (1 accepted (1.4286 %)). Current N = 1. Average N = 0.586
2021-03-25 00:07:55,324 - INFO: Move rejected due to water leaving the GCMC sphere
2021-03-25 00:07:58,990 - INFO: 71 move(s) completed (1 accepted (1.4085 %)). Current N = 1. Average N = 0.592
2021-03-25 00:08:28,222 - INFO: 72 move(s) completed (1 accepted (1.3889 %)). Current N = 1. Average N = 0.597
2021-03-25 00:08:54,587 - INFO: Move rejected due to water leaving the GCMC sphere
2021-03-25 00:08:58,286 - INFO: 73 move(s) completed (1 accepted (1.3699 %)). Current N = 1. Average N = 0.603
2021-03-25 00:09:28,445 - INFO: 74 move(s) completed (1 accepted (1.3514 %)). Current N = 1. Average N = 0.608
2021-03-25 00:09:57,678 - INFO: 75 move(s) completed (1 accepted (1.3333 %)). Current N = 1. Average N = 0.613
2021-03-25 00:10:26,898 - INFO: 76 move(s) completed (1 accepted (1.3158 %)). Current N = 1. Average N = 0.618
2021-03-25 00:10:56,266 - INFO: 77 move(s) completed (1 accepted (1.2987 %)). Current N = 1. Average N = 0.623
2021-03-25 00:11:25,424 - INFO: 78 move(s) completed (1 accepted (1.2821 %)). Current N = 1. Average N = 0.628
2021-03-25 00:11:54,733 - INFO: 79 move(s) completed (1 accepted (1.2658 %)). Current N = 1. Average N = 0.633
2021-03-25 00:12:24,253 - INFO: 80 move(s) completed (1 accepted (1.2500 %)). Current N = 1. Average N = 0.637
2021-03-25 00:12:50,394 - INFO: Move rejected due to water leaving the GCMC sphere
2021-03-25 00:12:53,907 - INFO: 81 move(s) completed (1 accepted (1.2346 %)). Current N = 1. Average N = 0.642
2021-03-25 00:13:20,197 - INFO: Move rejected due to water leaving the GCMC sphere
2021-03-25 00:13:23,554 - INFO: 82 move(s) completed (1 accepted (1.2195 %)). Current N = 1. Average N = 0.646
2021-03-25 00:13:49,313 - INFO: Move rejected due to water leaving the GCMC sphere
2021-03-25 00:13:52,997 - INFO: 83 move(s) completed (1 accepted (1.2048 %)). Current N = 1. Average N = 0.651
2021-03-25 00:14:18,734 - INFO: Move rejected due to water leaving the GCMC sphere
2021-03-25 00:14:22,401 - INFO: 84 move(s) completed (1 accepted (1.1905 %)). Current N = 1. Average N = 0.655
2021-03-25 00:14:48,369 - INFO: Move rejected due to water leaving the GCMC sphere
2021-03-25 00:14:52,068 - INFO: 85 move(s) completed (1 accepted (1.1765 %)). Current N = 1. Average N = 0.659
2021-03-25 00:15:21,478 - INFO: 86 move(s) completed (1 accepted (1.1628 %)). Current N = 1. Average N = 0.663
2021-03-25 00:15:51,328 - INFO: 87 move(s) completed (1 accepted (1.1494 %)). Current N = 1. Average N = 0.667
2021-03-25 00:16:17,754 - INFO: Move rejected due to water leaving the GCMC sphere
2021-03-25 00:16:21,404 - INFO: 88 move(s) completed (1 accepted (1.1364 %)). Current N = 1. Average N = 0.670
2021-03-25 00:16:47,498 - INFO: Move rejected due to water leaving the GCMC sphere
2021-03-25 00:16:50,917 - INFO: 89 move(s) completed (1 accepted (1.1236 %)). Current N = 1. Average N = 0.674
2021-03-25 00:17:17,300 - INFO: Move rejected due to water leaving the GCMC sphere
2021-03-25 00:17:20,865 - INFO: 90 move(s) completed (1 accepted (1.1111 %)). Current N = 1. Average N = 0.678
2021-03-25 00:17:49,801 - INFO: 91 move(s) completed (1 accepted (1.0989 %)). Current N = 1. Average N = 0.681
2021-03-25 00:18:15,448 - INFO: Move rejected due to water leaving the GCMC sphere
2021-03-25 00:18:18,887 - INFO: 92 move(s) completed (1 accepted (1.0870 %)). Current N = 1. Average N = 0.685
2021-03-25 00:18:44,875 - INFO: Move rejected due to water leaving the GCMC sphere
2021-03-25 00:18:48,312 - INFO: 93 move(s) completed (1 accepted (1.0753 %)). Current N = 1. Average N = 0.688
2021-03-25 00:19:17,917 - INFO: 94 move(s) completed (1 accepted (1.0638 %)). Current N = 1. Average N = 0.692
2021-03-25 00:19:47,765 - INFO: 95 move(s) completed (1 accepted (1.0526 %)). Current N = 1. Average N = 0.695
2021-03-25 00:20:17,252 - INFO: 96 move(s) completed (1 accepted (1.0417 %)). Current N = 1. Average N = 0.698
2021-03-25 00:20:46,525 - INFO: 97 move(s) completed (1 accepted (1.0309 %)). Current N = 1. Average N = 0.701
2021-03-25 00:21:15,743 - INFO: 98 move(s) completed (1 accepted (1.0204 %)). Current N = 1. Average N = 0.704
2021-03-25 00:21:41,366 - INFO: Move rejected due to water leaving the GCMC sphere
2021-03-25 00:21:45,043 - INFO: 99 move(s) completed (1 accepted (1.0101 %)). Current N = 1. Average N = 0.707
2021-03-25 00:22:10,852 - INFO: Move rejected due to water leaving the GCMC sphere
2021-03-25 00:22:14,540 - INFO: 100 move(s) completed (1 accepted (1.0000 %)). Current N = 1. Average N = 0.710
2021-03-25 00:22:40,133 - INFO: Move rejected due to water leaving the GCMC sphere
2021-03-25 00:22:43,805 - INFO: 101 move(s) completed (1 accepted (0.9901 %)). Current N = 1. Average N = 0.713
2021-03-25 00:23:12,730 - INFO: 102 move(s) completed (1 accepted (0.9804 %)). Current N = 1. Average N = 0.716
2021-03-25 00:23:38,741 - INFO: Move rejected due to water leaving the GCMC sphere
2021-03-25 00:23:42,288 - INFO: 103 move(s) completed (1 accepted (0.9709 %)). Current N = 1. Average N = 0.718
2021-03-25 00:24:11,954 - INFO: 104 move(s) completed (1 accepted (0.9615 %)). Current N = 1. Average N = 0.721
2021-03-25 00:24:41,636 - INFO: 105 move(s) completed (1 accepted (0.9524 %)). Current N = 1. Average N = 0.724
2021-03-25 00:25:10,863 - INFO: 106 move(s) completed (1 accepted (0.9434 %)). Current N = 1. Average N = 0.726
2021-03-25 00:25:39,982 - INFO: 107 move(s) completed (1 accepted (0.9346 %)). Current N = 1. Average N = 0.729
2021-03-25 00:26:05,856 - INFO: Move rejected due to water leaving the GCMC sphere
2021-03-25 00:26:09,551 - INFO: 108 move(s) completed (1 accepted (0.9259 %)). Current N = 1. Average N = 0.732
2021-03-25 00:26:35,525 - INFO: Move rejected due to water leaving the GCMC sphere
2021-03-25 00:26:39,206 - INFO: 109 move(s) completed (1 accepted (0.9174 %)). Current N = 1. Average N = 0.734
2021-03-25 00:27:05,446 - INFO: Move rejected due to water leaving the GCMC sphere
2021-03-25 00:27:09,146 - INFO: 110 move(s) completed (1 accepted (0.9091 %)). Current N = 1. Average N = 0.736
2021-03-25 00:27:39,101 - INFO: 111 move(s) completed (1 accepted (0.9009 %)). Current N = 1. Average N = 0.739
2021-03-25 00:28:05,491 - INFO: Move rejected due to water leaving the GCMC sphere
2021-03-25 00:28:09,158 - INFO: 112 move(s) completed (1 accepted (0.8929 %)). Current N = 1. Average N = 0.741
2021-03-25 00:28:38,886 - INFO: 113 move(s) completed (1 accepted (0.8850 %)). Current N = 1. Average N = 0.743
2021-03-25 00:29:04,238 - INFO: Move rejected due to water leaving the GCMC sphere
2021-03-25 00:29:07,692 - INFO: 114 move(s) completed (1 accepted (0.8772 %)). Current N = 1. Average N = 0.746
2021-03-25 00:29:36,942 - INFO: 115 move(s) completed (1 accepted (0.8696 %)). Current N = 1. Average N = 0.748
2021-03-25 00:30:02,616 - INFO: Move rejected due to water leaving the GCMC sphere
2021-03-25 00:30:06,120 - INFO: 116 move(s) completed (1 accepted (0.8621 %)). Current N = 1. Average N = 0.750
2021-03-25 00:30:35,450 - INFO: 117 move(s) completed (1 accepted (0.8547 %)). Current N = 1. Average N = 0.752
2021-03-25 00:31:04,717 - INFO: 118 move(s) completed (1 accepted (0.8475 %)). Current N = 1. Average N = 0.754
2021-03-25 00:31:30,867 - INFO: Move rejected due to water leaving the GCMC sphere
2021-03-25 00:31:34,555 - INFO: 119 move(s) completed (1 accepted (0.8403 %)). Current N = 1. Average N = 0.756
2021-03-25 00:32:04,582 - INFO: 120 move(s) completed (1 accepted (0.8333 %)). Current N = 1. Average N = 0.758
2021-03-25 00:32:31,053 - INFO: Move rejected due to water leaving the GCMC sphere
2021-03-25 00:32:34,745 - INFO: 121 move(s) completed (1 accepted (0.8264 %)). Current N = 1. Average N = 0.760
2021-03-25 00:33:04,194 - INFO: 122 move(s) completed (1 accepted (0.8197 %)). Current N = 1. Average N = 0.762
2021-03-25 00:33:29,924 - INFO: Move rejected due to water leaving the GCMC sphere
2021-03-25 00:33:33,599 - INFO: 123 move(s) completed (1 accepted (0.8130 %)). Current N = 1. Average N = 0.764
2021-03-25 00:33:59,361 - INFO: Move rejected due to water leaving the GCMC sphere
2021-03-25 00:34:03,142 - INFO: 124 move(s) completed (1 accepted (0.8065 %)). Current N = 1. Average N = 0.766
2021-03-25 00:34:28,922 - INFO: Move rejected due to water leaving the GCMC sphere
2021-03-25 00:34:32,601 - INFO: 125 move(s) completed (1 accepted (0.8000 %)). Current N = 1. Average N = 0.768
2021-03-25 00:34:58,821 - INFO: Move rejected due to water leaving the GCMC sphere
2021-03-25 00:35:02,334 - INFO: 126 move(s) completed (1 accepted (0.7937 %)). Current N = 1. Average N = 0.770
2021-03-25 00:35:27,871 - INFO: Move rejected due to water leaving the GCMC sphere
2021-03-25 00:35:31,437 - INFO: 127 move(s) completed (1 accepted (0.7874 %)). Current N = 1. Average N = 0.772
2021-03-25 00:35:57,847 - INFO: Move rejected due to water leaving the GCMC sphere
2021-03-25 00:36:01,522 - INFO: 128 move(s) completed (1 accepted (0.7812 %)). Current N = 1. Average N = 0.773
2021-03-25 00:36:27,586 - INFO: Move rejected due to water leaving the GCMC sphere
2021-03-25 00:36:31,174 - INFO: 129 move(s) completed (1 accepted (0.7752 %)). Current N = 1. Average N = 0.775
2021-03-25 00:36:56,708 - INFO: Move rejected due to water leaving the GCMC sphere
2021-03-25 00:37:00,077 - INFO: 130 move(s) completed (1 accepted (0.7692 %)). Current N = 1. Average N = 0.777
2021-03-25 00:37:29,207 - INFO: 131 move(s) completed (1 accepted (0.7634 %)). Current N = 1. Average N = 0.779
2021-03-25 00:37:54,896 - INFO: Move rejected due to water leaving the GCMC sphere
2021-03-25 00:37:58,556 - INFO: 132 move(s) completed (1 accepted (0.7576 %)). Current N = 1. Average N = 0.780
2021-03-25 00:38:24,498 - INFO: Move rejected due to water leaving the GCMC sphere
2021-03-25 00:38:28,176 - INFO: 133 move(s) completed (1 accepted (0.7519 %)). Current N = 1. Average N = 0.782
2021-03-25 00:38:54,386 - INFO: Move rejected due to water leaving the GCMC sphere
2021-03-25 00:38:58,063 - INFO: 134 move(s) completed (1 accepted (0.7463 %)). Current N = 1. Average N = 0.784
2021-03-25 00:39:27,415 - INFO: 135 move(s) completed (1 accepted (0.7407 %)). Current N = 1. Average N = 0.785
2021-03-25 00:39:53,808 - INFO: Move rejected due to water leaving the GCMC sphere
2021-03-25 00:39:57,479 - INFO: 136 move(s) completed (1 accepted (0.7353 %)). Current N = 1. Average N = 0.787
2021-03-25 00:40:23,675 - INFO: Move rejected due to water leaving the GCMC sphere
2021-03-25 00:40:27,165 - INFO: 137 move(s) completed (1 accepted (0.7299 %)). Current N = 1. Average N = 0.788
2021-03-25 00:40:56,045 - INFO: 138 move(s) completed (1 accepted (0.7246 %)). Current N = 1. Average N = 0.790
2021-03-25 00:41:21,653 - INFO: Move rejected due to water leaving the GCMC sphere
2021-03-25 00:41:25,340 - INFO: 139 move(s) completed (1 accepted (0.7194 %)). Current N = 1. Average N = 0.791
2021-03-25 00:41:54,128 - INFO: 140 move(s) completed (1 accepted (0.7143 %)). Current N = 1. Average N = 0.793
2021-03-25 00:42:19,369 - INFO: Move rejected due to water leaving the GCMC sphere
2021-03-25 00:42:22,950 - INFO: 141 move(s) completed (1 accepted (0.7092 %)). Current N = 1. Average N = 0.794
2021-03-25 00:42:48,531 - INFO: Move rejected due to water leaving the GCMC sphere
2021-03-25 00:42:51,923 - INFO: 142 move(s) completed (1 accepted (0.7042 %)). Current N = 1. Average N = 0.796
2021-03-25 00:43:18,133 - INFO: Move rejected due to water leaving the GCMC sphere
2021-03-25 00:43:21,775 - INFO: 143 move(s) completed (1 accepted (0.6993 %)). Current N = 1. Average N = 0.797
2021-03-25 00:43:48,090 - INFO: Move rejected due to water leaving the GCMC sphere
2021-03-25 00:43:51,785 - INFO: 144 move(s) completed (1 accepted (0.6944 %)). Current N = 1. Average N = 0.799
2021-03-25 00:44:18,281 - INFO: Move rejected due to water leaving the GCMC sphere
2021-03-25 00:44:21,965 - INFO: 145 move(s) completed (1 accepted (0.6897 %)). Current N = 1. Average N = 0.800
2021-03-25 00:44:47,730 - INFO: Move rejected due to water leaving the GCMC sphere
2021-03-25 00:44:51,414 - INFO: 146 move(s) completed (1 accepted (0.6849 %)). Current N = 1. Average N = 0.801
2021-03-25 00:45:17,062 - INFO: Move rejected due to water leaving the GCMC sphere
2021-03-25 00:45:20,759 - INFO: 147 move(s) completed (1 accepted (0.6803 %)). Current N = 1. Average N = 0.803
2021-03-25 00:45:49,923 - INFO: 148 move(s) completed (1 accepted (0.6757 %)). Current N = 1. Average N = 0.804
2021-03-25 00:46:15,821 - INFO: Move rejected due to water leaving the GCMC sphere
2021-03-25 00:46:19,502 - INFO: 149 move(s) completed (1 accepted (0.6711 %)). Current N = 1. Average N = 0.805
2021-03-25 00:46:45,817 - INFO: Move rejected due to water leaving the GCMC sphere
2021-03-25 00:46:49,494 - INFO: 150 move(s) completed (1 accepted (0.6667 %)). Current N = 1. Average N = 0.807
2021-03-25 00:47:19,239 - INFO: 151 move(s) completed (1 accepted (0.6623 %)). Current N = 1. Average N = 0.808
2021-03-25 00:47:45,512 - INFO: Move rejected due to water leaving the GCMC sphere
2021-03-25 00:47:49,042 - INFO: 152 move(s) completed (1 accepted (0.6579 %)). Current N = 1. Average N = 0.809
2021-03-25 00:48:15,063 - INFO: Move rejected due to water leaving the GCMC sphere
2021-03-25 00:48:18,561 - INFO: 153 move(s) completed (1 accepted (0.6536 %)). Current N = 1. Average N = 0.810
2021-03-25 00:48:47,480 - INFO: 154 move(s) completed (1 accepted (0.6494 %)). Current N = 1. Average N = 0.812
2021-03-25 00:49:13,089 - INFO: Move rejected due to water leaving the GCMC sphere
2021-03-25 00:49:16,506 - INFO: 155 move(s) completed (1 accepted (0.6452 %)). Current N = 1. Average N = 0.813
2021-03-25 00:49:42,098 - INFO: Move rejected due to water leaving the GCMC sphere
2021-03-25 00:49:45,712 - INFO: 156 move(s) completed (1 accepted (0.6410 %)). Current N = 1. Average N = 0.814
2021-03-25 00:50:11,147 - INFO: Move rejected due to water leaving the GCMC sphere
2021-03-25 00:50:14,848 - INFO: 157 move(s) completed (1 accepted (0.6369 %)). Current N = 1. Average N = 0.815
2021-03-25 00:50:40,455 - INFO: Move rejected due to water leaving the GCMC sphere
2021-03-25 00:50:44,137 - INFO: 158 move(s) completed (1 accepted (0.6329 %)). Current N = 1. Average N = 0.817
2021-03-25 00:51:10,604 - INFO: Move rejected due to water leaving the GCMC sphere
2021-03-25 00:51:14,291 - INFO: 159 move(s) completed (1 accepted (0.6289 %)). Current N = 1. Average N = 0.818
2021-03-25 00:51:40,659 - INFO: Move rejected due to water leaving the GCMC sphere
2021-03-25 00:51:44,336 - INFO: 160 move(s) completed (1 accepted (0.6250 %)). Current N = 1. Average N = 0.819
2021-03-25 00:52:10,768 - INFO: Move rejected due to water leaving the GCMC sphere
2021-03-25 00:52:14,443 - INFO: 161 move(s) completed (1 accepted (0.6211 %)). Current N = 1. Average N = 0.820
2021-03-25 00:52:40,152 - INFO: Move rejected due to water leaving the GCMC sphere
2021-03-25 00:52:43,848 - INFO: 162 move(s) completed (1 accepted (0.6173 %)). Current N = 1. Average N = 0.821
2021-03-25 00:53:09,675 - INFO: Move rejected due to water leaving the GCMC sphere
2021-03-25 00:53:13,131 - INFO: 163 move(s) completed (1 accepted (0.6135 %)). Current N = 1. Average N = 0.822
2021-03-25 00:53:42,494 - INFO: 164 move(s) completed (1 accepted (0.6098 %)). Current N = 1. Average N = 0.823
2021-03-25 00:54:11,679 - INFO: 165 move(s) completed (1 accepted (0.6061 %)). Current N = 1. Average N = 0.824
2021-03-25 00:54:40,468 - INFO: 166 move(s) completed (1 accepted (0.6024 %)). Current N = 1. Average N = 0.825
2021-03-25 00:55:06,635 - INFO: Move rejected due to water leaving the GCMC sphere
2021-03-25 00:55:10,238 - INFO: 167 move(s) completed (1 accepted (0.5988 %)). Current N = 1. Average N = 0.826
2021-03-25 00:55:39,919 - INFO: 168 move(s) completed (1 accepted (0.5952 %)). Current N = 1. Average N = 0.827
2021-03-25 00:56:06,365 - INFO: Move rejected due to water leaving the GCMC sphere
2021-03-25 00:56:10,049 - INFO: 169 move(s) completed (1 accepted (0.5917 %)). Current N = 1. Average N = 0.828
2021-03-25 00:56:39,448 - INFO: 170 move(s) completed (1 accepted (0.5882 %)). Current N = 1. Average N = 0.829
2021-03-25 00:57:09,062 - INFO: 171 move(s) completed (1 accepted (0.5848 %)). Current N = 1. Average N = 0.830
2021-03-25 00:57:35,130 - INFO: Move rejected due to water leaving the GCMC sphere
2021-03-25 00:57:38,826 - INFO: 172 move(s) completed (1 accepted (0.5814 %)). Current N = 1. Average N = 0.831
2021-03-25 00:58:04,756 - INFO: Move rejected due to water leaving the GCMC sphere
2021-03-25 00:58:08,425 - INFO: 173 move(s) completed (1 accepted (0.5780 %)). Current N = 1. Average N = 0.832
2021-03-25 00:58:33,829 - INFO: Move rejected due to water leaving the GCMC sphere
2021-03-25 00:58:37,470 - INFO: 174 move(s) completed (1 accepted (0.5747 %)). Current N = 1. Average N = 0.833
2021-03-25 00:59:03,706 - INFO: Move rejected due to water leaving the GCMC sphere
2021-03-25 00:59:07,191 - INFO: 175 move(s) completed (1 accepted (0.5714 %)). Current N = 1. Average N = 0.834
2021-03-25 00:59:33,402 - INFO: Move rejected due to water leaving the GCMC sphere
2021-03-25 00:59:36,796 - INFO: 176 move(s) completed (1 accepted (0.5682 %)). Current N = 1. Average N = 0.835
2021-03-25 01:00:03,003 - INFO: Move rejected due to water leaving the GCMC sphere
2021-03-25 01:00:06,502 - INFO: 177 move(s) completed (1 accepted (0.5650 %)). Current N = 1. Average N = 0.836
2021-03-25 01:00:31,806 - INFO: Move rejected due to water leaving the GCMC sphere
2021-03-25 01:00:35,346 - INFO: 178 move(s) completed (1 accepted (0.5618 %)). Current N = 1. Average N = 0.837
2021-03-25 01:01:01,118 - INFO: Move rejected due to water leaving the GCMC sphere
2021-03-25 01:01:04,645 - INFO: 179 move(s) completed (1 accepted (0.5587 %)). Current N = 1. Average N = 0.838
2021-03-25 01:01:30,546 - INFO: Move rejected due to water leaving the GCMC sphere
2021-03-25 01:01:34,067 - INFO: 180 move(s) completed (1 accepted (0.5556 %)). Current N = 1. Average N = 0.839
2021-03-25 01:01:59,383 - INFO: Move rejected due to water leaving the GCMC sphere
2021-03-25 01:02:03,038 - INFO: 181 move(s) completed (1 accepted (0.5525 %)). Current N = 1. Average N = 0.840
2021-03-25 01:02:32,122 - INFO: 182 move(s) completed (1 accepted (0.5495 %)). Current N = 1. Average N = 0.841
2021-03-25 01:03:01,428 - INFO: 183 move(s) completed (1 accepted (0.5464 %)). Current N = 1. Average N = 0.842
2021-03-25 01:03:31,558 - INFO: 184 move(s) completed (1 accepted (0.5435 %)). Current N = 1. Average N = 0.842
2021-03-25 01:03:58,103 - INFO: Move rejected due to water leaving the GCMC sphere
2021-03-25 01:04:01,798 - INFO: 185 move(s) completed (1 accepted (0.5405 %)). Current N = 1. Average N = 0.843
2021-03-25 01:04:31,045 - INFO: 186 move(s) completed (1 accepted (0.5376 %)). Current N = 1. Average N = 0.844
2021-03-25 01:04:56,954 - INFO: Move rejected due to water leaving the GCMC sphere
2021-03-25 01:05:00,287 - INFO: 187 move(s) completed (1 accepted (0.5348 %)). Current N = 1. Average N = 0.845
2021-03-25 01:05:29,652 - INFO: 188 move(s) completed (1 accepted (0.5319 %)). Current N = 1. Average N = 0.846
2021-03-25 01:05:55,003 - INFO: Move rejected due to water leaving the GCMC sphere
2021-03-25 01:05:58,597 - INFO: 189 move(s) completed (1 accepted (0.5291 %)). Current N = 1. Average N = 0.847
2021-03-25 01:06:23,944 - INFO: Move rejected due to water leaving the GCMC sphere
2021-03-25 01:06:27,492 - INFO: 190 move(s) completed (1 accepted (0.5263 %)). Current N = 1. Average N = 0.847
2021-03-25 01:06:53,858 - INFO: Move rejected due to water leaving the GCMC sphere
2021-03-25 01:06:57,459 - INFO: 191 move(s) completed (1 accepted (0.5236 %)). Current N = 1. Average N = 0.848
2021-03-25 01:07:23,626 - INFO: Move rejected due to water leaving the GCMC sphere
2021-03-25 01:07:27,111 - INFO: 192 move(s) completed (1 accepted (0.5208 %)). Current N = 1. Average N = 0.849
2021-03-25 01:07:52,451 - INFO: Move rejected due to water leaving the GCMC sphere
2021-03-25 01:07:55,964 - INFO: 193 move(s) completed (1 accepted (0.5181 %)). Current N = 1. Average N = 0.850
2021-03-25 01:08:21,842 - INFO: Move rejected due to water leaving the GCMC sphere
2021-03-25 01:08:25,523 - INFO: 194 move(s) completed (1 accepted (0.5155 %)). Current N = 1. Average N = 0.851
2021-03-25 01:08:55,022 - INFO: 195 move(s) completed (1 accepted (0.5128 %)). Current N = 1. Average N = 0.851
2021-03-25 01:09:21,154 - INFO: Move rejected due to water leaving the GCMC sphere
2021-03-25 01:09:24,830 - INFO: 196 move(s) completed (1 accepted (0.5102 %)). Current N = 1. Average N = 0.852
2021-03-25 01:09:54,675 - INFO: 197 move(s) completed (1 accepted (0.5076 %)). Current N = 1. Average N = 0.853
2021-03-25 01:10:24,644 - INFO: 198 move(s) completed (1 accepted (0.5051 %)). Current N = 1. Average N = 0.854
2021-03-25 01:10:50,956 - INFO: Move rejected due to water leaving the GCMC sphere
2021-03-25 01:10:54,512 - INFO: 199 move(s) completed (1 accepted (0.5025 %)). Current N = 1. Average N = 0.854
2021-03-25 01:11:20,765 - INFO: Move rejected due to water leaving the GCMC sphere
2021-03-25 01:11:24,223 - INFO: 200 move(s) completed (1 accepted (0.5000 %)). Current N = 1. Average N = 0.855
2021-03-25 01:11:49,615 - INFO: Move rejected due to water leaving the GCMC sphere
2021-03-25 01:11:53,225 - INFO: 201 move(s) completed (1 accepted (0.4975 %)). Current N = 1. Average N = 0.856
2021-03-25 01:12:22,319 - INFO: 202 move(s) completed (1 accepted (0.4950 %)). Current N = 1. Average N = 0.856
2021-03-25 01:12:47,771 - INFO: Move rejected due to water leaving the GCMC sphere
2021-03-25 01:12:51,333 - INFO: 203 move(s) completed (1 accepted (0.4926 %)). Current N = 1. Average N = 0.857
2021-03-25 01:13:16,826 - INFO: Move rejected due to water leaving the GCMC sphere
2021-03-25 01:13:20,434 - INFO: 204 move(s) completed (1 accepted (0.4902 %)). Current N = 1. Average N = 0.858
2021-03-25 01:13:46,066 - INFO: Move rejected due to water leaving the GCMC sphere
2021-03-25 01:13:49,527 - INFO: 205 move(s) completed (1 accepted (0.4878 %)). Current N = 1. Average N = 0.859
2021-03-25 01:14:15,693 - INFO: Move rejected due to water leaving the GCMC sphere
2021-03-25 01:14:19,379 - INFO: 206 move(s) completed (1 accepted (0.4854 %)). Current N = 1. Average N = 0.859
2021-03-25 01:14:49,541 - INFO: 207 move(s) completed (1 accepted (0.4831 %)). Current N = 1. Average N = 0.860
2021-03-25 01:15:16,007 - INFO: Move rejected due to water leaving the GCMC sphere
2021-03-25 01:15:19,697 - INFO: 208 move(s) completed (1 accepted (0.4808 %)). Current N = 1. Average N = 0.861
2021-03-25 01:15:45,373 - INFO: Move rejected due to water leaving the GCMC sphere
2021-03-25 01:15:49,058 - INFO: 209 move(s) completed (1 accepted (0.4785 %)). Current N = 1. Average N = 0.861
2021-03-25 01:16:14,726 - INFO: Move rejected due to water leaving the GCMC sphere
2021-03-25 01:16:18,422 - INFO: 210 move(s) completed (1 accepted (0.4762 %)). Current N = 1. Average N = 0.862
2021-03-25 01:16:47,558 - INFO: 211 move(s) completed (1 accepted (0.4739 %)). Current N = 1. Average N = 0.863
2021-03-25 01:17:13,625 - INFO: Move rejected due to water leaving the GCMC sphere
2021-03-25 01:17:17,306 - INFO: 212 move(s) completed (1 accepted (0.4717 %)). Current N = 1. Average N = 0.863
2021-03-25 01:17:46,832 - INFO: 213 move(s) completed (1 accepted (0.4695 %)). Current N = 1. Average N = 0.864
2021-03-25 01:18:12,937 - INFO: Move rejected due to water leaving the GCMC sphere
2021-03-25 01:18:16,438 - INFO: 214 move(s) completed (1 accepted (0.4673 %)). Current N = 1. Average N = 0.865
2021-03-25 01:18:42,751 - INFO: Move rejected due to water leaving the GCMC sphere
2021-03-25 01:18:46,172 - INFO: 215 move(s) completed (1 accepted (0.4651 %)). Current N = 1. Average N = 0.865
2021-03-25 01:19:15,774 - INFO: 216 move(s) completed (1 accepted (0.4630 %)). Current N = 1. Average N = 0.866
2021-03-25 01:19:44,814 - INFO: 217 move(s) completed (1 accepted (0.4608 %)). Current N = 1. Average N = 0.866
2021-03-25 01:20:13,957 - INFO: 218 move(s) completed (1 accepted (0.4587 %)). Current N = 1. Average N = 0.867
2021-03-25 01:20:39,579 - INFO: Move rejected due to water leaving the GCMC sphere
2021-03-25 01:20:43,242 - INFO: 219 move(s) completed (1 accepted (0.4566 %)). Current N = 1. Average N = 0.868
2021-03-25 01:21:09,307 - INFO: Move rejected due to water leaving the GCMC sphere
2021-03-25 01:21:12,983 - INFO: 220 move(s) completed (1 accepted (0.4545 %)). Current N = 1. Average N = 0.868
2021-03-25 01:21:42,898 - INFO: 221 move(s) completed (1 accepted (0.4525 %)). Current N = 1. Average N = 0.869
2021-03-25 01:22:09,277 - INFO: Move rejected due to water leaving the GCMC sphere
2021-03-25 01:22:12,962 - INFO: 222 move(s) completed (1 accepted (0.4505 %)). Current N = 1. Average N = 0.869
2021-03-25 01:22:39,270 - INFO: Move rejected due to water leaving the GCMC sphere
2021-03-25 01:22:42,940 - INFO: 223 move(s) completed (1 accepted (0.4484 %)). Current N = 1. Average N = 0.870
2021-03-25 01:23:09,205 - INFO: Move rejected due to water leaving the GCMC sphere
2021-03-25 01:23:12,829 - INFO: 224 move(s) completed (1 accepted (0.4464 %)). Current N = 1. Average N = 0.871
2021-03-25 01:23:38,297 - INFO: Move rejected due to water leaving the GCMC sphere
2021-03-25 01:23:41,926 - INFO: 225 move(s) completed (1 accepted (0.4444 %)). Current N = 1. Average N = 0.871
2021-03-25 01:24:07,712 - INFO: Move rejected due to water leaving the GCMC sphere
2021-03-25 01:24:11,218 - INFO: 226 move(s) completed (1 accepted (0.4425 %)). Current N = 1. Average N = 0.872
2021-03-25 01:24:40,452 - INFO: 227 move(s) completed (1 accepted (0.4405 %)). Current N = 1. Average N = 0.872
2021-03-25 01:25:06,325 - INFO: Move rejected due to water leaving the GCMC sphere
2021-03-25 01:25:09,900 - INFO: 228 move(s) completed (1 accepted (0.4386 %)). Current N = 1. Average N = 0.873
2021-03-25 01:25:35,653 - INFO: Move rejected due to water leaving the GCMC sphere
2021-03-25 01:25:39,253 - INFO: 229 move(s) completed (1 accepted (0.4367 %)). Current N = 1. Average N = 0.873
2021-03-25 01:26:05,590 - INFO: Move rejected due to water leaving the GCMC sphere
2021-03-25 01:26:09,041 - INFO: 230 move(s) completed (1 accepted (0.4348 %)). Current N = 1. Average N = 0.874
2021-03-25 01:26:36,018 - INFO: Move rejected due to water leaving the GCMC sphere
2021-03-25 01:26:39,683 - INFO: 231 move(s) completed (1 accepted (0.4329 %)). Current N = 1. Average N = 0.875
2021-03-25 01:27:06,191 - INFO: Move rejected due to water leaving the GCMC sphere
2021-03-25 01:27:09,880 - INFO: 232 move(s) completed (1 accepted (0.4310 %)). Current N = 1. Average N = 0.875
2021-03-25 01:27:39,291 - INFO: 233 move(s) completed (1 accepted (0.4292 %)). Current N = 1. Average N = 0.875
2021-03-25 01:28:05,165 - INFO: Move rejected due to water leaving the GCMC sphere
2021-03-25 01:28:08,861 - INFO: 234 move(s) completed (1 accepted (0.4274 %)). Current N = 1. Average N = 0.876
2021-03-25 01:28:38,544 - INFO: 235 move(s) completed (1 accepted (0.4255 %)). Current N = 1. Average N = 0.877
2021-03-25 01:29:04,401 - INFO: Move rejected due to water leaving the GCMC sphere
2021-03-25 01:29:08,078 - INFO: 236 move(s) completed (1 accepted (0.4237 %)). Current N = 1. Average N = 0.877
2021-03-25 01:29:34,131 - INFO: Move rejected due to water leaving the GCMC sphere
2021-03-25 01:29:37,647 - INFO: 237 move(s) completed (1 accepted (0.4219 %)). Current N = 1. Average N = 0.878
2021-03-25 01:30:03,278 - INFO: Move rejected due to water leaving the GCMC sphere
2021-03-25 01:30:06,810 - INFO: 238 move(s) completed (1 accepted (0.4202 %)). Current N = 1. Average N = 0.878
2021-03-25 01:30:32,003 - INFO: Move rejected due to water leaving the GCMC sphere
2021-03-25 01:30:35,444 - INFO: 239 move(s) completed (1 accepted (0.4184 %)). Current N = 1. Average N = 0.879
2021-03-25 01:31:05,110 - INFO: 240 move(s) completed (1 accepted (0.4167 %)). Current N = 1. Average N = 0.879
2021-03-25 01:31:30,474 - INFO: Move rejected due to water leaving the GCMC sphere
2021-03-25 01:31:34,048 - INFO: 241 move(s) completed (1 accepted (0.4149 %)). Current N = 1. Average N = 0.880
2021-03-25 01:31:59,664 - INFO: Move rejected due to water leaving the GCMC sphere
2021-03-25 01:32:03,307 - INFO: 242 move(s) completed (1 accepted (0.4132 %)). Current N = 1. Average N = 0.880
2021-03-25 01:32:29,102 - INFO: Move rejected due to water leaving the GCMC sphere
2021-03-25 01:32:32,471 - INFO: 243 move(s) completed (1 accepted (0.4115 %)). Current N = 1. Average N = 0.881
2021-03-25 01:32:58,526 - INFO: Move rejected due to water leaving the GCMC sphere
2021-03-25 01:33:02,207 - INFO: 244 move(s) completed (1 accepted (0.4098 %)). Current N = 1. Average N = 0.881
2021-03-25 01:33:28,280 - INFO: Move rejected due to water leaving the GCMC sphere
2021-03-25 01:33:31,967 - INFO: 245 move(s) completed (1 accepted (0.4082 %)). Current N = 1. Average N = 0.882
2021-03-25 01:34:02,094 - INFO: 246 move(s) completed (1 accepted (0.4065 %)). Current N = 1. Average N = 0.882
2021-03-25 01:34:28,578 - INFO: Move rejected due to water leaving the GCMC sphere
2021-03-25 01:34:32,264 - INFO: 247 move(s) completed (1 accepted (0.4049 %)). Current N = 1. Average N = 0.883
2021-03-25 01:34:57,834 - INFO: Move rejected due to water leaving the GCMC sphere
2021-03-25 01:35:01,506 - INFO: 248 move(s) completed (1 accepted (0.4032 %)). Current N = 1. Average N = 0.883
2021-03-25 01:35:26,831 - INFO: Move rejected due to water leaving the GCMC sphere
2021-03-25 01:35:30,513 - INFO: 249 move(s) completed (1 accepted (0.4016 %)). Current N = 1. Average N = 0.883
2021-03-25 01:35:59,827 - INFO: 250 move(s) completed (1 accepted (0.4000 %)). Current N = 1. Average N = 0.884
2021-03-25 01:36:29,332 - INFO: 251 move(s) completed (1 accepted (0.3984 %)). Current N = 1. Average N = 0.884
2021-03-25 01:36:58,339 - INFO: 252 move(s) completed (1 accepted (0.3968 %)). Current N = 1. Average N = 0.885
2021-03-25 01:37:27,592 - INFO: 253 move(s) completed (1 accepted (0.3953 %)). Current N = 1. Average N = 0.885
2021-03-25 01:37:53,956 - INFO: Move rejected due to water leaving the GCMC sphere
2021-03-25 01:37:57,582 - INFO: 254 move(s) completed (1 accepted (0.3937 %)). Current N = 1. Average N = 0.886
2021-03-25 01:38:23,733 - INFO: Move rejected due to water leaving the GCMC sphere
2021-03-25 01:38:27,142 - INFO: 255 move(s) completed (1 accepted (0.3922 %)). Current N = 1. Average N = 0.886
2021-03-25 01:38:53,586 - INFO: Move rejected due to water leaving the GCMC sphere
2021-03-25 01:38:57,217 - INFO: 256 move(s) completed (1 accepted (0.3906 %)). Current N = 1. Average N = 0.887
2021-03-25 01:39:22,797 - INFO: Move rejected due to water leaving the GCMC sphere
2021-03-25 01:39:26,481 - INFO: 257 move(s) completed (1 accepted (0.3891 %)). Current N = 1. Average N = 0.887
2021-03-25 01:39:55,962 - INFO: 258 move(s) completed (1 accepted (0.3876 %)). Current N = 1. Average N = 0.888
2021-03-25 01:40:21,934 - INFO: Move rejected due to water leaving the GCMC sphere
2021-03-25 01:40:25,621 - INFO: 259 move(s) completed (1 accepted (0.3861 %)). Current N = 1. Average N = 0.888
