2021-03-24 17:57:43,238 - INFO: kT = 0.5921875708469466 kcal/mol
2021-03-24 17:57:48,349 - INFO: BaseGrandCanonicalMonteCarloSampler object initialised
2021-03-24 17:57:48,350 - INFO: GCMC sphere is based on reference atom IDs: [887, 1837]
2021-03-24 17:57:48,350 - INFO: GCMC sphere radius is 6 A
2021-03-24 17:57:48,350 - INFO: Simulating at an Adams (B) value of -6.888845176169922
2021-03-24 17:57:48,350 - INFO: GCMCSphereSampler object initialised
2021-03-24 17:57:48,351 - INFO: Each NCMC move will be executed over a total of 7.0 ps
2021-03-24 17:57:48,351 - INFO: NonequilibriumGCMCSphereSampler object initialised
2021-03-24 17:58:12,435 - INFO: Move rejected due to water leaving the GCMC sphere
2021-03-24 17:58:15,883 - INFO: 1 move(s) completed (0 accepted (0.0000 %)). Current N = 0. Average N = 0.000
2021-03-24 17:58:21,710 - INFO: 2 move(s) completed (0 accepted (0.0000 %)). Current N = 0. Average N = 0.000
2021-03-24 17:58:27,335 - INFO: 3 move(s) completed (0 accepted (0.0000 %)). Current N = 0. Average N = 0.000
2021-03-24 17:58:32,889 - INFO: 4 move(s) completed (0 accepted (0.0000 %)). Current N = 0. Average N = 0.000
2021-03-24 17:58:38,595 - INFO: 5 move(s) completed (0 accepted (0.0000 %)). Current N = 0. Average N = 0.000
2021-03-24 17:58:44,116 - INFO: 6 move(s) completed (0 accepted (0.0000 %)). Current N = 0. Average N = 0.000
2021-03-24 17:59:04,662 - INFO: 7 move(s) completed (0 accepted (0.0000 %)). Current N = 0. Average N = 0.000
2021-03-24 17:59:10,355 - INFO: 8 move(s) completed (0 accepted (0.0000 %)). Current N = 0. Average N = 0.000
2021-03-24 17:59:27,480 - INFO: Move rejected due to water leaving the GCMC sphere
2021-03-24 17:59:30,943 - INFO: 9 move(s) completed (0 accepted (0.0000 %)). Current N = 0. Average N = 0.000
2021-03-24 17:59:50,617 - INFO: 10 move(s) completed (0 accepted (0.0000 %)). Current N = 0. Average N = 0.000
2021-03-24 18:00:10,704 - INFO: 11 move(s) completed (0 accepted (0.0000 %)). Current N = 0. Average N = 0.000
2021-03-24 18:00:16,264 - INFO: 12 move(s) completed (0 accepted (0.0000 %)). Current N = 0. Average N = 0.000
2021-03-24 18:00:21,881 - INFO: 13 move(s) completed (0 accepted (0.0000 %)). Current N = 0. Average N = 0.000
2021-03-24 18:00:38,556 - INFO: Move rejected due to water leaving the GCMC sphere
2021-03-24 18:00:42,001 - INFO: 14 move(s) completed (0 accepted (0.0000 %)). Current N = 0. Average N = 0.000
2021-03-24 18:01:02,140 - INFO: 15 move(s) completed (0 accepted (0.0000 %)). Current N = 0. Average N = 0.000
2021-03-24 18:01:07,786 - INFO: 16 move(s) completed (0 accepted (0.0000 %)). Current N = 0. Average N = 0.000
2021-03-24 18:01:13,385 - INFO: 17 move(s) completed (0 accepted (0.0000 %)). Current N = 0. Average N = 0.000
2021-03-24 18:01:19,048 - INFO: 18 move(s) completed (0 accepted (0.0000 %)). Current N = 0. Average N = 0.000
2021-03-24 18:01:24,718 - INFO: 19 move(s) completed (0 accepted (0.0000 %)). Current N = 0. Average N = 0.000
2021-03-24 18:01:30,409 - INFO: 20 move(s) completed (0 accepted (0.0000 %)). Current N = 0. Average N = 0.000
2021-03-24 18:01:50,580 - INFO: 21 move(s) completed (0 accepted (0.0000 %)). Current N = 0. Average N = 0.000
2021-03-24 18:02:06,948 - INFO: Move rejected due to water leaving the GCMC sphere
2021-03-24 18:02:10,532 - INFO: 22 move(s) completed (0 accepted (0.0000 %)). Current N = 0. Average N = 0.000
2021-03-24 18:02:16,107 - INFO: 23 move(s) completed (0 accepted (0.0000 %)). Current N = 0. Average N = 0.000
2021-03-24 18:02:21,745 - INFO: 24 move(s) completed (0 accepted (0.0000 %)). Current N = 0. Average N = 0.000
2021-03-24 18:02:38,877 - INFO: Move rejected due to water leaving the GCMC sphere
2021-03-24 18:02:42,459 - INFO: 25 move(s) completed (0 accepted (0.0000 %)). Current N = 0. Average N = 0.000
2021-03-24 18:02:48,437 - INFO: 26 move(s) completed (0 accepted (0.0000 %)). Current N = 0. Average N = 0.000
2021-03-24 18:02:54,226 - INFO: 27 move(s) completed (0 accepted (0.0000 %)). Current N = 0. Average N = 0.000
2021-03-24 18:03:11,136 - INFO: Move rejected due to water leaving the GCMC sphere
2021-03-24 18:03:14,678 - INFO: 28 move(s) completed (0 accepted (0.0000 %)). Current N = 0. Average N = 0.000
2021-03-24 18:03:20,290 - INFO: 29 move(s) completed (0 accepted (0.0000 %)). Current N = 0. Average N = 0.000
2021-03-24 18:03:25,984 - INFO: 30 move(s) completed (0 accepted (0.0000 %)). Current N = 0. Average N = 0.000
2021-03-24 18:03:31,491 - INFO: 31 move(s) completed (0 accepted (0.0000 %)). Current N = 0. Average N = 0.000
2021-03-24 18:03:37,197 - INFO: 32 move(s) completed (0 accepted (0.0000 %)). Current N = 0. Average N = 0.000
2021-03-24 18:03:42,995 - INFO: 33 move(s) completed (0 accepted (0.0000 %)). Current N = 0. Average N = 0.000
2021-03-24 18:03:59,905 - INFO: Move rejected due to water leaving the GCMC sphere
2021-03-24 18:04:03,425 - INFO: 34 move(s) completed (0 accepted (0.0000 %)). Current N = 0. Average N = 0.000
2021-03-24 18:04:20,582 - INFO: Move rejected due to water leaving the GCMC sphere
2021-03-24 18:04:23,981 - INFO: 35 move(s) completed (0 accepted (0.0000 %)). Current N = 0. Average N = 0.000
2021-03-24 18:04:41,544 - INFO: Move rejected due to water leaving the GCMC sphere
2021-03-24 18:04:45,100 - INFO: 36 move(s) completed (0 accepted (0.0000 %)). Current N = 0. Average N = 0.000
2021-03-24 18:04:50,805 - INFO: 37 move(s) completed (0 accepted (0.0000 %)). Current N = 0. Average N = 0.000
2021-03-24 18:04:56,296 - INFO: 38 move(s) completed (0 accepted (0.0000 %)). Current N = 0. Average N = 0.000
2021-03-24 18:05:17,608 - INFO: 39 move(s) completed (0 accepted (0.0000 %)). Current N = 0. Average N = 0.000
2021-03-24 18:05:34,301 - INFO: Move rejected due to water leaving the GCMC sphere
2021-03-24 18:05:37,953 - INFO: 40 move(s) completed (0 accepted (0.0000 %)). Current N = 0. Average N = 0.000
2021-03-24 18:05:54,627 - INFO: Move rejected due to water leaving the GCMC sphere
2021-03-24 18:05:58,206 - INFO: 41 move(s) completed (0 accepted (0.0000 %)). Current N = 0. Average N = 0.000
2021-03-24 18:06:14,771 - INFO: Move rejected due to water leaving the GCMC sphere
2021-03-24 18:06:18,384 - INFO: 42 move(s) completed (0 accepted (0.0000 %)). Current N = 0. Average N = 0.000
2021-03-24 18:06:23,973 - INFO: 43 move(s) completed (0 accepted (0.0000 %)). Current N = 0. Average N = 0.000
2021-03-24 18:06:40,594 - INFO: Move rejected due to water leaving the GCMC sphere
2021-03-24 18:06:44,025 - INFO: 44 move(s) completed (0 accepted (0.0000 %)). Current N = 0. Average N = 0.000
2021-03-24 18:07:00,893 - INFO: Move rejected due to water leaving the GCMC sphere
2021-03-24 18:07:04,326 - INFO: 45 move(s) completed (0 accepted (0.0000 %)). Current N = 0. Average N = 0.000
2021-03-24 18:07:09,915 - INFO: 46 move(s) completed (0 accepted (0.0000 %)). Current N = 0. Average N = 0.000
2021-03-24 18:07:26,701 - INFO: Move rejected due to water leaving the GCMC sphere
2021-03-24 18:07:30,263 - INFO: 47 move(s) completed (0 accepted (0.0000 %)). Current N = 0. Average N = 0.000
2021-03-24 18:07:35,866 - INFO: 48 move(s) completed (0 accepted (0.0000 %)). Current N = 0. Average N = 0.000
2021-03-24 18:07:52,476 - INFO: Move rejected due to water leaving the GCMC sphere
2021-03-24 18:07:55,935 - INFO: 49 move(s) completed (0 accepted (0.0000 %)). Current N = 0. Average N = 0.000
2021-03-24 18:08:01,491 - INFO: 50 move(s) completed (0 accepted (0.0000 %)). Current N = 0. Average N = 0.000
2021-03-24 18:08:07,133 - INFO: 51 move(s) completed (0 accepted (0.0000 %)). Current N = 0. Average N = 0.000
2021-03-24 18:08:12,658 - INFO: 52 move(s) completed (0 accepted (0.0000 %)). Current N = 0. Average N = 0.000
2021-03-24 18:08:18,392 - INFO: 53 move(s) completed (0 accepted (0.0000 %)). Current N = 0. Average N = 0.000
2021-03-24 18:08:23,927 - INFO: 54 move(s) completed (0 accepted (0.0000 %)). Current N = 0. Average N = 0.000
2021-03-24 18:08:44,427 - INFO: 55 move(s) completed (0 accepted (0.0000 %)). Current N = 0. Average N = 0.000
2021-03-24 18:08:50,216 - INFO: 56 move(s) completed (0 accepted (0.0000 %)). Current N = 0. Average N = 0.000
2021-03-24 18:08:55,793 - INFO: 57 move(s) completed (0 accepted (0.0000 %)). Current N = 0. Average N = 0.000
2021-03-24 18:09:01,243 - INFO: 58 move(s) completed (0 accepted (0.0000 %)). Current N = 0. Average N = 0.000
2021-03-24 18:09:21,979 - INFO: 59 move(s) completed (0 accepted (0.0000 %)). Current N = 0. Average N = 0.000
2021-03-24 18:09:27,691 - INFO: 60 move(s) completed (0 accepted (0.0000 %)). Current N = 0. Average N = 0.000
2021-03-24 18:09:33,381 - INFO: 61 move(s) completed (0 accepted (0.0000 %)). Current N = 0. Average N = 0.000
2021-03-24 18:09:39,138 - INFO: 62 move(s) completed (0 accepted (0.0000 %)). Current N = 0. Average N = 0.000
2021-03-24 18:09:44,634 - INFO: 63 move(s) completed (0 accepted (0.0000 %)). Current N = 0. Average N = 0.000
2021-03-24 18:09:50,279 - INFO: 64 move(s) completed (0 accepted (0.0000 %)). Current N = 0. Average N = 0.000
2021-03-24 18:10:07,407 - INFO: Move rejected due to water leaving the GCMC sphere
2021-03-24 18:10:10,786 - INFO: 65 move(s) completed (0 accepted (0.0000 %)). Current N = 0. Average N = 0.000
2021-03-24 18:10:16,418 - INFO: 66 move(s) completed (0 accepted (0.0000 %)). Current N = 0. Average N = 0.000
2021-03-24 18:10:22,123 - INFO: 67 move(s) completed (0 accepted (0.0000 %)). Current N = 0. Average N = 0.000
2021-03-24 18:10:42,988 - INFO: 68 move(s) completed (0 accepted (0.0000 %)). Current N = 0. Average N = 0.000
2021-03-24 18:10:48,536 - INFO: 69 move(s) completed (0 accepted (0.0000 %)). Current N = 0. Average N = 0.000
2021-03-24 18:11:05,813 - INFO: Move rejected due to water leaving the GCMC sphere
2021-03-24 18:11:09,421 - INFO: 70 move(s) completed (0 accepted (0.0000 %)). Current N = 0. Average N = 0.000
2021-03-24 18:11:25,982 - INFO: Move rejected due to water leaving the GCMC sphere
2021-03-24 18:11:29,602 - INFO: 71 move(s) completed (0 accepted (0.0000 %)). Current N = 0. Average N = 0.000
2021-03-24 18:11:35,239 - INFO: 72 move(s) completed (0 accepted (0.0000 %)). Current N = 0. Average N = 0.000
2021-03-24 18:11:40,792 - INFO: 73 move(s) completed (0 accepted (0.0000 %)). Current N = 0. Average N = 0.000
2021-03-24 18:12:00,797 - INFO: 74 move(s) completed (0 accepted (0.0000 %)). Current N = 0. Average N = 0.000
2021-03-24 18:12:17,570 - INFO: Move rejected due to water leaving the GCMC sphere
2021-03-24 18:12:20,950 - INFO: 75 move(s) completed (0 accepted (0.0000 %)). Current N = 0. Average N = 0.000
2021-03-24 18:12:26,438 - INFO: 76 move(s) completed (0 accepted (0.0000 %)). Current N = 0. Average N = 0.000
2021-03-24 18:12:32,077 - INFO: 77 move(s) completed (0 accepted (0.0000 %)). Current N = 0. Average N = 0.000
2021-03-24 18:12:48,759 - INFO: Move rejected due to water leaving the GCMC sphere
2021-03-24 18:12:52,295 - INFO: 78 move(s) completed (0 accepted (0.0000 %)). Current N = 0. Average N = 0.000
2021-03-24 18:13:09,343 - INFO: Move rejected due to water leaving the GCMC sphere
2021-03-24 18:13:12,667 - INFO: 79 move(s) completed (0 accepted (0.0000 %)). Current N = 0. Average N = 0.000
2021-03-24 18:13:18,503 - INFO: 80 move(s) completed (0 accepted (0.0000 %)). Current N = 0. Average N = 0.000
2021-03-24 18:13:24,055 - INFO: 81 move(s) completed (0 accepted (0.0000 %)). Current N = 0. Average N = 0.000
2021-03-24 18:13:29,770 - INFO: 82 move(s) completed (0 accepted (0.0000 %)). Current N = 0. Average N = 0.000
2021-03-24 18:13:46,532 - INFO: Move rejected due to water leaving the GCMC sphere
2021-03-24 18:13:50,108 - INFO: 83 move(s) completed (0 accepted (0.0000 %)). Current N = 0. Average N = 0.000
2021-03-24 18:13:55,673 - INFO: 84 move(s) completed (0 accepted (0.0000 %)). Current N = 0. Average N = 0.000
2021-03-24 18:14:12,393 - INFO: Move rejected due to water leaving the GCMC sphere
2021-03-24 18:14:15,831 - INFO: 85 move(s) completed (0 accepted (0.0000 %)). Current N = 0. Average N = 0.000
2021-03-24 18:14:21,467 - INFO: 86 move(s) completed (0 accepted (0.0000 %)). Current N = 0. Average N = 0.000
2021-03-24 18:14:27,029 - INFO: 87 move(s) completed (0 accepted (0.0000 %)). Current N = 0. Average N = 0.000
2021-03-24 18:14:44,046 - INFO: Move rejected due to water leaving the GCMC sphere
2021-03-24 18:14:47,498 - INFO: 88 move(s) completed (0 accepted (0.0000 %)). Current N = 0. Average N = 0.000
2021-03-24 18:14:53,467 - INFO: 89 move(s) completed (0 accepted (0.0000 %)). Current N = 0. Average N = 0.000
2021-03-24 18:14:59,091 - INFO: 90 move(s) completed (0 accepted (0.0000 %)). Current N = 0. Average N = 0.000
2021-03-24 18:15:19,719 - INFO: 91 move(s) completed (0 accepted (0.0000 %)). Current N = 0. Average N = 0.000
2021-03-24 18:15:37,043 - INFO: Move rejected due to water leaving the GCMC sphere
2021-03-24 18:15:40,379 - INFO: 92 move(s) completed (0 accepted (0.0000 %)). Current N = 0. Average N = 0.000
2021-03-24 18:15:57,710 - INFO: Move rejected due to water leaving the GCMC sphere
2021-03-24 18:16:01,125 - INFO: 93 move(s) completed (0 accepted (0.0000 %)). Current N = 0. Average N = 0.000
2021-03-24 18:16:18,426 - INFO: Move rejected due to water leaving the GCMC sphere
2021-03-24 18:16:22,032 - INFO: 94 move(s) completed (0 accepted (0.0000 %)). Current N = 0. Average N = 0.000
2021-03-24 18:16:39,233 - INFO: Move rejected due to water leaving the GCMC sphere
2021-03-24 18:16:42,783 - INFO: 95 move(s) completed (0 accepted (0.0000 %)). Current N = 0. Average N = 0.000
2021-03-24 18:16:59,136 - INFO: Move rejected due to water leaving the GCMC sphere
2021-03-24 18:17:02,686 - INFO: 96 move(s) completed (0 accepted (0.0000 %)). Current N = 0. Average N = 0.000
2021-03-24 18:17:08,250 - INFO: 97 move(s) completed (0 accepted (0.0000 %)). Current N = 0. Average N = 0.000
2021-03-24 18:17:27,841 - INFO: 98 move(s) completed (0 accepted (0.0000 %)). Current N = 0. Average N = 0.000
2021-03-24 18:17:33,532 - INFO: 99 move(s) completed (0 accepted (0.0000 %)). Current N = 0. Average N = 0.000
2021-03-24 18:17:53,556 - INFO: 100 move(s) completed (0 accepted (0.0000 %)). Current N = 0. Average N = 0.000
2021-03-24 18:17:59,193 - INFO: 101 move(s) completed (0 accepted (0.0000 %)). Current N = 0. Average N = 0.000
2021-03-24 18:18:04,738 - INFO: 102 move(s) completed (0 accepted (0.0000 %)). Current N = 0. Average N = 0.000
2021-03-24 18:18:10,386 - INFO: 103 move(s) completed (0 accepted (0.0000 %)). Current N = 0. Average N = 0.000
2021-03-24 18:18:15,932 - INFO: 104 move(s) completed (0 accepted (0.0000 %)). Current N = 0. Average N = 0.000
2021-03-24 18:18:21,438 - INFO: 105 move(s) completed (0 accepted (0.0000 %)). Current N = 0. Average N = 0.000
2021-03-24 18:18:38,653 - INFO: Move rejected due to water leaving the GCMC sphere
2021-03-24 18:18:41,950 - INFO: 106 move(s) completed (0 accepted (0.0000 %)). Current N = 0. Average N = 0.000
2021-03-24 18:18:58,801 - INFO: Move rejected due to water leaving the GCMC sphere
2021-03-24 18:19:02,399 - INFO: 107 move(s) completed (0 accepted (0.0000 %)). Current N = 0. Average N = 0.000
2021-03-24 18:19:19,227 - INFO: Move rejected due to water leaving the GCMC sphere
2021-03-24 18:19:22,769 - INFO: 108 move(s) completed (0 accepted (0.0000 %)). Current N = 0. Average N = 0.000
2021-03-24 18:19:28,528 - INFO: 109 move(s) completed (0 accepted (0.0000 %)). Current N = 0. Average N = 0.000
2021-03-24 18:19:34,175 - INFO: 110 move(s) completed (0 accepted (0.0000 %)). Current N = 0. Average N = 0.000
2021-03-24 18:19:51,050 - INFO: Move rejected due to water leaving the GCMC sphere
2021-03-24 18:19:54,640 - INFO: 111 move(s) completed (0 accepted (0.0000 %)). Current N = 0. Average N = 0.000
2021-03-24 18:20:00,209 - INFO: 112 move(s) completed (0 accepted (0.0000 %)). Current N = 0. Average N = 0.000
2021-03-24 18:20:05,721 - INFO: 113 move(s) completed (0 accepted (0.0000 %)). Current N = 0. Average N = 0.000
2021-03-24 18:20:11,419 - INFO: 114 move(s) completed (0 accepted (0.0000 %)). Current N = 0. Average N = 0.000
2021-03-24 18:20:17,104 - INFO: 115 move(s) completed (0 accepted (0.0000 %)). Current N = 0. Average N = 0.000
2021-03-24 18:20:34,282 - INFO: Move rejected due to water leaving the GCMC sphere
2021-03-24 18:20:37,920 - INFO: 116 move(s) completed (0 accepted (0.0000 %)). Current N = 0. Average N = 0.000
2021-03-24 18:20:43,604 - INFO: 117 move(s) completed (0 accepted (0.0000 %)). Current N = 0. Average N = 0.000
2021-03-24 18:20:49,265 - INFO: 118 move(s) completed (0 accepted (0.0000 %)). Current N = 0. Average N = 0.000
2021-03-24 18:20:54,908 - INFO: 119 move(s) completed (0 accepted (0.0000 %)). Current N = 0. Average N = 0.000
2021-03-24 18:21:00,370 - INFO: 120 move(s) completed (0 accepted (0.0000 %)). Current N = 0. Average N = 0.000
2021-03-24 18:21:17,787 - INFO: Move rejected due to water leaving the GCMC sphere
2021-03-24 18:21:21,299 - INFO: 121 move(s) completed (0 accepted (0.0000 %)). Current N = 0. Average N = 0.000
2021-03-24 18:21:38,563 - INFO: Move rejected due to water leaving the GCMC sphere
2021-03-24 18:21:41,899 - INFO: 122 move(s) completed (0 accepted (0.0000 %)). Current N = 0. Average N = 0.000
2021-03-24 18:21:47,469 - INFO: 123 move(s) completed (0 accepted (0.0000 %)). Current N = 0. Average N = 0.000
2021-03-24 18:22:04,656 - INFO: Move rejected due to water leaving the GCMC sphere
2021-03-24 18:22:08,054 - INFO: 124 move(s) completed (0 accepted (0.0000 %)). Current N = 0. Average N = 0.000
2021-03-24 18:22:13,930 - INFO: 125 move(s) completed (0 accepted (0.0000 %)). Current N = 0. Average N = 0.000
2021-03-24 18:22:19,513 - INFO: 126 move(s) completed (0 accepted (0.0000 %)). Current N = 0. Average N = 0.000
2021-03-24 18:22:36,890 - INFO: Move rejected due to water leaving the GCMC sphere
2021-03-24 18:22:40,348 - INFO: 127 move(s) completed (0 accepted (0.0000 %)). Current N = 0. Average N = 0.000
2021-03-24 18:22:56,760 - INFO: Move rejected due to water leaving the GCMC sphere
2021-03-24 18:23:00,200 - INFO: 128 move(s) completed (0 accepted (0.0000 %)). Current N = 0. Average N = 0.000
2021-03-24 18:23:05,833 - INFO: 129 move(s) completed (0 accepted (0.0000 %)). Current N = 0. Average N = 0.000
2021-03-24 18:23:25,853 - INFO: 130 move(s) completed (0 accepted (0.0000 %)). Current N = 0. Average N = 0.000
2021-03-24 18:23:42,149 - INFO: Move rejected due to water leaving the GCMC sphere
2021-03-24 18:23:45,624 - INFO: 131 move(s) completed (0 accepted (0.0000 %)). Current N = 0. Average N = 0.000
2021-03-24 18:23:51,307 - INFO: 132 move(s) completed (0 accepted (0.0000 %)). Current N = 0. Average N = 0.000
2021-03-24 18:24:11,436 - INFO: 133 move(s) completed (0 accepted (0.0000 %)). Current N = 0. Average N = 0.000
2021-03-24 18:24:31,521 - INFO: 134 move(s) completed (1 accepted (0.7463 %)). Current N = 1. Average N = 0.007
2021-03-24 18:24:48,198 - INFO: Move rejected due to water leaving the GCMC sphere
2021-03-24 18:24:51,554 - INFO: 135 move(s) completed (1 accepted (0.7407 %)). Current N = 1. Average N = 0.015
2021-03-24 18:25:11,641 - INFO: 136 move(s) completed (1 accepted (0.7353 %)). Current N = 1. Average N = 0.022
2021-03-24 18:25:28,583 - INFO: Move rejected due to water leaving the GCMC sphere
2021-03-24 18:25:31,967 - INFO: 137 move(s) completed (1 accepted (0.7299 %)). Current N = 1. Average N = 0.029
2021-03-24 18:25:52,596 - INFO: 138 move(s) completed (1 accepted (0.7246 %)). Current N = 1. Average N = 0.036
2021-03-24 18:26:13,283 - INFO: 139 move(s) completed (1 accepted (0.7194 %)). Current N = 1. Average N = 0.043
2021-03-24 18:26:34,106 - INFO: 140 move(s) completed (1 accepted (0.7143 %)). Current N = 1. Average N = 0.050
2021-03-24 18:26:54,212 - INFO: 141 move(s) completed (1 accepted (0.7092 %)). Current N = 1. Average N = 0.057
2021-03-24 18:27:14,155 - INFO: 142 move(s) completed (1 accepted (0.7042 %)). Current N = 1. Average N = 0.063
2021-03-24 18:27:31,262 - INFO: Move rejected due to water leaving the GCMC sphere
2021-03-24 18:27:34,628 - INFO: 143 move(s) completed (1 accepted (0.6993 %)). Current N = 1. Average N = 0.070
2021-03-24 18:27:55,442 - INFO: 144 move(s) completed (1 accepted (0.6944 %)). Current N = 1. Average N = 0.076
2021-03-24 18:28:11,991 - INFO: Move rejected due to water leaving the GCMC sphere
2021-03-24 18:28:15,454 - INFO: 145 move(s) completed (1 accepted (0.6897 %)). Current N = 1. Average N = 0.083
2021-03-24 18:28:32,023 - INFO: Move rejected due to water leaving the GCMC sphere
2021-03-24 18:28:35,433 - INFO: 146 move(s) completed (1 accepted (0.6849 %)). Current N = 1. Average N = 0.089
2021-03-24 18:28:55,579 - INFO: 147 move(s) completed (1 accepted (0.6803 %)). Current N = 1. Average N = 0.095
2021-03-24 18:29:12,179 - INFO: Move rejected due to water leaving the GCMC sphere
2021-03-24 18:29:15,632 - INFO: 148 move(s) completed (1 accepted (0.6757 %)). Current N = 1. Average N = 0.101
2021-03-24 18:29:36,035 - INFO: 149 move(s) completed (1 accepted (0.6711 %)). Current N = 1. Average N = 0.107
2021-03-24 18:29:55,937 - INFO: 150 move(s) completed (1 accepted (0.6667 %)). Current N = 1. Average N = 0.113
2021-03-24 18:30:15,824 - INFO: 151 move(s) completed (1 accepted (0.6623 %)). Current N = 1. Average N = 0.119
2021-03-24 18:30:35,728 - INFO: 152 move(s) completed (1 accepted (0.6579 %)). Current N = 1. Average N = 0.125
2021-03-24 18:30:56,087 - INFO: 153 move(s) completed (1 accepted (0.6536 %)). Current N = 1. Average N = 0.131
2021-03-24 18:31:16,718 - INFO: 154 move(s) completed (1 accepted (0.6494 %)). Current N = 1. Average N = 0.136
2021-03-24 18:31:36,760 - INFO: 155 move(s) completed (1 accepted (0.6452 %)). Current N = 1. Average N = 0.142
2021-03-24 18:31:53,970 - INFO: Move rejected due to water leaving the GCMC sphere
2021-03-24 18:31:57,359 - INFO: 156 move(s) completed (1 accepted (0.6410 %)). Current N = 1. Average N = 0.147
2021-03-24 18:32:18,103 - INFO: 157 move(s) completed (1 accepted (0.6369 %)). Current N = 1. Average N = 0.153
2021-03-24 18:32:38,033 - INFO: 158 move(s) completed (1 accepted (0.6329 %)). Current N = 1. Average N = 0.158
2021-03-24 18:32:58,951 - INFO: 159 move(s) completed (1 accepted (0.6289 %)). Current N = 1. Average N = 0.164
2021-03-24 18:33:19,692 - INFO: 160 move(s) completed (1 accepted (0.6250 %)). Current N = 1. Average N = 0.169
2021-03-24 18:33:36,219 - INFO: Move rejected due to water leaving the GCMC sphere
2021-03-24 18:33:39,688 - INFO: 161 move(s) completed (1 accepted (0.6211 %)). Current N = 1. Average N = 0.174
2021-03-24 18:33:59,842 - INFO: 162 move(s) completed (1 accepted (0.6173 %)). Current N = 1. Average N = 0.179
2021-03-24 18:34:19,806 - INFO: 163 move(s) completed (1 accepted (0.6135 %)). Current N = 1. Average N = 0.184
2021-03-24 18:34:36,495 - INFO: Move rejected due to water leaving the GCMC sphere
2021-03-24 18:34:39,891 - INFO: 164 move(s) completed (1 accepted (0.6098 %)). Current N = 1. Average N = 0.189
2021-03-24 18:34:59,925 - INFO: 165 move(s) completed (1 accepted (0.6061 %)). Current N = 1. Average N = 0.194
2021-03-24 18:35:19,494 - INFO: 166 move(s) completed (1 accepted (0.6024 %)). Current N = 1. Average N = 0.199
2021-03-24 18:35:36,552 - INFO: Move rejected due to water leaving the GCMC sphere
2021-03-24 18:35:39,939 - INFO: 167 move(s) completed (1 accepted (0.5988 %)). Current N = 1. Average N = 0.204
2021-03-24 18:36:00,246 - INFO: 168 move(s) completed (1 accepted (0.5952 %)). Current N = 1. Average N = 0.208
2021-03-24 18:36:17,408 - INFO: Move rejected due to water leaving the GCMC sphere
2021-03-24 18:36:20,739 - INFO: 169 move(s) completed (1 accepted (0.5917 %)). Current N = 1. Average N = 0.213
2021-03-24 18:36:41,454 - INFO: 170 move(s) completed (1 accepted (0.5882 %)). Current N = 1. Average N = 0.218
2021-03-24 18:37:02,215 - INFO: 171 move(s) completed (1 accepted (0.5848 %)). Current N = 1. Average N = 0.222
2021-03-24 18:37:22,871 - INFO: 172 move(s) completed (1 accepted (0.5814 %)). Current N = 1. Average N = 0.227
2021-03-24 18:37:43,528 - INFO: 173 move(s) completed (1 accepted (0.5780 %)). Current N = 1. Average N = 0.231
2021-03-24 18:38:00,798 - INFO: Move rejected due to water leaving the GCMC sphere
2021-03-24 18:38:04,195 - INFO: 174 move(s) completed (1 accepted (0.5747 %)). Current N = 1. Average N = 0.236
2021-03-24 18:38:24,845 - INFO: 175 move(s) completed (1 accepted (0.5714 %)). Current N = 1. Average N = 0.240
2021-03-24 18:38:42,000 - INFO: Move rejected due to water leaving the GCMC sphere
2021-03-24 18:38:45,666 - INFO: 176 move(s) completed (1 accepted (0.5682 %)). Current N = 1. Average N = 0.244
2021-03-24 18:39:05,651 - INFO: 177 move(s) completed (1 accepted (0.5650 %)). Current N = 1. Average N = 0.249
2021-03-24 18:39:25,514 - INFO: 178 move(s) completed (1 accepted (0.5618 %)). Current N = 1. Average N = 0.253
2021-03-24 18:39:42,102 - INFO: Move rejected due to water leaving the GCMC sphere
2021-03-24 18:39:45,656 - INFO: 179 move(s) completed (1 accepted (0.5587 %)). Current N = 1. Average N = 0.257
2021-03-24 18:40:05,730 - INFO: 180 move(s) completed (1 accepted (0.5556 %)). Current N = 1. Average N = 0.261
2021-03-24 18:40:22,453 - INFO: Move rejected due to water leaving the GCMC sphere
2021-03-24 18:40:25,871 - INFO: 181 move(s) completed (1 accepted (0.5525 %)). Current N = 1. Average N = 0.265
2021-03-24 18:40:42,678 - INFO: Move rejected due to water leaving the GCMC sphere
2021-03-24 18:40:46,150 - INFO: 182 move(s) completed (1 accepted (0.5495 %)). Current N = 1. Average N = 0.269
2021-03-24 18:41:02,961 - INFO: Move rejected due to water leaving the GCMC sphere
2021-03-24 18:41:06,438 - INFO: 183 move(s) completed (1 accepted (0.5464 %)). Current N = 1. Average N = 0.273
2021-03-24 18:41:23,292 - INFO: Move rejected due to water leaving the GCMC sphere
2021-03-24 18:41:26,721 - INFO: 184 move(s) completed (1 accepted (0.5435 %)). Current N = 1. Average N = 0.277
2021-03-24 18:41:46,965 - INFO: 185 move(s) completed (1 accepted (0.5405 %)). Current N = 1. Average N = 0.281
2021-03-24 18:42:07,179 - INFO: 186 move(s) completed (1 accepted (0.5376 %)). Current N = 1. Average N = 0.285
2021-03-24 18:42:27,337 - INFO: 187 move(s) completed (1 accepted (0.5348 %)). Current N = 1. Average N = 0.289
2021-03-24 18:42:44,549 - INFO: Move rejected due to water leaving the GCMC sphere
2021-03-24 18:42:47,991 - INFO: 188 move(s) completed (1 accepted (0.5319 %)). Current N = 1. Average N = 0.293
2021-03-24 18:43:05,328 - INFO: Move rejected due to water leaving the GCMC sphere
2021-03-24 18:43:08,641 - INFO: 189 move(s) completed (1 accepted (0.5291 %)). Current N = 1. Average N = 0.296
2021-03-24 18:43:29,247 - INFO: 190 move(s) completed (1 accepted (0.5263 %)). Current N = 1. Average N = 0.300
2021-03-24 18:43:50,110 - INFO: 191 move(s) completed (1 accepted (0.5236 %)). Current N = 1. Average N = 0.304
2021-03-24 18:44:07,332 - INFO: Move rejected due to water leaving the GCMC sphere
2021-03-24 18:44:10,809 - INFO: 192 move(s) completed (1 accepted (0.5208 %)). Current N = 1. Average N = 0.307
2021-03-24 18:44:31,433 - INFO: 193 move(s) completed (1 accepted (0.5181 %)). Current N = 1. Average N = 0.311
2021-03-24 18:44:51,424 - INFO: 194 move(s) completed (1 accepted (0.5155 %)). Current N = 1. Average N = 0.314
2021-03-24 18:45:11,400 - INFO: 195 move(s) completed (1 accepted (0.5128 %)). Current N = 1. Average N = 0.318
2021-03-24 18:45:31,529 - INFO: 196 move(s) completed (1 accepted (0.5102 %)). Current N = 1. Average N = 0.321
2021-03-24 18:45:48,209 - INFO: Move rejected due to water leaving the GCMC sphere
2021-03-24 18:45:51,633 - INFO: 197 move(s) completed (1 accepted (0.5076 %)). Current N = 1. Average N = 0.325
2021-03-24 18:46:08,093 - INFO: Move rejected due to water leaving the GCMC sphere
2021-03-24 18:46:11,546 - INFO: 198 move(s) completed (1 accepted (0.5051 %)). Current N = 1. Average N = 0.328
2021-03-24 18:46:28,423 - INFO: Move rejected due to water leaving the GCMC sphere
2021-03-24 18:46:31,861 - INFO: 199 move(s) completed (1 accepted (0.5025 %)). Current N = 1. Average N = 0.332
2021-03-24 18:46:48,654 - INFO: Move rejected due to water leaving the GCMC sphere
2021-03-24 18:46:52,038 - INFO: 200 move(s) completed (1 accepted (0.5000 %)). Current N = 1. Average N = 0.335
2021-03-24 18:47:09,086 - INFO: Move rejected due to water leaving the GCMC sphere
2021-03-24 18:47:12,423 - INFO: 201 move(s) completed (1 accepted (0.4975 %)). Current N = 1. Average N = 0.338
2021-03-24 18:47:33,374 - INFO: 202 move(s) completed (1 accepted (0.4950 %)). Current N = 1. Average N = 0.342
2021-03-24 18:47:54,088 - INFO: 203 move(s) completed (1 accepted (0.4926 %)). Current N = 1. Average N = 0.345
2021-03-24 18:48:11,325 - INFO: Move rejected due to water leaving the GCMC sphere
2021-03-24 18:48:14,827 - INFO: 204 move(s) completed (1 accepted (0.4902 %)). Current N = 1. Average N = 0.348
2021-03-24 18:48:31,852 - INFO: Move rejected due to water leaving the GCMC sphere
2021-03-24 18:48:35,352 - INFO: 205 move(s) completed (1 accepted (0.4878 %)). Current N = 1. Average N = 0.351
2021-03-24 18:48:55,393 - INFO: 206 move(s) completed (1 accepted (0.4854 %)). Current N = 1. Average N = 0.354
2021-03-24 18:49:16,071 - INFO: 207 move(s) completed (1 accepted (0.4831 %)). Current N = 1. Average N = 0.357
2021-03-24 18:49:33,656 - INFO: Move rejected due to water leaving the GCMC sphere
2021-03-24 18:49:37,214 - INFO: 208 move(s) completed (1 accepted (0.4808 %)). Current N = 1. Average N = 0.361
2021-03-24 18:49:54,460 - INFO: Move rejected due to water leaving the GCMC sphere
2021-03-24 18:49:57,759 - INFO: 209 move(s) completed (1 accepted (0.4785 %)). Current N = 1. Average N = 0.364
2021-03-24 18:50:17,807 - INFO: 210 move(s) completed (1 accepted (0.4762 %)). Current N = 1. Average N = 0.367
2021-03-24 18:50:34,400 - INFO: Move rejected due to water leaving the GCMC sphere
2021-03-24 18:50:37,737 - INFO: 211 move(s) completed (1 accepted (0.4739 %)). Current N = 1. Average N = 0.370
2021-03-24 18:50:57,951 - INFO: 212 move(s) completed (1 accepted (0.4717 %)). Current N = 1. Average N = 0.373
2021-03-24 18:51:14,315 - INFO: Move rejected due to water leaving the GCMC sphere
2021-03-24 18:51:17,700 - INFO: 213 move(s) completed (1 accepted (0.4695 %)). Current N = 1. Average N = 0.376
2021-03-24 18:51:34,525 - INFO: Move rejected due to water leaving the GCMC sphere
2021-03-24 18:51:38,097 - INFO: 214 move(s) completed (1 accepted (0.4673 %)). Current N = 1. Average N = 0.379
2021-03-24 18:51:58,610 - INFO: 215 move(s) completed (1 accepted (0.4651 %)). Current N = 1. Average N = 0.381
2021-03-24 18:52:15,565 - INFO: Move rejected due to water leaving the GCMC sphere
2021-03-24 18:52:19,019 - INFO: 216 move(s) completed (1 accepted (0.4630 %)). Current N = 1. Average N = 0.384
2021-03-24 18:52:35,852 - INFO: Move rejected due to water leaving the GCMC sphere
2021-03-24 18:52:39,320 - INFO: 217 move(s) completed (1 accepted (0.4608 %)). Current N = 1. Average N = 0.387
2021-03-24 18:52:56,421 - INFO: Move rejected due to water leaving the GCMC sphere
2021-03-24 18:52:59,950 - INFO: 218 move(s) completed (1 accepted (0.4587 %)). Current N = 1. Average N = 0.390
2021-03-24 18:53:16,311 - INFO: Move rejected due to water leaving the GCMC sphere
2021-03-24 18:53:19,852 - INFO: 219 move(s) completed (1 accepted (0.4566 %)). Current N = 1. Average N = 0.393
2021-03-24 18:53:37,284 - INFO: Move rejected due to water leaving the GCMC sphere
2021-03-24 18:53:40,600 - INFO: 220 move(s) completed (1 accepted (0.4545 %)). Current N = 1. Average N = 0.396
2021-03-24 18:54:01,534 - INFO: 221 move(s) completed (1 accepted (0.4525 %)). Current N = 1. Average N = 0.398
2021-03-24 18:54:21,672 - INFO: 222 move(s) completed (1 accepted (0.4505 %)). Current N = 1. Average N = 0.401
2021-03-24 18:54:38,873 - INFO: Move rejected due to water leaving the GCMC sphere
2021-03-24 18:54:42,491 - INFO: 223 move(s) completed (1 accepted (0.4484 %)). Current N = 1. Average N = 0.404
2021-03-24 18:54:59,621 - INFO: Move rejected due to water leaving the GCMC sphere
2021-03-24 18:55:03,135 - INFO: 224 move(s) completed (1 accepted (0.4464 %)). Current N = 1. Average N = 0.406
2021-03-24 18:55:23,731 - INFO: 225 move(s) completed (1 accepted (0.4444 %)). Current N = 1. Average N = 0.409
2021-03-24 18:55:40,282 - INFO: Move rejected due to water leaving the GCMC sphere
2021-03-24 18:55:43,705 - INFO: 226 move(s) completed (1 accepted (0.4425 %)). Current N = 1. Average N = 0.411
2021-03-24 18:56:03,938 - INFO: 227 move(s) completed (1 accepted (0.4405 %)). Current N = 1. Average N = 0.414
2021-03-24 18:56:20,594 - INFO: Move rejected due to water leaving the GCMC sphere
2021-03-24 18:56:24,162 - INFO: 228 move(s) completed (1 accepted (0.4386 %)). Current N = 1. Average N = 0.417
2021-03-24 18:56:41,003 - INFO: Move rejected due to water leaving the GCMC sphere
2021-03-24 18:56:44,343 - INFO: 229 move(s) completed (1 accepted (0.4367 %)). Current N = 1. Average N = 0.419
2021-03-24 18:57:04,750 - INFO: 230 move(s) completed (1 accepted (0.4348 %)). Current N = 1. Average N = 0.422
2021-03-24 18:57:24,872 - INFO: 231 move(s) completed (1 accepted (0.4329 %)). Current N = 1. Average N = 0.424
2021-03-24 18:57:45,469 - INFO: 232 move(s) completed (1 accepted (0.4310 %)). Current N = 1. Average N = 0.427
2021-03-24 18:58:06,122 - INFO: 233 move(s) completed (1 accepted (0.4292 %)). Current N = 1. Average N = 0.429
2021-03-24 18:58:23,220 - INFO: Move rejected due to water leaving the GCMC sphere
2021-03-24 18:58:26,624 - INFO: 234 move(s) completed (1 accepted (0.4274 %)). Current N = 1. Average N = 0.432
2021-03-24 18:58:47,154 - INFO: 235 move(s) completed (1 accepted (0.4255 %)). Current N = 1. Average N = 0.434
2021-03-24 18:59:04,158 - INFO: Move rejected due to water leaving the GCMC sphere
2021-03-24 18:59:07,574 - INFO: 236 move(s) completed (1 accepted (0.4237 %)). Current N = 1. Average N = 0.436
2021-03-24 18:59:28,115 - INFO: 237 move(s) completed (1 accepted (0.4219 %)). Current N = 1. Average N = 0.439
2021-03-24 18:59:45,350 - INFO: Move rejected due to water leaving the GCMC sphere
2021-03-24 18:59:48,852 - INFO: 238 move(s) completed (1 accepted (0.4202 %)). Current N = 1. Average N = 0.441
2021-03-24 19:00:05,977 - INFO: Move rejected due to water leaving the GCMC sphere
2021-03-24 19:00:09,512 - INFO: 239 move(s) completed (1 accepted (0.4184 %)). Current N = 1. Average N = 0.444
2021-03-24 19:00:26,848 - INFO: Move rejected due to water leaving the GCMC sphere
2021-03-24 19:00:30,284 - INFO: 240 move(s) completed (1 accepted (0.4167 %)). Current N = 1. Average N = 0.446
2021-03-24 19:00:47,428 - INFO: Move rejected due to water leaving the GCMC sphere
2021-03-24 19:00:50,948 - INFO: 241 move(s) completed (1 accepted (0.4149 %)). Current N = 1. Average N = 0.448
2021-03-24 19:01:10,981 - INFO: 242 move(s) completed (1 accepted (0.4132 %)). Current N = 1. Average N = 0.450
2021-03-24 19:01:27,321 - INFO: Move rejected due to water leaving the GCMC sphere
2021-03-24 19:01:30,883 - INFO: 243 move(s) completed (1 accepted (0.4115 %)). Current N = 1. Average N = 0.453
2021-03-24 19:01:50,926 - INFO: 244 move(s) completed (1 accepted (0.4098 %)). Current N = 1. Average N = 0.455
2021-03-24 19:02:07,562 - INFO: Move rejected due to water leaving the GCMC sphere
2021-03-24 19:02:11,046 - INFO: 245 move(s) completed (1 accepted (0.4082 %)). Current N = 1. Average N = 0.457
2021-03-24 19:02:31,248 - INFO: 246 move(s) completed (1 accepted (0.4065 %)). Current N = 1. Average N = 0.459
2021-03-24 19:02:47,815 - INFO: Move rejected due to water leaving the GCMC sphere
2021-03-24 19:02:51,311 - INFO: 247 move(s) completed (1 accepted (0.4049 %)). Current N = 1. Average N = 0.462
2021-03-24 19:03:11,117 - INFO: 248 move(s) completed (1 accepted (0.4032 %)). Current N = 1. Average N = 0.464
2021-03-24 19:03:30,856 - INFO: 249 move(s) completed (1 accepted (0.4016 %)). Current N = 1. Average N = 0.466
2021-03-24 19:03:51,156 - INFO: 250 move(s) completed (1 accepted (0.4000 %)). Current N = 1. Average N = 0.468
2021-03-24 19:04:11,418 - INFO: 251 move(s) completed (1 accepted (0.3984 %)). Current N = 1. Average N = 0.470
2021-03-24 19:04:28,494 - INFO: Move rejected due to water leaving the GCMC sphere
2021-03-24 19:04:31,888 - INFO: 252 move(s) completed (1 accepted (0.3968 %)). Current N = 1. Average N = 0.472
2021-03-24 19:04:52,439 - INFO: 253 move(s) completed (1 accepted (0.3953 %)). Current N = 1. Average N = 0.474
2021-03-24 19:05:12,169 - INFO: 254 move(s) completed (1 accepted (0.3937 %)). Current N = 1. Average N = 0.476
2021-03-24 19:05:29,645 - INFO: Move rejected due to water leaving the GCMC sphere
2021-03-24 19:05:32,997 - INFO: 255 move(s) completed (1 accepted (0.3922 %)). Current N = 1. Average N = 0.478
2021-03-24 19:05:54,025 - INFO: 256 move(s) completed (1 accepted (0.3906 %)). Current N = 1. Average N = 0.480
2021-03-24 19:06:14,184 - INFO: 257 move(s) completed (1 accepted (0.3891 %)). Current N = 1. Average N = 0.482
2021-03-24 19:06:30,700 - INFO: Move rejected due to water leaving the GCMC sphere
2021-03-24 19:06:34,236 - INFO: 258 move(s) completed (1 accepted (0.3876 %)). Current N = 1. Average N = 0.484
2021-03-24 19:06:50,788 - INFO: Move rejected due to water leaving the GCMC sphere
2021-03-24 19:06:54,374 - INFO: 259 move(s) completed (1 accepted (0.3861 %)). Current N = 1. Average N = 0.486
2021-03-24 19:07:14,586 - INFO: 260 move(s) completed (1 accepted (0.3846 %)). Current N = 1. Average N = 0.488
2021-03-24 19:07:34,549 - INFO: 261 move(s) completed (1 accepted (0.3831 %)). Current N = 1. Average N = 0.490
2021-03-24 19:07:51,151 - INFO: Move rejected due to water leaving the GCMC sphere
2021-03-24 19:07:54,659 - INFO: 262 move(s) completed (1 accepted (0.3817 %)). Current N = 1. Average N = 0.492
2021-03-24 19:08:14,607 - INFO: 263 move(s) completed (1 accepted (0.3802 %)). Current N = 1. Average N = 0.494
2021-03-24 19:08:31,435 - INFO: Move rejected due to water leaving the GCMC sphere
2021-03-24 19:08:34,839 - INFO: 264 move(s) completed (1 accepted (0.3788 %)). Current N = 1. Average N = 0.496
2021-03-24 19:08:51,542 - INFO: Move rejected due to water leaving the GCMC sphere
2021-03-24 19:08:55,049 - INFO: 265 move(s) completed (1 accepted (0.3774 %)). Current N = 1. Average N = 0.498
2021-03-24 19:09:15,316 - INFO: 266 move(s) completed (1 accepted (0.3759 %)). Current N = 1. Average N = 0.500
2021-03-24 19:09:32,463 - INFO: Move rejected due to water leaving the GCMC sphere
2021-03-24 19:09:35,918 - INFO: 267 move(s) completed (1 accepted (0.3745 %)). Current N = 1. Average N = 0.502
2021-03-24 19:09:56,344 - INFO: 268 move(s) completed (1 accepted (0.3731 %)). Current N = 1. Average N = 0.504
2021-03-24 19:10:17,008 - INFO: 269 move(s) completed (1 accepted (0.3717 %)). Current N = 1. Average N = 0.506
2021-03-24 19:10:34,239 - INFO: Move rejected due to water leaving the GCMC sphere
2021-03-24 19:10:37,728 - INFO: 270 move(s) completed (1 accepted (0.3704 %)). Current N = 1. Average N = 0.507
2021-03-24 19:10:54,987 - INFO: Move rejected due to water leaving the GCMC sphere
2021-03-24 19:10:58,480 - INFO: 271 move(s) completed (1 accepted (0.3690 %)). Current N = 1. Average N = 0.509
2021-03-24 19:11:18,619 - INFO: 272 move(s) completed (1 accepted (0.3676 %)). Current N = 1. Average N = 0.511
2021-03-24 19:11:34,994 - INFO: Move rejected due to water leaving the GCMC sphere
2021-03-24 19:11:38,510 - INFO: 273 move(s) completed (1 accepted (0.3663 %)). Current N = 1. Average N = 0.513
2021-03-24 19:11:54,836 - INFO: Move rejected due to water leaving the GCMC sphere
2021-03-24 19:11:58,153 - INFO: 274 move(s) completed (1 accepted (0.3650 %)). Current N = 1. Average N = 0.515
2021-03-24 19:12:14,670 - INFO: Move rejected due to water leaving the GCMC sphere
2021-03-24 19:12:18,227 - INFO: 275 move(s) completed (1 accepted (0.3636 %)). Current N = 1. Average N = 0.516
2021-03-24 19:12:34,596 - INFO: Move rejected due to water leaving the GCMC sphere
2021-03-24 19:12:38,141 - INFO: 276 move(s) completed (1 accepted (0.3623 %)). Current N = 1. Average N = 0.518
2021-03-24 19:12:54,620 - INFO: Move rejected due to water leaving the GCMC sphere
2021-03-24 19:12:57,947 - INFO: 277 move(s) completed (1 accepted (0.3610 %)). Current N = 1. Average N = 0.520
2021-03-24 19:13:18,205 - INFO: 278 move(s) completed (1 accepted (0.3597 %)). Current N = 1. Average N = 0.522
2021-03-24 19:13:38,203 - INFO: 279 move(s) completed (1 accepted (0.3584 %)). Current N = 1. Average N = 0.523
2021-03-24 19:13:57,980 - INFO: 280 move(s) completed (1 accepted (0.3571 %)). Current N = 1. Average N = 0.525
2021-03-24 19:14:18,046 - INFO: 281 move(s) completed (1 accepted (0.3559 %)). Current N = 1. Average N = 0.527
2021-03-24 19:14:37,929 - INFO: 282 move(s) completed (1 accepted (0.3546 %)). Current N = 1. Average N = 0.528
2021-03-24 19:14:58,108 - INFO: 283 move(s) completed (1 accepted (0.3534 %)). Current N = 1. Average N = 0.530
2021-03-24 19:15:18,728 - INFO: 284 move(s) completed (1 accepted (0.3521 %)). Current N = 1. Average N = 0.532
2021-03-24 19:15:35,694 - INFO: Move rejected due to water leaving the GCMC sphere
2021-03-24 19:15:39,112 - INFO: 285 move(s) completed (1 accepted (0.3509 %)). Current N = 1. Average N = 0.533
2021-03-24 19:15:56,228 - INFO: Move rejected due to water leaving the GCMC sphere
2021-03-24 19:15:59,654 - INFO: 286 move(s) completed (1 accepted (0.3497 %)). Current N = 1. Average N = 0.535
2021-03-24 19:16:20,522 - INFO: 287 move(s) completed (1 accepted (0.3484 %)). Current N = 1. Average N = 0.537
2021-03-24 19:16:41,406 - INFO: 288 move(s) completed (1 accepted (0.3472 %)). Current N = 1. Average N = 0.538
2021-03-24 19:16:58,789 - INFO: Move rejected due to water leaving the GCMC sphere
2021-03-24 19:17:02,183 - INFO: 289 move(s) completed (1 accepted (0.3460 %)). Current N = 1. Average N = 0.540
2021-03-24 19:17:18,696 - INFO: Move rejected due to water leaving the GCMC sphere
2021-03-24 19:17:22,161 - INFO: 290 move(s) completed (1 accepted (0.3448 %)). Current N = 1. Average N = 0.541
2021-03-24 19:17:42,211 - INFO: 291 move(s) completed (1 accepted (0.3436 %)). Current N = 1. Average N = 0.543
2021-03-24 19:17:59,290 - INFO: Move rejected due to water leaving the GCMC sphere
2021-03-24 19:18:02,649 - INFO: 292 move(s) completed (1 accepted (0.3425 %)). Current N = 1. Average N = 0.544
2021-03-24 19:18:22,770 - INFO: 293 move(s) completed (1 accepted (0.3413 %)). Current N = 1. Average N = 0.546
2021-03-24 19:18:39,235 - INFO: Move rejected due to water leaving the GCMC sphere
2021-03-24 19:18:42,698 - INFO: 294 move(s) completed (1 accepted (0.3401 %)). Current N = 1. Average N = 0.548
2021-03-24 19:18:59,352 - INFO: Move rejected due to water leaving the GCMC sphere
2021-03-24 19:19:02,937 - INFO: 295 move(s) completed (1 accepted (0.3390 %)). Current N = 1. Average N = 0.549
2021-03-24 19:19:19,486 - INFO: Move rejected due to water leaving the GCMC sphere
2021-03-24 19:19:23,046 - INFO: 296 move(s) completed (1 accepted (0.3378 %)). Current N = 1. Average N = 0.551
2021-03-24 19:19:43,122 - INFO: 297 move(s) completed (1 accepted (0.3367 %)). Current N = 1. Average N = 0.552
2021-03-24 19:20:03,295 - INFO: 298 move(s) completed (1 accepted (0.3356 %)). Current N = 1. Average N = 0.554
2021-03-24 19:20:20,284 - INFO: Move rejected due to water leaving the GCMC sphere
2021-03-24 19:20:23,702 - INFO: 299 move(s) completed (1 accepted (0.3344 %)). Current N = 1. Average N = 0.555
2021-03-24 19:20:43,986 - INFO: 300 move(s) completed (1 accepted (0.3333 %)). Current N = 1. Average N = 0.557
2021-03-24 19:21:01,371 - INFO: Move rejected due to water leaving the GCMC sphere
2021-03-24 19:21:04,713 - INFO: 301 move(s) completed (1 accepted (0.3322 %)). Current N = 1. Average N = 0.558
2021-03-24 19:21:25,698 - INFO: 302 move(s) completed (1 accepted (0.3311 %)). Current N = 1. Average N = 0.560
2021-03-24 19:21:46,468 - INFO: 303 move(s) completed (1 accepted (0.3300 %)). Current N = 1. Average N = 0.561
2021-03-24 19:22:03,674 - INFO: Move rejected due to water leaving the GCMC sphere
2021-03-24 19:22:07,166 - INFO: 304 move(s) completed (1 accepted (0.3289 %)). Current N = 1. Average N = 0.562
2021-03-24 19:22:26,835 - INFO: 305 move(s) completed (1 accepted (0.3279 %)). Current N = 1. Average N = 0.564
2021-03-24 19:22:46,452 - INFO: 306 move(s) completed (1 accepted (0.3268 %)). Current N = 1. Average N = 0.565
2021-03-24 19:23:06,188 - INFO: 307 move(s) completed (1 accepted (0.3257 %)). Current N = 1. Average N = 0.567
2021-03-24 19:23:26,137 - INFO: 308 move(s) completed (1 accepted (0.3247 %)). Current N = 1. Average N = 0.568
2021-03-24 19:23:46,186 - INFO: 309 move(s) completed (1 accepted (0.3236 %)). Current N = 1. Average N = 0.570
2021-03-24 19:24:02,597 - INFO: Move rejected due to water leaving the GCMC sphere
2021-03-24 19:24:06,085 - INFO: 310 move(s) completed (1 accepted (0.3226 %)). Current N = 1. Average N = 0.571
2021-03-24 19:24:26,125 - INFO: 311 move(s) completed (1 accepted (0.3215 %)). Current N = 1. Average N = 0.572
2021-03-24 19:24:46,607 - INFO: 312 move(s) completed (1 accepted (0.3205 %)). Current N = 1. Average N = 0.574
2021-03-24 19:25:07,039 - INFO: 313 move(s) completed (1 accepted (0.3195 %)). Current N = 1. Average N = 0.575
2021-03-24 19:25:23,484 - INFO: Move rejected due to water leaving the GCMC sphere
2021-03-24 19:25:27,057 - INFO: 314 move(s) completed (1 accepted (0.3185 %)). Current N = 1. Average N = 0.576
2021-03-24 19:25:47,243 - INFO: 315 move(s) completed (1 accepted (0.3175 %)). Current N = 1. Average N = 0.578
2021-03-24 19:26:07,536 - INFO: 316 move(s) completed (1 accepted (0.3165 %)). Current N = 1. Average N = 0.579
2021-03-24 19:26:27,474 - INFO: 317 move(s) completed (1 accepted (0.3155 %)). Current N = 1. Average N = 0.580
2021-03-24 19:26:44,547 - INFO: Move rejected due to water leaving the GCMC sphere
2021-03-24 19:26:47,932 - INFO: 318 move(s) completed (1 accepted (0.3145 %)). Current N = 1. Average N = 0.582
2021-03-24 19:27:08,502 - INFO: 319 move(s) completed (1 accepted (0.3135 %)). Current N = 1. Average N = 0.583
2021-03-24 19:27:28,352 - INFO: 320 move(s) completed (1 accepted (0.3125 %)). Current N = 1. Average N = 0.584
2021-03-24 19:27:49,555 - INFO: 321 move(s) completed (1 accepted (0.3115 %)). Current N = 1. Average N = 0.586
2021-03-24 19:28:09,510 - INFO: 322 move(s) completed (1 accepted (0.3106 %)). Current N = 1. Average N = 0.587
2021-03-24 19:28:26,151 - INFO: Move rejected due to water leaving the GCMC sphere
2021-03-24 19:28:29,751 - INFO: 323 move(s) completed (1 accepted (0.3096 %)). Current N = 1. Average N = 0.588
2021-03-24 19:28:50,076 - INFO: 324 move(s) completed (1 accepted (0.3086 %)). Current N = 1. Average N = 0.590
2021-03-24 19:29:10,114 - INFO: 325 move(s) completed (1 accepted (0.3077 %)). Current N = 1. Average N = 0.591
2021-03-24 19:29:26,867 - INFO: Move rejected due to water leaving the GCMC sphere
2021-03-24 19:29:30,453 - INFO: 326 move(s) completed (1 accepted (0.3067 %)). Current N = 1. Average N = 0.592
2021-03-24 19:29:50,623 - INFO: 327 move(s) completed (1 accepted (0.3058 %)). Current N = 1. Average N = 0.593
2021-03-24 19:30:10,557 - INFO: 328 move(s) completed (1 accepted (0.3049 %)). Current N = 1. Average N = 0.595
2021-03-24 19:30:27,485 - INFO: Move rejected due to water leaving the GCMC sphere
2021-03-24 19:30:30,925 - INFO: 329 move(s) completed (1 accepted (0.3040 %)). Current N = 1. Average N = 0.596
2021-03-24 19:30:51,207 - INFO: 330 move(s) completed (1 accepted (0.3030 %)). Current N = 1. Average N = 0.597
2021-03-24 19:31:07,621 - INFO: Move rejected due to water leaving the GCMC sphere
2021-03-24 19:31:11,045 - INFO: 331 move(s) completed (1 accepted (0.3021 %)). Current N = 1. Average N = 0.598
2021-03-24 19:31:30,950 - INFO: 332 move(s) completed (1 accepted (0.3012 %)). Current N = 1. Average N = 0.599
2021-03-24 19:31:50,872 - INFO: 333 move(s) completed (1 accepted (0.3003 %)). Current N = 1. Average N = 0.601
2021-03-24 19:32:08,278 - INFO: Move rejected due to water leaving the GCMC sphere
2021-03-24 19:32:11,791 - INFO: 334 move(s) completed (1 accepted (0.2994 %)). Current N = 1. Average N = 0.602
2021-03-24 19:32:28,926 - INFO: Move rejected due to water leaving the GCMC sphere
2021-03-24 19:32:32,361 - INFO: 335 move(s) completed (1 accepted (0.2985 %)). Current N = 1. Average N = 0.603
2021-03-24 19:32:49,862 - INFO: Move rejected due to water leaving the GCMC sphere
2021-03-24 19:32:53,549 - INFO: 336 move(s) completed (1 accepted (0.2976 %)). Current N = 1. Average N = 0.604
2021-03-24 19:33:14,692 - INFO: 337 move(s) completed (1 accepted (0.2967 %)). Current N = 1. Average N = 0.605
2021-03-24 19:33:31,055 - INFO: Move rejected due to water leaving the GCMC sphere
2021-03-24 19:33:34,521 - INFO: 338 move(s) completed (1 accepted (0.2959 %)). Current N = 1. Average N = 0.607
2021-03-24 19:33:51,063 - INFO: Move rejected due to water leaving the GCMC sphere
2021-03-24 19:33:54,424 - INFO: 339 move(s) completed (1 accepted (0.2950 %)). Current N = 1. Average N = 0.608
2021-03-24 19:34:14,656 - INFO: 340 move(s) completed (1 accepted (0.2941 %)). Current N = 1. Average N = 0.609
2021-03-24 19:34:31,372 - INFO: Move rejected due to water leaving the GCMC sphere
2021-03-24 19:34:34,897 - INFO: 341 move(s) completed (1 accepted (0.2933 %)). Current N = 1. Average N = 0.610
2021-03-24 19:34:55,124 - INFO: 342 move(s) completed (1 accepted (0.2924 %)). Current N = 1. Average N = 0.611
2021-03-24 19:35:15,305 - INFO: 343 move(s) completed (1 accepted (0.2915 %)). Current N = 1. Average N = 0.612
2021-03-24 19:35:35,219 - INFO: 344 move(s) completed (1 accepted (0.2907 %)). Current N = 1. Average N = 0.613
2021-03-24 19:35:52,093 - INFO: Move rejected due to water leaving the GCMC sphere
2021-03-24 19:35:55,534 - INFO: 345 move(s) completed (1 accepted (0.2899 %)). Current N = 1. Average N = 0.615
2021-03-24 19:36:15,998 - INFO: 346 move(s) completed (1 accepted (0.2890 %)). Current N = 1. Average N = 0.616
2021-03-24 19:36:33,257 - INFO: Move rejected due to water leaving the GCMC sphere
2021-03-24 19:36:36,755 - INFO: 347 move(s) completed (1 accepted (0.2882 %)). Current N = 1. Average N = 0.617
2021-03-24 19:36:57,411 - INFO: 348 move(s) completed (1 accepted (0.2874 %)). Current N = 1. Average N = 0.618
2021-03-24 19:37:14,676 - INFO: Move rejected due to water leaving the GCMC sphere
2021-03-24 19:37:18,146 - INFO: 349 move(s) completed (1 accepted (0.2865 %)). Current N = 1. Average N = 0.619
2021-03-24 19:37:38,889 - INFO: 350 move(s) completed (1 accepted (0.2857 %)). Current N = 1. Average N = 0.620
2021-03-24 19:37:59,308 - INFO: 351 move(s) completed (1 accepted (0.2849 %)). Current N = 1. Average N = 0.621
2021-03-24 19:38:16,394 - INFO: Move rejected due to water leaving the GCMC sphere
2021-03-24 19:38:19,797 - INFO: 352 move(s) completed (1 accepted (0.2841 %)). Current N = 1. Average N = 0.622
2021-03-24 19:38:40,732 - INFO: 353 move(s) completed (1 accepted (0.2833 %)). Current N = 1. Average N = 0.623
2021-03-24 19:38:57,426 - INFO: Move rejected due to water leaving the GCMC sphere
2021-03-24 19:39:00,723 - INFO: 354 move(s) completed (1 accepted (0.2825 %)). Current N = 1. Average N = 0.624
2021-03-24 19:39:17,173 - INFO: Move rejected due to water leaving the GCMC sphere
2021-03-24 19:39:20,662 - INFO: 355 move(s) completed (1 accepted (0.2817 %)). Current N = 1. Average N = 0.625
2021-03-24 19:39:40,282 - INFO: 356 move(s) completed (1 accepted (0.2809 %)). Current N = 1. Average N = 0.626
2021-03-24 19:40:00,360 - INFO: 357 move(s) completed (1 accepted (0.2801 %)). Current N = 1. Average N = 0.627
2021-03-24 19:40:20,528 - INFO: 358 move(s) completed (1 accepted (0.2793 %)). Current N = 1. Average N = 0.628
2021-03-24 19:40:37,495 - INFO: Move rejected due to water leaving the GCMC sphere
2021-03-24 19:40:41,090 - INFO: 359 move(s) completed (1 accepted (0.2786 %)). Current N = 1. Average N = 0.629
2021-03-24 19:40:57,728 - INFO: Move rejected due to water leaving the GCMC sphere
2021-03-24 19:41:01,402 - INFO: 360 move(s) completed (1 accepted (0.2778 %)). Current N = 1. Average N = 0.631
2021-03-24 19:41:18,422 - INFO: Move rejected due to water leaving the GCMC sphere
2021-03-24 19:41:21,913 - INFO: 361 move(s) completed (1 accepted (0.2770 %)). Current N = 1. Average N = 0.632
2021-03-24 19:41:38,812 - INFO: Move rejected due to water leaving the GCMC sphere
2021-03-24 19:41:42,376 - INFO: 362 move(s) completed (1 accepted (0.2762 %)). Current N = 1. Average N = 0.633
2021-03-24 19:42:02,738 - INFO: 363 move(s) completed (1 accepted (0.2755 %)). Current N = 1. Average N = 0.634
2021-03-24 19:42:23,212 - INFO: 364 move(s) completed (1 accepted (0.2747 %)). Current N = 1. Average N = 0.635
2021-03-24 19:42:43,522 - INFO: 365 move(s) completed (1 accepted (0.2740 %)). Current N = 1. Average N = 0.636
2021-03-24 19:43:03,786 - INFO: 366 move(s) completed (1 accepted (0.2732 %)). Current N = 1. Average N = 0.637
2021-03-24 19:43:24,702 - INFO: 367 move(s) completed (1 accepted (0.2725 %)). Current N = 1. Average N = 0.638
2021-03-24 19:43:45,786 - INFO: 368 move(s) completed (1 accepted (0.2717 %)). Current N = 1. Average N = 0.639
2021-03-24 19:44:02,998 - INFO: Move rejected due to water leaving the GCMC sphere
2021-03-24 19:44:06,570 - INFO: 369 move(s) completed (1 accepted (0.2710 %)). Current N = 1. Average N = 0.640
2021-03-24 19:44:23,074 - INFO: Move rejected due to water leaving the GCMC sphere
2021-03-24 19:44:26,639 - INFO: 370 move(s) completed (1 accepted (0.2703 %)). Current N = 1. Average N = 0.640
2021-03-24 19:44:43,139 - INFO: Move rejected due to water leaving the GCMC sphere
2021-03-24 19:44:46,679 - INFO: 371 move(s) completed (1 accepted (0.2695 %)). Current N = 1. Average N = 0.641
2021-03-24 19:45:03,181 - INFO: Move rejected due to water leaving the GCMC sphere
2021-03-24 19:45:06,679 - INFO: 372 move(s) completed (1 accepted (0.2688 %)). Current N = 1. Average N = 0.642
2021-03-24 19:45:23,301 - INFO: Move rejected due to water leaving the GCMC sphere
2021-03-24 19:45:26,830 - INFO: 373 move(s) completed (1 accepted (0.2681 %)). Current N = 1. Average N = 0.643
2021-03-24 19:45:46,930 - INFO: 374 move(s) completed (1 accepted (0.2674 %)). Current N = 1. Average N = 0.644
2021-03-24 19:46:06,862 - INFO: 375 move(s) completed (1 accepted (0.2667 %)). Current N = 1. Average N = 0.645
2021-03-24 19:46:23,578 - INFO: Move rejected due to water leaving the GCMC sphere
2021-03-24 19:46:27,143 - INFO: 376 move(s) completed (1 accepted (0.2660 %)). Current N = 1. Average N = 0.646
2021-03-24 19:46:43,831 - INFO: Move rejected due to water leaving the GCMC sphere
2021-03-24 19:46:47,275 - INFO: 377 move(s) completed (1 accepted (0.2653 %)). Current N = 1. Average N = 0.647
2021-03-24 19:47:04,187 - INFO: Move rejected due to water leaving the GCMC sphere
2021-03-24 19:47:07,587 - INFO: 378 move(s) completed (1 accepted (0.2646 %)). Current N = 1. Average N = 0.648
2021-03-24 19:47:24,711 - INFO: Move rejected due to water leaving the GCMC sphere
2021-03-24 19:47:28,243 - INFO: 379 move(s) completed (1 accepted (0.2639 %)). Current N = 1. Average N = 0.649
2021-03-24 19:47:48,104 - INFO: 380 move(s) completed (1 accepted (0.2632 %)). Current N = 1. Average N = 0.650
2021-03-24 19:48:05,412 - INFO: Move rejected due to water leaving the GCMC sphere
2021-03-24 19:48:08,987 - INFO: 381 move(s) completed (1 accepted (0.2625 %)). Current N = 1. Average N = 0.651
2021-03-24 19:48:26,386 - INFO: Move rejected due to water leaving the GCMC sphere
2021-03-24 19:48:29,718 - INFO: 382 move(s) completed (1 accepted (0.2618 %)). Current N = 1. Average N = 0.652
2021-03-24 19:48:50,110 - INFO: 383 move(s) completed (1 accepted (0.2611 %)). Current N = 1. Average N = 0.653
2021-03-24 19:49:07,285 - INFO: Move rejected due to water leaving the GCMC sphere
2021-03-24 19:49:10,802 - INFO: 384 move(s) completed (1 accepted (0.2604 %)). Current N = 1. Average N = 0.654
2021-03-24 19:49:31,473 - INFO: 385 move(s) completed (1 accepted (0.2597 %)). Current N = 1. Average N = 0.654
2021-03-24 19:49:51,396 - INFO: 386 move(s) completed (1 accepted (0.2591 %)). Current N = 1. Average N = 0.655
2021-03-24 19:50:11,522 - INFO: 387 move(s) completed (1 accepted (0.2584 %)). Current N = 1. Average N = 0.656
2021-03-24 19:50:31,834 - INFO: 388 move(s) completed (1 accepted (0.2577 %)). Current N = 1. Average N = 0.657
2021-03-24 19:50:51,794 - INFO: 389 move(s) completed (1 accepted (0.2571 %)). Current N = 1. Average N = 0.658
2021-03-24 19:51:11,961 - INFO: 390 move(s) completed (1 accepted (0.2564 %)). Current N = 1. Average N = 0.659
2021-03-24 19:51:32,143 - INFO: 391 move(s) completed (1 accepted (0.2558 %)). Current N = 1. Average N = 0.660
2021-03-24 19:51:51,922 - INFO: 392 move(s) completed (1 accepted (0.2551 %)). Current N = 1. Average N = 0.661
2021-03-24 19:52:11,931 - INFO: 393 move(s) completed (1 accepted (0.2545 %)). Current N = 1. Average N = 0.662
2021-03-24 19:52:32,513 - INFO: 394 move(s) completed (1 accepted (0.2538 %)). Current N = 1. Average N = 0.662
2021-03-24 19:52:49,484 - INFO: Move rejected due to water leaving the GCMC sphere
2021-03-24 19:52:53,029 - INFO: 395 move(s) completed (1 accepted (0.2532 %)). Current N = 1. Average N = 0.663
2021-03-24 19:53:13,578 - INFO: 396 move(s) completed (1 accepted (0.2525 %)). Current N = 1. Average N = 0.664
2021-03-24 19:53:33,821 - INFO: 397 move(s) completed (1 accepted (0.2519 %)). Current N = 1. Average N = 0.665
2021-03-24 19:53:54,336 - INFO: 398 move(s) completed (1 accepted (0.2513 %)). Current N = 1. Average N = 0.666
2021-03-24 19:54:14,981 - INFO: 399 move(s) completed (1 accepted (0.2506 %)). Current N = 1. Average N = 0.667
2021-03-24 19:54:35,488 - INFO: 400 move(s) completed (1 accepted (0.2500 %)). Current N = 1. Average N = 0.667
2021-03-24 19:54:56,272 - INFO: 401 move(s) completed (1 accepted (0.2494 %)). Current N = 1. Average N = 0.668
2021-03-24 19:55:12,862 - INFO: Move rejected due to water leaving the GCMC sphere
2021-03-24 19:55:16,240 - INFO: 402 move(s) completed (1 accepted (0.2488 %)). Current N = 1. Average N = 0.669
2021-03-24 19:55:36,125 - INFO: 403 move(s) completed (1 accepted (0.2481 %)). Current N = 1. Average N = 0.670
2021-03-24 19:55:52,714 - INFO: Move rejected due to water leaving the GCMC sphere
2021-03-24 19:55:56,104 - INFO: 404 move(s) completed (1 accepted (0.2475 %)). Current N = 1. Average N = 0.671
2021-03-24 19:56:12,637 - INFO: Move rejected due to water leaving the GCMC sphere
2021-03-24 19:56:16,020 - INFO: 405 move(s) completed (1 accepted (0.2469 %)). Current N = 1. Average N = 0.672
2021-03-24 19:56:32,650 - INFO: Move rejected due to water leaving the GCMC sphere
2021-03-24 19:56:36,012 - INFO: 406 move(s) completed (1 accepted (0.2463 %)). Current N = 1. Average N = 0.672
2021-03-24 19:56:56,052 - INFO: 407 move(s) completed (1 accepted (0.2457 %)). Current N = 1. Average N = 0.673
2021-03-24 19:57:16,319 - INFO: 408 move(s) completed (1 accepted (0.2451 %)). Current N = 1. Average N = 0.674
2021-03-24 19:57:36,687 - INFO: 409 move(s) completed (1 accepted (0.2445 %)). Current N = 1. Average N = 0.675
2021-03-24 19:57:57,286 - INFO: 410 move(s) completed (1 accepted (0.2439 %)). Current N = 1. Average N = 0.676
