2020-07-05 22:52:08,328 - INFO: kT = 0.5921875708469466 kcal/mol
2020-07-05 22:52:09,267 - INFO: BaseGrandCanonicalMonteCarloSampler object initialised
2020-07-05 22:52:09,267 - INFO: Simulating at an Adams (B) value of -2.629597194812459
2020-07-05 22:52:09,267 - INFO: GCMCSystemSampler object initialised
2020-07-05 22:52:09,268 - INFO: Each NCMC move will be executed over a total of 23.0 ps
2020-07-05 22:52:09,268 - INFO: NonequilibriumGCMCSystemSampler object initialised
2020-07-05 22:53:16,425 - INFO: 1 move(s) completed (1 accepted (100.0000 %)). Current N = 2095. Average N = 2095.000
2020-07-05 22:54:17,457 - INFO: 2 move(s) completed (1 accepted (50.0000 %)). Current N = 2095. Average N = 2095.000
2020-07-05 22:55:18,596 - INFO: 3 move(s) completed (2 accepted (66.6667 %)). Current N = 2094. Average N = 2094.667
2020-07-05 22:56:20,076 - INFO: 4 move(s) completed (2 accepted (50.0000 %)). Current N = 2094. Average N = 2094.500
2020-07-05 22:57:21,642 - INFO: 5 move(s) completed (3 accepted (60.0000 %)). Current N = 2095. Average N = 2094.600
2020-07-05 22:58:22,974 - INFO: 6 move(s) completed (3 accepted (50.0000 %)). Current N = 2095. Average N = 2094.667
2020-07-05 22:59:24,354 - INFO: 7 move(s) completed (4 accepted (57.1429 %)). Current N = 2096. Average N = 2094.857
2020-07-05 23:00:25,888 - INFO: 8 move(s) completed (4 accepted (50.0000 %)). Current N = 2096. Average N = 2095.000
2020-07-05 23:01:27,570 - INFO: 9 move(s) completed (4 accepted (44.4444 %)). Current N = 2096. Average N = 2095.111
2020-07-05 23:02:28,918 - INFO: 10 move(s) completed (5 accepted (50.0000 %)). Current N = 2097. Average N = 2095.300
2020-07-05 23:03:30,358 - INFO: 11 move(s) completed (5 accepted (45.4545 %)). Current N = 2097. Average N = 2095.454
2020-07-05 23:04:31,941 - INFO: 12 move(s) completed (5 accepted (41.6667 %)). Current N = 2097. Average N = 2095.583
2020-07-05 23:05:33,611 - INFO: 13 move(s) completed (6 accepted (46.1538 %)). Current N = 2096. Average N = 2095.615
2020-07-05 23:06:35,006 - INFO: 14 move(s) completed (6 accepted (42.8571 %)). Current N = 2096. Average N = 2095.643
2020-07-05 23:07:36,485 - INFO: 15 move(s) completed (6 accepted (40.0000 %)). Current N = 2096. Average N = 2095.667
2020-07-05 23:08:38,071 - INFO: 16 move(s) completed (6 accepted (37.5000 %)). Current N = 2096. Average N = 2095.688
2020-07-05 23:09:39,712 - INFO: 17 move(s) completed (6 accepted (35.2941 %)). Current N = 2096. Average N = 2095.706
2020-07-05 23:10:41,103 - INFO: 18 move(s) completed (7 accepted (38.8889 %)). Current N = 2095. Average N = 2095.667
2020-07-05 23:11:42,604 - INFO: 19 move(s) completed (7 accepted (36.8421 %)). Current N = 2095. Average N = 2095.632
2020-07-05 23:12:44,133 - INFO: 20 move(s) completed (7 accepted (35.0000 %)). Current N = 2095. Average N = 2095.600
2020-07-05 23:13:45,810 - INFO: 21 move(s) completed (8 accepted (38.0952 %)). Current N = 2096. Average N = 2095.619
2020-07-05 23:14:47,198 - INFO: 22 move(s) completed (9 accepted (40.9091 %)). Current N = 2095. Average N = 2095.591
2020-07-05 23:15:48,665 - INFO: 23 move(s) completed (9 accepted (39.1304 %)). Current N = 2095. Average N = 2095.565
2020-07-05 23:16:50,290 - INFO: 24 move(s) completed (9 accepted (37.5000 %)). Current N = 2095. Average N = 2095.542
2020-07-05 23:17:52,015 - INFO: 25 move(s) completed (9 accepted (36.0000 %)). Current N = 2095. Average N = 2095.520
2020-07-05 23:18:53,460 - INFO: 26 move(s) completed (10 accepted (38.4615 %)). Current N = 2094. Average N = 2095.461
2020-07-05 23:19:55,055 - INFO: 27 move(s) completed (10 accepted (37.0370 %)). Current N = 2094. Average N = 2095.407
2020-07-05 23:20:56,714 - INFO: 28 move(s) completed (10 accepted (35.7143 %)). Current N = 2094. Average N = 2095.357
2020-07-05 23:21:58,451 - INFO: 29 move(s) completed (11 accepted (37.9310 %)). Current N = 2095. Average N = 2095.345
2020-07-05 23:22:59,889 - INFO: 30 move(s) completed (11 accepted (36.6667 %)). Current N = 2095. Average N = 2095.333
2020-07-05 23:24:01,426 - INFO: 31 move(s) completed (12 accepted (38.7097 %)). Current N = 2094. Average N = 2095.290
2020-07-05 23:25:03,037 - INFO: 32 move(s) completed (13 accepted (40.6250 %)). Current N = 2095. Average N = 2095.281
2020-07-05 23:26:04,777 - INFO: 33 move(s) completed (13 accepted (39.3939 %)). Current N = 2095. Average N = 2095.273
2020-07-05 23:27:06,168 - INFO: 34 move(s) completed (13 accepted (38.2353 %)). Current N = 2095. Average N = 2095.265
2020-07-05 23:28:07,716 - INFO: 35 move(s) completed (13 accepted (37.1429 %)). Current N = 2095. Average N = 2095.257
2020-07-05 23:29:09,369 - INFO: 36 move(s) completed (13 accepted (36.1111 %)). Current N = 2095. Average N = 2095.250
2020-07-05 23:30:11,141 - INFO: 37 move(s) completed (13 accepted (35.1351 %)). Current N = 2095. Average N = 2095.243
2020-07-05 23:31:12,571 - INFO: 38 move(s) completed (14 accepted (36.8421 %)). Current N = 2094. Average N = 2095.211
2020-07-05 23:32:14,078 - INFO: 39 move(s) completed (14 accepted (35.8974 %)). Current N = 2094. Average N = 2095.180
2020-07-05 23:33:15,760 - INFO: 40 move(s) completed (15 accepted (37.5000 %)). Current N = 2095. Average N = 2095.175
2020-07-05 23:34:17,539 - INFO: 41 move(s) completed (15 accepted (36.5854 %)). Current N = 2095. Average N = 2095.171
2020-07-05 23:35:18,993 - INFO: 42 move(s) completed (15 accepted (35.7143 %)). Current N = 2095. Average N = 2095.167
2020-07-05 23:36:20,604 - INFO: 43 move(s) completed (15 accepted (34.8837 %)). Current N = 2095. Average N = 2095.163
2020-07-05 23:37:22,276 - INFO: 44 move(s) completed (16 accepted (36.3636 %)). Current N = 2096. Average N = 2095.182
2020-07-05 23:38:24,008 - INFO: 45 move(s) completed (17 accepted (37.7778 %)). Current N = 2095. Average N = 2095.178
2020-07-05 23:39:25,488 - INFO: 46 move(s) completed (18 accepted (39.1304 %)). Current N = 2096. Average N = 2095.196
2020-07-05 23:40:27,136 - INFO: 47 move(s) completed (18 accepted (38.2979 %)). Current N = 2096. Average N = 2095.213
2020-07-05 23:41:28,829 - INFO: 48 move(s) completed (18 accepted (37.5000 %)). Current N = 2096. Average N = 2095.229
2020-07-05 23:42:30,274 - INFO: 49 move(s) completed (19 accepted (38.7755 %)). Current N = 2095. Average N = 2095.224
2020-07-05 23:43:31,806 - INFO: 50 move(s) completed (20 accepted (40.0000 %)). Current N = 2096. Average N = 2095.240
2020-07-05 23:44:33,431 - INFO: 51 move(s) completed (20 accepted (39.2157 %)). Current N = 2096. Average N = 2095.255
2020-07-05 23:45:35,182 - INFO: 52 move(s) completed (20 accepted (38.4615 %)). Current N = 2096. Average N = 2095.269
2020-07-05 23:46:36,654 - INFO: 53 move(s) completed (21 accepted (39.6226 %)). Current N = 2097. Average N = 2095.302
2020-07-05 23:47:38,228 - INFO: 54 move(s) completed (21 accepted (38.8889 %)). Current N = 2097. Average N = 2095.333
2020-07-05 23:48:39,904 - INFO: 55 move(s) completed (21 accepted (38.1818 %)). Current N = 2097. Average N = 2095.364
2020-07-05 23:49:41,656 - INFO: 56 move(s) completed (21 accepted (37.5000 %)). Current N = 2097. Average N = 2095.393
2020-07-05 23:50:43,131 - INFO: 57 move(s) completed (22 accepted (38.5965 %)). Current N = 2096. Average N = 2095.403
2020-07-05 23:51:44,772 - INFO: 58 move(s) completed (22 accepted (37.9310 %)). Current N = 2096. Average N = 2095.414
2020-07-05 23:52:46,502 - INFO: 59 move(s) completed (23 accepted (38.9831 %)). Current N = 2095. Average N = 2095.407
2020-07-05 23:53:48,243 - INFO: 60 move(s) completed (24 accepted (40.0000 %)). Current N = 2096. Average N = 2095.417
2020-07-05 23:54:49,731 - INFO: 61 move(s) completed (25 accepted (40.9836 %)). Current N = 2097. Average N = 2095.443
2020-07-05 23:55:51,383 - INFO: 62 move(s) completed (25 accepted (40.3226 %)). Current N = 2097. Average N = 2095.468
2020-07-05 23:56:53,136 - INFO: 63 move(s) completed (25 accepted (39.6825 %)). Current N = 2097. Average N = 2095.492
2020-07-05 23:57:54,977 - INFO: 64 move(s) completed (25 accepted (39.0625 %)). Current N = 2097. Average N = 2095.516
2020-07-05 23:58:56,467 - INFO: 65 move(s) completed (25 accepted (38.4615 %)). Current N = 2097. Average N = 2095.539
2020-07-05 23:59:58,160 - INFO: 66 move(s) completed (25 accepted (37.8788 %)). Current N = 2097. Average N = 2095.561
2020-07-06 00:00:59,918 - INFO: 67 move(s) completed (25 accepted (37.3134 %)). Current N = 2097. Average N = 2095.582
2020-07-06 00:02:01,760 - INFO: 68 move(s) completed (26 accepted (38.2353 %)). Current N = 2098. Average N = 2095.618
2020-07-06 00:03:03,274 - INFO: 69 move(s) completed (27 accepted (39.1304 %)). Current N = 2099. Average N = 2095.667
2020-07-06 00:04:04,902 - INFO: 70 move(s) completed (27 accepted (38.5714 %)). Current N = 2099. Average N = 2095.714
2020-07-06 00:05:06,628 - INFO: 71 move(s) completed (27 accepted (38.0282 %)). Current N = 2099. Average N = 2095.761
2020-07-06 00:06:08,472 - INFO: 72 move(s) completed (28 accepted (38.8889 %)). Current N = 2098. Average N = 2095.792
2020-07-06 00:07:10,036 - INFO: 73 move(s) completed (29 accepted (39.7260 %)). Current N = 2099. Average N = 2095.836
2020-07-06 00:08:11,681 - INFO: 74 move(s) completed (30 accepted (40.5405 %)). Current N = 2100. Average N = 2095.892
2020-07-06 00:09:13,405 - INFO: 75 move(s) completed (30 accepted (40.0000 %)). Current N = 2100. Average N = 2095.947
2020-07-06 00:10:15,255 - INFO: 76 move(s) completed (31 accepted (40.7895 %)). Current N = 2101. Average N = 2096.013
2020-07-06 00:11:16,824 - INFO: 77 move(s) completed (31 accepted (40.2597 %)). Current N = 2101. Average N = 2096.078
2020-07-06 00:12:18,483 - INFO: 78 move(s) completed (31 accepted (39.7436 %)). Current N = 2101. Average N = 2096.141
2020-07-06 00:13:20,248 - INFO: 79 move(s) completed (31 accepted (39.2405 %)). Current N = 2101. Average N = 2096.202
2020-07-06 00:14:22,077 - INFO: 80 move(s) completed (32 accepted (40.0000 %)). Current N = 2100. Average N = 2096.250
2020-07-06 00:15:23,665 - INFO: 81 move(s) completed (32 accepted (39.5062 %)). Current N = 2100. Average N = 2096.296
2020-07-06 00:16:25,365 - INFO: 82 move(s) completed (32 accepted (39.0244 %)). Current N = 2100. Average N = 2096.341
2020-07-06 00:17:27,136 - INFO: 83 move(s) completed (33 accepted (39.7590 %)). Current N = 2099. Average N = 2096.374
2020-07-06 00:18:29,004 - INFO: 84 move(s) completed (34 accepted (40.4762 %)). Current N = 2098. Average N = 2096.393
2020-07-06 00:19:30,685 - INFO: 85 move(s) completed (34 accepted (40.0000 %)). Current N = 2098. Average N = 2096.412
2020-07-06 00:20:32,493 - INFO: 86 move(s) completed (34 accepted (39.5349 %)). Current N = 2098. Average N = 2096.430
2020-07-06 00:21:34,379 - INFO: 87 move(s) completed (35 accepted (40.2299 %)). Current N = 2099. Average N = 2096.460
2020-07-06 00:22:36,239 - INFO: 88 move(s) completed (36 accepted (40.9091 %)). Current N = 2100. Average N = 2096.500
2020-07-06 00:23:37,908 - INFO: 89 move(s) completed (37 accepted (41.5730 %)). Current N = 2099. Average N = 2096.528
2020-07-06 00:24:39,719 - INFO: 90 move(s) completed (38 accepted (42.2222 %)). Current N = 2100. Average N = 2096.567
2020-07-06 00:25:41,571 - INFO: 91 move(s) completed (39 accepted (42.8571 %)). Current N = 2101. Average N = 2096.615
2020-07-06 00:26:43,516 - INFO: 92 move(s) completed (39 accepted (42.3913 %)). Current N = 2101. Average N = 2096.663
2020-07-06 00:27:45,189 - INFO: 93 move(s) completed (40 accepted (43.0108 %)). Current N = 2100. Average N = 2096.699
2020-07-06 00:28:46,951 - INFO: 94 move(s) completed (41 accepted (43.6170 %)). Current N = 2101. Average N = 2096.745
2020-07-06 00:29:48,822 - INFO: 95 move(s) completed (42 accepted (44.2105 %)). Current N = 2102. Average N = 2096.800
2020-07-06 00:30:50,789 - INFO: 96 move(s) completed (42 accepted (43.7500 %)). Current N = 2102. Average N = 2096.854
2020-07-06 00:31:52,482 - INFO: 97 move(s) completed (43 accepted (44.3299 %)). Current N = 2101. Average N = 2096.897
2020-07-06 00:32:54,259 - INFO: 98 move(s) completed (44 accepted (44.8980 %)). Current N = 2102. Average N = 2096.949
2020-07-06 00:33:56,157 - INFO: 99 move(s) completed (44 accepted (44.4444 %)). Current N = 2102. Average N = 2097.000
2020-07-06 00:34:57,799 - INFO: 100 move(s) completed (44 accepted (44.0000 %)). Current N = 2102. Average N = 2097.050
2020-07-06 00:35:59,484 - INFO: 101 move(s) completed (44 accepted (43.5644 %)). Current N = 2102. Average N = 2097.099
2020-07-06 00:37:01,289 - INFO: 102 move(s) completed (44 accepted (43.1373 %)). Current N = 2102. Average N = 2097.147
2020-07-06 00:38:03,179 - INFO: 103 move(s) completed (44 accepted (42.7184 %)). Current N = 2102. Average N = 2097.194
2020-07-06 00:39:04,815 - INFO: 104 move(s) completed (44 accepted (42.3077 %)). Current N = 2102. Average N = 2097.240
2020-07-06 00:40:06,498 - INFO: 105 move(s) completed (44 accepted (41.9048 %)). Current N = 2102. Average N = 2097.286
2020-07-06 00:41:08,295 - INFO: 106 move(s) completed (45 accepted (42.4528 %)). Current N = 2103. Average N = 2097.340
2020-07-06 00:42:10,127 - INFO: 107 move(s) completed (45 accepted (42.0561 %)). Current N = 2103. Average N = 2097.392
2020-07-06 00:43:11,719 - INFO: 108 move(s) completed (46 accepted (42.5926 %)). Current N = 2102. Average N = 2097.435
2020-07-06 00:44:13,456 - INFO: 109 move(s) completed (47 accepted (43.1193 %)). Current N = 2101. Average N = 2097.468
2020-07-06 00:45:15,344 - INFO: 110 move(s) completed (47 accepted (42.7273 %)). Current N = 2101. Average N = 2097.500
2020-07-06 00:46:17,331 - INFO: 111 move(s) completed (48 accepted (43.2432 %)). Current N = 2100. Average N = 2097.523
2020-07-06 00:47:19,054 - INFO: 112 move(s) completed (49 accepted (43.7500 %)). Current N = 2099. Average N = 2097.536
2020-07-06 00:48:20,890 - INFO: 113 move(s) completed (49 accepted (43.3628 %)). Current N = 2099. Average N = 2097.549
2020-07-06 00:49:22,879 - INFO: 114 move(s) completed (49 accepted (42.9825 %)). Current N = 2099. Average N = 2097.561
2020-07-06 00:50:24,967 - INFO: 115 move(s) completed (50 accepted (43.4783 %)). Current N = 2098. Average N = 2097.565
2020-07-06 00:51:26,821 - INFO: 116 move(s) completed (50 accepted (43.1034 %)). Current N = 2098. Average N = 2097.569
2020-07-06 00:52:28,797 - INFO: 117 move(s) completed (50 accepted (42.7350 %)). Current N = 2098. Average N = 2097.573
2020-07-06 00:53:30,872 - INFO: 118 move(s) completed (51 accepted (43.2203 %)). Current N = 2099. Average N = 2097.585
2020-07-06 00:54:33,016 - INFO: 119 move(s) completed (51 accepted (42.8571 %)). Current N = 2099. Average N = 2097.597
2020-07-06 00:55:34,846 - INFO: 120 move(s) completed (52 accepted (43.3333 %)). Current N = 2100. Average N = 2097.617
2020-07-06 00:56:36,737 - INFO: 121 move(s) completed (53 accepted (43.8017 %)). Current N = 2099. Average N = 2097.628
2020-07-06 00:57:38,763 - INFO: 122 move(s) completed (53 accepted (43.4426 %)). Current N = 2099. Average N = 2097.639
2020-07-06 00:58:40,984 - INFO: 123 move(s) completed (53 accepted (43.0894 %)). Current N = 2099. Average N = 2097.650
2020-07-06 00:59:42,836 - INFO: 124 move(s) completed (53 accepted (42.7419 %)). Current N = 2099. Average N = 2097.661
2020-07-06 01:00:44,830 - INFO: 125 move(s) completed (54 accepted (43.2000 %)). Current N = 2098. Average N = 2097.664
2020-07-06 01:01:46,888 - INFO: 126 move(s) completed (55 accepted (43.6508 %)). Current N = 2099. Average N = 2097.675
2020-07-06 01:02:49,078 - INFO: 127 move(s) completed (55 accepted (43.3071 %)). Current N = 2099. Average N = 2097.685
2020-07-06 01:03:50,959 - INFO: 128 move(s) completed (56 accepted (43.7500 %)). Current N = 2100. Average N = 2097.703
2020-07-06 01:04:52,926 - INFO: 129 move(s) completed (56 accepted (43.4109 %)). Current N = 2100. Average N = 2097.721
2020-07-06 01:05:55,046 - INFO: 130 move(s) completed (56 accepted (43.0769 %)). Current N = 2100. Average N = 2097.738
2020-07-06 01:06:57,217 - INFO: 131 move(s) completed (57 accepted (43.5115 %)). Current N = 2099. Average N = 2097.748
2020-07-06 01:07:59,118 - INFO: 132 move(s) completed (58 accepted (43.9394 %)). Current N = 2100. Average N = 2097.765
2020-07-06 01:09:01,107 - INFO: 133 move(s) completed (58 accepted (43.6090 %)). Current N = 2100. Average N = 2097.782
2020-07-06 01:10:03,144 - INFO: 134 move(s) completed (59 accepted (44.0299 %)). Current N = 2101. Average N = 2097.806
2020-07-06 01:11:05,352 - INFO: 135 move(s) completed (59 accepted (43.7037 %)). Current N = 2101. Average N = 2097.830
2020-07-06 01:12:07,204 - INFO: 136 move(s) completed (60 accepted (44.1176 %)). Current N = 2102. Average N = 2097.860
2020-07-06 01:13:09,144 - INFO: 137 move(s) completed (61 accepted (44.5255 %)). Current N = 2101. Average N = 2097.883
2020-07-06 01:14:11,288 - INFO: 138 move(s) completed (61 accepted (44.2029 %)). Current N = 2101. Average N = 2097.906
2020-07-06 01:15:13,559 - INFO: 139 move(s) completed (61 accepted (43.8849 %)). Current N = 2101. Average N = 2097.928
2020-07-06 01:16:15,474 - INFO: 140 move(s) completed (61 accepted (43.5714 %)). Current N = 2101. Average N = 2097.950
2020-07-06 01:17:17,535 - INFO: 141 move(s) completed (61 accepted (43.2624 %)). Current N = 2101. Average N = 2097.972
2020-07-06 01:18:19,660 - INFO: 142 move(s) completed (61 accepted (42.9577 %)). Current N = 2101. Average N = 2097.993
2020-07-06 01:19:21,894 - INFO: 143 move(s) completed (62 accepted (43.3566 %)). Current N = 2100. Average N = 2098.007
2020-07-06 01:20:23,836 - INFO: 144 move(s) completed (62 accepted (43.0556 %)). Current N = 2100. Average N = 2098.021
2020-07-06 01:21:25,896 - INFO: 145 move(s) completed (63 accepted (43.4483 %)). Current N = 2099. Average N = 2098.028
2020-07-06 01:22:28,057 - INFO: 146 move(s) completed (63 accepted (43.1507 %)). Current N = 2099. Average N = 2098.034
2020-07-06 01:23:30,372 - INFO: 147 move(s) completed (63 accepted (42.8571 %)). Current N = 2099. Average N = 2098.041
2020-07-06 01:24:32,391 - INFO: 148 move(s) completed (63 accepted (42.5676 %)). Current N = 2099. Average N = 2098.047
2020-07-06 01:25:34,464 - INFO: 149 move(s) completed (64 accepted (42.9530 %)). Current N = 2100. Average N = 2098.060
2020-07-06 01:26:36,673 - INFO: 150 move(s) completed (65 accepted (43.3333 %)). Current N = 2099. Average N = 2098.067
2020-07-06 01:27:38,607 - INFO: 151 move(s) completed (65 accepted (43.0464 %)). Current N = 2099. Average N = 2098.073
2020-07-06 01:28:40,695 - INFO: 152 move(s) completed (65 accepted (42.7632 %)). Current N = 2099. Average N = 2098.079
2020-07-06 01:29:42,841 - INFO: 153 move(s) completed (65 accepted (42.4837 %)). Current N = 2099. Average N = 2098.085
2020-07-06 01:30:45,086 - INFO: 154 move(s) completed (66 accepted (42.8571 %)). Current N = 2100. Average N = 2098.097
2020-07-06 01:31:46,998 - INFO: 155 move(s) completed (66 accepted (42.5806 %)). Current N = 2100. Average N = 2098.110
2020-07-06 01:32:49,031 - INFO: 156 move(s) completed (67 accepted (42.9487 %)). Current N = 2099. Average N = 2098.115
2020-07-06 01:33:51,145 - INFO: 157 move(s) completed (68 accepted (43.3121 %)). Current N = 2100. Average N = 2098.127
2020-07-06 01:34:53,340 - INFO: 158 move(s) completed (68 accepted (43.0380 %)). Current N = 2100. Average N = 2098.139
2020-07-06 01:35:55,314 - INFO: 159 move(s) completed (68 accepted (42.7673 %)). Current N = 2100. Average N = 2098.151
2020-07-06 01:36:57,377 - INFO: 160 move(s) completed (68 accepted (42.5000 %)). Current N = 2100. Average N = 2098.162
2020-07-06 01:37:59,518 - INFO: 161 move(s) completed (68 accepted (42.2360 %)). Current N = 2100. Average N = 2098.174
2020-07-06 01:39:01,769 - INFO: 162 move(s) completed (68 accepted (41.9753 %)). Current N = 2100. Average N = 2098.185
2020-07-06 01:40:03,784 - INFO: 163 move(s) completed (69 accepted (42.3313 %)). Current N = 2101. Average N = 2098.202
2020-07-06 01:41:05,809 - INFO: 164 move(s) completed (69 accepted (42.0732 %)). Current N = 2101. Average N = 2098.220
2020-07-06 01:42:08,029 - INFO: 165 move(s) completed (69 accepted (41.8182 %)). Current N = 2101. Average N = 2098.236
2020-07-06 01:43:10,278 - INFO: 166 move(s) completed (70 accepted (42.1687 %)). Current N = 2102. Average N = 2098.259
2020-07-06 01:44:12,142 - INFO: 167 move(s) completed (70 accepted (41.9162 %)). Current N = 2102. Average N = 2098.281
2020-07-06 01:45:14,140 - INFO: 168 move(s) completed (70 accepted (41.6667 %)). Current N = 2102. Average N = 2098.304
2020-07-06 01:46:16,235 - INFO: 169 move(s) completed (71 accepted (42.0118 %)). Current N = 2101. Average N = 2098.320
2020-07-06 01:47:18,458 - INFO: 170 move(s) completed (72 accepted (42.3529 %)). Current N = 2100. Average N = 2098.329
2020-07-06 01:48:20,444 - INFO: 171 move(s) completed (72 accepted (42.1053 %)). Current N = 2100. Average N = 2098.339
2020-07-06 01:49:22,527 - INFO: 172 move(s) completed (73 accepted (42.4419 %)). Current N = 2101. Average N = 2098.355
2020-07-06 01:50:24,697 - INFO: 173 move(s) completed (74 accepted (42.7746 %)). Current N = 2100. Average N = 2098.364
2020-07-06 01:51:26,974 - INFO: 174 move(s) completed (75 accepted (43.1034 %)). Current N = 2099. Average N = 2098.368
2020-07-06 01:52:29,060 - INFO: 175 move(s) completed (76 accepted (43.4286 %)). Current N = 2100. Average N = 2098.377
2020-07-06 01:53:31,230 - INFO: 176 move(s) completed (77 accepted (43.7500 %)). Current N = 2099. Average N = 2098.381
2020-07-06 01:54:33,533 - INFO: 177 move(s) completed (77 accepted (43.5028 %)). Current N = 2099. Average N = 2098.384
2020-07-06 01:55:35,968 - INFO: 178 move(s) completed (77 accepted (43.2584 %)). Current N = 2099. Average N = 2098.388
2020-07-06 01:56:38,033 - INFO: 179 move(s) completed (77 accepted (43.0168 %)). Current N = 2099. Average N = 2098.391
2020-07-06 01:57:40,260 - INFO: 180 move(s) completed (77 accepted (42.7778 %)). Current N = 2099. Average N = 2098.394
2020-07-06 01:58:42,540 - INFO: 181 move(s) completed (78 accepted (43.0939 %)). Current N = 2100. Average N = 2098.403
2020-07-06 01:59:44,886 - INFO: 182 move(s) completed (78 accepted (42.8571 %)). Current N = 2100. Average N = 2098.412
2020-07-06 02:00:46,960 - INFO: 183 move(s) completed (79 accepted (43.1694 %)). Current N = 2099. Average N = 2098.415
2020-07-06 02:01:49,116 - INFO: 184 move(s) completed (79 accepted (42.9348 %)). Current N = 2099. Average N = 2098.419
2020-07-06 02:02:51,443 - INFO: 185 move(s) completed (79 accepted (42.7027 %)). Current N = 2099. Average N = 2098.422
2020-07-06 02:03:53,822 - INFO: 186 move(s) completed (79 accepted (42.4731 %)). Current N = 2099. Average N = 2098.425
2020-07-06 02:04:55,873 - INFO: 187 move(s) completed (80 accepted (42.7807 %)). Current N = 2098. Average N = 2098.423
2020-07-06 02:05:58,085 - INFO: 188 move(s) completed (80 accepted (42.5532 %)). Current N = 2098. Average N = 2098.420
2020-07-06 02:07:00,347 - INFO: 189 move(s) completed (80 accepted (42.3280 %)). Current N = 2098. Average N = 2098.418
2020-07-06 02:08:02,756 - INFO: 190 move(s) completed (80 accepted (42.1053 %)). Current N = 2098. Average N = 2098.416
2020-07-06 02:09:04,902 - INFO: 191 move(s) completed (80 accepted (41.8848 %)). Current N = 2098. Average N = 2098.414
2020-07-06 02:10:07,159 - INFO: 192 move(s) completed (80 accepted (41.6667 %)). Current N = 2098. Average N = 2098.412
2020-07-06 02:11:09,475 - INFO: 193 move(s) completed (80 accepted (41.4508 %)). Current N = 2098. Average N = 2098.409
2020-07-06 02:12:11,890 - INFO: 194 move(s) completed (80 accepted (41.2371 %)). Current N = 2098. Average N = 2098.407
2020-07-06 02:13:13,981 - INFO: 195 move(s) completed (81 accepted (41.5385 %)). Current N = 2099. Average N = 2098.410
2020-07-06 02:14:16,071 - INFO: 196 move(s) completed (82 accepted (41.8367 %)). Current N = 2098. Average N = 2098.408
2020-07-06 02:15:18,369 - INFO: 197 move(s) completed (82 accepted (41.6244 %)). Current N = 2098. Average N = 2098.406
2020-07-06 02:16:20,732 - INFO: 198 move(s) completed (83 accepted (41.9192 %)). Current N = 2099. Average N = 2098.409
2020-07-06 02:17:22,792 - INFO: 199 move(s) completed (83 accepted (41.7085 %)). Current N = 2099. Average N = 2098.412
2020-07-06 02:18:24,964 - INFO: 200 move(s) completed (84 accepted (42.0000 %)). Current N = 2100. Average N = 2098.420
2020-07-06 02:19:27,214 - INFO: 201 move(s) completed (84 accepted (41.7910 %)). Current N = 2100. Average N = 2098.428
2020-07-06 02:20:29,566 - INFO: 202 move(s) completed (84 accepted (41.5842 %)). Current N = 2100. Average N = 2098.436
2020-07-06 02:21:31,695 - INFO: 203 move(s) completed (84 accepted (41.3793 %)). Current N = 2100. Average N = 2098.443
2020-07-06 02:22:33,823 - INFO: 204 move(s) completed (84 accepted (41.1765 %)). Current N = 2100. Average N = 2098.451
2020-07-06 02:23:36,134 - INFO: 205 move(s) completed (84 accepted (40.9756 %)). Current N = 2100. Average N = 2098.459
2020-07-06 02:24:38,483 - INFO: 206 move(s) completed (85 accepted (41.2621 %)). Current N = 2101. Average N = 2098.471
2020-07-06 02:25:40,552 - INFO: 207 move(s) completed (85 accepted (41.0628 %)). Current N = 2101. Average N = 2098.483
2020-07-06 02:26:42,719 - INFO: 208 move(s) completed (85 accepted (40.8654 %)). Current N = 2101. Average N = 2098.495
2020-07-06 02:27:44,959 - INFO: 209 move(s) completed (85 accepted (40.6699 %)). Current N = 2101. Average N = 2098.507
2020-07-06 02:28:47,290 - INFO: 210 move(s) completed (86 accepted (40.9524 %)). Current N = 2100. Average N = 2098.514
2020-07-06 02:29:49,376 - INFO: 211 move(s) completed (87 accepted (41.2322 %)). Current N = 2099. Average N = 2098.517
2020-07-06 02:30:51,446 - INFO: 212 move(s) completed (87 accepted (41.0377 %)). Current N = 2099. Average N = 2098.519
2020-07-06 02:31:53,820 - INFO: 213 move(s) completed (87 accepted (40.8451 %)). Current N = 2099. Average N = 2098.521
2020-07-06 02:32:55,884 - INFO: 214 move(s) completed (87 accepted (40.6542 %)). Current N = 2099. Average N = 2098.523
2020-07-06 02:33:58,000 - INFO: 215 move(s) completed (88 accepted (40.9302 %)). Current N = 2100. Average N = 2098.530
2020-07-06 02:35:00,252 - INFO: 216 move(s) completed (89 accepted (41.2037 %)). Current N = 2099. Average N = 2098.532
2020-07-06 02:36:02,543 - INFO: 217 move(s) completed (89 accepted (41.0138 %)). Current N = 2099. Average N = 2098.535
2020-07-06 02:37:04,648 - INFO: 218 move(s) completed (89 accepted (40.8257 %)). Current N = 2099. Average N = 2098.537
2020-07-06 02:38:06,804 - INFO: 219 move(s) completed (89 accepted (40.6393 %)). Current N = 2099. Average N = 2098.539
2020-07-06 02:39:09,106 - INFO: 220 move(s) completed (90 accepted (40.9091 %)). Current N = 2098. Average N = 2098.536
2020-07-06 02:40:11,434 - INFO: 221 move(s) completed (90 accepted (40.7240 %)). Current N = 2098. Average N = 2098.534
2020-07-06 02:41:13,550 - INFO: 222 move(s) completed (90 accepted (40.5405 %)). Current N = 2098. Average N = 2098.532
2020-07-06 02:42:15,772 - INFO: 223 move(s) completed (90 accepted (40.3587 %)). Current N = 2098. Average N = 2098.529
2020-07-06 02:43:18,028 - INFO: 224 move(s) completed (90 accepted (40.1786 %)). Current N = 2098. Average N = 2098.527
2020-07-06 02:44:20,076 - INFO: 225 move(s) completed (91 accepted (40.4444 %)). Current N = 2099. Average N = 2098.529
2020-07-06 02:45:22,096 - INFO: 226 move(s) completed (91 accepted (40.2655 %)). Current N = 2099. Average N = 2098.531
2020-07-06 02:46:24,252 - INFO: 227 move(s) completed (92 accepted (40.5286 %)). Current N = 2098. Average N = 2098.529
2020-07-06 02:47:26,519 - INFO: 228 move(s) completed (92 accepted (40.3509 %)). Current N = 2098. Average N = 2098.526
2020-07-06 02:48:28,962 - INFO: 229 move(s) completed (92 accepted (40.1747 %)). Current N = 2098. Average N = 2098.524
2020-07-06 02:49:31,168 - INFO: 230 move(s) completed (92 accepted (40.0000 %)). Current N = 2098. Average N = 2098.522
2020-07-06 02:50:33,385 - INFO: 231 move(s) completed (93 accepted (40.2597 %)). Current N = 2097. Average N = 2098.515
2020-07-06 02:51:35,692 - INFO: 232 move(s) completed (94 accepted (40.5172 %)). Current N = 2096. Average N = 2098.504
2020-07-06 02:52:38,088 - INFO: 233 move(s) completed (95 accepted (40.7725 %)). Current N = 2095. Average N = 2098.489
2020-07-06 02:53:40,243 - INFO: 234 move(s) completed (96 accepted (41.0256 %)). Current N = 2096. Average N = 2098.479
2020-07-06 02:54:42,546 - INFO: 235 move(s) completed (97 accepted (41.2766 %)). Current N = 2095. Average N = 2098.464
2020-07-06 02:55:44,906 - INFO: 236 move(s) completed (98 accepted (41.5254 %)). Current N = 2096. Average N = 2098.453
2020-07-06 02:56:47,428 - INFO: 237 move(s) completed (98 accepted (41.3502 %)). Current N = 2096. Average N = 2098.443
2020-07-06 02:57:49,644 - INFO: 238 move(s) completed (99 accepted (41.5966 %)). Current N = 2097. Average N = 2098.437
2020-07-06 02:58:51,926 - INFO: 239 move(s) completed (99 accepted (41.4226 %)). Current N = 2097. Average N = 2098.431
2020-07-06 02:59:54,326 - INFO: 240 move(s) completed (100 accepted (41.6667 %)). Current N = 2098. Average N = 2098.429
2020-07-06 03:00:56,761 - INFO: 241 move(s) completed (101 accepted (41.9087 %)). Current N = 2099. Average N = 2098.432
2020-07-06 03:01:58,954 - INFO: 242 move(s) completed (101 accepted (41.7355 %)). Current N = 2099. Average N = 2098.434
2020-07-06 03:03:01,242 - INFO: 243 move(s) completed (102 accepted (41.9753 %)). Current N = 2098. Average N = 2098.432
2020-07-06 03:04:03,653 - INFO: 244 move(s) completed (103 accepted (42.2131 %)). Current N = 2099. Average N = 2098.434
2020-07-06 03:05:06,118 - INFO: 245 move(s) completed (103 accepted (42.0408 %)). Current N = 2099. Average N = 2098.437
2020-07-06 03:06:08,359 - INFO: 246 move(s) completed (103 accepted (41.8699 %)). Current N = 2099. Average N = 2098.439
2020-07-06 03:07:10,655 - INFO: 247 move(s) completed (104 accepted (42.1053 %)). Current N = 2098. Average N = 2098.437
2020-07-06 03:08:13,112 - INFO: 248 move(s) completed (104 accepted (41.9355 %)). Current N = 2098. Average N = 2098.436
2020-07-06 03:09:15,535 - INFO: 249 move(s) completed (104 accepted (41.7671 %)). Current N = 2098. Average N = 2098.434
2020-07-06 03:10:17,711 - INFO: 250 move(s) completed (104 accepted (41.6000 %)). Current N = 2098. Average N = 2098.432
2020-07-06 03:11:20,000 - INFO: 251 move(s) completed (104 accepted (41.4343 %)). Current N = 2098. Average N = 2098.430
2020-07-06 03:12:22,355 - INFO: 252 move(s) completed (104 accepted (41.2698 %)). Current N = 2098. Average N = 2098.429
2020-07-06 03:13:24,833 - INFO: 253 move(s) completed (104 accepted (41.1067 %)). Current N = 2098. Average N = 2098.427
2020-07-06 03:14:27,106 - INFO: 254 move(s) completed (104 accepted (40.9449 %)). Current N = 2098. Average N = 2098.425
2020-07-06 03:15:29,471 - INFO: 255 move(s) completed (104 accepted (40.7843 %)). Current N = 2098. Average N = 2098.423
2020-07-06 03:16:31,811 - INFO: 256 move(s) completed (105 accepted (41.0156 %)). Current N = 2099. Average N = 2098.426
2020-07-06 03:17:34,258 - INFO: 257 move(s) completed (106 accepted (41.2451 %)). Current N = 2100. Average N = 2098.432
2020-07-06 03:18:36,409 - INFO: 258 move(s) completed (106 accepted (41.0853 %)). Current N = 2100. Average N = 2098.438
2020-07-06 03:19:38,636 - INFO: 259 move(s) completed (106 accepted (40.9266 %)). Current N = 2100. Average N = 2098.444
2020-07-06 03:20:41,024 - INFO: 260 move(s) completed (106 accepted (40.7692 %)). Current N = 2100. Average N = 2098.450
2020-07-06 03:21:43,458 - INFO: 261 move(s) completed (106 accepted (40.6130 %)). Current N = 2100. Average N = 2098.456
2020-07-06 03:22:45,567 - INFO: 262 move(s) completed (107 accepted (40.8397 %)). Current N = 2099. Average N = 2098.458
2020-07-06 03:23:47,872 - INFO: 263 move(s) completed (107 accepted (40.6844 %)). Current N = 2099. Average N = 2098.460
2020-07-06 03:24:50,102 - INFO: 264 move(s) completed (107 accepted (40.5303 %)). Current N = 2099. Average N = 2098.462
2020-07-06 03:25:52,091 - INFO: 265 move(s) completed (107 accepted (40.3774 %)). Current N = 2099. Average N = 2098.464
2020-07-06 03:26:54,262 - INFO: 266 move(s) completed (107 accepted (40.2256 %)). Current N = 2099. Average N = 2098.466
2020-07-06 03:27:56,548 - INFO: 267 move(s) completed (107 accepted (40.0749 %)). Current N = 2099. Average N = 2098.468
2020-07-06 03:28:58,864 - INFO: 268 move(s) completed (107 accepted (39.9254 %)). Current N = 2099. Average N = 2098.470
2020-07-06 03:30:00,968 - INFO: 269 move(s) completed (107 accepted (39.7770 %)). Current N = 2099. Average N = 2098.472
2020-07-06 03:31:03,058 - INFO: 270 move(s) completed (107 accepted (39.6296 %)). Current N = 2099. Average N = 2098.474
2020-07-06 03:32:05,295 - INFO: 271 move(s) completed (107 accepted (39.4834 %)). Current N = 2099. Average N = 2098.476
2020-07-06 03:33:07,722 - INFO: 272 move(s) completed (108 accepted (39.7059 %)). Current N = 2098. Average N = 2098.474
2020-07-06 03:34:09,907 - INFO: 273 move(s) completed (109 accepted (39.9267 %)). Current N = 2097. Average N = 2098.469
2020-07-06 03:35:12,126 - INFO: 274 move(s) completed (109 accepted (39.7810 %)). Current N = 2097. Average N = 2098.463
2020-07-06 03:36:14,449 - INFO: 275 move(s) completed (109 accepted (39.6364 %)). Current N = 2097. Average N = 2098.458
2020-07-06 03:37:16,796 - INFO: 276 move(s) completed (109 accepted (39.4928 %)). Current N = 2097. Average N = 2098.453
2020-07-06 03:38:18,907 - INFO: 277 move(s) completed (110 accepted (39.7112 %)). Current N = 2098. Average N = 2098.451
2020-07-06 03:39:21,112 - INFO: 278 move(s) completed (110 accepted (39.5683 %)). Current N = 2098. Average N = 2098.450
2020-07-06 03:40:23,363 - INFO: 279 move(s) completed (111 accepted (39.7849 %)). Current N = 2099. Average N = 2098.452
2020-07-06 03:41:25,776 - INFO: 280 move(s) completed (111 accepted (39.6429 %)). Current N = 2099. Average N = 2098.454
2020-07-06 03:42:28,050 - INFO: 281 move(s) completed (111 accepted (39.5018 %)). Current N = 2099. Average N = 2098.456
2020-07-06 03:43:30,143 - INFO: 282 move(s) completed (112 accepted (39.7163 %)). Current N = 2100. Average N = 2098.461
2020-07-06 03:44:32,289 - INFO: 283 move(s) completed (113 accepted (39.9293 %)). Current N = 2101. Average N = 2098.470
2020-07-06 03:45:34,554 - INFO: 284 move(s) completed (113 accepted (39.7887 %)). Current N = 2101. Average N = 2098.479
2020-07-06 03:46:36,586 - INFO: 285 move(s) completed (113 accepted (39.6491 %)). Current N = 2101. Average N = 2098.488
2020-07-06 03:47:38,670 - INFO: 286 move(s) completed (114 accepted (39.8601 %)). Current N = 2100. Average N = 2098.493
2020-07-06 03:48:40,892 - INFO: 287 move(s) completed (115 accepted (40.0697 %)). Current N = 2099. Average N = 2098.495
2020-07-06 03:49:43,266 - INFO: 288 move(s) completed (115 accepted (39.9306 %)). Current N = 2099. Average N = 2098.497
2020-07-06 03:50:45,298 - INFO: 289 move(s) completed (116 accepted (40.1384 %)). Current N = 2098. Average N = 2098.495
2020-07-06 03:51:47,465 - INFO: 290 move(s) completed (117 accepted (40.3448 %)). Current N = 2099. Average N = 2098.497
2020-07-06 03:52:49,736 - INFO: 291 move(s) completed (118 accepted (40.5498 %)). Current N = 2098. Average N = 2098.495
2020-07-06 03:53:52,053 - INFO: 292 move(s) completed (118 accepted (40.4110 %)). Current N = 2098. Average N = 2098.493
2020-07-06 03:54:54,189 - INFO: 293 move(s) completed (118 accepted (40.2730 %)). Current N = 2098. Average N = 2098.492
2020-07-06 03:55:56,333 - INFO: 294 move(s) completed (119 accepted (40.4762 %)). Current N = 2097. Average N = 2098.486
2020-07-06 03:56:58,578 - INFO: 295 move(s) completed (120 accepted (40.6780 %)). Current N = 2098. Average N = 2098.485
2020-07-06 03:58:00,920 - INFO: 296 move(s) completed (121 accepted (40.8784 %)). Current N = 2099. Average N = 2098.486
2020-07-06 03:59:02,968 - INFO: 297 move(s) completed (121 accepted (40.7407 %)). Current N = 2099. Average N = 2098.488
2020-07-06 04:00:05,226 - INFO: 298 move(s) completed (122 accepted (40.9396 %)). Current N = 2098. Average N = 2098.487
2020-07-06 04:01:07,538 - INFO: 299 move(s) completed (122 accepted (40.8027 %)). Current N = 2098. Average N = 2098.485
2020-07-06 04:02:09,931 - INFO: 300 move(s) completed (122 accepted (40.6667 %)). Current N = 2098. Average N = 2098.483
2020-07-06 04:03:12,053 - INFO: 301 move(s) completed (122 accepted (40.5316 %)). Current N = 2098. Average N = 2098.482
2020-07-06 04:04:14,329 - INFO: 302 move(s) completed (122 accepted (40.3974 %)). Current N = 2098. Average N = 2098.480
2020-07-06 04:05:16,631 - INFO: 303 move(s) completed (122 accepted (40.2640 %)). Current N = 2098. Average N = 2098.479
2020-07-06 04:06:18,988 - INFO: 304 move(s) completed (122 accepted (40.1316 %)). Current N = 2098. Average N = 2098.477
2020-07-06 04:07:21,093 - INFO: 305 move(s) completed (123 accepted (40.3279 %)). Current N = 2097. Average N = 2098.472
2020-07-06 04:08:23,262 - INFO: 306 move(s) completed (124 accepted (40.5229 %)). Current N = 2098. Average N = 2098.471
2020-07-06 04:09:25,534 - INFO: 307 move(s) completed (125 accepted (40.7166 %)). Current N = 2099. Average N = 2098.472
2020-07-06 04:10:27,900 - INFO: 308 move(s) completed (126 accepted (40.9091 %)). Current N = 2100. Average N = 2098.477
2020-07-06 04:11:29,935 - INFO: 309 move(s) completed (126 accepted (40.7767 %)). Current N = 2100. Average N = 2098.482
2020-07-06 04:12:32,192 - INFO: 310 move(s) completed (127 accepted (40.9677 %)). Current N = 2099. Average N = 2098.484
2020-07-06 04:13:34,423 - INFO: 311 move(s) completed (127 accepted (40.8360 %)). Current N = 2099. Average N = 2098.485
2020-07-06 04:14:36,792 - INFO: 312 move(s) completed (128 accepted (41.0256 %)). Current N = 2100. Average N = 2098.490
2020-07-06 04:15:38,877 - INFO: 313 move(s) completed (128 accepted (40.8946 %)). Current N = 2100. Average N = 2098.495
2020-07-06 04:16:41,017 - INFO: 314 move(s) completed (129 accepted (41.0828 %)). Current N = 2099. Average N = 2098.497
2020-07-06 04:17:43,305 - INFO: 315 move(s) completed (129 accepted (40.9524 %)). Current N = 2099. Average N = 2098.498
2020-07-06 04:18:45,615 - INFO: 316 move(s) completed (129 accepted (40.8228 %)). Current N = 2099. Average N = 2098.500
2020-07-06 04:19:47,805 - INFO: 317 move(s) completed (129 accepted (40.6940 %)). Current N = 2099. Average N = 2098.502
2020-07-06 04:20:50,003 - INFO: 318 move(s) completed (130 accepted (40.8805 %)). Current N = 2098. Average N = 2098.500
2020-07-06 04:21:52,312 - INFO: 319 move(s) completed (130 accepted (40.7524 %)). Current N = 2098. Average N = 2098.498
2020-07-06 04:22:54,704 - INFO: 320 move(s) completed (131 accepted (40.9375 %)). Current N = 2099. Average N = 2098.500
2020-07-06 04:23:56,812 - INFO: 321 move(s) completed (131 accepted (40.8100 %)). Current N = 2099. Average N = 2098.502
2020-07-06 04:24:59,043 - INFO: 322 move(s) completed (131 accepted (40.6832 %)). Current N = 2099. Average N = 2098.503
2020-07-06 04:26:01,280 - INFO: 323 move(s) completed (132 accepted (40.8669 %)). Current N = 2100. Average N = 2098.508
2020-07-06 04:27:03,276 - INFO: 324 move(s) completed (132 accepted (40.7407 %)). Current N = 2100. Average N = 2098.512
2020-07-06 04:28:05,371 - INFO: 325 move(s) completed (133 accepted (40.9231 %)). Current N = 2099. Average N = 2098.514
2020-07-06 04:29:07,565 - INFO: 326 move(s) completed (133 accepted (40.7975 %)). Current N = 2099. Average N = 2098.515
2020-07-06 04:30:09,852 - INFO: 327 move(s) completed (134 accepted (40.9786 %)). Current N = 2098. Average N = 2098.514
2020-07-06 04:31:11,897 - INFO: 328 move(s) completed (135 accepted (41.1585 %)). Current N = 2097. Average N = 2098.509
2020-07-06 04:32:14,082 - INFO: 329 move(s) completed (136 accepted (41.3374 %)). Current N = 2096. Average N = 2098.501
2020-07-06 04:33:16,381 - INFO: 330 move(s) completed (136 accepted (41.2121 %)). Current N = 2096. Average N = 2098.494
2020-07-06 04:34:18,779 - INFO: 331 move(s) completed (136 accepted (41.0876 %)). Current N = 2096. Average N = 2098.486
2020-07-06 04:35:20,931 - INFO: 332 move(s) completed (137 accepted (41.2651 %)). Current N = 2095. Average N = 2098.476
2020-07-06 04:36:23,276 - INFO: 333 move(s) completed (137 accepted (41.1411 %)). Current N = 2095. Average N = 2098.465
2020-07-06 04:37:25,458 - INFO: 334 move(s) completed (138 accepted (41.3174 %)). Current N = 2094. Average N = 2098.452
2020-07-06 04:38:27,801 - INFO: 335 move(s) completed (139 accepted (41.4925 %)). Current N = 2093. Average N = 2098.436
2020-07-06 04:39:29,887 - INFO: 336 move(s) completed (139 accepted (41.3690 %)). Current N = 2093. Average N = 2098.420
2020-07-06 04:40:32,162 - INFO: 337 move(s) completed (139 accepted (41.2463 %)). Current N = 2093. Average N = 2098.404
2020-07-06 04:41:34,446 - INFO: 338 move(s) completed (140 accepted (41.4201 %)). Current N = 2094. Average N = 2098.390
2020-07-06 04:42:36,876 - INFO: 339 move(s) completed (140 accepted (41.2979 %)). Current N = 2094. Average N = 2098.378
2020-07-06 04:43:38,947 - INFO: 340 move(s) completed (141 accepted (41.4706 %)). Current N = 2095. Average N = 2098.368
2020-07-06 04:44:41,187 - INFO: 341 move(s) completed (141 accepted (41.3490 %)). Current N = 2095. Average N = 2098.358
2020-07-06 04:45:43,445 - INFO: 342 move(s) completed (142 accepted (41.5205 %)). Current N = 2094. Average N = 2098.345
2020-07-06 04:46:45,760 - INFO: 343 move(s) completed (142 accepted (41.3994 %)). Current N = 2094. Average N = 2098.332
2020-07-06 04:47:47,899 - INFO: 344 move(s) completed (143 accepted (41.5698 %)). Current N = 2095. Average N = 2098.323
2020-07-06 04:48:49,999 - INFO: 345 move(s) completed (143 accepted (41.4493 %)). Current N = 2095. Average N = 2098.313
2020-07-06 04:49:52,320 - INFO: 346 move(s) completed (144 accepted (41.6185 %)). Current N = 2096. Average N = 2098.306
2020-07-06 04:50:54,795 - INFO: 347 move(s) completed (144 accepted (41.4986 %)). Current N = 2096. Average N = 2098.300
2020-07-06 04:51:56,956 - INFO: 348 move(s) completed (145 accepted (41.6667 %)). Current N = 2095. Average N = 2098.290
2020-07-06 04:52:59,196 - INFO: 349 move(s) completed (145 accepted (41.5473 %)). Current N = 2095. Average N = 2098.281
2020-07-06 04:54:01,444 - INFO: 350 move(s) completed (145 accepted (41.4286 %)). Current N = 2095. Average N = 2098.271
2020-07-06 04:55:03,975 - INFO: 351 move(s) completed (145 accepted (41.3105 %)). Current N = 2095. Average N = 2098.262
2020-07-06 04:56:06,138 - INFO: 352 move(s) completed (146 accepted (41.4773 %)). Current N = 2094. Average N = 2098.250
2020-07-06 04:57:08,448 - INFO: 353 move(s) completed (147 accepted (41.6431 %)). Current N = 2095. Average N = 2098.241
2020-07-06 04:58:10,809 - INFO: 354 move(s) completed (147 accepted (41.5254 %)). Current N = 2095. Average N = 2098.232
2020-07-06 04:59:13,278 - INFO: 355 move(s) completed (147 accepted (41.4085 %)). Current N = 2095. Average N = 2098.222
2020-07-06 05:00:15,356 - INFO: 356 move(s) completed (147 accepted (41.2921 %)). Current N = 2095. Average N = 2098.213
2020-07-06 05:01:17,649 - INFO: 357 move(s) completed (147 accepted (41.1765 %)). Current N = 2095. Average N = 2098.204
2020-07-06 05:02:19,881 - INFO: 358 move(s) completed (148 accepted (41.3408 %)). Current N = 2096. Average N = 2098.198
2020-07-06 05:03:22,145 - INFO: 359 move(s) completed (149 accepted (41.5042 %)). Current N = 2095. Average N = 2098.189
2020-07-06 05:04:24,294 - INFO: 360 move(s) completed (149 accepted (41.3889 %)). Current N = 2095. Average N = 2098.181
2020-07-06 05:05:26,498 - INFO: 361 move(s) completed (149 accepted (41.2742 %)). Current N = 2095. Average N = 2098.172
2020-07-06 05:06:28,844 - INFO: 362 move(s) completed (150 accepted (41.4365 %)). Current N = 2094. Average N = 2098.160
2020-07-06 05:07:31,172 - INFO: 363 move(s) completed (150 accepted (41.3223 %)). Current N = 2094. Average N = 2098.149
2020-07-06 05:08:33,182 - INFO: 364 move(s) completed (150 accepted (41.2088 %)). Current N = 2094. Average N = 2098.137
2020-07-06 05:09:35,323 - INFO: 365 move(s) completed (150 accepted (41.0959 %)). Current N = 2094. Average N = 2098.126
2020-07-06 05:10:37,591 - INFO: 366 move(s) completed (151 accepted (41.2568 %)). Current N = 2093. Average N = 2098.112
2020-07-06 05:11:40,180 - INFO: 367 move(s) completed (152 accepted (41.4169 %)). Current N = 2092. Average N = 2098.095
2020-07-06 05:12:42,227 - INFO: 368 move(s) completed (152 accepted (41.3043 %)). Current N = 2092. Average N = 2098.079
2020-07-06 05:13:44,459 - INFO: 369 move(s) completed (153 accepted (41.4634 %)). Current N = 2093. Average N = 2098.065
2020-07-06 05:14:46,757 - INFO: 370 move(s) completed (154 accepted (41.6216 %)). Current N = 2092. Average N = 2098.049
2020-07-06 05:15:49,047 - INFO: 371 move(s) completed (154 accepted (41.5094 %)). Current N = 2092. Average N = 2098.032
2020-07-06 05:16:51,196 - INFO: 372 move(s) completed (154 accepted (41.3978 %)). Current N = 2092. Average N = 2098.016
2020-07-06 05:17:53,559 - INFO: 373 move(s) completed (154 accepted (41.2869 %)). Current N = 2092. Average N = 2098.000
2020-07-06 05:18:55,944 - INFO: 374 move(s) completed (154 accepted (41.1765 %)). Current N = 2092. Average N = 2097.984
2020-07-06 05:19:58,439 - INFO: 375 move(s) completed (154 accepted (41.0667 %)). Current N = 2092. Average N = 2097.968
2020-07-06 05:21:00,649 - INFO: 376 move(s) completed (154 accepted (40.9574 %)). Current N = 2092. Average N = 2097.952
2020-07-06 05:22:02,809 - INFO: 377 move(s) completed (154 accepted (40.8488 %)). Current N = 2092. Average N = 2097.936
2020-07-06 05:23:05,085 - INFO: 378 move(s) completed (154 accepted (40.7407 %)). Current N = 2092. Average N = 2097.921
2020-07-06 05:24:07,185 - INFO: 379 move(s) completed (155 accepted (40.8971 %)). Current N = 2093. Average N = 2097.908
2020-07-06 05:25:09,400 - INFO: 380 move(s) completed (155 accepted (40.7895 %)). Current N = 2093. Average N = 2097.895
2020-07-06 05:26:11,809 - INFO: 381 move(s) completed (156 accepted (40.9449 %)). Current N = 2094. Average N = 2097.885
2020-07-06 05:27:14,173 - INFO: 382 move(s) completed (157 accepted (41.0995 %)). Current N = 2093. Average N = 2097.872
2020-07-06 05:28:16,206 - INFO: 383 move(s) completed (157 accepted (40.9922 %)). Current N = 2093. Average N = 2097.859
2020-07-06 05:29:18,508 - INFO: 384 move(s) completed (158 accepted (41.1458 %)). Current N = 2092. Average N = 2097.844
2020-07-06 05:30:20,872 - INFO: 385 move(s) completed (158 accepted (41.0390 %)). Current N = 2092. Average N = 2097.829
2020-07-06 05:31:23,317 - INFO: 386 move(s) completed (158 accepted (40.9326 %)). Current N = 2092. Average N = 2097.814
2020-07-06 05:32:25,388 - INFO: 387 move(s) completed (158 accepted (40.8269 %)). Current N = 2092. Average N = 2097.798
2020-07-06 05:33:27,536 - INFO: 388 move(s) completed (159 accepted (40.9794 %)). Current N = 2093. Average N = 2097.786
2020-07-06 05:34:29,779 - INFO: 389 move(s) completed (159 accepted (40.8740 %)). Current N = 2093. Average N = 2097.774
2020-07-06 05:35:32,262 - INFO: 390 move(s) completed (159 accepted (40.7692 %)). Current N = 2093. Average N = 2097.762
2020-07-06 05:36:34,529 - INFO: 391 move(s) completed (159 accepted (40.6650 %)). Current N = 2093. Average N = 2097.749
2020-07-06 05:37:36,633 - INFO: 392 move(s) completed (160 accepted (40.8163 %)). Current N = 2092. Average N = 2097.735
2020-07-06 05:38:38,812 - INFO: 393 move(s) completed (161 accepted (40.9669 %)). Current N = 2093. Average N = 2097.723
2020-07-06 05:39:41,187 - INFO: 394 move(s) completed (162 accepted (41.1168 %)). Current N = 2094. Average N = 2097.713
2020-07-06 05:40:43,311 - INFO: 395 move(s) completed (162 accepted (41.0127 %)). Current N = 2094. Average N = 2097.704
2020-07-06 05:41:45,359 - INFO: 396 move(s) completed (163 accepted (41.1616 %)). Current N = 2093. Average N = 2097.692
2020-07-06 05:42:47,576 - INFO: 397 move(s) completed (164 accepted (41.3098 %)). Current N = 2092. Average N = 2097.678
2020-07-06 05:43:49,938 - INFO: 398 move(s) completed (164 accepted (41.2060 %)). Current N = 2092. Average N = 2097.663
2020-07-06 05:44:52,108 - INFO: 399 move(s) completed (165 accepted (41.3534 %)). Current N = 2091. Average N = 2097.647
2020-07-06 05:45:54,361 - INFO: 400 move(s) completed (165 accepted (41.2500 %)). Current N = 2091. Average N = 2097.630
2020-07-06 05:46:56,744 - INFO: 401 move(s) completed (165 accepted (41.1471 %)). Current N = 2091. Average N = 2097.613
2020-07-06 05:47:59,054 - INFO: 402 move(s) completed (165 accepted (41.0448 %)). Current N = 2091. Average N = 2097.597
2020-07-06 05:49:01,155 - INFO: 403 move(s) completed (165 accepted (40.9429 %)). Current N = 2091. Average N = 2097.581
2020-07-06 05:50:03,374 - INFO: 404 move(s) completed (166 accepted (41.0891 %)). Current N = 2092. Average N = 2097.567
2020-07-06 05:51:05,824 - INFO: 405 move(s) completed (167 accepted (41.2346 %)). Current N = 2093. Average N = 2097.556
2020-07-06 05:52:08,196 - INFO: 406 move(s) completed (167 accepted (41.1330 %)). Current N = 2093. Average N = 2097.544
2020-07-06 05:53:10,265 - INFO: 407 move(s) completed (167 accepted (41.0319 %)). Current N = 2093. Average N = 2097.533
2020-07-06 05:54:12,435 - INFO: 408 move(s) completed (167 accepted (40.9314 %)). Current N = 2093. Average N = 2097.522
2020-07-06 05:55:14,764 - INFO: 409 move(s) completed (167 accepted (40.8313 %)). Current N = 2093. Average N = 2097.511
2020-07-06 05:56:17,015 - INFO: 410 move(s) completed (168 accepted (40.9756 %)). Current N = 2094. Average N = 2097.502
2020-07-06 05:57:19,058 - INFO: 411 move(s) completed (169 accepted (41.1192 %)). Current N = 2093. Average N = 2097.492
2020-07-06 05:58:21,134 - INFO: 412 move(s) completed (170 accepted (41.2621 %)). Current N = 2092. Average N = 2097.478
2020-07-06 05:59:23,396 - INFO: 413 move(s) completed (170 accepted (41.1622 %)). Current N = 2092. Average N = 2097.465
2020-07-06 06:00:25,823 - INFO: 414 move(s) completed (170 accepted (41.0628 %)). Current N = 2092. Average N = 2097.452
2020-07-06 06:01:27,971 - INFO: 415 move(s) completed (170 accepted (40.9639 %)). Current N = 2092. Average N = 2097.439
2020-07-06 06:02:30,251 - INFO: 416 move(s) completed (170 accepted (40.8654 %)). Current N = 2092. Average N = 2097.425
2020-07-06 06:03:32,519 - INFO: 417 move(s) completed (170 accepted (40.7674 %)). Current N = 2092. Average N = 2097.412
2020-07-06 06:04:35,037 - INFO: 418 move(s) completed (170 accepted (40.6699 %)). Current N = 2092. Average N = 2097.399
2020-07-06 06:05:37,277 - INFO: 419 move(s) completed (170 accepted (40.5728 %)). Current N = 2092. Average N = 2097.387
2020-07-06 06:06:39,601 - INFO: 420 move(s) completed (170 accepted (40.4762 %)). Current N = 2092. Average N = 2097.374
2020-07-06 06:07:41,951 - INFO: 421 move(s) completed (170 accepted (40.3800 %)). Current N = 2092. Average N = 2097.361
2020-07-06 06:08:44,419 - INFO: 422 move(s) completed (170 accepted (40.2844 %)). Current N = 2092. Average N = 2097.348
2020-07-06 06:09:46,613 - INFO: 423 move(s) completed (171 accepted (40.4255 %)). Current N = 2091. Average N = 2097.333
2020-07-06 06:10:48,859 - INFO: 424 move(s) completed (171 accepted (40.3302 %)). Current N = 2091. Average N = 2097.318
2020-07-06 06:11:51,245 - INFO: 425 move(s) completed (172 accepted (40.4706 %)). Current N = 2092. Average N = 2097.306
2020-07-06 06:12:53,577 - INFO: 426 move(s) completed (172 accepted (40.3756 %)). Current N = 2092. Average N = 2097.293
2020-07-06 06:13:55,615 - INFO: 427 move(s) completed (172 accepted (40.2810 %)). Current N = 2092. Average N = 2097.281
2020-07-06 06:14:58,022 - INFO: 428 move(s) completed (173 accepted (40.4206 %)). Current N = 2093. Average N = 2097.271
2020-07-06 06:16:00,310 - INFO: 429 move(s) completed (173 accepted (40.3263 %)). Current N = 2093. Average N = 2097.261
2020-07-06 06:17:02,827 - INFO: 430 move(s) completed (174 accepted (40.4651 %)). Current N = 2094. Average N = 2097.253
2020-07-06 06:18:05,007 - INFO: 431 move(s) completed (174 accepted (40.3712 %)). Current N = 2094. Average N = 2097.246
2020-07-06 06:19:07,291 - INFO: 432 move(s) completed (174 accepted (40.2778 %)). Current N = 2094. Average N = 2097.238
2020-07-06 06:20:09,594 - INFO: 433 move(s) completed (175 accepted (40.4157 %)). Current N = 2093. Average N = 2097.229
2020-07-06 06:21:12,036 - INFO: 434 move(s) completed (175 accepted (40.3226 %)). Current N = 2093. Average N = 2097.219
2020-07-06 06:22:14,224 - INFO: 435 move(s) completed (176 accepted (40.4598 %)). Current N = 2094. Average N = 2097.211
2020-07-06 06:23:16,436 - INFO: 436 move(s) completed (177 accepted (40.5963 %)). Current N = 2095. Average N = 2097.206
2020-07-06 06:24:18,815 - INFO: 437 move(s) completed (177 accepted (40.5034 %)). Current N = 2095. Average N = 2097.201
2020-07-06 06:25:20,929 - INFO: 438 move(s) completed (178 accepted (40.6393 %)). Current N = 2096. Average N = 2097.199
2020-07-06 06:26:22,994 - INFO: 439 move(s) completed (178 accepted (40.5467 %)). Current N = 2096. Average N = 2097.196
2020-07-06 06:27:25,254 - INFO: 440 move(s) completed (179 accepted (40.6818 %)). Current N = 2097. Average N = 2097.195
2020-07-06 06:28:27,489 - INFO: 441 move(s) completed (179 accepted (40.5896 %)). Current N = 2097. Average N = 2097.195
2020-07-06 06:29:29,478 - INFO: 442 move(s) completed (179 accepted (40.4977 %)). Current N = 2097. Average N = 2097.195
2020-07-06 06:30:31,472 - INFO: 443 move(s) completed (179 accepted (40.4063 %)). Current N = 2097. Average N = 2097.194
2020-07-06 06:31:33,579 - INFO: 444 move(s) completed (179 accepted (40.3153 %)). Current N = 2097. Average N = 2097.194
2020-07-06 06:32:35,866 - INFO: 445 move(s) completed (180 accepted (40.4494 %)). Current N = 2098. Average N = 2097.195
2020-07-06 06:33:37,977 - INFO: 446 move(s) completed (180 accepted (40.3587 %)). Current N = 2098. Average N = 2097.197
2020-07-06 06:34:40,029 - INFO: 447 move(s) completed (181 accepted (40.4922 %)). Current N = 2097. Average N = 2097.197
2020-07-06 06:35:42,305 - INFO: 448 move(s) completed (182 accepted (40.6250 %)). Current N = 2098. Average N = 2097.199
2020-07-06 06:36:44,508 - INFO: 449 move(s) completed (183 accepted (40.7572 %)). Current N = 2097. Average N = 2097.198
2020-07-06 06:37:46,493 - INFO: 450 move(s) completed (184 accepted (40.8889 %)). Current N = 2098. Average N = 2097.200
2020-07-06 06:38:48,548 - INFO: 451 move(s) completed (185 accepted (41.0200 %)). Current N = 2099. Average N = 2097.204
2020-07-06 06:39:50,654 - INFO: 452 move(s) completed (186 accepted (41.1504 %)). Current N = 2098. Average N = 2097.206
2020-07-06 06:40:52,921 - INFO: 453 move(s) completed (187 accepted (41.2804 %)). Current N = 2097. Average N = 2097.205
2020-07-06 06:41:54,990 - INFO: 454 move(s) completed (188 accepted (41.4097 %)). Current N = 2096. Average N = 2097.203
2020-07-06 06:42:57,060 - INFO: 455 move(s) completed (189 accepted (41.5385 %)). Current N = 2095. Average N = 2097.198
2020-07-06 06:43:59,343 - INFO: 456 move(s) completed (189 accepted (41.4474 %)). Current N = 2095. Average N = 2097.193
2020-07-06 06:45:01,666 - INFO: 457 move(s) completed (189 accepted (41.3567 %)). Current N = 2095. Average N = 2097.188
2020-07-06 06:46:03,755 - INFO: 458 move(s) completed (189 accepted (41.2664 %)). Current N = 2095. Average N = 2097.183
2020-07-06 06:47:05,815 - INFO: 459 move(s) completed (189 accepted (41.1765 %)). Current N = 2095. Average N = 2097.179
2020-07-06 06:48:08,065 - INFO: 460 move(s) completed (190 accepted (41.3043 %)). Current N = 2096. Average N = 2097.176
2020-07-06 06:49:10,499 - INFO: 461 move(s) completed (190 accepted (41.2148 %)). Current N = 2096. Average N = 2097.173
2020-07-06 06:50:12,425 - INFO: 462 move(s) completed (191 accepted (41.3420 %)). Current N = 2095. Average N = 2097.169
2020-07-06 06:51:14,512 - INFO: 463 move(s) completed (191 accepted (41.2527 %)). Current N = 2095. Average N = 2097.164
2020-07-06 06:52:16,779 - INFO: 464 move(s) completed (192 accepted (41.3793 %)). Current N = 2094. Average N = 2097.157
2020-07-06 06:53:19,170 - INFO: 465 move(s) completed (192 accepted (41.2903 %)). Current N = 2094. Average N = 2097.151
2020-07-06 06:54:21,366 - INFO: 466 move(s) completed (192 accepted (41.2017 %)). Current N = 2094. Average N = 2097.144
2020-07-06 06:55:23,522 - INFO: 467 move(s) completed (192 accepted (41.1135 %)). Current N = 2094. Average N = 2097.137
2020-07-06 06:56:25,835 - INFO: 468 move(s) completed (193 accepted (41.2393 %)). Current N = 2095. Average N = 2097.133
2020-07-06 06:57:28,024 - INFO: 469 move(s) completed (193 accepted (41.1514 %)). Current N = 2095. Average N = 2097.128
2020-07-06 06:58:30,109 - INFO: 470 move(s) completed (193 accepted (41.0638 %)). Current N = 2095. Average N = 2097.123
2020-07-06 06:59:32,240 - INFO: 471 move(s) completed (193 accepted (40.9766 %)). Current N = 2095. Average N = 2097.119
2020-07-06 07:00:34,509 - INFO: 472 move(s) completed (193 accepted (40.8898 %)). Current N = 2095. Average N = 2097.114
2020-07-06 07:01:36,920 - INFO: 473 move(s) completed (193 accepted (40.8034 %)). Current N = 2095. Average N = 2097.110
2020-07-06 07:02:39,004 - INFO: 474 move(s) completed (193 accepted (40.7173 %)). Current N = 2095. Average N = 2097.106
2020-07-06 07:03:41,152 - INFO: 475 move(s) completed (193 accepted (40.6316 %)). Current N = 2095. Average N = 2097.101
2020-07-06 07:04:43,406 - INFO: 476 move(s) completed (194 accepted (40.7563 %)). Current N = 2096. Average N = 2097.099
2020-07-06 07:05:45,670 - INFO: 477 move(s) completed (194 accepted (40.6709 %)). Current N = 2096. Average N = 2097.096
2020-07-06 07:06:47,835 - INFO: 478 move(s) completed (194 accepted (40.5858 %)). Current N = 2096. Average N = 2097.094
2020-07-06 07:07:49,981 - INFO: 479 move(s) completed (195 accepted (40.7098 %)). Current N = 2097. Average N = 2097.094
2020-07-06 07:08:52,236 - INFO: 480 move(s) completed (195 accepted (40.6250 %)). Current N = 2097. Average N = 2097.094
2020-07-06 07:09:54,476 - INFO: 481 move(s) completed (195 accepted (40.5405 %)). Current N = 2097. Average N = 2097.094
2020-07-06 07:10:56,407 - INFO: 482 move(s) completed (196 accepted (40.6639 %)). Current N = 2096. Average N = 2097.091
2020-07-06 07:11:58,482 - INFO: 483 move(s) completed (196 accepted (40.5797 %)). Current N = 2096. Average N = 2097.089
2020-07-06 07:13:00,640 - INFO: 484 move(s) completed (197 accepted (40.7025 %)). Current N = 2095. Average N = 2097.085
2020-07-06 07:14:02,488 - INFO: 485 move(s) completed (197 accepted (40.6186 %)). Current N = 2095. Average N = 2097.080
2020-07-06 07:15:04,627 - INFO: 486 move(s) completed (197 accepted (40.5350 %)). Current N = 2095. Average N = 2097.076
2020-07-06 07:16:06,684 - INFO: 487 move(s) completed (197 accepted (40.4517 %)). Current N = 2095. Average N = 2097.072
2020-07-06 07:17:08,856 - INFO: 488 move(s) completed (197 accepted (40.3689 %)). Current N = 2095. Average N = 2097.068
2020-07-06 07:18:10,810 - INFO: 489 move(s) completed (197 accepted (40.2863 %)). Current N = 2095. Average N = 2097.063
2020-07-06 07:19:12,889 - INFO: 490 move(s) completed (198 accepted (40.4082 %)). Current N = 2094. Average N = 2097.057
2020-07-06 07:20:15,024 - INFO: 491 move(s) completed (198 accepted (40.3259 %)). Current N = 2094. Average N = 2097.051
2020-07-06 07:21:17,242 - INFO: 492 move(s) completed (199 accepted (40.4472 %)). Current N = 2093. Average N = 2097.043
2020-07-06 07:22:19,448 - INFO: 493 move(s) completed (200 accepted (40.5680 %)). Current N = 2094. Average N = 2097.037
2020-07-06 07:23:21,577 - INFO: 494 move(s) completed (200 accepted (40.4858 %)). Current N = 2094. Average N = 2097.030
2020-07-06 07:24:23,708 - INFO: 495 move(s) completed (201 accepted (40.6061 %)). Current N = 2095. Average N = 2097.026
2020-07-06 07:25:25,924 - INFO: 496 move(s) completed (201 accepted (40.5242 %)). Current N = 2095. Average N = 2097.022
2020-07-06 07:26:28,115 - INFO: 497 move(s) completed (201 accepted (40.4427 %)). Current N = 2095. Average N = 2097.018
2020-07-06 07:27:30,218 - INFO: 498 move(s) completed (202 accepted (40.5622 %)). Current N = 2096. Average N = 2097.016
2020-07-06 07:28:32,327 - INFO: 499 move(s) completed (203 accepted (40.6814 %)). Current N = 2097. Average N = 2097.016
2020-07-06 07:29:34,577 - INFO: 500 move(s) completed (203 accepted (40.6000 %)). Current N = 2097. Average N = 2097.016
2020-07-06 07:30:36,594 - INFO: 501 move(s) completed (204 accepted (40.7186 %)). Current N = 2096. Average N = 2097.014
2020-07-06 07:31:38,712 - INFO: 502 move(s) completed (204 accepted (40.6375 %)). Current N = 2096. Average N = 2097.012
2020-07-06 07:32:40,862 - INFO: 503 move(s) completed (204 accepted (40.5567 %)). Current N = 2096. Average N = 2097.010
2020-07-06 07:33:43,226 - INFO: 504 move(s) completed (204 accepted (40.4762 %)). Current N = 2096. Average N = 2097.008
2020-07-06 07:34:45,229 - INFO: 505 move(s) completed (204 accepted (40.3960 %)). Current N = 2096. Average N = 2097.006
2020-07-06 07:35:47,312 - INFO: 506 move(s) completed (204 accepted (40.3162 %)). Current N = 2096. Average N = 2097.004
2020-07-06 07:36:49,477 - INFO: 507 move(s) completed (204 accepted (40.2367 %)). Current N = 2096. Average N = 2097.002
2020-07-06 07:37:51,794 - INFO: 508 move(s) completed (204 accepted (40.1575 %)). Current N = 2096. Average N = 2097.000
2020-07-06 07:38:53,784 - INFO: 509 move(s) completed (205 accepted (40.2750 %)). Current N = 2095. Average N = 2096.996
2020-07-06 07:39:55,835 - INFO: 510 move(s) completed (206 accepted (40.3922 %)). Current N = 2094. Average N = 2096.990
2020-07-06 07:40:58,076 - INFO: 511 move(s) completed (207 accepted (40.5088 %)). Current N = 2095. Average N = 2096.986
2020-07-06 07:42:00,341 - INFO: 512 move(s) completed (207 accepted (40.4297 %)). Current N = 2095. Average N = 2096.982
2020-07-06 07:43:02,467 - INFO: 513 move(s) completed (208 accepted (40.5458 %)). Current N = 2096. Average N = 2096.981
2020-07-06 07:44:04,615 - INFO: 514 move(s) completed (209 accepted (40.6615 %)). Current N = 2095. Average N = 2096.977
2020-07-06 07:45:06,892 - INFO: 515 move(s) completed (210 accepted (40.7767 %)). Current N = 2094. Average N = 2096.971
2020-07-06 07:46:09,177 - INFO: 516 move(s) completed (211 accepted (40.8915 %)). Current N = 2093. Average N = 2096.963
2020-07-06 07:47:11,188 - INFO: 517 move(s) completed (212 accepted (41.0058 %)). Current N = 2092. Average N = 2096.954
2020-07-06 07:48:13,310 - INFO: 518 move(s) completed (212 accepted (40.9266 %)). Current N = 2092. Average N = 2096.944
2020-07-06 07:49:15,486 - INFO: 519 move(s) completed (212 accepted (40.8478 %)). Current N = 2092. Average N = 2096.934
2020-07-06 07:50:17,913 - INFO: 520 move(s) completed (213 accepted (40.9615 %)). Current N = 2091. Average N = 2096.923
2020-07-06 07:51:19,944 - INFO: 521 move(s) completed (214 accepted (41.0749 %)). Current N = 2092. Average N = 2096.914
2020-07-06 07:52:22,023 - INFO: 522 move(s) completed (214 accepted (40.9962 %)). Current N = 2092. Average N = 2096.904
2020-07-06 07:53:24,244 - INFO: 523 move(s) completed (214 accepted (40.9178 %)). Current N = 2092. Average N = 2096.895
2020-07-06 07:54:26,564 - INFO: 524 move(s) completed (215 accepted (41.0305 %)). Current N = 2093. Average N = 2096.887
2020-07-06 07:55:28,595 - INFO: 525 move(s) completed (215 accepted (40.9524 %)). Current N = 2093. Average N = 2096.880
2020-07-06 07:56:30,839 - INFO: 526 move(s) completed (215 accepted (40.8745 %)). Current N = 2093. Average N = 2096.873
2020-07-06 07:57:33,124 - INFO: 527 move(s) completed (215 accepted (40.7970 %)). Current N = 2093. Average N = 2096.865
2020-07-06 07:58:35,387 - INFO: 528 move(s) completed (215 accepted (40.7197 %)). Current N = 2093. Average N = 2096.858
2020-07-06 07:59:37,447 - INFO: 529 move(s) completed (215 accepted (40.6427 %)). Current N = 2093. Average N = 2096.851
2020-07-06 08:00:39,573 - INFO: 530 move(s) completed (215 accepted (40.5660 %)). Current N = 2093. Average N = 2096.843
2020-07-06 08:01:41,788 - INFO: 531 move(s) completed (215 accepted (40.4896 %)). Current N = 2093. Average N = 2096.836
2020-07-06 08:02:44,064 - INFO: 532 move(s) completed (215 accepted (40.4135 %)). Current N = 2093. Average N = 2096.829
2020-07-06 08:03:46,137 - INFO: 533 move(s) completed (215 accepted (40.3377 %)). Current N = 2093. Average N = 2096.822
2020-07-06 08:04:48,227 - INFO: 534 move(s) completed (215 accepted (40.2622 %)). Current N = 2093. Average N = 2096.815
2020-07-06 08:05:50,497 - INFO: 535 move(s) completed (216 accepted (40.3738 %)). Current N = 2094. Average N = 2096.809
2020-07-06 08:06:52,750 - INFO: 536 move(s) completed (217 accepted (40.4851 %)). Current N = 2093. Average N = 2096.802
2020-07-06 08:07:54,814 - INFO: 537 move(s) completed (218 accepted (40.5959 %)). Current N = 2092. Average N = 2096.793
2020-07-06 08:08:56,903 - INFO: 538 move(s) completed (219 accepted (40.7063 %)). Current N = 2091. Average N = 2096.782
2020-07-06 08:09:59,093 - INFO: 539 move(s) completed (219 accepted (40.6308 %)). Current N = 2091. Average N = 2096.772
2020-07-06 08:11:01,195 - INFO: 540 move(s) completed (220 accepted (40.7407 %)). Current N = 2092. Average N = 2096.763
2020-07-06 08:12:03,250 - INFO: 541 move(s) completed (220 accepted (40.6654 %)). Current N = 2092. Average N = 2096.754
2020-07-06 08:13:05,449 - INFO: 542 move(s) completed (221 accepted (40.7749 %)). Current N = 2091. Average N = 2096.744
2020-07-06 08:14:07,659 - INFO: 543 move(s) completed (222 accepted (40.8840 %)). Current N = 2090. Average N = 2096.731
2020-07-06 08:15:09,631 - INFO: 544 move(s) completed (222 accepted (40.8088 %)). Current N = 2090. Average N = 2096.719
2020-07-06 08:16:11,678 - INFO: 545 move(s) completed (223 accepted (40.9174 %)). Current N = 2091. Average N = 2096.708
2020-07-06 08:17:13,945 - INFO: 546 move(s) completed (224 accepted (41.0256 %)). Current N = 2090. Average N = 2096.696
2020-07-06 08:18:16,207 - INFO: 547 move(s) completed (224 accepted (40.9506 %)). Current N = 2090. Average N = 2096.684
2020-07-06 08:19:18,208 - INFO: 548 move(s) completed (224 accepted (40.8759 %)). Current N = 2090. Average N = 2096.671
2020-07-06 08:20:20,247 - INFO: 549 move(s) completed (224 accepted (40.8015 %)). Current N = 2090. Average N = 2096.659
2020-07-06 08:21:22,420 - INFO: 550 move(s) completed (225 accepted (40.9091 %)). Current N = 2091. Average N = 2096.649
2020-07-06 08:22:24,595 - INFO: 551 move(s) completed (226 accepted (41.0163 %)). Current N = 2092. Average N = 2096.641
2020-07-06 08:23:26,527 - INFO: 552 move(s) completed (226 accepted (40.9420 %)). Current N = 2092. Average N = 2096.632
2020-07-06 08:24:28,539 - INFO: 553 move(s) completed (226 accepted (40.8680 %)). Current N = 2092. Average N = 2096.624
2020-07-06 08:25:30,685 - INFO: 554 move(s) completed (226 accepted (40.7942 %)). Current N = 2092. Average N = 2096.615
2020-07-06 08:26:32,949 - INFO: 555 move(s) completed (226 accepted (40.7207 %)). Current N = 2092. Average N = 2096.607
2020-07-06 08:27:34,994 - INFO: 556 move(s) completed (226 accepted (40.6475 %)). Current N = 2092. Average N = 2096.599
2020-07-06 08:28:37,043 - INFO: 557 move(s) completed (227 accepted (40.7540 %)). Current N = 2091. Average N = 2096.589
2020-07-06 08:29:39,251 - INFO: 558 move(s) completed (227 accepted (40.6810 %)). Current N = 2091. Average N = 2096.579
2020-07-06 08:30:41,494 - INFO: 559 move(s) completed (228 accepted (40.7871 %)). Current N = 2092. Average N = 2096.571
2020-07-06 08:31:43,418 - INFO: 560 move(s) completed (228 accepted (40.7143 %)). Current N = 2092. Average N = 2096.562
2020-07-06 08:32:45,458 - INFO: 561 move(s) completed (228 accepted (40.6417 %)). Current N = 2092. Average N = 2096.554
2020-07-06 08:33:47,697 - INFO: 562 move(s) completed (228 accepted (40.5694 %)). Current N = 2092. Average N = 2096.546
2020-07-06 08:34:49,877 - INFO: 563 move(s) completed (229 accepted (40.6750 %)). Current N = 2093. Average N = 2096.540
2020-07-06 08:35:51,781 - INFO: 564 move(s) completed (230 accepted (40.7801 %)). Current N = 2094. Average N = 2096.535
2020-07-06 08:36:53,804 - INFO: 565 move(s) completed (231 accepted (40.8850 %)). Current N = 2093. Average N = 2096.529
2020-07-06 08:37:55,957 - INFO: 566 move(s) completed (231 accepted (40.8127 %)). Current N = 2093. Average N = 2096.523
2020-07-06 08:38:58,213 - INFO: 567 move(s) completed (231 accepted (40.7407 %)). Current N = 2093. Average N = 2096.517
2020-07-06 08:40:00,241 - INFO: 568 move(s) completed (231 accepted (40.6690 %)). Current N = 2093. Average N = 2096.511
2020-07-06 08:41:02,275 - INFO: 569 move(s) completed (231 accepted (40.5975 %)). Current N = 2093. Average N = 2096.504
2020-07-06 08:42:04,462 - INFO: 570 move(s) completed (231 accepted (40.5263 %)). Current N = 2093. Average N = 2096.498
2020-07-06 08:43:06,808 - INFO: 571 move(s) completed (231 accepted (40.4553 %)). Current N = 2093. Average N = 2096.492
2020-07-06 08:44:08,823 - INFO: 572 move(s) completed (232 accepted (40.5594 %)). Current N = 2092. Average N = 2096.484
2020-07-06 08:45:10,894 - INFO: 573 move(s) completed (233 accepted (40.6632 %)). Current N = 2093. Average N = 2096.478
2020-07-06 08:46:13,100 - INFO: 574 move(s) completed (234 accepted (40.7666 %)). Current N = 2094. Average N = 2096.474
2020-07-06 08:47:15,388 - INFO: 575 move(s) completed (234 accepted (40.6957 %)). Current N = 2094. Average N = 2096.470
2020-07-06 08:48:17,319 - INFO: 576 move(s) completed (234 accepted (40.6250 %)). Current N = 2094. Average N = 2096.465
2020-07-06 08:49:19,402 - INFO: 577 move(s) completed (234 accepted (40.5546 %)). Current N = 2094. Average N = 2096.461
2020-07-06 08:50:21,563 - INFO: 578 move(s) completed (234 accepted (40.4844 %)). Current N = 2094. Average N = 2096.457
2020-07-06 08:51:23,947 - INFO: 579 move(s) completed (234 accepted (40.4145 %)). Current N = 2094. Average N = 2096.452
2020-07-06 08:52:25,911 - INFO: 580 move(s) completed (235 accepted (40.5172 %)). Current N = 2093. Average N = 2096.447
2020-07-06 08:53:27,950 - INFO: 581 move(s) completed (235 accepted (40.4475 %)). Current N = 2093. Average N = 2096.441
2020-07-06 08:54:30,181 - INFO: 582 move(s) completed (235 accepted (40.3780 %)). Current N = 2093. Average N = 2096.435
2020-07-06 08:55:32,519 - INFO: 583 move(s) completed (235 accepted (40.3087 %)). Current N = 2093. Average N = 2096.429
2020-07-06 08:56:34,506 - INFO: 584 move(s) completed (235 accepted (40.2397 %)). Current N = 2093. Average N = 2096.423
2020-07-06 08:57:36,639 - INFO: 585 move(s) completed (235 accepted (40.1709 %)). Current N = 2093. Average N = 2096.417
2020-07-06 08:58:38,830 - INFO: 586 move(s) completed (236 accepted (40.2730 %)). Current N = 2094. Average N = 2096.413
2020-07-06 08:59:41,115 - INFO: 587 move(s) completed (237 accepted (40.3748 %)). Current N = 2095. Average N = 2096.411
2020-07-06 09:00:43,095 - INFO: 588 move(s) completed (237 accepted (40.3061 %)). Current N = 2095. Average N = 2096.408
2020-07-06 09:01:45,152 - INFO: 589 move(s) completed (237 accepted (40.2377 %)). Current N = 2095. Average N = 2096.406
2020-07-06 09:02:47,344 - INFO: 590 move(s) completed (238 accepted (40.3390 %)). Current N = 2096. Average N = 2096.405
2020-07-06 09:03:49,527 - INFO: 591 move(s) completed (238 accepted (40.2707 %)). Current N = 2096. Average N = 2096.404
2020-07-06 09:04:51,494 - INFO: 592 move(s) completed (238 accepted (40.2027 %)). Current N = 2096. Average N = 2096.404
2020-07-06 09:05:53,510 - INFO: 593 move(s) completed (238 accepted (40.1349 %)). Current N = 2096. Average N = 2096.403
2020-07-06 09:06:55,668 - INFO: 594 move(s) completed (238 accepted (40.0673 %)). Current N = 2096. Average N = 2096.402
2020-07-06 09:07:57,582 - INFO: 595 move(s) completed (238 accepted (40.0000 %)). Current N = 2096. Average N = 2096.402
2020-07-06 09:08:59,537 - INFO: 596 move(s) completed (239 accepted (40.1007 %)). Current N = 2097. Average N = 2096.403
2020-07-06 09:10:01,571 - INFO: 597 move(s) completed (240 accepted (40.2010 %)). Current N = 2098. Average N = 2096.405
2020-07-06 09:11:03,737 - INFO: 598 move(s) completed (241 accepted (40.3010 %)). Current N = 2097. Average N = 2096.406
2020-07-06 09:12:05,597 - INFO: 599 move(s) completed (242 accepted (40.4007 %)). Current N = 2096. Average N = 2096.406
2020-07-06 09:13:07,567 - INFO: 600 move(s) completed (242 accepted (40.3333 %)). Current N = 2096. Average N = 2096.405
2020-07-06 09:14:09,634 - INFO: 601 move(s) completed (242 accepted (40.2662 %)). Current N = 2096. Average N = 2096.404
2020-07-06 09:15:11,830 - INFO: 602 move(s) completed (243 accepted (40.3654 %)). Current N = 2097. Average N = 2096.405
2020-07-06 09:16:13,647 - INFO: 603 move(s) completed (243 accepted (40.2985 %)). Current N = 2097. Average N = 2096.406
2020-07-06 09:17:15,600 - INFO: 604 move(s) completed (244 accepted (40.3974 %)). Current N = 2096. Average N = 2096.406
2020-07-06 09:18:17,658 - INFO: 605 move(s) completed (244 accepted (40.3306 %)). Current N = 2096. Average N = 2096.405
2020-07-06 09:19:19,911 - INFO: 606 move(s) completed (244 accepted (40.2640 %)). Current N = 2096. Average N = 2096.404
2020-07-06 09:20:21,964 - INFO: 607 move(s) completed (244 accepted (40.1977 %)). Current N = 2096. Average N = 2096.404
2020-07-06 09:21:23,893 - INFO: 608 move(s) completed (245 accepted (40.2961 %)). Current N = 2097. Average N = 2096.405
2020-07-06 09:22:25,918 - INFO: 609 move(s) completed (245 accepted (40.2299 %)). Current N = 2097. Average N = 2096.406
2020-07-06 09:23:28,159 - INFO: 610 move(s) completed (245 accepted (40.1639 %)). Current N = 2097. Average N = 2096.407
2020-07-06 09:24:30,049 - INFO: 611 move(s) completed (246 accepted (40.2619 %)). Current N = 2098. Average N = 2096.409
2020-07-06 09:25:32,049 - INFO: 612 move(s) completed (246 accepted (40.1961 %)). Current N = 2098. Average N = 2096.412
2020-07-06 09:26:34,077 - INFO: 613 move(s) completed (246 accepted (40.1305 %)). Current N = 2098. Average N = 2096.414
2020-07-06 09:27:36,293 - INFO: 614 move(s) completed (247 accepted (40.2280 %)). Current N = 2099. Average N = 2096.419
2020-07-06 09:28:38,186 - INFO: 615 move(s) completed (248 accepted (40.3252 %)). Current N = 2098. Average N = 2096.421
2020-07-06 09:29:40,201 - INFO: 616 move(s) completed (249 accepted (40.4221 %)). Current N = 2099. Average N = 2096.425
2020-07-06 09:30:42,224 - INFO: 617 move(s) completed (250 accepted (40.5186 %)). Current N = 2098. Average N = 2096.428
2020-07-06 09:31:44,480 - INFO: 618 move(s) completed (251 accepted (40.6149 %)). Current N = 2097. Average N = 2096.429
2020-07-06 09:32:46,449 - INFO: 619 move(s) completed (251 accepted (40.5493 %)). Current N = 2097. Average N = 2096.430
2020-07-06 09:33:48,471 - INFO: 620 move(s) completed (251 accepted (40.4839 %)). Current N = 2097. Average N = 2096.431
2020-07-06 09:34:50,598 - INFO: 621 move(s) completed (251 accepted (40.4187 %)). Current N = 2097. Average N = 2096.432
2020-07-06 09:35:52,846 - INFO: 622 move(s) completed (251 accepted (40.3537 %)). Current N = 2097. Average N = 2096.432
2020-07-06 09:36:54,795 - INFO: 623 move(s) completed (252 accepted (40.4494 %)). Current N = 2098. Average N = 2096.435
2020-07-06 09:37:56,807 - INFO: 624 move(s) completed (253 accepted (40.5449 %)). Current N = 2097. Average N = 2096.436
2020-07-06 09:38:58,893 - INFO: 625 move(s) completed (254 accepted (40.6400 %)). Current N = 2098. Average N = 2096.438
2020-07-06 09:40:01,032 - INFO: 626 move(s) completed (255 accepted (40.7348 %)). Current N = 2099. Average N = 2096.443
2020-07-06 09:41:02,874 - INFO: 627 move(s) completed (255 accepted (40.6699 %)). Current N = 2099. Average N = 2096.447
2020-07-06 09:42:04,875 - INFO: 628 move(s) completed (255 accepted (40.6051 %)). Current N = 2099. Average N = 2096.451
2020-07-06 09:43:07,049 - INFO: 629 move(s) completed (255 accepted (40.5405 %)). Current N = 2099. Average N = 2096.455
2020-07-06 09:44:09,264 - INFO: 630 move(s) completed (255 accepted (40.4762 %)). Current N = 2099. Average N = 2096.459
2020-07-06 09:45:11,120 - INFO: 631 move(s) completed (255 accepted (40.4120 %)). Current N = 2099. Average N = 2096.463
2020-07-06 09:46:13,167 - INFO: 632 move(s) completed (255 accepted (40.3481 %)). Current N = 2099. Average N = 2096.467
2020-07-06 09:47:15,270 - INFO: 633 move(s) completed (256 accepted (40.4423 %)). Current N = 2100. Average N = 2096.472
2020-07-06 09:48:17,456 - INFO: 634 move(s) completed (256 accepted (40.3785 %)). Current N = 2100. Average N = 2096.478
2020-07-06 09:49:19,392 - INFO: 635 move(s) completed (256 accepted (40.3150 %)). Current N = 2100. Average N = 2096.483
2020-07-06 09:50:21,339 - INFO: 636 move(s) completed (257 accepted (40.4088 %)). Current N = 2099. Average N = 2096.487
2020-07-06 09:51:23,381 - INFO: 637 move(s) completed (257 accepted (40.3454 %)). Current N = 2099. Average N = 2096.491
2020-07-06 09:52:25,560 - INFO: 638 move(s) completed (258 accepted (40.4389 %)). Current N = 2100. Average N = 2096.497
2020-07-06 09:53:27,446 - INFO: 639 move(s) completed (258 accepted (40.3756 %)). Current N = 2100. Average N = 2096.502
2020-07-06 09:54:29,492 - INFO: 640 move(s) completed (258 accepted (40.3125 %)). Current N = 2100. Average N = 2096.508
2020-07-06 09:55:31,588 - INFO: 641 move(s) completed (258 accepted (40.2496 %)). Current N = 2100. Average N = 2096.513
2020-07-06 09:56:33,780 - INFO: 642 move(s) completed (258 accepted (40.1869 %)). Current N = 2100. Average N = 2096.519
2020-07-06 09:57:35,710 - INFO: 643 move(s) completed (258 accepted (40.1244 %)). Current N = 2100. Average N = 2096.524
2020-07-06 09:58:37,751 - INFO: 644 move(s) completed (259 accepted (40.2174 %)). Current N = 2099. Average N = 2096.528
2020-07-06 09:59:39,837 - INFO: 645 move(s) completed (260 accepted (40.3101 %)). Current N = 2100. Average N = 2096.533
2020-07-06 10:00:42,025 - INFO: 646 move(s) completed (260 accepted (40.2477 %)). Current N = 2100. Average N = 2096.539
2020-07-06 10:01:43,939 - INFO: 647 move(s) completed (261 accepted (40.3400 %)). Current N = 2101. Average N = 2096.546
2020-07-06 10:02:45,968 - INFO: 648 move(s) completed (261 accepted (40.2778 %)). Current N = 2101. Average N = 2096.552
2020-07-06 10:03:48,059 - INFO: 649 move(s) completed (261 accepted (40.2157 %)). Current N = 2101. Average N = 2096.559
2020-07-06 10:04:50,310 - INFO: 650 move(s) completed (262 accepted (40.3077 %)). Current N = 2102. Average N = 2096.568
2020-07-06 10:05:52,164 - INFO: 651 move(s) completed (262 accepted (40.2458 %)). Current N = 2102. Average N = 2096.576
2020-07-06 10:06:54,185 - INFO: 652 move(s) completed (262 accepted (40.1840 %)). Current N = 2102. Average N = 2096.584
2020-07-06 10:07:56,283 - INFO: 653 move(s) completed (263 accepted (40.2757 %)). Current N = 2101. Average N = 2096.591
2020-07-06 10:08:58,112 - INFO: 654 move(s) completed (264 accepted (40.3670 %)). Current N = 2100. Average N = 2096.596
2020-07-06 10:10:00,026 - INFO: 655 move(s) completed (264 accepted (40.3053 %)). Current N = 2100. Average N = 2096.602
2020-07-06 10:11:02,036 - INFO: 656 move(s) completed (265 accepted (40.3963 %)). Current N = 2101. Average N = 2096.608
2020-07-06 10:12:04,245 - INFO: 657 move(s) completed (266 accepted (40.4871 %)). Current N = 2102. Average N = 2096.616
2020-07-06 10:13:06,110 - INFO: 658 move(s) completed (266 accepted (40.4255 %)). Current N = 2102. Average N = 2096.625
2020-07-06 10:14:08,028 - INFO: 659 move(s) completed (266 accepted (40.3642 %)). Current N = 2102. Average N = 2096.633
2020-07-06 10:15:10,090 - INFO: 660 move(s) completed (266 accepted (40.3030 %)). Current N = 2102. Average N = 2096.641
2020-07-06 10:16:11,873 - INFO: 661 move(s) completed (266 accepted (40.2421 %)). Current N = 2102. Average N = 2096.649
2020-07-06 10:17:13,661 - INFO: 662 move(s) completed (267 accepted (40.3323 %)). Current N = 2103. Average N = 2096.659
2020-07-06 10:18:15,480 - INFO: 663 move(s) completed (267 accepted (40.2715 %)). Current N = 2103. Average N = 2096.668
2020-07-06 10:19:17,489 - INFO: 664 move(s) completed (267 accepted (40.2108 %)). Current N = 2103. Average N = 2096.678
2020-07-06 10:20:19,558 - INFO: 665 move(s) completed (268 accepted (40.3008 %)). Current N = 2104. Average N = 2096.689
2020-07-06 10:21:21,299 - INFO: 666 move(s) completed (269 accepted (40.3904 %)). Current N = 2105. Average N = 2096.701
2020-07-06 10:22:23,134 - INFO: 667 move(s) completed (269 accepted (40.3298 %)). Current N = 2105. Average N = 2096.714
2020-07-06 10:23:25,122 - INFO: 668 move(s) completed (269 accepted (40.2695 %)). Current N = 2105. Average N = 2096.726
2020-07-06 10:24:27,211 - INFO: 669 move(s) completed (269 accepted (40.2093 %)). Current N = 2105. Average N = 2096.738
2020-07-06 10:25:28,977 - INFO: 670 move(s) completed (269 accepted (40.1493 %)). Current N = 2105. Average N = 2096.751
2020-07-06 10:26:30,904 - INFO: 671 move(s) completed (270 accepted (40.2385 %)). Current N = 2106. Average N = 2096.765
2020-07-06 10:27:32,765 - INFO: 672 move(s) completed (270 accepted (40.1786 %)). Current N = 2106. Average N = 2096.778
2020-07-06 10:28:34,861 - INFO: 673 move(s) completed (270 accepted (40.1189 %)). Current N = 2106. Average N = 2096.792
2020-07-06 10:29:36,621 - INFO: 674 move(s) completed (270 accepted (40.0593 %)). Current N = 2106. Average N = 2096.806
2020-07-06 10:30:38,537 - INFO: 675 move(s) completed (270 accepted (40.0000 %)). Current N = 2106. Average N = 2096.819
2020-07-06 10:31:40,524 - INFO: 676 move(s) completed (271 accepted (40.0888 %)). Current N = 2107. Average N = 2096.834
2020-07-06 10:32:42,569 - INFO: 677 move(s) completed (272 accepted (40.1773 %)). Current N = 2108. Average N = 2096.851
2020-07-06 10:33:44,235 - INFO: 678 move(s) completed (272 accepted (40.1180 %)). Current N = 2108. Average N = 2096.867
2020-07-06 10:34:46,053 - INFO: 679 move(s) completed (272 accepted (40.0589 %)). Current N = 2108. Average N = 2096.884
2020-07-06 10:35:47,998 - INFO: 680 move(s) completed (272 accepted (40.0000 %)). Current N = 2108. Average N = 2096.900
2020-07-06 10:36:50,132 - INFO: 681 move(s) completed (272 accepted (39.9413 %)). Current N = 2108. Average N = 2096.916
2020-07-06 10:37:51,915 - INFO: 682 move(s) completed (273 accepted (40.0293 %)). Current N = 2109. Average N = 2096.934
2020-07-06 10:38:53,776 - INFO: 683 move(s) completed (274 accepted (40.1171 %)). Current N = 2110. Average N = 2096.953
2020-07-06 10:39:55,687 - INFO: 684 move(s) completed (274 accepted (40.0585 %)). Current N = 2110. Average N = 2096.972
2020-07-06 10:40:57,662 - INFO: 685 move(s) completed (274 accepted (40.0000 %)). Current N = 2110. Average N = 2096.991
2020-07-06 10:41:59,433 - INFO: 686 move(s) completed (274 accepted (39.9417 %)). Current N = 2110. Average N = 2097.010
2020-07-06 10:43:01,200 - INFO: 687 move(s) completed (274 accepted (39.8836 %)). Current N = 2110. Average N = 2097.029
2020-07-06 10:44:03,105 - INFO: 688 move(s) completed (274 accepted (39.8256 %)). Current N = 2110. Average N = 2097.048
2020-07-06 10:45:05,076 - INFO: 689 move(s) completed (275 accepted (39.9129 %)). Current N = 2109. Average N = 2097.065
2020-07-06 10:46:06,829 - INFO: 690 move(s) completed (275 accepted (39.8551 %)). Current N = 2109. Average N = 2097.083
2020-07-06 10:47:08,680 - INFO: 691 move(s) completed (275 accepted (39.7974 %)). Current N = 2109. Average N = 2097.100
2020-07-06 10:48:10,669 - INFO: 692 move(s) completed (276 accepted (39.8844 %)). Current N = 2110. Average N = 2097.119
2020-07-06 10:49:12,636 - INFO: 693 move(s) completed (277 accepted (39.9711 %)). Current N = 2111. Average N = 2097.139
2020-07-06 10:50:14,315 - INFO: 694 move(s) completed (277 accepted (39.9135 %)). Current N = 2111. Average N = 2097.159
2020-07-06 10:51:16,116 - INFO: 695 move(s) completed (277 accepted (39.8561 %)). Current N = 2111. Average N = 2097.178
2020-07-06 10:52:18,079 - INFO: 696 move(s) completed (277 accepted (39.7989 %)). Current N = 2111. Average N = 2097.198
