2021-03-24 21:58:42,312 - INFO: kT = 0.5921875708469466 kcal/mol
2021-03-24 21:58:47,496 - INFO: BaseGrandCanonicalMonteCarloSampler object initialised
2021-03-24 21:58:47,496 - INFO: GCMC sphere is based on reference atom IDs: [887, 1837]
2021-03-24 21:58:47,496 - INFO: GCMC sphere radius is 6 A
2021-03-24 21:58:47,497 - INFO: Simulating at an Adams (B) value of -6.888845176169922
2021-03-24 21:58:47,497 - INFO: GCMCSphereSampler object initialised
2021-03-24 21:58:47,497 - INFO: Each NCMC move will be executed over a total of 7.0 ps
2021-03-24 21:58:47,498 - INFO: NonequilibriumGCMCSphereSampler object initialised
2021-03-24 21:59:14,858 - INFO: 1 move(s) completed (0 accepted (0.0000 %)). Current N = 0. Average N = 0.000
2021-03-24 21:59:32,052 - INFO: Move rejected due to water leaving the GCMC sphere
2021-03-24 21:59:35,583 - INFO: 2 move(s) completed (0 accepted (0.0000 %)). Current N = 0. Average N = 0.000
2021-03-24 21:59:41,075 - INFO: 3 move(s) completed (0 accepted (0.0000 %)). Current N = 0. Average N = 0.000
2021-03-24 21:59:58,356 - INFO: Move rejected due to water leaving the GCMC sphere
2021-03-24 22:00:01,800 - INFO: 4 move(s) completed (0 accepted (0.0000 %)). Current N = 0. Average N = 0.000
2021-03-24 22:00:22,366 - INFO: 5 move(s) completed (0 accepted (0.0000 %)). Current N = 0. Average N = 0.000
2021-03-24 22:00:27,968 - INFO: 6 move(s) completed (0 accepted (0.0000 %)). Current N = 0. Average N = 0.000
2021-03-24 22:00:33,432 - INFO: 7 move(s) completed (0 accepted (0.0000 %)). Current N = 0. Average N = 0.000
2021-03-24 22:00:49,865 - INFO: Move rejected due to water leaving the GCMC sphere
2021-03-24 22:00:53,530 - INFO: 8 move(s) completed (0 accepted (0.0000 %)). Current N = 0. Average N = 0.000
2021-03-24 22:01:10,009 - INFO: Move rejected due to water leaving the GCMC sphere
2021-03-24 22:01:13,607 - INFO: 9 move(s) completed (0 accepted (0.0000 %)). Current N = 0. Average N = 0.000
2021-03-24 22:01:19,357 - INFO: 10 move(s) completed (0 accepted (0.0000 %)). Current N = 0. Average N = 0.000
2021-03-24 22:01:25,209 - INFO: 11 move(s) completed (0 accepted (0.0000 %)). Current N = 0. Average N = 0.000
2021-03-24 22:01:30,867 - INFO: 12 move(s) completed (0 accepted (0.0000 %)). Current N = 0. Average N = 0.000
2021-03-24 22:01:47,342 - INFO: Move rejected due to water leaving the GCMC sphere
2021-03-24 22:01:50,754 - INFO: 13 move(s) completed (0 accepted (0.0000 %)). Current N = 0. Average N = 0.000
2021-03-24 22:01:56,274 - INFO: 14 move(s) completed (0 accepted (0.0000 %)). Current N = 0. Average N = 0.000
2021-03-24 22:02:01,938 - INFO: 15 move(s) completed (0 accepted (0.0000 %)). Current N = 0. Average N = 0.000
2021-03-24 22:02:07,503 - INFO: 16 move(s) completed (0 accepted (0.0000 %)). Current N = 0. Average N = 0.000
2021-03-24 22:02:13,266 - INFO: 17 move(s) completed (0 accepted (0.0000 %)). Current N = 0. Average N = 0.000
2021-03-24 22:02:18,848 - INFO: 18 move(s) completed (0 accepted (0.0000 %)). Current N = 0. Average N = 0.000
2021-03-24 22:02:38,861 - INFO: 19 move(s) completed (0 accepted (0.0000 %)). Current N = 0. Average N = 0.000
2021-03-24 22:02:55,574 - INFO: Move rejected due to water leaving the GCMC sphere
2021-03-24 22:02:58,969 - INFO: 20 move(s) completed (0 accepted (0.0000 %)). Current N = 0. Average N = 0.000
2021-03-24 22:03:19,191 - INFO: 21 move(s) completed (0 accepted (0.0000 %)). Current N = 0. Average N = 0.000
2021-03-24 22:03:35,440 - INFO: Move rejected due to water leaving the GCMC sphere
2021-03-24 22:03:39,027 - INFO: 22 move(s) completed (0 accepted (0.0000 %)). Current N = 0. Average N = 0.000
2021-03-24 22:03:55,861 - INFO: Move rejected due to water leaving the GCMC sphere
2021-03-24 22:03:59,280 - INFO: 23 move(s) completed (0 accepted (0.0000 %)). Current N = 0. Average N = 0.000
2021-03-24 22:04:19,692 - INFO: 24 move(s) completed (0 accepted (0.0000 %)). Current N = 0. Average N = 0.000
2021-03-24 22:04:25,443 - INFO: 25 move(s) completed (0 accepted (0.0000 %)). Current N = 0. Average N = 0.000
2021-03-24 22:04:31,042 - INFO: 26 move(s) completed (0 accepted (0.0000 %)). Current N = 0. Average N = 0.000
2021-03-24 22:04:47,949 - INFO: Move rejected due to water leaving the GCMC sphere
2021-03-24 22:04:51,372 - INFO: 27 move(s) completed (0 accepted (0.0000 %)). Current N = 0. Average N = 0.000
2021-03-24 22:05:12,012 - INFO: 28 move(s) completed (1 accepted (3.5714 %)). Current N = 1. Average N = 0.036
2021-03-24 22:05:29,268 - INFO: Move rejected due to water leaving the GCMC sphere
2021-03-24 22:05:32,560 - INFO: 29 move(s) completed (1 accepted (3.4483 %)). Current N = 1. Average N = 0.069
2021-03-24 22:05:53,534 - INFO: 30 move(s) completed (1 accepted (3.3333 %)). Current N = 1. Average N = 0.100
2021-03-24 22:06:10,808 - INFO: Move rejected due to water leaving the GCMC sphere
2021-03-24 22:06:14,370 - INFO: 31 move(s) completed (1 accepted (3.2258 %)). Current N = 1. Average N = 0.129
2021-03-24 22:06:34,192 - INFO: 32 move(s) completed (1 accepted (3.1250 %)). Current N = 1. Average N = 0.156
2021-03-24 22:06:50,657 - INFO: Move rejected due to water leaving the GCMC sphere
2021-03-24 22:06:54,210 - INFO: 33 move(s) completed (1 accepted (3.0303 %)). Current N = 1. Average N = 0.182
2021-03-24 22:07:14,211 - INFO: 34 move(s) completed (1 accepted (2.9412 %)). Current N = 1. Average N = 0.206
2021-03-24 22:07:30,656 - INFO: Move rejected due to water leaving the GCMC sphere
2021-03-24 22:07:34,232 - INFO: 35 move(s) completed (1 accepted (2.8571 %)). Current N = 1. Average N = 0.229
2021-03-24 22:07:54,539 - INFO: 36 move(s) completed (1 accepted (2.7778 %)). Current N = 1. Average N = 0.250
2021-03-24 22:08:11,190 - INFO: Move rejected due to water leaving the GCMC sphere
2021-03-24 22:08:14,644 - INFO: 37 move(s) completed (1 accepted (2.7027 %)). Current N = 1. Average N = 0.270
2021-03-24 22:08:30,799 - INFO: Move rejected due to water leaving the GCMC sphere
2021-03-24 22:08:34,309 - INFO: 38 move(s) completed (1 accepted (2.6316 %)). Current N = 1. Average N = 0.289
2021-03-24 22:08:51,193 - INFO: Move rejected due to water leaving the GCMC sphere
2021-03-24 22:08:54,699 - INFO: 39 move(s) completed (1 accepted (2.5641 %)). Current N = 1. Average N = 0.308
2021-03-24 22:09:14,956 - INFO: 40 move(s) completed (1 accepted (2.5000 %)). Current N = 1. Average N = 0.325
2021-03-24 22:09:34,810 - INFO: 41 move(s) completed (1 accepted (2.4390 %)). Current N = 1. Average N = 0.342
2021-03-24 22:09:55,268 - INFO: 42 move(s) completed (1 accepted (2.3810 %)). Current N = 1. Average N = 0.357
2021-03-24 22:10:15,697 - INFO: 43 move(s) completed (1 accepted (2.3256 %)). Current N = 1. Average N = 0.372
2021-03-24 22:10:35,737 - INFO: 44 move(s) completed (1 accepted (2.2727 %)). Current N = 1. Average N = 0.386
2021-03-24 22:10:55,487 - INFO: 45 move(s) completed (1 accepted (2.2222 %)). Current N = 1. Average N = 0.400
2021-03-24 22:11:11,686 - INFO: Move rejected due to water leaving the GCMC sphere
2021-03-24 22:11:15,162 - INFO: 46 move(s) completed (1 accepted (2.1739 %)). Current N = 1. Average N = 0.413
2021-03-24 22:11:31,596 - INFO: Move rejected due to water leaving the GCMC sphere
2021-03-24 22:11:35,100 - INFO: 47 move(s) completed (1 accepted (2.1277 %)). Current N = 1. Average N = 0.425
2021-03-24 22:11:55,021 - INFO: 48 move(s) completed (1 accepted (2.0833 %)). Current N = 1. Average N = 0.438
2021-03-24 22:12:15,142 - INFO: 49 move(s) completed (1 accepted (2.0408 %)). Current N = 1. Average N = 0.449
2021-03-24 22:12:35,541 - INFO: 50 move(s) completed (1 accepted (2.0000 %)). Current N = 1. Average N = 0.460
2021-03-24 22:12:52,107 - INFO: Move rejected due to water leaving the GCMC sphere
2021-03-24 22:12:55,560 - INFO: 51 move(s) completed (1 accepted (1.9608 %)). Current N = 1. Average N = 0.471
2021-03-24 22:13:15,838 - INFO: 52 move(s) completed (1 accepted (1.9231 %)). Current N = 1. Average N = 0.481
2021-03-24 22:13:32,560 - INFO: Move rejected due to water leaving the GCMC sphere
2021-03-24 22:13:35,951 - INFO: 53 move(s) completed (1 accepted (1.8868 %)). Current N = 1. Average N = 0.491
2021-03-24 22:13:52,656 - INFO: Move rejected due to water leaving the GCMC sphere
2021-03-24 22:13:55,999 - INFO: 54 move(s) completed (1 accepted (1.8519 %)). Current N = 1. Average N = 0.500
2021-03-24 22:14:15,940 - INFO: 55 move(s) completed (1 accepted (1.8182 %)). Current N = 1. Average N = 0.509
2021-03-24 22:14:32,134 - INFO: Move rejected due to water leaving the GCMC sphere
2021-03-24 22:14:35,561 - INFO: 56 move(s) completed (1 accepted (1.7857 %)). Current N = 1. Average N = 0.518
2021-03-24 22:14:55,959 - INFO: 57 move(s) completed (1 accepted (1.7544 %)). Current N = 1. Average N = 0.526
2021-03-24 22:15:16,478 - INFO: 58 move(s) completed (1 accepted (1.7241 %)). Current N = 1. Average N = 0.534
2021-03-24 22:15:33,730 - INFO: Move rejected due to water leaving the GCMC sphere
2021-03-24 22:15:37,394 - INFO: 59 move(s) completed (1 accepted (1.6949 %)). Current N = 1. Average N = 0.542
2021-03-24 22:15:54,536 - INFO: Move rejected due to water leaving the GCMC sphere
2021-03-24 22:15:57,812 - INFO: 60 move(s) completed (1 accepted (1.6667 %)). Current N = 1. Average N = 0.550
2021-03-24 22:16:18,391 - INFO: 61 move(s) completed (1 accepted (1.6393 %)). Current N = 1. Average N = 0.557
2021-03-24 22:16:34,886 - INFO: Move rejected due to water leaving the GCMC sphere
2021-03-24 22:16:38,433 - INFO: 62 move(s) completed (1 accepted (1.6129 %)). Current N = 1. Average N = 0.565
2021-03-24 22:16:58,549 - INFO: 63 move(s) completed (1 accepted (1.5873 %)). Current N = 1. Average N = 0.571
2021-03-24 22:17:15,095 - INFO: Move rejected due to water leaving the GCMC sphere
2021-03-24 22:17:18,520 - INFO: 64 move(s) completed (1 accepted (1.5625 %)). Current N = 1. Average N = 0.578
2021-03-24 22:17:35,022 - INFO: Move rejected due to water leaving the GCMC sphere
2021-03-24 22:17:38,439 - INFO: 65 move(s) completed (1 accepted (1.5385 %)). Current N = 1. Average N = 0.585
2021-03-24 22:17:55,114 - INFO: Move rejected due to water leaving the GCMC sphere
2021-03-24 22:17:58,513 - INFO: 66 move(s) completed (1 accepted (1.5152 %)). Current N = 1. Average N = 0.591
2021-03-24 22:18:15,216 - INFO: Move rejected due to water leaving the GCMC sphere
2021-03-24 22:18:18,727 - INFO: 67 move(s) completed (1 accepted (1.4925 %)). Current N = 1. Average N = 0.597
2021-03-24 22:18:35,571 - INFO: Move rejected due to water leaving the GCMC sphere
2021-03-24 22:18:39,160 - INFO: 68 move(s) completed (1 accepted (1.4706 %)). Current N = 1. Average N = 0.603
2021-03-24 22:18:59,234 - INFO: 69 move(s) completed (1 accepted (1.4493 %)). Current N = 1. Average N = 0.609
2021-03-24 22:19:19,328 - INFO: 70 move(s) completed (1 accepted (1.4286 %)). Current N = 1. Average N = 0.614
2021-03-24 22:19:36,138 - INFO: Move rejected due to water leaving the GCMC sphere
2021-03-24 22:19:39,516 - INFO: 71 move(s) completed (1 accepted (1.4085 %)). Current N = 1. Average N = 0.620
2021-03-24 22:19:59,844 - INFO: 72 move(s) completed (1 accepted (1.3889 %)). Current N = 1. Average N = 0.625
2021-03-24 22:20:16,677 - INFO: Move rejected due to water leaving the GCMC sphere
2021-03-24 22:20:20,232 - INFO: 73 move(s) completed (1 accepted (1.3699 %)). Current N = 1. Average N = 0.630
2021-03-24 22:20:37,531 - INFO: Move rejected due to water leaving the GCMC sphere
2021-03-24 22:20:40,895 - INFO: 74 move(s) completed (1 accepted (1.3514 %)). Current N = 1. Average N = 0.635
2021-03-24 22:21:01,566 - INFO: 75 move(s) completed (1 accepted (1.3333 %)). Current N = 1. Average N = 0.640
2021-03-24 22:21:21,467 - INFO: 76 move(s) completed (1 accepted (1.3158 %)). Current N = 1. Average N = 0.645
2021-03-24 22:21:41,571 - INFO: 77 move(s) completed (1 accepted (1.2987 %)). Current N = 1. Average N = 0.649
2021-03-24 22:22:02,287 - INFO: 78 move(s) completed (1 accepted (1.2821 %)). Current N = 1. Average N = 0.654
2021-03-24 22:22:23,027 - INFO: 79 move(s) completed (1 accepted (1.2658 %)). Current N = 1. Average N = 0.658
2021-03-24 22:22:39,394 - INFO: Move rejected due to water leaving the GCMC sphere
2021-03-24 22:22:42,830 - INFO: 80 move(s) completed (1 accepted (1.2500 %)). Current N = 1. Average N = 0.662
2021-03-24 22:23:02,938 - INFO: 81 move(s) completed (1 accepted (1.2346 %)). Current N = 1. Average N = 0.667
2021-03-24 22:23:22,865 - INFO: 82 move(s) completed (1 accepted (1.2195 %)). Current N = 1. Average N = 0.671
2021-03-24 22:23:42,579 - INFO: 83 move(s) completed (1 accepted (1.2048 %)). Current N = 1. Average N = 0.675
2021-03-24 22:23:59,262 - INFO: Move rejected due to water leaving the GCMC sphere
2021-03-24 22:24:02,793 - INFO: 84 move(s) completed (1 accepted (1.1905 %)). Current N = 1. Average N = 0.679
2021-03-24 22:24:22,876 - INFO: 85 move(s) completed (1 accepted (1.1765 %)). Current N = 1. Average N = 0.682
2021-03-24 22:24:39,538 - INFO: Move rejected due to water leaving the GCMC sphere
2021-03-24 22:24:42,981 - INFO: 86 move(s) completed (1 accepted (1.1628 %)). Current N = 1. Average N = 0.686
2021-03-24 22:25:03,257 - INFO: 87 move(s) completed (1 accepted (1.1494 %)). Current N = 1. Average N = 0.690
2021-03-24 22:25:23,713 - INFO: 88 move(s) completed (1 accepted (1.1364 %)). Current N = 1. Average N = 0.693
2021-03-24 22:25:44,198 - INFO: 89 move(s) completed (1 accepted (1.1236 %)). Current N = 1. Average N = 0.697
2021-03-24 22:26:03,995 - INFO: 90 move(s) completed (1 accepted (1.1111 %)). Current N = 1. Average N = 0.700
2021-03-24 22:26:24,778 - INFO: 91 move(s) completed (1 accepted (1.0989 %)). Current N = 1. Average N = 0.703
2021-03-24 22:26:45,746 - INFO: 92 move(s) completed (1 accepted (1.0870 %)). Current N = 1. Average N = 0.707
2021-03-24 22:27:05,655 - INFO: 93 move(s) completed (1 accepted (1.0753 %)). Current N = 1. Average N = 0.710
2021-03-24 22:27:25,796 - INFO: 94 move(s) completed (1 accepted (1.0638 %)). Current N = 1. Average N = 0.713
2021-03-24 22:27:45,810 - INFO: 95 move(s) completed (1 accepted (1.0526 %)). Current N = 1. Average N = 0.716
2021-03-24 22:28:05,785 - INFO: 96 move(s) completed (1 accepted (1.0417 %)). Current N = 1. Average N = 0.719
2021-03-24 22:28:22,458 - INFO: Move rejected due to water leaving the GCMC sphere
2021-03-24 22:28:26,073 - INFO: 97 move(s) completed (1 accepted (1.0309 %)). Current N = 1. Average N = 0.722
2021-03-24 22:28:42,679 - INFO: Move rejected due to water leaving the GCMC sphere
2021-03-24 22:28:46,195 - INFO: 98 move(s) completed (1 accepted (1.0204 %)). Current N = 1. Average N = 0.725
2021-03-24 22:29:02,896 - INFO: Move rejected due to water leaving the GCMC sphere
2021-03-24 22:29:06,348 - INFO: 99 move(s) completed (1 accepted (1.0101 %)). Current N = 1. Average N = 0.727
2021-03-24 22:29:22,911 - INFO: Move rejected due to water leaving the GCMC sphere
2021-03-24 22:29:26,255 - INFO: 100 move(s) completed (1 accepted (1.0000 %)). Current N = 1. Average N = 0.730
2021-03-24 22:29:42,778 - INFO: Move rejected due to water leaving the GCMC sphere
2021-03-24 22:29:46,217 - INFO: 101 move(s) completed (1 accepted (0.9901 %)). Current N = 1. Average N = 0.733
2021-03-24 22:30:06,560 - INFO: 102 move(s) completed (1 accepted (0.9804 %)). Current N = 1. Average N = 0.735
2021-03-24 22:30:23,362 - INFO: Move rejected due to water leaving the GCMC sphere
2021-03-24 22:30:26,880 - INFO: 103 move(s) completed (1 accepted (0.9709 %)). Current N = 1. Average N = 0.738
2021-03-24 22:30:43,730 - INFO: Move rejected due to water leaving the GCMC sphere
2021-03-24 22:30:47,061 - INFO: 104 move(s) completed (1 accepted (0.9615 %)). Current N = 1. Average N = 0.740
2021-03-24 22:31:03,920 - INFO: Move rejected due to water leaving the GCMC sphere
2021-03-24 22:31:07,302 - INFO: 105 move(s) completed (1 accepted (0.9524 %)). Current N = 1. Average N = 0.743
2021-03-24 22:31:27,700 - INFO: 106 move(s) completed (1 accepted (0.9434 %)). Current N = 1. Average N = 0.745
2021-03-24 22:31:44,842 - INFO: Move rejected due to water leaving the GCMC sphere
2021-03-24 22:31:48,214 - INFO: 107 move(s) completed (1 accepted (0.9346 %)). Current N = 1. Average N = 0.748
2021-03-24 22:32:08,739 - INFO: 108 move(s) completed (1 accepted (0.9259 %)). Current N = 1. Average N = 0.750
2021-03-24 22:32:26,180 - INFO: Move rejected due to water leaving the GCMC sphere
2021-03-24 22:32:29,735 - INFO: 109 move(s) completed (1 accepted (0.9174 %)). Current N = 1. Average N = 0.752
2021-03-24 22:32:46,949 - INFO: Move rejected due to water leaving the GCMC sphere
2021-03-24 22:32:50,460 - INFO: 110 move(s) completed (1 accepted (0.9091 %)). Current N = 1. Average N = 0.754
2021-03-24 22:33:07,847 - INFO: Move rejected due to water leaving the GCMC sphere
2021-03-24 22:33:11,294 - INFO: 111 move(s) completed (1 accepted (0.9009 %)). Current N = 1. Average N = 0.757
2021-03-24 22:33:31,187 - INFO: 112 move(s) completed (1 accepted (0.8929 %)). Current N = 1. Average N = 0.759
2021-03-24 22:33:51,097 - INFO: 113 move(s) completed (1 accepted (0.8850 %)). Current N = 1. Average N = 0.761
2021-03-24 22:34:11,034 - INFO: 114 move(s) completed (1 accepted (0.8772 %)). Current N = 1. Average N = 0.763
2021-03-24 22:34:30,868 - INFO: 115 move(s) completed (1 accepted (0.8696 %)). Current N = 1. Average N = 0.765
2021-03-24 22:34:47,146 - INFO: Move rejected due to water leaving the GCMC sphere
2021-03-24 22:34:50,627 - INFO: 116 move(s) completed (1 accepted (0.8621 %)). Current N = 1. Average N = 0.767
2021-03-24 22:35:07,447 - INFO: Move rejected due to water leaving the GCMC sphere
2021-03-24 22:35:10,887 - INFO: 117 move(s) completed (1 accepted (0.8547 %)). Current N = 1. Average N = 0.769
2021-03-24 22:35:27,713 - INFO: Move rejected due to water leaving the GCMC sphere
2021-03-24 22:35:31,154 - INFO: 118 move(s) completed (1 accepted (0.8475 %)). Current N = 1. Average N = 0.771
2021-03-24 22:35:51,202 - INFO: 119 move(s) completed (1 accepted (0.8403 %)). Current N = 1. Average N = 0.773
2021-03-24 22:36:10,881 - INFO: 120 move(s) completed (1 accepted (0.8333 %)). Current N = 1. Average N = 0.775
2021-03-24 22:36:30,617 - INFO: 121 move(s) completed (1 accepted (0.8264 %)). Current N = 1. Average N = 0.777
2021-03-24 22:36:47,717 - INFO: Move rejected due to water leaving the GCMC sphere
2021-03-24 22:36:51,125 - INFO: 122 move(s) completed (1 accepted (0.8197 %)). Current N = 1. Average N = 0.779
2021-03-24 22:37:07,966 - INFO: Move rejected due to water leaving the GCMC sphere
2021-03-24 22:37:11,360 - INFO: 123 move(s) completed (1 accepted (0.8130 %)). Current N = 1. Average N = 0.780
2021-03-24 22:37:31,184 - INFO: 124 move(s) completed (1 accepted (0.8065 %)). Current N = 1. Average N = 0.782
2021-03-24 22:37:51,557 - INFO: 125 move(s) completed (1 accepted (0.8000 %)). Current N = 1. Average N = 0.784
2021-03-24 22:38:08,857 - INFO: Move rejected due to water leaving the GCMC sphere
2021-03-24 22:38:12,386 - INFO: 126 move(s) completed (1 accepted (0.7937 %)). Current N = 1. Average N = 0.786
2021-03-24 22:38:32,394 - INFO: 127 move(s) completed (1 accepted (0.7874 %)). Current N = 1. Average N = 0.787
2021-03-24 22:38:52,382 - INFO: 128 move(s) completed (1 accepted (0.7812 %)). Current N = 1. Average N = 0.789
2021-03-24 22:39:12,167 - INFO: 129 move(s) completed (1 accepted (0.7752 %)). Current N = 1. Average N = 0.791
2021-03-24 22:39:28,653 - INFO: Move rejected due to water leaving the GCMC sphere
2021-03-24 22:39:32,016 - INFO: 130 move(s) completed (1 accepted (0.7692 %)). Current N = 1. Average N = 0.792
2021-03-24 22:39:48,714 - INFO: Move rejected due to water leaving the GCMC sphere
2021-03-24 22:39:52,059 - INFO: 131 move(s) completed (1 accepted (0.7634 %)). Current N = 1. Average N = 0.794
2021-03-24 22:40:08,528 - INFO: Move rejected due to water leaving the GCMC sphere
2021-03-24 22:40:12,032 - INFO: 132 move(s) completed (1 accepted (0.7576 %)). Current N = 1. Average N = 0.795
2021-03-24 22:40:32,032 - INFO: 133 move(s) completed (1 accepted (0.7519 %)). Current N = 1. Average N = 0.797
2021-03-24 22:40:48,980 - INFO: Move rejected due to water leaving the GCMC sphere
2021-03-24 22:40:52,303 - INFO: 134 move(s) completed (1 accepted (0.7463 %)). Current N = 1. Average N = 0.798
2021-03-24 22:41:12,749 - INFO: 135 move(s) completed (1 accepted (0.7407 %)). Current N = 1. Average N = 0.800
2021-03-24 22:41:33,472 - INFO: 136 move(s) completed (1 accepted (0.7353 %)). Current N = 1. Average N = 0.801
2021-03-24 22:41:54,078 - INFO: 137 move(s) completed (1 accepted (0.7299 %)). Current N = 1. Average N = 0.803
2021-03-24 22:42:11,249 - INFO: Move rejected due to water leaving the GCMC sphere
2021-03-24 22:42:14,629 - INFO: 138 move(s) completed (1 accepted (0.7246 %)). Current N = 1. Average N = 0.804
2021-03-24 22:42:31,750 - INFO: Move rejected due to water leaving the GCMC sphere
2021-03-24 22:42:35,207 - INFO: 139 move(s) completed (1 accepted (0.7194 %)). Current N = 1. Average N = 0.806
2021-03-24 22:42:55,003 - INFO: 140 move(s) completed (1 accepted (0.7143 %)). Current N = 1. Average N = 0.807
2021-03-24 22:43:14,864 - INFO: 141 move(s) completed (1 accepted (0.7092 %)). Current N = 1. Average N = 0.808
2021-03-24 22:43:34,693 - INFO: 142 move(s) completed (1 accepted (0.7042 %)). Current N = 1. Average N = 0.810
2021-03-24 22:43:54,357 - INFO: 143 move(s) completed (1 accepted (0.6993 %)). Current N = 1. Average N = 0.811
2021-03-24 22:44:10,919 - INFO: Move rejected due to water leaving the GCMC sphere
2021-03-24 22:44:14,499 - INFO: 144 move(s) completed (1 accepted (0.6944 %)). Current N = 1. Average N = 0.812
2021-03-24 22:44:34,558 - INFO: 145 move(s) completed (1 accepted (0.6897 %)). Current N = 1. Average N = 0.814
2021-03-24 22:44:51,091 - INFO: Move rejected due to water leaving the GCMC sphere
2021-03-24 22:44:54,569 - INFO: 146 move(s) completed (1 accepted (0.6849 %)). Current N = 1. Average N = 0.815
2021-03-24 22:45:14,704 - INFO: 147 move(s) completed (1 accepted (0.6803 %)). Current N = 1. Average N = 0.816
2021-03-24 22:45:34,580 - INFO: 148 move(s) completed (1 accepted (0.6757 %)). Current N = 1. Average N = 0.818
2021-03-24 22:45:54,560 - INFO: 149 move(s) completed (1 accepted (0.6711 %)). Current N = 1. Average N = 0.819
2021-03-24 22:46:15,024 - INFO: 150 move(s) completed (1 accepted (0.6667 %)). Current N = 1. Average N = 0.820
2021-03-24 22:46:31,998 - INFO: Move rejected due to water leaving the GCMC sphere
2021-03-24 22:46:35,503 - INFO: 151 move(s) completed (1 accepted (0.6623 %)). Current N = 1. Average N = 0.821
2021-03-24 22:46:55,876 - INFO: 152 move(s) completed (1 accepted (0.6579 %)). Current N = 1. Average N = 0.822
2021-03-24 22:47:16,119 - INFO: 153 move(s) completed (1 accepted (0.6536 %)). Current N = 1. Average N = 0.824
2021-03-24 22:47:36,135 - INFO: 154 move(s) completed (1 accepted (0.6494 %)). Current N = 1. Average N = 0.825
2021-03-24 22:47:56,581 - INFO: 155 move(s) completed (1 accepted (0.6452 %)). Current N = 1. Average N = 0.826
2021-03-24 22:48:17,558 - INFO: 156 move(s) completed (1 accepted (0.6410 %)). Current N = 1. Average N = 0.827
2021-03-24 22:48:37,747 - INFO: 157 move(s) completed (1 accepted (0.6369 %)). Current N = 1. Average N = 0.828
2021-03-24 22:48:57,681 - INFO: 158 move(s) completed (1 accepted (0.6329 %)). Current N = 1. Average N = 0.829
2021-03-24 22:49:17,781 - INFO: 159 move(s) completed (1 accepted (0.6289 %)). Current N = 1. Average N = 0.830
2021-03-24 22:49:34,249 - INFO: Move rejected due to water leaving the GCMC sphere
2021-03-24 22:49:37,879 - INFO: 160 move(s) completed (1 accepted (0.6250 %)). Current N = 1. Average N = 0.831
2021-03-24 22:49:58,242 - INFO: 161 move(s) completed (1 accepted (0.6211 %)). Current N = 1. Average N = 0.832
2021-03-24 22:50:18,473 - INFO: 162 move(s) completed (1 accepted (0.6173 %)). Current N = 1. Average N = 0.833
2021-03-24 22:50:38,098 - INFO: 163 move(s) completed (1 accepted (0.6135 %)). Current N = 1. Average N = 0.834
2021-03-24 22:50:54,811 - INFO: Move rejected due to water leaving the GCMC sphere
2021-03-24 22:50:58,213 - INFO: 164 move(s) completed (1 accepted (0.6098 %)). Current N = 1. Average N = 0.835
2021-03-24 22:51:15,034 - INFO: Move rejected due to water leaving the GCMC sphere
2021-03-24 22:51:18,493 - INFO: 165 move(s) completed (1 accepted (0.6061 %)). Current N = 1. Average N = 0.836
2021-03-24 22:51:38,649 - INFO: 166 move(s) completed (1 accepted (0.6024 %)). Current N = 1. Average N = 0.837
2021-03-24 22:51:55,461 - INFO: Move rejected due to water leaving the GCMC sphere
2021-03-24 22:51:58,848 - INFO: 167 move(s) completed (1 accepted (0.5988 %)). Current N = 1. Average N = 0.838
2021-03-24 22:52:15,792 - INFO: Move rejected due to water leaving the GCMC sphere
2021-03-24 22:52:19,171 - INFO: 168 move(s) completed (1 accepted (0.5952 %)). Current N = 1. Average N = 0.839
2021-03-24 22:52:35,981 - INFO: Move rejected due to water leaving the GCMC sphere
2021-03-24 22:52:39,414 - INFO: 169 move(s) completed (1 accepted (0.5917 %)). Current N = 1. Average N = 0.840
2021-03-24 22:53:00,183 - INFO: 170 move(s) completed (1 accepted (0.5882 %)). Current N = 1. Average N = 0.841
2021-03-24 22:53:19,816 - INFO: 171 move(s) completed (1 accepted (0.5848 %)). Current N = 1. Average N = 0.842
2021-03-24 22:53:37,228 - INFO: Move rejected due to water leaving the GCMC sphere
2021-03-24 22:53:40,528 - INFO: 172 move(s) completed (1 accepted (0.5814 %)). Current N = 1. Average N = 0.843
2021-03-24 22:53:58,015 - INFO: Move rejected due to water leaving the GCMC sphere
2021-03-24 22:54:01,520 - INFO: 173 move(s) completed (1 accepted (0.5780 %)). Current N = 1. Average N = 0.844
2021-03-24 22:54:22,383 - INFO: 174 move(s) completed (1 accepted (0.5747 %)). Current N = 1. Average N = 0.845
2021-03-24 22:54:42,144 - INFO: 175 move(s) completed (1 accepted (0.5714 %)). Current N = 1. Average N = 0.846
2021-03-24 22:54:58,716 - INFO: Move rejected due to water leaving the GCMC sphere
2021-03-24 22:55:02,207 - INFO: 176 move(s) completed (1 accepted (0.5682 %)). Current N = 1. Average N = 0.847
2021-03-24 22:55:22,120 - INFO: 177 move(s) completed (1 accepted (0.5650 %)). Current N = 1. Average N = 0.848
2021-03-24 22:55:38,680 - INFO: Move rejected due to water leaving the GCMC sphere
2021-03-24 22:55:42,227 - INFO: 178 move(s) completed (1 accepted (0.5618 %)). Current N = 1. Average N = 0.848
2021-03-24 22:55:58,958 - INFO: Move rejected due to water leaving the GCMC sphere
2021-03-24 22:56:02,321 - INFO: 179 move(s) completed (1 accepted (0.5587 %)). Current N = 1. Average N = 0.849
2021-03-24 22:56:22,447 - INFO: 180 move(s) completed (1 accepted (0.5556 %)). Current N = 1. Average N = 0.850
2021-03-24 22:56:39,174 - INFO: Move rejected due to water leaving the GCMC sphere
2021-03-24 22:56:42,642 - INFO: 181 move(s) completed (1 accepted (0.5525 %)). Current N = 1. Average N = 0.851
2021-03-24 22:56:59,703 - INFO: Move rejected due to water leaving the GCMC sphere
2021-03-24 22:57:03,017 - INFO: 182 move(s) completed (1 accepted (0.5495 %)). Current N = 1. Average N = 0.852
2021-03-24 22:57:19,749 - INFO: Move rejected due to water leaving the GCMC sphere
2021-03-24 22:57:23,077 - INFO: 183 move(s) completed (1 accepted (0.5464 %)). Current N = 1. Average N = 0.853
2021-03-24 22:57:43,425 - INFO: 184 move(s) completed (1 accepted (0.5435 %)). Current N = 1. Average N = 0.853
2021-03-24 22:58:03,904 - INFO: 185 move(s) completed (1 accepted (0.5405 %)). Current N = 1. Average N = 0.854
2021-03-24 22:58:24,165 - INFO: 186 move(s) completed (1 accepted (0.5376 %)). Current N = 1. Average N = 0.855
2021-03-24 22:58:41,587 - INFO: Move rejected due to water leaving the GCMC sphere
2021-03-24 22:58:45,200 - INFO: 187 move(s) completed (1 accepted (0.5348 %)). Current N = 1. Average N = 0.856
2021-03-24 22:59:05,845 - INFO: 188 move(s) completed (1 accepted (0.5319 %)). Current N = 1. Average N = 0.856
2021-03-24 22:59:22,285 - INFO: Move rejected due to water leaving the GCMC sphere
2021-03-24 22:59:25,917 - INFO: 189 move(s) completed (1 accepted (0.5291 %)). Current N = 1. Average N = 0.857
2021-03-24 22:59:43,212 - INFO: Move rejected due to water leaving the GCMC sphere
2021-03-24 22:59:46,649 - INFO: 190 move(s) completed (1 accepted (0.5263 %)). Current N = 1. Average N = 0.858
2021-03-24 23:00:06,698 - INFO: 191 move(s) completed (1 accepted (0.5236 %)). Current N = 1. Average N = 0.859
2021-03-24 23:00:26,624 - INFO: 192 move(s) completed (1 accepted (0.5208 %)). Current N = 1. Average N = 0.859
2021-03-24 23:00:46,365 - INFO: 193 move(s) completed (1 accepted (0.5181 %)). Current N = 1. Average N = 0.860
2021-03-24 23:01:06,331 - INFO: 194 move(s) completed (1 accepted (0.5155 %)). Current N = 1. Average N = 0.861
2021-03-24 23:01:25,985 - INFO: 195 move(s) completed (1 accepted (0.5128 %)). Current N = 1. Average N = 0.862
2021-03-24 23:01:45,991 - INFO: 196 move(s) completed (1 accepted (0.5102 %)). Current N = 1. Average N = 0.862
2021-03-24 23:02:02,664 - INFO: Move rejected due to water leaving the GCMC sphere
2021-03-24 23:02:06,241 - INFO: 197 move(s) completed (1 accepted (0.5076 %)). Current N = 1. Average N = 0.863
2021-03-24 23:02:26,487 - INFO: 198 move(s) completed (1 accepted (0.5051 %)). Current N = 1. Average N = 0.864
2021-03-24 23:02:43,447 - INFO: Move rejected due to water leaving the GCMC sphere
2021-03-24 23:02:46,848 - INFO: 199 move(s) completed (1 accepted (0.5025 %)). Current N = 1. Average N = 0.864
2021-03-24 23:03:07,167 - INFO: 200 move(s) completed (1 accepted (0.5000 %)). Current N = 1. Average N = 0.865
2021-03-24 23:03:26,805 - INFO: 201 move(s) completed (1 accepted (0.4975 %)). Current N = 1. Average N = 0.866
2021-03-24 23:03:46,624 - INFO: 202 move(s) completed (1 accepted (0.4950 %)). Current N = 1. Average N = 0.866
2021-03-24 23:04:06,605 - INFO: 203 move(s) completed (1 accepted (0.4926 %)). Current N = 1. Average N = 0.867
2021-03-24 23:04:23,695 - INFO: Move rejected due to water leaving the GCMC sphere
2021-03-24 23:04:27,149 - INFO: 204 move(s) completed (1 accepted (0.4902 %)). Current N = 1. Average N = 0.868
2021-03-24 23:04:44,136 - INFO: Move rejected due to water leaving the GCMC sphere
2021-03-24 23:04:47,472 - INFO: 205 move(s) completed (1 accepted (0.4878 %)). Current N = 1. Average N = 0.868
2021-03-24 23:05:04,891 - INFO: Move rejected due to water leaving the GCMC sphere
2021-03-24 23:05:08,194 - INFO: 206 move(s) completed (1 accepted (0.4854 %)). Current N = 1. Average N = 0.869
2021-03-24 23:05:27,909 - INFO: 207 move(s) completed (1 accepted (0.4831 %)). Current N = 1. Average N = 0.870
2021-03-24 23:05:47,745 - INFO: 208 move(s) completed (1 accepted (0.4808 %)). Current N = 1. Average N = 0.870
2021-03-24 23:06:07,448 - INFO: 209 move(s) completed (1 accepted (0.4785 %)). Current N = 1. Average N = 0.871
2021-03-24 23:06:23,984 - INFO: Move rejected due to water leaving the GCMC sphere
2021-03-24 23:06:27,404 - INFO: 210 move(s) completed (1 accepted (0.4762 %)). Current N = 1. Average N = 0.871
2021-03-24 23:06:47,367 - INFO: 211 move(s) completed (1 accepted (0.4739 %)). Current N = 1. Average N = 0.872
2021-03-24 23:07:07,405 - INFO: 212 move(s) completed (1 accepted (0.4717 %)). Current N = 1. Average N = 0.873
2021-03-24 23:07:23,994 - INFO: Move rejected due to water leaving the GCMC sphere
2021-03-24 23:07:27,436 - INFO: 213 move(s) completed (1 accepted (0.4695 %)). Current N = 1. Average N = 0.873
2021-03-24 23:07:47,830 - INFO: 214 move(s) completed (1 accepted (0.4673 %)). Current N = 1. Average N = 0.874
2021-03-24 23:08:08,100 - INFO: 215 move(s) completed (1 accepted (0.4651 %)). Current N = 1. Average N = 0.874
2021-03-24 23:08:27,935 - INFO: 216 move(s) completed (1 accepted (0.4630 %)). Current N = 1. Average N = 0.875
2021-03-24 23:08:48,332 - INFO: 217 move(s) completed (1 accepted (0.4608 %)). Current N = 1. Average N = 0.876
2021-03-24 23:09:05,607 - INFO: Move rejected due to water leaving the GCMC sphere
2021-03-24 23:09:09,100 - INFO: 218 move(s) completed (1 accepted (0.4587 %)). Current N = 1. Average N = 0.876
2021-03-24 23:09:29,929 - INFO: 219 move(s) completed (1 accepted (0.4566 %)). Current N = 1. Average N = 0.877
2021-03-24 23:09:49,833 - INFO: 220 move(s) completed (1 accepted (0.4545 %)). Current N = 1. Average N = 0.877
2021-03-24 23:10:09,561 - INFO: 221 move(s) completed (1 accepted (0.4525 %)). Current N = 1. Average N = 0.878
2021-03-24 23:10:29,497 - INFO: 222 move(s) completed (1 accepted (0.4505 %)). Current N = 1. Average N = 0.878
2021-03-24 23:10:49,613 - INFO: 223 move(s) completed (1 accepted (0.4484 %)). Current N = 1. Average N = 0.879
2021-03-24 23:11:06,364 - INFO: Move rejected due to water leaving the GCMC sphere
2021-03-24 23:11:09,938 - INFO: 224 move(s) completed (1 accepted (0.4464 %)). Current N = 1. Average N = 0.879
2021-03-24 23:11:29,811 - INFO: 225 move(s) completed (1 accepted (0.4444 %)). Current N = 1. Average N = 0.880
2021-03-24 23:11:49,839 - INFO: 226 move(s) completed (1 accepted (0.4425 %)). Current N = 1. Average N = 0.880
2021-03-24 23:12:10,268 - INFO: 227 move(s) completed (1 accepted (0.4405 %)). Current N = 1. Average N = 0.881
2021-03-24 23:12:30,684 - INFO: 228 move(s) completed (1 accepted (0.4386 %)). Current N = 1. Average N = 0.882
2021-03-24 23:12:50,934 - INFO: 229 move(s) completed (1 accepted (0.4367 %)). Current N = 1. Average N = 0.882
2021-03-24 23:13:07,748 - INFO: Move rejected due to water leaving the GCMC sphere
2021-03-24 23:13:11,190 - INFO: 230 move(s) completed (1 accepted (0.4348 %)). Current N = 1. Average N = 0.883
2021-03-24 23:13:31,341 - INFO: 231 move(s) completed (1 accepted (0.4329 %)). Current N = 1. Average N = 0.883
2021-03-24 23:13:48,218 - INFO: Move rejected due to water leaving the GCMC sphere
2021-03-24 23:13:51,647 - INFO: 232 move(s) completed (1 accepted (0.4310 %)). Current N = 1. Average N = 0.884
2021-03-24 23:14:11,981 - INFO: 233 move(s) completed (1 accepted (0.4292 %)). Current N = 1. Average N = 0.884
2021-03-24 23:14:31,804 - INFO: 234 move(s) completed (1 accepted (0.4274 %)). Current N = 1. Average N = 0.885
2021-03-24 23:14:51,475 - INFO: 235 move(s) completed (1 accepted (0.4255 %)). Current N = 1. Average N = 0.885
2021-03-24 23:15:11,459 - INFO: 236 move(s) completed (1 accepted (0.4237 %)). Current N = 1. Average N = 0.886
2021-03-24 23:15:27,877 - INFO: Move rejected due to water leaving the GCMC sphere
2021-03-24 23:15:31,360 - INFO: 237 move(s) completed (1 accepted (0.4219 %)). Current N = 1. Average N = 0.886
2021-03-24 23:15:51,162 - INFO: 238 move(s) completed (1 accepted (0.4202 %)). Current N = 1. Average N = 0.887
2021-03-24 23:16:10,970 - INFO: 239 move(s) completed (1 accepted (0.4184 %)). Current N = 1. Average N = 0.887
2021-03-24 23:16:27,384 - INFO: Move rejected due to water leaving the GCMC sphere
2021-03-24 23:16:30,688 - INFO: 240 move(s) completed (1 accepted (0.4167 %)). Current N = 1. Average N = 0.887
2021-03-24 23:16:47,250 - INFO: Move rejected due to water leaving the GCMC sphere
2021-03-24 23:16:50,760 - INFO: 241 move(s) completed (1 accepted (0.4149 %)). Current N = 1. Average N = 0.888
2021-03-24 23:17:07,248 - INFO: Move rejected due to water leaving the GCMC sphere
2021-03-24 23:17:10,769 - INFO: 242 move(s) completed (1 accepted (0.4132 %)). Current N = 1. Average N = 0.888
2021-03-24 23:17:30,837 - INFO: 243 move(s) completed (1 accepted (0.4115 %)). Current N = 1. Average N = 0.889
2021-03-24 23:17:47,637 - INFO: Move rejected due to water leaving the GCMC sphere
2021-03-24 23:17:51,132 - INFO: 244 move(s) completed (1 accepted (0.4098 %)). Current N = 1. Average N = 0.889
2021-03-24 23:18:11,155 - INFO: 245 move(s) completed (1 accepted (0.4082 %)). Current N = 1. Average N = 0.890
2021-03-24 23:18:31,581 - INFO: 246 move(s) completed (1 accepted (0.4065 %)). Current N = 1. Average N = 0.890
2021-03-24 23:18:52,062 - INFO: 247 move(s) completed (1 accepted (0.4049 %)). Current N = 1. Average N = 0.891
2021-03-24 23:19:09,475 - INFO: Move rejected due to water leaving the GCMC sphere
2021-03-24 23:19:12,845 - INFO: 248 move(s) completed (1 accepted (0.4032 %)). Current N = 1. Average N = 0.891
2021-03-24 23:19:33,678 - INFO: 249 move(s) completed (1 accepted (0.4016 %)). Current N = 1. Average N = 0.892
2021-03-24 23:19:53,419 - INFO: 250 move(s) completed (1 accepted (0.4000 %)). Current N = 1. Average N = 0.892
2021-03-24 23:20:10,007 - INFO: Move rejected due to water leaving the GCMC sphere
2021-03-24 23:20:13,318 - INFO: 251 move(s) completed (1 accepted (0.3984 %)). Current N = 1. Average N = 0.892
2021-03-24 23:20:34,203 - INFO: 252 move(s) completed (1 accepted (0.3968 %)). Current N = 1. Average N = 0.893
2021-03-24 23:20:54,893 - INFO: 253 move(s) completed (1 accepted (0.3953 %)). Current N = 1. Average N = 0.893
2021-03-24 23:21:11,307 - INFO: Move rejected due to water leaving the GCMC sphere
2021-03-24 23:21:14,765 - INFO: 254 move(s) completed (1 accepted (0.3937 %)). Current N = 1. Average N = 0.894
2021-03-24 23:21:34,555 - INFO: 255 move(s) completed (1 accepted (0.3922 %)). Current N = 1. Average N = 0.894
2021-03-24 23:21:51,004 - INFO: Move rejected due to water leaving the GCMC sphere
2021-03-24 23:21:54,496 - INFO: 256 move(s) completed (1 accepted (0.3906 %)). Current N = 1. Average N = 0.894
2021-03-24 23:22:10,866 - INFO: Move rejected due to water leaving the GCMC sphere
2021-03-24 23:22:14,432 - INFO: 257 move(s) completed (1 accepted (0.3891 %)). Current N = 1. Average N = 0.895
2021-03-24 23:22:30,846 - INFO: Move rejected due to water leaving the GCMC sphere
2021-03-24 23:22:34,323 - INFO: 258 move(s) completed (1 accepted (0.3876 %)). Current N = 1. Average N = 0.895
2021-03-24 23:22:54,712 - INFO: 259 move(s) completed (1 accepted (0.3861 %)). Current N = 1. Average N = 0.896
2021-03-24 23:23:14,814 - INFO: 260 move(s) completed (1 accepted (0.3846 %)). Current N = 1. Average N = 0.896
2021-03-24 23:23:35,064 - INFO: 261 move(s) completed (1 accepted (0.3831 %)). Current N = 1. Average N = 0.897
2021-03-24 23:23:55,180 - INFO: 262 move(s) completed (1 accepted (0.3817 %)). Current N = 1. Average N = 0.897
2021-03-24 23:24:14,821 - INFO: 263 move(s) completed (1 accepted (0.3802 %)). Current N = 1. Average N = 0.897
2021-03-24 23:24:35,258 - INFO: 264 move(s) completed (1 accepted (0.3788 %)). Current N = 1. Average N = 0.898
2021-03-24 23:24:52,174 - INFO: Move rejected due to water leaving the GCMC sphere
2021-03-24 23:24:55,572 - INFO: 265 move(s) completed (1 accepted (0.3774 %)). Current N = 1. Average N = 0.898
2021-03-24 23:25:16,084 - INFO: 266 move(s) completed (1 accepted (0.3759 %)). Current N = 1. Average N = 0.898
2021-03-24 23:25:32,571 - INFO: Move rejected due to water leaving the GCMC sphere
2021-03-24 23:25:35,963 - INFO: 267 move(s) completed (1 accepted (0.3745 %)). Current N = 1. Average N = 0.899
2021-03-24 23:25:53,184 - INFO: Move rejected due to water leaving the GCMC sphere
2021-03-24 23:25:56,553 - INFO: 268 move(s) completed (1 accepted (0.3731 %)). Current N = 1. Average N = 0.899
2021-03-24 23:26:13,664 - INFO: Move rejected due to water leaving the GCMC sphere
2021-03-24 23:26:17,097 - INFO: 269 move(s) completed (1 accepted (0.3717 %)). Current N = 1. Average N = 0.900
2021-03-24 23:26:36,930 - INFO: 270 move(s) completed (1 accepted (0.3704 %)). Current N = 1. Average N = 0.900
2021-03-24 23:26:53,591 - INFO: Move rejected due to water leaving the GCMC sphere
2021-03-24 23:26:57,138 - INFO: 271 move(s) completed (1 accepted (0.3690 %)). Current N = 1. Average N = 0.900
2021-03-24 23:27:13,693 - INFO: Move rejected due to water leaving the GCMC sphere
2021-03-24 23:27:17,308 - INFO: 272 move(s) completed (1 accepted (0.3676 %)). Current N = 1. Average N = 0.901
2021-03-24 23:27:37,326 - INFO: 273 move(s) completed (1 accepted (0.3663 %)). Current N = 1. Average N = 0.901
2021-03-24 23:27:57,266 - INFO: 274 move(s) completed (1 accepted (0.3650 %)). Current N = 1. Average N = 0.901
2021-03-24 23:28:17,416 - INFO: 275 move(s) completed (1 accepted (0.3636 %)). Current N = 1. Average N = 0.902
2021-03-24 23:28:34,296 - INFO: Move rejected due to water leaving the GCMC sphere
2021-03-24 23:28:37,804 - INFO: 276 move(s) completed (1 accepted (0.3623 %)). Current N = 1. Average N = 0.902
2021-03-24 23:28:58,112 - INFO: 277 move(s) completed (1 accepted (0.3610 %)). Current N = 1. Average N = 0.902
2021-03-24 23:29:14,588 - INFO: Move rejected due to water leaving the GCMC sphere
2021-03-24 23:29:18,147 - INFO: 278 move(s) completed (1 accepted (0.3597 %)). Current N = 1. Average N = 0.903
2021-03-24 23:29:38,161 - INFO: 279 move(s) completed (1 accepted (0.3584 %)). Current N = 1. Average N = 0.903
2021-03-24 23:29:55,109 - INFO: Move rejected due to water leaving the GCMC sphere
2021-03-24 23:29:58,572 - INFO: 280 move(s) completed (1 accepted (0.3571 %)). Current N = 1. Average N = 0.904
2021-03-24 23:30:15,718 - INFO: Move rejected due to water leaving the GCMC sphere
2021-03-24 23:30:19,025 - INFO: 281 move(s) completed (1 accepted (0.3559 %)). Current N = 1. Average N = 0.904
2021-03-24 23:30:39,475 - INFO: 282 move(s) completed (1 accepted (0.3546 %)). Current N = 1. Average N = 0.904
2021-03-24 23:31:00,135 - INFO: 283 move(s) completed (1 accepted (0.3534 %)). Current N = 1. Average N = 0.905
2021-03-24 23:31:20,719 - INFO: 284 move(s) completed (1 accepted (0.3521 %)). Current N = 1. Average N = 0.905
2021-03-24 23:31:41,476 - INFO: 285 move(s) completed (1 accepted (0.3509 %)). Current N = 1. Average N = 0.905
2021-03-24 23:31:58,375 - INFO: Move rejected due to water leaving the GCMC sphere
2021-03-24 23:32:01,861 - INFO: 286 move(s) completed (1 accepted (0.3497 %)). Current N = 1. Average N = 0.906
2021-03-24 23:32:18,498 - INFO: Move rejected due to water leaving the GCMC sphere
2021-03-24 23:32:21,975 - INFO: 287 move(s) completed (1 accepted (0.3484 %)). Current N = 1. Average N = 0.906
2021-03-24 23:32:41,939 - INFO: 288 move(s) completed (1 accepted (0.3472 %)). Current N = 1. Average N = 0.906
2021-03-24 23:32:58,537 - INFO: Move rejected due to water leaving the GCMC sphere
2021-03-24 23:33:02,051 - INFO: 289 move(s) completed (1 accepted (0.3460 %)). Current N = 1. Average N = 0.907
2021-03-24 23:33:22,063 - INFO: 290 move(s) completed (1 accepted (0.3448 %)). Current N = 1. Average N = 0.907
2021-03-24 23:33:42,066 - INFO: 291 move(s) completed (1 accepted (0.3436 %)). Current N = 1. Average N = 0.907
2021-03-24 23:33:58,788 - INFO: Move rejected due to water leaving the GCMC sphere
2021-03-24 23:34:02,178 - INFO: 292 move(s) completed (1 accepted (0.3425 %)). Current N = 1. Average N = 0.907
2021-03-24 23:34:19,107 - INFO: Move rejected due to water leaving the GCMC sphere
2021-03-24 23:34:22,574 - INFO: 293 move(s) completed (1 accepted (0.3413 %)). Current N = 1. Average N = 0.908
2021-03-24 23:34:39,569 - INFO: Move rejected due to water leaving the GCMC sphere
2021-03-24 23:34:42,962 - INFO: 294 move(s) completed (1 accepted (0.3401 %)). Current N = 1. Average N = 0.908
2021-03-24 23:35:03,196 - INFO: 295 move(s) completed (1 accepted (0.3390 %)). Current N = 1. Average N = 0.908
2021-03-24 23:35:23,665 - INFO: 296 move(s) completed (1 accepted (0.3378 %)). Current N = 1. Average N = 0.909
2021-03-24 23:35:44,551 - INFO: 297 move(s) completed (1 accepted (0.3367 %)). Current N = 1. Average N = 0.909
2021-03-24 23:36:01,884 - INFO: Move rejected due to water leaving the GCMC sphere
2021-03-24 23:36:05,489 - INFO: 298 move(s) completed (1 accepted (0.3356 %)). Current N = 1. Average N = 0.909
2021-03-24 23:36:26,321 - INFO: 299 move(s) completed (1 accepted (0.3344 %)). Current N = 1. Average N = 0.910
2021-03-24 23:36:42,853 - INFO: Move rejected due to water leaving the GCMC sphere
2021-03-24 23:36:46,317 - INFO: 300 move(s) completed (1 accepted (0.3333 %)). Current N = 1. Average N = 0.910
2021-03-24 23:37:06,845 - INFO: 301 move(s) completed (1 accepted (0.3322 %)). Current N = 1. Average N = 0.910
2021-03-24 23:37:23,204 - INFO: Move rejected due to water leaving the GCMC sphere
2021-03-24 23:37:26,703 - INFO: 302 move(s) completed (1 accepted (0.3311 %)). Current N = 1. Average N = 0.911
2021-03-24 23:37:46,512 - INFO: 303 move(s) completed (1 accepted (0.3300 %)). Current N = 1. Average N = 0.911
2021-03-24 23:38:06,645 - INFO: 304 move(s) completed (1 accepted (0.3289 %)). Current N = 1. Average N = 0.911
2021-03-24 23:38:26,684 - INFO: 305 move(s) completed (1 accepted (0.3279 %)). Current N = 1. Average N = 0.911
2021-03-24 23:38:46,504 - INFO: 306 move(s) completed (1 accepted (0.3268 %)). Current N = 1. Average N = 0.912
2021-03-24 23:39:06,130 - INFO: 307 move(s) completed (1 accepted (0.3257 %)). Current N = 1. Average N = 0.912
2021-03-24 23:39:22,890 - INFO: Move rejected due to water leaving the GCMC sphere
2021-03-24 23:39:26,413 - INFO: 308 move(s) completed (1 accepted (0.3247 %)). Current N = 1. Average N = 0.912
2021-03-24 23:39:46,542 - INFO: 309 move(s) completed (1 accepted (0.3236 %)). Current N = 1. Average N = 0.913
2021-03-24 23:40:06,992 - INFO: 310 move(s) completed (1 accepted (0.3226 %)). Current N = 1. Average N = 0.913
2021-03-24 23:40:26,808 - INFO: 311 move(s) completed (1 accepted (0.3215 %)). Current N = 1. Average N = 0.913
2021-03-24 23:40:46,399 - INFO: 312 move(s) completed (1 accepted (0.3205 %)). Current N = 1. Average N = 0.913
2021-03-24 23:41:06,340 - INFO: 313 move(s) completed (1 accepted (0.3195 %)). Current N = 1. Average N = 0.914
2021-03-24 23:41:26,387 - INFO: 314 move(s) completed (1 accepted (0.3185 %)). Current N = 1. Average N = 0.914
2021-03-24 23:41:42,687 - INFO: Move rejected due to water leaving the GCMC sphere
2021-03-24 23:41:46,139 - INFO: 315 move(s) completed (1 accepted (0.3175 %)). Current N = 1. Average N = 0.914
2021-03-24 23:42:02,536 - INFO: Move rejected due to water leaving the GCMC sphere
2021-03-24 23:42:05,861 - INFO: 316 move(s) completed (1 accepted (0.3165 %)). Current N = 1. Average N = 0.915
2021-03-24 23:42:23,219 - INFO: Move rejected due to water leaving the GCMC sphere
2021-03-24 23:42:26,742 - INFO: 317 move(s) completed (1 accepted (0.3155 %)). Current N = 1. Average N = 0.915
2021-03-24 23:42:46,550 - INFO: 318 move(s) completed (1 accepted (0.3145 %)). Current N = 1. Average N = 0.915
2021-03-24 23:43:06,567 - INFO: 319 move(s) completed (1 accepted (0.3135 %)). Current N = 1. Average N = 0.915
2021-03-24 23:43:23,075 - INFO: Move rejected due to water leaving the GCMC sphere
2021-03-24 23:43:26,500 - INFO: 320 move(s) completed (1 accepted (0.3125 %)). Current N = 1. Average N = 0.916
2021-03-24 23:43:43,139 - INFO: Move rejected due to water leaving the GCMC sphere
2021-03-24 23:43:46,610 - INFO: 321 move(s) completed (1 accepted (0.3115 %)). Current N = 1. Average N = 0.916
2021-03-24 23:44:06,586 - INFO: 322 move(s) completed (1 accepted (0.3106 %)). Current N = 1. Average N = 0.916
2021-03-24 23:44:23,200 - INFO: Move rejected due to water leaving the GCMC sphere
2021-03-24 23:44:26,689 - INFO: 323 move(s) completed (1 accepted (0.3096 %)). Current N = 1. Average N = 0.916
2021-03-24 23:44:46,906 - INFO: 324 move(s) completed (1 accepted (0.3086 %)). Current N = 1. Average N = 0.917
2021-03-24 23:45:03,625 - INFO: Move rejected due to water leaving the GCMC sphere
2021-03-24 23:45:07,076 - INFO: 325 move(s) completed (1 accepted (0.3077 %)). Current N = 1. Average N = 0.917
2021-03-24 23:45:24,010 - INFO: Move rejected due to water leaving the GCMC sphere
2021-03-24 23:45:27,446 - INFO: 326 move(s) completed (1 accepted (0.3067 %)). Current N = 1. Average N = 0.917
2021-03-24 23:45:47,724 - INFO: 327 move(s) completed (1 accepted (0.3058 %)). Current N = 1. Average N = 0.917
2021-03-24 23:46:07,640 - INFO: 328 move(s) completed (1 accepted (0.3049 %)). Current N = 1. Average N = 0.918
2021-03-24 23:46:24,002 - INFO: Move rejected due to water leaving the GCMC sphere
2021-03-24 23:46:27,443 - INFO: 329 move(s) completed (1 accepted (0.3040 %)). Current N = 1. Average N = 0.918
2021-03-24 23:46:47,540 - INFO: 330 move(s) completed (1 accepted (0.3030 %)). Current N = 1. Average N = 0.918
2021-03-24 23:47:07,306 - INFO: 331 move(s) completed (1 accepted (0.3021 %)). Current N = 1. Average N = 0.918
2021-03-24 23:47:27,652 - INFO: 332 move(s) completed (1 accepted (0.3012 %)). Current N = 1. Average N = 0.919
2021-03-24 23:47:48,120 - INFO: 333 move(s) completed (1 accepted (0.3003 %)). Current N = 1. Average N = 0.919
2021-03-24 23:48:08,007 - INFO: 334 move(s) completed (1 accepted (0.2994 %)). Current N = 1. Average N = 0.919
2021-03-24 23:48:27,834 - INFO: 335 move(s) completed (1 accepted (0.2985 %)). Current N = 1. Average N = 0.919
2021-03-24 23:48:44,318 - INFO: Move rejected due to water leaving the GCMC sphere
2021-03-24 23:48:47,798 - INFO: 336 move(s) completed (1 accepted (0.2976 %)). Current N = 1. Average N = 0.920
2021-03-24 23:49:07,723 - INFO: 337 move(s) completed (1 accepted (0.2967 %)). Current N = 1. Average N = 0.920
2021-03-24 23:49:24,392 - INFO: Move rejected due to water leaving the GCMC sphere
2021-03-24 23:49:27,829 - INFO: 338 move(s) completed (1 accepted (0.2959 %)). Current N = 1. Average N = 0.920
2021-03-24 23:49:47,689 - INFO: 339 move(s) completed (1 accepted (0.2950 %)). Current N = 1. Average N = 0.920
2021-03-24 23:50:04,405 - INFO: Move rejected due to water leaving the GCMC sphere
2021-03-24 23:50:07,848 - INFO: 340 move(s) completed (1 accepted (0.2941 %)). Current N = 1. Average N = 0.921
2021-03-24 23:50:27,958 - INFO: 341 move(s) completed (1 accepted (0.2933 %)). Current N = 1. Average N = 0.921
2021-03-24 23:50:45,037 - INFO: Move rejected due to water leaving the GCMC sphere
2021-03-24 23:50:48,383 - INFO: 342 move(s) completed (1 accepted (0.2924 %)). Current N = 1. Average N = 0.921
2021-03-24 23:51:05,322 - INFO: Move rejected due to water leaving the GCMC sphere
2021-03-24 23:51:08,670 - INFO: 343 move(s) completed (1 accepted (0.2915 %)). Current N = 1. Average N = 0.921
2021-03-24 23:51:29,186 - INFO: 344 move(s) completed (1 accepted (0.2907 %)). Current N = 1. Average N = 0.921
2021-03-24 23:51:49,941 - INFO: 345 move(s) completed (1 accepted (0.2899 %)). Current N = 1. Average N = 0.922
2021-03-24 23:52:07,150 - INFO: Move rejected due to water leaving the GCMC sphere
2021-03-24 23:52:10,632 - INFO: 346 move(s) completed (1 accepted (0.2890 %)). Current N = 1. Average N = 0.922
2021-03-24 23:52:26,881 - INFO: Move rejected due to water leaving the GCMC sphere
2021-03-24 23:52:30,309 - INFO: 347 move(s) completed (1 accepted (0.2882 %)). Current N = 1. Average N = 0.922
2021-03-24 23:52:51,710 - INFO: 348 move(s) completed (1 accepted (0.2874 %)). Current N = 1. Average N = 0.922
2021-03-24 23:53:12,568 - INFO: 349 move(s) completed (1 accepted (0.2865 %)). Current N = 1. Average N = 0.923
2021-03-24 23:53:29,102 - INFO: Move rejected due to water leaving the GCMC sphere
2021-03-24 23:53:32,431 - INFO: 350 move(s) completed (1 accepted (0.2857 %)). Current N = 1. Average N = 0.923
2021-03-24 23:53:52,635 - INFO: 351 move(s) completed (1 accepted (0.2849 %)). Current N = 1. Average N = 0.923
2021-03-24 23:54:09,255 - INFO: Move rejected due to water leaving the GCMC sphere
2021-03-24 23:54:12,665 - INFO: 352 move(s) completed (1 accepted (0.2841 %)). Current N = 1. Average N = 0.923
2021-03-24 23:54:29,032 - INFO: Move rejected due to water leaving the GCMC sphere
2021-03-24 23:54:32,363 - INFO: 353 move(s) completed (1 accepted (0.2833 %)). Current N = 1. Average N = 0.923
2021-03-24 23:54:52,072 - INFO: 354 move(s) completed (1 accepted (0.2825 %)). Current N = 1. Average N = 0.924
2021-03-24 23:55:08,938 - INFO: Move rejected due to water leaving the GCMC sphere
2021-03-24 23:55:12,311 - INFO: 355 move(s) completed (1 accepted (0.2817 %)). Current N = 1. Average N = 0.924
2021-03-24 23:55:32,700 - INFO: 356 move(s) completed (1 accepted (0.2809 %)). Current N = 1. Average N = 0.924
2021-03-24 23:55:52,946 - INFO: 357 move(s) completed (1 accepted (0.2801 %)). Current N = 1. Average N = 0.924
2021-03-24 23:56:10,082 - INFO: Move rejected due to water leaving the GCMC sphere
2021-03-24 23:56:13,446 - INFO: 358 move(s) completed (1 accepted (0.2793 %)). Current N = 1. Average N = 0.925
2021-03-24 23:56:33,856 - INFO: 359 move(s) completed (1 accepted (0.2786 %)). Current N = 1. Average N = 0.925
2021-03-24 23:56:50,854 - INFO: Move rejected due to water leaving the GCMC sphere
2021-03-24 23:56:54,221 - INFO: 360 move(s) completed (1 accepted (0.2778 %)). Current N = 1. Average N = 0.925
2021-03-24 23:57:11,479 - INFO: Move rejected due to water leaving the GCMC sphere
2021-03-24 23:57:14,984 - INFO: 361 move(s) completed (1 accepted (0.2770 %)). Current N = 1. Average N = 0.925
2021-03-24 23:57:35,237 - INFO: 362 move(s) completed (1 accepted (0.2762 %)). Current N = 1. Average N = 0.925
2021-03-24 23:57:54,926 - INFO: 363 move(s) completed (1 accepted (0.2755 %)). Current N = 1. Average N = 0.926
2021-03-24 23:58:14,732 - INFO: 364 move(s) completed (1 accepted (0.2747 %)). Current N = 1. Average N = 0.926
2021-03-24 23:58:34,540 - INFO: 365 move(s) completed (1 accepted (0.2740 %)). Current N = 1. Average N = 0.926
2021-03-24 23:58:51,103 - INFO: Move rejected due to water leaving the GCMC sphere
2021-03-24 23:58:54,524 - INFO: 366 move(s) completed (1 accepted (0.2732 %)). Current N = 1. Average N = 0.926
