2021-03-26 05:54:25,159 - INFO: kT = 0.5921875708469466 kcal/mol
2021-03-26 05:54:30,531 - INFO: BaseGrandCanonicalMonteCarloSampler object initialised
2021-03-26 05:54:30,532 - INFO: GCMC sphere is based on reference atom IDs: [887, 1837]
2021-03-26 05:54:30,532 - INFO: GCMC sphere radius is 6 A
2021-03-26 05:54:30,532 - INFO: Simulating at an Adams (B) value of -6.888845176169922
2021-03-26 05:54:30,533 - INFO: GCMCSphereSampler object initialised
2021-03-26 05:54:30,533 - INFO: StandardGCMCSphereSampler object initialised
2021-03-26 05:54:45,987 - INFO: 50 move(s) completed (0 accepted (0.0000 %)). Current N = 0. Average N = 0.000
2021-03-26 05:54:54,271 - INFO: 100 move(s) completed (0 accepted (0.0000 %)). Current N = 0. Average N = 0.000
2021-03-26 05:55:01,635 - INFO: 150 move(s) completed (1 accepted (0.6667 %)). Current N = 1. Average N = 0.033
2021-03-26 05:55:10,849 - INFO: 200 move(s) completed (1 accepted (0.5000 %)). Current N = 1. Average N = 0.275
2021-03-26 05:55:19,464 - INFO: 250 move(s) completed (1 accepted (0.4000 %)). Current N = 1. Average N = 0.420
2021-03-26 05:55:28,684 - INFO: 300 move(s) completed (1 accepted (0.3333 %)). Current N = 1. Average N = 0.517
2021-03-26 05:55:37,880 - INFO: 350 move(s) completed (2 accepted (0.5714 %)). Current N = 0. Average N = 0.560
2021-03-26 05:55:46,095 - INFO: 400 move(s) completed (2 accepted (0.5000 %)). Current N = 0. Average N = 0.490
2021-03-26 05:55:54,196 - INFO: 450 move(s) completed (2 accepted (0.4444 %)). Current N = 0. Average N = 0.436
2021-03-26 05:56:02,250 - INFO: 500 move(s) completed (2 accepted (0.4000 %)). Current N = 0. Average N = 0.392
2021-03-26 05:56:10,049 - INFO: 550 move(s) completed (2 accepted (0.3636 %)). Current N = 0. Average N = 0.356
2021-03-26 05:56:18,483 - INFO: 600 move(s) completed (4 accepted (0.6667 %)). Current N = 0. Average N = 0.330
2021-03-26 05:56:26,365 - INFO: 650 move(s) completed (6 accepted (0.9231 %)). Current N = 0. Average N = 0.308
2021-03-26 05:56:34,033 - INFO: 700 move(s) completed (6 accepted (0.8571 %)). Current N = 0. Average N = 0.286
2021-03-26 05:56:42,514 - INFO: 750 move(s) completed (6 accepted (0.8000 %)). Current N = 0. Average N = 0.267
2021-03-26 05:56:50,375 - INFO: 800 move(s) completed (6 accepted (0.7500 %)). Current N = 0. Average N = 0.250
2021-03-26 05:56:58,472 - INFO: 850 move(s) completed (6 accepted (0.7059 %)). Current N = 0. Average N = 0.235
2021-03-26 05:57:06,381 - INFO: 900 move(s) completed (7 accepted (0.7778 %)). Current N = 1. Average N = 0.231
2021-03-26 05:57:15,037 - INFO: 950 move(s) completed (7 accepted (0.7368 %)). Current N = 1. Average N = 0.272
2021-03-26 05:57:24,048 - INFO: 1000 move(s) completed (7 accepted (0.7000 %)). Current N = 1. Average N = 0.308
2021-03-26 05:57:33,353 - INFO: 1050 move(s) completed (7 accepted (0.6667 %)). Current N = 1. Average N = 0.341
2021-03-26 05:57:42,174 - INFO: 1100 move(s) completed (7 accepted (0.6364 %)). Current N = 1. Average N = 0.371
2021-03-26 05:57:51,472 - INFO: 1150 move(s) completed (7 accepted (0.6087 %)). Current N = 1. Average N = 0.398
2021-03-26 05:58:00,461 - INFO: 1200 move(s) completed (7 accepted (0.5833 %)). Current N = 1. Average N = 0.423
2021-03-26 05:58:09,695 - INFO: 1250 move(s) completed (7 accepted (0.5600 %)). Current N = 1. Average N = 0.446
2021-03-26 05:58:18,675 - INFO: 1300 move(s) completed (7 accepted (0.5385 %)). Current N = 1. Average N = 0.468
2021-03-26 05:58:27,588 - INFO: 1350 move(s) completed (7 accepted (0.5185 %)). Current N = 1. Average N = 0.487
2021-03-26 05:58:37,226 - INFO: 1400 move(s) completed (7 accepted (0.5000 %)). Current N = 1. Average N = 0.506
2021-03-26 05:58:46,302 - INFO: 1450 move(s) completed (7 accepted (0.4828 %)). Current N = 1. Average N = 0.523
2021-03-26 05:58:55,498 - INFO: 1500 move(s) completed (7 accepted (0.4667 %)). Current N = 1. Average N = 0.539
2021-03-26 05:59:04,260 - INFO: 1550 move(s) completed (7 accepted (0.4516 %)). Current N = 1. Average N = 0.553
2021-03-26 05:59:13,269 - INFO: 1600 move(s) completed (7 accepted (0.4375 %)). Current N = 1. Average N = 0.568
2021-03-26 05:59:22,559 - INFO: 1650 move(s) completed (7 accepted (0.4242 %)). Current N = 1. Average N = 0.581
2021-03-26 05:59:31,412 - INFO: 1700 move(s) completed (7 accepted (0.4118 %)). Current N = 1. Average N = 0.593
2021-03-26 05:59:40,665 - INFO: 1750 move(s) completed (7 accepted (0.4000 %)). Current N = 1. Average N = 0.605
2021-03-26 05:59:49,373 - INFO: 1800 move(s) completed (7 accepted (0.3889 %)). Current N = 1. Average N = 0.616
2021-03-26 05:59:58,783 - INFO: 1850 move(s) completed (9 accepted (0.4865 %)). Current N = 1. Average N = 0.628
2021-03-26 06:00:07,320 - INFO: 1900 move(s) completed (9 accepted (0.4737 %)). Current N = 1. Average N = 0.637
2021-03-26 06:00:16,538 - INFO: 1950 move(s) completed (9 accepted (0.4615 %)). Current N = 1. Average N = 0.647
2021-03-26 06:00:26,165 - INFO: 2000 move(s) completed (9 accepted (0.4500 %)). Current N = 1. Average N = 0.655
2021-03-26 06:00:35,152 - INFO: 2050 move(s) completed (9 accepted (0.4390 %)). Current N = 1. Average N = 0.664
2021-03-26 06:00:44,363 - INFO: 2100 move(s) completed (9 accepted (0.4286 %)). Current N = 1. Average N = 0.672
2021-03-26 06:00:53,360 - INFO: 2150 move(s) completed (9 accepted (0.4186 %)). Current N = 1. Average N = 0.679
2021-03-26 06:01:02,290 - INFO: 2200 move(s) completed (9 accepted (0.4091 %)). Current N = 1. Average N = 0.687
2021-03-26 06:01:11,682 - INFO: 2250 move(s) completed (11 accepted (0.4889 %)). Current N = 1. Average N = 0.697
2021-03-26 06:01:20,966 - INFO: 2300 move(s) completed (11 accepted (0.4783 %)). Current N = 1. Average N = 0.704
2021-03-26 06:01:30,275 - INFO: 2350 move(s) completed (11 accepted (0.4681 %)). Current N = 1. Average N = 0.710
2021-03-26 06:01:39,066 - INFO: 2400 move(s) completed (11 accepted (0.4583 %)). Current N = 1. Average N = 0.716
2021-03-26 06:01:48,363 - INFO: 2450 move(s) completed (11 accepted (0.4490 %)). Current N = 1. Average N = 0.722
2021-03-26 06:01:57,656 - INFO: 2500 move(s) completed (11 accepted (0.4400 %)). Current N = 1. Average N = 0.727
2021-03-26 06:02:06,476 - INFO: 2550 move(s) completed (11 accepted (0.4314 %)). Current N = 1. Average N = 0.733
2021-03-26 06:02:15,822 - INFO: 2600 move(s) completed (11 accepted (0.4231 %)). Current N = 1. Average N = 0.738
2021-03-26 06:02:24,717 - INFO: 2650 move(s) completed (11 accepted (0.4151 %)). Current N = 1. Average N = 0.743
2021-03-26 06:02:33,818 - INFO: 2700 move(s) completed (11 accepted (0.4074 %)). Current N = 1. Average N = 0.747
2021-03-26 06:02:42,435 - INFO: 2750 move(s) completed (11 accepted (0.4000 %)). Current N = 1. Average N = 0.752
2021-03-26 06:02:51,535 - INFO: 2800 move(s) completed (11 accepted (0.3929 %)). Current N = 1. Average N = 0.756
2021-03-26 06:03:00,705 - INFO: 2850 move(s) completed (11 accepted (0.3860 %)). Current N = 1. Average N = 0.761
2021-03-26 06:03:09,419 - INFO: 2900 move(s) completed (11 accepted (0.3793 %)). Current N = 1. Average N = 0.765
2021-03-26 06:03:18,716 - INFO: 2950 move(s) completed (11 accepted (0.3729 %)). Current N = 1. Average N = 0.769
2021-03-26 06:03:27,638 - INFO: 3000 move(s) completed (11 accepted (0.3667 %)). Current N = 1. Average N = 0.773
2021-03-26 06:03:37,023 - INFO: 3050 move(s) completed (11 accepted (0.3607 %)). Current N = 1. Average N = 0.776
2021-03-26 06:03:45,741 - INFO: 3100 move(s) completed (11 accepted (0.3548 %)). Current N = 1. Average N = 0.780
2021-03-26 06:03:54,734 - INFO: 3150 move(s) completed (11 accepted (0.3492 %)). Current N = 1. Average N = 0.783
2021-03-26 06:04:04,115 - INFO: 3200 move(s) completed (11 accepted (0.3438 %)). Current N = 1. Average N = 0.787
2021-03-26 06:04:13,038 - INFO: 3250 move(s) completed (11 accepted (0.3385 %)). Current N = 1. Average N = 0.790
2021-03-26 06:04:22,189 - INFO: 3300 move(s) completed (11 accepted (0.3333 %)). Current N = 1. Average N = 0.793
2021-03-26 06:04:30,886 - INFO: 3350 move(s) completed (11 accepted (0.3284 %)). Current N = 1. Average N = 0.796
2021-03-26 06:04:40,036 - INFO: 3400 move(s) completed (11 accepted (0.3235 %)). Current N = 1. Average N = 0.799
2021-03-26 06:04:49,481 - INFO: 3450 move(s) completed (11 accepted (0.3188 %)). Current N = 1. Average N = 0.802
2021-03-26 06:04:58,343 - INFO: 3500 move(s) completed (11 accepted (0.3143 %)). Current N = 1. Average N = 0.805
2021-03-26 06:05:07,446 - INFO: 3550 move(s) completed (11 accepted (0.3099 %)). Current N = 1. Average N = 0.808
2021-03-26 06:05:16,345 - INFO: 3600 move(s) completed (11 accepted (0.3056 %)). Current N = 1. Average N = 0.811
2021-03-26 06:05:25,565 - INFO: 3650 move(s) completed (11 accepted (0.3014 %)). Current N = 1. Average N = 0.813
2021-03-26 06:05:34,216 - INFO: 3700 move(s) completed (11 accepted (0.2973 %)). Current N = 1. Average N = 0.816
2021-03-26 06:05:43,183 - INFO: 3750 move(s) completed (11 accepted (0.2933 %)). Current N = 1. Average N = 0.818
2021-03-26 06:05:52,458 - INFO: 3800 move(s) completed (11 accepted (0.2895 %)). Current N = 1. Average N = 0.821
2021-03-26 06:06:01,485 - INFO: 3850 move(s) completed (11 accepted (0.2857 %)). Current N = 1. Average N = 0.823
2021-03-26 06:06:10,843 - INFO: 3900 move(s) completed (11 accepted (0.2821 %)). Current N = 1. Average N = 0.825
2021-03-26 06:06:19,605 - INFO: 3950 move(s) completed (11 accepted (0.2785 %)). Current N = 1. Average N = 0.827
2021-03-26 06:06:28,917 - INFO: 4000 move(s) completed (11 accepted (0.2750 %)). Current N = 1. Average N = 0.830
2021-03-26 06:06:37,654 - INFO: 4050 move(s) completed (11 accepted (0.2716 %)). Current N = 1. Average N = 0.832
2021-03-26 06:06:46,715 - INFO: 4100 move(s) completed (11 accepted (0.2683 %)). Current N = 1. Average N = 0.834
2021-03-26 06:06:56,271 - INFO: 4150 move(s) completed (11 accepted (0.2651 %)). Current N = 1. Average N = 0.836
2021-03-26 06:07:05,467 - INFO: 4200 move(s) completed (11 accepted (0.2619 %)). Current N = 1. Average N = 0.838
2021-03-26 06:07:14,451 - INFO: 4250 move(s) completed (11 accepted (0.2588 %)). Current N = 1. Average N = 0.840
2021-03-26 06:07:23,265 - INFO: 4300 move(s) completed (11 accepted (0.2558 %)). Current N = 1. Average N = 0.841
2021-03-26 06:07:32,453 - INFO: 4350 move(s) completed (11 accepted (0.2529 %)). Current N = 1. Average N = 0.843
2021-03-26 06:07:41,105 - INFO: 4400 move(s) completed (11 accepted (0.2500 %)). Current N = 1. Average N = 0.845
2021-03-26 06:07:50,184 - INFO: 4450 move(s) completed (11 accepted (0.2472 %)). Current N = 1. Average N = 0.847
2021-03-26 06:07:59,455 - INFO: 4500 move(s) completed (11 accepted (0.2444 %)). Current N = 1. Average N = 0.848
2021-03-26 06:08:08,458 - INFO: 4550 move(s) completed (13 accepted (0.2857 %)). Current N = 1. Average N = 0.851
2021-03-26 06:08:17,684 - INFO: 4600 move(s) completed (13 accepted (0.2826 %)). Current N = 1. Average N = 0.853
2021-03-26 06:08:26,669 - INFO: 4650 move(s) completed (13 accepted (0.2796 %)). Current N = 1. Average N = 0.854
2021-03-26 06:08:36,195 - INFO: 4700 move(s) completed (13 accepted (0.2766 %)). Current N = 1. Average N = 0.856
2021-03-26 06:08:45,150 - INFO: 4750 move(s) completed (13 accepted (0.2737 %)). Current N = 1. Average N = 0.857
2021-03-26 06:08:54,224 - INFO: 4800 move(s) completed (13 accepted (0.2708 %)). Current N = 1. Average N = 0.859
2021-03-26 06:09:03,697 - INFO: 4850 move(s) completed (15 accepted (0.3093 %)). Current N = 1. Average N = 0.861
2021-03-26 06:09:12,627 - INFO: 4900 move(s) completed (15 accepted (0.3061 %)). Current N = 1. Average N = 0.863
2021-03-26 06:09:22,041 - INFO: 4950 move(s) completed (15 accepted (0.3030 %)). Current N = 1. Average N = 0.864
2021-03-26 06:09:31,001 - INFO: 5000 move(s) completed (17 accepted (0.3400 %)). Current N = 1. Average N = 0.867
2021-03-26 06:09:40,138 - INFO: 5050 move(s) completed (17 accepted (0.3366 %)). Current N = 1. Average N = 0.868
2021-03-26 06:09:49,529 - INFO: 5100 move(s) completed (17 accepted (0.3333 %)). Current N = 1. Average N = 0.869
2021-03-26 06:09:58,595 - INFO: 5150 move(s) completed (17 accepted (0.3301 %)). Current N = 1. Average N = 0.871
2021-03-26 06:10:08,006 - INFO: 5200 move(s) completed (17 accepted (0.3269 %)). Current N = 1. Average N = 0.872
2021-03-26 06:10:17,016 - INFO: 5250 move(s) completed (19 accepted (0.3619 %)). Current N = 1. Average N = 0.873
2021-03-26 06:10:26,130 - INFO: 5300 move(s) completed (19 accepted (0.3585 %)). Current N = 1. Average N = 0.874
2021-03-26 06:10:34,829 - INFO: 5350 move(s) completed (19 accepted (0.3551 %)). Current N = 1. Average N = 0.875
2021-03-26 06:10:43,680 - INFO: 5400 move(s) completed (19 accepted (0.3519 %)). Current N = 1. Average N = 0.877
2021-03-26 06:10:52,796 - INFO: 5450 move(s) completed (19 accepted (0.3486 %)). Current N = 1. Average N = 0.878
2021-03-26 06:11:01,562 - INFO: 5500 move(s) completed (19 accepted (0.3455 %)). Current N = 1. Average N = 0.879
2021-03-26 06:11:10,764 - INFO: 5550 move(s) completed (19 accepted (0.3423 %)). Current N = 1. Average N = 0.880
2021-03-26 06:11:19,537 - INFO: 5600 move(s) completed (19 accepted (0.3393 %)). Current N = 1. Average N = 0.881
2021-03-26 06:11:28,818 - INFO: 5650 move(s) completed (19 accepted (0.3363 %)). Current N = 1. Average N = 0.882
2021-03-26 06:11:38,265 - INFO: 5700 move(s) completed (19 accepted (0.3333 %)). Current N = 1. Average N = 0.883
2021-03-26 06:11:47,206 - INFO: 5750 move(s) completed (19 accepted (0.3304 %)). Current N = 1. Average N = 0.884
2021-03-26 06:11:56,647 - INFO: 5800 move(s) completed (19 accepted (0.3276 %)). Current N = 1. Average N = 0.885
2021-03-26 06:12:05,392 - INFO: 5850 move(s) completed (19 accepted (0.3248 %)). Current N = 1. Average N = 0.886
2021-03-26 06:12:14,778 - INFO: 5900 move(s) completed (19 accepted (0.3220 %)). Current N = 1. Average N = 0.887
2021-03-26 06:12:23,566 - INFO: 5950 move(s) completed (19 accepted (0.3193 %)). Current N = 1. Average N = 0.888
2021-03-26 06:12:32,871 - INFO: 6000 move(s) completed (19 accepted (0.3167 %)). Current N = 1. Average N = 0.889
2021-03-26 06:12:41,549 - INFO: 6050 move(s) completed (19 accepted (0.3140 %)). Current N = 1. Average N = 0.890
2021-03-26 06:12:50,463 - INFO: 6100 move(s) completed (19 accepted (0.3115 %)). Current N = 1. Average N = 0.891
2021-03-26 06:12:59,990 - INFO: 6150 move(s) completed (19 accepted (0.3089 %)). Current N = 1. Average N = 0.892
2021-03-26 06:13:08,973 - INFO: 6200 move(s) completed (19 accepted (0.3065 %)). Current N = 1. Average N = 0.893
2021-03-26 06:13:18,187 - INFO: 6250 move(s) completed (19 accepted (0.3040 %)). Current N = 1. Average N = 0.893
2021-03-26 06:13:26,908 - INFO: 6300 move(s) completed (19 accepted (0.3016 %)). Current N = 1. Average N = 0.894
2021-03-26 06:13:36,146 - INFO: 6350 move(s) completed (19 accepted (0.2992 %)). Current N = 1. Average N = 0.895
2021-03-26 06:13:45,881 - INFO: 6400 move(s) completed (19 accepted (0.2969 %)). Current N = 1. Average N = 0.896
2021-03-26 06:13:55,005 - INFO: 6450 move(s) completed (19 accepted (0.2946 %)). Current N = 1. Average N = 0.897
2021-03-26 06:14:04,667 - INFO: 6500 move(s) completed (19 accepted (0.2923 %)). Current N = 1. Average N = 0.897
2021-03-26 06:14:13,475 - INFO: 6550 move(s) completed (19 accepted (0.2901 %)). Current N = 1. Average N = 0.898
2021-03-26 06:14:22,386 - INFO: 6600 move(s) completed (19 accepted (0.2879 %)). Current N = 1. Average N = 0.899
2021-03-26 06:14:31,691 - INFO: 6650 move(s) completed (19 accepted (0.2857 %)). Current N = 1. Average N = 0.900
2021-03-26 06:14:40,864 - INFO: 6700 move(s) completed (19 accepted (0.2836 %)). Current N = 1. Average N = 0.901
2021-03-26 06:14:49,996 - INFO: 6750 move(s) completed (19 accepted (0.2815 %)). Current N = 1. Average N = 0.901
2021-03-26 06:14:58,684 - INFO: 6800 move(s) completed (19 accepted (0.2794 %)). Current N = 1. Average N = 0.902
2021-03-26 06:15:07,649 - INFO: 6850 move(s) completed (19 accepted (0.2774 %)). Current N = 1. Average N = 0.903
2021-03-26 06:15:17,193 - INFO: 6900 move(s) completed (19 accepted (0.2754 %)). Current N = 1. Average N = 0.903
2021-03-26 06:15:26,319 - INFO: 6950 move(s) completed (19 accepted (0.2734 %)). Current N = 1. Average N = 0.904
2021-03-26 06:15:35,523 - INFO: 7000 move(s) completed (19 accepted (0.2714 %)). Current N = 1. Average N = 0.905
2021-03-26 06:15:44,224 - INFO: 7050 move(s) completed (19 accepted (0.2695 %)). Current N = 1. Average N = 0.905
2021-03-26 06:15:53,466 - INFO: 7100 move(s) completed (19 accepted (0.2676 %)). Current N = 1. Average N = 0.906
2021-03-26 06:16:02,896 - INFO: 7150 move(s) completed (19 accepted (0.2657 %)). Current N = 1. Average N = 0.907
2021-03-26 06:16:11,999 - INFO: 7200 move(s) completed (19 accepted (0.2639 %)). Current N = 1. Average N = 0.907
2021-03-26 06:16:21,383 - INFO: 7250 move(s) completed (19 accepted (0.2621 %)). Current N = 1. Average N = 0.908
2021-03-26 06:16:30,243 - INFO: 7300 move(s) completed (19 accepted (0.2603 %)). Current N = 1. Average N = 0.909
2021-03-26 06:16:39,566 - INFO: 7350 move(s) completed (19 accepted (0.2585 %)). Current N = 1. Average N = 0.909
2021-03-26 06:16:48,235 - INFO: 7400 move(s) completed (19 accepted (0.2568 %)). Current N = 1. Average N = 0.910
2021-03-26 06:16:57,253 - INFO: 7450 move(s) completed (19 accepted (0.2550 %)). Current N = 1. Average N = 0.911
2021-03-26 06:17:06,552 - INFO: 7500 move(s) completed (20 accepted (0.2667 %)). Current N = 2. Average N = 0.916
2021-03-26 06:17:15,470 - INFO: 7550 move(s) completed (20 accepted (0.2649 %)). Current N = 2. Average N = 0.923
2021-03-26 06:17:24,598 - INFO: 7600 move(s) completed (20 accepted (0.2632 %)). Current N = 2. Average N = 0.930
2021-03-26 06:17:33,438 - INFO: 7650 move(s) completed (20 accepted (0.2614 %)). Current N = 2. Average N = 0.937
2021-03-26 06:17:42,793 - INFO: 7700 move(s) completed (20 accepted (0.2597 %)). Current N = 2. Average N = 0.944
2021-03-26 06:17:51,260 - INFO: 7750 move(s) completed (20 accepted (0.2581 %)). Current N = 2. Average N = 0.951
2021-03-26 06:18:00,374 - INFO: 7800 move(s) completed (20 accepted (0.2564 %)). Current N = 2. Average N = 0.957
2021-03-26 06:18:09,025 - INFO: 7850 move(s) completed (20 accepted (0.2548 %)). Current N = 2. Average N = 0.964
2021-03-26 06:18:17,939 - INFO: 7900 move(s) completed (20 accepted (0.2532 %)). Current N = 2. Average N = 0.971
2021-03-26 06:18:27,350 - INFO: 7950 move(s) completed (20 accepted (0.2516 %)). Current N = 2. Average N = 0.977
2021-03-26 06:18:36,370 - INFO: 8000 move(s) completed (20 accepted (0.2500 %)). Current N = 2. Average N = 0.984
2021-03-26 06:18:45,451 - INFO: 8050 move(s) completed (20 accepted (0.2484 %)). Current N = 2. Average N = 0.990
2021-03-26 06:18:54,131 - INFO: 8100 move(s) completed (20 accepted (0.2469 %)). Current N = 2. Average N = 0.996
2021-03-26 06:19:03,068 - INFO: 8150 move(s) completed (20 accepted (0.2454 %)). Current N = 2. Average N = 1.002
2021-03-26 06:19:12,593 - INFO: 8200 move(s) completed (20 accepted (0.2439 %)). Current N = 2. Average N = 1.008
2021-03-26 06:19:21,579 - INFO: 8250 move(s) completed (20 accepted (0.2424 %)). Current N = 2. Average N = 1.014
2021-03-26 06:19:30,654 - INFO: 8300 move(s) completed (20 accepted (0.2410 %)). Current N = 2. Average N = 1.020
2021-03-26 06:19:39,237 - INFO: 8350 move(s) completed (21 accepted (0.2515 %)). Current N = 3. Average N = 1.027
2021-03-26 06:19:48,343 - INFO: 8400 move(s) completed (21 accepted (0.2500 %)). Current N = 3. Average N = 1.039
2021-03-26 06:19:57,320 - INFO: 8450 move(s) completed (21 accepted (0.2485 %)). Current N = 3. Average N = 1.050
2021-03-26 06:20:06,368 - INFO: 8500 move(s) completed (21 accepted (0.2471 %)). Current N = 3. Average N = 1.062
2021-03-26 06:20:15,790 - INFO: 8550 move(s) completed (21 accepted (0.2456 %)). Current N = 3. Average N = 1.073
2021-03-26 06:20:24,632 - INFO: 8600 move(s) completed (21 accepted (0.2442 %)). Current N = 3. Average N = 1.085
2021-03-26 06:20:33,892 - INFO: 8650 move(s) completed (21 accepted (0.2428 %)). Current N = 3. Average N = 1.096
2021-03-26 06:20:42,688 - INFO: 8700 move(s) completed (22 accepted (0.2529 %)). Current N = 2. Average N = 1.105
2021-03-26 06:20:52,030 - INFO: 8750 move(s) completed (22 accepted (0.2514 %)). Current N = 2. Average N = 1.110
2021-03-26 06:21:00,848 - INFO: 8800 move(s) completed (22 accepted (0.2500 %)). Current N = 2. Average N = 1.115
2021-03-26 06:21:09,702 - INFO: 8850 move(s) completed (22 accepted (0.2486 %)). Current N = 2. Average N = 1.120
2021-03-26 06:21:19,152 - INFO: 8900 move(s) completed (22 accepted (0.2472 %)). Current N = 2. Average N = 1.125
2021-03-26 06:21:27,999 - INFO: 8950 move(s) completed (22 accepted (0.2458 %)). Current N = 2. Average N = 1.130
2021-03-26 06:21:37,274 - INFO: 9000 move(s) completed (22 accepted (0.2444 %)). Current N = 2. Average N = 1.135
2021-03-26 06:21:45,834 - INFO: 9050 move(s) completed (22 accepted (0.2431 %)). Current N = 2. Average N = 1.140
2021-03-26 06:21:54,983 - INFO: 9100 move(s) completed (22 accepted (0.2418 %)). Current N = 2. Average N = 1.144
2021-03-26 06:22:04,589 - INFO: 9150 move(s) completed (22 accepted (0.2404 %)). Current N = 2. Average N = 1.149
2021-03-26 06:22:13,464 - INFO: 9200 move(s) completed (22 accepted (0.2391 %)). Current N = 2. Average N = 1.154
2021-03-26 06:22:22,671 - INFO: 9250 move(s) completed (22 accepted (0.2378 %)). Current N = 2. Average N = 1.158
2021-03-26 06:22:31,387 - INFO: 9300 move(s) completed (22 accepted (0.2366 %)). Current N = 2. Average N = 1.163
2021-03-26 06:22:40,533 - INFO: 9350 move(s) completed (22 accepted (0.2353 %)). Current N = 2. Average N = 1.167
2021-03-26 06:22:49,294 - INFO: 9400 move(s) completed (22 accepted (0.2340 %)). Current N = 2. Average N = 1.172
2021-03-26 06:22:58,462 - INFO: 9450 move(s) completed (22 accepted (0.2328 %)). Current N = 2. Average N = 1.176
2021-03-26 06:23:07,973 - INFO: 9500 move(s) completed (22 accepted (0.2316 %)). Current N = 2. Average N = 1.180
2021-03-26 06:23:16,930 - INFO: 9550 move(s) completed (22 accepted (0.2304 %)). Current N = 2. Average N = 1.185
2021-03-26 06:23:26,178 - INFO: 9600 move(s) completed (22 accepted (0.2292 %)). Current N = 2. Average N = 1.189
2021-03-26 06:23:35,053 - INFO: 9650 move(s) completed (22 accepted (0.2280 %)). Current N = 2. Average N = 1.193
2021-03-26 06:23:44,329 - INFO: 9700 move(s) completed (22 accepted (0.2268 %)). Current N = 2. Average N = 1.197
2021-03-26 06:23:53,223 - INFO: 9750 move(s) completed (22 accepted (0.2256 %)). Current N = 2. Average N = 1.201
2021-03-26 06:24:02,155 - INFO: 9800 move(s) completed (22 accepted (0.2245 %)). Current N = 2. Average N = 1.206
2021-03-26 06:24:11,314 - INFO: 9850 move(s) completed (22 accepted (0.2234 %)). Current N = 2. Average N = 1.210
2021-03-26 06:24:20,302 - INFO: 9900 move(s) completed (22 accepted (0.2222 %)). Current N = 2. Average N = 1.214
2021-03-26 06:24:29,659 - INFO: 9950 move(s) completed (22 accepted (0.2211 %)). Current N = 2. Average N = 1.218
2021-03-26 06:24:38,517 - INFO: 10000 move(s) completed (22 accepted (0.2200 %)). Current N = 2. Average N = 1.221
2021-03-26 06:24:47,379 - INFO: 10050 move(s) completed (22 accepted (0.2189 %)). Current N = 2. Average N = 1.225
2021-03-26 06:24:56,810 - INFO: 10100 move(s) completed (22 accepted (0.2178 %)). Current N = 2. Average N = 1.229
2021-03-26 06:25:05,678 - INFO: 10150 move(s) completed (22 accepted (0.2167 %)). Current N = 2. Average N = 1.233
2021-03-26 06:25:14,956 - INFO: 10200 move(s) completed (22 accepted (0.2157 %)). Current N = 2. Average N = 1.237
2021-03-26 06:25:23,621 - INFO: 10250 move(s) completed (22 accepted (0.2146 %)). Current N = 2. Average N = 1.240
2021-03-26 06:25:32,852 - INFO: 10300 move(s) completed (22 accepted (0.2136 %)). Current N = 2. Average N = 1.244
2021-03-26 06:25:42,356 - INFO: 10350 move(s) completed (22 accepted (0.2126 %)). Current N = 2. Average N = 1.248
2021-03-26 06:25:51,356 - INFO: 10400 move(s) completed (22 accepted (0.2115 %)). Current N = 2. Average N = 1.251
2021-03-26 06:26:00,839 - INFO: 10450 move(s) completed (22 accepted (0.2105 %)). Current N = 2. Average N = 1.255
2021-03-26 06:26:09,519 - INFO: 10500 move(s) completed (22 accepted (0.2095 %)). Current N = 2. Average N = 1.258
2021-03-26 06:26:18,666 - INFO: 10550 move(s) completed (22 accepted (0.2085 %)). Current N = 2. Average N = 1.262
2021-03-26 06:26:28,233 - INFO: 10600 move(s) completed (22 accepted (0.2075 %)). Current N = 2. Average N = 1.266
2021-03-26 06:26:37,201 - INFO: 10650 move(s) completed (22 accepted (0.2066 %)). Current N = 2. Average N = 1.269
2021-03-26 06:26:46,546 - INFO: 10700 move(s) completed (22 accepted (0.2056 %)). Current N = 2. Average N = 1.272
2021-03-26 06:26:55,235 - INFO: 10750 move(s) completed (22 accepted (0.2047 %)). Current N = 2. Average N = 1.276
2021-03-26 06:27:04,414 - INFO: 10800 move(s) completed (22 accepted (0.2037 %)). Current N = 2. Average N = 1.279
2021-03-26 06:27:13,366 - INFO: 10850 move(s) completed (22 accepted (0.2028 %)). Current N = 2. Average N = 1.282
2021-03-26 06:27:22,358 - INFO: 10900 move(s) completed (22 accepted (0.2018 %)). Current N = 2. Average N = 1.286
2021-03-26 06:27:31,847 - INFO: 10950 move(s) completed (22 accepted (0.2009 %)). Current N = 2. Average N = 1.289
2021-03-26 06:27:40,850 - INFO: 11000 move(s) completed (22 accepted (0.2000 %)). Current N = 2. Average N = 1.292
2021-03-26 06:27:49,940 - INFO: 11050 move(s) completed (22 accepted (0.1991 %)). Current N = 2. Average N = 1.295
2021-03-26 06:27:59,198 - INFO: 11100 move(s) completed (22 accepted (0.1982 %)). Current N = 2. Average N = 1.299
2021-03-26 06:28:08,361 - INFO: 11150 move(s) completed (22 accepted (0.1973 %)). Current N = 2. Average N = 1.302
2021-03-26 06:28:17,868 - INFO: 11200 move(s) completed (22 accepted (0.1964 %)). Current N = 2. Average N = 1.305
2021-03-26 06:28:26,674 - INFO: 11250 move(s) completed (22 accepted (0.1956 %)). Current N = 2. Average N = 1.308
2021-03-26 06:28:35,651 - INFO: 11300 move(s) completed (22 accepted (0.1947 %)). Current N = 2. Average N = 1.311
2021-03-26 06:28:44,480 - INFO: 11350 move(s) completed (22 accepted (0.1938 %)). Current N = 2. Average N = 1.314
2021-03-26 06:28:53,347 - INFO: 11400 move(s) completed (22 accepted (0.1930 %)). Current N = 2. Average N = 1.317
2021-03-26 06:29:02,676 - INFO: 11450 move(s) completed (22 accepted (0.1921 %)). Current N = 2. Average N = 1.320
2021-03-26 06:29:11,363 - INFO: 11500 move(s) completed (22 accepted (0.1913 %)). Current N = 2. Average N = 1.323
2021-03-26 06:29:20,795 - INFO: 11550 move(s) completed (22 accepted (0.1905 %)). Current N = 2. Average N = 1.326
2021-03-26 06:29:29,587 - INFO: 11600 move(s) completed (22 accepted (0.1897 %)). Current N = 2. Average N = 1.329
2021-03-26 06:29:38,859 - INFO: 11650 move(s) completed (22 accepted (0.1888 %)). Current N = 2. Average N = 1.332
2021-03-26 06:29:47,503 - INFO: 11700 move(s) completed (22 accepted (0.1880 %)). Current N = 2. Average N = 1.335
2021-03-26 06:29:56,689 - INFO: 11750 move(s) completed (22 accepted (0.1872 %)). Current N = 2. Average N = 1.337
2021-03-26 06:30:06,075 - INFO: 11800 move(s) completed (22 accepted (0.1864 %)). Current N = 2. Average N = 1.340
2021-03-26 06:30:14,806 - INFO: 11850 move(s) completed (22 accepted (0.1857 %)). Current N = 2. Average N = 1.343
2021-03-26 06:30:24,050 - INFO: 11900 move(s) completed (22 accepted (0.1849 %)). Current N = 2. Average N = 1.346
2021-03-26 06:30:32,785 - INFO: 11950 move(s) completed (22 accepted (0.1841 %)). Current N = 2. Average N = 1.349
2021-03-26 06:30:42,011 - INFO: 12000 move(s) completed (23 accepted (0.1917 %)). Current N = 3. Average N = 1.352
2021-03-26 06:30:51,341 - INFO: 12050 move(s) completed (24 accepted (0.1992 %)). Current N = 2. Average N = 1.356
2021-03-26 06:31:00,487 - INFO: 12100 move(s) completed (24 accepted (0.1983 %)). Current N = 2. Average N = 1.359
2021-03-26 06:31:09,931 - INFO: 12150 move(s) completed (24 accepted (0.1975 %)). Current N = 2. Average N = 1.362
2021-03-26 06:31:18,734 - INFO: 12200 move(s) completed (24 accepted (0.1967 %)). Current N = 2. Average N = 1.364
2021-03-26 06:31:28,022 - INFO: 12250 move(s) completed (24 accepted (0.1959 %)). Current N = 2. Average N = 1.367
2021-03-26 06:31:36,791 - INFO: 12300 move(s) completed (24 accepted (0.1951 %)). Current N = 2. Average N = 1.369
2021-03-26 06:31:45,800 - INFO: 12350 move(s) completed (24 accepted (0.1943 %)). Current N = 2. Average N = 1.372
2021-03-26 06:31:55,150 - INFO: 12400 move(s) completed (24 accepted (0.1935 %)). Current N = 2. Average N = 1.374
2021-03-26 06:32:04,050 - INFO: 12450 move(s) completed (24 accepted (0.1928 %)). Current N = 2. Average N = 1.377
2021-03-26 06:32:13,554 - INFO: 12500 move(s) completed (24 accepted (0.1920 %)). Current N = 2. Average N = 1.379
2021-03-26 06:32:22,134 - INFO: 12550 move(s) completed (24 accepted (0.1912 %)). Current N = 2. Average N = 1.382
2021-03-26 06:32:31,218 - INFO: 12600 move(s) completed (24 accepted (0.1905 %)). Current N = 2. Average N = 1.384
2021-03-26 06:32:40,720 - INFO: 12650 move(s) completed (24 accepted (0.1897 %)). Current N = 2. Average N = 1.387
2021-03-26 06:32:49,641 - INFO: 12700 move(s) completed (24 accepted (0.1890 %)). Current N = 2. Average N = 1.389
2021-03-26 06:32:58,961 - INFO: 12750 move(s) completed (24 accepted (0.1882 %)). Current N = 2. Average N = 1.392
2021-03-26 06:33:07,599 - INFO: 12800 move(s) completed (24 accepted (0.1875 %)). Current N = 2. Average N = 1.394
2021-03-26 06:33:16,795 - INFO: 12850 move(s) completed (24 accepted (0.1868 %)). Current N = 2. Average N = 1.396
2021-03-26 06:33:25,693 - INFO: 12900 move(s) completed (24 accepted (0.1860 %)). Current N = 2. Average N = 1.399
2021-03-26 06:33:34,745 - INFO: 12950 move(s) completed (24 accepted (0.1853 %)). Current N = 2. Average N = 1.401
2021-03-26 06:33:44,014 - INFO: 13000 move(s) completed (24 accepted (0.1846 %)). Current N = 2. Average N = 1.403
2021-03-26 06:33:52,996 - INFO: 13050 move(s) completed (24 accepted (0.1839 %)). Current N = 2. Average N = 1.406
2021-03-26 06:34:02,262 - INFO: 13100 move(s) completed (24 accepted (0.1832 %)). Current N = 2. Average N = 1.408
2021-03-26 06:34:10,998 - INFO: 13150 move(s) completed (24 accepted (0.1825 %)). Current N = 2. Average N = 1.410
2021-03-26 06:34:20,181 - INFO: 13200 move(s) completed (24 accepted (0.1818 %)). Current N = 2. Average N = 1.412
2021-03-26 06:34:29,073 - INFO: 13250 move(s) completed (24 accepted (0.1811 %)). Current N = 2. Average N = 1.415
2021-03-26 06:34:37,994 - INFO: 13300 move(s) completed (24 accepted (0.1805 %)). Current N = 2. Average N = 1.417
2021-03-26 06:34:47,335 - INFO: 13350 move(s) completed (24 accepted (0.1798 %)). Current N = 2. Average N = 1.419
2021-03-26 06:34:56,301 - INFO: 13400 move(s) completed (24 accepted (0.1791 %)). Current N = 2. Average N = 1.421
2021-03-26 06:35:05,446 - INFO: 13450 move(s) completed (24 accepted (0.1784 %)). Current N = 2. Average N = 1.423
2021-03-26 06:35:14,225 - INFO: 13500 move(s) completed (24 accepted (0.1778 %)). Current N = 2. Average N = 1.425
2021-03-26 06:35:23,379 - INFO: 13550 move(s) completed (24 accepted (0.1771 %)). Current N = 2. Average N = 1.427
2021-03-26 06:35:32,829 - INFO: 13600 move(s) completed (24 accepted (0.1765 %)). Current N = 2. Average N = 1.430
2021-03-26 06:35:41,839 - INFO: 13650 move(s) completed (24 accepted (0.1758 %)). Current N = 2. Average N = 1.432
2021-03-26 06:35:51,246 - INFO: 13700 move(s) completed (25 accepted (0.1825 %)). Current N = 3. Average N = 1.435
2021-03-26 06:36:00,153 - INFO: 13750 move(s) completed (25 accepted (0.1818 %)). Current N = 3. Average N = 1.441
2021-03-26 06:36:09,409 - INFO: 13800 move(s) completed (25 accepted (0.1812 %)). Current N = 3. Average N = 1.446
2021-03-26 06:36:18,083 - INFO: 13850 move(s) completed (25 accepted (0.1805 %)). Current N = 3. Average N = 1.452
2021-03-26 06:36:27,282 - INFO: 13900 move(s) completed (25 accepted (0.1799 %)). Current N = 3. Average N = 1.458
2021-03-26 06:36:36,767 - INFO: 13950 move(s) completed (25 accepted (0.1792 %)). Current N = 3. Average N = 1.463
2021-03-26 06:36:45,778 - INFO: 14000 move(s) completed (25 accepted (0.1786 %)). Current N = 3. Average N = 1.469
2021-03-26 06:36:55,029 - INFO: 14050 move(s) completed (25 accepted (0.1779 %)). Current N = 3. Average N = 1.474
2021-03-26 06:37:03,574 - INFO: 14100 move(s) completed (25 accepted (0.1773 %)). Current N = 3. Average N = 1.480
2021-03-26 06:37:12,872 - INFO: 14150 move(s) completed (25 accepted (0.1767 %)). Current N = 3. Average N = 1.485
2021-03-26 06:37:21,619 - INFO: 14200 move(s) completed (26 accepted (0.1831 %)). Current N = 2. Average N = 1.487
2021-03-26 06:37:30,528 - INFO: 14250 move(s) completed (26 accepted (0.1825 %)). Current N = 2. Average N = 1.489
2021-03-26 06:37:39,774 - INFO: 14300 move(s) completed (26 accepted (0.1818 %)). Current N = 2. Average N = 1.490
2021-03-26 06:37:48,745 - INFO: 14350 move(s) completed (26 accepted (0.1812 %)). Current N = 2. Average N = 1.492
2021-03-26 06:37:57,917 - INFO: 14400 move(s) completed (26 accepted (0.1806 %)). Current N = 2. Average N = 1.494
2021-03-26 06:38:07,080 - INFO: 14450 move(s) completed (26 accepted (0.1799 %)). Current N = 2. Average N = 1.496
2021-03-26 06:38:16,079 - INFO: 14500 move(s) completed (26 accepted (0.1793 %)). Current N = 2. Average N = 1.497
2021-03-26 06:38:25,209 - INFO: 14550 move(s) completed (26 accepted (0.1787 %)). Current N = 2. Average N = 1.499
2021-03-26 06:38:34,120 - INFO: 14600 move(s) completed (26 accepted (0.1781 %)). Current N = 2. Average N = 1.501
2021-03-26 06:38:43,302 - INFO: 14650 move(s) completed (26 accepted (0.1775 %)). Current N = 2. Average N = 1.502
2021-03-26 06:38:52,292 - INFO: 14700 move(s) completed (26 accepted (0.1769 %)). Current N = 2. Average N = 1.504
2021-03-26 06:39:01,288 - INFO: 14750 move(s) completed (26 accepted (0.1763 %)). Current N = 2. Average N = 1.506
2021-03-26 06:39:10,463 - INFO: 14800 move(s) completed (26 accepted (0.1757 %)). Current N = 2. Average N = 1.508
2021-03-26 06:39:19,142 - INFO: 14850 move(s) completed (26 accepted (0.1751 %)). Current N = 2. Average N = 1.509
2021-03-26 06:39:28,484 - INFO: 14900 move(s) completed (26 accepted (0.1745 %)). Current N = 2. Average N = 1.511
2021-03-26 06:39:37,540 - INFO: 14950 move(s) completed (26 accepted (0.1739 %)). Current N = 2. Average N = 1.512
2021-03-26 06:39:46,626 - INFO: 15000 move(s) completed (28 accepted (0.1867 %)). Current N = 2. Average N = 1.515
2021-03-26 06:39:56,172 - INFO: 15050 move(s) completed (28 accepted (0.1860 %)). Current N = 2. Average N = 1.517
2021-03-26 06:40:05,268 - INFO: 15100 move(s) completed (28 accepted (0.1854 %)). Current N = 2. Average N = 1.518
2021-03-26 06:40:14,643 - INFO: 15150 move(s) completed (28 accepted (0.1848 %)). Current N = 2. Average N = 1.520
2021-03-26 06:40:23,506 - INFO: 15200 move(s) completed (28 accepted (0.1842 %)). Current N = 2. Average N = 1.521
2021-03-26 06:40:32,585 - INFO: 15250 move(s) completed (28 accepted (0.1836 %)). Current N = 2. Average N = 1.523
2021-03-26 06:40:41,203 - INFO: 15300 move(s) completed (28 accepted (0.1830 %)). Current N = 2. Average N = 1.524
2021-03-26 06:40:50,167 - INFO: 15350 move(s) completed (28 accepted (0.1824 %)). Current N = 2. Average N = 1.526
2021-03-26 06:40:59,650 - INFO: 15400 move(s) completed (28 accepted (0.1818 %)). Current N = 2. Average N = 1.528
2021-03-26 06:41:08,612 - INFO: 15450 move(s) completed (28 accepted (0.1812 %)). Current N = 2. Average N = 1.529
2021-03-26 06:41:17,663 - INFO: 15500 move(s) completed (28 accepted (0.1806 %)). Current N = 2. Average N = 1.531
2021-03-26 06:41:26,207 - INFO: 15550 move(s) completed (28 accepted (0.1801 %)). Current N = 2. Average N = 1.532
2021-03-26 06:41:35,332 - INFO: 15600 move(s) completed (28 accepted (0.1795 %)). Current N = 2. Average N = 1.534
2021-03-26 06:41:44,900 - INFO: 15650 move(s) completed (28 accepted (0.1789 %)). Current N = 2. Average N = 1.535
2021-03-26 06:41:53,986 - INFO: 15700 move(s) completed (28 accepted (0.1783 %)). Current N = 2. Average N = 1.537
2021-03-26 06:42:03,244 - INFO: 15750 move(s) completed (28 accepted (0.1778 %)). Current N = 2. Average N = 1.538
2021-03-26 06:42:12,235 - INFO: 15800 move(s) completed (28 accepted (0.1772 %)). Current N = 2. Average N = 1.540
2021-03-26 06:42:21,345 - INFO: 15850 move(s) completed (28 accepted (0.1767 %)). Current N = 2. Average N = 1.541
2021-03-26 06:42:31,026 - INFO: 15900 move(s) completed (28 accepted (0.1761 %)). Current N = 2. Average N = 1.542
2021-03-26 06:42:40,088 - INFO: 15950 move(s) completed (28 accepted (0.1755 %)). Current N = 2. Average N = 1.544
2021-03-26 06:42:49,499 - INFO: 16000 move(s) completed (28 accepted (0.1750 %)). Current N = 2. Average N = 1.545
2021-03-26 06:42:58,252 - INFO: 16050 move(s) completed (28 accepted (0.1745 %)). Current N = 2. Average N = 1.547
2021-03-26 06:43:07,478 - INFO: 16100 move(s) completed (28 accepted (0.1739 %)). Current N = 2. Average N = 1.548
2021-03-26 06:43:16,222 - INFO: 16150 move(s) completed (28 accepted (0.1734 %)). Current N = 2. Average N = 1.550
2021-03-26 06:43:25,460 - INFO: 16200 move(s) completed (28 accepted (0.1728 %)). Current N = 2. Average N = 1.551
2021-03-26 06:43:34,943 - INFO: 16250 move(s) completed (28 accepted (0.1723 %)). Current N = 2. Average N = 1.552
2021-03-26 06:43:43,750 - INFO: 16300 move(s) completed (28 accepted (0.1718 %)). Current N = 2. Average N = 1.554
2021-03-26 06:43:53,207 - INFO: 16350 move(s) completed (28 accepted (0.1713 %)). Current N = 2. Average N = 1.555
2021-03-26 06:44:02,201 - INFO: 16400 move(s) completed (28 accepted (0.1707 %)). Current N = 2. Average N = 1.556
2021-03-26 06:44:11,403 - INFO: 16450 move(s) completed (28 accepted (0.1702 %)). Current N = 2. Average N = 1.558
2021-03-26 06:44:20,744 - INFO: 16500 move(s) completed (28 accepted (0.1697 %)). Current N = 2. Average N = 1.559
2021-03-26 06:44:29,689 - INFO: 16550 move(s) completed (28 accepted (0.1692 %)). Current N = 2. Average N = 1.560
2021-03-26 06:44:38,584 - INFO: 16600 move(s) completed (28 accepted (0.1687 %)). Current N = 2. Average N = 1.562
2021-03-26 06:44:47,324 - INFO: 16650 move(s) completed (28 accepted (0.1682 %)). Current N = 2. Average N = 1.563
2021-03-26 06:44:56,616 - INFO: 16700 move(s) completed (28 accepted (0.1677 %)). Current N = 2. Average N = 1.564
2021-03-26 06:45:06,111 - INFO: 16750 move(s) completed (28 accepted (0.1672 %)). Current N = 2. Average N = 1.566
2021-03-26 06:45:15,247 - INFO: 16800 move(s) completed (28 accepted (0.1667 %)). Current N = 2. Average N = 1.567
2021-03-26 06:45:24,540 - INFO: 16850 move(s) completed (28 accepted (0.1662 %)). Current N = 2. Average N = 1.568
2021-03-26 06:45:33,553 - INFO: 16900 move(s) completed (28 accepted (0.1657 %)). Current N = 2. Average N = 1.569
2021-03-26 06:45:42,808 - INFO: 16950 move(s) completed (28 accepted (0.1652 %)). Current N = 2. Average N = 1.571
2021-03-26 06:45:52,250 - INFO: 17000 move(s) completed (28 accepted (0.1647 %)). Current N = 2. Average N = 1.572
2021-03-26 06:46:01,053 - INFO: 17050 move(s) completed (28 accepted (0.1642 %)). Current N = 2. Average N = 1.573
2021-03-26 06:46:10,518 - INFO: 17100 move(s) completed (28 accepted (0.1637 %)). Current N = 2. Average N = 1.575
2021-03-26 06:46:19,294 - INFO: 17150 move(s) completed (28 accepted (0.1633 %)). Current N = 2. Average N = 1.576
2021-03-26 06:46:28,662 - INFO: 17200 move(s) completed (28 accepted (0.1628 %)). Current N = 2. Average N = 1.577
2021-03-26 06:46:37,409 - INFO: 17250 move(s) completed (28 accepted (0.1623 %)). Current N = 2. Average N = 1.578
2021-03-26 06:46:46,470 - INFO: 17300 move(s) completed (28 accepted (0.1618 %)). Current N = 2. Average N = 1.579
2021-03-26 06:46:55,895 - INFO: 17350 move(s) completed (28 accepted (0.1614 %)). Current N = 2. Average N = 1.581
2021-03-26 06:47:05,057 - INFO: 17400 move(s) completed (28 accepted (0.1609 %)). Current N = 2. Average N = 1.582
2021-03-26 06:47:14,500 - INFO: 17450 move(s) completed (28 accepted (0.1605 %)). Current N = 2. Average N = 1.583
2021-03-26 06:47:23,283 - INFO: 17500 move(s) completed (28 accepted (0.1600 %)). Current N = 2. Average N = 1.584
2021-03-26 06:47:32,437 - INFO: 17550 move(s) completed (28 accepted (0.1595 %)). Current N = 2. Average N = 1.585
2021-03-26 06:47:41,159 - INFO: 17600 move(s) completed (28 accepted (0.1591 %)). Current N = 2. Average N = 1.587
2021-03-26 06:47:50,082 - INFO: 17650 move(s) completed (28 accepted (0.1586 %)). Current N = 2. Average N = 1.588
2021-03-26 06:47:59,433 - INFO: 17700 move(s) completed (28 accepted (0.1582 %)). Current N = 2. Average N = 1.589
2021-03-26 06:48:08,341 - INFO: 17750 move(s) completed (28 accepted (0.1577 %)). Current N = 2. Average N = 1.590
2021-03-26 06:48:17,436 - INFO: 17800 move(s) completed (28 accepted (0.1573 %)). Current N = 2. Average N = 1.591
2021-03-26 06:48:26,028 - INFO: 17850 move(s) completed (28 accepted (0.1569 %)). Current N = 2. Average N = 1.592
2021-03-26 06:48:35,300 - INFO: 17900 move(s) completed (28 accepted (0.1564 %)). Current N = 2. Average N = 1.594
2021-03-26 06:48:44,302 - INFO: 17950 move(s) completed (28 accepted (0.1560 %)). Current N = 2. Average N = 1.595
2021-03-26 06:48:53,449 - INFO: 18000 move(s) completed (28 accepted (0.1556 %)). Current N = 2. Average N = 1.596
2021-03-26 06:49:02,939 - INFO: 18050 move(s) completed (28 accepted (0.1551 %)). Current N = 2. Average N = 1.597
2021-03-26 06:49:11,949 - INFO: 18100 move(s) completed (28 accepted (0.1547 %)). Current N = 2. Average N = 1.598
2021-03-26 06:49:21,290 - INFO: 18150 move(s) completed (28 accepted (0.1543 %)). Current N = 2. Average N = 1.599
2021-03-26 06:49:29,926 - INFO: 18200 move(s) completed (28 accepted (0.1538 %)). Current N = 2. Average N = 1.600
2021-03-26 06:49:38,978 - INFO: 18250 move(s) completed (28 accepted (0.1534 %)). Current N = 2. Average N = 1.601
2021-03-26 06:49:48,510 - INFO: 18300 move(s) completed (28 accepted (0.1530 %)). Current N = 2. Average N = 1.603
2021-03-26 06:49:57,479 - INFO: 18350 move(s) completed (28 accepted (0.1526 %)). Current N = 2. Average N = 1.603
2021-03-26 06:50:06,734 - INFO: 18400 move(s) completed (28 accepted (0.1522 %)). Current N = 2. Average N = 1.605
2021-03-26 06:50:15,553 - INFO: 18450 move(s) completed (28 accepted (0.1518 %)). Current N = 2. Average N = 1.606
2021-03-26 06:50:24,729 - INFO: 18500 move(s) completed (28 accepted (0.1514 %)). Current N = 2. Average N = 1.607
2021-03-26 06:50:34,217 - INFO: 18550 move(s) completed (28 accepted (0.1509 %)). Current N = 2. Average N = 1.608
2021-03-26 06:50:43,148 - INFO: 18600 move(s) completed (28 accepted (0.1505 %)). Current N = 2. Average N = 1.609
2021-03-26 06:50:52,567 - INFO: 18650 move(s) completed (28 accepted (0.1501 %)). Current N = 2. Average N = 1.610
2021-03-26 06:51:01,272 - INFO: 18700 move(s) completed (28 accepted (0.1497 %)). Current N = 2. Average N = 1.611
2021-03-26 06:51:10,451 - INFO: 18750 move(s) completed (28 accepted (0.1493 %)). Current N = 2. Average N = 1.612
2021-03-26 06:51:19,073 - INFO: 18800 move(s) completed (28 accepted (0.1489 %)). Current N = 2. Average N = 1.613
2021-03-26 06:51:28,341 - INFO: 18850 move(s) completed (28 accepted (0.1485 %)). Current N = 2. Average N = 1.614
2021-03-26 06:51:37,898 - INFO: 18900 move(s) completed (28 accepted (0.1481 %)). Current N = 2. Average N = 1.615
2021-03-26 06:51:46,872 - INFO: 18950 move(s) completed (28 accepted (0.1478 %)). Current N = 2. Average N = 1.616
2021-03-26 06:51:55,798 - INFO: 19000 move(s) completed (28 accepted (0.1474 %)). Current N = 2. Average N = 1.617
2021-03-26 06:52:04,312 - INFO: 19050 move(s) completed (28 accepted (0.1470 %)). Current N = 2. Average N = 1.618
2021-03-26 06:52:13,747 - INFO: 19100 move(s) completed (28 accepted (0.1466 %)). Current N = 2. Average N = 1.619
2021-03-26 06:52:23,201 - INFO: 19150 move(s) completed (28 accepted (0.1462 %)). Current N = 2. Average N = 1.620
2021-03-26 06:52:32,245 - INFO: 19200 move(s) completed (28 accepted (0.1458 %)). Current N = 2. Average N = 1.621
2021-03-26 06:52:41,443 - INFO: 19250 move(s) completed (28 accepted (0.1455 %)). Current N = 2. Average N = 1.622
2021-03-26 06:52:50,144 - INFO: 19300 move(s) completed (28 accepted (0.1451 %)). Current N = 2. Average N = 1.623
2021-03-26 06:52:59,419 - INFO: 19350 move(s) completed (28 accepted (0.1447 %)). Current N = 2. Average N = 1.624
2021-03-26 06:53:08,879 - INFO: 19400 move(s) completed (28 accepted (0.1443 %)). Current N = 2. Average N = 1.625
2021-03-26 06:53:17,926 - INFO: 19450 move(s) completed (28 accepted (0.1440 %)). Current N = 2. Average N = 1.626
2021-03-26 06:53:27,260 - INFO: 19500 move(s) completed (28 accepted (0.1436 %)). Current N = 2. Average N = 1.627
2021-03-26 06:53:36,086 - INFO: 19550 move(s) completed (28 accepted (0.1432 %)). Current N = 2. Average N = 1.628
2021-03-26 06:53:45,054 - INFO: 19600 move(s) completed (30 accepted (0.1531 %)). Current N = 2. Average N = 1.629
2021-03-26 06:53:53,858 - INFO: 19650 move(s) completed (30 accepted (0.1527 %)). Current N = 2. Average N = 1.630
2021-03-26 06:54:03,311 - INFO: 19700 move(s) completed (30 accepted (0.1523 %)). Current N = 2. Average N = 1.631
2021-03-26 06:54:12,739 - INFO: 19750 move(s) completed (30 accepted (0.1519 %)). Current N = 2. Average N = 1.632
2021-03-26 06:54:21,818 - INFO: 19800 move(s) completed (30 accepted (0.1515 %)). Current N = 2. Average N = 1.633
2021-03-26 06:54:30,862 - INFO: 19850 move(s) completed (30 accepted (0.1511 %)). Current N = 2. Average N = 1.634
2021-03-26 06:54:39,621 - INFO: 19900 move(s) completed (30 accepted (0.1508 %)). Current N = 2. Average N = 1.635
2021-03-26 06:54:48,911 - INFO: 19950 move(s) completed (30 accepted (0.1504 %)). Current N = 2. Average N = 1.635
2021-03-26 06:54:57,601 - INFO: 20000 move(s) completed (30 accepted (0.1500 %)). Current N = 2. Average N = 1.636
2021-03-26 06:55:06,596 - INFO: 20050 move(s) completed (30 accepted (0.1496 %)). Current N = 2. Average N = 1.637
2021-03-26 06:55:15,719 - INFO: 20100 move(s) completed (30 accepted (0.1493 %)). Current N = 2. Average N = 1.638
2021-03-26 06:55:24,752 - INFO: 20150 move(s) completed (30 accepted (0.1489 %)). Current N = 2. Average N = 1.639
2021-03-26 06:55:33,960 - INFO: 20200 move(s) completed (30 accepted (0.1485 %)). Current N = 2. Average N = 1.640
2021-03-26 06:55:42,684 - INFO: 20250 move(s) completed (30 accepted (0.1481 %)). Current N = 2. Average N = 1.641
2021-03-26 06:55:51,779 - INFO: 20300 move(s) completed (30 accepted (0.1478 %)). Current N = 2. Average N = 1.642
2021-03-26 06:56:01,240 - INFO: 20350 move(s) completed (30 accepted (0.1474 %)). Current N = 2. Average N = 1.643
2021-03-26 06:56:10,390 - INFO: 20400 move(s) completed (30 accepted (0.1471 %)). Current N = 2. Average N = 1.643
2021-03-26 06:56:19,694 - INFO: 20450 move(s) completed (30 accepted (0.1467 %)). Current N = 2. Average N = 1.644
2021-03-26 06:56:28,541 - INFO: 20500 move(s) completed (30 accepted (0.1463 %)). Current N = 2. Average N = 1.645
2021-03-26 06:56:37,950 - INFO: 20550 move(s) completed (30 accepted (0.1460 %)). Current N = 2. Average N = 1.646
2021-03-26 06:56:46,553 - INFO: 20600 move(s) completed (30 accepted (0.1456 %)). Current N = 2. Average N = 1.647
2021-03-26 06:56:55,477 - INFO: 20650 move(s) completed (30 accepted (0.1453 %)). Current N = 2. Average N = 1.648
2021-03-26 06:57:05,069 - INFO: 20700 move(s) completed (30 accepted (0.1449 %)). Current N = 2. Average N = 1.649
2021-03-26 06:57:14,061 - INFO: 20750 move(s) completed (30 accepted (0.1446 %)). Current N = 2. Average N = 1.649
2021-03-26 06:57:23,370 - INFO: 20800 move(s) completed (30 accepted (0.1442 %)). Current N = 2. Average N = 1.650
2021-03-26 06:57:32,021 - INFO: 20850 move(s) completed (30 accepted (0.1439 %)). Current N = 2. Average N = 1.651
2021-03-26 06:57:41,259 - INFO: 20900 move(s) completed (30 accepted (0.1435 %)). Current N = 2. Average N = 1.652
2021-03-26 06:57:50,786 - INFO: 20950 move(s) completed (30 accepted (0.1432 %)). Current N = 2. Average N = 1.653
2021-03-26 06:57:59,822 - INFO: 21000 move(s) completed (31 accepted (0.1476 %)). Current N = 3. Average N = 1.654
2021-03-26 06:58:09,251 - INFO: 21050 move(s) completed (31 accepted (0.1473 %)). Current N = 3. Average N = 1.657
2021-03-26 06:58:18,027 - INFO: 21100 move(s) completed (31 accepted (0.1469 %)). Current N = 3. Average N = 1.660
2021-03-26 06:58:27,102 - INFO: 21150 move(s) completed (31 accepted (0.1466 %)). Current N = 3. Average N = 1.664
2021-03-26 06:58:36,667 - INFO: 21200 move(s) completed (31 accepted (0.1462 %)). Current N = 3. Average N = 1.667
2021-03-26 06:58:45,677 - INFO: 21250 move(s) completed (31 accepted (0.1459 %)). Current N = 3. Average N = 1.670
2021-03-26 06:58:55,002 - INFO: 21300 move(s) completed (31 accepted (0.1455 %)). Current N = 3. Average N = 1.673
2021-03-26 06:59:03,900 - INFO: 21350 move(s) completed (31 accepted (0.1452 %)). Current N = 3. Average N = 1.676
2021-03-26 06:59:13,011 - INFO: 21400 move(s) completed (31 accepted (0.1449 %)). Current N = 3. Average N = 1.679
2021-03-26 06:59:21,752 - INFO: 21450 move(s) completed (31 accepted (0.1445 %)). Current N = 3. Average N = 1.682
2021-03-26 06:59:30,556 - INFO: 21500 move(s) completed (32 accepted (0.1488 %)). Current N = 2. Average N = 1.684
2021-03-26 06:59:39,958 - INFO: 21550 move(s) completed (32 accepted (0.1485 %)). Current N = 2. Average N = 1.685
2021-03-26 06:59:48,893 - INFO: 21600 move(s) completed (32 accepted (0.1481 %)). Current N = 2. Average N = 1.685
2021-03-26 06:59:58,176 - INFO: 21650 move(s) completed (32 accepted (0.1478 %)). Current N = 2. Average N = 1.686
2021-03-26 07:00:06,913 - INFO: 21700 move(s) completed (32 accepted (0.1475 %)). Current N = 2. Average N = 1.687
2021-03-26 07:00:16,256 - INFO: 21750 move(s) completed (32 accepted (0.1471 %)). Current N = 2. Average N = 1.688
2021-03-26 07:00:24,901 - INFO: 21800 move(s) completed (32 accepted (0.1468 %)). Current N = 2. Average N = 1.688
2021-03-26 07:00:33,764 - INFO: 21850 move(s) completed (32 accepted (0.1465 %)). Current N = 2. Average N = 1.689
2021-03-26 07:00:43,030 - INFO: 21900 move(s) completed (32 accepted (0.1461 %)). Current N = 2. Average N = 1.690
2021-03-26 07:00:51,901 - INFO: 21950 move(s) completed (32 accepted (0.1458 %)). Current N = 2. Average N = 1.690
2021-03-26 07:01:01,299 - INFO: 22000 move(s) completed (32 accepted (0.1455 %)). Current N = 2. Average N = 1.691
2021-03-26 07:01:10,270 - INFO: 22050 move(s) completed (32 accepted (0.1451 %)). Current N = 2. Average N = 1.692
2021-03-26 07:01:19,228 - INFO: 22100 move(s) completed (32 accepted (0.1448 %)). Current N = 2. Average N = 1.693
2021-03-26 07:01:28,005 - INFO: 22150 move(s) completed (32 accepted (0.1445 %)). Current N = 2. Average N = 1.693
2021-03-26 07:01:37,309 - INFO: 22200 move(s) completed (32 accepted (0.1441 %)). Current N = 2. Average N = 1.694
2021-03-26 07:01:46,859 - INFO: 22250 move(s) completed (32 accepted (0.1438 %)). Current N = 2. Average N = 1.695
2021-03-26 07:01:55,764 - INFO: 22300 move(s) completed (32 accepted (0.1435 %)). Current N = 2. Average N = 1.695
2021-03-26 07:02:05,105 - INFO: 22350 move(s) completed (32 accepted (0.1432 %)). Current N = 2. Average N = 1.696
2021-03-26 07:02:13,915 - INFO: 22400 move(s) completed (32 accepted (0.1429 %)). Current N = 2. Average N = 1.697
2021-03-26 07:02:22,944 - INFO: 22450 move(s) completed (32 accepted (0.1425 %)). Current N = 2. Average N = 1.697
2021-03-26 07:02:32,305 - INFO: 22500 move(s) completed (32 accepted (0.1422 %)). Current N = 2. Average N = 1.698
2021-03-26 07:02:41,225 - INFO: 22550 move(s) completed (32 accepted (0.1419 %)). Current N = 2. Average N = 1.699
2021-03-26 07:02:50,495 - INFO: 22600 move(s) completed (32 accepted (0.1416 %)). Current N = 2. Average N = 1.699
2021-03-26 07:02:59,433 - INFO: 22650 move(s) completed (32 accepted (0.1413 %)). Current N = 2. Average N = 1.700
2021-03-26 07:03:08,445 - INFO: 22700 move(s) completed (32 accepted (0.1410 %)). Current N = 2. Average N = 1.701
2021-03-26 07:03:17,193 - INFO: 22750 move(s) completed (32 accepted (0.1407 %)). Current N = 2. Average N = 1.701
2021-03-26 07:03:26,175 - INFO: 22800 move(s) completed (32 accepted (0.1404 %)). Current N = 2. Average N = 1.702
2021-03-26 07:03:35,591 - INFO: 22850 move(s) completed (32 accepted (0.1400 %)). Current N = 2. Average N = 1.703
2021-03-26 07:03:44,721 - INFO: 22900 move(s) completed (32 accepted (0.1397 %)). Current N = 2. Average N = 1.703
2021-03-26 07:03:53,962 - INFO: 22950 move(s) completed (32 accepted (0.1394 %)). Current N = 2. Average N = 1.704
2021-03-26 07:04:02,831 - INFO: 23000 move(s) completed (32 accepted (0.1391 %)). Current N = 2. Average N = 1.705
2021-03-26 07:04:11,820 - INFO: 23050 move(s) completed (32 accepted (0.1388 %)). Current N = 2. Average N = 1.705
2021-03-26 07:04:20,554 - INFO: 23100 move(s) completed (32 accepted (0.1385 %)). Current N = 2. Average N = 1.706
2021-03-26 07:04:29,662 - INFO: 23150 move(s) completed (32 accepted (0.1382 %)). Current N = 2. Average N = 1.706
2021-03-26 07:04:39,041 - INFO: 23200 move(s) completed (32 accepted (0.1379 %)). Current N = 2. Average N = 1.707
2021-03-26 07:04:48,138 - INFO: 23250 move(s) completed (32 accepted (0.1376 %)). Current N = 2. Average N = 1.708
2021-03-26 07:04:57,463 - INFO: 23300 move(s) completed (32 accepted (0.1373 %)). Current N = 2. Average N = 1.708
2021-03-26 07:05:06,141 - INFO: 23350 move(s) completed (32 accepted (0.1370 %)). Current N = 2. Average N = 1.709
2021-03-26 07:05:15,235 - INFO: 23400 move(s) completed (32 accepted (0.1368 %)). Current N = 2. Average N = 1.710
2021-03-26 07:05:24,907 - INFO: 23450 move(s) completed (32 accepted (0.1365 %)). Current N = 2. Average N = 1.710
2021-03-26 07:05:33,861 - INFO: 23500 move(s) completed (32 accepted (0.1362 %)). Current N = 2. Average N = 1.711
2021-03-26 07:05:43,107 - INFO: 23550 move(s) completed (32 accepted (0.1359 %)). Current N = 2. Average N = 1.712
2021-03-26 07:05:51,775 - INFO: 23600 move(s) completed (32 accepted (0.1356 %)). Current N = 2. Average N = 1.712
2021-03-26 07:06:01,199 - INFO: 23650 move(s) completed (32 accepted (0.1353 %)). Current N = 2. Average N = 1.713
2021-03-26 07:06:10,021 - INFO: 23700 move(s) completed (32 accepted (0.1350 %)). Current N = 2. Average N = 1.713
2021-03-26 07:06:19,072 - INFO: 23750 move(s) completed (32 accepted (0.1347 %)). Current N = 2. Average N = 1.714
2021-03-26 07:06:28,339 - INFO: 23800 move(s) completed (32 accepted (0.1345 %)). Current N = 2. Average N = 1.714
2021-03-26 07:06:37,147 - INFO: 23850 move(s) completed (32 accepted (0.1342 %)). Current N = 2. Average N = 1.715
2021-03-26 07:06:46,424 - INFO: 23900 move(s) completed (32 accepted (0.1339 %)). Current N = 2. Average N = 1.716
2021-03-26 07:06:55,436 - INFO: 23950 move(s) completed (32 accepted (0.1336 %)). Current N = 2. Average N = 1.716
2021-03-26 07:07:04,558 - INFO: 24000 move(s) completed (32 accepted (0.1333 %)). Current N = 2. Average N = 1.717
2021-03-26 07:07:14,106 - INFO: 24050 move(s) completed (32 accepted (0.1331 %)). Current N = 2. Average N = 1.718
2021-03-26 07:07:23,274 - INFO: 24100 move(s) completed (32 accepted (0.1328 %)). Current N = 2. Average N = 1.718
2021-03-26 07:07:32,557 - INFO: 24150 move(s) completed (32 accepted (0.1325 %)). Current N = 2. Average N = 1.719
2021-03-26 07:07:41,290 - INFO: 24200 move(s) completed (32 accepted (0.1322 %)). Current N = 2. Average N = 1.719
2021-03-26 07:07:50,166 - INFO: 24250 move(s) completed (32 accepted (0.1320 %)). Current N = 2. Average N = 1.720
2021-03-26 07:07:58,910 - INFO: 24300 move(s) completed (32 accepted (0.1317 %)). Current N = 2. Average N = 1.720
2021-03-26 07:08:07,998 - INFO: 24350 move(s) completed (32 accepted (0.1314 %)). Current N = 2. Average N = 1.721
2021-03-26 07:08:17,380 - INFO: 24400 move(s) completed (32 accepted (0.1311 %)). Current N = 2. Average N = 1.722
2021-03-26 07:08:26,317 - INFO: 24450 move(s) completed (32 accepted (0.1309 %)). Current N = 2. Average N = 1.722
2021-03-26 07:08:35,582 - INFO: 24500 move(s) completed (33 accepted (0.1347 %)). Current N = 3. Average N = 1.723
2021-03-26 07:08:44,517 - INFO: 24550 move(s) completed (33 accepted (0.1344 %)). Current N = 3. Average N = 1.725
2021-03-26 07:08:53,734 - INFO: 24600 move(s) completed (33 accepted (0.1341 %)). Current N = 3. Average N = 1.728
2021-03-26 07:09:02,498 - INFO: 24650 move(s) completed (33 accepted (0.1339 %)). Current N = 3. Average N = 1.730
2021-03-26 07:09:11,474 - INFO: 24700 move(s) completed (33 accepted (0.1336 %)). Current N = 3. Average N = 1.733
2021-03-26 07:09:21,030 - INFO: 24750 move(s) completed (33 accepted (0.1333 %)). Current N = 3. Average N = 1.736
2021-03-26 07:09:29,872 - INFO: 24800 move(s) completed (34 accepted (0.1371 %)). Current N = 2. Average N = 1.738
2021-03-26 07:09:38,960 - INFO: 24850 move(s) completed (34 accepted (0.1368 %)). Current N = 2. Average N = 1.738
2021-03-26 07:09:48,061 - INFO: 24900 move(s) completed (34 accepted (0.1365 %)). Current N = 2. Average N = 1.739
2021-03-26 07:09:57,327 - INFO: 24950 move(s) completed (34 accepted (0.1363 %)). Current N = 2. Average N = 1.739
2021-03-26 07:10:06,682 - INFO: 25000 move(s) completed (34 accepted (0.1360 %)). Current N = 2. Average N = 1.740
2021-03-26 07:10:15,720 - INFO: 25050 move(s) completed (34 accepted (0.1357 %)). Current N = 2. Average N = 1.740
2021-03-26 07:10:25,106 - INFO: 25100 move(s) completed (34 accepted (0.1355 %)). Current N = 2. Average N = 1.741
2021-03-26 07:10:33,878 - INFO: 25150 move(s) completed (34 accepted (0.1352 %)). Current N = 2. Average N = 1.741
2021-03-26 07:10:42,881 - INFO: 25200 move(s) completed (34 accepted (0.1349 %)). Current N = 2. Average N = 1.742
2021-03-26 07:10:52,276 - INFO: 25250 move(s) completed (34 accepted (0.1347 %)). Current N = 2. Average N = 1.742
2021-03-26 07:11:01,656 - INFO: 25300 move(s) completed (34 accepted (0.1344 %)). Current N = 2. Average N = 1.743
2021-03-26 07:11:11,228 - INFO: 25350 move(s) completed (34 accepted (0.1341 %)). Current N = 2. Average N = 1.744
2021-03-26 07:11:20,012 - INFO: 25400 move(s) completed (34 accepted (0.1339 %)). Current N = 2. Average N = 1.744
2021-03-26 07:11:29,136 - INFO: 25450 move(s) completed (34 accepted (0.1336 %)). Current N = 2. Average N = 1.744
2021-03-26 07:11:37,816 - INFO: 25500 move(s) completed (34 accepted (0.1333 %)). Current N = 2. Average N = 1.745
2021-03-26 07:11:46,831 - INFO: 25550 move(s) completed (34 accepted (0.1331 %)). Current N = 2. Average N = 1.746
2021-03-26 07:11:56,272 - INFO: 25600 move(s) completed (34 accepted (0.1328 %)). Current N = 2. Average N = 1.746
2021-03-26 07:12:05,282 - INFO: 25650 move(s) completed (34 accepted (0.1326 %)). Current N = 2. Average N = 1.746
2021-03-26 07:12:14,543 - INFO: 25700 move(s) completed (34 accepted (0.1323 %)). Current N = 2. Average N = 1.747
2021-03-26 07:12:22,942 - INFO: 25750 move(s) completed (34 accepted (0.1320 %)). Current N = 2. Average N = 1.748
2021-03-26 07:12:32,000 - INFO: 25800 move(s) completed (34 accepted (0.1318 %)). Current N = 2. Average N = 1.748
2021-03-26 07:12:41,326 - INFO: 25850 move(s) completed (34 accepted (0.1315 %)). Current N = 2. Average N = 1.748
2021-03-26 07:12:50,229 - INFO: 25900 move(s) completed (34 accepted (0.1313 %)). Current N = 2. Average N = 1.749
2021-03-26 07:12:59,622 - INFO: 25950 move(s) completed (34 accepted (0.1310 %)). Current N = 2. Average N = 1.749
2021-03-26 07:13:08,566 - INFO: 26000 move(s) completed (34 accepted (0.1308 %)). Current N = 2. Average N = 1.750
2021-03-26 07:13:17,902 - INFO: 26050 move(s) completed (34 accepted (0.1305 %)). Current N = 2. Average N = 1.750
2021-03-26 07:13:26,837 - INFO: 26100 move(s) completed (34 accepted (0.1303 %)). Current N = 2. Average N = 1.751
2021-03-26 07:13:35,788 - INFO: 26150 move(s) completed (34 accepted (0.1300 %)). Current N = 2. Average N = 1.751
2021-03-26 07:13:45,321 - INFO: 26200 move(s) completed (34 accepted (0.1298 %)). Current N = 2. Average N = 1.752
2021-03-26 07:13:54,271 - INFO: 26250 move(s) completed (34 accepted (0.1295 %)). Current N = 2. Average N = 1.752
2021-03-26 07:14:03,412 - INFO: 26300 move(s) completed (34 accepted (0.1293 %)). Current N = 2. Average N = 1.753
2021-03-26 07:14:12,184 - INFO: 26350 move(s) completed (34 accepted (0.1290 %)). Current N = 2. Average N = 1.753
2021-03-26 07:14:21,385 - INFO: 26400 move(s) completed (34 accepted (0.1288 %)). Current N = 2. Average N = 1.754
2021-03-26 07:14:30,236 - INFO: 26450 move(s) completed (34 accepted (0.1285 %)). Current N = 2. Average N = 1.754
2021-03-26 07:14:39,245 - INFO: 26500 move(s) completed (34 accepted (0.1283 %)). Current N = 2. Average N = 1.755
2021-03-26 07:14:48,700 - INFO: 26550 move(s) completed (34 accepted (0.1281 %)). Current N = 2. Average N = 1.755
2021-03-26 07:14:57,561 - INFO: 26600 move(s) completed (34 accepted (0.1278 %)). Current N = 2. Average N = 1.756
2021-03-26 07:15:06,665 - INFO: 26650 move(s) completed (36 accepted (0.1351 %)). Current N = 2. Average N = 1.756
2021-03-26 07:15:15,498 - INFO: 26700 move(s) completed (36 accepted (0.1348 %)). Current N = 2. Average N = 1.757
2021-03-26 07:15:24,638 - INFO: 26750 move(s) completed (36 accepted (0.1346 %)). Current N = 2. Average N = 1.757
2021-03-26 07:15:33,820 - INFO: 26800 move(s) completed (36 accepted (0.1343 %)). Current N = 2. Average N = 1.758
2021-03-26 07:15:42,685 - INFO: 26850 move(s) completed (36 accepted (0.1341 %)). Current N = 2. Average N = 1.758
2021-03-26 07:15:51,917 - INFO: 26900 move(s) completed (36 accepted (0.1338 %)). Current N = 2. Average N = 1.758
2021-03-26 07:16:00,708 - INFO: 26950 move(s) completed (36 accepted (0.1336 %)). Current N = 2. Average N = 1.759
2021-03-26 07:16:09,915 - INFO: 27000 move(s) completed (36 accepted (0.1333 %)). Current N = 2. Average N = 1.759
2021-03-26 07:16:19,232 - INFO: 27050 move(s) completed (36 accepted (0.1331 %)). Current N = 2. Average N = 1.760
2021-03-26 07:16:28,252 - INFO: 27100 move(s) completed (36 accepted (0.1328 %)). Current N = 2. Average N = 1.760
2021-03-26 07:16:37,583 - INFO: 27150 move(s) completed (36 accepted (0.1326 %)). Current N = 2. Average N = 1.761
2021-03-26 07:16:46,568 - INFO: 27200 move(s) completed (36 accepted (0.1324 %)). Current N = 2. Average N = 1.761
2021-03-26 07:16:55,637 - INFO: 27250 move(s) completed (36 accepted (0.1321 %)). Current N = 2. Average N = 1.762
2021-03-26 07:17:05,288 - INFO: 27300 move(s) completed (36 accepted (0.1319 %)). Current N = 2. Average N = 1.762
2021-03-26 07:17:14,143 - INFO: 27350 move(s) completed (36 accepted (0.1316 %)). Current N = 2. Average N = 1.762
2021-03-26 07:17:23,306 - INFO: 27400 move(s) completed (36 accepted (0.1314 %)). Current N = 2. Average N = 1.763
2021-03-26 07:17:32,265 - INFO: 27450 move(s) completed (36 accepted (0.1311 %)). Current N = 2. Average N = 1.763
2021-03-26 07:17:41,748 - INFO: 27500 move(s) completed (36 accepted (0.1309 %)). Current N = 2. Average N = 1.764
2021-03-26 07:17:50,413 - INFO: 27550 move(s) completed (36 accepted (0.1307 %)). Current N = 2. Average N = 1.764
2021-03-26 07:17:59,577 - INFO: 27600 move(s) completed (36 accepted (0.1304 %)). Current N = 2. Average N = 1.765
2021-03-26 07:18:09,028 - INFO: 27650 move(s) completed (38 accepted (0.1374 %)). Current N = 2. Average N = 1.765
2021-03-26 07:18:17,806 - INFO: 27700 move(s) completed (38 accepted (0.1372 %)). Current N = 2. Average N = 1.766
2021-03-26 07:18:27,280 - INFO: 27750 move(s) completed (38 accepted (0.1369 %)). Current N = 2. Average N = 1.766
2021-03-26 07:18:36,042 - INFO: 27800 move(s) completed (38 accepted (0.1367 %)). Current N = 2. Average N = 1.766
2021-03-26 07:18:45,127 - INFO: 27850 move(s) completed (38 accepted (0.1364 %)). Current N = 2. Average N = 1.767
2021-03-26 07:18:54,591 - INFO: 27900 move(s) completed (38 accepted (0.1362 %)). Current N = 2. Average N = 1.767
2021-03-26 07:19:03,659 - INFO: 27950 move(s) completed (38 accepted (0.1360 %)). Current N = 2. Average N = 1.768
2021-03-26 07:19:12,982 - INFO: 28000 move(s) completed (38 accepted (0.1357 %)). Current N = 2. Average N = 1.768
2021-03-26 07:19:21,730 - INFO: 28050 move(s) completed (38 accepted (0.1355 %)). Current N = 2. Average N = 1.768
2021-03-26 07:19:30,803 - INFO: 28100 move(s) completed (38 accepted (0.1352 %)). Current N = 2. Average N = 1.769
2021-03-26 07:19:39,482 - INFO: 28150 move(s) completed (38 accepted (0.1350 %)). Current N = 2. Average N = 1.769
2021-03-26 07:19:48,741 - INFO: 28200 move(s) completed (38 accepted (0.1348 %)). Current N = 2. Average N = 1.770
2021-03-26 07:19:58,261 - INFO: 28250 move(s) completed (38 accepted (0.1345 %)). Current N = 2. Average N = 1.770
2021-03-26 07:20:07,321 - INFO: 28300 move(s) completed (38 accepted (0.1343 %)). Current N = 2. Average N = 1.770
2021-03-26 07:20:16,693 - INFO: 28350 move(s) completed (38 accepted (0.1340 %)). Current N = 2. Average N = 1.771
2021-03-26 07:20:25,597 - INFO: 28400 move(s) completed (38 accepted (0.1338 %)). Current N = 2. Average N = 1.771
2021-03-26 07:20:34,971 - INFO: 28450 move(s) completed (38 accepted (0.1336 %)). Current N = 2. Average N = 1.772
2021-03-26 07:20:44,324 - INFO: 28500 move(s) completed (38 accepted (0.1333 %)). Current N = 2. Average N = 1.772
2021-03-26 07:20:53,318 - INFO: 28550 move(s) completed (38 accepted (0.1331 %)). Current N = 2. Average N = 1.772
2021-03-26 07:21:02,815 - INFO: 28600 move(s) completed (38 accepted (0.1329 %)). Current N = 2. Average N = 1.773
2021-03-26 07:21:11,505 - INFO: 28650 move(s) completed (38 accepted (0.1326 %)). Current N = 2. Average N = 1.773
2021-03-26 07:21:20,710 - INFO: 28700 move(s) completed (38 accepted (0.1324 %)). Current N = 2. Average N = 1.774
2021-03-26 07:21:29,527 - INFO: 28750 move(s) completed (38 accepted (0.1322 %)). Current N = 2. Average N = 1.774
2021-03-26 07:21:38,670 - INFO: 28800 move(s) completed (38 accepted (0.1319 %)). Current N = 2. Average N = 1.774
2021-03-26 07:21:48,154 - INFO: 28850 move(s) completed (39 accepted (0.1352 %)). Current N = 3. Average N = 1.776
2021-03-26 07:21:56,839 - INFO: 28900 move(s) completed (39 accepted (0.1349 %)). Current N = 3. Average N = 1.778
2021-03-26 07:22:06,080 - INFO: 28950 move(s) completed (39 accepted (0.1347 %)). Current N = 3. Average N = 1.780
2021-03-26 07:22:14,666 - INFO: 29000 move(s) completed (39 accepted (0.1345 %)). Current N = 3. Average N = 1.782
2021-03-26 07:22:23,751 - INFO: 29050 move(s) completed (39 accepted (0.1343 %)). Current N = 3. Average N = 1.784
2021-03-26 07:22:32,626 - INFO: 29100 move(s) completed (39 accepted (0.1340 %)). Current N = 3. Average N = 1.786
2021-03-26 07:22:41,711 - INFO: 29150 move(s) completed (39 accepted (0.1338 %)). Current N = 3. Average N = 1.788
2021-03-26 07:22:51,052 - INFO: 29200 move(s) completed (39 accepted (0.1336 %)). Current N = 3. Average N = 1.790
2021-03-26 07:23:00,071 - INFO: 29250 move(s) completed (39 accepted (0.1333 %)). Current N = 3. Average N = 1.792
2021-03-26 07:23:09,329 - INFO: 29300 move(s) completed (39 accepted (0.1331 %)). Current N = 3. Average N = 1.794
2021-03-26 07:23:18,249 - INFO: 29350 move(s) completed (39 accepted (0.1329 %)). Current N = 3. Average N = 1.796
2021-03-26 07:23:27,482 - INFO: 29400 move(s) completed (39 accepted (0.1327 %)). Current N = 3. Average N = 1.798
2021-03-26 07:23:36,331 - INFO: 29450 move(s) completed (39 accepted (0.1324 %)). Current N = 3. Average N = 1.800
2021-03-26 07:23:45,353 - INFO: 29500 move(s) completed (39 accepted (0.1322 %)). Current N = 3. Average N = 1.802
2021-03-26 07:23:54,722 - INFO: 29550 move(s) completed (39 accepted (0.1320 %)). Current N = 3. Average N = 1.805
2021-03-26 07:24:03,589 - INFO: 29600 move(s) completed (39 accepted (0.1318 %)). Current N = 3. Average N = 1.807
2021-03-26 07:24:12,794 - INFO: 29650 move(s) completed (39 accepted (0.1315 %)). Current N = 3. Average N = 1.809
2021-03-26 07:24:21,575 - INFO: 29700 move(s) completed (40 accepted (0.1347 %)). Current N = 2. Average N = 1.809
2021-03-26 07:24:30,535 - INFO: 29750 move(s) completed (40 accepted (0.1345 %)). Current N = 2. Average N = 1.809
2021-03-26 07:24:39,056 - INFO: 29800 move(s) completed (40 accepted (0.1342 %)). Current N = 2. Average N = 1.810
2021-03-26 07:24:48,322 - INFO: 29850 move(s) completed (40 accepted (0.1340 %)). Current N = 2. Average N = 1.810
2021-03-26 07:24:57,598 - INFO: 29900 move(s) completed (40 accepted (0.1338 %)). Current N = 2. Average N = 1.810
2021-03-26 07:25:06,658 - INFO: 29950 move(s) completed (40 accepted (0.1336 %)). Current N = 2. Average N = 1.811
2021-03-26 07:25:16,120 - INFO: 30000 move(s) completed (40 accepted (0.1333 %)). Current N = 2. Average N = 1.811
2021-03-26 07:25:25,076 - INFO: 30050 move(s) completed (40 accepted (0.1331 %)). Current N = 2. Average N = 1.811
2021-03-26 07:25:34,157 - INFO: 30100 move(s) completed (40 accepted (0.1329 %)). Current N = 2. Average N = 1.812
2021-03-26 07:25:43,598 - INFO: 30150 move(s) completed (40 accepted (0.1327 %)). Current N = 2. Average N = 1.812
2021-03-26 07:25:52,509 - INFO: 30200 move(s) completed (40 accepted (0.1325 %)). Current N = 2. Average N = 1.812
2021-03-26 07:26:01,793 - INFO: 30250 move(s) completed (40 accepted (0.1322 %)). Current N = 2. Average N = 1.812
2021-03-26 07:26:10,548 - INFO: 30300 move(s) completed (40 accepted (0.1320 %)). Current N = 2. Average N = 1.813
2021-03-26 07:26:19,590 - INFO: 30350 move(s) completed (40 accepted (0.1318 %)). Current N = 2. Average N = 1.813
2021-03-26 07:26:28,081 - INFO: 30400 move(s) completed (40 accepted (0.1316 %)). Current N = 2. Average N = 1.813
2021-03-26 07:26:37,173 - INFO: 30450 move(s) completed (40 accepted (0.1314 %)). Current N = 2. Average N = 1.814
2021-03-26 07:26:46,589 - INFO: 30500 move(s) completed (40 accepted (0.1311 %)). Current N = 2. Average N = 1.814
2021-03-26 07:26:55,265 - INFO: 30550 move(s) completed (40 accepted (0.1309 %)). Current N = 2. Average N = 1.814
2021-03-26 07:27:04,535 - INFO: 30600 move(s) completed (40 accepted (0.1307 %)). Current N = 2. Average N = 1.815
2021-03-26 07:27:13,468 - INFO: 30650 move(s) completed (40 accepted (0.1305 %)). Current N = 2. Average N = 1.815
2021-03-26 07:27:22,573 - INFO: 30700 move(s) completed (40 accepted (0.1303 %)). Current N = 2. Average N = 1.815
2021-03-26 07:27:31,388 - INFO: 30750 move(s) completed (40 accepted (0.1301 %)). Current N = 2. Average N = 1.815
2021-03-26 07:27:40,578 - INFO: 30800 move(s) completed (40 accepted (0.1299 %)). Current N = 2. Average N = 1.816
2021-03-26 07:27:49,982 - INFO: 30850 move(s) completed (40 accepted (0.1297 %)). Current N = 2. Average N = 1.816
2021-03-26 07:27:58,766 - INFO: 30900 move(s) completed (40 accepted (0.1294 %)). Current N = 2. Average N = 1.816
2021-03-26 07:28:08,106 - INFO: 30950 move(s) completed (40 accepted (0.1292 %)). Current N = 2. Average N = 1.817
2021-03-26 07:28:17,010 - INFO: 31000 move(s) completed (40 accepted (0.1290 %)). Current N = 2. Average N = 1.817
2021-03-26 07:28:26,066 - INFO: 31050 move(s) completed (40 accepted (0.1288 %)). Current N = 2. Average N = 1.817
2021-03-26 07:28:34,644 - INFO: 31100 move(s) completed (40 accepted (0.1286 %)). Current N = 2. Average N = 1.818
2021-03-26 07:28:43,355 - INFO: 31150 move(s) completed (40 accepted (0.1284 %)). Current N = 2. Average N = 1.818
2021-03-26 07:28:52,861 - INFO: 31200 move(s) completed (42 accepted (0.1346 %)). Current N = 2. Average N = 1.818
2021-03-26 07:29:01,861 - INFO: 31250 move(s) completed (42 accepted (0.1344 %)). Current N = 2. Average N = 1.819
2021-03-26 07:29:11,006 - INFO: 31300 move(s) completed (42 accepted (0.1342 %)). Current N = 2. Average N = 1.819
2021-03-26 07:29:19,853 - INFO: 31350 move(s) completed (42 accepted (0.1340 %)). Current N = 2. Average N = 1.819
2021-03-26 07:29:29,205 - INFO: 31400 move(s) completed (42 accepted (0.1338 %)). Current N = 2. Average N = 1.819
2021-03-26 07:29:38,644 - INFO: 31450 move(s) completed (42 accepted (0.1335 %)). Current N = 2. Average N = 1.820
2021-03-26 07:29:47,626 - INFO: 31500 move(s) completed (42 accepted (0.1333 %)). Current N = 2. Average N = 1.820
2021-03-26 07:29:56,852 - INFO: 31550 move(s) completed (42 accepted (0.1331 %)). Current N = 2. Average N = 1.820
2021-03-26 07:30:05,624 - INFO: 31600 move(s) completed (42 accepted (0.1329 %)). Current N = 2. Average N = 1.821
2021-03-26 07:30:14,813 - INFO: 31650 move(s) completed (42 accepted (0.1327 %)). Current N = 2. Average N = 1.821
2021-03-26 07:30:23,612 - INFO: 31700 move(s) completed (42 accepted (0.1325 %)). Current N = 2. Average N = 1.821
2021-03-26 07:30:32,766 - INFO: 31750 move(s) completed (42 accepted (0.1323 %)). Current N = 2. Average N = 1.821
2021-03-26 07:30:42,207 - INFO: 31800 move(s) completed (42 accepted (0.1321 %)). Current N = 2. Average N = 1.822
2021-03-26 07:30:50,810 - INFO: 31850 move(s) completed (42 accepted (0.1319 %)). Current N = 2. Average N = 1.822
2021-03-26 07:31:00,003 - INFO: 31900 move(s) completed (42 accepted (0.1317 %)). Current N = 2. Average N = 1.822
2021-03-26 07:31:08,849 - INFO: 31950 move(s) completed (42 accepted (0.1315 %)). Current N = 2. Average N = 1.823
2021-03-26 07:31:18,108 - INFO: 32000 move(s) completed (42 accepted (0.1312 %)). Current N = 2. Average N = 1.823
2021-03-26 07:31:26,871 - INFO: 32050 move(s) completed (42 accepted (0.1310 %)). Current N = 2. Average N = 1.823
2021-03-26 07:31:35,889 - INFO: 32100 move(s) completed (42 accepted (0.1308 %)). Current N = 2. Average N = 1.823
2021-03-26 07:31:44,692 - INFO: 32150 move(s) completed (42 accepted (0.1306 %)). Current N = 2. Average N = 1.824
2021-03-26 07:31:53,765 - INFO: 32200 move(s) completed (42 accepted (0.1304 %)). Current N = 2. Average N = 1.824
2021-03-26 07:32:03,077 - INFO: 32250 move(s) completed (42 accepted (0.1302 %)). Current N = 2. Average N = 1.824
2021-03-26 07:32:11,907 - INFO: 32300 move(s) completed (42 accepted (0.1300 %)). Current N = 2. Average N = 1.825
2021-03-26 07:32:21,258 - INFO: 32350 move(s) completed (42 accepted (0.1298 %)). Current N = 2. Average N = 1.825
2021-03-26 07:32:30,054 - INFO: 32400 move(s) completed (42 accepted (0.1296 %)). Current N = 2. Average N = 1.825
2021-03-26 07:32:39,524 - INFO: 32450 move(s) completed (42 accepted (0.1294 %)). Current N = 2. Average N = 1.825
2021-03-26 07:32:48,271 - INFO: 32500 move(s) completed (42 accepted (0.1292 %)). Current N = 2. Average N = 1.826
2021-03-26 07:32:57,259 - INFO: 32550 move(s) completed (42 accepted (0.1290 %)). Current N = 2. Average N = 1.826
2021-03-26 07:33:06,559 - INFO: 32600 move(s) completed (42 accepted (0.1288 %)). Current N = 2. Average N = 1.826
2021-03-26 07:33:15,253 - INFO: 32650 move(s) completed (42 accepted (0.1286 %)). Current N = 2. Average N = 1.826
2021-03-26 07:33:24,779 - INFO: 32700 move(s) completed (42 accepted (0.1284 %)). Current N = 2. Average N = 1.827
2021-03-26 07:33:33,716 - INFO: 32750 move(s) completed (42 accepted (0.1282 %)). Current N = 2. Average N = 1.827
2021-03-26 07:33:42,717 - INFO: 32800 move(s) completed (42 accepted (0.1280 %)). Current N = 2. Average N = 1.827
2021-03-26 07:33:51,905 - INFO: 32850 move(s) completed (42 accepted (0.1279 %)). Current N = 2. Average N = 1.827
2021-03-26 07:34:00,847 - INFO: 32900 move(s) completed (42 accepted (0.1277 %)). Current N = 2. Average N = 1.828
2021-03-26 07:34:10,199 - INFO: 32950 move(s) completed (42 accepted (0.1275 %)). Current N = 2. Average N = 1.828
2021-03-26 07:34:18,890 - INFO: 33000 move(s) completed (42 accepted (0.1273 %)). Current N = 2. Average N = 1.828
2021-03-26 07:34:28,163 - INFO: 33050 move(s) completed (42 accepted (0.1271 %)). Current N = 2. Average N = 1.829
2021-03-26 07:34:36,877 - INFO: 33100 move(s) completed (42 accepted (0.1269 %)). Current N = 2. Average N = 1.829
2021-03-26 07:34:46,065 - INFO: 33150 move(s) completed (42 accepted (0.1267 %)). Current N = 2. Average N = 1.829
2021-03-26 07:34:54,736 - INFO: 33200 move(s) completed (42 accepted (0.1265 %)). Current N = 2. Average N = 1.829
2021-03-26 07:35:03,649 - INFO: 33250 move(s) completed (42 accepted (0.1263 %)). Current N = 2. Average N = 1.830
2021-03-26 07:35:12,967 - INFO: 33300 move(s) completed (42 accepted (0.1261 %)). Current N = 2. Average N = 1.830
2021-03-26 07:35:21,832 - INFO: 33350 move(s) completed (42 accepted (0.1259 %)). Current N = 2. Average N = 1.830
2021-03-26 07:35:31,264 - INFO: 33400 move(s) completed (42 accepted (0.1257 %)). Current N = 2. Average N = 1.830
2021-03-26 07:35:39,887 - INFO: 33450 move(s) completed (42 accepted (0.1256 %)). Current N = 2. Average N = 1.831
2021-03-26 07:35:49,069 - INFO: 33500 move(s) completed (42 accepted (0.1254 %)). Current N = 2. Average N = 1.831
2021-03-26 07:35:57,811 - INFO: 33550 move(s) completed (42 accepted (0.1252 %)). Current N = 2. Average N = 1.831
2021-03-26 07:36:06,883 - INFO: 33600 move(s) completed (42 accepted (0.1250 %)). Current N = 2. Average N = 1.831
2021-03-26 07:36:16,366 - INFO: 33650 move(s) completed (42 accepted (0.1248 %)). Current N = 2. Average N = 1.832
2021-03-26 07:36:25,307 - INFO: 33700 move(s) completed (42 accepted (0.1246 %)). Current N = 2. Average N = 1.832
2021-03-26 07:36:34,723 - INFO: 33750 move(s) completed (42 accepted (0.1244 %)). Current N = 2. Average N = 1.832
2021-03-26 07:36:43,662 - INFO: 33800 move(s) completed (42 accepted (0.1243 %)). Current N = 2. Average N = 1.832
2021-03-26 07:36:52,783 - INFO: 33850 move(s) completed (42 accepted (0.1241 %)). Current N = 2. Average N = 1.833
2021-03-26 07:37:01,636 - INFO: 33900 move(s) completed (42 accepted (0.1239 %)). Current N = 2. Average N = 1.833
2021-03-26 07:37:10,752 - INFO: 33950 move(s) completed (42 accepted (0.1237 %)). Current N = 2. Average N = 1.833
2021-03-26 07:37:20,203 - INFO: 34000 move(s) completed (42 accepted (0.1235 %)). Current N = 2. Average N = 1.833
2021-03-26 07:37:29,331 - INFO: 34050 move(s) completed (42 accepted (0.1233 %)). Current N = 2. Average N = 1.834
2021-03-26 07:37:38,575 - INFO: 34100 move(s) completed (42 accepted (0.1232 %)). Current N = 2. Average N = 1.834
2021-03-26 07:37:47,379 - INFO: 34150 move(s) completed (42 accepted (0.1230 %)). Current N = 2. Average N = 1.834
2021-03-26 07:37:56,638 - INFO: 34200 move(s) completed (42 accepted (0.1228 %)). Current N = 2. Average N = 1.834
2021-03-26 07:38:05,404 - INFO: 34250 move(s) completed (42 accepted (0.1226 %)). Current N = 2. Average N = 1.835
2021-03-26 07:38:14,452 - INFO: 34300 move(s) completed (42 accepted (0.1224 %)). Current N = 2. Average N = 1.835
2021-03-26 07:38:23,797 - INFO: 34350 move(s) completed (42 accepted (0.1223 %)). Current N = 2. Average N = 1.835
2021-03-26 07:38:32,951 - INFO: 34400 move(s) completed (42 accepted (0.1221 %)). Current N = 2. Average N = 1.835
2021-03-26 07:38:42,600 - INFO: 34450 move(s) completed (42 accepted (0.1219 %)). Current N = 2. Average N = 1.835
2021-03-26 07:38:51,498 - INFO: 34500 move(s) completed (42 accepted (0.1217 %)). Current N = 2. Average N = 1.836
2021-03-26 07:39:00,838 - INFO: 34550 move(s) completed (42 accepted (0.1216 %)). Current N = 2. Average N = 1.836
2021-03-26 07:39:09,547 - INFO: 34600 move(s) completed (42 accepted (0.1214 %)). Current N = 2. Average N = 1.836
2021-03-26 07:39:18,639 - INFO: 34650 move(s) completed (42 accepted (0.1212 %)). Current N = 2. Average N = 1.837
2021-03-26 07:39:28,108 - INFO: 34700 move(s) completed (42 accepted (0.1210 %)). Current N = 2. Average N = 1.837
2021-03-26 07:39:36,950 - INFO: 34750 move(s) completed (42 accepted (0.1209 %)). Current N = 2. Average N = 1.837
2021-03-26 07:39:46,337 - INFO: 34800 move(s) completed (42 accepted (0.1207 %)). Current N = 2. Average N = 1.837
2021-03-26 07:39:54,866 - INFO: 34850 move(s) completed (42 accepted (0.1205 %)). Current N = 2. Average N = 1.837
2021-03-26 07:40:03,829 - INFO: 34900 move(s) completed (42 accepted (0.1203 %)). Current N = 2. Average N = 1.838
2021-03-26 07:40:13,042 - INFO: 34950 move(s) completed (42 accepted (0.1202 %)). Current N = 2. Average N = 1.838
2021-03-26 07:40:22,215 - INFO: 35000 move(s) completed (42 accepted (0.1200 %)). Current N = 2. Average N = 1.838
2021-03-26 07:40:31,385 - INFO: 35050 move(s) completed (42 accepted (0.1198 %)). Current N = 2. Average N = 1.838
2021-03-26 07:40:40,160 - INFO: 35100 move(s) completed (42 accepted (0.1197 %)). Current N = 2. Average N = 1.839
2021-03-26 07:40:49,232 - INFO: 35150 move(s) completed (42 accepted (0.1195 %)). Current N = 2. Average N = 1.839
2021-03-26 07:40:58,677 - INFO: 35200 move(s) completed (42 accepted (0.1193 %)). Current N = 2. Average N = 1.839
2021-03-26 07:41:07,389 - INFO: 35250 move(s) completed (42 accepted (0.1191 %)). Current N = 2. Average N = 1.839
2021-03-26 07:41:16,836 - INFO: 35300 move(s) completed (42 accepted (0.1190 %)). Current N = 2. Average N = 1.839
2021-03-26 07:41:25,980 - INFO: 35350 move(s) completed (42 accepted (0.1188 %)). Current N = 2. Average N = 1.840
2021-03-26 07:41:35,183 - INFO: 35400 move(s) completed (42 accepted (0.1186 %)). Current N = 2. Average N = 1.840
2021-03-26 07:41:43,895 - INFO: 35450 move(s) completed (42 accepted (0.1185 %)). Current N = 2. Average N = 1.840
2021-03-26 07:41:53,193 - INFO: 35500 move(s) completed (42 accepted (0.1183 %)). Current N = 2. Average N = 1.840
2021-03-26 07:42:02,732 - INFO: 35550 move(s) completed (42 accepted (0.1181 %)). Current N = 2. Average N = 1.841
2021-03-26 07:42:11,593 - INFO: 35600 move(s) completed (44 accepted (0.1236 %)). Current N = 2. Average N = 1.841
2021-03-26 07:42:20,647 - INFO: 35650 move(s) completed (44 accepted (0.1234 %)). Current N = 2. Average N = 1.842
2021-03-26 07:42:29,383 - INFO: 35700 move(s) completed (44 accepted (0.1232 %)). Current N = 2. Average N = 1.842
2021-03-26 07:42:38,745 - INFO: 35750 move(s) completed (44 accepted (0.1231 %)). Current N = 2. Average N = 1.842
2021-03-26 07:42:48,240 - INFO: 35800 move(s) completed (44 accepted (0.1229 %)). Current N = 2. Average N = 1.842
2021-03-26 07:42:57,220 - INFO: 35850 move(s) completed (44 accepted (0.1227 %)). Current N = 2. Average N = 1.843
2021-03-26 07:43:06,585 - INFO: 35900 move(s) completed (44 accepted (0.1226 %)). Current N = 2. Average N = 1.843
2021-03-26 07:43:15,658 - INFO: 35950 move(s) completed (44 accepted (0.1224 %)). Current N = 2. Average N = 1.843
2021-03-26 07:43:25,001 - INFO: 36000 move(s) completed (44 accepted (0.1222 %)). Current N = 2. Average N = 1.843
2021-03-26 07:43:33,747 - INFO: 36050 move(s) completed (44 accepted (0.1221 %)). Current N = 2. Average N = 1.843
2021-03-26 07:43:42,929 - INFO: 36100 move(s) completed (44 accepted (0.1219 %)). Current N = 2. Average N = 1.844
2021-03-26 07:43:52,518 - INFO: 36150 move(s) completed (44 accepted (0.1217 %)). Current N = 2. Average N = 1.844
2021-03-26 07:44:01,530 - INFO: 36200 move(s) completed (44 accepted (0.1215 %)). Current N = 2. Average N = 1.844
2021-03-26 07:44:10,932 - INFO: 36250 move(s) completed (44 accepted (0.1214 %)). Current N = 2. Average N = 1.844
2021-03-26 07:44:19,421 - INFO: 36300 move(s) completed (44 accepted (0.1212 %)). Current N = 2. Average N = 1.845
2021-03-26 07:44:28,600 - INFO: 36350 move(s) completed (45 accepted (0.1238 %)). Current N = 3. Average N = 1.845
2021-03-26 07:44:35,247 - INFO: Change in N of -1 between GCMC batches
2021-03-26 07:44:38,144 - INFO: 36400 move(s) completed (45 accepted (0.1236 %)). Current N = 2. Average N = 1.845
2021-03-26 07:44:47,017 - INFO: 36450 move(s) completed (45 accepted (0.1235 %)). Current N = 2. Average N = 1.845
2021-03-26 07:44:56,315 - INFO: 36500 move(s) completed (45 accepted (0.1233 %)). Current N = 2. Average N = 1.845
2021-03-26 07:45:02,377 - INFO: Change in N of +1 between GCMC batches
2021-03-26 07:45:05,255 - INFO: 36550 move(s) completed (46 accepted (0.1259 %)). Current N = 2. Average N = 1.846
2021-03-26 07:45:14,761 - INFO: 36600 move(s) completed (46 accepted (0.1257 %)). Current N = 2. Average N = 1.846
2021-03-26 07:45:23,390 - INFO: 36650 move(s) completed (46 accepted (0.1255 %)). Current N = 2. Average N = 1.846
2021-03-26 07:45:32,571 - INFO: 36700 move(s) completed (46 accepted (0.1253 %)). Current N = 2. Average N = 1.847
2021-03-26 07:45:42,064 - INFO: 36750 move(s) completed (46 accepted (0.1252 %)). Current N = 2. Average N = 1.847
2021-03-26 07:45:50,784 - INFO: 36800 move(s) completed (46 accepted (0.1250 %)). Current N = 2. Average N = 1.847
2021-03-26 07:46:00,151 - INFO: 36850 move(s) completed (46 accepted (0.1248 %)). Current N = 2. Average N = 1.847
2021-03-26 07:46:08,765 - INFO: 36900 move(s) completed (46 accepted (0.1247 %)). Current N = 2. Average N = 1.847
2021-03-26 07:46:17,806 - INFO: 36950 move(s) completed (46 accepted (0.1245 %)). Current N = 2. Average N = 1.848
2021-03-26 07:46:26,676 - INFO: 37000 move(s) completed (46 accepted (0.1243 %)). Current N = 2. Average N = 1.848
2021-03-26 07:46:35,443 - INFO: 37050 move(s) completed (46 accepted (0.1242 %)). Current N = 2. Average N = 1.848
2021-03-26 07:46:45,018 - INFO: 37100 move(s) completed (46 accepted (0.1240 %)). Current N = 2. Average N = 1.848
2021-03-26 07:46:54,069 - INFO: 37150 move(s) completed (46 accepted (0.1238 %)). Current N = 2. Average N = 1.848
2021-03-26 07:47:03,614 - INFO: 37200 move(s) completed (46 accepted (0.1237 %)). Current N = 2. Average N = 1.849
2021-03-26 07:47:12,500 - INFO: 37250 move(s) completed (46 accepted (0.1235 %)). Current N = 2. Average N = 1.849
2021-03-26 07:47:21,680 - INFO: 37300 move(s) completed (46 accepted (0.1233 %)). Current N = 2. Average N = 1.849
2021-03-26 07:47:30,299 - INFO: 37350 move(s) completed (46 accepted (0.1232 %)). Current N = 2. Average N = 1.849
2021-03-26 07:47:39,321 - INFO: 37400 move(s) completed (46 accepted (0.1230 %)). Current N = 2. Average N = 1.849
2021-03-26 07:47:48,850 - INFO: 37450 move(s) completed (46 accepted (0.1228 %)). Current N = 2. Average N = 1.850
2021-03-26 07:47:57,953 - INFO: 37500 move(s) completed (46 accepted (0.1227 %)). Current N = 2. Average N = 1.850
2021-03-26 07:48:07,423 - INFO: 37550 move(s) completed (46 accepted (0.1225 %)). Current N = 2. Average N = 1.850
2021-03-26 07:48:16,324 - INFO: 37600 move(s) completed (46 accepted (0.1223 %)). Current N = 2. Average N = 1.850
2021-03-26 07:48:25,611 - INFO: 37650 move(s) completed (46 accepted (0.1222 %)). Current N = 2. Average N = 1.850
2021-03-26 07:48:35,054 - INFO: 37700 move(s) completed (46 accepted (0.1220 %)). Current N = 2. Average N = 1.851
2021-03-26 07:48:43,995 - INFO: 37750 move(s) completed (46 accepted (0.1219 %)). Current N = 2. Average N = 1.851
2021-03-26 07:48:53,320 - INFO: 37800 move(s) completed (46 accepted (0.1217 %)). Current N = 2. Average N = 1.851
2021-03-26 07:49:02,117 - INFO: 37850 move(s) completed (46 accepted (0.1215 %)). Current N = 2. Average N = 1.851
2021-03-26 07:49:11,084 - INFO: 37900 move(s) completed (46 accepted (0.1214 %)). Current N = 2. Average N = 1.851
2021-03-26 07:49:20,056 - INFO: 37950 move(s) completed (46 accepted (0.1212 %)). Current N = 2. Average N = 1.852
2021-03-26 07:49:29,304 - INFO: 38000 move(s) completed (46 accepted (0.1211 %)). Current N = 2. Average N = 1.852
2021-03-26 07:49:38,592 - INFO: 38050 move(s) completed (46 accepted (0.1209 %)). Current N = 2. Average N = 1.852
2021-03-26 07:49:47,563 - INFO: 38100 move(s) completed (46 accepted (0.1207 %)). Current N = 2. Average N = 1.852
2021-03-26 07:49:56,678 - INFO: 38150 move(s) completed (46 accepted (0.1206 %)). Current N = 2. Average N = 1.852
2021-03-26 07:50:05,460 - INFO: 38200 move(s) completed (46 accepted (0.1204 %)). Current N = 2. Average N = 1.853
2021-03-26 07:50:14,619 - INFO: 38250 move(s) completed (46 accepted (0.1203 %)). Current N = 2. Average N = 1.853
2021-03-26 07:50:24,088 - INFO: 38300 move(s) completed (46 accepted (0.1201 %)). Current N = 2. Average N = 1.853
2021-03-26 07:50:33,117 - INFO: 38350 move(s) completed (46 accepted (0.1199 %)). Current N = 2. Average N = 1.853
2021-03-26 07:50:42,304 - INFO: 38400 move(s) completed (46 accepted (0.1198 %)). Current N = 2. Average N = 1.853
2021-03-26 07:50:51,076 - INFO: 38450 move(s) completed (46 accepted (0.1196 %)). Current N = 2. Average N = 1.853
2021-03-26 07:51:00,385 - INFO: 38500 move(s) completed (46 accepted (0.1195 %)). Current N = 2. Average N = 1.854
2021-03-26 07:51:09,336 - INFO: 38550 move(s) completed (46 accepted (0.1193 %)). Current N = 2. Average N = 1.854
2021-03-26 07:51:18,344 - INFO: 38600 move(s) completed (46 accepted (0.1192 %)). Current N = 2. Average N = 1.854
2021-03-26 07:51:27,679 - INFO: 38650 move(s) completed (46 accepted (0.1190 %)). Current N = 2. Average N = 1.854
2021-03-26 07:51:36,744 - INFO: 38700 move(s) completed (46 accepted (0.1189 %)). Current N = 2. Average N = 1.855
2021-03-26 07:51:45,839 - INFO: 38750 move(s) completed (46 accepted (0.1187 %)). Current N = 2. Average N = 1.855
2021-03-26 07:51:54,728 - INFO: 38800 move(s) completed (46 accepted (0.1186 %)). Current N = 2. Average N = 1.855
2021-03-26 07:52:04,103 - INFO: 38850 move(s) completed (46 accepted (0.1184 %)). Current N = 2. Average N = 1.855
2021-03-26 07:52:13,625 - INFO: 38900 move(s) completed (46 accepted (0.1183 %)). Current N = 2. Average N = 1.855
2021-03-26 07:52:22,530 - INFO: 38950 move(s) completed (46 accepted (0.1181 %)). Current N = 2. Average N = 1.855
2021-03-26 07:52:31,704 - INFO: 39000 move(s) completed (46 accepted (0.1179 %)). Current N = 2. Average N = 1.856
2021-03-26 07:52:40,491 - INFO: 39050 move(s) completed (46 accepted (0.1178 %)). Current N = 2. Average N = 1.856
2021-03-26 07:52:49,556 - INFO: 39100 move(s) completed (46 accepted (0.1176 %)). Current N = 2. Average N = 1.856
2021-03-26 07:52:58,231 - INFO: 39150 move(s) completed (46 accepted (0.1175 %)). Current N = 2. Average N = 1.856
2021-03-26 07:53:07,482 - INFO: 39200 move(s) completed (46 accepted (0.1173 %)). Current N = 2. Average N = 1.856
2021-03-26 07:53:17,122 - INFO: 39250 move(s) completed (46 accepted (0.1172 %)). Current N = 2. Average N = 1.857
2021-03-26 07:53:26,269 - INFO: 39300 move(s) completed (46 accepted (0.1170 %)). Current N = 2. Average N = 1.857
2021-03-26 07:53:35,598 - INFO: 39350 move(s) completed (46 accepted (0.1169 %)). Current N = 2. Average N = 1.857
2021-03-26 07:53:44,471 - INFO: 39400 move(s) completed (46 accepted (0.1168 %)). Current N = 2. Average N = 1.857
2021-03-26 07:53:53,618 - INFO: 39450 move(s) completed (46 accepted (0.1166 %)). Current N = 2. Average N = 1.857
2021-03-26 07:54:03,281 - INFO: 39500 move(s) completed (46 accepted (0.1165 %)). Current N = 2. Average N = 1.857
2021-03-26 07:54:12,131 - INFO: 39550 move(s) completed (46 accepted (0.1163 %)). Current N = 2. Average N = 1.858
2021-03-26 07:54:21,593 - INFO: 39600 move(s) completed (46 accepted (0.1162 %)). Current N = 2. Average N = 1.858
2021-03-26 07:54:30,184 - INFO: 39650 move(s) completed (46 accepted (0.1160 %)). Current N = 2. Average N = 1.858
2021-03-26 07:54:39,320 - INFO: 39700 move(s) completed (46 accepted (0.1159 %)). Current N = 2. Average N = 1.858
