2021-03-24 13:56:28,872 - INFO: kT = 0.5921875708469466 kcal/mol
2021-03-24 13:56:34,061 - INFO: BaseGrandCanonicalMonteCarloSampler object initialised
2021-03-24 13:56:34,062 - INFO: GCMC sphere is based on reference atom IDs: [887, 1837]
2021-03-24 13:56:34,062 - INFO: GCMC sphere radius is 6 A
2021-03-24 13:56:34,062 - INFO: Simulating at an Adams (B) value of -6.888845176169922
2021-03-24 13:56:34,062 - INFO: GCMCSphereSampler object initialised
2021-03-24 13:56:34,063 - INFO: Each NCMC move will be executed over a total of 7.0 ps
2021-03-24 13:56:34,063 - INFO: NonequilibriumGCMCSphereSampler object initialised
2021-03-24 13:56:58,762 - INFO: Move rejected due to water leaving the GCMC sphere
2021-03-24 13:57:02,254 - INFO: 1 move(s) completed (0 accepted (0.0000 %)). Current N = 0. Average N = 0.000
2021-03-24 13:57:22,913 - INFO: 2 move(s) completed (0 accepted (0.0000 %)). Current N = 0. Average N = 0.000
2021-03-24 13:57:39,888 - INFO: Move rejected due to water leaving the GCMC sphere
2021-03-24 13:57:43,282 - INFO: 3 move(s) completed (0 accepted (0.0000 %)). Current N = 0. Average N = 0.000
2021-03-24 13:58:03,158 - INFO: 4 move(s) completed (0 accepted (0.0000 %)). Current N = 0. Average N = 0.000
2021-03-24 13:58:23,541 - INFO: 5 move(s) completed (1 accepted (20.0000 %)). Current N = 1. Average N = 0.200
2021-03-24 13:58:43,540 - INFO: 6 move(s) completed (1 accepted (16.6667 %)). Current N = 1. Average N = 0.333
2021-03-24 13:59:00,254 - INFO: Move rejected due to water leaving the GCMC sphere
2021-03-24 13:59:03,643 - INFO: 7 move(s) completed (1 accepted (14.2857 %)). Current N = 1. Average N = 0.429
2021-03-24 13:59:23,808 - INFO: 8 move(s) completed (1 accepted (12.5000 %)). Current N = 1. Average N = 0.500
2021-03-24 13:59:40,528 - INFO: Move rejected due to water leaving the GCMC sphere
2021-03-24 13:59:44,067 - INFO: 9 move(s) completed (1 accepted (11.1111 %)). Current N = 1. Average N = 0.556
2021-03-24 14:00:01,419 - INFO: Move rejected due to water leaving the GCMC sphere
2021-03-24 14:00:04,741 - INFO: 10 move(s) completed (1 accepted (10.0000 %)). Current N = 1. Average N = 0.600
2021-03-24 14:00:21,618 - INFO: Move rejected due to water leaving the GCMC sphere
2021-03-24 14:00:25,224 - INFO: 11 move(s) completed (1 accepted (9.0909 %)). Current N = 1. Average N = 0.636
2021-03-24 14:00:41,922 - INFO: Move rejected due to water leaving the GCMC sphere
2021-03-24 14:00:45,443 - INFO: 12 move(s) completed (1 accepted (8.3333 %)). Current N = 1. Average N = 0.667
2021-03-24 14:01:05,704 - INFO: 13 move(s) completed (1 accepted (7.6923 %)). Current N = 1. Average N = 0.692
2021-03-24 14:01:25,601 - INFO: 14 move(s) completed (1 accepted (7.1429 %)). Current N = 1. Average N = 0.714
2021-03-24 14:01:45,610 - INFO: 15 move(s) completed (1 accepted (6.6667 %)). Current N = 1. Average N = 0.733
2021-03-24 14:02:05,394 - INFO: 16 move(s) completed (1 accepted (6.2500 %)). Current N = 1. Average N = 0.750
2021-03-24 14:02:22,655 - INFO: Move rejected due to water leaving the GCMC sphere
2021-03-24 14:02:26,243 - INFO: 17 move(s) completed (1 accepted (5.8824 %)). Current N = 1. Average N = 0.765
2021-03-24 14:02:46,816 - INFO: 18 move(s) completed (1 accepted (5.5556 %)). Current N = 1. Average N = 0.778
2021-03-24 14:03:06,777 - INFO: 19 move(s) completed (1 accepted (5.2632 %)). Current N = 1. Average N = 0.789
2021-03-24 14:03:23,912 - INFO: Move rejected due to water leaving the GCMC sphere
2021-03-24 14:03:27,425 - INFO: 20 move(s) completed (1 accepted (5.0000 %)). Current N = 1. Average N = 0.800
2021-03-24 14:03:47,385 - INFO: 21 move(s) completed (1 accepted (4.7619 %)). Current N = 1. Average N = 0.809
2021-03-24 14:04:07,176 - INFO: 22 move(s) completed (1 accepted (4.5455 %)). Current N = 1. Average N = 0.818
2021-03-24 14:04:27,166 - INFO: 23 move(s) completed (1 accepted (4.3478 %)). Current N = 1. Average N = 0.826
2021-03-24 14:04:47,099 - INFO: 24 move(s) completed (1 accepted (4.1667 %)). Current N = 1. Average N = 0.833
2021-03-24 14:05:03,662 - INFO: Move rejected due to water leaving the GCMC sphere
2021-03-24 14:05:06,977 - INFO: 25 move(s) completed (1 accepted (4.0000 %)). Current N = 1. Average N = 0.840
2021-03-24 14:05:23,578 - INFO: Move rejected due to water leaving the GCMC sphere
2021-03-24 14:05:27,011 - INFO: 26 move(s) completed (1 accepted (3.8462 %)). Current N = 1. Average N = 0.846
2021-03-24 14:05:43,501 - INFO: Move rejected due to water leaving the GCMC sphere
2021-03-24 14:05:46,981 - INFO: 27 move(s) completed (1 accepted (3.7037 %)). Current N = 1. Average N = 0.852
2021-03-24 14:06:03,647 - INFO: Move rejected due to water leaving the GCMC sphere
2021-03-24 14:06:07,083 - INFO: 28 move(s) completed (1 accepted (3.5714 %)). Current N = 1. Average N = 0.857
2021-03-24 14:06:26,879 - INFO: 29 move(s) completed (1 accepted (3.4483 %)). Current N = 1. Average N = 0.862
2021-03-24 14:06:46,603 - INFO: 30 move(s) completed (1 accepted (3.3333 %)). Current N = 1. Average N = 0.867
2021-03-24 14:07:06,589 - INFO: 31 move(s) completed (1 accepted (3.2258 %)). Current N = 1. Average N = 0.871
2021-03-24 14:07:26,546 - INFO: 32 move(s) completed (1 accepted (3.1250 %)). Current N = 1. Average N = 0.875
2021-03-24 14:07:46,518 - INFO: 33 move(s) completed (1 accepted (3.0303 %)). Current N = 1. Average N = 0.879
2021-03-24 14:08:03,605 - INFO: Move rejected due to water leaving the GCMC sphere
2021-03-24 14:08:07,102 - INFO: 34 move(s) completed (1 accepted (2.9412 %)). Current N = 1. Average N = 0.882
2021-03-24 14:08:27,641 - INFO: 35 move(s) completed (1 accepted (2.8571 %)). Current N = 1. Average N = 0.886
2021-03-24 14:08:47,673 - INFO: 36 move(s) completed (1 accepted (2.7778 %)). Current N = 1. Average N = 0.889
2021-03-24 14:09:04,022 - INFO: Move rejected due to water leaving the GCMC sphere
2021-03-24 14:09:07,476 - INFO: 37 move(s) completed (1 accepted (2.7027 %)). Current N = 1. Average N = 0.892
2021-03-24 14:09:23,875 - INFO: Move rejected due to water leaving the GCMC sphere
2021-03-24 14:09:27,305 - INFO: 38 move(s) completed (1 accepted (2.6316 %)). Current N = 1. Average N = 0.895
2021-03-24 14:09:43,804 - INFO: Move rejected due to water leaving the GCMC sphere
2021-03-24 14:09:47,394 - INFO: 39 move(s) completed (1 accepted (2.5641 %)). Current N = 1. Average N = 0.897
2021-03-24 14:10:07,637 - INFO: 40 move(s) completed (1 accepted (2.5000 %)). Current N = 1. Average N = 0.900
2021-03-24 14:10:27,654 - INFO: 41 move(s) completed (1 accepted (2.4390 %)). Current N = 1. Average N = 0.902
2021-03-24 14:10:47,615 - INFO: 42 move(s) completed (1 accepted (2.3810 %)). Current N = 1. Average N = 0.905
2021-03-24 14:11:04,343 - INFO: Move rejected due to water leaving the GCMC sphere
2021-03-24 14:11:07,751 - INFO: 43 move(s) completed (1 accepted (2.3256 %)). Current N = 1. Average N = 0.907
2021-03-24 14:11:24,479 - INFO: Move rejected due to water leaving the GCMC sphere
2021-03-24 14:11:27,932 - INFO: 44 move(s) completed (1 accepted (2.2727 %)). Current N = 1. Average N = 0.909
2021-03-24 14:11:44,602 - INFO: Move rejected due to water leaving the GCMC sphere
2021-03-24 14:11:48,071 - INFO: 45 move(s) completed (1 accepted (2.2222 %)). Current N = 1. Average N = 0.911
2021-03-24 14:12:08,361 - INFO: 46 move(s) completed (1 accepted (2.1739 %)). Current N = 1. Average N = 0.913
2021-03-24 14:12:28,941 - INFO: 47 move(s) completed (1 accepted (2.1277 %)). Current N = 1. Average N = 0.915
2021-03-24 14:12:46,115 - INFO: Move rejected due to water leaving the GCMC sphere
2021-03-24 14:12:49,771 - INFO: 48 move(s) completed (1 accepted (2.0833 %)). Current N = 1. Average N = 0.917
2021-03-24 14:13:10,709 - INFO: 49 move(s) completed (1 accepted (2.0408 %)). Current N = 1. Average N = 0.918
2021-03-24 14:13:30,639 - INFO: 50 move(s) completed (1 accepted (2.0000 %)). Current N = 1. Average N = 0.920
2021-03-24 14:13:47,860 - INFO: Move rejected due to water leaving the GCMC sphere
2021-03-24 14:13:51,306 - INFO: 51 move(s) completed (1 accepted (1.9608 %)). Current N = 1. Average N = 0.922
2021-03-24 14:14:08,578 - INFO: Move rejected due to water leaving the GCMC sphere
2021-03-24 14:14:11,969 - INFO: 52 move(s) completed (1 accepted (1.9231 %)). Current N = 1. Average N = 0.923
2021-03-24 14:14:31,916 - INFO: 53 move(s) completed (1 accepted (1.8868 %)). Current N = 1. Average N = 0.924
2021-03-24 14:14:51,772 - INFO: 54 move(s) completed (1 accepted (1.8519 %)). Current N = 1. Average N = 0.926
2021-03-24 14:15:11,942 - INFO: 55 move(s) completed (1 accepted (1.8182 %)). Current N = 1. Average N = 0.927
2021-03-24 14:15:32,101 - INFO: 56 move(s) completed (1 accepted (1.7857 %)). Current N = 1. Average N = 0.929
2021-03-24 14:15:52,229 - INFO: 57 move(s) completed (1 accepted (1.7544 %)). Current N = 1. Average N = 0.930
2021-03-24 14:16:08,995 - INFO: Move rejected due to water leaving the GCMC sphere
2021-03-24 14:16:12,465 - INFO: 58 move(s) completed (1 accepted (1.7241 %)). Current N = 1. Average N = 0.931
2021-03-24 14:16:29,579 - INFO: Move rejected due to water leaving the GCMC sphere
2021-03-24 14:16:33,110 - INFO: 59 move(s) completed (1 accepted (1.6949 %)). Current N = 1. Average N = 0.932
2021-03-24 14:16:53,664 - INFO: 60 move(s) completed (1 accepted (1.6667 %)). Current N = 1. Average N = 0.933
2021-03-24 14:17:13,627 - INFO: 61 move(s) completed (1 accepted (1.6393 %)). Current N = 1. Average N = 0.934
2021-03-24 14:17:34,370 - INFO: 62 move(s) completed (1 accepted (1.6129 %)). Current N = 1. Average N = 0.935
2021-03-24 14:17:54,803 - INFO: 63 move(s) completed (1 accepted (1.5873 %)). Current N = 1. Average N = 0.936
2021-03-24 14:18:11,128 - INFO: Move rejected due to water leaving the GCMC sphere
2021-03-24 14:18:14,608 - INFO: 64 move(s) completed (1 accepted (1.5625 %)). Current N = 1. Average N = 0.938
2021-03-24 14:18:35,515 - INFO: 65 move(s) completed (1 accepted (1.5385 %)). Current N = 1. Average N = 0.939
2021-03-24 14:18:56,127 - INFO: 66 move(s) completed (1 accepted (1.5152 %)). Current N = 1. Average N = 0.939
2021-03-24 14:19:13,580 - INFO: Move rejected due to water leaving the GCMC sphere
2021-03-24 14:19:17,200 - INFO: 67 move(s) completed (1 accepted (1.4925 %)). Current N = 1. Average N = 0.940
2021-03-24 14:19:38,104 - INFO: 68 move(s) completed (1 accepted (1.4706 %)). Current N = 1. Average N = 0.941
2021-03-24 14:19:58,110 - INFO: 69 move(s) completed (1 accepted (1.4493 %)). Current N = 1. Average N = 0.942
2021-03-24 14:20:14,626 - INFO: Move rejected due to water leaving the GCMC sphere
2021-03-24 14:20:18,060 - INFO: 70 move(s) completed (1 accepted (1.4286 %)). Current N = 1. Average N = 0.943
2021-03-24 14:20:38,223 - INFO: 71 move(s) completed (1 accepted (1.4085 %)). Current N = 1. Average N = 0.944
2021-03-24 14:20:54,865 - INFO: Move rejected due to water leaving the GCMC sphere
2021-03-24 14:20:58,278 - INFO: 72 move(s) completed (1 accepted (1.3889 %)). Current N = 1. Average N = 0.944
2021-03-24 14:21:18,236 - INFO: 73 move(s) completed (1 accepted (1.3699 %)). Current N = 1. Average N = 0.945
2021-03-24 14:21:38,111 - INFO: 74 move(s) completed (1 accepted (1.3514 %)). Current N = 1. Average N = 0.946
2021-03-24 14:21:58,250 - INFO: 75 move(s) completed (1 accepted (1.3333 %)). Current N = 1. Average N = 0.947
2021-03-24 14:22:15,067 - INFO: Move rejected due to water leaving the GCMC sphere
2021-03-24 14:22:18,385 - INFO: 76 move(s) completed (1 accepted (1.3158 %)). Current N = 1. Average N = 0.947
2021-03-24 14:22:38,615 - INFO: 77 move(s) completed (1 accepted (1.2987 %)). Current N = 1. Average N = 0.948
2021-03-24 14:22:55,532 - INFO: Move rejected due to water leaving the GCMC sphere
2021-03-24 14:22:58,954 - INFO: 78 move(s) completed (1 accepted (1.2821 %)). Current N = 1. Average N = 0.949
2021-03-24 14:23:15,871 - INFO: Move rejected due to water leaving the GCMC sphere
2021-03-24 14:23:19,164 - INFO: 79 move(s) completed (1 accepted (1.2658 %)). Current N = 1. Average N = 0.949
2021-03-24 14:23:35,988 - INFO: Move rejected due to water leaving the GCMC sphere
2021-03-24 14:23:39,420 - INFO: 80 move(s) completed (1 accepted (1.2500 %)). Current N = 1. Average N = 0.950
2021-03-24 14:24:00,157 - INFO: 81 move(s) completed (1 accepted (1.2346 %)). Current N = 1. Average N = 0.951
2021-03-24 14:24:21,034 - INFO: 82 move(s) completed (1 accepted (1.2195 %)). Current N = 1. Average N = 0.951
2021-03-24 14:24:37,664 - INFO: Move rejected due to water leaving the GCMC sphere
2021-03-24 14:24:41,331 - INFO: 83 move(s) completed (1 accepted (1.2048 %)). Current N = 1. Average N = 0.952
2021-03-24 14:25:02,155 - INFO: 84 move(s) completed (1 accepted (1.1905 %)). Current N = 1. Average N = 0.952
2021-03-24 14:25:22,054 - INFO: 85 move(s) completed (1 accepted (1.1765 %)). Current N = 1. Average N = 0.953
2021-03-24 14:25:38,550 - INFO: Move rejected due to water leaving the GCMC sphere
2021-03-24 14:25:42,155 - INFO: 86 move(s) completed (1 accepted (1.1628 %)). Current N = 1. Average N = 0.954
2021-03-24 14:26:02,260 - INFO: 87 move(s) completed (1 accepted (1.1494 %)). Current N = 1. Average N = 0.954
2021-03-24 14:26:22,430 - INFO: 88 move(s) completed (1 accepted (1.1364 %)). Current N = 1. Average N = 0.955
2021-03-24 14:26:42,517 - INFO: 89 move(s) completed (1 accepted (1.1236 %)). Current N = 1. Average N = 0.955
2021-03-24 14:27:02,698 - INFO: 90 move(s) completed (1 accepted (1.1111 %)). Current N = 1. Average N = 0.956
2021-03-24 14:27:22,639 - INFO: 91 move(s) completed (1 accepted (1.0989 %)). Current N = 1. Average N = 0.956
2021-03-24 14:27:39,713 - INFO: Move rejected due to water leaving the GCMC sphere
2021-03-24 14:27:43,195 - INFO: 92 move(s) completed (1 accepted (1.0870 %)). Current N = 1. Average N = 0.957
2021-03-24 14:28:03,273 - INFO: 93 move(s) completed (1 accepted (1.0753 %)). Current N = 1. Average N = 0.957
2021-03-24 14:28:23,519 - INFO: 94 move(s) completed (1 accepted (1.0638 %)). Current N = 1. Average N = 0.957
2021-03-24 14:28:43,406 - INFO: 95 move(s) completed (1 accepted (1.0526 %)). Current N = 1. Average N = 0.958
2021-03-24 14:29:00,341 - INFO: Move rejected due to water leaving the GCMC sphere
2021-03-24 14:29:03,823 - INFO: 96 move(s) completed (1 accepted (1.0417 %)). Current N = 1. Average N = 0.958
2021-03-24 14:29:24,650 - INFO: 97 move(s) completed (1 accepted (1.0309 %)). Current N = 1. Average N = 0.959
2021-03-24 14:29:42,010 - INFO: Move rejected due to water leaving the GCMC sphere
2021-03-24 14:29:45,620 - INFO: 98 move(s) completed (1 accepted (1.0204 %)). Current N = 1. Average N = 0.959
2021-03-24 14:30:06,511 - INFO: 99 move(s) completed (1 accepted (1.0101 %)). Current N = 1. Average N = 0.960
2021-03-24 14:30:23,745 - INFO: Move rejected due to water leaving the GCMC sphere
2021-03-24 14:30:27,283 - INFO: 100 move(s) completed (1 accepted (1.0000 %)). Current N = 1. Average N = 0.960
2021-03-24 14:30:48,105 - INFO: 101 move(s) completed (1 accepted (0.9901 %)). Current N = 1. Average N = 0.960
2021-03-24 14:31:07,930 - INFO: 102 move(s) completed (1 accepted (0.9804 %)). Current N = 1. Average N = 0.961
2021-03-24 14:31:27,895 - INFO: 103 move(s) completed (1 accepted (0.9709 %)). Current N = 1. Average N = 0.961
2021-03-24 14:31:47,733 - INFO: 104 move(s) completed (1 accepted (0.9615 %)). Current N = 1. Average N = 0.962
2021-03-24 14:32:07,795 - INFO: 105 move(s) completed (1 accepted (0.9524 %)). Current N = 1. Average N = 0.962
2021-03-24 14:32:28,018 - INFO: 106 move(s) completed (1 accepted (0.9434 %)). Current N = 1. Average N = 0.962
2021-03-24 14:32:45,013 - INFO: Move rejected due to water leaving the GCMC sphere
2021-03-24 14:32:48,352 - INFO: 107 move(s) completed (1 accepted (0.9346 %)). Current N = 1. Average N = 0.963
2021-03-24 14:33:05,574 - INFO: Move rejected due to water leaving the GCMC sphere
2021-03-24 14:33:08,936 - INFO: 108 move(s) completed (1 accepted (0.9259 %)). Current N = 1. Average N = 0.963
2021-03-24 14:33:29,428 - INFO: 109 move(s) completed (1 accepted (0.9174 %)). Current N = 1. Average N = 0.963
2021-03-24 14:33:46,505 - INFO: Move rejected due to water leaving the GCMC sphere
2021-03-24 14:33:49,975 - INFO: 110 move(s) completed (1 accepted (0.9091 %)). Current N = 1. Average N = 0.964
2021-03-24 14:34:07,049 - INFO: Move rejected due to water leaving the GCMC sphere
2021-03-24 14:34:10,610 - INFO: 111 move(s) completed (1 accepted (0.9009 %)). Current N = 1. Average N = 0.964
2021-03-24 14:34:27,637 - INFO: Move rejected due to water leaving the GCMC sphere
2021-03-24 14:34:31,084 - INFO: 112 move(s) completed (1 accepted (0.8929 %)). Current N = 1. Average N = 0.964
2021-03-24 14:34:48,314 - INFO: Move rejected due to water leaving the GCMC sphere
2021-03-24 14:34:51,750 - INFO: 113 move(s) completed (1 accepted (0.8850 %)). Current N = 1. Average N = 0.965
2021-03-24 14:35:12,315 - INFO: 114 move(s) completed (1 accepted (0.8772 %)). Current N = 1. Average N = 0.965
2021-03-24 14:35:28,600 - INFO: Move rejected due to water leaving the GCMC sphere
2021-03-24 14:35:31,986 - INFO: 115 move(s) completed (1 accepted (0.8696 %)). Current N = 1. Average N = 0.965
2021-03-24 14:35:53,180 - INFO: 116 move(s) completed (1 accepted (0.8621 %)). Current N = 1. Average N = 0.966
2021-03-24 14:36:14,050 - INFO: 117 move(s) completed (1 accepted (0.8547 %)). Current N = 1. Average N = 0.966
2021-03-24 14:36:33,992 - INFO: 118 move(s) completed (1 accepted (0.8475 %)). Current N = 1. Average N = 0.966
2021-03-24 14:36:50,625 - INFO: Move rejected due to water leaving the GCMC sphere
2021-03-24 14:36:53,988 - INFO: 119 move(s) completed (1 accepted (0.8403 %)). Current N = 1. Average N = 0.966
2021-03-24 14:37:14,159 - INFO: 120 move(s) completed (1 accepted (0.8333 %)). Current N = 1. Average N = 0.967
2021-03-24 14:37:34,280 - INFO: 121 move(s) completed (1 accepted (0.8264 %)). Current N = 1. Average N = 0.967
2021-03-24 14:37:54,521 - INFO: 122 move(s) completed (1 accepted (0.8197 %)). Current N = 1. Average N = 0.967
2021-03-24 14:38:11,250 - INFO: Move rejected due to water leaving the GCMC sphere
2021-03-24 14:38:14,601 - INFO: 123 move(s) completed (1 accepted (0.8130 %)). Current N = 1. Average N = 0.968
2021-03-24 14:38:34,986 - INFO: 124 move(s) completed (1 accepted (0.8065 %)). Current N = 1. Average N = 0.968
2021-03-24 14:38:54,722 - INFO: 125 move(s) completed (1 accepted (0.8000 %)). Current N = 1. Average N = 0.968
2021-03-24 14:39:15,276 - INFO: 126 move(s) completed (1 accepted (0.7937 %)). Current N = 1. Average N = 0.968
2021-03-24 14:39:32,301 - INFO: Move rejected due to water leaving the GCMC sphere
2021-03-24 14:39:35,715 - INFO: 127 move(s) completed (1 accepted (0.7874 %)). Current N = 1. Average N = 0.969
2021-03-24 14:39:55,786 - INFO: 128 move(s) completed (1 accepted (0.7812 %)). Current N = 1. Average N = 0.969
2021-03-24 14:40:15,897 - INFO: 129 move(s) completed (1 accepted (0.7752 %)). Current N = 1. Average N = 0.969
2021-03-24 14:40:33,261 - INFO: Move rejected due to water leaving the GCMC sphere
2021-03-24 14:40:36,589 - INFO: 130 move(s) completed (1 accepted (0.7692 %)). Current N = 1. Average N = 0.969
2021-03-24 14:40:53,920 - INFO: Move rejected due to water leaving the GCMC sphere
2021-03-24 14:40:57,513 - INFO: 131 move(s) completed (1 accepted (0.7634 %)). Current N = 1. Average N = 0.970
2021-03-24 14:41:14,739 - INFO: Move rejected due to water leaving the GCMC sphere
2021-03-24 14:41:18,162 - INFO: 132 move(s) completed (1 accepted (0.7576 %)). Current N = 1. Average N = 0.970
2021-03-24 14:41:35,488 - INFO: Move rejected due to water leaving the GCMC sphere
2021-03-24 14:41:38,923 - INFO: 133 move(s) completed (1 accepted (0.7519 %)). Current N = 1. Average N = 0.970
2021-03-24 14:41:55,430 - INFO: Move rejected due to water leaving the GCMC sphere
2021-03-24 14:41:58,856 - INFO: 134 move(s) completed (1 accepted (0.7463 %)). Current N = 1. Average N = 0.970
2021-03-24 14:42:15,215 - INFO: Move rejected due to water leaving the GCMC sphere
2021-03-24 14:42:18,748 - INFO: 135 move(s) completed (1 accepted (0.7407 %)). Current N = 1. Average N = 0.970
2021-03-24 14:42:38,531 - INFO: 136 move(s) completed (1 accepted (0.7353 %)). Current N = 1. Average N = 0.971
2021-03-24 14:42:58,197 - INFO: 137 move(s) completed (1 accepted (0.7299 %)). Current N = 1. Average N = 0.971
2021-03-24 14:43:18,021 - INFO: 138 move(s) completed (1 accepted (0.7246 %)). Current N = 1. Average N = 0.971
2021-03-24 14:43:38,218 - INFO: 139 move(s) completed (1 accepted (0.7194 %)). Current N = 1. Average N = 0.971
2021-03-24 14:43:58,593 - INFO: 140 move(s) completed (1 accepted (0.7143 %)). Current N = 1. Average N = 0.971
2021-03-24 14:44:18,533 - INFO: 141 move(s) completed (1 accepted (0.7092 %)). Current N = 1. Average N = 0.972
2021-03-24 14:44:35,332 - INFO: Move rejected due to water leaving the GCMC sphere
2021-03-24 14:44:38,811 - INFO: 142 move(s) completed (1 accepted (0.7042 %)). Current N = 1. Average N = 0.972
2021-03-24 14:44:59,394 - INFO: 143 move(s) completed (1 accepted (0.6993 %)). Current N = 1. Average N = 0.972
2021-03-24 14:45:19,924 - INFO: 144 move(s) completed (1 accepted (0.6944 %)). Current N = 1. Average N = 0.972
2021-03-24 14:45:37,291 - INFO: Move rejected due to water leaving the GCMC sphere
2021-03-24 14:45:40,636 - INFO: 145 move(s) completed (1 accepted (0.6897 %)). Current N = 1. Average N = 0.972
2021-03-24 14:46:00,325 - INFO: 146 move(s) completed (1 accepted (0.6849 %)). Current N = 1. Average N = 0.973
2021-03-24 14:46:16,753 - INFO: Move rejected due to water leaving the GCMC sphere
2021-03-24 14:46:20,141 - INFO: 147 move(s) completed (1 accepted (0.6803 %)). Current N = 1. Average N = 0.973
2021-03-24 14:46:37,591 - INFO: Move rejected due to water leaving the GCMC sphere
2021-03-24 14:46:41,118 - INFO: 148 move(s) completed (1 accepted (0.6757 %)). Current N = 1. Average N = 0.973
2021-03-24 14:47:01,287 - INFO: 149 move(s) completed (1 accepted (0.6711 %)). Current N = 1. Average N = 0.973
2021-03-24 14:47:21,410 - INFO: 150 move(s) completed (1 accepted (0.6667 %)). Current N = 1. Average N = 0.973
2021-03-24 14:47:38,094 - INFO: Move rejected due to water leaving the GCMC sphere
2021-03-24 14:47:41,652 - INFO: 151 move(s) completed (1 accepted (0.6623 %)). Current N = 1. Average N = 0.974
2021-03-24 14:47:58,594 - INFO: Move rejected due to water leaving the GCMC sphere
2021-03-24 14:48:02,122 - INFO: 152 move(s) completed (1 accepted (0.6579 %)). Current N = 1. Average N = 0.974
2021-03-24 14:48:22,149 - INFO: 153 move(s) completed (1 accepted (0.6536 %)). Current N = 1. Average N = 0.974
2021-03-24 14:48:42,237 - INFO: 154 move(s) completed (1 accepted (0.6494 %)). Current N = 1. Average N = 0.974
2021-03-24 14:49:02,253 - INFO: 155 move(s) completed (1 accepted (0.6452 %)). Current N = 1. Average N = 0.974
2021-03-24 14:49:22,156 - INFO: 156 move(s) completed (1 accepted (0.6410 %)). Current N = 1. Average N = 0.974
2021-03-24 14:49:42,128 - INFO: 157 move(s) completed (1 accepted (0.6369 %)). Current N = 1. Average N = 0.975
2021-03-24 14:49:59,165 - INFO: Move rejected due to water leaving the GCMC sphere
2021-03-24 14:50:02,699 - INFO: 158 move(s) completed (1 accepted (0.6329 %)). Current N = 1. Average N = 0.975
2021-03-24 14:50:19,768 - INFO: Move rejected due to water leaving the GCMC sphere
2021-03-24 14:50:23,301 - INFO: 159 move(s) completed (1 accepted (0.6289 %)). Current N = 1. Average N = 0.975
2021-03-24 14:50:43,901 - INFO: 160 move(s) completed (1 accepted (0.6250 %)). Current N = 1. Average N = 0.975
2021-03-24 14:51:03,748 - INFO: 161 move(s) completed (1 accepted (0.6211 %)). Current N = 1. Average N = 0.975
2021-03-24 14:51:24,214 - INFO: 162 move(s) completed (1 accepted (0.6173 %)). Current N = 1. Average N = 0.975
2021-03-24 14:51:44,865 - INFO: 163 move(s) completed (1 accepted (0.6135 %)). Current N = 1. Average N = 0.976
2021-03-24 14:52:02,196 - INFO: Move rejected due to water leaving the GCMC sphere
2021-03-24 14:52:05,537 - INFO: 164 move(s) completed (1 accepted (0.6098 %)). Current N = 1. Average N = 0.976
2021-03-24 14:52:25,624 - INFO: 165 move(s) completed (1 accepted (0.6061 %)). Current N = 1. Average N = 0.976
2021-03-24 14:52:42,217 - INFO: Move rejected due to water leaving the GCMC sphere
2021-03-24 14:52:45,573 - INFO: 166 move(s) completed (1 accepted (0.6024 %)). Current N = 1. Average N = 0.976
2021-03-24 14:53:05,548 - INFO: 167 move(s) completed (1 accepted (0.5988 %)). Current N = 1. Average N = 0.976
2021-03-24 14:53:22,323 - INFO: Move rejected due to water leaving the GCMC sphere
2021-03-24 14:53:25,941 - INFO: 168 move(s) completed (1 accepted (0.5952 %)). Current N = 1. Average N = 0.976
2021-03-24 14:53:46,219 - INFO: 169 move(s) completed (1 accepted (0.5917 %)). Current N = 1. Average N = 0.976
2021-03-24 14:54:06,624 - INFO: 170 move(s) completed (1 accepted (0.5882 %)). Current N = 1. Average N = 0.977
2021-03-24 14:54:23,369 - INFO: Move rejected due to water leaving the GCMC sphere
2021-03-24 14:54:26,829 - INFO: 171 move(s) completed (1 accepted (0.5848 %)). Current N = 1. Average N = 0.977
2021-03-24 14:54:43,595 - INFO: Move rejected due to water leaving the GCMC sphere
2021-03-24 14:54:46,944 - INFO: 172 move(s) completed (1 accepted (0.5814 %)). Current N = 1. Average N = 0.977
2021-03-24 14:55:07,328 - INFO: 173 move(s) completed (1 accepted (0.5780 %)). Current N = 1. Average N = 0.977
2021-03-24 14:55:27,129 - INFO: 174 move(s) completed (1 accepted (0.5747 %)). Current N = 1. Average N = 0.977
2021-03-24 14:55:46,884 - INFO: 175 move(s) completed (1 accepted (0.5714 %)). Current N = 1. Average N = 0.977
2021-03-24 14:56:06,872 - INFO: 176 move(s) completed (1 accepted (0.5682 %)). Current N = 1. Average N = 0.977
2021-03-24 14:56:27,408 - INFO: 177 move(s) completed (1 accepted (0.5650 %)). Current N = 1. Average N = 0.977
2021-03-24 14:56:48,457 - INFO: 178 move(s) completed (1 accepted (0.5618 %)). Current N = 1. Average N = 0.978
2021-03-24 14:57:09,467 - INFO: 179 move(s) completed (1 accepted (0.5587 %)). Current N = 1. Average N = 0.978
2021-03-24 14:57:26,965 - INFO: Move rejected due to water leaving the GCMC sphere
2021-03-24 14:57:30,538 - INFO: 180 move(s) completed (1 accepted (0.5556 %)). Current N = 1. Average N = 0.978
2021-03-24 14:57:47,081 - INFO: Move rejected due to water leaving the GCMC sphere
2021-03-24 14:57:50,638 - INFO: 181 move(s) completed (1 accepted (0.5525 %)). Current N = 1. Average N = 0.978
2021-03-24 14:58:10,458 - INFO: 182 move(s) completed (1 accepted (0.5495 %)). Current N = 1. Average N = 0.978
2021-03-24 14:58:27,187 - INFO: Move rejected due to water leaving the GCMC sphere
2021-03-24 14:58:30,720 - INFO: 183 move(s) completed (1 accepted (0.5464 %)). Current N = 1. Average N = 0.978
2021-03-24 14:58:50,799 - INFO: 184 move(s) completed (1 accepted (0.5435 %)). Current N = 1. Average N = 0.978
2021-03-24 14:59:07,465 - INFO: Move rejected due to water leaving the GCMC sphere
2021-03-24 14:59:10,969 - INFO: 185 move(s) completed (1 accepted (0.5405 %)). Current N = 1. Average N = 0.978
2021-03-24 14:59:31,194 - INFO: 186 move(s) completed (1 accepted (0.5376 %)). Current N = 1. Average N = 0.979
2021-03-24 14:59:51,503 - INFO: 187 move(s) completed (1 accepted (0.5348 %)). Current N = 1. Average N = 0.979
2021-03-24 15:00:11,905 - INFO: 188 move(s) completed (1 accepted (0.5319 %)). Current N = 1. Average N = 0.979
2021-03-24 15:00:32,090 - INFO: 189 move(s) completed (1 accepted (0.5291 %)). Current N = 1. Average N = 0.979
2021-03-24 15:00:49,202 - INFO: Move rejected due to water leaving the GCMC sphere
2021-03-24 15:00:52,717 - INFO: 190 move(s) completed (1 accepted (0.5263 %)). Current N = 1. Average N = 0.979
2021-03-24 15:01:13,385 - INFO: 191 move(s) completed (1 accepted (0.5236 %)). Current N = 1. Average N = 0.979
2021-03-24 15:01:30,563 - INFO: Move rejected due to water leaving the GCMC sphere
2021-03-24 15:01:34,130 - INFO: 192 move(s) completed (1 accepted (0.5208 %)). Current N = 1. Average N = 0.979
2021-03-24 15:01:51,261 - INFO: Move rejected due to water leaving the GCMC sphere
2021-03-24 15:01:54,730 - INFO: 193 move(s) completed (1 accepted (0.5181 %)). Current N = 1. Average N = 0.979
2021-03-24 15:02:11,966 - INFO: Move rejected due to water leaving the GCMC sphere
2021-03-24 15:02:15,405 - INFO: 194 move(s) completed (1 accepted (0.5155 %)). Current N = 1. Average N = 0.979
2021-03-24 15:02:32,661 - INFO: Move rejected due to water leaving the GCMC sphere
2021-03-24 15:02:36,030 - INFO: 195 move(s) completed (1 accepted (0.5128 %)). Current N = 1. Average N = 0.980
2021-03-24 15:02:57,250 - INFO: 196 move(s) completed (1 accepted (0.5102 %)). Current N = 1. Average N = 0.980
2021-03-24 15:03:13,812 - INFO: Move rejected due to water leaving the GCMC sphere
2021-03-24 15:03:17,393 - INFO: 197 move(s) completed (1 accepted (0.5076 %)). Current N = 1. Average N = 0.980
2021-03-24 15:03:37,708 - INFO: 198 move(s) completed (1 accepted (0.5051 %)). Current N = 1. Average N = 0.980
2021-03-24 15:03:57,827 - INFO: 199 move(s) completed (1 accepted (0.5025 %)). Current N = 1. Average N = 0.980
2021-03-24 15:04:14,739 - INFO: Move rejected due to water leaving the GCMC sphere
2021-03-24 15:04:18,389 - INFO: 200 move(s) completed (1 accepted (0.5000 %)). Current N = 1. Average N = 0.980
2021-03-24 15:04:35,029 - INFO: Move rejected due to water leaving the GCMC sphere
2021-03-24 15:04:38,362 - INFO: 201 move(s) completed (1 accepted (0.4975 %)). Current N = 1. Average N = 0.980
2021-03-24 15:04:58,418 - INFO: 202 move(s) completed (1 accepted (0.4950 %)). Current N = 1. Average N = 0.980
2021-03-24 15:05:18,566 - INFO: 203 move(s) completed (1 accepted (0.4926 %)). Current N = 1. Average N = 0.980
2021-03-24 15:05:35,382 - INFO: Move rejected due to water leaving the GCMC sphere
2021-03-24 15:05:38,807 - INFO: 204 move(s) completed (1 accepted (0.4902 %)). Current N = 1. Average N = 0.980
2021-03-24 15:05:59,190 - INFO: 205 move(s) completed (1 accepted (0.4878 %)). Current N = 1. Average N = 0.981
2021-03-24 15:06:19,500 - INFO: 206 move(s) completed (1 accepted (0.4854 %)). Current N = 1. Average N = 0.981
2021-03-24 15:06:39,792 - INFO: 207 move(s) completed (1 accepted (0.4831 %)). Current N = 1. Average N = 0.981
2021-03-24 15:07:00,374 - INFO: 208 move(s) completed (1 accepted (0.4808 %)). Current N = 1. Average N = 0.981
2021-03-24 15:07:20,949 - INFO: 209 move(s) completed (1 accepted (0.4785 %)). Current N = 1. Average N = 0.981
2021-03-24 15:07:41,749 - INFO: 210 move(s) completed (1 accepted (0.4762 %)). Current N = 1. Average N = 0.981
2021-03-24 15:07:58,348 - INFO: Move rejected due to water leaving the GCMC sphere
2021-03-24 15:08:02,031 - INFO: 211 move(s) completed (1 accepted (0.4739 %)). Current N = 1. Average N = 0.981
2021-03-24 15:08:22,889 - INFO: 212 move(s) completed (1 accepted (0.4717 %)). Current N = 1. Average N = 0.981
2021-03-24 15:08:42,696 - INFO: 213 move(s) completed (1 accepted (0.4695 %)). Current N = 1. Average N = 0.981
2021-03-24 15:08:58,999 - INFO: Move rejected due to water leaving the GCMC sphere
2021-03-24 15:09:02,610 - INFO: 214 move(s) completed (1 accepted (0.4673 %)). Current N = 1. Average N = 0.981
2021-03-24 15:09:22,842 - INFO: 215 move(s) completed (1 accepted (0.4651 %)). Current N = 1. Average N = 0.981
2021-03-24 15:09:39,310 - INFO: Move rejected due to water leaving the GCMC sphere
2021-03-24 15:09:42,919 - INFO: 216 move(s) completed (1 accepted (0.4630 %)). Current N = 1. Average N = 0.982
2021-03-24 15:09:59,484 - INFO: Move rejected due to water leaving the GCMC sphere
2021-03-24 15:10:03,023 - INFO: 217 move(s) completed (1 accepted (0.4608 %)). Current N = 1. Average N = 0.982
2021-03-24 15:10:23,266 - INFO: 218 move(s) completed (1 accepted (0.4587 %)). Current N = 1. Average N = 0.982
2021-03-24 15:10:43,265 - INFO: 219 move(s) completed (1 accepted (0.4566 %)). Current N = 1. Average N = 0.982
2021-03-24 15:10:59,944 - INFO: Move rejected due to water leaving the GCMC sphere
2021-03-24 15:11:03,375 - INFO: 220 move(s) completed (1 accepted (0.4545 %)). Current N = 1. Average N = 0.982
2021-03-24 15:11:23,949 - INFO: 221 move(s) completed (1 accepted (0.4525 %)). Current N = 1. Average N = 0.982
2021-03-24 15:11:43,695 - INFO: 222 move(s) completed (1 accepted (0.4505 %)). Current N = 1. Average N = 0.982
2021-03-24 15:12:03,510 - INFO: 223 move(s) completed (1 accepted (0.4484 %)). Current N = 1. Average N = 0.982
2021-03-24 15:12:23,426 - INFO: 224 move(s) completed (1 accepted (0.4464 %)). Current N = 1. Average N = 0.982
2021-03-24 15:12:39,913 - INFO: Move rejected due to water leaving the GCMC sphere
2021-03-24 15:12:43,339 - INFO: 225 move(s) completed (1 accepted (0.4444 %)). Current N = 1. Average N = 0.982
2021-03-24 15:13:03,397 - INFO: 226 move(s) completed (1 accepted (0.4425 %)). Current N = 1. Average N = 0.982
2021-03-24 15:13:19,803 - INFO: Move rejected due to water leaving the GCMC sphere
2021-03-24 15:13:23,293 - INFO: 227 move(s) completed (1 accepted (0.4405 %)). Current N = 1. Average N = 0.982
2021-03-24 15:13:43,325 - INFO: 228 move(s) completed (1 accepted (0.4386 %)). Current N = 1. Average N = 0.983
2021-03-24 15:13:59,888 - INFO: Move rejected due to water leaving the GCMC sphere
2021-03-24 15:14:03,409 - INFO: 229 move(s) completed (1 accepted (0.4367 %)). Current N = 1. Average N = 0.983
2021-03-24 15:14:20,081 - INFO: Move rejected due to water leaving the GCMC sphere
2021-03-24 15:14:23,624 - INFO: 230 move(s) completed (1 accepted (0.4348 %)). Current N = 1. Average N = 0.983
2021-03-24 15:14:43,533 - INFO: 231 move(s) completed (1 accepted (0.4329 %)). Current N = 1. Average N = 0.983
2021-03-24 15:15:00,087 - INFO: Move rejected due to water leaving the GCMC sphere
2021-03-24 15:15:03,579 - INFO: 232 move(s) completed (1 accepted (0.4310 %)). Current N = 1. Average N = 0.983
2021-03-24 15:15:20,353 - INFO: Move rejected due to water leaving the GCMC sphere
2021-03-24 15:15:23,788 - INFO: 233 move(s) completed (1 accepted (0.4292 %)). Current N = 1. Average N = 0.983
2021-03-24 15:15:43,749 - INFO: 234 move(s) completed (1 accepted (0.4274 %)). Current N = 1. Average N = 0.983
2021-03-24 15:16:04,187 - INFO: 235 move(s) completed (1 accepted (0.4255 %)). Current N = 1. Average N = 0.983
2021-03-24 15:16:24,651 - INFO: 236 move(s) completed (1 accepted (0.4237 %)). Current N = 1. Average N = 0.983
2021-03-24 15:16:44,876 - INFO: 237 move(s) completed (1 accepted (0.4219 %)). Current N = 1. Average N = 0.983
2021-03-24 15:17:05,294 - INFO: 238 move(s) completed (1 accepted (0.4202 %)). Current N = 1. Average N = 0.983
2021-03-24 15:17:22,682 - INFO: Move rejected due to water leaving the GCMC sphere
2021-03-24 15:17:26,260 - INFO: 239 move(s) completed (1 accepted (0.4184 %)). Current N = 1. Average N = 0.983
2021-03-24 15:17:46,869 - INFO: 240 move(s) completed (1 accepted (0.4167 %)). Current N = 1. Average N = 0.983
2021-03-24 15:18:06,677 - INFO: 241 move(s) completed (1 accepted (0.4149 %)). Current N = 1. Average N = 0.983
2021-03-24 15:18:27,203 - INFO: 242 move(s) completed (1 accepted (0.4132 %)). Current N = 1. Average N = 0.984
2021-03-24 15:18:44,217 - INFO: Move rejected due to water leaving the GCMC sphere
2021-03-24 15:18:47,744 - INFO: 243 move(s) completed (1 accepted (0.4115 %)). Current N = 1. Average N = 0.984
2021-03-24 15:19:08,485 - INFO: 244 move(s) completed (1 accepted (0.4098 %)). Current N = 1. Average N = 0.984
2021-03-24 15:19:28,863 - INFO: 245 move(s) completed (1 accepted (0.4082 %)). Current N = 1. Average N = 0.984
2021-03-24 15:19:48,765 - INFO: 246 move(s) completed (1 accepted (0.4065 %)). Current N = 1. Average N = 0.984
2021-03-24 15:20:05,624 - INFO: Move rejected due to water leaving the GCMC sphere
2021-03-24 15:20:09,313 - INFO: 247 move(s) completed (1 accepted (0.4049 %)). Current N = 1. Average N = 0.984
2021-03-24 15:20:29,513 - INFO: 248 move(s) completed (1 accepted (0.4032 %)). Current N = 1. Average N = 0.984
2021-03-24 15:20:49,597 - INFO: 249 move(s) completed (1 accepted (0.4016 %)). Current N = 1. Average N = 0.984
2021-03-24 15:21:06,384 - INFO: Move rejected due to water leaving the GCMC sphere
2021-03-24 15:21:09,758 - INFO: 250 move(s) completed (1 accepted (0.4000 %)). Current N = 1. Average N = 0.984
2021-03-24 15:21:26,526 - INFO: Move rejected due to water leaving the GCMC sphere
2021-03-24 15:21:29,962 - INFO: 251 move(s) completed (1 accepted (0.3984 %)). Current N = 1. Average N = 0.984
2021-03-24 15:21:46,865 - INFO: Move rejected due to water leaving the GCMC sphere
2021-03-24 15:21:50,347 - INFO: 252 move(s) completed (1 accepted (0.3968 %)). Current N = 1. Average N = 0.984
2021-03-24 15:22:10,579 - INFO: 253 move(s) completed (1 accepted (0.3953 %)). Current N = 1. Average N = 0.984
2021-03-24 15:22:27,459 - INFO: Move rejected due to water leaving the GCMC sphere
2021-03-24 15:22:30,935 - INFO: 254 move(s) completed (1 accepted (0.3937 %)). Current N = 1. Average N = 0.984
2021-03-24 15:22:51,428 - INFO: 255 move(s) completed (1 accepted (0.3922 %)). Current N = 1. Average N = 0.984
2021-03-24 15:23:08,529 - INFO: Move rejected due to water leaving the GCMC sphere
2021-03-24 15:23:11,914 - INFO: 256 move(s) completed (1 accepted (0.3906 %)). Current N = 1. Average N = 0.984
2021-03-24 15:23:29,150 - INFO: Move rejected due to water leaving the GCMC sphere
2021-03-24 15:23:32,675 - INFO: 257 move(s) completed (1 accepted (0.3891 %)). Current N = 1. Average N = 0.984
2021-03-24 15:23:49,915 - INFO: Move rejected due to water leaving the GCMC sphere
2021-03-24 15:23:53,330 - INFO: 258 move(s) completed (1 accepted (0.3876 %)). Current N = 1. Average N = 0.985
2021-03-24 15:24:10,578 - INFO: Move rejected due to water leaving the GCMC sphere
2021-03-24 15:24:14,125 - INFO: 259 move(s) completed (1 accepted (0.3861 %)). Current N = 1. Average N = 0.985
2021-03-24 15:24:31,407 - INFO: Move rejected due to water leaving the GCMC sphere
2021-03-24 15:24:34,858 - INFO: 260 move(s) completed (1 accepted (0.3846 %)). Current N = 1. Average N = 0.985
2021-03-24 15:24:51,300 - INFO: Move rejected due to water leaving the GCMC sphere
2021-03-24 15:24:54,770 - INFO: 261 move(s) completed (1 accepted (0.3831 %)). Current N = 1. Average N = 0.985
2021-03-24 15:25:11,378 - INFO: Move rejected due to water leaving the GCMC sphere
2021-03-24 15:25:14,818 - INFO: 262 move(s) completed (1 accepted (0.3817 %)). Current N = 1. Average N = 0.985
2021-03-24 15:25:34,673 - INFO: 263 move(s) completed (1 accepted (0.3802 %)). Current N = 1. Average N = 0.985
2021-03-24 15:25:51,206 - INFO: Move rejected due to water leaving the GCMC sphere
2021-03-24 15:25:54,743 - INFO: 264 move(s) completed (1 accepted (0.3788 %)). Current N = 1. Average N = 0.985
2021-03-24 15:26:14,852 - INFO: 265 move(s) completed (1 accepted (0.3774 %)). Current N = 1. Average N = 0.985
2021-03-24 15:26:31,489 - INFO: Move rejected due to water leaving the GCMC sphere
2021-03-24 15:26:34,884 - INFO: 266 move(s) completed (1 accepted (0.3759 %)). Current N = 1. Average N = 0.985
2021-03-24 15:26:51,631 - INFO: Move rejected due to water leaving the GCMC sphere
2021-03-24 15:26:55,092 - INFO: 267 move(s) completed (1 accepted (0.3745 %)). Current N = 1. Average N = 0.985
2021-03-24 15:27:14,997 - INFO: 268 move(s) completed (1 accepted (0.3731 %)). Current N = 1. Average N = 0.985
2021-03-24 15:27:34,913 - INFO: 269 move(s) completed (1 accepted (0.3717 %)). Current N = 1. Average N = 0.985
2021-03-24 15:27:51,786 - INFO: Move rejected due to water leaving the GCMC sphere
2021-03-24 15:27:55,237 - INFO: 270 move(s) completed (1 accepted (0.3704 %)). Current N = 1. Average N = 0.985
2021-03-24 15:28:12,203 - INFO: Move rejected due to water leaving the GCMC sphere
2021-03-24 15:28:15,649 - INFO: 271 move(s) completed (1 accepted (0.3690 %)). Current N = 1. Average N = 0.985
2021-03-24 15:28:32,986 - INFO: Move rejected due to water leaving the GCMC sphere
2021-03-24 15:28:36,340 - INFO: 272 move(s) completed (1 accepted (0.3676 %)). Current N = 1. Average N = 0.985
2021-03-24 15:28:57,152 - INFO: 273 move(s) completed (1 accepted (0.3663 %)). Current N = 1. Average N = 0.985
2021-03-24 15:29:17,230 - INFO: 274 move(s) completed (1 accepted (0.3650 %)). Current N = 1. Average N = 0.985
2021-03-24 15:29:37,144 - INFO: 275 move(s) completed (1 accepted (0.3636 %)). Current N = 1. Average N = 0.986
2021-03-24 15:29:57,260 - INFO: 276 move(s) completed (1 accepted (0.3623 %)). Current N = 1. Average N = 0.986
2021-03-24 15:30:18,315 - INFO: 277 move(s) completed (1 accepted (0.3610 %)). Current N = 1. Average N = 0.986
2021-03-24 15:30:34,839 - INFO: Move rejected due to water leaving the GCMC sphere
2021-03-24 15:30:38,372 - INFO: 278 move(s) completed (1 accepted (0.3597 %)). Current N = 1. Average N = 0.986
2021-03-24 15:30:54,808 - INFO: Move rejected due to water leaving the GCMC sphere
2021-03-24 15:30:58,193 - INFO: 279 move(s) completed (1 accepted (0.3584 %)). Current N = 1. Average N = 0.986
2021-03-24 15:31:18,238 - INFO: 280 move(s) completed (1 accepted (0.3571 %)). Current N = 1. Average N = 0.986
2021-03-24 15:31:34,895 - INFO: Move rejected due to water leaving the GCMC sphere
2021-03-24 15:31:38,387 - INFO: 281 move(s) completed (1 accepted (0.3559 %)). Current N = 1. Average N = 0.986
2021-03-24 15:31:58,708 - INFO: 282 move(s) completed (1 accepted (0.3546 %)). Current N = 1. Average N = 0.986
2021-03-24 15:32:18,799 - INFO: 283 move(s) completed (1 accepted (0.3534 %)). Current N = 1. Average N = 0.986
2021-03-24 15:32:35,592 - INFO: Move rejected due to water leaving the GCMC sphere
2021-03-24 15:32:39,048 - INFO: 284 move(s) completed (1 accepted (0.3521 %)). Current N = 1. Average N = 0.986
2021-03-24 15:32:56,016 - INFO: Move rejected due to water leaving the GCMC sphere
2021-03-24 15:32:59,481 - INFO: 285 move(s) completed (1 accepted (0.3509 %)). Current N = 1. Average N = 0.986
2021-03-24 15:33:16,326 - INFO: Move rejected due to water leaving the GCMC sphere
2021-03-24 15:33:19,739 - INFO: 286 move(s) completed (1 accepted (0.3497 %)). Current N = 1. Average N = 0.986
2021-03-24 15:33:39,793 - INFO: 287 move(s) completed (1 accepted (0.3484 %)). Current N = 1. Average N = 0.986
2021-03-24 15:34:00,809 - INFO: 288 move(s) completed (1 accepted (0.3472 %)). Current N = 1. Average N = 0.986
2021-03-24 15:34:18,021 - INFO: Move rejected due to water leaving the GCMC sphere
2021-03-24 15:34:21,699 - INFO: 289 move(s) completed (1 accepted (0.3460 %)). Current N = 1. Average N = 0.986
2021-03-24 15:34:42,262 - INFO: 290 move(s) completed (1 accepted (0.3448 %)). Current N = 1. Average N = 0.986
2021-03-24 15:35:02,279 - INFO: 291 move(s) completed (1 accepted (0.3436 %)). Current N = 1. Average N = 0.986
2021-03-24 15:35:23,042 - INFO: 292 move(s) completed (1 accepted (0.3425 %)). Current N = 1. Average N = 0.986
2021-03-24 15:35:42,909 - INFO: 293 move(s) completed (1 accepted (0.3413 %)). Current N = 1. Average N = 0.986
2021-03-24 15:35:59,282 - INFO: Move rejected due to water leaving the GCMC sphere
2021-03-24 15:36:02,766 - INFO: 294 move(s) completed (1 accepted (0.3401 %)). Current N = 1. Average N = 0.986
2021-03-24 15:36:19,508 - INFO: Move rejected due to water leaving the GCMC sphere
2021-03-24 15:36:22,868 - INFO: 295 move(s) completed (1 accepted (0.3390 %)). Current N = 1. Average N = 0.986
2021-03-24 15:36:42,841 - INFO: 296 move(s) completed (1 accepted (0.3378 %)). Current N = 1. Average N = 0.987
2021-03-24 15:37:02,961 - INFO: 297 move(s) completed (1 accepted (0.3367 %)). Current N = 1. Average N = 0.987
2021-03-24 15:37:19,730 - INFO: Move rejected due to water leaving the GCMC sphere
2021-03-24 15:37:23,333 - INFO: 298 move(s) completed (1 accepted (0.3356 %)). Current N = 1. Average N = 0.987
2021-03-24 15:37:43,407 - INFO: 299 move(s) completed (1 accepted (0.3344 %)). Current N = 1. Average N = 0.987
2021-03-24 15:38:00,097 - INFO: Move rejected due to water leaving the GCMC sphere
2021-03-24 15:38:03,562 - INFO: 300 move(s) completed (1 accepted (0.3333 %)). Current N = 1. Average N = 0.987
2021-03-24 15:38:24,013 - INFO: 301 move(s) completed (1 accepted (0.3322 %)). Current N = 1. Average N = 0.987
2021-03-24 15:38:44,002 - INFO: 302 move(s) completed (1 accepted (0.3311 %)). Current N = 1. Average N = 0.987
2021-03-24 15:39:03,645 - INFO: 303 move(s) completed (1 accepted (0.3300 %)). Current N = 1. Average N = 0.987
2021-03-24 15:39:24,461 - INFO: 304 move(s) completed (1 accepted (0.3289 %)). Current N = 1. Average N = 0.987
2021-03-24 15:39:45,530 - INFO: 305 move(s) completed (1 accepted (0.3279 %)). Current N = 1. Average N = 0.987
2021-03-24 15:40:02,082 - INFO: Move rejected due to water leaving the GCMC sphere
2021-03-24 15:40:05,708 - INFO: 306 move(s) completed (1 accepted (0.3268 %)). Current N = 1. Average N = 0.987
2021-03-24 15:40:25,502 - INFO: 307 move(s) completed (1 accepted (0.3257 %)). Current N = 1. Average N = 0.987
2021-03-24 15:40:46,333 - INFO: 308 move(s) completed (1 accepted (0.3247 %)). Current N = 1. Average N = 0.987
2021-03-24 15:41:02,785 - INFO: Move rejected due to water leaving the GCMC sphere
2021-03-24 15:41:06,273 - INFO: 309 move(s) completed (1 accepted (0.3236 %)). Current N = 1. Average N = 0.987
2021-03-24 15:41:22,647 - INFO: Move rejected due to water leaving the GCMC sphere
2021-03-24 15:41:25,996 - INFO: 310 move(s) completed (1 accepted (0.3226 %)). Current N = 1. Average N = 0.987
2021-03-24 15:41:46,174 - INFO: 311 move(s) completed (1 accepted (0.3215 %)). Current N = 1. Average N = 0.987
2021-03-24 15:42:06,626 - INFO: 312 move(s) completed (1 accepted (0.3205 %)). Current N = 1. Average N = 0.987
2021-03-24 15:42:26,698 - INFO: 313 move(s) completed (1 accepted (0.3195 %)). Current N = 1. Average N = 0.987
2021-03-24 15:42:46,726 - INFO: 314 move(s) completed (1 accepted (0.3185 %)). Current N = 1. Average N = 0.987
2021-03-24 15:43:03,494 - INFO: Move rejected due to water leaving the GCMC sphere
2021-03-24 15:43:06,982 - INFO: 315 move(s) completed (1 accepted (0.3175 %)). Current N = 1. Average N = 0.987
2021-03-24 15:43:23,676 - INFO: Move rejected due to water leaving the GCMC sphere
2021-03-24 15:43:27,113 - INFO: 316 move(s) completed (1 accepted (0.3165 %)). Current N = 1. Average N = 0.987
2021-03-24 15:43:43,965 - INFO: Move rejected due to water leaving the GCMC sphere
2021-03-24 15:43:47,493 - INFO: 317 move(s) completed (1 accepted (0.3155 %)). Current N = 1. Average N = 0.987
2021-03-24 15:44:04,222 - INFO: Move rejected due to water leaving the GCMC sphere
2021-03-24 15:44:07,631 - INFO: 318 move(s) completed (1 accepted (0.3145 %)). Current N = 1. Average N = 0.987
2021-03-24 15:44:27,546 - INFO: 319 move(s) completed (1 accepted (0.3135 %)). Current N = 1. Average N = 0.988
2021-03-24 15:44:44,647 - INFO: Move rejected due to water leaving the GCMC sphere
2021-03-24 15:44:48,030 - INFO: 320 move(s) completed (1 accepted (0.3125 %)). Current N = 1. Average N = 0.988
2021-03-24 15:45:05,219 - INFO: Move rejected due to water leaving the GCMC sphere
2021-03-24 15:45:08,777 - INFO: 321 move(s) completed (1 accepted (0.3115 %)). Current N = 1. Average N = 0.988
2021-03-24 15:45:25,900 - INFO: Move rejected due to water leaving the GCMC sphere
2021-03-24 15:45:29,243 - INFO: 322 move(s) completed (1 accepted (0.3106 %)). Current N = 1. Average N = 0.988
2021-03-24 15:45:49,455 - INFO: 323 move(s) completed (1 accepted (0.3096 %)). Current N = 1. Average N = 0.988
2021-03-24 15:46:05,900 - INFO: Move rejected due to water leaving the GCMC sphere
2021-03-24 15:46:09,427 - INFO: 324 move(s) completed (1 accepted (0.3086 %)). Current N = 1. Average N = 0.988
2021-03-24 15:46:29,417 - INFO: 325 move(s) completed (1 accepted (0.3077 %)). Current N = 1. Average N = 0.988
2021-03-24 15:46:45,857 - INFO: Move rejected due to water leaving the GCMC sphere
2021-03-24 15:46:49,373 - INFO: 326 move(s) completed (1 accepted (0.3067 %)). Current N = 1. Average N = 0.988
2021-03-24 15:47:06,103 - INFO: Move rejected due to water leaving the GCMC sphere
2021-03-24 15:47:09,763 - INFO: 327 move(s) completed (1 accepted (0.3058 %)). Current N = 1. Average N = 0.988
2021-03-24 15:47:26,580 - INFO: Move rejected due to water leaving the GCMC sphere
2021-03-24 15:47:30,091 - INFO: 328 move(s) completed (1 accepted (0.3049 %)). Current N = 1. Average N = 0.988
2021-03-24 15:47:50,098 - INFO: 329 move(s) completed (1 accepted (0.3040 %)). Current N = 1. Average N = 0.988
2021-03-24 15:48:10,269 - INFO: 330 move(s) completed (1 accepted (0.3030 %)). Current N = 1. Average N = 0.988
2021-03-24 15:48:27,108 - INFO: Move rejected due to water leaving the GCMC sphere
2021-03-24 15:48:30,649 - INFO: 331 move(s) completed (1 accepted (0.3021 %)). Current N = 1. Average N = 0.988
2021-03-24 15:48:51,091 - INFO: 332 move(s) completed (1 accepted (0.3012 %)). Current N = 1. Average N = 0.988
2021-03-24 15:49:11,067 - INFO: 333 move(s) completed (1 accepted (0.3003 %)). Current N = 1. Average N = 0.988
2021-03-24 15:49:30,942 - INFO: 334 move(s) completed (1 accepted (0.2994 %)). Current N = 1. Average N = 0.988
2021-03-24 15:49:51,390 - INFO: 335 move(s) completed (1 accepted (0.2985 %)). Current N = 1. Average N = 0.988
2021-03-24 15:50:11,960 - INFO: 336 move(s) completed (1 accepted (0.2976 %)). Current N = 1. Average N = 0.988
2021-03-24 15:50:32,580 - INFO: 337 move(s) completed (1 accepted (0.2967 %)). Current N = 1. Average N = 0.988
2021-03-24 15:50:49,905 - INFO: Move rejected due to water leaving the GCMC sphere
2021-03-24 15:50:53,501 - INFO: 338 move(s) completed (1 accepted (0.2959 %)). Current N = 1. Average N = 0.988
2021-03-24 15:51:13,962 - INFO: 339 move(s) completed (1 accepted (0.2950 %)). Current N = 1. Average N = 0.988
2021-03-24 15:51:31,306 - INFO: Move rejected due to water leaving the GCMC sphere
2021-03-24 15:51:34,762 - INFO: 340 move(s) completed (1 accepted (0.2941 %)). Current N = 1. Average N = 0.988
2021-03-24 15:51:54,564 - INFO: 341 move(s) completed (1 accepted (0.2933 %)). Current N = 1. Average N = 0.988
2021-03-24 15:52:14,415 - INFO: 342 move(s) completed (1 accepted (0.2924 %)). Current N = 1. Average N = 0.988
2021-03-24 15:52:34,757 - INFO: 343 move(s) completed (1 accepted (0.2915 %)). Current N = 1. Average N = 0.988
2021-03-24 15:52:54,822 - INFO: 344 move(s) completed (1 accepted (0.2907 %)). Current N = 1. Average N = 0.988
2021-03-24 15:53:14,604 - INFO: 345 move(s) completed (1 accepted (0.2899 %)). Current N = 1. Average N = 0.988
2021-03-24 15:53:34,456 - INFO: 346 move(s) completed (1 accepted (0.2890 %)). Current N = 1. Average N = 0.988
2021-03-24 15:53:54,338 - INFO: 347 move(s) completed (1 accepted (0.2882 %)). Current N = 1. Average N = 0.989
2021-03-24 15:54:11,337 - INFO: Move rejected due to water leaving the GCMC sphere
2021-03-24 15:54:14,943 - INFO: 348 move(s) completed (1 accepted (0.2874 %)). Current N = 1. Average N = 0.989
2021-03-24 15:54:31,936 - INFO: Move rejected due to water leaving the GCMC sphere
2021-03-24 15:54:35,392 - INFO: 349 move(s) completed (1 accepted (0.2865 %)). Current N = 1. Average N = 0.989
2021-03-24 15:54:52,478 - INFO: Move rejected due to water leaving the GCMC sphere
2021-03-24 15:54:55,935 - INFO: 350 move(s) completed (1 accepted (0.2857 %)). Current N = 1. Average N = 0.989
2021-03-24 15:55:16,594 - INFO: 351 move(s) completed (1 accepted (0.2849 %)). Current N = 1. Average N = 0.989
2021-03-24 15:55:34,075 - INFO: Move rejected due to water leaving the GCMC sphere
2021-03-24 15:55:37,731 - INFO: 352 move(s) completed (1 accepted (0.2841 %)). Current N = 1. Average N = 0.989
2021-03-24 15:55:54,997 - INFO: Move rejected due to water leaving the GCMC sphere
2021-03-24 15:55:58,479 - INFO: 353 move(s) completed (1 accepted (0.2833 %)). Current N = 1. Average N = 0.989
2021-03-24 15:56:15,535 - INFO: Move rejected due to water leaving the GCMC sphere
2021-03-24 15:56:18,967 - INFO: 354 move(s) completed (1 accepted (0.2825 %)). Current N = 1. Average N = 0.989
2021-03-24 15:56:39,460 - INFO: 355 move(s) completed (1 accepted (0.2817 %)). Current N = 1. Average N = 0.989
2021-03-24 15:57:00,143 - INFO: 356 move(s) completed (1 accepted (0.2809 %)). Current N = 1. Average N = 0.989
