2021-03-24 21:39:22,966 - INFO: kT = 0.5921875708469466 kcal/mol
2021-03-24 21:39:28,007 - INFO: BaseGrandCanonicalMonteCarloSampler object initialised
2021-03-24 21:39:28,008 - INFO: GCMC sphere is based on reference atom IDs: [887, 1837]
2021-03-24 21:39:28,008 - INFO: GCMC sphere radius is 6 A
2021-03-24 21:39:28,008 - INFO: Simulating at an Adams (B) value of -6.888845176169922
2021-03-24 21:39:28,008 - INFO: GCMCSphereSampler object initialised
2021-03-24 21:39:28,009 - INFO: Each NCMC move will be executed over a total of 15.0 ps
2021-03-24 21:39:28,009 - INFO: NonequilibriumGCMCSphereSampler object initialised
2021-03-24 21:39:41,121 - INFO: 1 move(s) completed (0 accepted (0.0000 %)). Current N = 0. Average N = 0.000
2021-03-24 21:40:07,080 - INFO: Move rejected due to water leaving the GCMC sphere
2021-03-24 21:40:10,720 - INFO: 2 move(s) completed (0 accepted (0.0000 %)). Current N = 0. Average N = 0.000
2021-03-24 21:40:16,313 - INFO: 3 move(s) completed (0 accepted (0.0000 %)). Current N = 0. Average N = 0.000
2021-03-24 21:40:22,110 - INFO: 4 move(s) completed (0 accepted (0.0000 %)). Current N = 0. Average N = 0.000
2021-03-24 21:40:27,987 - INFO: 5 move(s) completed (0 accepted (0.0000 %)). Current N = 0. Average N = 0.000
2021-03-24 21:40:33,903 - INFO: 6 move(s) completed (0 accepted (0.0000 %)). Current N = 0. Average N = 0.000
2021-03-24 21:40:39,544 - INFO: 7 move(s) completed (0 accepted (0.0000 %)). Current N = 0. Average N = 0.000
2021-03-24 21:41:05,811 - INFO: Move rejected due to water leaving the GCMC sphere
2021-03-24 21:41:09,329 - INFO: 8 move(s) completed (0 accepted (0.0000 %)). Current N = 0. Average N = 0.000
2021-03-24 21:41:34,892 - INFO: Move rejected due to water leaving the GCMC sphere
2021-03-24 21:41:38,578 - INFO: 9 move(s) completed (0 accepted (0.0000 %)). Current N = 0. Average N = 0.000
2021-03-24 21:42:04,400 - INFO: Move rejected due to water leaving the GCMC sphere
2021-03-24 21:42:08,099 - INFO: 10 move(s) completed (0 accepted (0.0000 %)). Current N = 0. Average N = 0.000
2021-03-24 21:42:34,079 - INFO: Move rejected due to water leaving the GCMC sphere
2021-03-24 21:42:37,770 - INFO: 11 move(s) completed (0 accepted (0.0000 %)). Current N = 0. Average N = 0.000
2021-03-24 21:43:07,375 - INFO: 12 move(s) completed (0 accepted (0.0000 %)). Current N = 0. Average N = 0.000
2021-03-24 21:43:33,724 - INFO: Move rejected due to water leaving the GCMC sphere
2021-03-24 21:43:37,420 - INFO: 13 move(s) completed (0 accepted (0.0000 %)). Current N = 0. Average N = 0.000
2021-03-24 21:43:43,221 - INFO: 14 move(s) completed (0 accepted (0.0000 %)). Current N = 0. Average N = 0.000
2021-03-24 21:43:48,801 - INFO: 15 move(s) completed (0 accepted (0.0000 %)). Current N = 0. Average N = 0.000
2021-03-24 21:43:54,737 - INFO: 16 move(s) completed (0 accepted (0.0000 %)). Current N = 0. Average N = 0.000
2021-03-24 21:44:21,047 - INFO: Move rejected due to water leaving the GCMC sphere
2021-03-24 21:44:24,728 - INFO: 17 move(s) completed (0 accepted (0.0000 %)). Current N = 0. Average N = 0.000
2021-03-24 21:44:51,180 - INFO: Move rejected due to water leaving the GCMC sphere
2021-03-24 21:44:54,878 - INFO: 18 move(s) completed (0 accepted (0.0000 %)). Current N = 0. Average N = 0.000
2021-03-24 21:45:20,546 - INFO: Move rejected due to water leaving the GCMC sphere
2021-03-24 21:45:24,246 - INFO: 19 move(s) completed (0 accepted (0.0000 %)). Current N = 0. Average N = 0.000
2021-03-24 21:45:30,161 - INFO: 20 move(s) completed (0 accepted (0.0000 %)). Current N = 0. Average N = 0.000
2021-03-24 21:45:55,420 - INFO: Move rejected due to water leaving the GCMC sphere
2021-03-24 21:45:58,915 - INFO: 21 move(s) completed (0 accepted (0.0000 %)). Current N = 0. Average N = 0.000
2021-03-24 21:46:24,248 - INFO: Move rejected due to water leaving the GCMC sphere
2021-03-24 21:46:27,745 - INFO: 22 move(s) completed (0 accepted (0.0000 %)). Current N = 0. Average N = 0.000
2021-03-24 21:46:53,459 - INFO: Move rejected due to water leaving the GCMC sphere
2021-03-24 21:46:56,875 - INFO: 23 move(s) completed (0 accepted (0.0000 %)). Current N = 0. Average N = 0.000
2021-03-24 21:47:02,897 - INFO: 24 move(s) completed (0 accepted (0.0000 %)). Current N = 0. Average N = 0.000
2021-03-24 21:47:08,784 - INFO: 25 move(s) completed (0 accepted (0.0000 %)). Current N = 0. Average N = 0.000
2021-03-24 21:47:14,660 - INFO: 26 move(s) completed (0 accepted (0.0000 %)). Current N = 0. Average N = 0.000
2021-03-24 21:47:43,934 - INFO: 27 move(s) completed (0 accepted (0.0000 %)). Current N = 0. Average N = 0.000
2021-03-24 21:47:49,840 - INFO: 28 move(s) completed (0 accepted (0.0000 %)). Current N = 0. Average N = 0.000
2021-03-24 21:47:55,603 - INFO: 29 move(s) completed (0 accepted (0.0000 %)). Current N = 0. Average N = 0.000
2021-03-24 21:48:01,480 - INFO: 30 move(s) completed (0 accepted (0.0000 %)). Current N = 0. Average N = 0.000
2021-03-24 21:48:31,448 - INFO: 31 move(s) completed (0 accepted (0.0000 %)). Current N = 0. Average N = 0.000
2021-03-24 21:48:57,751 - INFO: Move rejected due to water leaving the GCMC sphere
2021-03-24 21:49:01,449 - INFO: 32 move(s) completed (0 accepted (0.0000 %)). Current N = 0. Average N = 0.000
2021-03-24 21:49:27,849 - INFO: Move rejected due to water leaving the GCMC sphere
2021-03-24 21:49:31,552 - INFO: 33 move(s) completed (0 accepted (0.0000 %)). Current N = 0. Average N = 0.000
2021-03-24 21:49:37,327 - INFO: 34 move(s) completed (0 accepted (0.0000 %)). Current N = 0. Average N = 0.000
2021-03-24 21:50:06,451 - INFO: 35 move(s) completed (0 accepted (0.0000 %)). Current N = 0. Average N = 0.000
2021-03-24 21:50:31,680 - INFO: Move rejected due to water leaving the GCMC sphere
2021-03-24 21:50:35,140 - INFO: 36 move(s) completed (0 accepted (0.0000 %)). Current N = 0. Average N = 0.000
2021-03-24 21:50:41,059 - INFO: 37 move(s) completed (0 accepted (0.0000 %)). Current N = 0. Average N = 0.000
2021-03-24 21:51:06,931 - INFO: Move rejected due to water leaving the GCMC sphere
2021-03-24 21:51:10,629 - INFO: 38 move(s) completed (0 accepted (0.0000 %)). Current N = 0. Average N = 0.000
2021-03-24 21:51:16,631 - INFO: 39 move(s) completed (0 accepted (0.0000 %)). Current N = 0. Average N = 0.000
2021-03-24 21:51:42,666 - INFO: Move rejected due to water leaving the GCMC sphere
2021-03-24 21:51:46,368 - INFO: 40 move(s) completed (0 accepted (0.0000 %)). Current N = 0. Average N = 0.000
2021-03-24 21:51:52,221 - INFO: 41 move(s) completed (0 accepted (0.0000 %)). Current N = 0. Average N = 0.000
2021-03-24 21:51:57,844 - INFO: 42 move(s) completed (0 accepted (0.0000 %)). Current N = 0. Average N = 0.000
2021-03-24 21:52:27,372 - INFO: 43 move(s) completed (0 accepted (0.0000 %)). Current N = 0. Average N = 0.000
2021-03-24 21:52:53,678 - INFO: Move rejected due to water leaving the GCMC sphere
2021-03-24 21:52:57,225 - INFO: 44 move(s) completed (0 accepted (0.0000 %)). Current N = 0. Average N = 0.000
2021-03-24 21:53:23,506 - INFO: Move rejected due to water leaving the GCMC sphere
2021-03-24 21:53:27,164 - INFO: 45 move(s) completed (0 accepted (0.0000 %)). Current N = 0. Average N = 0.000
2021-03-24 21:53:33,072 - INFO: 46 move(s) completed (0 accepted (0.0000 %)). Current N = 0. Average N = 0.000
2021-03-24 21:53:58,748 - INFO: Move rejected due to water leaving the GCMC sphere
2021-03-24 21:54:02,454 - INFO: 47 move(s) completed (0 accepted (0.0000 %)). Current N = 0. Average N = 0.000
2021-03-24 21:54:28,217 - INFO: Move rejected due to water leaving the GCMC sphere
2021-03-24 21:54:31,922 - INFO: 48 move(s) completed (0 accepted (0.0000 %)). Current N = 0. Average N = 0.000
2021-03-24 21:54:37,608 - INFO: 49 move(s) completed (0 accepted (0.0000 %)). Current N = 0. Average N = 0.000
2021-03-24 21:55:06,717 - INFO: 50 move(s) completed (1 accepted (2.0000 %)). Current N = 1. Average N = 0.020
2021-03-24 21:55:35,497 - INFO: 51 move(s) completed (1 accepted (1.9608 %)). Current N = 1. Average N = 0.039
2021-03-24 21:56:01,476 - INFO: Move rejected due to water leaving the GCMC sphere
2021-03-24 21:56:05,124 - INFO: 52 move(s) completed (1 accepted (1.9231 %)). Current N = 1. Average N = 0.058
2021-03-24 21:56:34,984 - INFO: 53 move(s) completed (1 accepted (1.8868 %)). Current N = 1. Average N = 0.075
2021-03-24 21:57:04,649 - INFO: 54 move(s) completed (1 accepted (1.8519 %)). Current N = 1. Average N = 0.093
2021-03-24 21:57:34,775 - INFO: 55 move(s) completed (1 accepted (1.8182 %)). Current N = 1. Average N = 0.109
2021-03-24 21:58:04,011 - INFO: 56 move(s) completed (1 accepted (1.7857 %)). Current N = 1. Average N = 0.125
2021-03-24 21:58:29,961 - INFO: Move rejected due to water leaving the GCMC sphere
2021-03-24 21:58:33,662 - INFO: 57 move(s) completed (1 accepted (1.7544 %)). Current N = 1. Average N = 0.140
2021-03-24 21:59:03,559 - INFO: 58 move(s) completed (1 accepted (1.7241 %)). Current N = 1. Average N = 0.155
2021-03-24 21:59:29,801 - INFO: Move rejected due to water leaving the GCMC sphere
2021-03-24 21:59:33,499 - INFO: 59 move(s) completed (1 accepted (1.6949 %)). Current N = 1. Average N = 0.170
2021-03-24 21:59:59,768 - INFO: Move rejected due to water leaving the GCMC sphere
2021-03-24 22:00:03,343 - INFO: 60 move(s) completed (1 accepted (1.6667 %)). Current N = 1. Average N = 0.183
2021-03-24 22:00:33,002 - INFO: 61 move(s) completed (1 accepted (1.6393 %)). Current N = 1. Average N = 0.197
2021-03-24 22:00:58,397 - INFO: Move rejected due to water leaving the GCMC sphere
2021-03-24 22:01:01,998 - INFO: 62 move(s) completed (1 accepted (1.6129 %)). Current N = 1. Average N = 0.210
2021-03-24 22:01:28,215 - INFO: Move rejected due to water leaving the GCMC sphere
2021-03-24 22:01:31,680 - INFO: 63 move(s) completed (1 accepted (1.5873 %)). Current N = 1. Average N = 0.222
2021-03-24 22:02:00,691 - INFO: 64 move(s) completed (1 accepted (1.5625 %)). Current N = 1. Average N = 0.234
2021-03-24 22:02:26,400 - INFO: Move rejected due to water leaving the GCMC sphere
2021-03-24 22:02:30,074 - INFO: 65 move(s) completed (1 accepted (1.5385 %)). Current N = 1. Average N = 0.246
2021-03-24 22:02:55,993 - INFO: Move rejected due to water leaving the GCMC sphere
2021-03-24 22:02:59,581 - INFO: 66 move(s) completed (1 accepted (1.5152 %)). Current N = 1. Average N = 0.258
2021-03-24 22:03:29,311 - INFO: 67 move(s) completed (1 accepted (1.4925 %)). Current N = 1. Average N = 0.269
2021-03-24 22:03:55,577 - INFO: Move rejected due to water leaving the GCMC sphere
2021-03-24 22:03:59,273 - INFO: 68 move(s) completed (1 accepted (1.4706 %)). Current N = 1. Average N = 0.279
2021-03-24 22:04:25,725 - INFO: Move rejected due to water leaving the GCMC sphere
2021-03-24 22:04:29,417 - INFO: 69 move(s) completed (1 accepted (1.4493 %)). Current N = 1. Average N = 0.290
2021-03-24 22:04:55,787 - INFO: Move rejected due to water leaving the GCMC sphere
2021-03-24 22:04:59,470 - INFO: 70 move(s) completed (1 accepted (1.4286 %)). Current N = 1. Average N = 0.300
2021-03-24 22:05:26,034 - INFO: Move rejected due to water leaving the GCMC sphere
2021-03-24 22:05:29,734 - INFO: 71 move(s) completed (1 accepted (1.4085 %)). Current N = 1. Average N = 0.310
2021-03-24 22:05:55,310 - INFO: Move rejected due to water leaving the GCMC sphere
2021-03-24 22:05:58,957 - INFO: 72 move(s) completed (1 accepted (1.3889 %)). Current N = 1. Average N = 0.319
2021-03-24 22:06:24,586 - INFO: Move rejected due to water leaving the GCMC sphere
2021-03-24 22:06:27,982 - INFO: 73 move(s) completed (1 accepted (1.3699 %)). Current N = 1. Average N = 0.329
2021-03-24 22:06:53,818 - INFO: Move rejected due to water leaving the GCMC sphere
2021-03-24 22:06:57,400 - INFO: 74 move(s) completed (1 accepted (1.3514 %)). Current N = 1. Average N = 0.338
2021-03-24 22:07:26,651 - INFO: 75 move(s) completed (1 accepted (1.3333 %)). Current N = 1. Average N = 0.347
2021-03-24 22:07:55,915 - INFO: 76 move(s) completed (1 accepted (1.3158 %)). Current N = 1. Average N = 0.355
2021-03-24 22:08:25,969 - INFO: 77 move(s) completed (1 accepted (1.2987 %)). Current N = 1. Average N = 0.364
2021-03-24 22:08:52,110 - INFO: Move rejected due to water leaving the GCMC sphere
2021-03-24 22:08:55,800 - INFO: 78 move(s) completed (1 accepted (1.2821 %)). Current N = 1. Average N = 0.372
2021-03-24 22:09:26,035 - INFO: 79 move(s) completed (1 accepted (1.2658 %)). Current N = 1. Average N = 0.380
2021-03-24 22:09:55,505 - INFO: 80 move(s) completed (1 accepted (1.2500 %)). Current N = 1. Average N = 0.388
2021-03-24 22:10:21,434 - INFO: Move rejected due to water leaving the GCMC sphere
2021-03-24 22:10:25,121 - INFO: 81 move(s) completed (1 accepted (1.2346 %)). Current N = 1. Average N = 0.395
2021-03-24 22:10:51,007 - INFO: Move rejected due to water leaving the GCMC sphere
2021-03-24 22:10:54,709 - INFO: 82 move(s) completed (1 accepted (1.2195 %)). Current N = 1. Average N = 0.402
2021-03-24 22:11:20,586 - INFO: Move rejected due to water leaving the GCMC sphere
2021-03-24 22:11:24,260 - INFO: 83 move(s) completed (1 accepted (1.2048 %)). Current N = 1. Average N = 0.410
2021-03-24 22:11:53,748 - INFO: 84 move(s) completed (1 accepted (1.1905 %)). Current N = 1. Average N = 0.417
2021-03-24 22:12:23,533 - INFO: 85 move(s) completed (1 accepted (1.1765 %)). Current N = 1. Average N = 0.423
2021-03-24 22:12:49,764 - INFO: Move rejected due to water leaving the GCMC sphere
2021-03-24 22:12:53,295 - INFO: 86 move(s) completed (1 accepted (1.1628 %)). Current N = 1. Average N = 0.430
2021-03-24 22:13:19,418 - INFO: Move rejected due to water leaving the GCMC sphere
2021-03-24 22:13:22,948 - INFO: 87 move(s) completed (1 accepted (1.1494 %)). Current N = 1. Average N = 0.437
2021-03-24 22:13:48,506 - INFO: Move rejected due to water leaving the GCMC sphere
2021-03-24 22:13:51,891 - INFO: 88 move(s) completed (1 accepted (1.1364 %)). Current N = 1. Average N = 0.443
2021-03-24 22:14:17,656 - INFO: Move rejected due to water leaving the GCMC sphere
2021-03-24 22:14:21,302 - INFO: 89 move(s) completed (1 accepted (1.1236 %)). Current N = 1. Average N = 0.449
2021-03-24 22:14:46,854 - INFO: Move rejected due to water leaving the GCMC sphere
2021-03-24 22:14:50,551 - INFO: 90 move(s) completed (1 accepted (1.1111 %)). Current N = 1. Average N = 0.456
2021-03-24 22:15:16,208 - INFO: Move rejected due to water leaving the GCMC sphere
2021-03-24 22:15:19,907 - INFO: 91 move(s) completed (1 accepted (1.0989 %)). Current N = 1. Average N = 0.462
2021-03-24 22:15:49,970 - INFO: 92 move(s) completed (1 accepted (1.0870 %)). Current N = 1. Average N = 0.467
2021-03-24 22:16:16,434 - INFO: Move rejected due to water leaving the GCMC sphere
2021-03-24 22:16:20,135 - INFO: 93 move(s) completed (1 accepted (1.0753 %)). Current N = 1. Average N = 0.473
2021-03-24 22:16:46,516 - INFO: Move rejected due to water leaving the GCMC sphere
2021-03-24 22:16:50,217 - INFO: 94 move(s) completed (1 accepted (1.0638 %)). Current N = 1. Average N = 0.479
2021-03-24 22:17:16,565 - INFO: Move rejected due to water leaving the GCMC sphere
2021-03-24 22:17:20,245 - INFO: 95 move(s) completed (1 accepted (1.0526 %)). Current N = 1. Average N = 0.484
2021-03-24 22:17:45,829 - INFO: Move rejected due to water leaving the GCMC sphere
2021-03-24 22:17:49,414 - INFO: 96 move(s) completed (1 accepted (1.0417 %)). Current N = 1. Average N = 0.490
2021-03-24 22:18:14,905 - INFO: Move rejected due to water leaving the GCMC sphere
2021-03-24 22:18:18,348 - INFO: 97 move(s) completed (1 accepted (1.0309 %)). Current N = 1. Average N = 0.495
2021-03-24 22:18:43,747 - INFO: Move rejected due to water leaving the GCMC sphere
2021-03-24 22:18:47,379 - INFO: 98 move(s) completed (1 accepted (1.0204 %)). Current N = 1. Average N = 0.500
2021-03-24 22:19:16,263 - INFO: 99 move(s) completed (1 accepted (1.0101 %)). Current N = 1. Average N = 0.505
2021-03-24 22:19:46,097 - INFO: 100 move(s) completed (1 accepted (1.0000 %)). Current N = 1. Average N = 0.510
2021-03-24 22:20:15,809 - INFO: 101 move(s) completed (1 accepted (0.9901 %)). Current N = 1. Average N = 0.515
2021-03-24 22:20:42,136 - INFO: Move rejected due to water leaving the GCMC sphere
2021-03-24 22:20:45,762 - INFO: 102 move(s) completed (1 accepted (0.9804 %)). Current N = 1. Average N = 0.520
2021-03-24 22:21:12,139 - INFO: Move rejected due to water leaving the GCMC sphere
2021-03-24 22:21:15,975 - INFO: 103 move(s) completed (1 accepted (0.9709 %)). Current N = 1. Average N = 0.524
2021-03-24 22:21:41,786 - INFO: Move rejected due to water leaving the GCMC sphere
2021-03-24 22:21:45,469 - INFO: 104 move(s) completed (1 accepted (0.9615 %)). Current N = 1. Average N = 0.529
2021-03-24 22:22:11,394 - INFO: Move rejected due to water leaving the GCMC sphere
2021-03-24 22:22:15,093 - INFO: 105 move(s) completed (1 accepted (0.9524 %)). Current N = 1. Average N = 0.533
2021-03-24 22:22:40,778 - INFO: Move rejected due to water leaving the GCMC sphere
2021-03-24 22:22:44,478 - INFO: 106 move(s) completed (1 accepted (0.9434 %)). Current N = 1. Average N = 0.538
2021-03-24 22:23:10,575 - INFO: Move rejected due to water leaving the GCMC sphere
2021-03-24 22:23:14,263 - INFO: 107 move(s) completed (1 accepted (0.9346 %)). Current N = 1. Average N = 0.542
2021-03-24 22:23:40,474 - INFO: Move rejected due to water leaving the GCMC sphere
2021-03-24 22:23:44,169 - INFO: 108 move(s) completed (1 accepted (0.9259 %)). Current N = 1. Average N = 0.546
2021-03-24 22:24:10,404 - INFO: Move rejected due to water leaving the GCMC sphere
2021-03-24 22:24:13,993 - INFO: 109 move(s) completed (1 accepted (0.9174 %)). Current N = 1. Average N = 0.550
2021-03-24 22:24:39,345 - INFO: Move rejected due to water leaving the GCMC sphere
2021-03-24 22:24:42,935 - INFO: 110 move(s) completed (1 accepted (0.9091 %)). Current N = 1. Average N = 0.554
2021-03-24 22:25:08,168 - INFO: Move rejected due to water leaving the GCMC sphere
2021-03-24 22:25:11,547 - INFO: 111 move(s) completed (1 accepted (0.9009 %)). Current N = 1. Average N = 0.559
2021-03-24 22:25:36,788 - INFO: Move rejected due to water leaving the GCMC sphere
2021-03-24 22:25:40,310 - INFO: 112 move(s) completed (1 accepted (0.8929 %)). Current N = 1. Average N = 0.562
2021-03-24 22:26:06,143 - INFO: Move rejected due to water leaving the GCMC sphere
2021-03-24 22:26:09,625 - INFO: 113 move(s) completed (1 accepted (0.8850 %)). Current N = 1. Average N = 0.566
2021-03-24 22:26:35,303 - INFO: Move rejected due to water leaving the GCMC sphere
2021-03-24 22:26:38,861 - INFO: 114 move(s) completed (1 accepted (0.8772 %)). Current N = 1. Average N = 0.570
2021-03-24 22:27:04,761 - INFO: Move rejected due to water leaving the GCMC sphere
2021-03-24 22:27:08,126 - INFO: 115 move(s) completed (1 accepted (0.8696 %)). Current N = 1. Average N = 0.574
2021-03-24 22:27:34,340 - INFO: Move rejected due to water leaving the GCMC sphere
2021-03-24 22:27:38,014 - INFO: 116 move(s) completed (1 accepted (0.8621 %)). Current N = 1. Average N = 0.578
2021-03-24 22:28:04,354 - INFO: Move rejected due to water leaving the GCMC sphere
2021-03-24 22:28:08,032 - INFO: 117 move(s) completed (1 accepted (0.8547 %)). Current N = 1. Average N = 0.581
2021-03-24 22:28:38,144 - INFO: 118 move(s) completed (1 accepted (0.8475 %)). Current N = 1. Average N = 0.585
2021-03-24 22:29:03,806 - INFO: Move rejected due to water leaving the GCMC sphere
2021-03-24 22:29:07,507 - INFO: 119 move(s) completed (1 accepted (0.8403 %)). Current N = 1. Average N = 0.588
2021-03-24 22:29:33,216 - INFO: Move rejected due to water leaving the GCMC sphere
2021-03-24 22:29:36,913 - INFO: 120 move(s) completed (1 accepted (0.8333 %)). Current N = 1. Average N = 0.592
2021-03-24 22:30:02,757 - INFO: Move rejected due to water leaving the GCMC sphere
2021-03-24 22:30:06,448 - INFO: 121 move(s) completed (1 accepted (0.8264 %)). Current N = 1. Average N = 0.595
2021-03-24 22:30:31,968 - INFO: Move rejected due to water leaving the GCMC sphere
2021-03-24 22:30:35,534 - INFO: 122 move(s) completed (1 accepted (0.8197 %)). Current N = 1. Average N = 0.598
2021-03-24 22:31:01,744 - INFO: Move rejected due to water leaving the GCMC sphere
2021-03-24 22:31:05,094 - INFO: 123 move(s) completed (1 accepted (0.8130 %)). Current N = 1. Average N = 0.602
2021-03-24 22:31:31,185 - INFO: Move rejected due to water leaving the GCMC sphere
2021-03-24 22:31:34,819 - INFO: 124 move(s) completed (1 accepted (0.8065 %)). Current N = 1. Average N = 0.605
2021-03-24 22:32:00,773 - INFO: Move rejected due to water leaving the GCMC sphere
2021-03-24 22:32:04,207 - INFO: 125 move(s) completed (1 accepted (0.8000 %)). Current N = 1. Average N = 0.608
2021-03-24 22:32:30,450 - INFO: Move rejected due to water leaving the GCMC sphere
2021-03-24 22:32:34,111 - INFO: 126 move(s) completed (1 accepted (0.7937 %)). Current N = 1. Average N = 0.611
2021-03-24 22:32:59,487 - INFO: Move rejected due to water leaving the GCMC sphere
2021-03-24 22:33:02,918 - INFO: 127 move(s) completed (1 accepted (0.7874 %)). Current N = 1. Average N = 0.614
2021-03-24 22:33:31,893 - INFO: 128 move(s) completed (1 accepted (0.7812 %)). Current N = 1. Average N = 0.617
2021-03-24 22:33:57,925 - INFO: Move rejected due to water leaving the GCMC sphere
2021-03-24 22:34:01,629 - INFO: 129 move(s) completed (1 accepted (0.7752 %)). Current N = 1. Average N = 0.620
2021-03-24 22:34:27,742 - INFO: Move rejected due to water leaving the GCMC sphere
2021-03-24 22:34:31,513 - INFO: 130 move(s) completed (1 accepted (0.7692 %)). Current N = 1. Average N = 0.623
2021-03-24 22:35:01,012 - INFO: 131 move(s) completed (1 accepted (0.7634 %)). Current N = 1. Average N = 0.626
2021-03-24 22:35:26,700 - INFO: Move rejected due to water leaving the GCMC sphere
2021-03-24 22:35:30,404 - INFO: 132 move(s) completed (1 accepted (0.7576 %)). Current N = 1. Average N = 0.629
2021-03-24 22:35:59,420 - INFO: 133 move(s) completed (1 accepted (0.7519 %)). Current N = 1. Average N = 0.632
2021-03-24 22:36:28,626 - INFO: 134 move(s) completed (1 accepted (0.7463 %)). Current N = 1. Average N = 0.634
2021-03-24 22:36:57,677 - INFO: 135 move(s) completed (1 accepted (0.7407 %)). Current N = 1. Average N = 0.637
2021-03-24 22:37:23,166 - INFO: Move rejected due to water leaving the GCMC sphere
2021-03-24 22:37:26,797 - INFO: 136 move(s) completed (1 accepted (0.7353 %)). Current N = 1. Average N = 0.640
2021-03-24 22:37:56,075 - INFO: 137 move(s) completed (1 accepted (0.7299 %)). Current N = 1. Average N = 0.642
2021-03-24 22:38:25,758 - INFO: 138 move(s) completed (1 accepted (0.7246 %)). Current N = 1. Average N = 0.645
2021-03-24 22:38:51,722 - INFO: Move rejected due to water leaving the GCMC sphere
2021-03-24 22:38:55,152 - INFO: 139 move(s) completed (1 accepted (0.7194 %)). Current N = 1. Average N = 0.647
2021-03-24 22:39:21,458 - INFO: Move rejected due to water leaving the GCMC sphere
2021-03-24 22:39:24,938 - INFO: 140 move(s) completed (1 accepted (0.7143 %)). Current N = 1. Average N = 0.650
2021-03-24 22:39:51,407 - INFO: Move rejected due to water leaving the GCMC sphere
2021-03-24 22:39:55,035 - INFO: 141 move(s) completed (1 accepted (0.7092 %)). Current N = 1. Average N = 0.652
2021-03-24 22:40:25,242 - INFO: 142 move(s) completed (1 accepted (0.7042 %)). Current N = 1. Average N = 0.655
2021-03-24 22:40:51,024 - INFO: Move rejected due to water leaving the GCMC sphere
2021-03-24 22:40:54,723 - INFO: 143 move(s) completed (1 accepted (0.6993 %)). Current N = 1. Average N = 0.657
2021-03-24 22:41:24,286 - INFO: 144 move(s) completed (1 accepted (0.6944 %)). Current N = 1. Average N = 0.660
2021-03-24 22:41:50,363 - INFO: Move rejected due to water leaving the GCMC sphere
2021-03-24 22:41:54,064 - INFO: 145 move(s) completed (1 accepted (0.6897 %)). Current N = 1. Average N = 0.662
2021-03-24 22:42:20,214 - INFO: Move rejected due to water leaving the GCMC sphere
2021-03-24 22:42:23,906 - INFO: 146 move(s) completed (1 accepted (0.6849 %)). Current N = 1. Average N = 0.664
2021-03-24 22:42:49,974 - INFO: Move rejected due to water leaving the GCMC sphere
2021-03-24 22:42:53,668 - INFO: 147 move(s) completed (1 accepted (0.6803 %)). Current N = 1. Average N = 0.667
2021-03-24 22:43:19,866 - INFO: Move rejected due to water leaving the GCMC sphere
2021-03-24 22:43:23,495 - INFO: 148 move(s) completed (1 accepted (0.6757 %)). Current N = 1. Average N = 0.669
2021-03-24 22:43:49,812 - INFO: Move rejected due to water leaving the GCMC sphere
2021-03-24 22:43:53,280 - INFO: 149 move(s) completed (1 accepted (0.6711 %)). Current N = 1. Average N = 0.671
2021-03-24 22:44:19,413 - INFO: Move rejected due to water leaving the GCMC sphere
2021-03-24 22:44:22,893 - INFO: 150 move(s) completed (1 accepted (0.6667 %)). Current N = 1. Average N = 0.673
2021-03-24 22:44:48,242 - INFO: Move rejected due to water leaving the GCMC sphere
2021-03-24 22:44:51,897 - INFO: 151 move(s) completed (1 accepted (0.6623 %)). Current N = 1. Average N = 0.675
2021-03-24 22:45:21,414 - INFO: 152 move(s) completed (1 accepted (0.6579 %)). Current N = 1. Average N = 0.678
2021-03-24 22:45:46,928 - INFO: Move rejected due to water leaving the GCMC sphere
2021-03-24 22:45:50,274 - INFO: 153 move(s) completed (1 accepted (0.6536 %)). Current N = 1. Average N = 0.680
2021-03-24 22:46:16,325 - INFO: Move rejected due to water leaving the GCMC sphere
2021-03-24 22:46:19,997 - INFO: 154 move(s) completed (1 accepted (0.6494 %)). Current N = 1. Average N = 0.682
2021-03-24 22:46:45,740 - INFO: Move rejected due to water leaving the GCMC sphere
2021-03-24 22:46:49,432 - INFO: 155 move(s) completed (1 accepted (0.6452 %)). Current N = 1. Average N = 0.684
2021-03-24 22:47:18,873 - INFO: 156 move(s) completed (1 accepted (0.6410 %)). Current N = 1. Average N = 0.686
2021-03-24 22:47:49,069 - INFO: 157 move(s) completed (1 accepted (0.6369 %)). Current N = 1. Average N = 0.688
2021-03-24 22:48:15,529 - INFO: Move rejected due to water leaving the GCMC sphere
2021-03-24 22:48:19,224 - INFO: 158 move(s) completed (1 accepted (0.6329 %)). Current N = 1. Average N = 0.690
2021-03-24 22:48:44,759 - INFO: Move rejected due to water leaving the GCMC sphere
2021-03-24 22:48:48,458 - INFO: 159 move(s) completed (1 accepted (0.6289 %)). Current N = 1. Average N = 0.692
2021-03-24 22:49:17,616 - INFO: 160 move(s) completed (1 accepted (0.6250 %)). Current N = 1. Average N = 0.694
2021-03-24 22:49:43,179 - INFO: Move rejected due to water leaving the GCMC sphere
2021-03-24 22:49:46,710 - INFO: 161 move(s) completed (1 accepted (0.6211 %)). Current N = 1. Average N = 0.696
2021-03-24 22:50:12,465 - INFO: Move rejected due to water leaving the GCMC sphere
2021-03-24 22:50:15,886 - INFO: 162 move(s) completed (1 accepted (0.6173 %)). Current N = 1. Average N = 0.698
2021-03-24 22:50:42,151 - INFO: Move rejected due to water leaving the GCMC sphere
2021-03-24 22:50:45,563 - INFO: 163 move(s) completed (1 accepted (0.6135 %)). Current N = 1. Average N = 0.699
2021-03-24 22:51:11,583 - INFO: Move rejected due to water leaving the GCMC sphere
2021-03-24 22:51:15,044 - INFO: 164 move(s) completed (1 accepted (0.6098 %)). Current N = 1. Average N = 0.701
2021-03-24 22:51:41,464 - INFO: Move rejected due to water leaving the GCMC sphere
2021-03-24 22:51:44,788 - INFO: 165 move(s) completed (1 accepted (0.6061 %)). Current N = 1. Average N = 0.703
2021-03-24 22:52:11,133 - INFO: Move rejected due to water leaving the GCMC sphere
2021-03-24 22:52:14,816 - INFO: 166 move(s) completed (1 accepted (0.6024 %)). Current N = 1. Average N = 0.705
2021-03-24 22:52:40,420 - INFO: Move rejected due to water leaving the GCMC sphere
2021-03-24 22:52:44,101 - INFO: 167 move(s) completed (1 accepted (0.5988 %)). Current N = 1. Average N = 0.707
2021-03-24 22:53:10,009 - INFO: Move rejected due to water leaving the GCMC sphere
2021-03-24 22:53:13,710 - INFO: 168 move(s) completed (1 accepted (0.5952 %)). Current N = 1. Average N = 0.708
2021-03-24 22:53:39,774 - INFO: Move rejected due to water leaving the GCMC sphere
2021-03-24 22:53:43,486 - INFO: 169 move(s) completed (1 accepted (0.5917 %)). Current N = 1. Average N = 0.710
2021-03-24 22:54:12,967 - INFO: 170 move(s) completed (1 accepted (0.5882 %)). Current N = 1. Average N = 0.712
2021-03-24 22:54:42,328 - INFO: 171 move(s) completed (1 accepted (0.5848 %)). Current N = 1. Average N = 0.714
2021-03-24 22:55:12,190 - INFO: 172 move(s) completed (1 accepted (0.5814 %)). Current N = 1. Average N = 0.715
2021-03-24 22:55:38,624 - INFO: Move rejected due to water leaving the GCMC sphere
2021-03-24 22:55:42,145 - INFO: 173 move(s) completed (1 accepted (0.5780 %)). Current N = 1. Average N = 0.717
2021-03-24 22:56:11,048 - INFO: 174 move(s) completed (1 accepted (0.5747 %)). Current N = 1. Average N = 0.718
2021-03-24 22:56:39,599 - INFO: 175 move(s) completed (1 accepted (0.5714 %)). Current N = 1. Average N = 0.720
2021-03-24 22:57:08,170 - INFO: 176 move(s) completed (1 accepted (0.5682 %)). Current N = 1. Average N = 0.722
2021-03-24 22:57:33,728 - INFO: Move rejected due to water leaving the GCMC sphere
2021-03-24 22:57:37,355 - INFO: 177 move(s) completed (1 accepted (0.5650 %)). Current N = 1. Average N = 0.723
2021-03-24 22:58:02,893 - INFO: Move rejected due to water leaving the GCMC sphere
2021-03-24 22:58:06,375 - INFO: 178 move(s) completed (1 accepted (0.5618 %)). Current N = 1. Average N = 0.725
2021-03-24 22:58:31,982 - INFO: Move rejected due to water leaving the GCMC sphere
2021-03-24 22:58:35,587 - INFO: 179 move(s) completed (1 accepted (0.5587 %)). Current N = 1. Average N = 0.726
2021-03-24 22:59:01,176 - INFO: Move rejected due to water leaving the GCMC sphere
2021-03-24 22:59:04,832 - INFO: 180 move(s) completed (1 accepted (0.5556 %)). Current N = 1. Average N = 0.728
2021-03-24 22:59:35,057 - INFO: 181 move(s) completed (1 accepted (0.5525 %)). Current N = 1. Average N = 0.729
2021-03-24 23:00:04,501 - INFO: 182 move(s) completed (1 accepted (0.5495 %)). Current N = 1. Average N = 0.731
2021-03-24 23:00:33,886 - INFO: 183 move(s) completed (1 accepted (0.5464 %)). Current N = 1. Average N = 0.732
2021-03-24 23:00:59,762 - INFO: Move rejected due to water leaving the GCMC sphere
2021-03-24 23:01:03,468 - INFO: 184 move(s) completed (1 accepted (0.5435 %)). Current N = 1. Average N = 0.734
2021-03-24 23:01:29,491 - INFO: Move rejected due to water leaving the GCMC sphere
2021-03-24 23:01:33,174 - INFO: 185 move(s) completed (1 accepted (0.5405 %)). Current N = 1. Average N = 0.735
2021-03-24 23:01:59,118 - INFO: Move rejected due to water leaving the GCMC sphere
2021-03-24 23:02:02,701 - INFO: 186 move(s) completed (1 accepted (0.5376 %)). Current N = 1. Average N = 0.737
2021-03-24 23:02:28,885 - INFO: Move rejected due to water leaving the GCMC sphere
2021-03-24 23:02:32,371 - INFO: 187 move(s) completed (1 accepted (0.5348 %)). Current N = 1. Average N = 0.738
2021-03-24 23:02:58,572 - INFO: Move rejected due to water leaving the GCMC sphere
2021-03-24 23:03:02,122 - INFO: 188 move(s) completed (1 accepted (0.5319 %)). Current N = 1. Average N = 0.739
2021-03-24 23:03:28,130 - INFO: Move rejected due to water leaving the GCMC sphere
2021-03-24 23:03:31,623 - INFO: 189 move(s) completed (1 accepted (0.5291 %)). Current N = 1. Average N = 0.741
2021-03-24 23:04:00,715 - INFO: 190 move(s) completed (1 accepted (0.5263 %)). Current N = 1. Average N = 0.742
2021-03-24 23:04:26,392 - INFO: Move rejected due to water leaving the GCMC sphere
2021-03-24 23:04:29,986 - INFO: 191 move(s) completed (1 accepted (0.5236 %)). Current N = 1. Average N = 0.744
2021-03-24 23:04:59,336 - INFO: 192 move(s) completed (1 accepted (0.5208 %)). Current N = 1. Average N = 0.745
2021-03-24 23:05:25,300 - INFO: Move rejected due to water leaving the GCMC sphere
2021-03-24 23:05:28,984 - INFO: 193 move(s) completed (1 accepted (0.5181 %)). Current N = 1. Average N = 0.746
2021-03-24 23:05:58,975 - INFO: 194 move(s) completed (1 accepted (0.5155 %)). Current N = 1. Average N = 0.747
2021-03-24 23:06:24,763 - INFO: Move rejected due to water leaving the GCMC sphere
2021-03-24 23:06:28,472 - INFO: 195 move(s) completed (1 accepted (0.5128 %)). Current N = 1. Average N = 0.749
2021-03-24 23:06:57,693 - INFO: 196 move(s) completed (1 accepted (0.5102 %)). Current N = 1. Average N = 0.750
2021-03-24 23:07:24,114 - INFO: Move rejected due to water leaving the GCMC sphere
2021-03-24 23:07:27,810 - INFO: 197 move(s) completed (1 accepted (0.5076 %)). Current N = 1. Average N = 0.751
2021-03-24 23:07:56,879 - INFO: 198 move(s) completed (1 accepted (0.5051 %)). Current N = 1. Average N = 0.752
2021-03-24 23:08:22,602 - INFO: Move rejected due to water leaving the GCMC sphere
2021-03-24 23:08:26,184 - INFO: 199 move(s) completed (1 accepted (0.5025 %)). Current N = 1. Average N = 0.754
2021-03-24 23:08:51,665 - INFO: Move rejected due to water leaving the GCMC sphere
2021-03-24 23:08:55,139 - INFO: 200 move(s) completed (1 accepted (0.5000 %)). Current N = 1. Average N = 0.755
2021-03-24 23:09:21,011 - INFO: Move rejected due to water leaving the GCMC sphere
2021-03-24 23:09:24,654 - INFO: 201 move(s) completed (1 accepted (0.4975 %)). Current N = 1. Average N = 0.756
2021-03-24 23:09:50,825 - INFO: Move rejected due to water leaving the GCMC sphere
2021-03-24 23:09:54,417 - INFO: 202 move(s) completed (1 accepted (0.4950 %)). Current N = 1. Average N = 0.757
2021-03-24 23:10:20,446 - INFO: Move rejected due to water leaving the GCMC sphere
2021-03-24 23:10:23,970 - INFO: 203 move(s) completed (1 accepted (0.4926 %)). Current N = 1. Average N = 0.759
2021-03-24 23:10:50,366 - INFO: Move rejected due to water leaving the GCMC sphere
2021-03-24 23:10:53,905 - INFO: 204 move(s) completed (1 accepted (0.4902 %)). Current N = 1. Average N = 0.760
2021-03-24 23:11:20,156 - INFO: Move rejected due to water leaving the GCMC sphere
2021-03-24 23:11:23,839 - INFO: 205 move(s) completed (1 accepted (0.4878 %)). Current N = 1. Average N = 0.761
2021-03-24 23:11:49,487 - INFO: Move rejected due to water leaving the GCMC sphere
2021-03-24 23:11:53,190 - INFO: 206 move(s) completed (1 accepted (0.4854 %)). Current N = 1. Average N = 0.762
2021-03-24 23:12:22,845 - INFO: 207 move(s) completed (1 accepted (0.4831 %)). Current N = 1. Average N = 0.763
2021-03-24 23:12:52,158 - INFO: 208 move(s) completed (1 accepted (0.4808 %)). Current N = 1. Average N = 0.764
2021-03-24 23:13:17,850 - INFO: Move rejected due to water leaving the GCMC sphere
2021-03-24 23:13:21,546 - INFO: 209 move(s) completed (1 accepted (0.4785 %)). Current N = 1. Average N = 0.766
2021-03-24 23:13:47,017 - INFO: Move rejected due to water leaving the GCMC sphere
2021-03-24 23:13:50,762 - INFO: 210 move(s) completed (1 accepted (0.4762 %)). Current N = 1. Average N = 0.767
2021-03-24 23:14:16,342 - INFO: Move rejected due to water leaving the GCMC sphere
2021-03-24 23:14:19,998 - INFO: 211 move(s) completed (1 accepted (0.4739 %)). Current N = 1. Average N = 0.768
2021-03-24 23:14:45,427 - INFO: Move rejected due to water leaving the GCMC sphere
2021-03-24 23:14:49,054 - INFO: 212 move(s) completed (1 accepted (0.4717 %)). Current N = 1. Average N = 0.769
2021-03-24 23:15:15,230 - INFO: Move rejected due to water leaving the GCMC sphere
2021-03-24 23:15:18,705 - INFO: 213 move(s) completed (1 accepted (0.4695 %)). Current N = 1. Average N = 0.770
2021-03-24 23:15:43,921 - INFO: Move rejected due to water leaving the GCMC sphere
2021-03-24 23:15:47,414 - INFO: 214 move(s) completed (1 accepted (0.4673 %)). Current N = 1. Average N = 0.771
2021-03-24 23:16:13,244 - INFO: Move rejected due to water leaving the GCMC sphere
2021-03-24 23:16:16,832 - INFO: 215 move(s) completed (1 accepted (0.4651 %)). Current N = 1. Average N = 0.772
2021-03-24 23:16:42,729 - INFO: Move rejected due to water leaving the GCMC sphere
2021-03-24 23:16:46,332 - INFO: 216 move(s) completed (1 accepted (0.4630 %)). Current N = 1. Average N = 0.773
2021-03-24 23:17:12,330 - INFO: Move rejected due to water leaving the GCMC sphere
2021-03-24 23:17:15,880 - INFO: 217 move(s) completed (1 accepted (0.4608 %)). Current N = 1. Average N = 0.774
2021-03-24 23:17:45,101 - INFO: 218 move(s) completed (1 accepted (0.4587 %)). Current N = 1. Average N = 0.775
2021-03-24 23:18:14,422 - INFO: 219 move(s) completed (1 accepted (0.4566 %)). Current N = 1. Average N = 0.776
2021-03-24 23:18:43,679 - INFO: 220 move(s) completed (1 accepted (0.4545 %)). Current N = 1. Average N = 0.777
2021-03-24 23:19:09,329 - INFO: Move rejected due to water leaving the GCMC sphere
2021-03-24 23:19:13,032 - INFO: 221 move(s) completed (1 accepted (0.4525 %)). Current N = 1. Average N = 0.778
2021-03-24 23:19:42,382 - INFO: 222 move(s) completed (1 accepted (0.4505 %)). Current N = 1. Average N = 0.779
2021-03-24 23:20:08,384 - INFO: Move rejected due to water leaving the GCMC sphere
2021-03-24 23:20:12,130 - INFO: 223 move(s) completed (1 accepted (0.4484 %)). Current N = 1. Average N = 0.780
2021-03-24 23:20:41,834 - INFO: 224 move(s) completed (1 accepted (0.4464 %)). Current N = 1. Average N = 0.781
2021-03-24 23:21:08,025 - INFO: Move rejected due to water leaving the GCMC sphere
2021-03-24 23:21:11,497 - INFO: 225 move(s) completed (1 accepted (0.4444 %)). Current N = 1. Average N = 0.782
2021-03-24 23:21:40,948 - INFO: 226 move(s) completed (1 accepted (0.4425 %)). Current N = 1. Average N = 0.783
2021-03-24 23:22:10,341 - INFO: 227 move(s) completed (1 accepted (0.4405 %)). Current N = 1. Average N = 0.784
2021-03-24 23:22:35,533 - INFO: Move rejected due to water leaving the GCMC sphere
2021-03-24 23:22:39,138 - INFO: 228 move(s) completed (1 accepted (0.4386 %)). Current N = 1. Average N = 0.785
2021-03-24 23:23:07,991 - INFO: 229 move(s) completed (1 accepted (0.4367 %)). Current N = 1. Average N = 0.786
2021-03-24 23:23:37,277 - INFO: 230 move(s) completed (1 accepted (0.4348 %)). Current N = 1. Average N = 0.787
2021-03-24 23:24:02,708 - INFO: Move rejected due to water leaving the GCMC sphere
2021-03-24 23:24:06,265 - INFO: 231 move(s) completed (1 accepted (0.4329 %)). Current N = 1. Average N = 0.788
2021-03-24 23:24:32,083 - INFO: Move rejected due to water leaving the GCMC sphere
2021-03-24 23:24:35,707 - INFO: 232 move(s) completed (1 accepted (0.4310 %)). Current N = 1. Average N = 0.789
2021-03-24 23:25:05,368 - INFO: 233 move(s) completed (1 accepted (0.4292 %)). Current N = 1. Average N = 0.790
2021-03-24 23:25:35,431 - INFO: 234 move(s) completed (1 accepted (0.4274 %)). Current N = 1. Average N = 0.791
2021-03-24 23:26:01,967 - INFO: Move rejected due to water leaving the GCMC sphere
2021-03-24 23:26:05,672 - INFO: 235 move(s) completed (1 accepted (0.4255 %)). Current N = 1. Average N = 0.791
2021-03-24 23:26:35,825 - INFO: 236 move(s) completed (1 accepted (0.4237 %)). Current N = 1. Average N = 0.792
2021-03-24 23:27:05,023 - INFO: 237 move(s) completed (1 accepted (0.4219 %)). Current N = 1. Average N = 0.793
2021-03-24 23:27:30,530 - INFO: Move rejected due to water leaving the GCMC sphere
2021-03-24 23:27:34,173 - INFO: 238 move(s) completed (1 accepted (0.4202 %)). Current N = 1. Average N = 0.794
2021-03-24 23:27:59,834 - INFO: Move rejected due to water leaving the GCMC sphere
2021-03-24 23:28:03,389 - INFO: 239 move(s) completed (1 accepted (0.4184 %)). Current N = 1. Average N = 0.795
2021-03-24 23:28:32,672 - INFO: 240 move(s) completed (1 accepted (0.4167 %)). Current N = 1. Average N = 0.796
2021-03-24 23:28:58,534 - INFO: Move rejected due to water leaving the GCMC sphere
2021-03-24 23:29:02,091 - INFO: 241 move(s) completed (1 accepted (0.4149 %)). Current N = 1. Average N = 0.797
2021-03-24 23:29:28,149 - INFO: Move rejected due to water leaving the GCMC sphere
2021-03-24 23:29:31,545 - INFO: 242 move(s) completed (1 accepted (0.4132 %)). Current N = 1. Average N = 0.797
2021-03-24 23:29:58,095 - INFO: Move rejected due to water leaving the GCMC sphere
2021-03-24 23:30:01,627 - INFO: 243 move(s) completed (1 accepted (0.4115 %)). Current N = 1. Average N = 0.798
2021-03-24 23:30:27,956 - INFO: Move rejected due to water leaving the GCMC sphere
2021-03-24 23:30:31,661 - INFO: 244 move(s) completed (1 accepted (0.4098 %)). Current N = 1. Average N = 0.799
2021-03-24 23:30:57,447 - INFO: Move rejected due to water leaving the GCMC sphere
2021-03-24 23:31:01,146 - INFO: 245 move(s) completed (1 accepted (0.4082 %)). Current N = 1. Average N = 0.800
2021-03-24 23:31:27,016 - INFO: Move rejected due to water leaving the GCMC sphere
2021-03-24 23:31:30,699 - INFO: 246 move(s) completed (1 accepted (0.4065 %)). Current N = 1. Average N = 0.801
2021-03-24 23:31:56,809 - INFO: Move rejected due to water leaving the GCMC sphere
2021-03-24 23:32:00,511 - INFO: 247 move(s) completed (1 accepted (0.4049 %)). Current N = 1. Average N = 0.802
2021-03-24 23:32:26,501 - INFO: Move rejected due to water leaving the GCMC sphere
2021-03-24 23:32:30,199 - INFO: 248 move(s) completed (1 accepted (0.4032 %)). Current N = 1. Average N = 0.802
2021-03-24 23:32:56,263 - INFO: Move rejected due to water leaving the GCMC sphere
2021-03-24 23:32:59,919 - INFO: 249 move(s) completed (1 accepted (0.4016 %)). Current N = 1. Average N = 0.803
2021-03-24 23:33:26,211 - INFO: Move rejected due to water leaving the GCMC sphere
2021-03-24 23:33:29,863 - INFO: 250 move(s) completed (1 accepted (0.4000 %)). Current N = 1. Average N = 0.804
2021-03-24 23:33:55,222 - INFO: Move rejected due to water leaving the GCMC sphere
2021-03-24 23:33:58,703 - INFO: 251 move(s) completed (1 accepted (0.3984 %)). Current N = 1. Average N = 0.805
2021-03-24 23:34:23,802 - INFO: Move rejected due to water leaving the GCMC sphere
2021-03-24 23:34:27,240 - INFO: 252 move(s) completed (1 accepted (0.3968 %)). Current N = 1. Average N = 0.806
2021-03-24 23:34:52,572 - INFO: Move rejected due to water leaving the GCMC sphere
2021-03-24 23:34:56,028 - INFO: 253 move(s) completed (1 accepted (0.3953 %)). Current N = 1. Average N = 0.806
2021-03-24 23:35:21,813 - INFO: Move rejected due to water leaving the GCMC sphere
2021-03-24 23:35:25,324 - INFO: 254 move(s) completed (1 accepted (0.3937 %)). Current N = 1. Average N = 0.807
2021-03-24 23:35:54,543 - INFO: 255 move(s) completed (1 accepted (0.3922 %)). Current N = 1. Average N = 0.808
2021-03-24 23:36:20,355 - INFO: Move rejected due to water leaving the GCMC sphere
2021-03-24 23:36:23,994 - INFO: 256 move(s) completed (1 accepted (0.3906 %)). Current N = 1. Average N = 0.809
2021-03-24 23:36:53,348 - INFO: 257 move(s) completed (1 accepted (0.3891 %)). Current N = 1. Average N = 0.809
2021-03-24 23:37:19,761 - INFO: Move rejected due to water leaving the GCMC sphere
2021-03-24 23:37:23,458 - INFO: 258 move(s) completed (1 accepted (0.3876 %)). Current N = 1. Average N = 0.810
2021-03-24 23:37:53,735 - INFO: 259 move(s) completed (1 accepted (0.3861 %)). Current N = 1. Average N = 0.811
2021-03-24 23:38:20,146 - INFO: Move rejected due to water leaving the GCMC sphere
2021-03-24 23:38:23,840 - INFO: 260 move(s) completed (1 accepted (0.3846 %)). Current N = 1. Average N = 0.811
2021-03-24 23:38:49,529 - INFO: Move rejected due to water leaving the GCMC sphere
2021-03-24 23:38:53,227 - INFO: 261 move(s) completed (1 accepted (0.3831 %)). Current N = 1. Average N = 0.812
2021-03-24 23:39:18,947 - INFO: Move rejected due to water leaving the GCMC sphere
2021-03-24 23:39:22,630 - INFO: 262 move(s) completed (1 accepted (0.3817 %)). Current N = 1. Average N = 0.813
2021-03-24 23:39:48,076 - INFO: Move rejected due to water leaving the GCMC sphere
2021-03-24 23:39:51,665 - INFO: 263 move(s) completed (1 accepted (0.3802 %)). Current N = 1. Average N = 0.814
