2021-03-25 15:06:40,379 - INFO: kT = 0.5921875708469466 kcal/mol
2021-03-25 15:06:45,903 - INFO: BaseGrandCanonicalMonteCarloSampler object initialised
2021-03-25 15:06:45,903 - INFO: GCMC sphere is based on reference atom IDs: [887, 1837]
2021-03-25 15:06:45,903 - INFO: GCMC sphere radius is 6 A
2021-03-25 15:06:45,904 - INFO: Simulating at an Adams (B) value of -6.888845176169922
2021-03-25 15:06:45,904 - INFO: GCMCSphereSampler object initialised
2021-03-25 15:06:45,904 - INFO: Each NCMC move will be executed over a total of 7.0 ps
2021-03-25 15:06:45,905 - INFO: NonequilibriumGCMCSphereSampler object initialised
2021-03-25 15:07:10,833 - INFO: Move rejected due to water leaving the GCMC sphere
2021-03-25 15:07:14,529 - INFO: 1 move(s) completed (0 accepted (0.0000 %)). Current N = 0. Average N = 0.000
2021-03-25 15:07:20,491 - INFO: 2 move(s) completed (0 accepted (0.0000 %)). Current N = 0. Average N = 0.000
2021-03-25 15:07:38,086 - INFO: Move rejected due to water leaving the GCMC sphere
2021-03-25 15:07:41,666 - INFO: 3 move(s) completed (0 accepted (0.0000 %)). Current N = 0. Average N = 0.000
2021-03-25 15:07:47,567 - INFO: 4 move(s) completed (0 accepted (0.0000 %)). Current N = 0. Average N = 0.000
2021-03-25 15:08:05,328 - INFO: Move rejected due to water leaving the GCMC sphere
2021-03-25 15:08:08,961 - INFO: 5 move(s) completed (0 accepted (0.0000 %)). Current N = 0. Average N = 0.000
2021-03-25 15:08:14,550 - INFO: 6 move(s) completed (0 accepted (0.0000 %)). Current N = 0. Average N = 0.000
2021-03-25 15:08:36,012 - INFO: 7 move(s) completed (1 accepted (14.2857 %)). Current N = 1. Average N = 0.143
2021-03-25 15:08:56,655 - INFO: 8 move(s) completed (1 accepted (12.5000 %)). Current N = 1. Average N = 0.250
2021-03-25 15:09:17,320 - INFO: 9 move(s) completed (1 accepted (11.1111 %)). Current N = 1. Average N = 0.333
2021-03-25 15:09:37,762 - INFO: 10 move(s) completed (2 accepted (20.0000 %)). Current N = 2. Average N = 0.500
2021-03-25 15:09:54,967 - INFO: Move rejected due to water leaving the GCMC sphere
2021-03-25 15:09:58,663 - INFO: 11 move(s) completed (2 accepted (18.1818 %)). Current N = 2. Average N = 0.636
2021-03-25 15:10:15,848 - INFO: Move rejected due to water leaving the GCMC sphere
2021-03-25 15:10:19,506 - INFO: 12 move(s) completed (2 accepted (16.6667 %)). Current N = 2. Average N = 0.750
2021-03-25 15:10:40,524 - INFO: 13 move(s) completed (2 accepted (15.3846 %)). Current N = 2. Average N = 0.846
2021-03-25 15:10:57,830 - INFO: Move rejected due to water leaving the GCMC sphere
2021-03-25 15:11:01,513 - INFO: 14 move(s) completed (2 accepted (14.2857 %)). Current N = 2. Average N = 0.929
2021-03-25 15:11:18,950 - INFO: Move rejected due to water leaving the GCMC sphere
2021-03-25 15:11:22,534 - INFO: 15 move(s) completed (2 accepted (13.3333 %)). Current N = 2. Average N = 1.000
2021-03-25 15:11:40,057 - INFO: Move rejected due to water leaving the GCMC sphere
2021-03-25 15:11:43,610 - INFO: 16 move(s) completed (2 accepted (12.5000 %)). Current N = 2. Average N = 1.062
2021-03-25 15:12:04,826 - INFO: 17 move(s) completed (2 accepted (11.7647 %)). Current N = 2. Average N = 1.118
2021-03-25 15:12:26,030 - INFO: 18 move(s) completed (2 accepted (11.1111 %)). Current N = 2. Average N = 1.167
2021-03-25 15:12:47,129 - INFO: 19 move(s) completed (2 accepted (10.5263 %)). Current N = 2. Average N = 1.210
2021-03-25 15:13:04,873 - INFO: Move rejected due to water leaving the GCMC sphere
2021-03-25 15:13:08,569 - INFO: 20 move(s) completed (2 accepted (10.0000 %)). Current N = 2. Average N = 1.250
2021-03-25 15:13:29,913 - INFO: 21 move(s) completed (2 accepted (9.5238 %)). Current N = 2. Average N = 1.286
2021-03-25 15:13:51,337 - INFO: 22 move(s) completed (2 accepted (9.0909 %)). Current N = 2. Average N = 1.318
2021-03-25 15:14:12,807 - INFO: 23 move(s) completed (2 accepted (8.6957 %)). Current N = 2. Average N = 1.348
2021-03-25 15:14:29,674 - INFO: Move rejected due to water leaving the GCMC sphere
2021-03-25 15:14:33,357 - INFO: 24 move(s) completed (2 accepted (8.3333 %)). Current N = 2. Average N = 1.375
2021-03-25 15:14:50,373 - INFO: Move rejected due to water leaving the GCMC sphere
2021-03-25 15:14:54,035 - INFO: 25 move(s) completed (2 accepted (8.0000 %)). Current N = 2. Average N = 1.400
2021-03-25 15:15:11,118 - INFO: Move rejected due to water leaving the GCMC sphere
2021-03-25 15:15:14,826 - INFO: 26 move(s) completed (2 accepted (7.6923 %)). Current N = 2. Average N = 1.423
2021-03-25 15:15:35,714 - INFO: 27 move(s) completed (2 accepted (7.4074 %)). Current N = 2. Average N = 1.444
2021-03-25 15:15:56,545 - INFO: 28 move(s) completed (2 accepted (7.1429 %)). Current N = 2. Average N = 1.464
2021-03-25 15:16:17,458 - INFO: 29 move(s) completed (2 accepted (6.8966 %)). Current N = 2. Average N = 1.483
2021-03-25 15:16:37,932 - INFO: 30 move(s) completed (2 accepted (6.6667 %)). Current N = 2. Average N = 1.500
2021-03-25 15:16:58,709 - INFO: 31 move(s) completed (2 accepted (6.4516 %)). Current N = 2. Average N = 1.516
2021-03-25 15:17:16,136 - INFO: Move rejected due to water leaving the GCMC sphere
2021-03-25 15:17:19,840 - INFO: 32 move(s) completed (2 accepted (6.2500 %)). Current N = 2. Average N = 1.531
2021-03-25 15:17:40,916 - INFO: 33 move(s) completed (2 accepted (6.0606 %)). Current N = 2. Average N = 1.546
2021-03-25 15:17:58,632 - INFO: Move rejected due to water leaving the GCMC sphere
2021-03-25 15:18:02,177 - INFO: 34 move(s) completed (2 accepted (5.8824 %)). Current N = 2. Average N = 1.559
2021-03-25 15:18:19,925 - INFO: Move rejected due to water leaving the GCMC sphere
2021-03-25 15:18:23,628 - INFO: 35 move(s) completed (2 accepted (5.7143 %)). Current N = 2. Average N = 1.571
2021-03-25 15:18:44,935 - INFO: 36 move(s) completed (2 accepted (5.5556 %)). Current N = 2. Average N = 1.583
2021-03-25 15:19:05,328 - INFO: 37 move(s) completed (2 accepted (5.4054 %)). Current N = 2. Average N = 1.595
2021-03-25 15:19:22,969 - INFO: Move rejected due to water leaving the GCMC sphere
2021-03-25 15:19:26,672 - INFO: 38 move(s) completed (2 accepted (5.2632 %)). Current N = 2. Average N = 1.605
2021-03-25 15:19:44,429 - INFO: Move rejected due to water leaving the GCMC sphere
2021-03-25 15:19:48,127 - INFO: 39 move(s) completed (2 accepted (5.1282 %)). Current N = 2. Average N = 1.615
2021-03-25 15:20:05,032 - INFO: Move rejected due to water leaving the GCMC sphere
2021-03-25 15:20:08,589 - INFO: 40 move(s) completed (2 accepted (5.0000 %)). Current N = 2. Average N = 1.625
2021-03-25 15:20:29,406 - INFO: 41 move(s) completed (2 accepted (4.8780 %)). Current N = 2. Average N = 1.634
2021-03-25 15:20:46,427 - INFO: Move rejected due to water leaving the GCMC sphere
2021-03-25 15:20:50,126 - INFO: 42 move(s) completed (2 accepted (4.7619 %)). Current N = 2. Average N = 1.643
2021-03-25 15:21:10,879 - INFO: 43 move(s) completed (2 accepted (4.6512 %)). Current N = 2. Average N = 1.651
2021-03-25 15:21:31,690 - INFO: 44 move(s) completed (2 accepted (4.5455 %)). Current N = 2. Average N = 1.659
2021-03-25 15:21:49,024 - INFO: Move rejected due to water leaving the GCMC sphere
2021-03-25 15:21:52,731 - INFO: 45 move(s) completed (2 accepted (4.4444 %)). Current N = 2. Average N = 1.667
2021-03-25 15:22:09,975 - INFO: Move rejected due to water leaving the GCMC sphere
2021-03-25 15:22:13,584 - INFO: 46 move(s) completed (2 accepted (4.3478 %)). Current N = 2. Average N = 1.674
2021-03-25 15:22:34,428 - INFO: 47 move(s) completed (2 accepted (4.2553 %)). Current N = 2. Average N = 1.681
2021-03-25 15:22:51,899 - INFO: Move rejected due to water leaving the GCMC sphere
2021-03-25 15:22:55,597 - INFO: 48 move(s) completed (2 accepted (4.1667 %)). Current N = 2. Average N = 1.688
2021-03-25 15:23:16,812 - INFO: 49 move(s) completed (2 accepted (4.0816 %)). Current N = 2. Average N = 1.694
2021-03-25 15:23:34,457 - INFO: Move rejected due to water leaving the GCMC sphere
2021-03-25 15:23:38,013 - INFO: 50 move(s) completed (2 accepted (4.0000 %)). Current N = 2. Average N = 1.700
2021-03-25 15:23:59,270 - INFO: 51 move(s) completed (2 accepted (3.9216 %)). Current N = 2. Average N = 1.706
2021-03-25 15:24:16,861 - INFO: Move rejected due to water leaving the GCMC sphere
2021-03-25 15:24:20,570 - INFO: 52 move(s) completed (2 accepted (3.8462 %)). Current N = 2. Average N = 1.712
2021-03-25 15:24:41,909 - INFO: 53 move(s) completed (2 accepted (3.7736 %)). Current N = 2. Average N = 1.717
2021-03-25 15:24:59,604 - INFO: Move rejected due to water leaving the GCMC sphere
2021-03-25 15:25:03,113 - INFO: 54 move(s) completed (2 accepted (3.7037 %)). Current N = 2. Average N = 1.722
2021-03-25 15:25:20,096 - INFO: Move rejected due to water leaving the GCMC sphere
2021-03-25 15:25:23,782 - INFO: 55 move(s) completed (2 accepted (3.6364 %)). Current N = 2. Average N = 1.727
2021-03-25 15:25:44,172 - INFO: 56 move(s) completed (2 accepted (3.5714 %)). Current N = 2. Average N = 1.732
2021-03-25 15:26:04,853 - INFO: 57 move(s) completed (2 accepted (3.5088 %)). Current N = 2. Average N = 1.737
2021-03-25 15:26:25,335 - INFO: 58 move(s) completed (2 accepted (3.4483 %)). Current N = 2. Average N = 1.741
2021-03-25 15:26:42,232 - INFO: Move rejected due to water leaving the GCMC sphere
2021-03-25 15:26:45,911 - INFO: 59 move(s) completed (2 accepted (3.3898 %)). Current N = 2. Average N = 1.746
2021-03-25 15:27:06,855 - INFO: 60 move(s) completed (2 accepted (3.3333 %)). Current N = 2. Average N = 1.750
2021-03-25 15:27:27,556 - INFO: 61 move(s) completed (2 accepted (3.2787 %)). Current N = 2. Average N = 1.754
2021-03-25 15:27:44,734 - INFO: Move rejected due to water leaving the GCMC sphere
2021-03-25 15:27:48,435 - INFO: 62 move(s) completed (2 accepted (3.2258 %)). Current N = 2. Average N = 1.758
2021-03-25 15:28:05,668 - INFO: Move rejected due to water leaving the GCMC sphere
2021-03-25 15:28:09,266 - INFO: 63 move(s) completed (2 accepted (3.1746 %)). Current N = 2. Average N = 1.762
2021-03-25 15:28:26,712 - INFO: Move rejected due to water leaving the GCMC sphere
2021-03-25 15:28:30,318 - INFO: 64 move(s) completed (2 accepted (3.1250 %)). Current N = 2. Average N = 1.766
2021-03-25 15:28:47,866 - INFO: Move rejected due to water leaving the GCMC sphere
2021-03-25 15:28:51,564 - INFO: 65 move(s) completed (2 accepted (3.0769 %)). Current N = 2. Average N = 1.769
2021-03-25 15:29:09,136 - INFO: Move rejected due to water leaving the GCMC sphere
2021-03-25 15:29:12,732 - INFO: 66 move(s) completed (2 accepted (3.0303 %)). Current N = 2. Average N = 1.773
2021-03-25 15:29:33,426 - INFO: 67 move(s) completed (2 accepted (2.9851 %)). Current N = 2. Average N = 1.776
2021-03-25 15:29:51,061 - INFO: Move rejected due to water leaving the GCMC sphere
2021-03-25 15:29:54,740 - INFO: 68 move(s) completed (2 accepted (2.9412 %)). Current N = 2. Average N = 1.779
2021-03-25 15:30:16,108 - INFO: 69 move(s) completed (2 accepted (2.8986 %)). Current N = 2. Average N = 1.783
2021-03-25 15:30:37,403 - INFO: 70 move(s) completed (2 accepted (2.8571 %)). Current N = 2. Average N = 1.786
2021-03-25 15:30:58,888 - INFO: 71 move(s) completed (2 accepted (2.8169 %)). Current N = 2. Average N = 1.789
2021-03-25 15:31:19,592 - INFO: 72 move(s) completed (2 accepted (2.7778 %)). Current N = 2. Average N = 1.792
2021-03-25 15:31:40,187 - INFO: 73 move(s) completed (2 accepted (2.7397 %)). Current N = 2. Average N = 1.794
2021-03-25 15:31:57,290 - INFO: Move rejected due to water leaving the GCMC sphere
2021-03-25 15:32:00,995 - INFO: 74 move(s) completed (2 accepted (2.7027 %)). Current N = 2. Average N = 1.797
2021-03-25 15:32:21,797 - INFO: 75 move(s) completed (2 accepted (2.6667 %)). Current N = 2. Average N = 1.800
2021-03-25 15:32:38,839 - INFO: Move rejected due to water leaving the GCMC sphere
2021-03-25 15:32:42,424 - INFO: 76 move(s) completed (2 accepted (2.6316 %)). Current N = 2. Average N = 1.803
2021-03-25 15:32:59,814 - INFO: Move rejected due to water leaving the GCMC sphere
2021-03-25 15:33:03,415 - INFO: 77 move(s) completed (2 accepted (2.5974 %)). Current N = 2. Average N = 1.805
2021-03-25 15:33:21,099 - INFO: Move rejected due to water leaving the GCMC sphere
2021-03-25 15:33:24,797 - INFO: 78 move(s) completed (2 accepted (2.5641 %)). Current N = 2. Average N = 1.808
2021-03-25 15:33:45,341 - INFO: 79 move(s) completed (2 accepted (2.5316 %)). Current N = 2. Average N = 1.810
2021-03-25 15:34:02,373 - INFO: Move rejected due to water leaving the GCMC sphere
2021-03-25 15:34:05,819 - INFO: 80 move(s) completed (2 accepted (2.5000 %)). Current N = 2. Average N = 1.812
2021-03-25 15:34:23,337 - INFO: Move rejected due to water leaving the GCMC sphere
2021-03-25 15:34:27,033 - INFO: 81 move(s) completed (2 accepted (2.4691 %)). Current N = 2. Average N = 1.815
2021-03-25 15:34:48,297 - INFO: 82 move(s) completed (2 accepted (2.4390 %)). Current N = 2. Average N = 1.817
2021-03-25 15:35:09,438 - INFO: 83 move(s) completed (2 accepted (2.4096 %)). Current N = 2. Average N = 1.819
2021-03-25 15:35:26,504 - INFO: Move rejected due to water leaving the GCMC sphere
2021-03-25 15:35:30,193 - INFO: 84 move(s) completed (2 accepted (2.3810 %)). Current N = 2. Average N = 1.821
2021-03-25 15:35:51,555 - INFO: 85 move(s) completed (2 accepted (2.3529 %)). Current N = 2. Average N = 1.823
2021-03-25 15:36:09,266 - INFO: Move rejected due to water leaving the GCMC sphere
2021-03-25 15:36:12,764 - INFO: 86 move(s) completed (2 accepted (2.3256 %)). Current N = 2. Average N = 1.826
2021-03-25 15:36:30,526 - INFO: Move rejected due to water leaving the GCMC sphere
2021-03-25 15:36:34,214 - INFO: 87 move(s) completed (2 accepted (2.2989 %)). Current N = 2. Average N = 1.828
2021-03-25 15:36:51,235 - INFO: Move rejected due to water leaving the GCMC sphere
2021-03-25 15:36:54,918 - INFO: 88 move(s) completed (2 accepted (2.2727 %)). Current N = 2. Average N = 1.829
2021-03-25 15:37:11,886 - INFO: Move rejected due to water leaving the GCMC sphere
2021-03-25 15:37:15,545 - INFO: 89 move(s) completed (2 accepted (2.2472 %)). Current N = 2. Average N = 1.831
2021-03-25 15:37:32,699 - INFO: Move rejected due to water leaving the GCMC sphere
2021-03-25 15:37:36,383 - INFO: 90 move(s) completed (2 accepted (2.2222 %)). Current N = 2. Average N = 1.833
2021-03-25 15:37:53,565 - INFO: Move rejected due to water leaving the GCMC sphere
2021-03-25 15:37:57,263 - INFO: 91 move(s) completed (2 accepted (2.1978 %)). Current N = 2. Average N = 1.835
2021-03-25 15:38:14,140 - INFO: Move rejected due to water leaving the GCMC sphere
2021-03-25 15:38:17,754 - INFO: 92 move(s) completed (2 accepted (2.1739 %)). Current N = 2. Average N = 1.837
2021-03-25 15:38:35,109 - INFO: Move rejected due to water leaving the GCMC sphere
2021-03-25 15:38:38,690 - INFO: 93 move(s) completed (2 accepted (2.1505 %)). Current N = 2. Average N = 1.839
2021-03-25 15:38:55,888 - INFO: Move rejected due to water leaving the GCMC sphere
2021-03-25 15:38:59,589 - INFO: 94 move(s) completed (2 accepted (2.1277 %)). Current N = 2. Average N = 1.840
2021-03-25 15:39:20,646 - INFO: 95 move(s) completed (2 accepted (2.1053 %)). Current N = 2. Average N = 1.842
2021-03-25 15:39:41,619 - INFO: 96 move(s) completed (2 accepted (2.0833 %)). Current N = 2. Average N = 1.844
2021-03-25 15:40:02,320 - INFO: 97 move(s) completed (2 accepted (2.0619 %)). Current N = 2. Average N = 1.845
2021-03-25 15:40:23,641 - INFO: 98 move(s) completed (2 accepted (2.0408 %)). Current N = 2. Average N = 1.847
2021-03-25 15:40:44,636 - INFO: 99 move(s) completed (2 accepted (2.0202 %)). Current N = 2. Average N = 1.849
2021-03-25 15:41:06,130 - INFO: 100 move(s) completed (2 accepted (2.0000 %)). Current N = 2. Average N = 1.850
2021-03-25 15:41:23,804 - INFO: Move rejected due to water leaving the GCMC sphere
2021-03-25 15:41:27,487 - INFO: 101 move(s) completed (2 accepted (1.9802 %)). Current N = 2. Average N = 1.851
2021-03-25 15:41:45,259 - INFO: Move rejected due to water leaving the GCMC sphere
2021-03-25 15:41:48,928 - INFO: 102 move(s) completed (2 accepted (1.9608 %)). Current N = 2. Average N = 1.853
2021-03-25 15:42:10,451 - INFO: 103 move(s) completed (2 accepted (1.9417 %)). Current N = 2. Average N = 1.854
2021-03-25 15:42:31,084 - INFO: 104 move(s) completed (2 accepted (1.9231 %)). Current N = 2. Average N = 1.856
2021-03-25 15:42:51,829 - INFO: 105 move(s) completed (3 accepted (2.8571 %)). Current N = 3. Average N = 1.867
2021-03-25 15:43:12,561 - INFO: 106 move(s) completed (3 accepted (2.8302 %)). Current N = 3. Average N = 1.877
2021-03-25 15:43:33,304 - INFO: 107 move(s) completed (3 accepted (2.8037 %)). Current N = 3. Average N = 1.888
2021-03-25 15:43:54,061 - INFO: 108 move(s) completed (4 accepted (3.7037 %)). Current N = 2. Average N = 1.889
2021-03-25 15:44:14,679 - INFO: 109 move(s) completed (5 accepted (4.5872 %)). Current N = 3. Average N = 1.899
2021-03-25 15:44:35,318 - INFO: 110 move(s) completed (5 accepted (4.5455 %)). Current N = 3. Average N = 1.909
2021-03-25 15:44:52,686 - INFO: Move rejected due to water leaving the GCMC sphere
2021-03-25 15:44:56,370 - INFO: 111 move(s) completed (5 accepted (4.5045 %)). Current N = 3. Average N = 1.919
2021-03-25 15:45:17,290 - INFO: 112 move(s) completed (5 accepted (4.4643 %)). Current N = 3. Average N = 1.929
2021-03-25 15:45:38,441 - INFO: 113 move(s) completed (5 accepted (4.4248 %)). Current N = 3. Average N = 1.938
2021-03-25 15:45:59,726 - INFO: 114 move(s) completed (5 accepted (4.3860 %)). Current N = 3. Average N = 1.947
2021-03-25 15:46:20,970 - INFO: 115 move(s) completed (5 accepted (4.3478 %)). Current N = 3. Average N = 1.956
2021-03-25 15:46:42,051 - INFO: 116 move(s) completed (5 accepted (4.3103 %)). Current N = 3. Average N = 1.966
2021-03-25 15:47:03,346 - INFO: 117 move(s) completed (6 accepted (5.1282 %)). Current N = 2. Average N = 1.966
2021-03-25 15:47:21,047 - INFO: Move rejected due to water leaving the GCMC sphere
2021-03-25 15:47:24,756 - INFO: 118 move(s) completed (6 accepted (5.0847 %)). Current N = 2. Average N = 1.966
2021-03-25 15:47:46,143 - INFO: 119 move(s) completed (6 accepted (5.0420 %)). Current N = 2. Average N = 1.966
2021-03-25 15:48:03,184 - INFO: Move rejected due to water leaving the GCMC sphere
2021-03-25 15:48:06,887 - INFO: 120 move(s) completed (6 accepted (5.0000 %)). Current N = 2. Average N = 1.967
2021-03-25 15:48:23,848 - INFO: Move rejected due to water leaving the GCMC sphere
2021-03-25 15:48:27,534 - INFO: 121 move(s) completed (6 accepted (4.9587 %)). Current N = 2. Average N = 1.967
2021-03-25 15:48:48,462 - INFO: 122 move(s) completed (6 accepted (4.9180 %)). Current N = 2. Average N = 1.967
2021-03-25 15:49:05,628 - INFO: Move rejected due to water leaving the GCMC sphere
2021-03-25 15:49:09,209 - INFO: 123 move(s) completed (6 accepted (4.8780 %)). Current N = 2. Average N = 1.968
2021-03-25 15:49:30,017 - INFO: 124 move(s) completed (6 accepted (4.8387 %)). Current N = 2. Average N = 1.968
2021-03-25 15:49:47,171 - INFO: Move rejected due to water leaving the GCMC sphere
2021-03-25 15:49:50,743 - INFO: 125 move(s) completed (6 accepted (4.8000 %)). Current N = 2. Average N = 1.968
2021-03-25 15:50:11,347 - INFO: 126 move(s) completed (6 accepted (4.7619 %)). Current N = 2. Average N = 1.968
2021-03-25 15:50:32,470 - INFO: 127 move(s) completed (6 accepted (4.7244 %)). Current N = 2. Average N = 1.968
2021-03-25 15:50:49,745 - INFO: Move rejected due to water leaving the GCMC sphere
2021-03-25 15:50:53,444 - INFO: 128 move(s) completed (6 accepted (4.6875 %)). Current N = 2. Average N = 1.969
2021-03-25 15:51:14,296 - INFO: 129 move(s) completed (6 accepted (4.6512 %)). Current N = 2. Average N = 1.969
2021-03-25 15:51:35,055 - INFO: 130 move(s) completed (6 accepted (4.6154 %)). Current N = 2. Average N = 1.969
2021-03-25 15:51:52,631 - INFO: Move rejected due to water leaving the GCMC sphere
2021-03-25 15:51:56,317 - INFO: 131 move(s) completed (6 accepted (4.5802 %)). Current N = 2. Average N = 1.970
2021-03-25 15:52:17,584 - INFO: 132 move(s) completed (6 accepted (4.5455 %)). Current N = 2. Average N = 1.970
2021-03-25 15:52:35,232 - INFO: Move rejected due to water leaving the GCMC sphere
2021-03-25 15:52:38,878 - INFO: 133 move(s) completed (6 accepted (4.5113 %)). Current N = 2. Average N = 1.970
2021-03-25 15:53:00,301 - INFO: 134 move(s) completed (6 accepted (4.4776 %)). Current N = 2. Average N = 1.970
2021-03-25 15:53:21,648 - INFO: 135 move(s) completed (6 accepted (4.4444 %)). Current N = 2. Average N = 1.970
2021-03-25 15:53:42,139 - INFO: 136 move(s) completed (6 accepted (4.4118 %)). Current N = 2. Average N = 1.971
2021-03-25 15:54:02,794 - INFO: 137 move(s) completed (6 accepted (4.3796 %)). Current N = 2. Average N = 1.971
2021-03-25 15:54:23,348 - INFO: 138 move(s) completed (6 accepted (4.3478 %)). Current N = 2. Average N = 1.971
2021-03-25 15:54:40,486 - INFO: Move rejected due to water leaving the GCMC sphere
2021-03-25 15:54:44,185 - INFO: 139 move(s) completed (6 accepted (4.3165 %)). Current N = 2. Average N = 1.971
2021-03-25 15:55:05,026 - INFO: 140 move(s) completed (6 accepted (4.2857 %)). Current N = 2. Average N = 1.971
2021-03-25 15:55:22,165 - INFO: Move rejected due to water leaving the GCMC sphere
2021-03-25 15:55:25,867 - INFO: 141 move(s) completed (6 accepted (4.2553 %)). Current N = 2. Average N = 1.972
2021-03-25 15:55:46,591 - INFO: 142 move(s) completed (6 accepted (4.2254 %)). Current N = 2. Average N = 1.972
2021-03-25 15:56:07,654 - INFO: 143 move(s) completed (6 accepted (4.1958 %)). Current N = 2. Average N = 1.972
2021-03-25 15:56:28,844 - INFO: 144 move(s) completed (6 accepted (4.1667 %)). Current N = 2. Average N = 1.972
2021-03-25 15:56:49,917 - INFO: 145 move(s) completed (6 accepted (4.1379 %)). Current N = 2. Average N = 1.972
2021-03-25 15:57:10,475 - INFO: 146 move(s) completed (6 accepted (4.1096 %)). Current N = 2. Average N = 1.973
2021-03-25 15:57:28,022 - INFO: Move rejected due to water leaving the GCMC sphere
2021-03-25 15:57:31,701 - INFO: 147 move(s) completed (6 accepted (4.0816 %)). Current N = 2. Average N = 1.973
2021-03-25 15:57:49,266 - INFO: Move rejected due to water leaving the GCMC sphere
2021-03-25 15:57:52,924 - INFO: 148 move(s) completed (6 accepted (4.0541 %)). Current N = 2. Average N = 1.973
2021-03-25 15:58:14,299 - INFO: 149 move(s) completed (6 accepted (4.0268 %)). Current N = 2. Average N = 1.973
2021-03-25 15:58:34,953 - INFO: 150 move(s) completed (6 accepted (4.0000 %)). Current N = 2. Average N = 1.973
2021-03-25 15:58:56,253 - INFO: 151 move(s) completed (6 accepted (3.9735 %)). Current N = 2. Average N = 1.974
2021-03-25 15:59:13,188 - INFO: Move rejected due to water leaving the GCMC sphere
2021-03-25 15:59:16,882 - INFO: 152 move(s) completed (6 accepted (3.9474 %)). Current N = 2. Average N = 1.974
2021-03-25 15:59:37,276 - INFO: 153 move(s) completed (6 accepted (3.9216 %)). Current N = 2. Average N = 1.974
2021-03-25 15:59:54,049 - INFO: Move rejected due to water leaving the GCMC sphere
2021-03-25 15:59:57,732 - INFO: 154 move(s) completed (6 accepted (3.8961 %)). Current N = 2. Average N = 1.974
2021-03-25 16:00:18,439 - INFO: 155 move(s) completed (6 accepted (3.8710 %)). Current N = 2. Average N = 1.974
2021-03-25 16:00:39,339 - INFO: 156 move(s) completed (6 accepted (3.8462 %)). Current N = 2. Average N = 1.974
2021-03-25 16:00:56,606 - INFO: Move rejected due to water leaving the GCMC sphere
2021-03-25 16:01:00,290 - INFO: 157 move(s) completed (6 accepted (3.8217 %)). Current N = 2. Average N = 1.974
2021-03-25 16:01:21,320 - INFO: 158 move(s) completed (6 accepted (3.7975 %)). Current N = 2. Average N = 1.975
2021-03-25 16:01:42,332 - INFO: 159 move(s) completed (6 accepted (3.7736 %)). Current N = 2. Average N = 1.975
2021-03-25 16:02:03,563 - INFO: 160 move(s) completed (6 accepted (3.7500 %)). Current N = 2. Average N = 1.975
2021-03-25 16:02:24,707 - INFO: 161 move(s) completed (6 accepted (3.7267 %)). Current N = 2. Average N = 1.975
2021-03-25 16:02:45,690 - INFO: 162 move(s) completed (6 accepted (3.7037 %)). Current N = 2. Average N = 1.975
2021-03-25 16:03:06,884 - INFO: 163 move(s) completed (6 accepted (3.6810 %)). Current N = 2. Average N = 1.976
2021-03-25 16:03:24,489 - INFO: Move rejected due to water leaving the GCMC sphere
2021-03-25 16:03:28,176 - INFO: 164 move(s) completed (6 accepted (3.6585 %)). Current N = 2. Average N = 1.976
2021-03-25 16:03:49,374 - INFO: 165 move(s) completed (6 accepted (3.6364 %)). Current N = 2. Average N = 1.976
2021-03-25 16:04:10,808 - INFO: 166 move(s) completed (6 accepted (3.6145 %)). Current N = 2. Average N = 1.976
2021-03-25 16:04:28,493 - INFO: Move rejected due to water leaving the GCMC sphere
2021-03-25 16:04:32,190 - INFO: 167 move(s) completed (6 accepted (3.5928 %)). Current N = 2. Average N = 1.976
2021-03-25 16:04:52,740 - INFO: 168 move(s) completed (6 accepted (3.5714 %)). Current N = 2. Average N = 1.976
2021-03-25 16:05:13,430 - INFO: 169 move(s) completed (6 accepted (3.5503 %)). Current N = 2. Average N = 1.976
2021-03-25 16:05:30,333 - INFO: Move rejected due to water leaving the GCMC sphere
2021-03-25 16:05:34,035 - INFO: 170 move(s) completed (6 accepted (3.5294 %)). Current N = 2. Average N = 1.976
2021-03-25 16:05:51,102 - INFO: Move rejected due to water leaving the GCMC sphere
2021-03-25 16:05:54,695 - INFO: 171 move(s) completed (6 accepted (3.5088 %)). Current N = 2. Average N = 1.977
2021-03-25 16:06:15,635 - INFO: 172 move(s) completed (6 accepted (3.4884 %)). Current N = 2. Average N = 1.977
2021-03-25 16:06:36,480 - INFO: 173 move(s) completed (6 accepted (3.4682 %)). Current N = 2. Average N = 1.977
2021-03-25 16:06:57,300 - INFO: 174 move(s) completed (6 accepted (3.4483 %)). Current N = 2. Average N = 1.977
2021-03-25 16:07:18,185 - INFO: 175 move(s) completed (6 accepted (3.4286 %)). Current N = 2. Average N = 1.977
2021-03-25 16:07:39,417 - INFO: 176 move(s) completed (6 accepted (3.4091 %)). Current N = 2. Average N = 1.977
2021-03-25 16:07:56,846 - INFO: Move rejected due to water leaving the GCMC sphere
2021-03-25 16:08:00,548 - INFO: 177 move(s) completed (6 accepted (3.3898 %)). Current N = 2. Average N = 1.977
2021-03-25 16:08:21,758 - INFO: 178 move(s) completed (6 accepted (3.3708 %)). Current N = 2. Average N = 1.978
2021-03-25 16:08:39,441 - INFO: Move rejected due to water leaving the GCMC sphere
2021-03-25 16:08:43,080 - INFO: 179 move(s) completed (6 accepted (3.3520 %)). Current N = 2. Average N = 1.978
2021-03-25 16:09:04,426 - INFO: 180 move(s) completed (6 accepted (3.3333 %)). Current N = 2. Average N = 1.978
2021-03-25 16:09:22,196 - INFO: Move rejected due to water leaving the GCMC sphere
2021-03-25 16:09:25,815 - INFO: 181 move(s) completed (6 accepted (3.3149 %)). Current N = 2. Average N = 1.978
2021-03-25 16:09:42,780 - INFO: Move rejected due to water leaving the GCMC sphere
2021-03-25 16:09:46,453 - INFO: 182 move(s) completed (6 accepted (3.2967 %)). Current N = 2. Average N = 1.978
2021-03-25 16:10:06,935 - INFO: 183 move(s) completed (6 accepted (3.2787 %)). Current N = 2. Average N = 1.978
2021-03-25 16:10:27,443 - INFO: 184 move(s) completed (6 accepted (3.2609 %)). Current N = 2. Average N = 1.978
2021-03-25 16:10:48,107 - INFO: 185 move(s) completed (6 accepted (3.2432 %)). Current N = 2. Average N = 1.978
2021-03-25 16:11:05,131 - INFO: Move rejected due to water leaving the GCMC sphere
2021-03-25 16:11:08,839 - INFO: 186 move(s) completed (6 accepted (3.2258 %)). Current N = 2. Average N = 1.978
2021-03-25 16:11:25,824 - INFO: Move rejected due to water leaving the GCMC sphere
2021-03-25 16:11:29,505 - INFO: 187 move(s) completed (6 accepted (3.2086 %)). Current N = 2. Average N = 1.979
2021-03-25 16:11:49,959 - INFO: 188 move(s) completed (6 accepted (3.1915 %)). Current N = 2. Average N = 1.979
2021-03-25 16:12:11,024 - INFO: 189 move(s) completed (6 accepted (3.1746 %)). Current N = 2. Average N = 1.979
2021-03-25 16:12:28,278 - INFO: Move rejected due to water leaving the GCMC sphere
2021-03-25 16:12:31,980 - INFO: 190 move(s) completed (6 accepted (3.1579 %)). Current N = 2. Average N = 1.979
2021-03-25 16:12:52,611 - INFO: 191 move(s) completed (6 accepted (3.1414 %)). Current N = 2. Average N = 1.979
2021-03-25 16:13:13,801 - INFO: 192 move(s) completed (6 accepted (3.1250 %)). Current N = 2. Average N = 1.979
2021-03-25 16:13:31,117 - INFO: Move rejected due to water leaving the GCMC sphere
2021-03-25 16:13:34,809 - INFO: 193 move(s) completed (6 accepted (3.1088 %)). Current N = 2. Average N = 1.979
2021-03-25 16:13:51,795 - INFO: Move rejected due to water leaving the GCMC sphere
2021-03-25 16:13:55,485 - INFO: 194 move(s) completed (6 accepted (3.0928 %)). Current N = 2. Average N = 1.979
2021-03-25 16:14:16,866 - INFO: 195 move(s) completed (6 accepted (3.0769 %)). Current N = 2. Average N = 1.980
2021-03-25 16:14:38,243 - INFO: 196 move(s) completed (6 accepted (3.0612 %)). Current N = 2. Average N = 1.980
2021-03-25 16:14:55,869 - INFO: Move rejected due to water leaving the GCMC sphere
2021-03-25 16:14:59,575 - INFO: 197 move(s) completed (6 accepted (3.0457 %)). Current N = 2. Average N = 1.980
2021-03-25 16:15:20,861 - INFO: 198 move(s) completed (6 accepted (3.0303 %)). Current N = 2. Average N = 1.980
2021-03-25 16:15:42,257 - INFO: 199 move(s) completed (6 accepted (3.0151 %)). Current N = 2. Average N = 1.980
2021-03-25 16:16:02,733 - INFO: 200 move(s) completed (6 accepted (3.0000 %)). Current N = 2. Average N = 1.980
2021-03-25 16:16:19,836 - INFO: Move rejected due to water leaving the GCMC sphere
2021-03-25 16:16:23,496 - INFO: 201 move(s) completed (6 accepted (2.9851 %)). Current N = 2. Average N = 1.980
2021-03-25 16:16:44,319 - INFO: 202 move(s) completed (6 accepted (2.9703 %)). Current N = 2. Average N = 1.980
2021-03-25 16:17:05,116 - INFO: 203 move(s) completed (6 accepted (2.9557 %)). Current N = 2. Average N = 1.980
2021-03-25 16:17:22,294 - INFO: Move rejected due to water leaving the GCMC sphere
2021-03-25 16:17:25,836 - INFO: 204 move(s) completed (6 accepted (2.9412 %)). Current N = 2. Average N = 1.980
2021-03-25 16:17:46,452 - INFO: 205 move(s) completed (6 accepted (2.9268 %)). Current N = 2. Average N = 1.980
2021-03-25 16:18:03,715 - INFO: Move rejected due to water leaving the GCMC sphere
2021-03-25 16:18:07,468 - INFO: 206 move(s) completed (6 accepted (2.9126 %)). Current N = 2. Average N = 1.981
2021-03-25 16:18:24,907 - INFO: Move rejected due to water leaving the GCMC sphere
2021-03-25 16:18:28,593 - INFO: 207 move(s) completed (6 accepted (2.8986 %)). Current N = 2. Average N = 1.981
2021-03-25 16:18:45,900 - INFO: Move rejected due to water leaving the GCMC sphere
2021-03-25 16:18:49,482 - INFO: 208 move(s) completed (6 accepted (2.8846 %)). Current N = 2. Average N = 1.981
2021-03-25 16:19:06,849 - INFO: Move rejected due to water leaving the GCMC sphere
2021-03-25 16:19:10,529 - INFO: 209 move(s) completed (6 accepted (2.8708 %)). Current N = 2. Average N = 1.981
2021-03-25 16:19:31,809 - INFO: 210 move(s) completed (6 accepted (2.8571 %)). Current N = 2. Average N = 1.981
2021-03-25 16:19:53,019 - INFO: 211 move(s) completed (6 accepted (2.8436 %)). Current N = 2. Average N = 1.981
2021-03-25 16:20:14,519 - INFO: 212 move(s) completed (6 accepted (2.8302 %)). Current N = 2. Average N = 1.981
2021-03-25 16:20:32,257 - INFO: Move rejected due to water leaving the GCMC sphere
2021-03-25 16:20:35,954 - INFO: 213 move(s) completed (6 accepted (2.8169 %)). Current N = 2. Average N = 1.981
2021-03-25 16:20:57,291 - INFO: 214 move(s) completed (6 accepted (2.8037 %)). Current N = 2. Average N = 1.981
2021-03-25 16:21:18,666 - INFO: 215 move(s) completed (6 accepted (2.7907 %)). Current N = 2. Average N = 1.981
2021-03-25 16:21:35,527 - INFO: Move rejected due to water leaving the GCMC sphere
2021-03-25 16:21:39,231 - INFO: 216 move(s) completed (6 accepted (2.7778 %)). Current N = 2. Average N = 1.982
2021-03-25 16:21:56,200 - INFO: Move rejected due to water leaving the GCMC sphere
2021-03-25 16:21:59,895 - INFO: 217 move(s) completed (6 accepted (2.7650 %)). Current N = 2. Average N = 1.982
2021-03-25 16:22:16,833 - INFO: Move rejected due to water leaving the GCMC sphere
2021-03-25 16:22:20,437 - INFO: 218 move(s) completed (6 accepted (2.7523 %)). Current N = 2. Average N = 1.982
2021-03-25 16:22:37,531 - INFO: Move rejected due to water leaving the GCMC sphere
2021-03-25 16:22:41,228 - INFO: 219 move(s) completed (6 accepted (2.7397 %)). Current N = 2. Average N = 1.982
2021-03-25 16:22:58,200 - INFO: Move rejected due to water leaving the GCMC sphere
2021-03-25 16:23:01,885 - INFO: 220 move(s) completed (6 accepted (2.7273 %)). Current N = 2. Average N = 1.982
2021-03-25 16:23:22,401 - INFO: 221 move(s) completed (6 accepted (2.7149 %)). Current N = 2. Average N = 1.982
2021-03-25 16:23:39,722 - INFO: Move rejected due to water leaving the GCMC sphere
2021-03-25 16:23:43,423 - INFO: 222 move(s) completed (6 accepted (2.7027 %)). Current N = 2. Average N = 1.982
2021-03-25 16:24:00,664 - INFO: Move rejected due to water leaving the GCMC sphere
2021-03-25 16:24:04,354 - INFO: 223 move(s) completed (6 accepted (2.6906 %)). Current N = 2. Average N = 1.982
2021-03-25 16:24:25,341 - INFO: 224 move(s) completed (6 accepted (2.6786 %)). Current N = 2. Average N = 1.982
2021-03-25 16:24:46,524 - INFO: 225 move(s) completed (6 accepted (2.6667 %)). Current N = 2. Average N = 1.982
2021-03-25 16:25:07,802 - INFO: 226 move(s) completed (6 accepted (2.6549 %)). Current N = 2. Average N = 1.982
2021-03-25 16:25:25,423 - INFO: Move rejected due to water leaving the GCMC sphere
2021-03-25 16:25:29,114 - INFO: 227 move(s) completed (6 accepted (2.6432 %)). Current N = 2. Average N = 1.982
2021-03-25 16:25:50,287 - INFO: 228 move(s) completed (6 accepted (2.6316 %)). Current N = 2. Average N = 1.982
2021-03-25 16:26:08,006 - INFO: Move rejected due to water leaving the GCMC sphere
2021-03-25 16:26:11,707 - INFO: 229 move(s) completed (6 accepted (2.6201 %)). Current N = 2. Average N = 1.982
2021-03-25 16:26:29,304 - INFO: Move rejected due to water leaving the GCMC sphere
2021-03-25 16:26:32,998 - INFO: 230 move(s) completed (6 accepted (2.6087 %)). Current N = 2. Average N = 1.983
2021-03-25 16:26:50,736 - INFO: Move rejected due to water leaving the GCMC sphere
2021-03-25 16:26:54,378 - INFO: 231 move(s) completed (6 accepted (2.5974 %)). Current N = 2. Average N = 1.983
2021-03-25 16:27:12,227 - INFO: Move rejected due to water leaving the GCMC sphere
2021-03-25 16:27:15,922 - INFO: 232 move(s) completed (6 accepted (2.5862 %)). Current N = 2. Average N = 1.983
2021-03-25 16:27:37,071 - INFO: 233 move(s) completed (6 accepted (2.5751 %)). Current N = 2. Average N = 1.983
2021-03-25 16:27:54,071 - INFO: Move rejected due to water leaving the GCMC sphere
2021-03-25 16:27:57,657 - INFO: 234 move(s) completed (6 accepted (2.5641 %)). Current N = 2. Average N = 1.983
2021-03-25 16:28:18,511 - INFO: 235 move(s) completed (6 accepted (2.5532 %)). Current N = 2. Average N = 1.983
2021-03-25 16:28:39,393 - INFO: 236 move(s) completed (6 accepted (2.5424 %)). Current N = 2. Average N = 1.983
2021-03-25 16:29:00,142 - INFO: 237 move(s) completed (6 accepted (2.5316 %)). Current N = 2. Average N = 1.983
2021-03-25 16:29:20,720 - INFO: 238 move(s) completed (6 accepted (2.5210 %)). Current N = 2. Average N = 1.983
2021-03-25 16:29:38,068 - INFO: Move rejected due to water leaving the GCMC sphere
2021-03-25 16:29:41,757 - INFO: 239 move(s) completed (6 accepted (2.5105 %)). Current N = 2. Average N = 1.983
2021-03-25 16:29:59,188 - INFO: Move rejected due to water leaving the GCMC sphere
2021-03-25 16:30:02,878 - INFO: 240 move(s) completed (6 accepted (2.5000 %)). Current N = 2. Average N = 1.983
2021-03-25 16:30:20,391 - INFO: Move rejected due to water leaving the GCMC sphere
2021-03-25 16:30:24,092 - INFO: 241 move(s) completed (6 accepted (2.4896 %)). Current N = 2. Average N = 1.983
2021-03-25 16:30:45,226 - INFO: 242 move(s) completed (6 accepted (2.4793 %)). Current N = 2. Average N = 1.984
2021-03-25 16:31:02,792 - INFO: Move rejected due to water leaving the GCMC sphere
2021-03-25 16:31:06,488 - INFO: 243 move(s) completed (6 accepted (2.4691 %)). Current N = 2. Average N = 1.984
2021-03-25 16:31:27,811 - INFO: 244 move(s) completed (6 accepted (2.4590 %)). Current N = 2. Average N = 1.984
2021-03-25 16:31:45,602 - INFO: Move rejected due to water leaving the GCMC sphere
2021-03-25 16:31:49,268 - INFO: 245 move(s) completed (6 accepted (2.4490 %)). Current N = 2. Average N = 1.984
2021-03-25 16:32:10,516 - INFO: 246 move(s) completed (6 accepted (2.4390 %)). Current N = 2. Average N = 1.984
2021-03-25 16:32:28,279 - INFO: Move rejected due to water leaving the GCMC sphere
2021-03-25 16:32:31,977 - INFO: 247 move(s) completed (6 accepted (2.4291 %)). Current N = 2. Average N = 1.984
2021-03-25 16:32:53,355 - INFO: 248 move(s) completed (6 accepted (2.4194 %)). Current N = 2. Average N = 1.984
2021-03-25 16:33:10,347 - INFO: Move rejected due to water leaving the GCMC sphere
2021-03-25 16:33:14,046 - INFO: 249 move(s) completed (6 accepted (2.4096 %)). Current N = 2. Average N = 1.984
2021-03-25 16:33:30,798 - INFO: Move rejected due to water leaving the GCMC sphere
2021-03-25 16:33:34,475 - INFO: 250 move(s) completed (6 accepted (2.4000 %)). Current N = 2. Average N = 1.984
2021-03-25 16:33:51,520 - INFO: Move rejected due to water leaving the GCMC sphere
2021-03-25 16:33:54,981 - INFO: 251 move(s) completed (6 accepted (2.3904 %)). Current N = 2. Average N = 1.984
2021-03-25 16:34:15,815 - INFO: 252 move(s) completed (6 accepted (2.3810 %)). Current N = 2. Average N = 1.984
2021-03-25 16:34:32,844 - INFO: Move rejected due to water leaving the GCMC sphere
2021-03-25 16:34:36,539 - INFO: 253 move(s) completed (6 accepted (2.3715 %)). Current N = 2. Average N = 1.984
2021-03-25 16:34:57,391 - INFO: 254 move(s) completed (6 accepted (2.3622 %)). Current N = 2. Average N = 1.984
2021-03-25 16:35:14,708 - INFO: Move rejected due to water leaving the GCMC sphere
2021-03-25 16:35:18,411 - INFO: 255 move(s) completed (6 accepted (2.3529 %)). Current N = 2. Average N = 1.984
2021-03-25 16:35:35,911 - INFO: Move rejected due to water leaving the GCMC sphere
2021-03-25 16:35:39,613 - INFO: 256 move(s) completed (6 accepted (2.3438 %)). Current N = 2. Average N = 1.984
2021-03-25 16:36:00,715 - INFO: 257 move(s) completed (6 accepted (2.3346 %)). Current N = 2. Average N = 1.984
2021-03-25 16:36:21,964 - INFO: 258 move(s) completed (6 accepted (2.3256 %)). Current N = 2. Average N = 1.984
2021-03-25 16:36:43,328 - INFO: 259 move(s) completed (6 accepted (2.3166 %)). Current N = 2. Average N = 1.985
2021-03-25 16:37:01,062 - INFO: Move rejected due to water leaving the GCMC sphere
2021-03-25 16:37:04,748 - INFO: 260 move(s) completed (6 accepted (2.3077 %)). Current N = 2. Average N = 1.985
2021-03-25 16:37:25,458 - INFO: 261 move(s) completed (6 accepted (2.2989 %)). Current N = 2. Average N = 1.985
2021-03-25 16:37:46,825 - INFO: 262 move(s) completed (6 accepted (2.2901 %)). Current N = 2. Average N = 1.985
2021-03-25 16:38:04,815 - INFO: Move rejected due to water leaving the GCMC sphere
2021-03-25 16:38:08,514 - INFO: 263 move(s) completed (6 accepted (2.2814 %)). Current N = 2. Average N = 1.985
2021-03-25 16:38:29,923 - INFO: 264 move(s) completed (6 accepted (2.2727 %)). Current N = 2. Average N = 1.985
2021-03-25 16:38:50,536 - INFO: 265 move(s) completed (6 accepted (2.2642 %)). Current N = 2. Average N = 1.985
2021-03-25 16:39:07,363 - INFO: Move rejected due to water leaving the GCMC sphere
2021-03-25 16:39:11,065 - INFO: 266 move(s) completed (6 accepted (2.2556 %)). Current N = 2. Average N = 1.985
2021-03-25 16:39:31,707 - INFO: 267 move(s) completed (6 accepted (2.2472 %)). Current N = 2. Average N = 1.985
2021-03-25 16:39:52,380 - INFO: 268 move(s) completed (6 accepted (2.2388 %)). Current N = 2. Average N = 1.985
2021-03-25 16:40:13,313 - INFO: 269 move(s) completed (6 accepted (2.2305 %)). Current N = 2. Average N = 1.985
2021-03-25 16:40:30,505 - INFO: Move rejected due to water leaving the GCMC sphere
2021-03-25 16:40:34,157 - INFO: 270 move(s) completed (6 accepted (2.2222 %)). Current N = 2. Average N = 1.985
2021-03-25 16:40:51,544 - INFO: Move rejected due to water leaving the GCMC sphere
2021-03-25 16:40:55,141 - INFO: 271 move(s) completed (6 accepted (2.2140 %)). Current N = 2. Average N = 1.985
2021-03-25 16:41:16,309 - INFO: 272 move(s) completed (6 accepted (2.2059 %)). Current N = 2. Average N = 1.985
2021-03-25 16:41:37,354 - INFO: 273 move(s) completed (6 accepted (2.1978 %)). Current N = 2. Average N = 1.985
2021-03-25 16:41:54,963 - INFO: Move rejected due to water leaving the GCMC sphere
2021-03-25 16:41:58,516 - INFO: 274 move(s) completed (6 accepted (2.1898 %)). Current N = 2. Average N = 1.985
2021-03-25 16:42:19,781 - INFO: 275 move(s) completed (6 accepted (2.1818 %)). Current N = 2. Average N = 1.986
2021-03-25 16:42:37,394 - INFO: Move rejected due to water leaving the GCMC sphere
2021-03-25 16:42:41,081 - INFO: 276 move(s) completed (6 accepted (2.1739 %)). Current N = 2. Average N = 1.986
2021-03-25 16:42:58,657 - INFO: Move rejected due to water leaving the GCMC sphere
2021-03-25 16:43:02,138 - INFO: 277 move(s) completed (6 accepted (2.1661 %)). Current N = 2. Average N = 1.986
2021-03-25 16:43:22,792 - INFO: 278 move(s) completed (6 accepted (2.1583 %)). Current N = 2. Average N = 1.986
2021-03-25 16:43:40,584 - INFO: Move rejected due to water leaving the GCMC sphere
2021-03-25 16:43:44,291 - INFO: 279 move(s) completed (6 accepted (2.1505 %)). Current N = 2. Average N = 1.986
2021-03-25 16:44:05,625 - INFO: 280 move(s) completed (6 accepted (2.1429 %)). Current N = 2. Average N = 1.986
2021-03-25 16:44:26,330 - INFO: 281 move(s) completed (6 accepted (2.1352 %)). Current N = 2. Average N = 1.986
2021-03-25 16:44:47,057 - INFO: 282 move(s) completed (6 accepted (2.1277 %)). Current N = 2. Average N = 1.986
2021-03-25 16:45:07,738 - INFO: 283 move(s) completed (6 accepted (2.1201 %)). Current N = 2. Average N = 1.986
2021-03-25 16:45:28,484 - INFO: 284 move(s) completed (6 accepted (2.1127 %)). Current N = 2. Average N = 1.986
2021-03-25 16:45:45,672 - INFO: Move rejected due to water leaving the GCMC sphere
2021-03-25 16:45:49,494 - INFO: 285 move(s) completed (6 accepted (2.1053 %)). Current N = 2. Average N = 1.986
2021-03-25 16:46:10,456 - INFO: 286 move(s) completed (6 accepted (2.0979 %)). Current N = 2. Average N = 1.986
2021-03-25 16:46:27,874 - INFO: Move rejected due to water leaving the GCMC sphere
2021-03-25 16:46:31,500 - INFO: 287 move(s) completed (6 accepted (2.0906 %)). Current N = 2. Average N = 1.986
2021-03-25 16:46:48,913 - INFO: Move rejected due to water leaving the GCMC sphere
2021-03-25 16:46:52,598 - INFO: 288 move(s) completed (6 accepted (2.0833 %)). Current N = 2. Average N = 1.986
2021-03-25 16:47:09,943 - INFO: Move rejected due to water leaving the GCMC sphere
2021-03-25 16:47:13,711 - INFO: 289 move(s) completed (6 accepted (2.0761 %)). Current N = 2. Average N = 1.986
2021-03-25 16:47:34,650 - INFO: 290 move(s) completed (6 accepted (2.0690 %)). Current N = 2. Average N = 1.986
2021-03-25 16:47:55,839 - INFO: 291 move(s) completed (6 accepted (2.0619 %)). Current N = 2. Average N = 1.986
2021-03-25 16:48:17,063 - INFO: 292 move(s) completed (6 accepted (2.0548 %)). Current N = 2. Average N = 1.986
2021-03-25 16:48:34,663 - INFO: Move rejected due to water leaving the GCMC sphere
2021-03-25 16:48:38,281 - INFO: 293 move(s) completed (6 accepted (2.0478 %)). Current N = 2. Average N = 1.986
2021-03-25 16:48:55,267 - INFO: Move rejected due to water leaving the GCMC sphere
2021-03-25 16:48:58,907 - INFO: 294 move(s) completed (6 accepted (2.0408 %)). Current N = 2. Average N = 1.986
2021-03-25 16:49:20,470 - INFO: 295 move(s) completed (6 accepted (2.0339 %)). Current N = 2. Average N = 1.986
2021-03-25 16:49:40,767 - INFO: 296 move(s) completed (6 accepted (2.0270 %)). Current N = 2. Average N = 1.986
2021-03-25 16:49:57,863 - INFO: Move rejected due to water leaving the GCMC sphere
2021-03-25 16:50:01,399 - INFO: 297 move(s) completed (6 accepted (2.0202 %)). Current N = 2. Average N = 1.986
2021-03-25 16:50:18,166 - INFO: Move rejected due to water leaving the GCMC sphere
2021-03-25 16:50:21,867 - INFO: 298 move(s) completed (6 accepted (2.0134 %)). Current N = 2. Average N = 1.987
2021-03-25 16:50:42,239 - INFO: 299 move(s) completed (6 accepted (2.0067 %)). Current N = 2. Average N = 1.987
2021-03-25 16:51:03,045 - INFO: 300 move(s) completed (6 accepted (2.0000 %)). Current N = 2. Average N = 1.987
2021-03-25 16:51:20,299 - INFO: Move rejected due to water leaving the GCMC sphere
2021-03-25 16:51:24,000 - INFO: 301 move(s) completed (6 accepted (1.9934 %)). Current N = 2. Average N = 1.987
2021-03-25 16:51:44,737 - INFO: 302 move(s) completed (6 accepted (1.9868 %)). Current N = 2. Average N = 1.987
2021-03-25 16:52:05,716 - INFO: 303 move(s) completed (6 accepted (1.9802 %)). Current N = 2. Average N = 1.987
2021-03-25 16:52:26,894 - INFO: 304 move(s) completed (6 accepted (1.9737 %)). Current N = 2. Average N = 1.987
2021-03-25 16:52:48,113 - INFO: 305 move(s) completed (6 accepted (1.9672 %)). Current N = 2. Average N = 1.987
2021-03-25 16:53:09,281 - INFO: 306 move(s) completed (6 accepted (1.9608 %)). Current N = 2. Average N = 1.987
2021-03-25 16:53:26,876 - INFO: Move rejected due to water leaving the GCMC sphere
2021-03-25 16:53:30,567 - INFO: 307 move(s) completed (6 accepted (1.9544 %)). Current N = 2. Average N = 1.987
2021-03-25 16:53:51,945 - INFO: 308 move(s) completed (6 accepted (1.9481 %)). Current N = 2. Average N = 1.987
2021-03-25 16:54:13,249 - INFO: 309 move(s) completed (6 accepted (1.9417 %)). Current N = 2. Average N = 1.987
2021-03-25 16:54:30,997 - INFO: Move rejected due to water leaving the GCMC sphere
2021-03-25 16:54:34,595 - INFO: 310 move(s) completed (6 accepted (1.9355 %)). Current N = 2. Average N = 1.987
2021-03-25 16:54:56,064 - INFO: 311 move(s) completed (6 accepted (1.9293 %)). Current N = 2. Average N = 1.987
2021-03-25 16:55:13,820 - INFO: Move rejected due to water leaving the GCMC sphere
2021-03-25 16:55:17,542 - INFO: 312 move(s) completed (6 accepted (1.9231 %)). Current N = 2. Average N = 1.987
2021-03-25 16:55:34,521 - INFO: Move rejected due to water leaving the GCMC sphere
2021-03-25 16:55:38,127 - INFO: 313 move(s) completed (6 accepted (1.9169 %)). Current N = 2. Average N = 1.987
2021-03-25 16:55:58,961 - INFO: 314 move(s) completed (6 accepted (1.9108 %)). Current N = 2. Average N = 1.987
2021-03-25 16:56:15,833 - INFO: Move rejected due to water leaving the GCMC sphere
2021-03-25 16:56:19,523 - INFO: 315 move(s) completed (6 accepted (1.9048 %)). Current N = 2. Average N = 1.987
2021-03-25 16:56:40,324 - INFO: 316 move(s) completed (6 accepted (1.8987 %)). Current N = 2. Average N = 1.987
2021-03-25 16:57:01,083 - INFO: 317 move(s) completed (6 accepted (1.8927 %)). Current N = 2. Average N = 1.987
2021-03-25 16:57:21,813 - INFO: 318 move(s) completed (6 accepted (1.8868 %)). Current N = 2. Average N = 1.987
2021-03-25 16:57:42,457 - INFO: 319 move(s) completed (6 accepted (1.8809 %)). Current N = 2. Average N = 1.988
2021-03-25 16:57:59,861 - INFO: Move rejected due to water leaving the GCMC sphere
2021-03-25 16:58:03,568 - INFO: 320 move(s) completed (6 accepted (1.8750 %)). Current N = 2. Average N = 1.988
2021-03-25 16:58:24,758 - INFO: 321 move(s) completed (6 accepted (1.8692 %)). Current N = 2. Average N = 1.988
2021-03-25 16:58:45,722 - INFO: 322 move(s) completed (7 accepted (2.1739 %)). Current N = 3. Average N = 1.991
2021-03-25 16:59:06,932 - INFO: 323 move(s) completed (7 accepted (2.1672 %)). Current N = 3. Average N = 1.994
2021-03-25 16:59:28,269 - INFO: 324 move(s) completed (8 accepted (2.4691 %)). Current N = 2. Average N = 1.994
2021-03-25 16:59:45,828 - INFO: Move rejected due to water leaving the GCMC sphere
2021-03-25 16:59:49,487 - INFO: 325 move(s) completed (8 accepted (2.4615 %)). Current N = 2. Average N = 1.994
2021-03-25 17:00:07,289 - INFO: Move rejected due to water leaving the GCMC sphere
2021-03-25 17:00:10,969 - INFO: 326 move(s) completed (8 accepted (2.4540 %)). Current N = 2. Average N = 1.994
2021-03-25 17:00:28,779 - INFO: Move rejected due to water leaving the GCMC sphere
2021-03-25 17:00:32,472 - INFO: 327 move(s) completed (8 accepted (2.4465 %)). Current N = 2. Average N = 1.994
2021-03-25 17:00:53,975 - INFO: 328 move(s) completed (8 accepted (2.4390 %)). Current N = 2. Average N = 1.994
2021-03-25 17:01:14,336 - INFO: 329 move(s) completed (8 accepted (2.4316 %)). Current N = 2. Average N = 1.994
2021-03-25 17:01:31,302 - INFO: Move rejected due to water leaving the GCMC sphere
2021-03-25 17:01:34,990 - INFO: 330 move(s) completed (8 accepted (2.4242 %)). Current N = 2. Average N = 1.994
2021-03-25 17:01:52,082 - INFO: Move rejected due to water leaving the GCMC sphere
2021-03-25 17:01:55,795 - INFO: 331 move(s) completed (8 accepted (2.4169 %)). Current N = 2. Average N = 1.994
2021-03-25 17:02:12,678 - INFO: Move rejected due to water leaving the GCMC sphere
2021-03-25 17:02:16,365 - INFO: 332 move(s) completed (8 accepted (2.4096 %)). Current N = 2. Average N = 1.994
2021-03-25 17:02:37,355 - INFO: 333 move(s) completed (8 accepted (2.4024 %)). Current N = 2. Average N = 1.994
2021-03-25 17:02:58,181 - INFO: 334 move(s) completed (8 accepted (2.3952 %)). Current N = 2. Average N = 1.994
2021-03-25 17:03:19,051 - INFO: 335 move(s) completed (8 accepted (2.3881 %)). Current N = 2. Average N = 1.994
2021-03-25 17:03:40,261 - INFO: 336 move(s) completed (8 accepted (2.3810 %)). Current N = 2. Average N = 1.994
2021-03-25 17:04:01,422 - INFO: 337 move(s) completed (8 accepted (2.3739 %)). Current N = 2. Average N = 1.994
2021-03-25 17:04:19,260 - INFO: Move rejected due to water leaving the GCMC sphere
2021-03-25 17:04:22,756 - INFO: 338 move(s) completed (8 accepted (2.3669 %)). Current N = 2. Average N = 1.994
2021-03-25 17:04:44,019 - INFO: 339 move(s) completed (8 accepted (2.3599 %)). Current N = 2. Average N = 1.994
2021-03-25 17:05:05,317 - INFO: 340 move(s) completed (8 accepted (2.3529 %)). Current N = 2. Average N = 1.994
2021-03-25 17:05:26,475 - INFO: 341 move(s) completed (8 accepted (2.3460 %)). Current N = 2. Average N = 1.994
2021-03-25 17:05:44,161 - INFO: Move rejected due to water leaving the GCMC sphere
2021-03-25 17:05:47,758 - INFO: 342 move(s) completed (8 accepted (2.3392 %)). Current N = 2. Average N = 1.994
2021-03-25 17:06:09,270 - INFO: 343 move(s) completed (8 accepted (2.3324 %)). Current N = 2. Average N = 1.994
2021-03-25 17:06:26,939 - INFO: Move rejected due to water leaving the GCMC sphere
2021-03-25 17:06:30,641 - INFO: 344 move(s) completed (8 accepted (2.3256 %)). Current N = 2. Average N = 1.994
2021-03-25 17:06:48,611 - INFO: Move rejected due to water leaving the GCMC sphere
2021-03-25 17:06:52,273 - INFO: 345 move(s) completed (8 accepted (2.3188 %)). Current N = 2. Average N = 1.994
2021-03-25 17:07:12,567 - INFO: 346 move(s) completed (8 accepted (2.3121 %)). Current N = 2. Average N = 1.994
