2021-03-24 21:44:18,694 - INFO: kT = 0.5921875708469466 kcal/mol
2021-03-24 21:44:24,125 - INFO: BaseGrandCanonicalMonteCarloSampler object initialised
2021-03-24 21:44:24,125 - INFO: GCMC sphere is based on reference atom IDs: [887, 1837]
2021-03-24 21:44:24,125 - INFO: GCMC sphere radius is 6 A
2021-03-24 21:44:24,126 - INFO: Simulating at an Adams (B) value of -6.888845176169922
2021-03-24 21:44:24,126 - INFO: GCMCSphereSampler object initialised
2021-03-24 21:44:24,126 - INFO: Each NCMC move will be executed over a total of 9.0 ps
2021-03-24 21:44:24,127 - INFO: NonequilibriumGCMCSphereSampler object initialised
2021-03-24 21:44:37,479 - INFO: 1 move(s) completed (0 accepted (0.0000 %)). Current N = 0. Average N = 0.000
2021-03-24 21:44:43,429 - INFO: 2 move(s) completed (0 accepted (0.0000 %)). Current N = 0. Average N = 0.000
2021-03-24 21:45:03,370 - INFO: Move rejected due to water leaving the GCMC sphere
2021-03-24 21:45:07,068 - INFO: 3 move(s) completed (0 accepted (0.0000 %)). Current N = 0. Average N = 0.000
2021-03-24 21:45:30,742 - INFO: 4 move(s) completed (0 accepted (0.0000 %)). Current N = 0. Average N = 0.000
2021-03-24 21:45:50,704 - INFO: Move rejected due to water leaving the GCMC sphere
2021-03-24 21:45:54,403 - INFO: 5 move(s) completed (0 accepted (0.0000 %)). Current N = 0. Average N = 0.000
2021-03-24 21:46:13,543 - INFO: Move rejected due to water leaving the GCMC sphere
2021-03-24 21:46:17,255 - INFO: 6 move(s) completed (0 accepted (0.0000 %)). Current N = 0. Average N = 0.000
2021-03-24 21:46:36,471 - INFO: Move rejected due to water leaving the GCMC sphere
2021-03-24 21:46:40,010 - INFO: 7 move(s) completed (0 accepted (0.0000 %)). Current N = 0. Average N = 0.000
2021-03-24 21:46:59,417 - INFO: Move rejected due to water leaving the GCMC sphere
2021-03-24 21:47:03,026 - INFO: 8 move(s) completed (0 accepted (0.0000 %)). Current N = 0. Average N = 0.000
2021-03-24 21:47:08,965 - INFO: 9 move(s) completed (0 accepted (0.0000 %)). Current N = 0. Average N = 0.000
2021-03-24 21:47:31,876 - INFO: 10 move(s) completed (1 accepted (10.0000 %)). Current N = 1. Average N = 0.100
2021-03-24 21:47:51,273 - INFO: Move rejected due to water leaving the GCMC sphere
2021-03-24 21:47:54,767 - INFO: 11 move(s) completed (1 accepted (9.0909 %)). Current N = 1. Average N = 0.182
2021-03-24 21:48:14,320 - INFO: Move rejected due to water leaving the GCMC sphere
2021-03-24 21:48:18,032 - INFO: 12 move(s) completed (1 accepted (8.3333 %)). Current N = 1. Average N = 0.250
2021-03-24 21:48:37,883 - INFO: Move rejected due to water leaving the GCMC sphere
2021-03-24 21:48:41,574 - INFO: 13 move(s) completed (1 accepted (7.6923 %)). Current N = 1. Average N = 0.308
2021-03-24 21:49:01,371 - INFO: Move rejected due to water leaving the GCMC sphere
2021-03-24 21:49:04,965 - INFO: 14 move(s) completed (1 accepted (7.1429 %)). Current N = 1. Average N = 0.357
2021-03-24 21:49:24,210 - INFO: Move rejected due to water leaving the GCMC sphere
2021-03-24 21:49:27,746 - INFO: 15 move(s) completed (1 accepted (6.6667 %)). Current N = 1. Average N = 0.400
2021-03-24 21:49:47,707 - INFO: Move rejected due to water leaving the GCMC sphere
2021-03-24 21:49:51,428 - INFO: 16 move(s) completed (1 accepted (6.2500 %)). Current N = 1. Average N = 0.438
2021-03-24 21:50:11,372 - INFO: Move rejected due to water leaving the GCMC sphere
2021-03-24 21:50:14,978 - INFO: 17 move(s) completed (1 accepted (5.8824 %)). Current N = 1. Average N = 0.471
2021-03-24 21:50:38,406 - INFO: 18 move(s) completed (1 accepted (5.5556 %)). Current N = 1. Average N = 0.500
2021-03-24 21:51:02,114 - INFO: 19 move(s) completed (1 accepted (5.2632 %)). Current N = 1. Average N = 0.526
2021-03-24 21:51:21,305 - INFO: Move rejected due to water leaving the GCMC sphere
2021-03-24 21:51:24,886 - INFO: 20 move(s) completed (1 accepted (5.0000 %)). Current N = 1. Average N = 0.550
2021-03-24 21:51:44,119 - INFO: Move rejected due to water leaving the GCMC sphere
2021-03-24 21:51:47,668 - INFO: 21 move(s) completed (1 accepted (4.7619 %)). Current N = 1. Average N = 0.571
2021-03-24 21:52:10,751 - INFO: 22 move(s) completed (1 accepted (4.5455 %)). Current N = 1. Average N = 0.591
2021-03-24 21:52:30,074 - INFO: Move rejected due to water leaving the GCMC sphere
2021-03-24 21:52:33,782 - INFO: 23 move(s) completed (1 accepted (4.3478 %)). Current N = 1. Average N = 0.609
2021-03-24 21:52:53,246 - INFO: Move rejected due to water leaving the GCMC sphere
2021-03-24 21:52:56,956 - INFO: 24 move(s) completed (1 accepted (4.1667 %)). Current N = 1. Average N = 0.625
2021-03-24 21:53:16,200 - INFO: Move rejected due to water leaving the GCMC sphere
2021-03-24 21:53:19,940 - INFO: 25 move(s) completed (1 accepted (4.0000 %)). Current N = 1. Average N = 0.640
2021-03-24 21:53:39,215 - INFO: Move rejected due to water leaving the GCMC sphere
2021-03-24 21:53:42,964 - INFO: 26 move(s) completed (1 accepted (3.8462 %)). Current N = 1. Average N = 0.654
2021-03-24 21:54:02,779 - INFO: Move rejected due to water leaving the GCMC sphere
2021-03-24 21:54:06,483 - INFO: 27 move(s) completed (1 accepted (3.7037 %)). Current N = 1. Average N = 0.667
2021-03-24 21:54:26,418 - INFO: Move rejected due to water leaving the GCMC sphere
2021-03-24 21:54:30,200 - INFO: 28 move(s) completed (1 accepted (3.5714 %)). Current N = 1. Average N = 0.679
2021-03-24 21:54:50,247 - INFO: Move rejected due to water leaving the GCMC sphere
2021-03-24 21:54:53,924 - INFO: 29 move(s) completed (1 accepted (3.4483 %)). Current N = 1. Average N = 0.690
2021-03-24 21:55:17,716 - INFO: 30 move(s) completed (1 accepted (3.3333 %)). Current N = 1. Average N = 0.700
2021-03-24 21:55:41,267 - INFO: 31 move(s) completed (1 accepted (3.2258 %)). Current N = 1. Average N = 0.710
2021-03-24 21:56:01,386 - INFO: Move rejected due to water leaving the GCMC sphere
2021-03-24 21:56:05,038 - INFO: 32 move(s) completed (1 accepted (3.1250 %)). Current N = 1. Average N = 0.719
2021-03-24 21:56:27,770 - INFO: 33 move(s) completed (1 accepted (3.0303 %)). Current N = 1. Average N = 0.727
2021-03-24 21:56:46,970 - INFO: Move rejected due to water leaving the GCMC sphere
2021-03-24 21:56:50,560 - INFO: 34 move(s) completed (1 accepted (2.9412 %)). Current N = 1. Average N = 0.735
2021-03-24 21:57:13,601 - INFO: 35 move(s) completed (1 accepted (2.8571 %)). Current N = 1. Average N = 0.743
2021-03-24 21:57:33,135 - INFO: Move rejected due to water leaving the GCMC sphere
2021-03-24 21:57:36,849 - INFO: 36 move(s) completed (1 accepted (2.7778 %)). Current N = 1. Average N = 0.750
2021-03-24 21:58:00,133 - INFO: 37 move(s) completed (1 accepted (2.7027 %)). Current N = 1. Average N = 0.757
2021-03-24 21:58:23,146 - INFO: 38 move(s) completed (1 accepted (2.6316 %)). Current N = 1. Average N = 0.763
2021-03-24 21:58:42,359 - INFO: Move rejected due to water leaving the GCMC sphere
2021-03-24 21:58:46,049 - INFO: 39 move(s) completed (1 accepted (2.5641 %)). Current N = 1. Average N = 0.769
2021-03-24 21:59:05,953 - INFO: Move rejected due to water leaving the GCMC sphere
2021-03-24 21:59:09,699 - INFO: 40 move(s) completed (1 accepted (2.5000 %)). Current N = 1. Average N = 0.775
2021-03-24 21:59:29,528 - INFO: Move rejected due to water leaving the GCMC sphere
2021-03-24 21:59:33,228 - INFO: 41 move(s) completed (1 accepted (2.4390 %)). Current N = 1. Average N = 0.780
2021-03-24 21:59:56,742 - INFO: 42 move(s) completed (1 accepted (2.3810 %)). Current N = 1. Average N = 0.786
2021-03-24 22:00:15,966 - INFO: Move rejected due to water leaving the GCMC sphere
2021-03-24 22:00:19,553 - INFO: 43 move(s) completed (1 accepted (2.3256 %)). Current N = 1. Average N = 0.791
2021-03-24 22:00:39,611 - INFO: Move rejected due to water leaving the GCMC sphere
2021-03-24 22:00:43,194 - INFO: 44 move(s) completed (1 accepted (2.2727 %)). Current N = 1. Average N = 0.795
2021-03-24 22:01:06,911 - INFO: 45 move(s) completed (1 accepted (2.2222 %)). Current N = 1. Average N = 0.800
2021-03-24 22:01:29,776 - INFO: 46 move(s) completed (1 accepted (2.1739 %)). Current N = 1. Average N = 0.804
2021-03-24 22:01:48,993 - INFO: Move rejected due to water leaving the GCMC sphere
2021-03-24 22:01:52,475 - INFO: 47 move(s) completed (1 accepted (2.1277 %)). Current N = 1. Average N = 0.808
2021-03-24 22:02:11,759 - INFO: Move rejected due to water leaving the GCMC sphere
2021-03-24 22:02:15,427 - INFO: 48 move(s) completed (1 accepted (2.0833 %)). Current N = 1. Average N = 0.812
2021-03-24 22:02:38,393 - INFO: 49 move(s) completed (1 accepted (2.0408 %)). Current N = 1. Average N = 0.816
2021-03-24 22:03:01,428 - INFO: 50 move(s) completed (1 accepted (2.0000 %)). Current N = 1. Average N = 0.820
2021-03-24 22:03:20,644 - INFO: Move rejected due to water leaving the GCMC sphere
2021-03-24 22:03:24,354 - INFO: 51 move(s) completed (1 accepted (1.9608 %)). Current N = 1. Average N = 0.824
2021-03-24 22:03:44,207 - INFO: Move rejected due to water leaving the GCMC sphere
2021-03-24 22:03:47,925 - INFO: 52 move(s) completed (1 accepted (1.9231 %)). Current N = 1. Average N = 0.827
2021-03-24 22:04:07,727 - INFO: Move rejected due to water leaving the GCMC sphere
2021-03-24 22:04:11,419 - INFO: 53 move(s) completed (1 accepted (1.8868 %)). Current N = 1. Average N = 0.830
2021-03-24 22:04:35,095 - INFO: 54 move(s) completed (1 accepted (1.8519 %)). Current N = 1. Average N = 0.833
2021-03-24 22:04:55,075 - INFO: Move rejected due to water leaving the GCMC sphere
2021-03-24 22:04:58,765 - INFO: 55 move(s) completed (1 accepted (1.8182 %)). Current N = 1. Average N = 0.836
2021-03-24 22:05:18,704 - INFO: Move rejected due to water leaving the GCMC sphere
2021-03-24 22:05:22,505 - INFO: 56 move(s) completed (1 accepted (1.7857 %)). Current N = 1. Average N = 0.839
2021-03-24 22:05:46,199 - INFO: 57 move(s) completed (1 accepted (1.7544 %)). Current N = 1. Average N = 0.842
2021-03-24 22:06:09,086 - INFO: 58 move(s) completed (1 accepted (1.7241 %)). Current N = 1. Average N = 0.845
2021-03-24 22:06:31,936 - INFO: 59 move(s) completed (1 accepted (1.6949 %)). Current N = 1. Average N = 0.848
2021-03-24 22:06:55,256 - INFO: 60 move(s) completed (1 accepted (1.6667 %)). Current N = 1. Average N = 0.850
2021-03-24 22:07:14,718 - INFO: Move rejected due to water leaving the GCMC sphere
2021-03-24 22:07:18,348 - INFO: 61 move(s) completed (1 accepted (1.6393 %)). Current N = 1. Average N = 0.853
2021-03-24 22:07:37,865 - INFO: Move rejected due to water leaving the GCMC sphere
2021-03-24 22:07:41,499 - INFO: 62 move(s) completed (1 accepted (1.6129 %)). Current N = 1. Average N = 0.855
2021-03-24 22:08:04,635 - INFO: 63 move(s) completed (1 accepted (1.5873 %)). Current N = 1. Average N = 0.857
2021-03-24 22:08:24,427 - INFO: Move rejected due to water leaving the GCMC sphere
2021-03-24 22:08:28,019 - INFO: 64 move(s) completed (1 accepted (1.5625 %)). Current N = 1. Average N = 0.859
2021-03-24 22:08:51,412 - INFO: 65 move(s) completed (1 accepted (1.5385 %)). Current N = 1. Average N = 0.862
2021-03-24 22:09:11,398 - INFO: Move rejected due to water leaving the GCMC sphere
2021-03-24 22:09:15,082 - INFO: 66 move(s) completed (1 accepted (1.5152 %)). Current N = 1. Average N = 0.864
2021-03-24 22:09:38,804 - INFO: 67 move(s) completed (1 accepted (1.4925 %)). Current N = 1. Average N = 0.866
2021-03-24 22:09:58,750 - INFO: Move rejected due to water leaving the GCMC sphere
2021-03-24 22:10:02,455 - INFO: 68 move(s) completed (1 accepted (1.4706 %)). Current N = 1. Average N = 0.868
2021-03-24 22:10:22,583 - INFO: Move rejected due to water leaving the GCMC sphere
2021-03-24 22:10:26,272 - INFO: 69 move(s) completed (1 accepted (1.4493 %)). Current N = 1. Average N = 0.870
2021-03-24 22:10:50,037 - INFO: 70 move(s) completed (1 accepted (1.4286 %)). Current N = 1. Average N = 0.871
2021-03-24 22:11:12,835 - INFO: 71 move(s) completed (1 accepted (1.4085 %)). Current N = 1. Average N = 0.873
2021-03-24 22:11:35,757 - INFO: 72 move(s) completed (1 accepted (1.3889 %)). Current N = 1. Average N = 0.875
2021-03-24 22:11:58,781 - INFO: 73 move(s) completed (1 accepted (1.3699 %)). Current N = 1. Average N = 0.877
2021-03-24 22:12:18,226 - INFO: Move rejected due to water leaving the GCMC sphere
2021-03-24 22:12:21,858 - INFO: 74 move(s) completed (1 accepted (1.3514 %)). Current N = 1. Average N = 0.878
2021-03-24 22:12:41,267 - INFO: Move rejected due to water leaving the GCMC sphere
2021-03-24 22:12:44,915 - INFO: 75 move(s) completed (1 accepted (1.3333 %)). Current N = 1. Average N = 0.880
2021-03-24 22:13:04,106 - INFO: Move rejected due to water leaving the GCMC sphere
2021-03-24 22:13:07,750 - INFO: 76 move(s) completed (1 accepted (1.3158 %)). Current N = 1. Average N = 0.882
2021-03-24 22:13:31,244 - INFO: 77 move(s) completed (1 accepted (1.2987 %)). Current N = 1. Average N = 0.883
2021-03-24 22:13:54,595 - INFO: 78 move(s) completed (1 accepted (1.2821 %)). Current N = 1. Average N = 0.885
2021-03-24 22:14:13,763 - INFO: Move rejected due to water leaving the GCMC sphere
2021-03-24 22:14:17,460 - INFO: 79 move(s) completed (1 accepted (1.2658 %)). Current N = 1. Average N = 0.886
2021-03-24 22:14:40,483 - INFO: 80 move(s) completed (1 accepted (1.2500 %)). Current N = 1. Average N = 0.887
2021-03-24 22:15:00,481 - INFO: Move rejected due to water leaving the GCMC sphere
2021-03-24 22:15:04,186 - INFO: 81 move(s) completed (1 accepted (1.2346 %)). Current N = 1. Average N = 0.889
2021-03-24 22:15:27,880 - INFO: 82 move(s) completed (1 accepted (1.2195 %)). Current N = 1. Average N = 0.890
2021-03-24 22:15:47,941 - INFO: Move rejected due to water leaving the GCMC sphere
2021-03-24 22:15:51,628 - INFO: 83 move(s) completed (1 accepted (1.2048 %)). Current N = 1. Average N = 0.892
2021-03-24 22:16:10,914 - INFO: Move rejected due to water leaving the GCMC sphere
2021-03-24 22:16:14,602 - INFO: 84 move(s) completed (1 accepted (1.1905 %)). Current N = 1. Average N = 0.893
2021-03-24 22:16:37,555 - INFO: 85 move(s) completed (1 accepted (1.1765 %)). Current N = 1. Average N = 0.894
2021-03-24 22:16:56,934 - INFO: Move rejected due to water leaving the GCMC sphere
2021-03-24 22:17:00,421 - INFO: 86 move(s) completed (1 accepted (1.1628 %)). Current N = 1. Average N = 0.895
2021-03-24 22:17:19,721 - INFO: Move rejected due to water leaving the GCMC sphere
2021-03-24 22:17:23,384 - INFO: 87 move(s) completed (1 accepted (1.1494 %)). Current N = 1. Average N = 0.897
2021-03-24 22:17:42,992 - INFO: Move rejected due to water leaving the GCMC sphere
2021-03-24 22:17:46,595 - INFO: 88 move(s) completed (1 accepted (1.1364 %)). Current N = 1. Average N = 0.898
2021-03-24 22:18:09,939 - INFO: 89 move(s) completed (1 accepted (1.1236 %)). Current N = 1. Average N = 0.899
2021-03-24 22:18:29,649 - INFO: Move rejected due to water leaving the GCMC sphere
2021-03-24 22:18:33,257 - INFO: 90 move(s) completed (1 accepted (1.1111 %)). Current N = 1. Average N = 0.900
2021-03-24 22:18:53,061 - INFO: Move rejected due to water leaving the GCMC sphere
2021-03-24 22:18:56,547 - INFO: 91 move(s) completed (1 accepted (1.0989 %)). Current N = 1. Average N = 0.901
2021-03-24 22:19:20,155 - INFO: 92 move(s) completed (1 accepted (1.0870 %)). Current N = 1. Average N = 0.902
2021-03-24 22:19:43,821 - INFO: 93 move(s) completed (1 accepted (1.0753 %)). Current N = 1. Average N = 0.903
2021-03-24 22:20:07,581 - INFO: 94 move(s) completed (1 accepted (1.0638 %)). Current N = 1. Average N = 0.904
2021-03-24 22:20:27,616 - INFO: Move rejected due to water leaving the GCMC sphere
2021-03-24 22:20:31,319 - INFO: 95 move(s) completed (1 accepted (1.0526 %)). Current N = 1. Average N = 0.905
2021-03-24 22:20:51,600 - INFO: Move rejected due to water leaving the GCMC sphere
2021-03-24 22:20:55,292 - INFO: 96 move(s) completed (1 accepted (1.0417 %)). Current N = 1. Average N = 0.906
2021-03-24 22:21:18,385 - INFO: 97 move(s) completed (1 accepted (1.0309 %)). Current N = 1. Average N = 0.907
2021-03-24 22:21:41,424 - INFO: 98 move(s) completed (1 accepted (1.0204 %)). Current N = 1. Average N = 0.908
2021-03-24 22:22:04,500 - INFO: 99 move(s) completed (1 accepted (1.0101 %)). Current N = 1. Average N = 0.909
2021-03-24 22:22:27,397 - INFO: 100 move(s) completed (1 accepted (1.0000 %)). Current N = 1. Average N = 0.910
2021-03-24 22:22:46,965 - INFO: Move rejected due to water leaving the GCMC sphere
2021-03-24 22:22:50,567 - INFO: 101 move(s) completed (1 accepted (0.9901 %)). Current N = 1. Average N = 0.911
2021-03-24 22:23:13,574 - INFO: 102 move(s) completed (1 accepted (0.9804 %)). Current N = 1. Average N = 0.912
2021-03-24 22:23:36,747 - INFO: 103 move(s) completed (1 accepted (0.9709 %)). Current N = 1. Average N = 0.913
2021-03-24 22:23:56,585 - INFO: Move rejected due to water leaving the GCMC sphere
2021-03-24 22:24:00,260 - INFO: 104 move(s) completed (1 accepted (0.9615 %)). Current N = 1. Average N = 0.913
2021-03-24 22:24:23,238 - INFO: 105 move(s) completed (1 accepted (0.9524 %)). Current N = 1. Average N = 0.914
2021-03-24 22:24:42,585 - INFO: Move rejected due to water leaving the GCMC sphere
2021-03-24 22:24:46,257 - INFO: 106 move(s) completed (1 accepted (0.9434 %)). Current N = 1. Average N = 0.915
2021-03-24 22:25:09,903 - INFO: 107 move(s) completed (1 accepted (0.9346 %)). Current N = 1. Average N = 0.916
2021-03-24 22:25:33,669 - INFO: 108 move(s) completed (1 accepted (0.9259 %)). Current N = 1. Average N = 0.917
2021-03-24 22:25:53,548 - INFO: Move rejected due to water leaving the GCMC sphere
2021-03-24 22:25:57,297 - INFO: 109 move(s) completed (1 accepted (0.9174 %)). Current N = 1. Average N = 0.917
2021-03-24 22:26:20,359 - INFO: 110 move(s) completed (1 accepted (0.9091 %)). Current N = 1. Average N = 0.918
2021-03-24 22:26:39,711 - INFO: Move rejected due to water leaving the GCMC sphere
2021-03-24 22:26:43,422 - INFO: 111 move(s) completed (1 accepted (0.9009 %)). Current N = 1. Average N = 0.919
2021-03-24 22:27:02,890 - INFO: Move rejected due to water leaving the GCMC sphere
2021-03-24 22:27:06,635 - INFO: 112 move(s) completed (1 accepted (0.8929 %)). Current N = 1. Average N = 0.920
2021-03-24 22:27:29,611 - INFO: 113 move(s) completed (1 accepted (0.8850 %)). Current N = 1. Average N = 0.920
2021-03-24 22:27:48,852 - INFO: Move rejected due to water leaving the GCMC sphere
2021-03-24 22:27:52,513 - INFO: 114 move(s) completed (1 accepted (0.8772 %)). Current N = 1. Average N = 0.921
2021-03-24 22:28:11,603 - INFO: Move rejected due to water leaving the GCMC sphere
2021-03-24 22:28:15,043 - INFO: 115 move(s) completed (1 accepted (0.8696 %)). Current N = 1. Average N = 0.922
2021-03-24 22:28:38,479 - INFO: 116 move(s) completed (1 accepted (0.8621 %)). Current N = 1. Average N = 0.922
2021-03-24 22:28:58,210 - INFO: Move rejected due to water leaving the GCMC sphere
2021-03-24 22:29:01,790 - INFO: 117 move(s) completed (1 accepted (0.8547 %)). Current N = 1. Average N = 0.923
2021-03-24 22:29:21,707 - INFO: Move rejected due to water leaving the GCMC sphere
2021-03-24 22:29:25,312 - INFO: 118 move(s) completed (1 accepted (0.8475 %)). Current N = 1. Average N = 0.924
2021-03-24 22:29:48,060 - INFO: 119 move(s) completed (1 accepted (0.8403 %)). Current N = 1. Average N = 0.924
2021-03-24 22:30:10,899 - INFO: 120 move(s) completed (1 accepted (0.8333 %)). Current N = 1. Average N = 0.925
2021-03-24 22:30:33,671 - INFO: 121 move(s) completed (1 accepted (0.8264 %)). Current N = 1. Average N = 0.926
2021-03-24 22:30:52,899 - INFO: Move rejected due to water leaving the GCMC sphere
2021-03-24 22:30:56,603 - INFO: 122 move(s) completed (1 accepted (0.8197 %)). Current N = 1. Average N = 0.926
2021-03-24 22:31:19,558 - INFO: 123 move(s) completed (1 accepted (0.8130 %)). Current N = 1. Average N = 0.927
2021-03-24 22:31:42,635 - INFO: 124 move(s) completed (1 accepted (0.8065 %)). Current N = 1. Average N = 0.927
2021-03-24 22:32:01,810 - INFO: Move rejected due to water leaving the GCMC sphere
2021-03-24 22:32:05,500 - INFO: 125 move(s) completed (1 accepted (0.8000 %)). Current N = 1. Average N = 0.928
2021-03-24 22:32:25,159 - INFO: Move rejected due to water leaving the GCMC sphere
2021-03-24 22:32:28,708 - INFO: 126 move(s) completed (1 accepted (0.7937 %)). Current N = 1. Average N = 0.929
2021-03-24 22:32:51,829 - INFO: 127 move(s) completed (1 accepted (0.7874 %)). Current N = 1. Average N = 0.929
2021-03-24 22:33:15,056 - INFO: 128 move(s) completed (1 accepted (0.7812 %)). Current N = 1. Average N = 0.930
2021-03-24 22:33:34,800 - INFO: Move rejected due to water leaving the GCMC sphere
2021-03-24 22:33:38,383 - INFO: 129 move(s) completed (1 accepted (0.7752 %)). Current N = 1. Average N = 0.930
2021-03-24 22:34:01,358 - INFO: 130 move(s) completed (1 accepted (0.7692 %)). Current N = 1. Average N = 0.931
2021-03-24 22:34:23,901 - INFO: 131 move(s) completed (1 accepted (0.7634 %)). Current N = 1. Average N = 0.931
2021-03-24 22:34:43,279 - INFO: Move rejected due to water leaving the GCMC sphere
2021-03-24 22:34:46,878 - INFO: 132 move(s) completed (1 accepted (0.7576 %)). Current N = 1. Average N = 0.932
2021-03-24 22:35:09,735 - INFO: 133 move(s) completed (1 accepted (0.7519 %)). Current N = 1. Average N = 0.932
2021-03-24 22:35:32,521 - INFO: 134 move(s) completed (1 accepted (0.7463 %)). Current N = 1. Average N = 0.933
2021-03-24 22:35:55,480 - INFO: 135 move(s) completed (1 accepted (0.7407 %)). Current N = 1. Average N = 0.933
2021-03-24 22:36:18,464 - INFO: 136 move(s) completed (1 accepted (0.7353 %)). Current N = 1. Average N = 0.934
2021-03-24 22:36:41,682 - INFO: 137 move(s) completed (1 accepted (0.7299 %)). Current N = 1. Average N = 0.934
2021-03-24 22:37:01,354 - INFO: Move rejected due to water leaving the GCMC sphere
2021-03-24 22:37:04,941 - INFO: 138 move(s) completed (1 accepted (0.7246 %)). Current N = 1. Average N = 0.935
2021-03-24 22:37:24,458 - INFO: Move rejected due to water leaving the GCMC sphere
2021-03-24 22:37:27,997 - INFO: 139 move(s) completed (1 accepted (0.7194 %)). Current N = 1. Average N = 0.935
2021-03-24 22:37:50,844 - INFO: 140 move(s) completed (1 accepted (0.7143 %)). Current N = 1. Average N = 0.936
2021-03-24 22:38:13,691 - INFO: 141 move(s) completed (1 accepted (0.7092 %)). Current N = 1. Average N = 0.936
2021-03-24 22:38:36,460 - INFO: 142 move(s) completed (1 accepted (0.7042 %)). Current N = 1. Average N = 0.937
2021-03-24 22:38:59,383 - INFO: 143 move(s) completed (1 accepted (0.6993 %)). Current N = 1. Average N = 0.937
2021-03-24 22:39:22,374 - INFO: 144 move(s) completed (1 accepted (0.6944 %)). Current N = 1. Average N = 0.938
2021-03-24 22:39:42,315 - INFO: Move rejected due to water leaving the GCMC sphere
2021-03-24 22:39:46,021 - INFO: 145 move(s) completed (1 accepted (0.6897 %)). Current N = 1. Average N = 0.938
2021-03-24 22:40:06,157 - INFO: Move rejected due to water leaving the GCMC sphere
2021-03-24 22:40:09,935 - INFO: 146 move(s) completed (1 accepted (0.6849 %)). Current N = 1. Average N = 0.938
2021-03-24 22:40:29,183 - INFO: Move rejected due to water leaving the GCMC sphere
2021-03-24 22:40:32,877 - INFO: 147 move(s) completed (1 accepted (0.6803 %)). Current N = 1. Average N = 0.939
2021-03-24 22:40:55,899 - INFO: 148 move(s) completed (1 accepted (0.6757 %)). Current N = 1. Average N = 0.939
2021-03-24 22:41:18,765 - INFO: 149 move(s) completed (1 accepted (0.6711 %)). Current N = 1. Average N = 0.940
2021-03-24 22:41:38,390 - INFO: Move rejected due to water leaving the GCMC sphere
2021-03-24 22:41:42,071 - INFO: 150 move(s) completed (1 accepted (0.6667 %)). Current N = 1. Average N = 0.940
2021-03-24 22:42:01,391 - INFO: Move rejected due to water leaving the GCMC sphere
2021-03-24 22:42:05,060 - INFO: 151 move(s) completed (1 accepted (0.6623 %)). Current N = 1. Average N = 0.940
2021-03-24 22:42:24,614 - INFO: Move rejected due to water leaving the GCMC sphere
2021-03-24 22:42:28,205 - INFO: 152 move(s) completed (1 accepted (0.6579 %)). Current N = 1. Average N = 0.941
2021-03-24 22:42:51,006 - INFO: 153 move(s) completed (1 accepted (0.6536 %)). Current N = 1. Average N = 0.941
2021-03-24 22:43:10,920 - INFO: Move rejected due to water leaving the GCMC sphere
2021-03-24 22:43:14,548 - INFO: 154 move(s) completed (1 accepted (0.6494 %)). Current N = 1. Average N = 0.942
2021-03-24 22:43:34,192 - INFO: Move rejected due to water leaving the GCMC sphere
2021-03-24 22:43:37,860 - INFO: 155 move(s) completed (1 accepted (0.6452 %)). Current N = 1. Average N = 0.942
2021-03-24 22:43:57,751 - INFO: Move rejected due to water leaving the GCMC sphere
2021-03-24 22:44:01,398 - INFO: 156 move(s) completed (1 accepted (0.6410 %)). Current N = 1. Average N = 0.942
2021-03-24 22:44:21,419 - INFO: Move rejected due to water leaving the GCMC sphere
2021-03-24 22:44:24,932 - INFO: 157 move(s) completed (1 accepted (0.6369 %)). Current N = 1. Average N = 0.943
2021-03-24 22:44:48,780 - INFO: 158 move(s) completed (1 accepted (0.6329 %)). Current N = 1. Average N = 0.943
2021-03-24 22:45:11,766 - INFO: 159 move(s) completed (1 accepted (0.6289 %)). Current N = 1. Average N = 0.943
2021-03-24 22:45:34,708 - INFO: 160 move(s) completed (1 accepted (0.6250 %)). Current N = 1. Average N = 0.944
2021-03-24 22:45:57,801 - INFO: 161 move(s) completed (1 accepted (0.6211 %)). Current N = 1. Average N = 0.944
2021-03-24 22:46:17,329 - INFO: Move rejected due to water leaving the GCMC sphere
2021-03-24 22:46:21,031 - INFO: 162 move(s) completed (1 accepted (0.6173 %)). Current N = 1. Average N = 0.944
2021-03-24 22:46:40,228 - INFO: Move rejected due to water leaving the GCMC sphere
2021-03-24 22:46:43,980 - INFO: 163 move(s) completed (1 accepted (0.6135 %)). Current N = 1. Average N = 0.945
2021-03-24 22:47:03,593 - INFO: Move rejected due to water leaving the GCMC sphere
2021-03-24 22:47:07,226 - INFO: 164 move(s) completed (1 accepted (0.6098 %)). Current N = 1. Average N = 0.945
2021-03-24 22:47:30,313 - INFO: 165 move(s) completed (1 accepted (0.6061 %)). Current N = 1. Average N = 0.946
2021-03-24 22:47:53,741 - INFO: 166 move(s) completed (1 accepted (0.6024 %)). Current N = 1. Average N = 0.946
2021-03-24 22:48:17,364 - INFO: 167 move(s) completed (1 accepted (0.5988 %)). Current N = 1. Average N = 0.946
2021-03-24 22:48:40,888 - INFO: 168 move(s) completed (1 accepted (0.5952 %)). Current N = 1. Average N = 0.946
2021-03-24 22:49:00,768 - INFO: Move rejected due to water leaving the GCMC sphere
2021-03-24 22:49:04,287 - INFO: 169 move(s) completed (1 accepted (0.5917 %)). Current N = 1. Average N = 0.947
2021-03-24 22:49:24,214 - INFO: Move rejected due to water leaving the GCMC sphere
2021-03-24 22:49:27,897 - INFO: 170 move(s) completed (1 accepted (0.5882 %)). Current N = 1. Average N = 0.947
2021-03-24 22:49:51,517 - INFO: 171 move(s) completed (1 accepted (0.5848 %)). Current N = 1. Average N = 0.947
2021-03-24 22:50:15,223 - INFO: 172 move(s) completed (1 accepted (0.5814 %)). Current N = 1. Average N = 0.948
2021-03-24 22:50:38,209 - INFO: 173 move(s) completed (1 accepted (0.5780 %)). Current N = 1. Average N = 0.948
2021-03-24 22:50:57,343 - INFO: Move rejected due to water leaving the GCMC sphere
2021-03-24 22:51:01,046 - INFO: 174 move(s) completed (1 accepted (0.5747 %)). Current N = 1. Average N = 0.948
2021-03-24 22:51:24,068 - INFO: 175 move(s) completed (1 accepted (0.5714 %)). Current N = 1. Average N = 0.949
2021-03-24 22:51:43,701 - INFO: Move rejected due to water leaving the GCMC sphere
2021-03-24 22:51:47,451 - INFO: 176 move(s) completed (1 accepted (0.5682 %)). Current N = 1. Average N = 0.949
2021-03-24 22:52:10,633 - INFO: 177 move(s) completed (1 accepted (0.5650 %)). Current N = 1. Average N = 0.949
2021-03-24 22:52:30,321 - INFO: Move rejected due to water leaving the GCMC sphere
2021-03-24 22:52:33,985 - INFO: 178 move(s) completed (1 accepted (0.5618 %)). Current N = 1. Average N = 0.949
2021-03-24 22:52:53,202 - INFO: Move rejected due to water leaving the GCMC sphere
2021-03-24 22:52:56,736 - INFO: 179 move(s) completed (1 accepted (0.5587 %)). Current N = 1. Average N = 0.950
2021-03-24 22:53:19,648 - INFO: 180 move(s) completed (1 accepted (0.5556 %)). Current N = 1. Average N = 0.950
2021-03-24 22:53:43,105 - INFO: 181 move(s) completed (1 accepted (0.5525 %)). Current N = 1. Average N = 0.950
2021-03-24 22:54:03,058 - INFO: Move rejected due to water leaving the GCMC sphere
2021-03-24 22:54:06,605 - INFO: 182 move(s) completed (1 accepted (0.5495 %)). Current N = 1. Average N = 0.951
2021-03-24 22:54:30,073 - INFO: 183 move(s) completed (1 accepted (0.5464 %)). Current N = 1. Average N = 0.951
2021-03-24 22:54:50,098 - INFO: Move rejected due to water leaving the GCMC sphere
2021-03-24 22:54:53,767 - INFO: 184 move(s) completed (1 accepted (0.5435 %)). Current N = 1. Average N = 0.951
2021-03-24 22:55:13,118 - INFO: Move rejected due to water leaving the GCMC sphere
2021-03-24 22:55:16,824 - INFO: 185 move(s) completed (1 accepted (0.5405 %)). Current N = 1. Average N = 0.951
2021-03-24 22:55:39,888 - INFO: 186 move(s) completed (1 accepted (0.5376 %)). Current N = 1. Average N = 0.952
2021-03-24 22:56:02,826 - INFO: 187 move(s) completed (1 accepted (0.5348 %)). Current N = 1. Average N = 0.952
2021-03-24 22:56:25,589 - INFO: 188 move(s) completed (1 accepted (0.5319 %)). Current N = 1. Average N = 0.952
2021-03-24 22:56:44,739 - INFO: Move rejected due to water leaving the GCMC sphere
2021-03-24 22:56:48,488 - INFO: 189 move(s) completed (1 accepted (0.5291 %)). Current N = 1. Average N = 0.952
2021-03-24 22:57:11,471 - INFO: 190 move(s) completed (1 accepted (0.5263 %)). Current N = 1. Average N = 0.953
2021-03-24 22:57:31,206 - INFO: Move rejected due to water leaving the GCMC sphere
2021-03-24 22:57:34,863 - INFO: 191 move(s) completed (1 accepted (0.5236 %)). Current N = 1. Average N = 0.953
2021-03-24 22:57:58,482 - INFO: 192 move(s) completed (1 accepted (0.5208 %)). Current N = 1. Average N = 0.953
2021-03-24 22:58:18,494 - INFO: Move rejected due to water leaving the GCMC sphere
2021-03-24 22:58:22,152 - INFO: 193 move(s) completed (1 accepted (0.5181 %)). Current N = 1. Average N = 0.953
2021-03-24 22:58:42,252 - INFO: Move rejected due to water leaving the GCMC sphere
2021-03-24 22:58:45,699 - INFO: 194 move(s) completed (1 accepted (0.5155 %)). Current N = 1. Average N = 0.954
2021-03-24 22:59:09,424 - INFO: 195 move(s) completed (1 accepted (0.5128 %)). Current N = 1. Average N = 0.954
2021-03-24 22:59:29,390 - INFO: Move rejected due to water leaving the GCMC sphere
2021-03-24 22:59:33,189 - INFO: 196 move(s) completed (1 accepted (0.5102 %)). Current N = 1. Average N = 0.954
2021-03-24 22:59:56,822 - INFO: 197 move(s) completed (1 accepted (0.5076 %)). Current N = 1. Average N = 0.954
2021-03-24 23:00:16,130 - INFO: Move rejected due to water leaving the GCMC sphere
2021-03-24 23:00:19,697 - INFO: 198 move(s) completed (1 accepted (0.5051 %)). Current N = 1. Average N = 0.955
2021-03-24 23:00:39,029 - INFO: Move rejected due to water leaving the GCMC sphere
2021-03-24 23:00:42,714 - INFO: 199 move(s) completed (1 accepted (0.5025 %)). Current N = 1. Average N = 0.955
2021-03-24 23:01:05,713 - INFO: 200 move(s) completed (1 accepted (0.5000 %)). Current N = 1. Average N = 0.955
2021-03-24 23:01:28,829 - INFO: 201 move(s) completed (1 accepted (0.4975 %)). Current N = 1. Average N = 0.955
2021-03-24 23:01:48,240 - INFO: Move rejected due to water leaving the GCMC sphere
2021-03-24 23:01:51,998 - INFO: 202 move(s) completed (1 accepted (0.4950 %)). Current N = 1. Average N = 0.955
2021-03-24 23:02:15,386 - INFO: 203 move(s) completed (1 accepted (0.4926 %)). Current N = 1. Average N = 0.956
2021-03-24 23:02:38,338 - INFO: 204 move(s) completed (1 accepted (0.4902 %)). Current N = 1. Average N = 0.956
2021-03-24 23:03:01,186 - INFO: 205 move(s) completed (1 accepted (0.4878 %)). Current N = 1. Average N = 0.956
2021-03-24 23:03:23,971 - INFO: 206 move(s) completed (1 accepted (0.4854 %)). Current N = 1. Average N = 0.956
2021-03-24 23:03:46,810 - INFO: 207 move(s) completed (1 accepted (0.4831 %)). Current N = 1. Average N = 0.957
2021-03-24 23:04:09,580 - INFO: 208 move(s) completed (1 accepted (0.4808 %)). Current N = 1. Average N = 0.957
2021-03-24 23:04:33,149 - INFO: 209 move(s) completed (1 accepted (0.4785 %)). Current N = 1. Average N = 0.957
2021-03-24 23:04:52,384 - INFO: Move rejected due to water leaving the GCMC sphere
2021-03-24 23:04:55,964 - INFO: 210 move(s) completed (1 accepted (0.4762 %)). Current N = 1. Average N = 0.957
2021-03-24 23:05:18,968 - INFO: 211 move(s) completed (1 accepted (0.4739 %)). Current N = 1. Average N = 0.957
2021-03-24 23:05:41,990 - INFO: 212 move(s) completed (1 accepted (0.4717 %)). Current N = 1. Average N = 0.958
2021-03-24 23:06:01,484 - INFO: Move rejected due to water leaving the GCMC sphere
2021-03-24 23:06:05,257 - INFO: 213 move(s) completed (1 accepted (0.4695 %)). Current N = 1. Average N = 0.958
2021-03-24 23:06:24,763 - INFO: Move rejected due to water leaving the GCMC sphere
2021-03-24 23:06:28,474 - INFO: 214 move(s) completed (1 accepted (0.4673 %)). Current N = 1. Average N = 0.958
2021-03-24 23:06:48,069 - INFO: Move rejected due to water leaving the GCMC sphere
2021-03-24 23:06:51,756 - INFO: 215 move(s) completed (1 accepted (0.4651 %)). Current N = 1. Average N = 0.958
2021-03-24 23:07:10,804 - INFO: Move rejected due to water leaving the GCMC sphere
2021-03-24 23:07:14,489 - INFO: 216 move(s) completed (1 accepted (0.4630 %)). Current N = 1. Average N = 0.958
2021-03-24 23:07:37,959 - INFO: 217 move(s) completed (1 accepted (0.4608 %)). Current N = 1. Average N = 0.959
2021-03-24 23:08:01,494 - INFO: 218 move(s) completed (1 accepted (0.4587 %)). Current N = 1. Average N = 0.959
2021-03-24 23:08:25,051 - INFO: 219 move(s) completed (1 accepted (0.4566 %)). Current N = 1. Average N = 0.959
2021-03-24 23:08:48,742 - INFO: 220 move(s) completed (1 accepted (0.4545 %)). Current N = 1. Average N = 0.959
2021-03-24 23:09:08,752 - INFO: Move rejected due to water leaving the GCMC sphere
2021-03-24 23:09:12,415 - INFO: 221 move(s) completed (1 accepted (0.4525 %)). Current N = 1. Average N = 0.959
2021-03-24 23:09:32,453 - INFO: Move rejected due to water leaving the GCMC sphere
2021-03-24 23:09:36,059 - INFO: 222 move(s) completed (1 accepted (0.4505 %)). Current N = 1. Average N = 0.960
2021-03-24 23:09:58,699 - INFO: 223 move(s) completed (1 accepted (0.4484 %)). Current N = 1. Average N = 0.960
2021-03-24 23:10:21,541 - INFO: 224 move(s) completed (1 accepted (0.4464 %)). Current N = 1. Average N = 0.960
2021-03-24 23:10:44,637 - INFO: 225 move(s) completed (1 accepted (0.4444 %)). Current N = 1. Average N = 0.960
2021-03-24 23:11:04,188 - INFO: Move rejected due to water leaving the GCMC sphere
2021-03-24 23:11:07,942 - INFO: 226 move(s) completed (1 accepted (0.4425 %)). Current N = 1. Average N = 0.960
2021-03-24 23:11:31,277 - INFO: 227 move(s) completed (1 accepted (0.4405 %)). Current N = 1. Average N = 0.960
2021-03-24 23:11:50,460 - INFO: Move rejected due to water leaving the GCMC sphere
2021-03-24 23:11:54,204 - INFO: 228 move(s) completed (1 accepted (0.4386 %)). Current N = 1. Average N = 0.961
2021-03-24 23:12:17,632 - INFO: 229 move(s) completed (1 accepted (0.4367 %)). Current N = 1. Average N = 0.961
2021-03-24 23:12:41,006 - INFO: 230 move(s) completed (1 accepted (0.4348 %)). Current N = 1. Average N = 0.961
2021-03-24 23:13:04,431 - INFO: 231 move(s) completed (1 accepted (0.4329 %)). Current N = 1. Average N = 0.961
2021-03-24 23:13:27,293 - INFO: 232 move(s) completed (1 accepted (0.4310 %)). Current N = 1. Average N = 0.961
2021-03-24 23:13:46,458 - INFO: Move rejected due to water leaving the GCMC sphere
2021-03-24 23:13:50,153 - INFO: 233 move(s) completed (1 accepted (0.4292 %)). Current N = 1. Average N = 0.961
2021-03-24 23:14:09,423 - INFO: Move rejected due to water leaving the GCMC sphere
2021-03-24 23:14:13,021 - INFO: 234 move(s) completed (1 accepted (0.4274 %)). Current N = 1. Average N = 0.962
2021-03-24 23:14:33,123 - INFO: Move rejected due to water leaving the GCMC sphere
2021-03-24 23:14:36,640 - INFO: 235 move(s) completed (1 accepted (0.4255 %)). Current N = 1. Average N = 0.962
2021-03-24 23:14:59,470 - INFO: 236 move(s) completed (1 accepted (0.4237 %)). Current N = 1. Average N = 0.962
2021-03-24 23:15:18,878 - INFO: Move rejected due to water leaving the GCMC sphere
2021-03-24 23:15:22,479 - INFO: 237 move(s) completed (1 accepted (0.4219 %)). Current N = 1. Average N = 0.962
2021-03-24 23:15:45,618 - INFO: 238 move(s) completed (1 accepted (0.4202 %)). Current N = 1. Average N = 0.962
2021-03-24 23:16:08,716 - INFO: 239 move(s) completed (1 accepted (0.4184 %)). Current N = 1. Average N = 0.962
2021-03-24 23:16:31,904 - INFO: 240 move(s) completed (1 accepted (0.4167 %)). Current N = 1. Average N = 0.963
2021-03-24 23:16:55,256 - INFO: 241 move(s) completed (1 accepted (0.4149 %)). Current N = 1. Average N = 0.963
2021-03-24 23:17:15,081 - INFO: Move rejected due to water leaving the GCMC sphere
2021-03-24 23:17:18,768 - INFO: 242 move(s) completed (1 accepted (0.4132 %)). Current N = 1. Average N = 0.963
2021-03-24 23:17:38,587 - INFO: Move rejected due to water leaving the GCMC sphere
2021-03-24 23:17:42,272 - INFO: 243 move(s) completed (1 accepted (0.4115 %)). Current N = 1. Average N = 0.963
2021-03-24 23:18:05,969 - INFO: 244 move(s) completed (1 accepted (0.4098 %)). Current N = 1. Average N = 0.963
2021-03-24 23:18:29,638 - INFO: 245 move(s) completed (1 accepted (0.4082 %)). Current N = 1. Average N = 0.963
2021-03-24 23:18:49,697 - INFO: Move rejected due to water leaving the GCMC sphere
2021-03-24 23:18:53,394 - INFO: 246 move(s) completed (1 accepted (0.4065 %)). Current N = 1. Average N = 0.963
2021-03-24 23:19:13,465 - INFO: Move rejected due to water leaving the GCMC sphere
2021-03-24 23:19:17,016 - INFO: 247 move(s) completed (1 accepted (0.4049 %)). Current N = 1. Average N = 0.964
2021-03-24 23:19:40,932 - INFO: 248 move(s) completed (1 accepted (0.4032 %)). Current N = 1. Average N = 0.964
2021-03-24 23:20:00,047 - INFO: Move rejected due to water leaving the GCMC sphere
2021-03-24 23:20:03,606 - INFO: 249 move(s) completed (1 accepted (0.4016 %)). Current N = 1. Average N = 0.964
2021-03-24 23:20:23,028 - INFO: Move rejected due to water leaving the GCMC sphere
2021-03-24 23:20:26,594 - INFO: 250 move(s) completed (1 accepted (0.4000 %)). Current N = 1. Average N = 0.964
2021-03-24 23:20:49,532 - INFO: 251 move(s) completed (1 accepted (0.3984 %)). Current N = 1. Average N = 0.964
2021-03-24 23:21:12,864 - INFO: 252 move(s) completed (1 accepted (0.3968 %)). Current N = 1. Average N = 0.964
2021-03-24 23:21:35,768 - INFO: 253 move(s) completed (1 accepted (0.3953 %)). Current N = 1. Average N = 0.964
2021-03-24 23:21:59,042 - INFO: 254 move(s) completed (1 accepted (0.3937 %)). Current N = 1. Average N = 0.965
2021-03-24 23:22:18,913 - INFO: Move rejected due to water leaving the GCMC sphere
2021-03-24 23:22:22,623 - INFO: 255 move(s) completed (1 accepted (0.3922 %)). Current N = 1. Average N = 0.965
2021-03-24 23:22:46,272 - INFO: 256 move(s) completed (1 accepted (0.3906 %)). Current N = 1. Average N = 0.965
2021-03-24 23:23:06,327 - INFO: Move rejected due to water leaving the GCMC sphere
2021-03-24 23:23:10,031 - INFO: 257 move(s) completed (1 accepted (0.3891 %)). Current N = 1. Average N = 0.965
2021-03-24 23:23:33,771 - INFO: 258 move(s) completed (1 accepted (0.3876 %)). Current N = 1. Average N = 0.965
2021-03-24 23:23:57,445 - INFO: 259 move(s) completed (1 accepted (0.3861 %)). Current N = 1. Average N = 0.965
2021-03-24 23:24:21,127 - INFO: 260 move(s) completed (1 accepted (0.3846 %)). Current N = 1. Average N = 0.965
2021-03-24 23:24:44,008 - INFO: 261 move(s) completed (1 accepted (0.3831 %)). Current N = 1. Average N = 0.966
2021-03-24 23:25:03,287 - INFO: Move rejected due to water leaving the GCMC sphere
2021-03-24 23:25:06,826 - INFO: 262 move(s) completed (1 accepted (0.3817 %)). Current N = 1. Average N = 0.966
2021-03-24 23:25:29,570 - INFO: 263 move(s) completed (1 accepted (0.3802 %)). Current N = 1. Average N = 0.966
2021-03-24 23:25:49,104 - INFO: Move rejected due to water leaving the GCMC sphere
2021-03-24 23:25:52,747 - INFO: 264 move(s) completed (1 accepted (0.3788 %)). Current N = 1. Average N = 0.966
2021-03-24 23:26:15,445 - INFO: 265 move(s) completed (1 accepted (0.3774 %)). Current N = 1. Average N = 0.966
2021-03-24 23:26:38,163 - INFO: 266 move(s) completed (1 accepted (0.3759 %)). Current N = 1. Average N = 0.966
2021-03-24 23:26:57,782 - INFO: Move rejected due to water leaving the GCMC sphere
2021-03-24 23:27:01,515 - INFO: 267 move(s) completed (1 accepted (0.3745 %)). Current N = 1. Average N = 0.966
2021-03-24 23:27:25,110 - INFO: 268 move(s) completed (1 accepted (0.3731 %)). Current N = 1. Average N = 0.966
2021-03-24 23:27:44,962 - INFO: Move rejected due to water leaving the GCMC sphere
2021-03-24 23:27:48,720 - INFO: 269 move(s) completed (1 accepted (0.3717 %)). Current N = 1. Average N = 0.967
2021-03-24 23:28:11,756 - INFO: 270 move(s) completed (1 accepted (0.3704 %)). Current N = 1. Average N = 0.967
2021-03-24 23:28:35,327 - INFO: 271 move(s) completed (1 accepted (0.3690 %)). Current N = 1. Average N = 0.967
2021-03-24 23:28:55,330 - INFO: Move rejected due to water leaving the GCMC sphere
2021-03-24 23:28:59,013 - INFO: 272 move(s) completed (1 accepted (0.3676 %)). Current N = 1. Average N = 0.967
2021-03-24 23:29:19,066 - INFO: Move rejected due to water leaving the GCMC sphere
2021-03-24 23:29:22,759 - INFO: 273 move(s) completed (1 accepted (0.3663 %)). Current N = 1. Average N = 0.967
2021-03-24 23:29:41,814 - INFO: Move rejected due to water leaving the GCMC sphere
2021-03-24 23:29:45,386 - INFO: 274 move(s) completed (1 accepted (0.3650 %)). Current N = 1. Average N = 0.967
2021-03-24 23:30:04,761 - INFO: Move rejected due to water leaving the GCMC sphere
2021-03-24 23:30:08,388 - INFO: 275 move(s) completed (1 accepted (0.3636 %)). Current N = 1. Average N = 0.967
2021-03-24 23:30:31,308 - INFO: 276 move(s) completed (1 accepted (0.3623 %)). Current N = 1. Average N = 0.967
2021-03-24 23:30:54,592 - INFO: 277 move(s) completed (1 accepted (0.3610 %)). Current N = 1. Average N = 0.968
2021-03-24 23:31:17,665 - INFO: 278 move(s) completed (1 accepted (0.3597 %)). Current N = 1. Average N = 0.968
2021-03-24 23:31:37,292 - INFO: Move rejected due to water leaving the GCMC sphere
2021-03-24 23:31:40,999 - INFO: 279 move(s) completed (1 accepted (0.3584 %)). Current N = 1. Average N = 0.968
2021-03-24 23:32:00,847 - INFO: Move rejected due to water leaving the GCMC sphere
2021-03-24 23:32:04,534 - INFO: 280 move(s) completed (1 accepted (0.3571 %)). Current N = 1. Average N = 0.968
2021-03-24 23:32:27,886 - INFO: 281 move(s) completed (1 accepted (0.3559 %)). Current N = 1. Average N = 0.968
2021-03-24 23:32:47,822 - INFO: Move rejected due to water leaving the GCMC sphere
2021-03-24 23:32:51,525 - INFO: 282 move(s) completed (1 accepted (0.3546 %)). Current N = 1. Average N = 0.968
2021-03-24 23:33:15,311 - INFO: 283 move(s) completed (1 accepted (0.3534 %)). Current N = 1. Average N = 0.968
2021-03-24 23:33:34,509 - INFO: Move rejected due to water leaving the GCMC sphere
2021-03-24 23:33:38,222 - INFO: 284 move(s) completed (1 accepted (0.3521 %)). Current N = 1. Average N = 0.968
2021-03-24 23:34:01,990 - INFO: 285 move(s) completed (1 accepted (0.3509 %)). Current N = 1. Average N = 0.968
2021-03-24 23:34:24,757 - INFO: 286 move(s) completed (1 accepted (0.3497 %)). Current N = 1. Average N = 0.969
2021-03-24 23:34:43,939 - INFO: Move rejected due to water leaving the GCMC sphere
2021-03-24 23:34:47,607 - INFO: 287 move(s) completed (1 accepted (0.3484 %)). Current N = 1. Average N = 0.969
2021-03-24 23:35:06,921 - INFO: Move rejected due to water leaving the GCMC sphere
2021-03-24 23:35:10,621 - INFO: 288 move(s) completed (1 accepted (0.3472 %)). Current N = 1. Average N = 0.969
2021-03-24 23:35:33,516 - INFO: 289 move(s) completed (1 accepted (0.3460 %)). Current N = 1. Average N = 0.969
2021-03-24 23:35:52,988 - INFO: Move rejected due to water leaving the GCMC sphere
2021-03-24 23:35:56,607 - INFO: 290 move(s) completed (1 accepted (0.3448 %)). Current N = 1. Average N = 0.969
2021-03-24 23:36:19,554 - INFO: 291 move(s) completed (1 accepted (0.3436 %)). Current N = 1. Average N = 0.969
2021-03-24 23:36:42,878 - INFO: 292 move(s) completed (1 accepted (0.3425 %)). Current N = 1. Average N = 0.969
2021-03-24 23:37:06,243 - INFO: 293 move(s) completed (1 accepted (0.3413 %)). Current N = 1. Average N = 0.969
2021-03-24 23:37:26,034 - INFO: Move rejected due to water leaving the GCMC sphere
2021-03-24 23:37:29,735 - INFO: 294 move(s) completed (1 accepted (0.3401 %)). Current N = 1. Average N = 0.969
2021-03-24 23:37:53,350 - INFO: 295 move(s) completed (1 accepted (0.3390 %)). Current N = 1. Average N = 0.970
2021-03-24 23:38:16,330 - INFO: 296 move(s) completed (1 accepted (0.3378 %)). Current N = 1. Average N = 0.970
2021-03-24 23:38:35,483 - INFO: Move rejected due to water leaving the GCMC sphere
2021-03-24 23:38:39,198 - INFO: 297 move(s) completed (1 accepted (0.3367 %)). Current N = 1. Average N = 0.970
2021-03-24 23:38:58,450 - INFO: Move rejected due to water leaving the GCMC sphere
2021-03-24 23:39:01,936 - INFO: 298 move(s) completed (1 accepted (0.3356 %)). Current N = 1. Average N = 0.970
2021-03-24 23:39:24,703 - INFO: 299 move(s) completed (1 accepted (0.3344 %)). Current N = 1. Average N = 0.970
2021-03-24 23:39:43,934 - INFO: Move rejected due to water leaving the GCMC sphere
2021-03-24 23:39:47,403 - INFO: 300 move(s) completed (1 accepted (0.3333 %)). Current N = 1. Average N = 0.970
2021-03-24 23:40:10,317 - INFO: 301 move(s) completed (1 accepted (0.3322 %)). Current N = 1. Average N = 0.970
2021-03-24 23:40:33,396 - INFO: 302 move(s) completed (1 accepted (0.3311 %)). Current N = 1. Average N = 0.970
2021-03-24 23:40:52,788 - INFO: Move rejected due to water leaving the GCMC sphere
2021-03-24 23:40:56,322 - INFO: 303 move(s) completed (1 accepted (0.3300 %)). Current N = 1. Average N = 0.970
2021-03-24 23:41:15,649 - INFO: Move rejected due to water leaving the GCMC sphere
2021-03-24 23:41:19,323 - INFO: 304 move(s) completed (1 accepted (0.3289 %)). Current N = 1. Average N = 0.970
2021-03-24 23:41:42,237 - INFO: 305 move(s) completed (1 accepted (0.3279 %)). Current N = 1. Average N = 0.971
2021-03-24 23:42:05,650 - INFO: 306 move(s) completed (1 accepted (0.3268 %)). Current N = 1. Average N = 0.971
2021-03-24 23:42:25,399 - INFO: Move rejected due to water leaving the GCMC sphere
2021-03-24 23:42:29,099 - INFO: 307 move(s) completed (1 accepted (0.3257 %)). Current N = 1. Average N = 0.971
2021-03-24 23:42:49,091 - INFO: Move rejected due to water leaving the GCMC sphere
2021-03-24 23:42:52,788 - INFO: 308 move(s) completed (1 accepted (0.3247 %)). Current N = 1. Average N = 0.971
2021-03-24 23:43:12,723 - INFO: Move rejected due to water leaving the GCMC sphere
2021-03-24 23:43:16,473 - INFO: 309 move(s) completed (1 accepted (0.3236 %)). Current N = 1. Average N = 0.971
2021-03-24 23:43:36,401 - INFO: Move rejected due to water leaving the GCMC sphere
2021-03-24 23:43:40,135 - INFO: 310 move(s) completed (1 accepted (0.3226 %)). Current N = 1. Average N = 0.971
2021-03-24 23:44:03,878 - INFO: 311 move(s) completed (1 accepted (0.3215 %)). Current N = 1. Average N = 0.971
2021-03-24 23:44:23,059 - INFO: Move rejected due to water leaving the GCMC sphere
2021-03-24 23:44:26,646 - INFO: 312 move(s) completed (1 accepted (0.3205 %)). Current N = 1. Average N = 0.971
2021-03-24 23:44:49,380 - INFO: 313 move(s) completed (1 accepted (0.3195 %)). Current N = 1. Average N = 0.971
