2021-03-26 01:53:31,300 - INFO: kT = 0.5921875708469466 kcal/mol
2021-03-26 01:53:36,720 - INFO: BaseGrandCanonicalMonteCarloSampler object initialised
2021-03-26 01:53:36,720 - INFO: GCMC sphere is based on reference atom IDs: [887, 1837]
2021-03-26 01:53:36,721 - INFO: GCMC sphere radius is 6 A
2021-03-26 01:53:36,721 - INFO: Simulating at an Adams (B) value of -6.888845176169922
2021-03-26 01:53:36,721 - INFO: GCMCSphereSampler object initialised
2021-03-26 01:53:36,721 - INFO: StandardGCMCSphereSampler object initialised
2021-03-26 01:53:51,311 - INFO: 50 move(s) completed (0 accepted (0.0000 %)). Current N = 0. Average N = 0.000
2021-03-26 01:53:58,772 - INFO: 100 move(s) completed (0 accepted (0.0000 %)). Current N = 0. Average N = 0.000
2021-03-26 01:54:06,340 - INFO: 150 move(s) completed (0 accepted (0.0000 %)). Current N = 0. Average N = 0.000
2021-03-26 01:54:14,004 - INFO: 200 move(s) completed (2 accepted (1.0000 %)). Current N = 0. Average N = 0.030
2021-03-26 01:54:21,922 - INFO: 250 move(s) completed (2 accepted (0.8000 %)). Current N = 0. Average N = 0.024
2021-03-26 01:54:29,755 - INFO: 300 move(s) completed (2 accepted (0.6667 %)). Current N = 0. Average N = 0.020
2021-03-26 01:54:37,827 - INFO: 350 move(s) completed (2 accepted (0.5714 %)). Current N = 0. Average N = 0.017
2021-03-26 01:54:45,883 - INFO: 400 move(s) completed (2 accepted (0.5000 %)). Current N = 0. Average N = 0.015
2021-03-26 01:54:53,160 - INFO: 450 move(s) completed (2 accepted (0.4444 %)). Current N = 0. Average N = 0.013
2021-03-26 01:55:01,083 - INFO: 500 move(s) completed (2 accepted (0.4000 %)). Current N = 0. Average N = 0.012
2021-03-26 01:55:08,452 - INFO: 550 move(s) completed (2 accepted (0.3636 %)). Current N = 0. Average N = 0.011
2021-03-26 01:55:15,626 - INFO: 600 move(s) completed (2 accepted (0.3333 %)). Current N = 0. Average N = 0.010
2021-03-26 01:55:23,509 - INFO: 650 move(s) completed (2 accepted (0.3077 %)). Current N = 0. Average N = 0.009
2021-03-26 01:55:31,564 - INFO: 700 move(s) completed (2 accepted (0.2857 %)). Current N = 0. Average N = 0.009
2021-03-26 01:55:39,747 - INFO: 750 move(s) completed (4 accepted (0.5333 %)). Current N = 0. Average N = 0.029
2021-03-26 01:55:47,891 - INFO: 800 move(s) completed (4 accepted (0.5000 %)). Current N = 0. Average N = 0.028
2021-03-26 01:55:55,460 - INFO: 850 move(s) completed (4 accepted (0.4706 %)). Current N = 0. Average N = 0.026
2021-03-26 01:56:03,671 - INFO: 900 move(s) completed (4 accepted (0.4444 %)). Current N = 0. Average N = 0.024
2021-03-26 01:56:11,762 - INFO: 950 move(s) completed (4 accepted (0.4211 %)). Current N = 0. Average N = 0.023
2021-03-26 01:56:20,116 - INFO: 1000 move(s) completed (6 accepted (0.6000 %)). Current N = 0. Average N = 0.023
2021-03-26 01:56:28,187 - INFO: 1050 move(s) completed (7 accepted (0.6667 %)). Current N = 1. Average N = 0.032
2021-03-26 01:56:37,031 - INFO: 1100 move(s) completed (9 accepted (0.8182 %)). Current N = 1. Average N = 0.077
2021-03-26 01:56:45,804 - INFO: 1150 move(s) completed (9 accepted (0.7826 %)). Current N = 1. Average N = 0.117
2021-03-26 01:56:54,504 - INFO: 1200 move(s) completed (9 accepted (0.7500 %)). Current N = 1. Average N = 0.154
2021-03-26 01:57:03,510 - INFO: 1250 move(s) completed (9 accepted (0.7200 %)). Current N = 1. Average N = 0.188
2021-03-26 01:57:12,646 - INFO: 1300 move(s) completed (9 accepted (0.6923 %)). Current N = 1. Average N = 0.219
2021-03-26 01:57:21,427 - INFO: 1350 move(s) completed (9 accepted (0.6667 %)). Current N = 1. Average N = 0.248
2021-03-26 01:57:30,426 - INFO: 1400 move(s) completed (9 accepted (0.6429 %)). Current N = 1. Average N = 0.275
2021-03-26 01:57:39,086 - INFO: 1450 move(s) completed (9 accepted (0.6207 %)). Current N = 1. Average N = 0.300
2021-03-26 01:57:48,027 - INFO: 1500 move(s) completed (9 accepted (0.6000 %)). Current N = 1. Average N = 0.323
2021-03-26 01:57:57,529 - INFO: 1550 move(s) completed (9 accepted (0.5806 %)). Current N = 1. Average N = 0.345
2021-03-26 01:58:06,357 - INFO: 1600 move(s) completed (9 accepted (0.5625 %)). Current N = 1. Average N = 0.366
2021-03-26 01:58:15,607 - INFO: 1650 move(s) completed (9 accepted (0.5455 %)). Current N = 1. Average N = 0.385
2021-03-26 01:58:24,491 - INFO: 1700 move(s) completed (9 accepted (0.5294 %)). Current N = 1. Average N = 0.403
2021-03-26 01:58:33,625 - INFO: 1750 move(s) completed (9 accepted (0.5143 %)). Current N = 1. Average N = 0.420
2021-03-26 01:58:42,924 - INFO: 1800 move(s) completed (9 accepted (0.5000 %)). Current N = 1. Average N = 0.436
2021-03-26 01:58:51,738 - INFO: 1850 move(s) completed (9 accepted (0.4865 %)). Current N = 1. Average N = 0.451
2021-03-26 01:59:00,644 - INFO: 1900 move(s) completed (9 accepted (0.4737 %)). Current N = 1. Average N = 0.466
2021-03-26 01:59:09,174 - INFO: 1950 move(s) completed (9 accepted (0.4615 %)). Current N = 1. Average N = 0.479
2021-03-26 01:59:18,433 - INFO: 2000 move(s) completed (9 accepted (0.4500 %)). Current N = 1. Average N = 0.492
2021-03-26 01:59:27,938 - INFO: 2050 move(s) completed (9 accepted (0.4390 %)). Current N = 1. Average N = 0.505
2021-03-26 01:59:36,457 - INFO: 2100 move(s) completed (9 accepted (0.4286 %)). Current N = 1. Average N = 0.517
2021-03-26 01:59:45,645 - INFO: 2150 move(s) completed (9 accepted (0.4186 %)). Current N = 1. Average N = 0.528
2021-03-26 01:59:54,175 - INFO: 2200 move(s) completed (9 accepted (0.4091 %)). Current N = 1. Average N = 0.539
2021-03-26 02:00:03,005 - INFO: 2250 move(s) completed (9 accepted (0.4000 %)). Current N = 1. Average N = 0.549
2021-03-26 02:00:11,619 - INFO: 2300 move(s) completed (9 accepted (0.3913 %)). Current N = 1. Average N = 0.559
2021-03-26 02:00:20,266 - INFO: 2350 move(s) completed (9 accepted (0.3830 %)). Current N = 1. Average N = 0.568
2021-03-26 02:00:29,394 - INFO: 2400 move(s) completed (9 accepted (0.3750 %)). Current N = 1. Average N = 0.577
2021-03-26 02:00:38,231 - INFO: 2450 move(s) completed (9 accepted (0.3673 %)). Current N = 1. Average N = 0.586
2021-03-26 02:00:47,110 - INFO: 2500 move(s) completed (9 accepted (0.3600 %)). Current N = 1. Average N = 0.594
2021-03-26 02:00:56,039 - INFO: 2550 move(s) completed (9 accepted (0.3529 %)). Current N = 1. Average N = 0.602
2021-03-26 02:01:05,269 - INFO: 2600 move(s) completed (9 accepted (0.3462 %)). Current N = 1. Average N = 0.610
2021-03-26 02:01:14,803 - INFO: 2650 move(s) completed (9 accepted (0.3396 %)). Current N = 1. Average N = 0.617
2021-03-26 02:01:23,657 - INFO: 2700 move(s) completed (11 accepted (0.4074 %)). Current N = 1. Average N = 0.626
2021-03-26 02:01:32,903 - INFO: 2750 move(s) completed (11 accepted (0.4000 %)). Current N = 1. Average N = 0.632
2021-03-26 02:01:41,633 - INFO: 2800 move(s) completed (11 accepted (0.3929 %)). Current N = 1. Average N = 0.639
2021-03-26 02:01:50,671 - INFO: 2850 move(s) completed (11 accepted (0.3860 %)). Current N = 1. Average N = 0.645
2021-03-26 02:02:00,165 - INFO: 2900 move(s) completed (11 accepted (0.3793 %)). Current N = 1. Average N = 0.651
2021-03-26 02:02:09,368 - INFO: 2950 move(s) completed (11 accepted (0.3729 %)). Current N = 1. Average N = 0.657
2021-03-26 02:02:18,721 - INFO: 3000 move(s) completed (11 accepted (0.3667 %)). Current N = 1. Average N = 0.663
2021-03-26 02:02:27,392 - INFO: 3050 move(s) completed (11 accepted (0.3607 %)). Current N = 1. Average N = 0.668
2021-03-26 02:02:36,446 - INFO: 3100 move(s) completed (11 accepted (0.3548 %)). Current N = 1. Average N = 0.674
2021-03-26 02:02:45,655 - INFO: 3150 move(s) completed (11 accepted (0.3492 %)). Current N = 1. Average N = 0.679
2021-03-26 02:02:54,167 - INFO: 3200 move(s) completed (11 accepted (0.3438 %)). Current N = 1. Average N = 0.684
2021-03-26 02:03:03,498 - INFO: 3250 move(s) completed (11 accepted (0.3385 %)). Current N = 1. Average N = 0.689
2021-03-26 02:03:12,224 - INFO: 3300 move(s) completed (11 accepted (0.3333 %)). Current N = 1. Average N = 0.694
2021-03-26 02:03:21,463 - INFO: 3350 move(s) completed (11 accepted (0.3284 %)). Current N = 1. Average N = 0.698
2021-03-26 02:03:29,953 - INFO: 3400 move(s) completed (11 accepted (0.3235 %)). Current N = 1. Average N = 0.703
2021-03-26 02:03:38,906 - INFO: 3450 move(s) completed (11 accepted (0.3188 %)). Current N = 1. Average N = 0.707
2021-03-26 02:03:48,490 - INFO: 3500 move(s) completed (11 accepted (0.3143 %)). Current N = 1. Average N = 0.711
2021-03-26 02:03:57,287 - INFO: 3550 move(s) completed (11 accepted (0.3099 %)). Current N = 1. Average N = 0.715
2021-03-26 02:04:06,195 - INFO: 3600 move(s) completed (11 accepted (0.3056 %)). Current N = 1. Average N = 0.719
2021-03-26 02:04:14,909 - INFO: 3650 move(s) completed (11 accepted (0.3014 %)). Current N = 1. Average N = 0.723
2021-03-26 02:04:24,005 - INFO: 3700 move(s) completed (11 accepted (0.2973 %)). Current N = 1. Average N = 0.727
2021-03-26 02:04:33,536 - INFO: 3750 move(s) completed (13 accepted (0.3467 %)). Current N = 1. Average N = 0.731
2021-03-26 02:04:42,266 - INFO: 3800 move(s) completed (13 accepted (0.3421 %)). Current N = 1. Average N = 0.735
2021-03-26 02:04:51,297 - INFO: 3850 move(s) completed (13 accepted (0.3377 %)). Current N = 1. Average N = 0.738
2021-03-26 02:05:00,091 - INFO: 3900 move(s) completed (13 accepted (0.3333 %)). Current N = 1. Average N = 0.741
2021-03-26 02:05:09,271 - INFO: 3950 move(s) completed (13 accepted (0.3291 %)). Current N = 1. Average N = 0.745
2021-03-26 02:05:17,699 - INFO: 4000 move(s) completed (17 accepted (0.4250 %)). Current N = 1. Average N = 0.749
2021-03-26 02:05:26,653 - INFO: 4050 move(s) completed (17 accepted (0.4198 %)). Current N = 1. Average N = 0.752
2021-03-26 02:05:35,771 - INFO: 4100 move(s) completed (19 accepted (0.4634 %)). Current N = 1. Average N = 0.756
2021-03-26 02:05:44,652 - INFO: 4150 move(s) completed (19 accepted (0.4578 %)). Current N = 1. Average N = 0.759
2021-03-26 02:05:53,904 - INFO: 4200 move(s) completed (19 accepted (0.4524 %)). Current N = 1. Average N = 0.762
2021-03-26 02:06:02,930 - INFO: 4250 move(s) completed (19 accepted (0.4471 %)). Current N = 1. Average N = 0.765
2021-03-26 02:06:11,960 - INFO: 4300 move(s) completed (19 accepted (0.4419 %)). Current N = 1. Average N = 0.767
2021-03-26 02:06:20,535 - INFO: 4350 move(s) completed (19 accepted (0.4368 %)). Current N = 1. Average N = 0.770
2021-03-26 02:06:29,496 - INFO: 4400 move(s) completed (19 accepted (0.4318 %)). Current N = 1. Average N = 0.773
2021-03-26 02:06:38,786 - INFO: 4450 move(s) completed (19 accepted (0.4270 %)). Current N = 1. Average N = 0.775
2021-03-26 02:06:47,701 - INFO: 4500 move(s) completed (19 accepted (0.4222 %)). Current N = 1. Average N = 0.778
2021-03-26 02:06:57,136 - INFO: 4550 move(s) completed (19 accepted (0.4176 %)). Current N = 1. Average N = 0.780
2021-03-26 02:07:05,851 - INFO: 4600 move(s) completed (19 accepted (0.4130 %)). Current N = 1. Average N = 0.783
2021-03-26 02:07:14,856 - INFO: 4650 move(s) completed (19 accepted (0.4086 %)). Current N = 1. Average N = 0.785
2021-03-26 02:07:23,047 - INFO: 4700 move(s) completed (19 accepted (0.4043 %)). Current N = 1. Average N = 0.787
2021-03-26 02:07:32,062 - INFO: 4750 move(s) completed (19 accepted (0.4000 %)). Current N = 1. Average N = 0.789
2021-03-26 02:07:41,265 - INFO: 4800 move(s) completed (19 accepted (0.3958 %)). Current N = 1. Average N = 0.792
2021-03-26 02:07:50,153 - INFO: 4850 move(s) completed (19 accepted (0.3918 %)). Current N = 1. Average N = 0.794
2021-03-26 02:07:59,124 - INFO: 4900 move(s) completed (19 accepted (0.3878 %)). Current N = 1. Average N = 0.796
2021-03-26 02:08:07,922 - INFO: 4950 move(s) completed (19 accepted (0.3838 %)). Current N = 1. Average N = 0.798
2021-03-26 02:08:16,851 - INFO: 5000 move(s) completed (19 accepted (0.3800 %)). Current N = 1. Average N = 0.800
2021-03-26 02:08:25,644 - INFO: 5050 move(s) completed (19 accepted (0.3762 %)). Current N = 1. Average N = 0.802
2021-03-26 02:08:34,863 - INFO: 5100 move(s) completed (19 accepted (0.3725 %)). Current N = 1. Average N = 0.804
2021-03-26 02:08:44,265 - INFO: 5150 move(s) completed (19 accepted (0.3689 %)). Current N = 1. Average N = 0.806
2021-03-26 02:08:53,001 - INFO: 5200 move(s) completed (20 accepted (0.3846 %)). Current N = 2. Average N = 0.808
2021-03-26 02:09:01,906 - INFO: 5250 move(s) completed (20 accepted (0.3810 %)). Current N = 2. Average N = 0.819
2021-03-26 02:09:10,378 - INFO: 5300 move(s) completed (20 accepted (0.3774 %)). Current N = 2. Average N = 0.830
2021-03-26 02:09:19,162 - INFO: 5350 move(s) completed (20 accepted (0.3738 %)). Current N = 2. Average N = 0.841
2021-03-26 02:09:28,206 - INFO: 5400 move(s) completed (23 accepted (0.4259 %)). Current N = 1. Average N = 0.847
2021-03-26 02:09:36,916 - INFO: 5450 move(s) completed (23 accepted (0.4220 %)). Current N = 1. Average N = 0.848
2021-03-26 02:09:46,133 - INFO: 5500 move(s) completed (23 accepted (0.4182 %)). Current N = 1. Average N = 0.850
2021-03-26 02:09:54,825 - INFO: 5550 move(s) completed (23 accepted (0.4144 %)). Current N = 1. Average N = 0.851
2021-03-26 02:10:03,847 - INFO: 5600 move(s) completed (23 accepted (0.4107 %)). Current N = 1. Average N = 0.853
2021-03-26 02:10:12,466 - INFO: 5650 move(s) completed (23 accepted (0.4071 %)). Current N = 1. Average N = 0.854
2021-03-26 02:10:21,411 - INFO: 5700 move(s) completed (23 accepted (0.4035 %)). Current N = 1. Average N = 0.855
2021-03-26 02:10:30,684 - INFO: 5750 move(s) completed (23 accepted (0.4000 %)). Current N = 1. Average N = 0.856
2021-03-26 02:10:39,299 - INFO: 5800 move(s) completed (23 accepted (0.3966 %)). Current N = 1. Average N = 0.858
2021-03-26 02:10:48,439 - INFO: 5850 move(s) completed (23 accepted (0.3932 %)). Current N = 1. Average N = 0.859
2021-03-26 02:10:57,163 - INFO: 5900 move(s) completed (23 accepted (0.3898 %)). Current N = 1. Average N = 0.860
2021-03-26 02:11:06,086 - INFO: 5950 move(s) completed (23 accepted (0.3866 %)). Current N = 1. Average N = 0.861
2021-03-26 02:11:14,782 - INFO: 6000 move(s) completed (23 accepted (0.3833 %)). Current N = 1. Average N = 0.862
2021-03-26 02:11:23,451 - INFO: 6050 move(s) completed (23 accepted (0.3802 %)). Current N = 1. Average N = 0.864
2021-03-26 02:11:32,745 - INFO: 6100 move(s) completed (23 accepted (0.3770 %)). Current N = 1. Average N = 0.865
2021-03-26 02:11:41,618 - INFO: 6150 move(s) completed (23 accepted (0.3740 %)). Current N = 1. Average N = 0.866
2021-03-26 02:11:50,780 - INFO: 6200 move(s) completed (23 accepted (0.3710 %)). Current N = 1. Average N = 0.867
2021-03-26 02:11:59,324 - INFO: 6250 move(s) completed (23 accepted (0.3680 %)). Current N = 1. Average N = 0.868
2021-03-26 02:12:08,478 - INFO: 6300 move(s) completed (23 accepted (0.3651 %)). Current N = 1. Average N = 0.869
2021-03-26 02:12:17,782 - INFO: 6350 move(s) completed (25 accepted (0.3937 %)). Current N = 1. Average N = 0.870
2021-03-26 02:12:26,578 - INFO: 6400 move(s) completed (25 accepted (0.3906 %)). Current N = 1. Average N = 0.871
2021-03-26 02:12:35,906 - INFO: 6450 move(s) completed (25 accepted (0.3876 %)). Current N = 1. Average N = 0.872
2021-03-26 02:12:44,621 - INFO: 6500 move(s) completed (25 accepted (0.3846 %)). Current N = 1. Average N = 0.873
2021-03-26 02:12:53,555 - INFO: 6550 move(s) completed (26 accepted (0.3969 %)). Current N = 2. Average N = 0.874
2021-03-26 02:13:02,181 - INFO: 6600 move(s) completed (26 accepted (0.3939 %)). Current N = 2. Average N = 0.883
2021-03-26 02:13:11,194 - INFO: 6650 move(s) completed (26 accepted (0.3910 %)). Current N = 2. Average N = 0.891
2021-03-26 02:13:20,562 - INFO: 6700 move(s) completed (26 accepted (0.3881 %)). Current N = 2. Average N = 0.900
2021-03-26 02:13:29,405 - INFO: 6750 move(s) completed (26 accepted (0.3852 %)). Current N = 2. Average N = 0.908
2021-03-26 02:13:38,636 - INFO: 6800 move(s) completed (27 accepted (0.3971 %)). Current N = 3. Average N = 0.918
2021-03-26 02:13:47,499 - INFO: 6850 move(s) completed (27 accepted (0.3942 %)). Current N = 3. Average N = 0.933
2021-03-26 02:13:56,582 - INFO: 6900 move(s) completed (27 accepted (0.3913 %)). Current N = 3. Average N = 0.948
2021-03-26 02:14:05,190 - INFO: 6950 move(s) completed (27 accepted (0.3885 %)). Current N = 3. Average N = 0.963
2021-03-26 02:14:13,972 - INFO: 7000 move(s) completed (28 accepted (0.4000 %)). Current N = 2. Average N = 0.974
2021-03-26 02:14:22,538 - INFO: 7050 move(s) completed (28 accepted (0.3972 %)). Current N = 2. Average N = 0.982
2021-03-26 02:14:31,289 - INFO: 7100 move(s) completed (28 accepted (0.3944 %)). Current N = 2. Average N = 0.989
2021-03-26 02:14:40,465 - INFO: 7150 move(s) completed (28 accepted (0.3916 %)). Current N = 2. Average N = 0.996
2021-03-26 02:14:49,643 - INFO: 7200 move(s) completed (28 accepted (0.3889 %)). Current N = 2. Average N = 1.003
2021-03-26 02:14:58,632 - INFO: 7250 move(s) completed (28 accepted (0.3862 %)). Current N = 2. Average N = 1.010
2021-03-26 02:15:07,311 - INFO: 7300 move(s) completed (28 accepted (0.3836 %)). Current N = 2. Average N = 1.017
2021-03-26 02:15:16,313 - INFO: 7350 move(s) completed (28 accepted (0.3810 %)). Current N = 2. Average N = 1.023
2021-03-26 02:15:25,598 - INFO: 7400 move(s) completed (28 accepted (0.3784 %)). Current N = 2. Average N = 1.030
2021-03-26 02:15:34,689 - INFO: 7450 move(s) completed (28 accepted (0.3758 %)). Current N = 2. Average N = 1.036
2021-03-26 02:15:44,174 - INFO: 7500 move(s) completed (28 accepted (0.3733 %)). Current N = 2. Average N = 1.043
2021-03-26 02:15:52,955 - INFO: 7550 move(s) completed (28 accepted (0.3709 %)). Current N = 2. Average N = 1.049
2021-03-26 02:16:02,007 - INFO: 7600 move(s) completed (28 accepted (0.3684 %)). Current N = 2. Average N = 1.055
2021-03-26 02:16:11,227 - INFO: 7650 move(s) completed (28 accepted (0.3660 %)). Current N = 2. Average N = 1.062
2021-03-26 02:16:20,236 - INFO: 7700 move(s) completed (28 accepted (0.3636 %)). Current N = 2. Average N = 1.068
2021-03-26 02:16:29,749 - INFO: 7750 move(s) completed (28 accepted (0.3613 %)). Current N = 2. Average N = 1.074
2021-03-26 02:16:38,146 - INFO: 7800 move(s) completed (28 accepted (0.3590 %)). Current N = 2. Average N = 1.080
2021-03-26 02:16:47,152 - INFO: 7850 move(s) completed (28 accepted (0.3567 %)). Current N = 2. Average N = 1.085
2021-03-26 02:16:56,498 - INFO: 7900 move(s) completed (28 accepted (0.3544 %)). Current N = 2. Average N = 1.091
2021-03-26 02:17:05,430 - INFO: 7950 move(s) completed (28 accepted (0.3522 %)). Current N = 2. Average N = 1.097
2021-03-26 02:17:14,582 - INFO: 8000 move(s) completed (28 accepted (0.3500 %)). Current N = 2. Average N = 1.103
2021-03-26 02:17:23,332 - INFO: 8050 move(s) completed (28 accepted (0.3478 %)). Current N = 2. Average N = 1.108
2021-03-26 02:17:32,517 - INFO: 8100 move(s) completed (28 accepted (0.3457 %)). Current N = 2. Average N = 1.114
2021-03-26 02:17:41,017 - INFO: 8150 move(s) completed (28 accepted (0.3436 %)). Current N = 2. Average N = 1.119
2021-03-26 02:17:50,153 - INFO: 8200 move(s) completed (28 accepted (0.3415 %)). Current N = 2. Average N = 1.125
2021-03-26 02:17:59,580 - INFO: 8250 move(s) completed (28 accepted (0.3394 %)). Current N = 2. Average N = 1.130
2021-03-26 02:18:08,326 - INFO: 8300 move(s) completed (28 accepted (0.3373 %)). Current N = 2. Average N = 1.135
2021-03-26 02:18:17,258 - INFO: 8350 move(s) completed (28 accepted (0.3353 %)). Current N = 2. Average N = 1.140
2021-03-26 02:18:25,791 - INFO: 8400 move(s) completed (28 accepted (0.3333 %)). Current N = 2. Average N = 1.145
2021-03-26 02:18:34,669 - INFO: 8450 move(s) completed (28 accepted (0.3314 %)). Current N = 2. Average N = 1.150
2021-03-26 02:18:43,880 - INFO: 8500 move(s) completed (28 accepted (0.3294 %)). Current N = 2. Average N = 1.155
2021-03-26 02:18:52,692 - INFO: 8550 move(s) completed (28 accepted (0.3275 %)). Current N = 2. Average N = 1.160
2021-03-26 02:19:01,933 - INFO: 8600 move(s) completed (28 accepted (0.3256 %)). Current N = 2. Average N = 1.165
2021-03-26 02:19:10,518 - INFO: 8650 move(s) completed (28 accepted (0.3237 %)). Current N = 2. Average N = 1.170
2021-03-26 02:19:19,546 - INFO: 8700 move(s) completed (28 accepted (0.3218 %)). Current N = 2. Average N = 1.175
2021-03-26 02:19:29,058 - INFO: 8750 move(s) completed (28 accepted (0.3200 %)). Current N = 2. Average N = 1.179
2021-03-26 02:19:37,822 - INFO: 8800 move(s) completed (28 accepted (0.3182 %)). Current N = 2. Average N = 1.184
2021-03-26 02:19:46,944 - INFO: 8850 move(s) completed (28 accepted (0.3164 %)). Current N = 2. Average N = 1.189
2021-03-26 02:19:55,395 - INFO: 8900 move(s) completed (29 accepted (0.3258 %)). Current N = 3. Average N = 1.195
2021-03-26 02:20:04,505 - INFO: 8950 move(s) completed (29 accepted (0.3240 %)). Current N = 3. Average N = 1.205
2021-03-26 02:20:13,754 - INFO: 9000 move(s) completed (29 accepted (0.3222 %)). Current N = 3. Average N = 1.215
2021-03-26 02:20:22,574 - INFO: 9050 move(s) completed (30 accepted (0.3315 %)). Current N = 2. Average N = 1.220
2021-03-26 02:20:31,687 - INFO: 9100 move(s) completed (30 accepted (0.3297 %)). Current N = 2. Average N = 1.224
2021-03-26 02:20:40,412 - INFO: 9150 move(s) completed (30 accepted (0.3279 %)). Current N = 2. Average N = 1.229
2021-03-26 02:20:49,372 - INFO: 9200 move(s) completed (30 accepted (0.3261 %)). Current N = 2. Average N = 1.233
2021-03-26 02:20:58,130 - INFO: 9250 move(s) completed (30 accepted (0.3243 %)). Current N = 2. Average N = 1.237
2021-03-26 02:21:07,063 - INFO: 9300 move(s) completed (30 accepted (0.3226 %)). Current N = 2. Average N = 1.241
2021-03-26 02:21:16,459 - INFO: 9350 move(s) completed (30 accepted (0.3209 %)). Current N = 2. Average N = 1.245
2021-03-26 02:21:25,188 - INFO: 9400 move(s) completed (30 accepted (0.3191 %)). Current N = 2. Average N = 1.249
2021-03-26 02:21:34,387 - INFO: 9450 move(s) completed (30 accepted (0.3175 %)). Current N = 2. Average N = 1.253
2021-03-26 02:21:43,103 - INFO: 9500 move(s) completed (30 accepted (0.3158 %)). Current N = 2. Average N = 1.257
2021-03-26 02:21:52,311 - INFO: 9550 move(s) completed (30 accepted (0.3141 %)). Current N = 2. Average N = 1.261
2021-03-26 02:22:00,797 - INFO: 9600 move(s) completed (30 accepted (0.3125 %)). Current N = 2. Average N = 1.265
2021-03-26 02:22:09,631 - INFO: 9650 move(s) completed (30 accepted (0.3109 %)). Current N = 2. Average N = 1.269
2021-03-26 02:22:19,014 - INFO: 9700 move(s) completed (30 accepted (0.3093 %)). Current N = 2. Average N = 1.272
2021-03-26 02:22:27,752 - INFO: 9750 move(s) completed (30 accepted (0.3077 %)). Current N = 2. Average N = 1.276
2021-03-26 02:22:36,883 - INFO: 9800 move(s) completed (30 accepted (0.3061 %)). Current N = 2. Average N = 1.280
2021-03-26 02:22:45,654 - INFO: 9850 move(s) completed (30 accepted (0.3046 %)). Current N = 2. Average N = 1.284
2021-03-26 02:22:54,400 - INFO: 9900 move(s) completed (30 accepted (0.3030 %)). Current N = 2. Average N = 1.287
2021-03-26 02:23:03,832 - INFO: 9950 move(s) completed (30 accepted (0.3015 %)). Current N = 2. Average N = 1.291
2021-03-26 02:23:12,459 - INFO: 10000 move(s) completed (30 accepted (0.3000 %)). Current N = 2. Average N = 1.294
2021-03-26 02:23:21,443 - INFO: 10050 move(s) completed (30 accepted (0.2985 %)). Current N = 2. Average N = 1.298
2021-03-26 02:23:30,390 - INFO: 10100 move(s) completed (30 accepted (0.2970 %)). Current N = 2. Average N = 1.301
2021-03-26 02:23:39,413 - INFO: 10150 move(s) completed (30 accepted (0.2956 %)). Current N = 2. Average N = 1.305
2021-03-26 02:23:47,847 - INFO: 10200 move(s) completed (30 accepted (0.2941 %)). Current N = 2. Average N = 1.308
2021-03-26 02:23:56,960 - INFO: 10250 move(s) completed (30 accepted (0.2927 %)). Current N = 2. Average N = 1.311
2021-03-26 02:24:05,738 - INFO: 10300 move(s) completed (30 accepted (0.2913 %)). Current N = 2. Average N = 1.315
2021-03-26 02:24:14,531 - INFO: 10350 move(s) completed (30 accepted (0.2899 %)). Current N = 2. Average N = 1.318
2021-03-26 02:24:23,767 - INFO: 10400 move(s) completed (30 accepted (0.2885 %)). Current N = 2. Average N = 1.321
2021-03-26 02:24:32,505 - INFO: 10450 move(s) completed (30 accepted (0.2871 %)). Current N = 2. Average N = 1.325
2021-03-26 02:24:41,525 - INFO: 10500 move(s) completed (30 accepted (0.2857 %)). Current N = 2. Average N = 1.328
2021-03-26 02:24:50,020 - INFO: 10550 move(s) completed (30 accepted (0.2844 %)). Current N = 2. Average N = 1.331
2021-03-26 02:24:58,929 - INFO: 10600 move(s) completed (30 accepted (0.2830 %)). Current N = 2. Average N = 1.334
2021-03-26 02:25:08,388 - INFO: 10650 move(s) completed (30 accepted (0.2817 %)). Current N = 2. Average N = 1.337
2021-03-26 02:25:17,005 - INFO: 10700 move(s) completed (30 accepted (0.2804 %)). Current N = 2. Average N = 1.340
2021-03-26 02:25:26,096 - INFO: 10750 move(s) completed (30 accepted (0.2791 %)). Current N = 2. Average N = 1.343
2021-03-26 02:25:34,720 - INFO: 10800 move(s) completed (30 accepted (0.2778 %)). Current N = 2. Average N = 1.347
2021-03-26 02:25:43,768 - INFO: 10850 move(s) completed (30 accepted (0.2765 %)). Current N = 2. Average N = 1.349
2021-03-26 02:25:52,774 - INFO: 10900 move(s) completed (30 accepted (0.2752 %)). Current N = 2. Average N = 1.353
2021-03-26 02:26:01,658 - INFO: 10950 move(s) completed (30 accepted (0.2740 %)). Current N = 2. Average N = 1.355
2021-03-26 02:26:10,165 - INFO: 11000 move(s) completed (32 accepted (0.2909 %)). Current N = 2. Average N = 1.359
2021-03-26 02:26:19,221 - INFO: 11050 move(s) completed (32 accepted (0.2896 %)). Current N = 2. Average N = 1.362
2021-03-26 02:26:28,724 - INFO: 11100 move(s) completed (32 accepted (0.2883 %)). Current N = 2. Average N = 1.365
2021-03-26 02:26:37,560 - INFO: 11150 move(s) completed (32 accepted (0.2870 %)). Current N = 2. Average N = 1.368
2021-03-26 02:26:46,519 - INFO: 11200 move(s) completed (32 accepted (0.2857 %)). Current N = 2. Average N = 1.371
2021-03-26 02:26:54,982 - INFO: 11250 move(s) completed (32 accepted (0.2844 %)). Current N = 2. Average N = 1.373
2021-03-26 02:27:03,914 - INFO: 11300 move(s) completed (32 accepted (0.2832 %)). Current N = 2. Average N = 1.376
2021-03-26 02:27:12,625 - INFO: 11350 move(s) completed (32 accepted (0.2819 %)). Current N = 2. Average N = 1.379
2021-03-26 02:27:21,470 - INFO: 11400 move(s) completed (32 accepted (0.2807 %)). Current N = 2. Average N = 1.382
2021-03-26 02:27:30,698 - INFO: 11450 move(s) completed (32 accepted (0.2795 %)). Current N = 2. Average N = 1.384
2021-03-26 02:27:39,377 - INFO: 11500 move(s) completed (32 accepted (0.2783 %)). Current N = 2. Average N = 1.387
2021-03-26 02:27:48,674 - INFO: 11550 move(s) completed (32 accepted (0.2771 %)). Current N = 2. Average N = 1.390
2021-03-26 02:27:57,483 - INFO: 11600 move(s) completed (32 accepted (0.2759 %)). Current N = 2. Average N = 1.392
2021-03-26 02:28:06,424 - INFO: 11650 move(s) completed (32 accepted (0.2747 %)). Current N = 2. Average N = 1.395
2021-03-26 02:28:15,982 - INFO: 11700 move(s) completed (32 accepted (0.2735 %)). Current N = 2. Average N = 1.397
2021-03-26 02:28:24,824 - INFO: 11750 move(s) completed (32 accepted (0.2723 %)). Current N = 2. Average N = 1.400
2021-03-26 02:28:34,034 - INFO: 11800 move(s) completed (32 accepted (0.2712 %)). Current N = 2. Average N = 1.403
2021-03-26 02:28:42,609 - INFO: 11850 move(s) completed (32 accepted (0.2700 %)). Current N = 2. Average N = 1.405
2021-03-26 02:28:51,663 - INFO: 11900 move(s) completed (32 accepted (0.2689 %)). Current N = 2. Average N = 1.408
2021-03-26 02:29:01,046 - INFO: 11950 move(s) completed (32 accepted (0.2678 %)). Current N = 2. Average N = 1.410
2021-03-26 02:29:09,846 - INFO: 12000 move(s) completed (32 accepted (0.2667 %)). Current N = 2. Average N = 1.413
2021-03-26 02:29:18,961 - INFO: 12050 move(s) completed (32 accepted (0.2656 %)). Current N = 2. Average N = 1.415
2021-03-26 02:29:27,840 - INFO: 12100 move(s) completed (32 accepted (0.2645 %)). Current N = 2. Average N = 1.417
2021-03-26 02:29:36,838 - INFO: 12150 move(s) completed (32 accepted (0.2634 %)). Current N = 2. Average N = 1.420
2021-03-26 02:29:45,551 - INFO: 12200 move(s) completed (32 accepted (0.2623 %)). Current N = 2. Average N = 1.422
2021-03-26 02:29:54,262 - INFO: 12250 move(s) completed (32 accepted (0.2612 %)). Current N = 2. Average N = 1.425
2021-03-26 02:30:03,531 - INFO: 12300 move(s) completed (32 accepted (0.2602 %)). Current N = 2. Average N = 1.427
2021-03-26 02:30:12,255 - INFO: 12350 move(s) completed (32 accepted (0.2591 %)). Current N = 2. Average N = 1.429
2021-03-26 02:30:21,490 - INFO: 12400 move(s) completed (32 accepted (0.2581 %)). Current N = 2. Average N = 1.431
2021-03-26 02:30:30,224 - INFO: 12450 move(s) completed (32 accepted (0.2570 %)). Current N = 2. Average N = 1.434
2021-03-26 02:30:39,079 - INFO: 12500 move(s) completed (32 accepted (0.2560 %)). Current N = 2. Average N = 1.436
2021-03-26 02:30:48,434 - INFO: 12550 move(s) completed (32 accepted (0.2550 %)). Current N = 2. Average N = 1.438
2021-03-26 02:30:57,255 - INFO: 12600 move(s) completed (32 accepted (0.2540 %)). Current N = 2. Average N = 1.441
2021-03-26 02:31:06,386 - INFO: 12650 move(s) completed (32 accepted (0.2530 %)). Current N = 2. Average N = 1.443
2021-03-26 02:31:15,226 - INFO: 12700 move(s) completed (32 accepted (0.2520 %)). Current N = 2. Average N = 1.445
2021-03-26 02:31:24,273 - INFO: 12750 move(s) completed (32 accepted (0.2510 %)). Current N = 2. Average N = 1.447
2021-03-26 02:31:33,045 - INFO: 12800 move(s) completed (32 accepted (0.2500 %)). Current N = 2. Average N = 1.449
2021-03-26 02:31:42,108 - INFO: 12850 move(s) completed (32 accepted (0.2490 %)). Current N = 2. Average N = 1.451
2021-03-26 02:31:51,236 - INFO: 12900 move(s) completed (32 accepted (0.2481 %)). Current N = 2. Average N = 1.454
2021-03-26 02:31:59,810 - INFO: 12950 move(s) completed (32 accepted (0.2471 %)). Current N = 2. Average N = 1.456
2021-03-26 02:32:08,876 - INFO: 13000 move(s) completed (32 accepted (0.2462 %)). Current N = 2. Average N = 1.458
2021-03-26 02:32:18,324 - INFO: 13050 move(s) completed (32 accepted (0.2452 %)). Current N = 2. Average N = 1.460
2021-03-26 02:32:27,223 - INFO: 13100 move(s) completed (32 accepted (0.2443 %)). Current N = 2. Average N = 1.462
2021-03-26 02:32:36,410 - INFO: 13150 move(s) completed (32 accepted (0.2433 %)). Current N = 2. Average N = 1.464
2021-03-26 02:32:45,043 - INFO: 13200 move(s) completed (32 accepted (0.2424 %)). Current N = 2. Average N = 1.466
2021-03-26 02:32:53,844 - INFO: 13250 move(s) completed (32 accepted (0.2415 %)). Current N = 2. Average N = 1.468
2021-03-26 02:33:02,986 - INFO: 13300 move(s) completed (32 accepted (0.2406 %)). Current N = 2. Average N = 1.470
2021-03-26 02:33:11,726 - INFO: 13350 move(s) completed (32 accepted (0.2397 %)). Current N = 2. Average N = 1.472
2021-03-26 02:33:21,038 - INFO: 13400 move(s) completed (32 accepted (0.2388 %)). Current N = 2. Average N = 1.474
2021-03-26 02:33:29,708 - INFO: 13450 move(s) completed (32 accepted (0.2379 %)). Current N = 2. Average N = 1.476
2021-03-26 02:33:38,928 - INFO: 13500 move(s) completed (32 accepted (0.2370 %)). Current N = 2. Average N = 1.478
2021-03-26 02:33:47,518 - INFO: 13550 move(s) completed (32 accepted (0.2362 %)). Current N = 2. Average N = 1.480
2021-03-26 02:33:56,680 - INFO: 13600 move(s) completed (32 accepted (0.2353 %)). Current N = 2. Average N = 1.482
2021-03-26 02:34:06,302 - INFO: 13650 move(s) completed (32 accepted (0.2344 %)). Current N = 2. Average N = 1.484
2021-03-26 02:34:15,060 - INFO: 13700 move(s) completed (32 accepted (0.2336 %)). Current N = 2. Average N = 1.486
2021-03-26 02:34:23,910 - INFO: 13750 move(s) completed (32 accepted (0.2327 %)). Current N = 2. Average N = 1.487
2021-03-26 02:34:32,608 - INFO: 13800 move(s) completed (32 accepted (0.2319 %)). Current N = 2. Average N = 1.489
2021-03-26 02:34:41,675 - INFO: 13850 move(s) completed (32 accepted (0.2310 %)). Current N = 2. Average N = 1.491
2021-03-26 02:34:50,232 - INFO: 13900 move(s) completed (32 accepted (0.2302 %)). Current N = 2. Average N = 1.493
2021-03-26 02:34:58,951 - INFO: 13950 move(s) completed (32 accepted (0.2294 %)). Current N = 2. Average N = 1.495
2021-03-26 02:35:08,424 - INFO: 14000 move(s) completed (32 accepted (0.2286 %)). Current N = 2. Average N = 1.496
2021-03-26 02:35:17,135 - INFO: 14050 move(s) completed (32 accepted (0.2278 %)). Current N = 2. Average N = 1.498
2021-03-26 02:35:26,336 - INFO: 14100 move(s) completed (34 accepted (0.2411 %)). Current N = 2. Average N = 1.500
2021-03-26 02:35:35,007 - INFO: 14150 move(s) completed (34 accepted (0.2403 %)). Current N = 2. Average N = 1.502
2021-03-26 02:35:44,231 - INFO: 14200 move(s) completed (34 accepted (0.2394 %)). Current N = 2. Average N = 1.504
2021-03-26 02:35:52,748 - INFO: 14250 move(s) completed (34 accepted (0.2386 %)). Current N = 2. Average N = 1.506
2021-03-26 02:36:01,676 - INFO: 14300 move(s) completed (34 accepted (0.2378 %)). Current N = 2. Average N = 1.507
2021-03-26 02:36:10,841 - INFO: 14350 move(s) completed (34 accepted (0.2369 %)). Current N = 2. Average N = 1.509
2021-03-26 02:36:19,522 - INFO: 14400 move(s) completed (34 accepted (0.2361 %)). Current N = 2. Average N = 1.511
2021-03-26 02:36:28,692 - INFO: 14450 move(s) completed (34 accepted (0.2353 %)). Current N = 2. Average N = 1.512
2021-03-26 02:36:37,445 - INFO: 14500 move(s) completed (34 accepted (0.2345 %)). Current N = 2. Average N = 1.514
2021-03-26 02:36:46,482 - INFO: 14550 move(s) completed (34 accepted (0.2337 %)). Current N = 2. Average N = 1.516
2021-03-26 02:36:55,779 - INFO: 14600 move(s) completed (34 accepted (0.2329 %)). Current N = 2. Average N = 1.518
2021-03-26 02:37:04,737 - INFO: 14650 move(s) completed (34 accepted (0.2321 %)). Current N = 2. Average N = 1.519
2021-03-26 02:37:14,037 - INFO: 14700 move(s) completed (34 accepted (0.2313 %)). Current N = 2. Average N = 1.521
2021-03-26 02:37:22,583 - INFO: 14750 move(s) completed (34 accepted (0.2305 %)). Current N = 2. Average N = 1.522
2021-03-26 02:37:31,346 - INFO: 14800 move(s) completed (34 accepted (0.2297 %)). Current N = 2. Average N = 1.524
2021-03-26 02:37:39,919 - INFO: 14850 move(s) completed (34 accepted (0.2290 %)). Current N = 2. Average N = 1.526
2021-03-26 02:37:48,846 - INFO: 14900 move(s) completed (34 accepted (0.2282 %)). Current N = 2. Average N = 1.527
2021-03-26 02:37:58,011 - INFO: 14950 move(s) completed (34 accepted (0.2274 %)). Current N = 2. Average N = 1.529
2021-03-26 02:38:06,654 - INFO: 15000 move(s) completed (35 accepted (0.2333 %)). Current N = 3. Average N = 1.531
2021-03-26 02:38:15,879 - INFO: 15050 move(s) completed (35 accepted (0.2326 %)). Current N = 3. Average N = 1.536
2021-03-26 02:38:24,705 - INFO: 15100 move(s) completed (35 accepted (0.2318 %)). Current N = 3. Average N = 1.540
2021-03-26 02:38:33,733 - INFO: 15150 move(s) completed (35 accepted (0.2310 %)). Current N = 3. Average N = 1.545
2021-03-26 02:38:42,296 - INFO: 15200 move(s) completed (36 accepted (0.2368 %)). Current N = 2. Average N = 1.548
2021-03-26 02:38:51,126 - INFO: 15250 move(s) completed (36 accepted (0.2361 %)). Current N = 2. Average N = 1.550
2021-03-26 02:39:00,378 - INFO: 15300 move(s) completed (36 accepted (0.2353 %)). Current N = 2. Average N = 1.551
2021-03-26 02:39:08,970 - INFO: 15350 move(s) completed (36 accepted (0.2345 %)). Current N = 2. Average N = 1.552
2021-03-26 02:39:18,226 - INFO: 15400 move(s) completed (36 accepted (0.2338 %)). Current N = 2. Average N = 1.554
2021-03-26 02:39:26,873 - INFO: 15450 move(s) completed (36 accepted (0.2330 %)). Current N = 2. Average N = 1.555
2021-03-26 02:39:36,045 - INFO: 15500 move(s) completed (36 accepted (0.2323 %)). Current N = 2. Average N = 1.557
2021-03-26 02:39:44,642 - INFO: 15550 move(s) completed (36 accepted (0.2315 %)). Current N = 2. Average N = 1.558
2021-03-26 02:39:53,637 - INFO: 15600 move(s) completed (36 accepted (0.2308 %)). Current N = 2. Average N = 1.560
2021-03-26 02:40:02,090 - INFO: 15650 move(s) completed (36 accepted (0.2300 %)). Current N = 2. Average N = 1.561
2021-03-26 02:40:10,934 - INFO: 15700 move(s) completed (36 accepted (0.2293 %)). Current N = 2. Average N = 1.562
2021-03-26 02:40:20,150 - INFO: 15750 move(s) completed (36 accepted (0.2286 %)). Current N = 2. Average N = 1.564
2021-03-26 02:40:28,966 - INFO: 15800 move(s) completed (36 accepted (0.2278 %)). Current N = 2. Average N = 1.565
2021-03-26 02:40:38,177 - INFO: 15850 move(s) completed (36 accepted (0.2271 %)). Current N = 2. Average N = 1.567
2021-03-26 02:40:46,493 - INFO: 15900 move(s) completed (36 accepted (0.2264 %)). Current N = 2. Average N = 1.568
2021-03-26 02:40:55,298 - INFO: 15950 move(s) completed (36 accepted (0.2257 %)). Current N = 2. Average N = 1.569
2021-03-26 02:41:03,845 - INFO: 16000 move(s) completed (36 accepted (0.2250 %)). Current N = 2. Average N = 1.571
2021-03-26 02:41:13,042 - INFO: 16050 move(s) completed (36 accepted (0.2243 %)). Current N = 2. Average N = 1.572
2021-03-26 02:41:22,213 - INFO: 16100 move(s) completed (36 accepted (0.2236 %)). Current N = 2. Average N = 1.573
2021-03-26 02:41:30,929 - INFO: 16150 move(s) completed (36 accepted (0.2229 %)). Current N = 2. Average N = 1.575
2021-03-26 02:41:40,012 - INFO: 16200 move(s) completed (36 accepted (0.2222 %)). Current N = 2. Average N = 1.576
2021-03-26 02:41:48,731 - INFO: 16250 move(s) completed (36 accepted (0.2215 %)). Current N = 2. Average N = 1.577
2021-03-26 02:41:57,888 - INFO: 16300 move(s) completed (36 accepted (0.2209 %)). Current N = 2. Average N = 1.579
2021-03-26 02:42:07,103 - INFO: 16350 move(s) completed (36 accepted (0.2202 %)). Current N = 2. Average N = 1.580
2021-03-26 02:42:16,022 - INFO: 16400 move(s) completed (36 accepted (0.2195 %)). Current N = 2. Average N = 1.581
2021-03-26 02:42:25,037 - INFO: 16450 move(s) completed (36 accepted (0.2188 %)). Current N = 2. Average N = 1.582
2021-03-26 02:42:34,069 - INFO: 16500 move(s) completed (36 accepted (0.2182 %)). Current N = 2. Average N = 1.584
2021-03-26 02:42:43,074 - INFO: 16550 move(s) completed (36 accepted (0.2175 %)). Current N = 2. Average N = 1.585
2021-03-26 02:42:51,413 - INFO: 16600 move(s) completed (37 accepted (0.2229 %)). Current N = 3. Average N = 1.587
2021-03-26 02:43:00,275 - INFO: 16650 move(s) completed (37 accepted (0.2222 %)). Current N = 3. Average N = 1.591
2021-03-26 02:43:08,787 - INFO: 16700 move(s) completed (37 accepted (0.2216 %)). Current N = 3. Average N = 1.596
2021-03-26 02:43:17,788 - INFO: 16750 move(s) completed (37 accepted (0.2209 %)). Current N = 3. Average N = 1.600
2021-03-26 02:43:27,316 - INFO: 16800 move(s) completed (37 accepted (0.2202 %)). Current N = 3. Average N = 1.604
2021-03-26 02:43:36,150 - INFO: 16850 move(s) completed (37 accepted (0.2196 %)). Current N = 3. Average N = 1.608
2021-03-26 02:43:45,300 - INFO: 16900 move(s) completed (37 accepted (0.2189 %)). Current N = 3. Average N = 1.612
2021-03-26 02:43:53,553 - INFO: 16950 move(s) completed (37 accepted (0.2183 %)). Current N = 3. Average N = 1.616
2021-03-26 02:44:02,317 - INFO: 17000 move(s) completed (37 accepted (0.2176 %)). Current N = 3. Average N = 1.620
2021-03-26 02:44:11,529 - INFO: 17050 move(s) completed (37 accepted (0.2170 %)). Current N = 3. Average N = 1.624
2021-03-26 02:44:20,390 - INFO: 17100 move(s) completed (37 accepted (0.2164 %)). Current N = 3. Average N = 1.628
2021-03-26 02:44:29,641 - INFO: 17150 move(s) completed (37 accepted (0.2157 %)). Current N = 3. Average N = 1.632
2021-03-26 02:44:38,214 - INFO: 17200 move(s) completed (37 accepted (0.2151 %)). Current N = 3. Average N = 1.636
2021-03-26 02:44:47,217 - INFO: 17250 move(s) completed (37 accepted (0.2145 %)). Current N = 3. Average N = 1.640
2021-03-26 02:44:56,710 - INFO: 17300 move(s) completed (37 accepted (0.2139 %)). Current N = 3. Average N = 1.644
2021-03-26 02:45:05,438 - INFO: 17350 move(s) completed (37 accepted (0.2133 %)). Current N = 3. Average N = 1.648
2021-03-26 02:45:14,605 - INFO: 17400 move(s) completed (37 accepted (0.2126 %)). Current N = 3. Average N = 1.652
2021-03-26 02:45:23,256 - INFO: 17450 move(s) completed (37 accepted (0.2120 %)). Current N = 3. Average N = 1.656
2021-03-26 02:45:32,595 - INFO: 17500 move(s) completed (37 accepted (0.2114 %)). Current N = 3. Average N = 1.660
2021-03-26 02:45:41,199 - INFO: 17550 move(s) completed (37 accepted (0.2108 %)). Current N = 3. Average N = 1.664
2021-03-26 02:45:50,094 - INFO: 17600 move(s) completed (37 accepted (0.2102 %)). Current N = 3. Average N = 1.667
2021-03-26 02:45:58,577 - INFO: 17650 move(s) completed (37 accepted (0.2096 %)). Current N = 3. Average N = 1.671
2021-03-26 02:46:07,319 - INFO: 17700 move(s) completed (37 accepted (0.2090 %)). Current N = 3. Average N = 1.675
2021-03-26 02:46:16,683 - INFO: 17750 move(s) completed (38 accepted (0.2141 %)). Current N = 2. Average N = 1.676
2021-03-26 02:46:25,425 - INFO: 17800 move(s) completed (38 accepted (0.2135 %)). Current N = 2. Average N = 1.677
2021-03-26 02:46:34,691 - INFO: 17850 move(s) completed (38 accepted (0.2129 %)). Current N = 2. Average N = 1.678
2021-03-26 02:46:43,345 - INFO: 17900 move(s) completed (38 accepted (0.2123 %)). Current N = 2. Average N = 1.679
2021-03-26 02:46:52,508 - INFO: 17950 move(s) completed (38 accepted (0.2117 %)). Current N = 2. Average N = 1.680
2021-03-26 02:47:00,964 - INFO: 18000 move(s) completed (38 accepted (0.2111 %)). Current N = 2. Average N = 1.681
2021-03-26 02:47:09,784 - INFO: 18050 move(s) completed (38 accepted (0.2105 %)). Current N = 2. Average N = 1.681
2021-03-26 02:47:18,986 - INFO: 18100 move(s) completed (38 accepted (0.2099 %)). Current N = 2. Average N = 1.682
2021-03-26 02:47:28,077 - INFO: 18150 move(s) completed (38 accepted (0.2094 %)). Current N = 2. Average N = 1.683
2021-03-26 02:47:37,401 - INFO: 18200 move(s) completed (38 accepted (0.2088 %)). Current N = 2. Average N = 1.684
2021-03-26 02:47:46,017 - INFO: 18250 move(s) completed (38 accepted (0.2082 %)). Current N = 2. Average N = 1.685
2021-03-26 02:47:55,002 - INFO: 18300 move(s) completed (38 accepted (0.2077 %)). Current N = 2. Average N = 1.686
2021-03-26 02:48:03,468 - INFO: 18350 move(s) completed (38 accepted (0.2071 %)). Current N = 2. Average N = 1.687
2021-03-26 02:48:12,424 - INFO: 18400 move(s) completed (38 accepted (0.2065 %)). Current N = 2. Average N = 1.687
2021-03-26 02:48:21,880 - INFO: 18450 move(s) completed (38 accepted (0.2060 %)). Current N = 2. Average N = 1.688
2021-03-26 02:48:30,460 - INFO: 18500 move(s) completed (38 accepted (0.2054 %)). Current N = 2. Average N = 1.689
2021-03-26 02:48:39,437 - INFO: 18550 move(s) completed (38 accepted (0.2049 %)). Current N = 2. Average N = 1.690
2021-03-26 02:48:48,039 - INFO: 18600 move(s) completed (40 accepted (0.2151 %)). Current N = 2. Average N = 1.692
2021-03-26 02:48:57,131 - INFO: 18650 move(s) completed (40 accepted (0.2145 %)). Current N = 2. Average N = 1.692
2021-03-26 02:49:06,424 - INFO: 18700 move(s) completed (40 accepted (0.2139 %)). Current N = 2. Average N = 1.693
2021-03-26 02:49:15,368 - INFO: 18750 move(s) completed (40 accepted (0.2133 %)). Current N = 2. Average N = 1.694
2021-03-26 02:49:24,564 - INFO: 18800 move(s) completed (40 accepted (0.2128 %)). Current N = 2. Average N = 1.695
2021-03-26 02:49:33,106 - INFO: 18850 move(s) completed (42 accepted (0.2228 %)). Current N = 2. Average N = 1.696
2021-03-26 02:49:42,216 - INFO: 18900 move(s) completed (42 accepted (0.2222 %)). Current N = 2. Average N = 1.697
2021-03-26 02:49:50,716 - INFO: 18950 move(s) completed (42 accepted (0.2216 %)). Current N = 2. Average N = 1.697
2021-03-26 02:49:59,387 - INFO: 19000 move(s) completed (42 accepted (0.2211 %)). Current N = 2. Average N = 1.698
2021-03-26 02:50:08,619 - INFO: 19050 move(s) completed (42 accepted (0.2205 %)). Current N = 2. Average N = 1.699
2021-03-26 02:50:17,485 - INFO: 19100 move(s) completed (42 accepted (0.2199 %)). Current N = 2. Average N = 1.700
2021-03-26 02:50:26,754 - INFO: 19150 move(s) completed (42 accepted (0.2193 %)). Current N = 2. Average N = 1.700
2021-03-26 02:50:35,367 - INFO: 19200 move(s) completed (42 accepted (0.2188 %)). Current N = 2. Average N = 1.701
2021-03-26 02:50:44,543 - INFO: 19250 move(s) completed (42 accepted (0.2182 %)). Current N = 2. Average N = 1.702
2021-03-26 02:50:53,745 - INFO: 19300 move(s) completed (42 accepted (0.2176 %)). Current N = 2. Average N = 1.703
2021-03-26 02:51:02,423 - INFO: 19350 move(s) completed (42 accepted (0.2171 %)). Current N = 2. Average N = 1.704
2021-03-26 02:51:11,651 - INFO: 19400 move(s) completed (42 accepted (0.2165 %)). Current N = 2. Average N = 1.704
2021-03-26 02:51:20,720 - INFO: 19450 move(s) completed (42 accepted (0.2159 %)). Current N = 2. Average N = 1.705
2021-03-26 02:51:29,887 - INFO: 19500 move(s) completed (42 accepted (0.2154 %)). Current N = 2. Average N = 1.706
2021-03-26 02:51:38,762 - INFO: 19550 move(s) completed (42 accepted (0.2148 %)). Current N = 2. Average N = 1.707
2021-03-26 02:51:47,695 - INFO: 19600 move(s) completed (42 accepted (0.2143 %)). Current N = 2. Average N = 1.707
2021-03-26 02:51:57,021 - INFO: 19650 move(s) completed (42 accepted (0.2137 %)). Current N = 2. Average N = 1.708
2021-03-26 02:52:05,761 - INFO: 19700 move(s) completed (42 accepted (0.2132 %)). Current N = 2. Average N = 1.709
2021-03-26 02:52:14,873 - INFO: 19750 move(s) completed (42 accepted (0.2127 %)). Current N = 2. Average N = 1.710
2021-03-26 02:52:23,457 - INFO: 19800 move(s) completed (42 accepted (0.2121 %)). Current N = 2. Average N = 1.710
2021-03-26 02:52:32,559 - INFO: 19850 move(s) completed (42 accepted (0.2116 %)). Current N = 2. Average N = 1.711
2021-03-26 02:52:41,805 - INFO: 19900 move(s) completed (42 accepted (0.2111 %)). Current N = 2. Average N = 1.712
2021-03-26 02:52:50,626 - INFO: 19950 move(s) completed (42 accepted (0.2105 %)). Current N = 2. Average N = 1.712
2021-03-26 02:52:59,831 - INFO: 20000 move(s) completed (42 accepted (0.2100 %)). Current N = 2. Average N = 1.713
2021-03-26 02:53:08,778 - INFO: 20050 move(s) completed (42 accepted (0.2095 %)). Current N = 2. Average N = 1.714
2021-03-26 02:53:17,735 - INFO: 20100 move(s) completed (42 accepted (0.2090 %)). Current N = 2. Average N = 1.715
2021-03-26 02:53:26,954 - INFO: 20150 move(s) completed (42 accepted (0.2084 %)). Current N = 2. Average N = 1.715
2021-03-26 02:53:35,897 - INFO: 20200 move(s) completed (44 accepted (0.2178 %)). Current N = 2. Average N = 1.716
2021-03-26 02:53:44,879 - INFO: 20250 move(s) completed (44 accepted (0.2173 %)). Current N = 2. Average N = 1.717
2021-03-26 02:53:53,741 - INFO: 20300 move(s) completed (44 accepted (0.2167 %)). Current N = 2. Average N = 1.718
2021-03-26 02:54:02,703 - INFO: 20350 move(s) completed (44 accepted (0.2162 %)). Current N = 2. Average N = 1.718
2021-03-26 02:54:11,225 - INFO: 20400 move(s) completed (44 accepted (0.2157 %)). Current N = 2. Average N = 1.719
2021-03-26 02:54:20,487 - INFO: 20450 move(s) completed (44 accepted (0.2152 %)). Current N = 2. Average N = 1.720
2021-03-26 02:54:29,922 - INFO: 20500 move(s) completed (44 accepted (0.2146 %)). Current N = 2. Average N = 1.720
2021-03-26 02:54:38,617 - INFO: 20550 move(s) completed (44 accepted (0.2141 %)). Current N = 2. Average N = 1.721
2021-03-26 02:54:47,748 - INFO: 20600 move(s) completed (44 accepted (0.2136 %)). Current N = 2. Average N = 1.722
2021-03-26 02:54:56,476 - INFO: 20650 move(s) completed (44 accepted (0.2131 %)). Current N = 2. Average N = 1.722
2021-03-26 02:55:05,457 - INFO: 20700 move(s) completed (44 accepted (0.2126 %)). Current N = 2. Average N = 1.723
2021-03-26 02:55:14,741 - INFO: 20750 move(s) completed (44 accepted (0.2120 %)). Current N = 2. Average N = 1.724
2021-03-26 02:55:23,166 - INFO: 20800 move(s) completed (44 accepted (0.2115 %)). Current N = 2. Average N = 1.724
2021-03-26 02:55:32,034 - INFO: 20850 move(s) completed (44 accepted (0.2110 %)). Current N = 2. Average N = 1.725
2021-03-26 02:55:40,688 - INFO: 20900 move(s) completed (44 accepted (0.2105 %)). Current N = 2. Average N = 1.726
2021-03-26 02:55:49,624 - INFO: 20950 move(s) completed (44 accepted (0.2100 %)). Current N = 2. Average N = 1.726
2021-03-26 02:55:58,475 - INFO: 21000 move(s) completed (44 accepted (0.2095 %)). Current N = 2. Average N = 1.727
2021-03-26 02:56:07,238 - INFO: 21050 move(s) completed (44 accepted (0.2090 %)). Current N = 2. Average N = 1.728
2021-03-26 02:56:16,317 - INFO: 21100 move(s) completed (44 accepted (0.2085 %)). Current N = 2. Average N = 1.728
2021-03-26 02:56:25,067 - INFO: 21150 move(s) completed (44 accepted (0.2080 %)). Current N = 2. Average N = 1.729
2021-03-26 02:56:34,130 - INFO: 21200 move(s) completed (44 accepted (0.2075 %)). Current N = 2. Average N = 1.730
2021-03-26 02:56:42,952 - INFO: 21250 move(s) completed (44 accepted (0.2071 %)). Current N = 2. Average N = 1.730
2021-03-26 02:56:52,160 - INFO: 21300 move(s) completed (44 accepted (0.2066 %)). Current N = 2. Average N = 1.731
2021-03-26 02:57:01,412 - INFO: 21350 move(s) completed (44 accepted (0.2061 %)). Current N = 2. Average N = 1.732
2021-03-26 02:57:10,315 - INFO: 21400 move(s) completed (44 accepted (0.2056 %)). Current N = 2. Average N = 1.732
2021-03-26 02:57:19,574 - INFO: 21450 move(s) completed (44 accepted (0.2051 %)). Current N = 2. Average N = 1.733
2021-03-26 02:57:28,308 - INFO: 21500 move(s) completed (44 accepted (0.2047 %)). Current N = 2. Average N = 1.734
2021-03-26 02:57:37,084 - INFO: 21550 move(s) completed (44 accepted (0.2042 %)). Current N = 2. Average N = 1.734
2021-03-26 02:57:45,687 - INFO: 21600 move(s) completed (44 accepted (0.2037 %)). Current N = 2. Average N = 1.735
2021-03-26 02:57:54,588 - INFO: 21650 move(s) completed (44 accepted (0.2032 %)). Current N = 2. Average N = 1.735
2021-03-26 02:58:03,905 - INFO: 21700 move(s) completed (44 accepted (0.2028 %)). Current N = 2. Average N = 1.736
2021-03-26 02:58:12,935 - INFO: 21750 move(s) completed (44 accepted (0.2023 %)). Current N = 2. Average N = 1.737
2021-03-26 02:58:22,190 - INFO: 21800 move(s) completed (44 accepted (0.2018 %)). Current N = 2. Average N = 1.737
2021-03-26 02:58:30,655 - INFO: 21850 move(s) completed (44 accepted (0.2014 %)). Current N = 2. Average N = 1.738
2021-03-26 02:58:39,414 - INFO: 21900 move(s) completed (44 accepted (0.2009 %)). Current N = 2. Average N = 1.738
2021-03-26 02:58:48,719 - INFO: 21950 move(s) completed (44 accepted (0.2005 %)). Current N = 2. Average N = 1.739
2021-03-26 02:58:57,458 - INFO: 22000 move(s) completed (44 accepted (0.2000 %)). Current N = 2. Average N = 1.740
2021-03-26 02:59:06,592 - INFO: 22050 move(s) completed (44 accepted (0.1995 %)). Current N = 2. Average N = 1.740
2021-03-26 02:59:15,283 - INFO: 22100 move(s) completed (44 accepted (0.1991 %)). Current N = 2. Average N = 1.741
2021-03-26 02:59:24,319 - INFO: 22150 move(s) completed (44 accepted (0.1986 %)). Current N = 2. Average N = 1.741
2021-03-26 02:59:32,852 - INFO: 22200 move(s) completed (44 accepted (0.1982 %)). Current N = 2. Average N = 1.742
2021-03-26 02:59:41,830 - INFO: 22250 move(s) completed (44 accepted (0.1978 %)). Current N = 2. Average N = 1.742
2021-03-26 02:59:51,123 - INFO: 22300 move(s) completed (44 accepted (0.1973 %)). Current N = 2. Average N = 1.743
2021-03-26 03:00:00,081 - INFO: 22350 move(s) completed (44 accepted (0.1969 %)). Current N = 2. Average N = 1.744
2021-03-26 03:00:09,389 - INFO: 22400 move(s) completed (44 accepted (0.1964 %)). Current N = 2. Average N = 1.744
2021-03-26 03:00:17,925 - INFO: 22450 move(s) completed (44 accepted (0.1960 %)). Current N = 2. Average N = 1.745
2021-03-26 03:00:26,767 - INFO: 22500 move(s) completed (44 accepted (0.1956 %)). Current N = 2. Average N = 1.745
2021-03-26 03:00:35,320 - INFO: 22550 move(s) completed (44 accepted (0.1951 %)). Current N = 2. Average N = 1.746
2021-03-26 03:00:44,383 - INFO: 22600 move(s) completed (44 accepted (0.1947 %)). Current N = 2. Average N = 1.746
2021-03-26 03:00:53,873 - INFO: 22650 move(s) completed (44 accepted (0.1943 %)). Current N = 2. Average N = 1.747
2021-03-26 03:01:02,578 - INFO: 22700 move(s) completed (44 accepted (0.1938 %)). Current N = 2. Average N = 1.748
2021-03-26 03:01:11,683 - INFO: 22750 move(s) completed (44 accepted (0.1934 %)). Current N = 2. Average N = 1.748
2021-03-26 03:01:20,496 - INFO: 22800 move(s) completed (44 accepted (0.1930 %)). Current N = 2. Average N = 1.749
2021-03-26 03:01:29,456 - INFO: 22850 move(s) completed (44 accepted (0.1926 %)). Current N = 2. Average N = 1.749
2021-03-26 03:01:38,666 - INFO: 22900 move(s) completed (44 accepted (0.1921 %)). Current N = 2. Average N = 1.750
2021-03-26 03:01:47,531 - INFO: 22950 move(s) completed (44 accepted (0.1917 %)). Current N = 2. Average N = 1.750
2021-03-26 03:01:56,620 - INFO: 23000 move(s) completed (45 accepted (0.1957 %)). Current N = 3. Average N = 1.752
2021-03-26 03:02:05,572 - INFO: 23050 move(s) completed (45 accepted (0.1952 %)). Current N = 3. Average N = 1.754
2021-03-26 03:02:14,644 - INFO: 23100 move(s) completed (45 accepted (0.1948 %)). Current N = 3. Average N = 1.757
2021-03-26 03:02:23,181 - INFO: 23150 move(s) completed (45 accepted (0.1944 %)). Current N = 3. Average N = 1.760
2021-03-26 03:02:32,023 - INFO: 23200 move(s) completed (45 accepted (0.1940 %)). Current N = 3. Average N = 1.762
2021-03-26 03:02:41,222 - INFO: 23250 move(s) completed (45 accepted (0.1935 %)). Current N = 3. Average N = 1.765
2021-03-26 03:02:50,112 - INFO: 23300 move(s) completed (45 accepted (0.1931 %)). Current N = 3. Average N = 1.768
2021-03-26 03:02:59,180 - INFO: 23350 move(s) completed (45 accepted (0.1927 %)). Current N = 3. Average N = 1.770
2021-03-26 03:03:08,134 - INFO: 23400 move(s) completed (45 accepted (0.1923 %)). Current N = 3. Average N = 1.773
2021-03-26 03:03:17,152 - INFO: 23450 move(s) completed (46 accepted (0.1962 %)). Current N = 2. Average N = 1.775
2021-03-26 03:03:26,526 - INFO: 23500 move(s) completed (46 accepted (0.1957 %)). Current N = 2. Average N = 1.776
2021-03-26 03:03:35,377 - INFO: 23550 move(s) completed (46 accepted (0.1953 %)). Current N = 2. Average N = 1.776
2021-03-26 03:03:44,498 - INFO: 23600 move(s) completed (46 accepted (0.1949 %)). Current N = 2. Average N = 1.776
2021-03-26 03:03:52,992 - INFO: 23650 move(s) completed (46 accepted (0.1945 %)). Current N = 2. Average N = 1.777
2021-03-26 03:04:02,125 - INFO: 23700 move(s) completed (46 accepted (0.1941 %)). Current N = 2. Average N = 1.777
2021-03-26 03:04:10,521 - INFO: 23750 move(s) completed (46 accepted (0.1937 %)). Current N = 2. Average N = 1.778
2021-03-26 03:04:19,543 - INFO: 23800 move(s) completed (46 accepted (0.1933 %)). Current N = 2. Average N = 1.778
2021-03-26 03:04:28,949 - INFO: 23850 move(s) completed (46 accepted (0.1929 %)). Current N = 2. Average N = 1.779
2021-03-26 03:04:37,723 - INFO: 23900 move(s) completed (46 accepted (0.1925 %)). Current N = 2. Average N = 1.779
2021-03-26 03:04:46,837 - INFO: 23950 move(s) completed (46 accepted (0.1921 %)). Current N = 2. Average N = 1.780
2021-03-26 03:04:55,374 - INFO: 24000 move(s) completed (46 accepted (0.1917 %)). Current N = 2. Average N = 1.780
2021-03-26 03:05:04,568 - INFO: 24050 move(s) completed (46 accepted (0.1913 %)). Current N = 2. Average N = 1.781
2021-03-26 03:05:13,339 - INFO: 24100 move(s) completed (46 accepted (0.1909 %)). Current N = 2. Average N = 1.781
2021-03-26 03:05:22,433 - INFO: 24150 move(s) completed (46 accepted (0.1905 %)). Current N = 2. Average N = 1.782
2021-03-26 03:05:31,648 - INFO: 24200 move(s) completed (46 accepted (0.1901 %)). Current N = 2. Average N = 1.782
2021-03-26 03:05:40,395 - INFO: 24250 move(s) completed (46 accepted (0.1897 %)). Current N = 2. Average N = 1.782
2021-03-26 03:05:49,577 - INFO: 24300 move(s) completed (46 accepted (0.1893 %)). Current N = 2. Average N = 1.783
2021-03-26 03:05:58,286 - INFO: 24350 move(s) completed (46 accepted (0.1889 %)). Current N = 2. Average N = 1.783
2021-03-26 03:06:07,177 - INFO: 24400 move(s) completed (46 accepted (0.1885 %)). Current N = 2. Average N = 1.784
2021-03-26 03:06:16,616 - INFO: 24450 move(s) completed (46 accepted (0.1881 %)). Current N = 2. Average N = 1.784
2021-03-26 03:06:25,213 - INFO: 24500 move(s) completed (46 accepted (0.1878 %)). Current N = 2. Average N = 1.785
2021-03-26 03:06:34,400 - INFO: 24550 move(s) completed (46 accepted (0.1874 %)). Current N = 2. Average N = 1.785
2021-03-26 03:06:42,988 - INFO: 24600 move(s) completed (46 accepted (0.1870 %)). Current N = 2. Average N = 1.786
2021-03-26 03:06:52,092 - INFO: 24650 move(s) completed (46 accepted (0.1866 %)). Current N = 2. Average N = 1.786
2021-03-26 03:07:01,259 - INFO: 24700 move(s) completed (46 accepted (0.1862 %)). Current N = 2. Average N = 1.786
2021-03-26 03:07:10,126 - INFO: 24750 move(s) completed (46 accepted (0.1859 %)). Current N = 2. Average N = 1.787
2021-03-26 03:07:19,193 - INFO: 24800 move(s) completed (46 accepted (0.1855 %)). Current N = 2. Average N = 1.787
2021-03-26 03:07:27,874 - INFO: 24850 move(s) completed (46 accepted (0.1851 %)). Current N = 2. Average N = 1.788
2021-03-26 03:07:37,079 - INFO: 24900 move(s) completed (46 accepted (0.1847 %)). Current N = 2. Average N = 1.788
2021-03-26 03:07:45,688 - INFO: 24950 move(s) completed (46 accepted (0.1844 %)). Current N = 2. Average N = 1.788
2021-03-26 03:07:54,551 - INFO: 25000 move(s) completed (46 accepted (0.1840 %)). Current N = 2. Average N = 1.789
2021-03-26 03:08:03,700 - INFO: 25050 move(s) completed (46 accepted (0.1836 %)). Current N = 2. Average N = 1.789
2021-03-26 03:08:12,361 - INFO: 25100 move(s) completed (46 accepted (0.1833 %)). Current N = 2. Average N = 1.790
2021-03-26 03:08:21,794 - INFO: 25150 move(s) completed (46 accepted (0.1829 %)). Current N = 2. Average N = 1.790
2021-03-26 03:08:30,319 - INFO: 25200 move(s) completed (46 accepted (0.1825 %)). Current N = 2. Average N = 1.791
2021-03-26 03:08:39,044 - INFO: 25250 move(s) completed (46 accepted (0.1822 %)). Current N = 2. Average N = 1.791
2021-03-26 03:08:48,478 - INFO: 25300 move(s) completed (46 accepted (0.1818 %)). Current N = 2. Average N = 1.792
2021-03-26 03:08:57,263 - INFO: 25350 move(s) completed (46 accepted (0.1815 %)). Current N = 2. Average N = 1.792
2021-03-26 03:09:06,670 - INFO: 25400 move(s) completed (46 accepted (0.1811 %)). Current N = 2. Average N = 1.792
2021-03-26 03:09:15,401 - INFO: 25450 move(s) completed (46 accepted (0.1807 %)). Current N = 2. Average N = 1.793
2021-03-26 03:09:24,601 - INFO: 25500 move(s) completed (46 accepted (0.1804 %)). Current N = 2. Average N = 1.793
2021-03-26 03:09:33,977 - INFO: 25550 move(s) completed (46 accepted (0.1800 %)). Current N = 2. Average N = 1.794
2021-03-26 03:09:42,945 - INFO: 25600 move(s) completed (46 accepted (0.1797 %)). Current N = 2. Average N = 1.794
2021-03-26 03:09:52,228 - INFO: 25650 move(s) completed (46 accepted (0.1793 %)). Current N = 2. Average N = 1.794
2021-03-26 03:10:00,884 - INFO: 25700 move(s) completed (46 accepted (0.1790 %)). Current N = 2. Average N = 1.795
2021-03-26 03:10:10,030 - INFO: 25750 move(s) completed (46 accepted (0.1786 %)). Current N = 2. Average N = 1.795
2021-03-26 03:10:18,417 - INFO: 25800 move(s) completed (46 accepted (0.1783 %)). Current N = 2. Average N = 1.796
2021-03-26 03:10:27,373 - INFO: 25850 move(s) completed (46 accepted (0.1779 %)). Current N = 2. Average N = 1.796
2021-03-26 03:10:36,607 - INFO: 25900 move(s) completed (46 accepted (0.1776 %)). Current N = 2. Average N = 1.796
2021-03-26 03:10:45,235 - INFO: 25950 move(s) completed (46 accepted (0.1773 %)). Current N = 2. Average N = 1.797
2021-03-26 03:10:54,381 - INFO: 26000 move(s) completed (46 accepted (0.1769 %)). Current N = 2. Average N = 1.797
2021-03-26 03:11:02,850 - INFO: 26050 move(s) completed (46 accepted (0.1766 %)). Current N = 2. Average N = 1.798
2021-03-26 03:11:11,713 - INFO: 26100 move(s) completed (46 accepted (0.1762 %)). Current N = 2. Average N = 1.798
2021-03-26 03:11:20,156 - INFO: 26150 move(s) completed (46 accepted (0.1759 %)). Current N = 2. Average N = 1.798
2021-03-26 03:11:29,106 - INFO: 26200 move(s) completed (46 accepted (0.1756 %)). Current N = 2. Average N = 1.799
2021-03-26 03:11:38,280 - INFO: 26250 move(s) completed (46 accepted (0.1752 %)). Current N = 2. Average N = 1.799
2021-03-26 03:11:46,909 - INFO: 26300 move(s) completed (46 accepted (0.1749 %)). Current N = 2. Average N = 1.799
2021-03-26 03:11:56,192 - INFO: 26350 move(s) completed (46 accepted (0.1746 %)). Current N = 2. Average N = 1.800
2021-03-26 03:12:04,902 - INFO: 26400 move(s) completed (46 accepted (0.1742 %)). Current N = 2. Average N = 1.800
2021-03-26 03:12:13,985 - INFO: 26450 move(s) completed (46 accepted (0.1739 %)). Current N = 2. Average N = 1.800
2021-03-26 03:12:22,575 - INFO: 26500 move(s) completed (46 accepted (0.1736 %)). Current N = 2. Average N = 1.801
2021-03-26 03:12:31,629 - INFO: 26550 move(s) completed (46 accepted (0.1733 %)). Current N = 2. Average N = 1.801
2021-03-26 03:12:41,027 - INFO: 26600 move(s) completed (46 accepted (0.1729 %)). Current N = 2. Average N = 1.802
2021-03-26 03:12:49,706 - INFO: 26650 move(s) completed (46 accepted (0.1726 %)). Current N = 2. Average N = 1.802
2021-03-26 03:12:58,919 - INFO: 26700 move(s) completed (46 accepted (0.1723 %)). Current N = 2. Average N = 1.802
2021-03-26 03:13:07,363 - INFO: 26750 move(s) completed (46 accepted (0.1720 %)). Current N = 2. Average N = 1.803
2021-03-26 03:13:16,196 - INFO: 26800 move(s) completed (46 accepted (0.1716 %)). Current N = 2. Average N = 1.803
2021-03-26 03:13:25,709 - INFO: 26850 move(s) completed (46 accepted (0.1713 %)). Current N = 2. Average N = 1.804
2021-03-26 03:13:34,492 - INFO: 26900 move(s) completed (46 accepted (0.1710 %)). Current N = 2. Average N = 1.804
2021-03-26 03:13:43,621 - INFO: 26950 move(s) completed (46 accepted (0.1707 %)). Current N = 2. Average N = 1.804
2021-03-26 03:13:52,564 - INFO: 27000 move(s) completed (46 accepted (0.1704 %)). Current N = 2. Average N = 1.805
2021-03-26 03:14:01,434 - INFO: 27050 move(s) completed (46 accepted (0.1701 %)). Current N = 2. Average N = 1.805
2021-03-26 03:14:10,583 - INFO: 27100 move(s) completed (46 accepted (0.1697 %)). Current N = 2. Average N = 1.805
2021-03-26 03:14:19,230 - INFO: 27150 move(s) completed (46 accepted (0.1694 %)). Current N = 2. Average N = 1.806
2021-03-26 03:14:28,336 - INFO: 27200 move(s) completed (46 accepted (0.1691 %)). Current N = 2. Average N = 1.806
2021-03-26 03:14:37,098 - INFO: 27250 move(s) completed (46 accepted (0.1688 %)). Current N = 2. Average N = 1.806
2021-03-26 03:14:46,344 - INFO: 27300 move(s) completed (46 accepted (0.1685 %)). Current N = 2. Average N = 1.807
2021-03-26 03:14:54,805 - INFO: 27350 move(s) completed (46 accepted (0.1682 %)). Current N = 2. Average N = 1.807
2021-03-26 03:15:03,897 - INFO: 27400 move(s) completed (46 accepted (0.1679 %)). Current N = 2. Average N = 1.807
2021-03-26 03:15:13,294 - INFO: 27450 move(s) completed (46 accepted (0.1676 %)). Current N = 2. Average N = 1.808
2021-03-26 03:15:22,130 - INFO: 27500 move(s) completed (46 accepted (0.1673 %)). Current N = 2. Average N = 1.808
2021-03-26 03:15:31,366 - INFO: 27550 move(s) completed (46 accepted (0.1670 %)). Current N = 2. Average N = 1.808
2021-03-26 03:15:39,888 - INFO: 27600 move(s) completed (46 accepted (0.1667 %)). Current N = 2. Average N = 1.809
2021-03-26 03:15:49,092 - INFO: 27650 move(s) completed (46 accepted (0.1664 %)). Current N = 2. Average N = 1.809
2021-03-26 03:15:57,949 - INFO: 27700 move(s) completed (46 accepted (0.1661 %)). Current N = 2. Average N = 1.810
2021-03-26 03:16:06,817 - INFO: 27750 move(s) completed (46 accepted (0.1658 %)). Current N = 2. Average N = 1.810
2021-03-26 03:16:16,124 - INFO: 27800 move(s) completed (46 accepted (0.1655 %)). Current N = 2. Average N = 1.810
2021-03-26 03:16:24,758 - INFO: 27850 move(s) completed (46 accepted (0.1652 %)). Current N = 2. Average N = 1.811
2021-03-26 03:16:33,724 - INFO: 27900 move(s) completed (46 accepted (0.1649 %)). Current N = 2. Average N = 1.811
2021-03-26 03:16:42,040 - INFO: 27950 move(s) completed (46 accepted (0.1646 %)). Current N = 2. Average N = 1.811
2021-03-26 03:16:50,803 - INFO: 28000 move(s) completed (46 accepted (0.1643 %)). Current N = 2. Average N = 1.812
2021-03-26 03:17:00,273 - INFO: 28050 move(s) completed (46 accepted (0.1640 %)). Current N = 2. Average N = 1.812
2021-03-26 03:17:09,150 - INFO: 28100 move(s) completed (46 accepted (0.1637 %)). Current N = 2. Average N = 1.812
2021-03-26 03:17:18,324 - INFO: 28150 move(s) completed (46 accepted (0.1634 %)). Current N = 2. Average N = 1.813
2021-03-26 03:17:27,024 - INFO: 28200 move(s) completed (46 accepted (0.1631 %)). Current N = 2. Average N = 1.813
2021-03-26 03:17:36,339 - INFO: 28250 move(s) completed (48 accepted (0.1699 %)). Current N = 2. Average N = 1.813
2021-03-26 03:17:45,576 - INFO: 28300 move(s) completed (48 accepted (0.1696 %)). Current N = 2. Average N = 1.814
2021-03-26 03:17:54,495 - INFO: 28350 move(s) completed (48 accepted (0.1693 %)). Current N = 2. Average N = 1.814
2021-03-26 03:18:03,738 - INFO: 28400 move(s) completed (48 accepted (0.1690 %)). Current N = 2. Average N = 1.814
2021-03-26 03:18:12,672 - INFO: 28450 move(s) completed (48 accepted (0.1687 %)). Current N = 2. Average N = 1.815
2021-03-26 03:18:21,682 - INFO: 28500 move(s) completed (48 accepted (0.1684 %)). Current N = 2. Average N = 1.815
2021-03-26 03:18:30,029 - INFO: 28550 move(s) completed (48 accepted (0.1681 %)). Current N = 2. Average N = 1.815
2021-03-26 03:18:38,882 - INFO: 28600 move(s) completed (48 accepted (0.1678 %)). Current N = 2. Average N = 1.816
2021-03-26 03:18:48,184 - INFO: 28650 move(s) completed (48 accepted (0.1675 %)). Current N = 2. Average N = 1.816
2021-03-26 03:18:57,101 - INFO: 28700 move(s) completed (48 accepted (0.1672 %)). Current N = 2. Average N = 1.816
2021-03-26 03:19:06,416 - INFO: 28750 move(s) completed (48 accepted (0.1670 %)). Current N = 2. Average N = 1.817
2021-03-26 03:19:15,245 - INFO: 28800 move(s) completed (48 accepted (0.1667 %)). Current N = 2. Average N = 1.817
2021-03-26 03:19:24,261 - INFO: 28850 move(s) completed (48 accepted (0.1664 %)). Current N = 2. Average N = 1.817
2021-03-26 03:19:32,703 - INFO: 28900 move(s) completed (48 accepted (0.1661 %)). Current N = 2. Average N = 1.817
2021-03-26 03:19:41,624 - INFO: 28950 move(s) completed (48 accepted (0.1658 %)). Current N = 2. Average N = 1.818
2021-03-26 03:19:50,997 - INFO: 29000 move(s) completed (48 accepted (0.1655 %)). Current N = 2. Average N = 1.818
2021-03-26 03:19:59,829 - INFO: 29050 move(s) completed (48 accepted (0.1652 %)). Current N = 2. Average N = 1.818
2021-03-26 03:20:08,737 - INFO: 29100 move(s) completed (48 accepted (0.1649 %)). Current N = 2. Average N = 1.819
2021-03-26 03:20:17,503 - INFO: 29150 move(s) completed (48 accepted (0.1647 %)). Current N = 2. Average N = 1.819
2021-03-26 03:20:26,504 - INFO: 29200 move(s) completed (48 accepted (0.1644 %)). Current N = 2. Average N = 1.819
2021-03-26 03:20:35,880 - INFO: 29250 move(s) completed (48 accepted (0.1641 %)). Current N = 2. Average N = 1.820
2021-03-26 03:20:44,682 - INFO: 29300 move(s) completed (48 accepted (0.1638 %)). Current N = 2. Average N = 1.820
2021-03-26 03:20:53,598 - INFO: 29350 move(s) completed (48 accepted (0.1635 %)). Current N = 2. Average N = 1.820
2021-03-26 03:21:02,222 - INFO: 29400 move(s) completed (48 accepted (0.1633 %)). Current N = 2. Average N = 1.821
2021-03-26 03:21:11,283 - INFO: 29450 move(s) completed (48 accepted (0.1630 %)). Current N = 2. Average N = 1.821
2021-03-26 03:21:20,002 - INFO: 29500 move(s) completed (48 accepted (0.1627 %)). Current N = 2. Average N = 1.821
2021-03-26 03:21:29,085 - INFO: 29550 move(s) completed (48 accepted (0.1624 %)). Current N = 2. Average N = 1.821
2021-03-26 03:21:38,579 - INFO: 29600 move(s) completed (48 accepted (0.1622 %)). Current N = 2. Average N = 1.822
2021-03-26 03:21:47,573 - INFO: 29650 move(s) completed (48 accepted (0.1619 %)). Current N = 2. Average N = 1.822
2021-03-26 03:21:56,560 - INFO: 29700 move(s) completed (50 accepted (0.1684 %)). Current N = 2. Average N = 1.823
2021-03-26 03:22:05,205 - INFO: 29750 move(s) completed (50 accepted (0.1681 %)). Current N = 2. Average N = 1.823
2021-03-26 03:22:14,144 - INFO: 29800 move(s) completed (50 accepted (0.1678 %)). Current N = 2. Average N = 1.823
2021-03-26 03:22:23,471 - INFO: 29850 move(s) completed (50 accepted (0.1675 %)). Current N = 2. Average N = 1.823
2021-03-26 03:22:32,328 - INFO: 29900 move(s) completed (50 accepted (0.1672 %)). Current N = 2. Average N = 1.824
2021-03-26 03:22:41,529 - INFO: 29950 move(s) completed (50 accepted (0.1669 %)). Current N = 2. Average N = 1.824
2021-03-26 03:22:50,035 - INFO: 30000 move(s) completed (50 accepted (0.1667 %)). Current N = 2. Average N = 1.824
2021-03-26 03:22:59,283 - INFO: 30050 move(s) completed (50 accepted (0.1664 %)). Current N = 2. Average N = 1.825
2021-03-26 03:23:08,610 - INFO: 30100 move(s) completed (50 accepted (0.1661 %)). Current N = 2. Average N = 1.825
2021-03-26 03:23:17,368 - INFO: 30150 move(s) completed (50 accepted (0.1658 %)). Current N = 2. Average N = 1.825
2021-03-26 03:23:26,774 - INFO: 30200 move(s) completed (50 accepted (0.1656 %)). Current N = 2. Average N = 1.825
2021-03-26 03:23:35,513 - INFO: 30250 move(s) completed (50 accepted (0.1653 %)). Current N = 2. Average N = 1.826
2021-03-26 03:23:44,450 - INFO: 30300 move(s) completed (50 accepted (0.1650 %)). Current N = 2. Average N = 1.826
2021-03-26 03:23:53,110 - INFO: 30350 move(s) completed (50 accepted (0.1647 %)). Current N = 2. Average N = 1.826
2021-03-26 03:24:01,999 - INFO: 30400 move(s) completed (50 accepted (0.1645 %)). Current N = 2. Average N = 1.827
2021-03-26 03:24:11,193 - INFO: 30450 move(s) completed (50 accepted (0.1642 %)). Current N = 2. Average N = 1.827
2021-03-26 03:24:20,028 - INFO: 30500 move(s) completed (50 accepted (0.1639 %)). Current N = 2. Average N = 1.827
2021-03-26 03:24:29,203 - INFO: 30550 move(s) completed (50 accepted (0.1637 %)). Current N = 2. Average N = 1.827
2021-03-26 03:24:38,099 - INFO: 30600 move(s) completed (50 accepted (0.1634 %)). Current N = 2. Average N = 1.828
2021-03-26 03:24:47,103 - INFO: 30650 move(s) completed (50 accepted (0.1631 %)). Current N = 2. Average N = 1.828
2021-03-26 03:24:56,578 - INFO: 30700 move(s) completed (50 accepted (0.1629 %)). Current N = 2. Average N = 1.828
2021-03-26 03:25:05,387 - INFO: 30750 move(s) completed (50 accepted (0.1626 %)). Current N = 2. Average N = 1.829
2021-03-26 03:25:14,485 - INFO: 30800 move(s) completed (50 accepted (0.1623 %)). Current N = 2. Average N = 1.829
2021-03-26 03:25:23,066 - INFO: 30850 move(s) completed (50 accepted (0.1621 %)). Current N = 2. Average N = 1.829
2021-03-26 03:25:32,181 - INFO: 30900 move(s) completed (50 accepted (0.1618 %)). Current N = 2. Average N = 1.829
2021-03-26 03:25:40,766 - INFO: 30950 move(s) completed (52 accepted (0.1680 %)). Current N = 2. Average N = 1.830
2021-03-26 03:25:49,400 - INFO: 31000 move(s) completed (52 accepted (0.1677 %)). Current N = 2. Average N = 1.830
2021-03-26 03:25:57,773 - INFO: 31050 move(s) completed (52 accepted (0.1675 %)). Current N = 2. Average N = 1.831
2021-03-26 03:26:06,552 - INFO: 31100 move(s) completed (52 accepted (0.1672 %)). Current N = 2. Average N = 1.831
2021-03-26 03:26:15,721 - INFO: 31150 move(s) completed (52 accepted (0.1669 %)). Current N = 2. Average N = 1.831
2021-03-26 03:26:24,717 - INFO: 31200 move(s) completed (52 accepted (0.1667 %)). Current N = 2. Average N = 1.831
2021-03-26 03:26:33,943 - INFO: 31250 move(s) completed (54 accepted (0.1728 %)). Current N = 2. Average N = 1.832
2021-03-26 03:26:42,404 - INFO: 31300 move(s) completed (54 accepted (0.1725 %)). Current N = 2. Average N = 1.833
2021-03-26 03:26:51,289 - INFO: 31350 move(s) completed (54 accepted (0.1722 %)). Current N = 2. Average N = 1.833
2021-03-26 03:27:00,706 - INFO: 31400 move(s) completed (54 accepted (0.1720 %)). Current N = 2. Average N = 1.833
2021-03-26 03:27:09,480 - INFO: 31450 move(s) completed (54 accepted (0.1717 %)). Current N = 2. Average N = 1.833
2021-03-26 03:27:18,682 - INFO: 31500 move(s) completed (54 accepted (0.1714 %)). Current N = 2. Average N = 1.833
2021-03-26 03:27:27,417 - INFO: 31550 move(s) completed (54 accepted (0.1712 %)). Current N = 2. Average N = 1.834
2021-03-26 03:27:36,600 - INFO: 31600 move(s) completed (54 accepted (0.1709 %)). Current N = 2. Average N = 1.834
2021-03-26 03:27:45,072 - INFO: 31650 move(s) completed (54 accepted (0.1706 %)). Current N = 2. Average N = 1.834
2021-03-26 03:27:53,973 - INFO: 31700 move(s) completed (54 accepted (0.1703 %)). Current N = 2. Average N = 1.835
2021-03-26 03:28:03,351 - INFO: 31750 move(s) completed (54 accepted (0.1701 %)). Current N = 2. Average N = 1.835
2021-03-26 03:28:12,195 - INFO: 31800 move(s) completed (54 accepted (0.1698 %)). Current N = 2. Average N = 1.835
2021-03-26 03:28:21,080 - INFO: 31850 move(s) completed (54 accepted (0.1695 %)). Current N = 2. Average N = 1.835
2021-03-26 03:28:29,883 - INFO: 31900 move(s) completed (54 accepted (0.1693 %)). Current N = 2. Average N = 1.836
2021-03-26 03:28:39,073 - INFO: 31950 move(s) completed (54 accepted (0.1690 %)). Current N = 2. Average N = 1.836
2021-03-26 03:28:48,389 - INFO: 32000 move(s) completed (54 accepted (0.1688 %)). Current N = 2. Average N = 1.836
2021-03-26 03:28:57,165 - INFO: 32050 move(s) completed (54 accepted (0.1685 %)). Current N = 2. Average N = 1.836
2021-03-26 03:29:06,124 - INFO: 32100 move(s) completed (54 accepted (0.1682 %)). Current N = 2. Average N = 1.837
2021-03-26 03:29:14,763 - INFO: 32150 move(s) completed (54 accepted (0.1680 %)). Current N = 2. Average N = 1.837
2021-03-26 03:29:23,767 - INFO: 32200 move(s) completed (54 accepted (0.1677 %)). Current N = 2. Average N = 1.837
2021-03-26 03:29:32,319 - INFO: 32250 move(s) completed (54 accepted (0.1674 %)). Current N = 2. Average N = 1.837
2021-03-26 03:29:41,314 - INFO: 32300 move(s) completed (54 accepted (0.1672 %)). Current N = 2. Average N = 1.838
2021-03-26 03:29:50,495 - INFO: 32350 move(s) completed (54 accepted (0.1669 %)). Current N = 2. Average N = 1.838
2021-03-26 03:29:59,265 - INFO: 32400 move(s) completed (54 accepted (0.1667 %)). Current N = 2. Average N = 1.838
2021-03-26 03:30:08,498 - INFO: 32450 move(s) completed (54 accepted (0.1664 %)). Current N = 2. Average N = 1.838
2021-03-26 03:30:17,379 - INFO: 32500 move(s) completed (54 accepted (0.1662 %)). Current N = 2. Average N = 1.839
2021-03-26 03:30:26,310 - INFO: 32550 move(s) completed (54 accepted (0.1659 %)). Current N = 2. Average N = 1.839
2021-03-26 03:30:34,981 - INFO: 32600 move(s) completed (54 accepted (0.1656 %)). Current N = 2. Average N = 1.839
2021-03-26 03:30:43,981 - INFO: 32650 move(s) completed (54 accepted (0.1654 %)). Current N = 2. Average N = 1.839
2021-03-26 03:30:52,690 - INFO: 32700 move(s) completed (54 accepted (0.1651 %)). Current N = 2. Average N = 1.840
2021-03-26 03:31:01,541 - INFO: 32750 move(s) completed (54 accepted (0.1649 %)). Current N = 2. Average N = 1.840
2021-03-26 03:31:10,788 - INFO: 32800 move(s) completed (54 accepted (0.1646 %)). Current N = 2. Average N = 1.840
2021-03-26 03:31:19,438 - INFO: 32850 move(s) completed (54 accepted (0.1644 %)). Current N = 2. Average N = 1.840
2021-03-26 03:31:28,457 - INFO: 32900 move(s) completed (54 accepted (0.1641 %)). Current N = 2. Average N = 1.841
2021-03-26 03:31:37,017 - INFO: 32950 move(s) completed (54 accepted (0.1639 %)). Current N = 2. Average N = 1.841
2021-03-26 03:31:45,875 - INFO: 33000 move(s) completed (54 accepted (0.1636 %)). Current N = 2. Average N = 1.841
2021-03-26 03:31:54,955 - INFO: 33050 move(s) completed (54 accepted (0.1634 %)). Current N = 2. Average N = 1.841
2021-03-26 03:32:03,580 - INFO: 33100 move(s) completed (54 accepted (0.1631 %)). Current N = 2. Average N = 1.842
2021-03-26 03:32:13,007 - INFO: 33150 move(s) completed (54 accepted (0.1629 %)). Current N = 2. Average N = 1.842
2021-03-26 03:32:21,831 - INFO: 33200 move(s) completed (54 accepted (0.1627 %)). Current N = 2. Average N = 1.842
2021-03-26 03:32:30,950 - INFO: 33250 move(s) completed (54 accepted (0.1624 %)). Current N = 2. Average N = 1.842
2021-03-26 03:32:40,227 - INFO: 33300 move(s) completed (54 accepted (0.1622 %)). Current N = 2. Average N = 1.843
2021-03-26 03:32:49,241 - INFO: 33350 move(s) completed (54 accepted (0.1619 %)). Current N = 2. Average N = 1.843
2021-03-26 03:32:58,234 - INFO: 33400 move(s) completed (54 accepted (0.1617 %)). Current N = 2. Average N = 1.843
2021-03-26 03:33:06,982 - INFO: 33450 move(s) completed (54 accepted (0.1614 %)). Current N = 2. Average N = 1.843
2021-03-26 03:33:15,784 - INFO: 33500 move(s) completed (54 accepted (0.1612 %)). Current N = 2. Average N = 1.843
2021-03-26 03:33:24,322 - INFO: 33550 move(s) completed (54 accepted (0.1610 %)). Current N = 2. Average N = 1.844
2021-03-26 03:33:33,321 - INFO: 33600 move(s) completed (54 accepted (0.1607 %)). Current N = 2. Average N = 1.844
2021-03-26 03:33:42,454 - INFO: 33650 move(s) completed (54 accepted (0.1605 %)). Current N = 2. Average N = 1.844
2021-03-26 03:33:51,059 - INFO: 33700 move(s) completed (54 accepted (0.1602 %)). Current N = 2. Average N = 1.844
2021-03-26 03:34:00,294 - INFO: 33750 move(s) completed (54 accepted (0.1600 %)). Current N = 2. Average N = 1.845
2021-03-26 03:34:08,882 - INFO: 33800 move(s) completed (55 accepted (0.1627 %)). Current N = 3. Average N = 1.846
2021-03-26 03:34:17,803 - INFO: 33850 move(s) completed (55 accepted (0.1625 %)). Current N = 3. Average N = 1.847
2021-03-26 03:34:26,293 - INFO: 33900 move(s) completed (55 accepted (0.1622 %)). Current N = 3. Average N = 1.849
2021-03-26 03:34:35,232 - INFO: 33950 move(s) completed (55 accepted (0.1620 %)). Current N = 3. Average N = 1.851
2021-03-26 03:34:43,862 - INFO: 34000 move(s) completed (55 accepted (0.1618 %)). Current N = 3. Average N = 1.852
2021-03-26 03:34:52,864 - INFO: 34050 move(s) completed (55 accepted (0.1615 %)). Current N = 3. Average N = 1.854
2021-03-26 03:35:02,079 - INFO: 34100 move(s) completed (55 accepted (0.1613 %)). Current N = 3. Average N = 1.856
2021-03-26 03:35:10,781 - INFO: 34150 move(s) completed (55 accepted (0.1611 %)). Current N = 3. Average N = 1.857
2021-03-26 03:35:19,949 - INFO: 34200 move(s) completed (55 accepted (0.1608 %)). Current N = 3. Average N = 1.859
2021-03-26 03:35:28,387 - INFO: 34250 move(s) completed (55 accepted (0.1606 %)). Current N = 3. Average N = 1.861
2021-03-26 03:35:37,408 - INFO: 34300 move(s) completed (55 accepted (0.1603 %)). Current N = 3. Average N = 1.862
2021-03-26 03:35:46,779 - INFO: 34350 move(s) completed (55 accepted (0.1601 %)). Current N = 3. Average N = 1.864
2021-03-26 03:35:55,429 - INFO: 34400 move(s) completed (55 accepted (0.1599 %)). Current N = 3. Average N = 1.866
2021-03-26 03:36:04,640 - INFO: 34450 move(s) completed (56 accepted (0.1626 %)). Current N = 2. Average N = 1.867
2021-03-26 03:36:13,577 - INFO: 34500 move(s) completed (56 accepted (0.1623 %)). Current N = 2. Average N = 1.867
2021-03-26 03:36:22,631 - INFO: 34550 move(s) completed (56 accepted (0.1621 %)). Current N = 2. Average N = 1.867
2021-03-26 03:36:30,979 - INFO: 34600 move(s) completed (56 accepted (0.1618 %)). Current N = 2. Average N = 1.867
2021-03-26 03:36:39,843 - INFO: 34650 move(s) completed (56 accepted (0.1616 %)). Current N = 2. Average N = 1.867
2021-03-26 03:36:49,027 - INFO: 34700 move(s) completed (56 accepted (0.1614 %)). Current N = 2. Average N = 1.867
2021-03-26 03:36:57,867 - INFO: 34750 move(s) completed (56 accepted (0.1612 %)). Current N = 2. Average N = 1.868
2021-03-26 03:37:06,979 - INFO: 34800 move(s) completed (56 accepted (0.1609 %)). Current N = 2. Average N = 1.868
2021-03-26 03:37:15,570 - INFO: 34850 move(s) completed (56 accepted (0.1607 %)). Current N = 2. Average N = 1.868
2021-03-26 03:37:24,656 - INFO: 34900 move(s) completed (58 accepted (0.1662 %)). Current N = 2. Average N = 1.868
2021-03-26 03:37:33,778 - INFO: 34950 move(s) completed (59 accepted (0.1688 %)). Current N = 3. Average N = 1.869
2021-03-26 03:37:42,623 - INFO: 35000 move(s) completed (59 accepted (0.1686 %)). Current N = 3. Average N = 1.870
2021-03-26 03:37:51,838 - INFO: 35050 move(s) completed (59 accepted (0.1683 %)). Current N = 3. Average N = 1.872
2021-03-26 03:38:00,542 - INFO: 35100 move(s) completed (59 accepted (0.1681 %)). Current N = 3. Average N = 1.873
2021-03-26 03:38:09,573 - INFO: 35150 move(s) completed (59 accepted (0.1679 %)). Current N = 3. Average N = 1.875
2021-03-26 03:38:18,112 - INFO: 35200 move(s) completed (59 accepted (0.1676 %)). Current N = 3. Average N = 1.877
2021-03-26 03:38:26,902 - INFO: 35250 move(s) completed (59 accepted (0.1674 %)). Current N = 3. Average N = 1.878
2021-03-26 03:38:36,217 - INFO: 35300 move(s) completed (60 accepted (0.1700 %)). Current N = 2. Average N = 1.879
2021-03-26 03:38:45,013 - INFO: 35350 move(s) completed (60 accepted (0.1697 %)). Current N = 2. Average N = 1.880
2021-03-26 03:38:54,164 - INFO: 35400 move(s) completed (60 accepted (0.1695 %)). Current N = 2. Average N = 1.880
2021-03-26 03:39:02,776 - INFO: 35450 move(s) completed (60 accepted (0.1693 %)). Current N = 2. Average N = 1.880
2021-03-26 03:39:11,564 - INFO: 35500 move(s) completed (60 accepted (0.1690 %)). Current N = 2. Average N = 1.880
2021-03-26 03:39:20,880 - INFO: 35550 move(s) completed (60 accepted (0.1688 %)). Current N = 2. Average N = 1.880
2021-03-26 03:39:29,661 - INFO: 35600 move(s) completed (60 accepted (0.1685 %)). Current N = 2. Average N = 1.881
2021-03-26 03:39:38,587 - INFO: 35650 move(s) completed (60 accepted (0.1683 %)). Current N = 2. Average N = 1.881
2021-03-26 03:39:47,335 - INFO: 35700 move(s) completed (60 accepted (0.1681 %)). Current N = 2. Average N = 1.881
2021-03-26 03:39:56,484 - INFO: 35750 move(s) completed (60 accepted (0.1678 %)). Current N = 2. Average N = 1.881
2021-03-26 03:40:05,773 - INFO: 35800 move(s) completed (60 accepted (0.1676 %)). Current N = 2. Average N = 1.881
2021-03-26 03:40:14,730 - INFO: 35850 move(s) completed (60 accepted (0.1674 %)). Current N = 2. Average N = 1.881
2021-03-26 03:40:24,061 - INFO: 35900 move(s) completed (60 accepted (0.1671 %)). Current N = 2. Average N = 1.881
2021-03-26 03:40:32,814 - INFO: 35950 move(s) completed (60 accepted (0.1669 %)). Current N = 2. Average N = 1.882
2021-03-26 03:40:41,765 - INFO: 36000 move(s) completed (60 accepted (0.1667 %)). Current N = 2. Average N = 1.882
2021-03-26 03:40:50,441 - INFO: 36050 move(s) completed (60 accepted (0.1664 %)). Current N = 2. Average N = 1.882
2021-03-26 03:40:59,249 - INFO: 36100 move(s) completed (60 accepted (0.1662 %)). Current N = 2. Average N = 1.882
2021-03-26 03:41:08,682 - INFO: 36150 move(s) completed (60 accepted (0.1660 %)). Current N = 2. Average N = 1.882
2021-03-26 03:41:17,224 - INFO: 36200 move(s) completed (60 accepted (0.1657 %)). Current N = 2. Average N = 1.883
2021-03-26 03:41:26,224 - INFO: 36250 move(s) completed (60 accepted (0.1655 %)). Current N = 2. Average N = 1.883
2021-03-26 03:41:34,747 - INFO: 36300 move(s) completed (60 accepted (0.1653 %)). Current N = 2. Average N = 1.883
2021-03-26 03:41:43,837 - INFO: 36350 move(s) completed (60 accepted (0.1651 %)). Current N = 2. Average N = 1.883
2021-03-26 03:41:53,174 - INFO: 36400 move(s) completed (60 accepted (0.1648 %)). Current N = 2. Average N = 1.883
2021-03-26 03:42:02,089 - INFO: 36450 move(s) completed (60 accepted (0.1646 %)). Current N = 2. Average N = 1.883
2021-03-26 03:42:11,324 - INFO: 36500 move(s) completed (60 accepted (0.1644 %)). Current N = 2. Average N = 1.883
2021-03-26 03:42:19,743 - INFO: 36550 move(s) completed (60 accepted (0.1642 %)). Current N = 2. Average N = 1.884
2021-03-26 03:42:29,018 - INFO: 36600 move(s) completed (60 accepted (0.1639 %)). Current N = 2. Average N = 1.884
2021-03-26 03:42:38,379 - INFO: 36650 move(s) completed (60 accepted (0.1637 %)). Current N = 2. Average N = 1.884
2021-03-26 03:42:47,175 - INFO: 36700 move(s) completed (60 accepted (0.1635 %)). Current N = 2. Average N = 1.884
2021-03-26 03:42:56,370 - INFO: 36750 move(s) completed (60 accepted (0.1633 %)). Current N = 2. Average N = 1.884
2021-03-26 03:43:04,859 - INFO: 36800 move(s) completed (60 accepted (0.1630 %)). Current N = 2. Average N = 1.884
2021-03-26 03:43:13,973 - INFO: 36850 move(s) completed (60 accepted (0.1628 %)). Current N = 2. Average N = 1.885
2021-03-26 03:43:22,677 - INFO: 36900 move(s) completed (60 accepted (0.1626 %)). Current N = 2. Average N = 1.885
2021-03-26 03:43:31,427 - INFO: 36950 move(s) completed (60 accepted (0.1624 %)). Current N = 2. Average N = 1.885
2021-03-26 03:43:39,778 - INFO: 37000 move(s) completed (60 accepted (0.1622 %)). Current N = 2. Average N = 1.885
2021-03-26 03:43:48,713 - INFO: 37050 move(s) completed (60 accepted (0.1619 %)). Current N = 2. Average N = 1.885
2021-03-26 03:43:58,175 - INFO: 37100 move(s) completed (60 accepted (0.1617 %)). Current N = 2. Average N = 1.885
2021-03-26 03:44:06,907 - INFO: 37150 move(s) completed (60 accepted (0.1615 %)). Current N = 2. Average N = 1.885
2021-03-26 03:44:15,967 - INFO: 37200 move(s) completed (60 accepted (0.1613 %)). Current N = 2. Average N = 1.886
2021-03-26 03:44:24,664 - INFO: 37250 move(s) completed (60 accepted (0.1611 %)). Current N = 2. Average N = 1.886
2021-03-26 03:44:33,474 - INFO: 37300 move(s) completed (60 accepted (0.1609 %)). Current N = 2. Average N = 1.886
2021-03-26 03:44:41,864 - INFO: 37350 move(s) completed (60 accepted (0.1606 %)). Current N = 2. Average N = 1.886
2021-03-26 03:44:50,860 - INFO: 37400 move(s) completed (60 accepted (0.1604 %)). Current N = 2. Average N = 1.886
2021-03-26 03:45:00,249 - INFO: 37450 move(s) completed (60 accepted (0.1602 %)). Current N = 2. Average N = 1.886
2021-03-26 03:45:08,989 - INFO: 37500 move(s) completed (60 accepted (0.1600 %)). Current N = 2. Average N = 1.887
2021-03-26 03:45:17,991 - INFO: 37550 move(s) completed (60 accepted (0.1598 %)). Current N = 2. Average N = 1.887
2021-03-26 03:45:26,423 - INFO: 37600 move(s) completed (60 accepted (0.1596 %)). Current N = 2. Average N = 1.887
2021-03-26 03:45:35,416 - INFO: 37650 move(s) completed (60 accepted (0.1594 %)). Current N = 2. Average N = 1.887
2021-03-26 03:45:44,108 - INFO: 37700 move(s) completed (60 accepted (0.1592 %)). Current N = 2. Average N = 1.887
2021-03-26 03:45:52,906 - INFO: 37750 move(s) completed (60 accepted (0.1589 %)). Current N = 2. Average N = 1.887
2021-03-26 03:46:01,868 - INFO: 37800 move(s) completed (60 accepted (0.1587 %)). Current N = 2. Average N = 1.887
2021-03-26 03:46:10,723 - INFO: 37850 move(s) completed (60 accepted (0.1585 %)). Current N = 2. Average N = 1.888
2021-03-26 03:46:19,915 - INFO: 37900 move(s) completed (60 accepted (0.1583 %)). Current N = 2. Average N = 1.888
2021-03-26 03:46:28,482 - INFO: 37950 move(s) completed (60 accepted (0.1581 %)). Current N = 2. Average N = 1.888
2021-03-26 03:46:37,559 - INFO: 38000 move(s) completed (60 accepted (0.1579 %)). Current N = 2. Average N = 1.888
2021-03-26 03:46:45,996 - INFO: 38050 move(s) completed (60 accepted (0.1577 %)). Current N = 2. Average N = 1.888
2021-03-26 03:46:55,005 - INFO: 38100 move(s) completed (60 accepted (0.1575 %)). Current N = 2. Average N = 1.888
2021-03-26 03:47:04,565 - INFO: 38150 move(s) completed (60 accepted (0.1573 %)). Current N = 2. Average N = 1.889
2021-03-26 03:47:13,381 - INFO: 38200 move(s) completed (60 accepted (0.1571 %)). Current N = 2. Average N = 1.889
2021-03-26 03:47:22,700 - INFO: 38250 move(s) completed (60 accepted (0.1569 %)). Current N = 2. Average N = 1.889
2021-03-26 03:47:31,393 - INFO: 38300 move(s) completed (60 accepted (0.1567 %)). Current N = 2. Average N = 1.889
2021-03-26 03:47:40,543 - INFO: 38350 move(s) completed (60 accepted (0.1565 %)). Current N = 2. Average N = 1.889
2021-03-26 03:47:49,877 - INFO: 38400 move(s) completed (60 accepted (0.1562 %)). Current N = 2. Average N = 1.889
2021-03-26 03:47:58,760 - INFO: 38450 move(s) completed (60 accepted (0.1560 %)). Current N = 2. Average N = 1.889
2021-03-26 03:48:08,083 - INFO: 38500 move(s) completed (60 accepted (0.1558 %)). Current N = 2. Average N = 1.889
2021-03-26 03:48:16,688 - INFO: 38550 move(s) completed (60 accepted (0.1556 %)). Current N = 2. Average N = 1.890
2021-03-26 03:48:25,753 - INFO: 38600 move(s) completed (60 accepted (0.1554 %)). Current N = 2. Average N = 1.890
2021-03-26 03:48:34,237 - INFO: 38650 move(s) completed (60 accepted (0.1552 %)). Current N = 2. Average N = 1.890
2021-03-26 03:48:43,385 - INFO: 38700 move(s) completed (60 accepted (0.1550 %)). Current N = 2. Average N = 1.890
2021-03-26 03:48:52,650 - INFO: 38750 move(s) completed (60 accepted (0.1548 %)). Current N = 2. Average N = 1.890
2021-03-26 03:49:01,166 - INFO: 38800 move(s) completed (60 accepted (0.1546 %)). Current N = 2. Average N = 1.890
2021-03-26 03:49:10,271 - INFO: 38850 move(s) completed (60 accepted (0.1544 %)). Current N = 2. Average N = 1.891
2021-03-26 03:49:18,891 - INFO: 38900 move(s) completed (60 accepted (0.1542 %)). Current N = 2. Average N = 1.891
2021-03-26 03:49:27,805 - INFO: 38950 move(s) completed (60 accepted (0.1540 %)). Current N = 2. Average N = 1.891
2021-03-26 03:49:37,076 - INFO: 39000 move(s) completed (60 accepted (0.1538 %)). Current N = 2. Average N = 1.891
2021-03-26 03:49:45,680 - INFO: 39050 move(s) completed (60 accepted (0.1536 %)). Current N = 2. Average N = 1.891
2021-03-26 03:49:54,826 - INFO: 39100 move(s) completed (60 accepted (0.1535 %)). Current N = 2. Average N = 1.891
2021-03-26 03:50:03,509 - INFO: 39150 move(s) completed (60 accepted (0.1533 %)). Current N = 2. Average N = 1.891
2021-03-26 03:50:12,649 - INFO: 39200 move(s) completed (60 accepted (0.1531 %)). Current N = 2. Average N = 1.891
2021-03-26 03:50:22,220 - INFO: 39250 move(s) completed (60 accepted (0.1529 %)). Current N = 2. Average N = 1.892
2021-03-26 03:50:31,034 - INFO: 39300 move(s) completed (60 accepted (0.1527 %)). Current N = 2. Average N = 1.892
2021-03-26 03:50:40,275 - INFO: 39350 move(s) completed (60 accepted (0.1525 %)). Current N = 2. Average N = 1.892
2021-03-26 03:50:48,937 - INFO: 39400 move(s) completed (60 accepted (0.1523 %)). Current N = 2. Average N = 1.892
2021-03-26 03:50:57,985 - INFO: 39450 move(s) completed (60 accepted (0.1521 %)). Current N = 2. Average N = 1.892
2021-03-26 03:51:07,467 - INFO: 39500 move(s) completed (60 accepted (0.1519 %)). Current N = 2. Average N = 1.892
2021-03-26 03:51:16,084 - INFO: 39550 move(s) completed (60 accepted (0.1517 %)). Current N = 2. Average N = 1.893
2021-03-26 03:51:25,242 - INFO: 39600 move(s) completed (60 accepted (0.1515 %)). Current N = 2. Average N = 1.893
2021-03-26 03:51:33,899 - INFO: 39650 move(s) completed (60 accepted (0.1513 %)). Current N = 2. Average N = 1.893
2021-03-26 03:51:42,908 - INFO: 39700 move(s) completed (60 accepted (0.1511 %)). Current N = 2. Average N = 1.893
2021-03-26 03:51:51,513 - INFO: 39750 move(s) completed (60 accepted (0.1509 %)). Current N = 2. Average N = 1.893
2021-03-26 03:52:00,548 - INFO: 39800 move(s) completed (60 accepted (0.1508 %)). Current N = 2. Average N = 1.893
2021-03-26 03:52:09,083 - INFO: 39850 move(s) completed (60 accepted (0.1506 %)). Current N = 2. Average N = 1.893
2021-03-26 03:52:17,995 - INFO: 39900 move(s) completed (60 accepted (0.1504 %)). Current N = 2. Average N = 1.893
2021-03-26 03:52:27,049 - INFO: 39950 move(s) completed (60 accepted (0.1502 %)). Current N = 2. Average N = 1.893
2021-03-26 03:52:35,757 - INFO: 40000 move(s) completed (60 accepted (0.1500 %)). Current N = 2. Average N = 1.894
2021-03-26 03:52:44,860 - INFO: 40050 move(s) completed (60 accepted (0.1498 %)). Current N = 2. Average N = 1.894
2021-03-26 03:52:53,395 - INFO: 40100 move(s) completed (60 accepted (0.1496 %)). Current N = 2. Average N = 1.894
2021-03-26 03:53:02,294 - INFO: 40150 move(s) completed (60 accepted (0.1494 %)). Current N = 2. Average N = 1.894
2021-03-26 03:53:11,607 - INFO: 40200 move(s) completed (60 accepted (0.1493 %)). Current N = 2. Average N = 1.894
2021-03-26 03:53:20,506 - INFO: 40250 move(s) completed (60 accepted (0.1491 %)). Current N = 2. Average N = 1.894
2021-03-26 03:53:29,832 - INFO: 40300 move(s) completed (60 accepted (0.1489 %)). Current N = 2. Average N = 1.895
2021-03-26 03:53:38,398 - INFO: 40350 move(s) completed (60 accepted (0.1487 %)). Current N = 2. Average N = 1.895
2021-03-26 03:53:47,156 - INFO: 40400 move(s) completed (60 accepted (0.1485 %)). Current N = 2. Average N = 1.895
