2021-03-24 21:28:23,399 - INFO: kT = 0.5921875708469466 kcal/mol
2021-03-24 21:28:28,669 - INFO: BaseGrandCanonicalMonteCarloSampler object initialised
2021-03-24 21:28:28,669 - INFO: GCMC sphere is based on reference atom IDs: [887, 1837]
2021-03-24 21:28:28,669 - INFO: GCMC sphere radius is 6 A
2021-03-24 21:28:28,670 - INFO: Simulating at an Adams (B) value of -6.888845176169922
2021-03-24 21:28:28,670 - INFO: GCMCSphereSampler object initialised
2021-03-24 21:28:28,670 - INFO: Each NCMC move will be executed over a total of 5.0 ps
2021-03-24 21:28:28,671 - INFO: NonequilibriumGCMCSphereSampler object initialised
2021-03-24 21:28:50,958 - INFO: Move rejected due to water leaving the GCMC sphere
2021-03-24 21:28:54,381 - INFO: 1 move(s) completed (0 accepted (0.0000 %)). Current N = 0. Average N = 0.000
2021-03-24 21:29:13,299 - INFO: 2 move(s) completed (0 accepted (0.0000 %)). Current N = 0. Average N = 0.000
2021-03-24 21:29:31,825 - INFO: 3 move(s) completed (0 accepted (0.0000 %)). Current N = 0. Average N = 0.000
2021-03-24 21:29:47,226 - INFO: Move rejected due to water leaving the GCMC sphere
2021-03-24 21:29:50,744 - INFO: 4 move(s) completed (0 accepted (0.0000 %)). Current N = 0. Average N = 0.000
2021-03-24 21:29:56,379 - INFO: 5 move(s) completed (0 accepted (0.0000 %)). Current N = 0. Average N = 0.000
2021-03-24 21:30:02,158 - INFO: 6 move(s) completed (0 accepted (0.0000 %)). Current N = 0. Average N = 0.000
2021-03-24 21:30:21,270 - INFO: 7 move(s) completed (0 accepted (0.0000 %)). Current N = 0. Average N = 0.000
2021-03-24 21:30:27,049 - INFO: 8 move(s) completed (0 accepted (0.0000 %)). Current N = 0. Average N = 0.000
2021-03-24 21:30:41,349 - INFO: Move rejected due to water leaving the GCMC sphere
2021-03-24 21:30:44,970 - INFO: 9 move(s) completed (0 accepted (0.0000 %)). Current N = 0. Average N = 0.000
2021-03-24 21:30:50,620 - INFO: 10 move(s) completed (0 accepted (0.0000 %)). Current N = 0. Average N = 0.000
2021-03-24 21:31:08,539 - INFO: 11 move(s) completed (0 accepted (0.0000 %)). Current N = 0. Average N = 0.000
2021-03-24 21:31:14,447 - INFO: 12 move(s) completed (0 accepted (0.0000 %)). Current N = 0. Average N = 0.000
2021-03-24 21:31:20,232 - INFO: 13 move(s) completed (0 accepted (0.0000 %)). Current N = 0. Average N = 0.000
2021-03-24 21:31:34,807 - INFO: Move rejected due to water leaving the GCMC sphere
2021-03-24 21:31:38,370 - INFO: 14 move(s) completed (0 accepted (0.0000 %)). Current N = 0. Average N = 0.000
2021-03-24 21:31:44,117 - INFO: 15 move(s) completed (0 accepted (0.0000 %)). Current N = 0. Average N = 0.000
2021-03-24 21:31:50,001 - INFO: 16 move(s) completed (0 accepted (0.0000 %)). Current N = 0. Average N = 0.000
2021-03-24 21:31:55,867 - INFO: 17 move(s) completed (0 accepted (0.0000 %)). Current N = 0. Average N = 0.000
2021-03-24 21:32:01,528 - INFO: 18 move(s) completed (0 accepted (0.0000 %)). Current N = 0. Average N = 0.000
2021-03-24 21:32:07,273 - INFO: 19 move(s) completed (0 accepted (0.0000 %)). Current N = 0. Average N = 0.000
2021-03-24 21:32:22,179 - INFO: Move rejected due to water leaving the GCMC sphere
2021-03-24 21:32:25,767 - INFO: 20 move(s) completed (0 accepted (0.0000 %)). Current N = 0. Average N = 0.000
2021-03-24 21:32:40,419 - INFO: Move rejected due to water leaving the GCMC sphere
2021-03-24 21:32:44,025 - INFO: 21 move(s) completed (0 accepted (0.0000 %)). Current N = 0. Average N = 0.000
2021-03-24 21:32:49,943 - INFO: 22 move(s) completed (0 accepted (0.0000 %)). Current N = 0. Average N = 0.000
2021-03-24 21:32:55,702 - INFO: 23 move(s) completed (0 accepted (0.0000 %)). Current N = 0. Average N = 0.000
2021-03-24 21:33:01,487 - INFO: 24 move(s) completed (0 accepted (0.0000 %)). Current N = 0. Average N = 0.000
2021-03-24 21:33:16,329 - INFO: Move rejected due to water leaving the GCMC sphere
2021-03-24 21:33:19,784 - INFO: 25 move(s) completed (0 accepted (0.0000 %)). Current N = 0. Average N = 0.000
2021-03-24 21:33:34,609 - INFO: Move rejected due to water leaving the GCMC sphere
2021-03-24 21:33:38,169 - INFO: 26 move(s) completed (0 accepted (0.0000 %)). Current N = 0. Average N = 0.000
2021-03-24 21:33:43,879 - INFO: 27 move(s) completed (0 accepted (0.0000 %)). Current N = 0. Average N = 0.000
2021-03-24 21:33:49,707 - INFO: 28 move(s) completed (0 accepted (0.0000 %)). Current N = 0. Average N = 0.000
2021-03-24 21:34:08,165 - INFO: 29 move(s) completed (0 accepted (0.0000 %)). Current N = 0. Average N = 0.000
2021-03-24 21:34:13,990 - INFO: 30 move(s) completed (0 accepted (0.0000 %)). Current N = 0. Average N = 0.000
2021-03-24 21:34:28,977 - INFO: Move rejected due to water leaving the GCMC sphere
2021-03-24 21:34:32,501 - INFO: 31 move(s) completed (0 accepted (0.0000 %)). Current N = 0. Average N = 0.000
2021-03-24 21:34:38,260 - INFO: 32 move(s) completed (0 accepted (0.0000 %)). Current N = 0. Average N = 0.000
2021-03-24 21:34:56,989 - INFO: 33 move(s) completed (0 accepted (0.0000 %)). Current N = 0. Average N = 0.000
2021-03-24 21:35:02,662 - INFO: 34 move(s) completed (0 accepted (0.0000 %)). Current N = 0. Average N = 0.000
2021-03-24 21:35:08,406 - INFO: 35 move(s) completed (0 accepted (0.0000 %)). Current N = 0. Average N = 0.000
2021-03-24 21:35:27,239 - INFO: 36 move(s) completed (0 accepted (0.0000 %)). Current N = 0. Average N = 0.000
2021-03-24 21:35:33,030 - INFO: 37 move(s) completed (0 accepted (0.0000 %)). Current N = 0. Average N = 0.000
2021-03-24 21:35:38,797 - INFO: 38 move(s) completed (0 accepted (0.0000 %)). Current N = 0. Average N = 0.000
2021-03-24 21:35:44,351 - INFO: 39 move(s) completed (0 accepted (0.0000 %)). Current N = 0. Average N = 0.000
2021-03-24 21:36:02,952 - INFO: 40 move(s) completed (0 accepted (0.0000 %)). Current N = 0. Average N = 0.000
2021-03-24 21:36:18,165 - INFO: Move rejected due to water leaving the GCMC sphere
2021-03-24 21:36:21,798 - INFO: 41 move(s) completed (0 accepted (0.0000 %)). Current N = 0. Average N = 0.000
2021-03-24 21:36:27,454 - INFO: 42 move(s) completed (0 accepted (0.0000 %)). Current N = 0. Average N = 0.000
2021-03-24 21:36:33,284 - INFO: 43 move(s) completed (0 accepted (0.0000 %)). Current N = 0. Average N = 0.000
2021-03-24 21:36:38,922 - INFO: 44 move(s) completed (0 accepted (0.0000 %)). Current N = 0. Average N = 0.000
2021-03-24 21:36:54,416 - INFO: Move rejected due to water leaving the GCMC sphere
2021-03-24 21:36:58,039 - INFO: 45 move(s) completed (0 accepted (0.0000 %)). Current N = 0. Average N = 0.000
2021-03-24 21:37:03,735 - INFO: 46 move(s) completed (0 accepted (0.0000 %)). Current N = 0. Average N = 0.000
2021-03-24 21:37:09,582 - INFO: 47 move(s) completed (0 accepted (0.0000 %)). Current N = 0. Average N = 0.000
2021-03-24 21:37:15,219 - INFO: 48 move(s) completed (0 accepted (0.0000 %)). Current N = 0. Average N = 0.000
2021-03-24 21:37:20,887 - INFO: 49 move(s) completed (0 accepted (0.0000 %)). Current N = 0. Average N = 0.000
2021-03-24 21:37:26,650 - INFO: 50 move(s) completed (0 accepted (0.0000 %)). Current N = 0. Average N = 0.000
2021-03-24 21:37:44,698 - INFO: 51 move(s) completed (1 accepted (1.9608 %)). Current N = 1. Average N = 0.020
2021-03-24 21:37:59,417 - INFO: Move rejected due to water leaving the GCMC sphere
2021-03-24 21:38:02,862 - INFO: 52 move(s) completed (1 accepted (1.9231 %)). Current N = 1. Average N = 0.038
2021-03-24 21:38:21,245 - INFO: 53 move(s) completed (1 accepted (1.8868 %)). Current N = 1. Average N = 0.057
2021-03-24 21:38:39,227 - INFO: 54 move(s) completed (1 accepted (1.8519 %)). Current N = 1. Average N = 0.074
2021-03-24 21:38:57,483 - INFO: 55 move(s) completed (1 accepted (1.8182 %)). Current N = 1. Average N = 0.091
2021-03-24 21:39:15,849 - INFO: 56 move(s) completed (1 accepted (1.7857 %)). Current N = 1. Average N = 0.107
2021-03-24 21:39:30,628 - INFO: Move rejected due to water leaving the GCMC sphere
2021-03-24 21:39:34,101 - INFO: 57 move(s) completed (1 accepted (1.7544 %)). Current N = 1. Average N = 0.123
2021-03-24 21:39:49,135 - INFO: Move rejected due to water leaving the GCMC sphere
2021-03-24 21:39:52,655 - INFO: 58 move(s) completed (1 accepted (1.7241 %)). Current N = 1. Average N = 0.138
2021-03-24 21:40:07,590 - INFO: Move rejected due to water leaving the GCMC sphere
2021-03-24 21:40:11,141 - INFO: 59 move(s) completed (1 accepted (1.6949 %)). Current N = 1. Average N = 0.152
2021-03-24 21:40:29,601 - INFO: 60 move(s) completed (1 accepted (1.6667 %)). Current N = 1. Average N = 0.167
2021-03-24 21:40:47,692 - INFO: 61 move(s) completed (1 accepted (1.6393 %)). Current N = 1. Average N = 0.180
2021-03-24 21:41:05,836 - INFO: 62 move(s) completed (1 accepted (1.6129 %)). Current N = 1. Average N = 0.194
2021-03-24 21:41:23,986 - INFO: 63 move(s) completed (1 accepted (1.5873 %)). Current N = 1. Average N = 0.206
2021-03-24 21:41:39,357 - INFO: Move rejected due to water leaving the GCMC sphere
2021-03-24 21:41:42,936 - INFO: 64 move(s) completed (1 accepted (1.5625 %)). Current N = 1. Average N = 0.219
2021-03-24 21:41:58,090 - INFO: Move rejected due to water leaving the GCMC sphere
2021-03-24 21:42:01,545 - INFO: 65 move(s) completed (1 accepted (1.5385 %)). Current N = 1. Average N = 0.231
2021-03-24 21:42:20,198 - INFO: 66 move(s) completed (1 accepted (1.5152 %)). Current N = 1. Average N = 0.242
2021-03-24 21:42:38,181 - INFO: 67 move(s) completed (1 accepted (1.4925 %)). Current N = 1. Average N = 0.254
2021-03-24 21:42:57,163 - INFO: 68 move(s) completed (1 accepted (1.4706 %)). Current N = 1. Average N = 0.265
2021-03-24 21:43:12,553 - INFO: Move rejected due to water leaving the GCMC sphere
2021-03-24 21:43:16,054 - INFO: 69 move(s) completed (1 accepted (1.4493 %)). Current N = 1. Average N = 0.275
2021-03-24 21:43:35,026 - INFO: 70 move(s) completed (1 accepted (1.4286 %)). Current N = 1. Average N = 0.286
2021-03-24 21:43:53,404 - INFO: 71 move(s) completed (1 accepted (1.4085 %)). Current N = 1. Average N = 0.296
2021-03-24 21:44:07,945 - INFO: Move rejected due to water leaving the GCMC sphere
2021-03-24 21:44:11,402 - INFO: 72 move(s) completed (1 accepted (1.3889 %)). Current N = 1. Average N = 0.306
2021-03-24 21:44:29,624 - INFO: 73 move(s) completed (1 accepted (1.3699 %)). Current N = 1. Average N = 0.315
2021-03-24 21:44:47,876 - INFO: 74 move(s) completed (1 accepted (1.3514 %)). Current N = 1. Average N = 0.324
2021-03-24 21:45:06,290 - INFO: 75 move(s) completed (1 accepted (1.3333 %)). Current N = 1. Average N = 0.333
2021-03-24 21:45:20,836 - INFO: Move rejected due to water leaving the GCMC sphere
2021-03-24 21:45:24,464 - INFO: 76 move(s) completed (1 accepted (1.3158 %)). Current N = 1. Average N = 0.342
2021-03-24 21:45:42,776 - INFO: 77 move(s) completed (1 accepted (1.2987 %)). Current N = 1. Average N = 0.351
2021-03-24 21:46:00,578 - INFO: 78 move(s) completed (1 accepted (1.2821 %)). Current N = 1. Average N = 0.359
2021-03-24 21:46:18,909 - INFO: 79 move(s) completed (1 accepted (1.2658 %)). Current N = 1. Average N = 0.367
2021-03-24 21:46:37,531 - INFO: 80 move(s) completed (1 accepted (1.2500 %)). Current N = 1. Average N = 0.375
2021-03-24 21:46:55,931 - INFO: 81 move(s) completed (1 accepted (1.2346 %)). Current N = 1. Average N = 0.383
2021-03-24 21:47:14,700 - INFO: 82 move(s) completed (1 accepted (1.2195 %)). Current N = 1. Average N = 0.390
2021-03-24 21:47:32,618 - INFO: 83 move(s) completed (1 accepted (1.2048 %)). Current N = 1. Average N = 0.398
2021-03-24 21:47:51,330 - INFO: 84 move(s) completed (1 accepted (1.1905 %)). Current N = 1. Average N = 0.405
2021-03-24 21:48:09,979 - INFO: 85 move(s) completed (1 accepted (1.1765 %)). Current N = 1. Average N = 0.412
2021-03-24 21:48:25,196 - INFO: Move rejected due to water leaving the GCMC sphere
2021-03-24 21:48:28,659 - INFO: 86 move(s) completed (1 accepted (1.1628 %)). Current N = 1. Average N = 0.419
2021-03-24 21:48:44,059 - INFO: Move rejected due to water leaving the GCMC sphere
2021-03-24 21:48:47,494 - INFO: 87 move(s) completed (1 accepted (1.1494 %)). Current N = 1. Average N = 0.425
2021-03-24 21:49:03,027 - INFO: Move rejected due to water leaving the GCMC sphere
2021-03-24 21:49:06,575 - INFO: 88 move(s) completed (1 accepted (1.1364 %)). Current N = 1. Average N = 0.432
2021-03-24 21:49:21,816 - INFO: Move rejected due to water leaving the GCMC sphere
2021-03-24 21:49:25,435 - INFO: 89 move(s) completed (1 accepted (1.1236 %)). Current N = 1. Average N = 0.438
2021-03-24 21:49:40,691 - INFO: Move rejected due to water leaving the GCMC sphere
2021-03-24 21:49:44,215 - INFO: 90 move(s) completed (1 accepted (1.1111 %)). Current N = 1. Average N = 0.444
2021-03-24 21:50:02,360 - INFO: 91 move(s) completed (1 accepted (1.0989 %)). Current N = 1. Average N = 0.451
2021-03-24 21:50:20,394 - INFO: 92 move(s) completed (1 accepted (1.0870 %)). Current N = 1. Average N = 0.457
2021-03-24 21:50:38,435 - INFO: 93 move(s) completed (1 accepted (1.0753 %)). Current N = 1. Average N = 0.462
2021-03-24 21:50:52,948 - INFO: Move rejected due to water leaving the GCMC sphere
2021-03-24 21:50:56,401 - INFO: 94 move(s) completed (1 accepted (1.0638 %)). Current N = 1. Average N = 0.468
2021-03-24 21:51:14,834 - INFO: 95 move(s) completed (1 accepted (1.0526 %)). Current N = 1. Average N = 0.474
2021-03-24 21:51:29,871 - INFO: Move rejected due to water leaving the GCMC sphere
2021-03-24 21:51:33,477 - INFO: 96 move(s) completed (1 accepted (1.0417 %)). Current N = 1. Average N = 0.479
2021-03-24 21:51:48,181 - INFO: Move rejected due to water leaving the GCMC sphere
2021-03-24 21:51:51,624 - INFO: 97 move(s) completed (1 accepted (1.0309 %)). Current N = 1. Average N = 0.484
2021-03-24 21:52:06,630 - INFO: Move rejected due to water leaving the GCMC sphere
2021-03-24 21:52:10,232 - INFO: 98 move(s) completed (1 accepted (1.0204 %)). Current N = 1. Average N = 0.490
2021-03-24 21:52:28,814 - INFO: 99 move(s) completed (1 accepted (1.0101 %)). Current N = 1. Average N = 0.495
2021-03-24 21:52:46,908 - INFO: 100 move(s) completed (1 accepted (1.0000 %)). Current N = 1. Average N = 0.500
2021-03-24 21:53:05,519 - INFO: 101 move(s) completed (1 accepted (0.9901 %)). Current N = 1. Average N = 0.505
2021-03-24 21:53:19,928 - INFO: Move rejected due to water leaving the GCMC sphere
2021-03-24 21:53:23,454 - INFO: 102 move(s) completed (1 accepted (0.9804 %)). Current N = 1. Average N = 0.510
2021-03-24 21:53:42,224 - INFO: 103 move(s) completed (1 accepted (0.9709 %)). Current N = 1. Average N = 0.515
2021-03-24 21:53:57,430 - INFO: Move rejected due to water leaving the GCMC sphere
2021-03-24 21:54:00,968 - INFO: 104 move(s) completed (1 accepted (0.9615 %)). Current N = 1. Average N = 0.519
2021-03-24 21:54:19,582 - INFO: 105 move(s) completed (1 accepted (0.9524 %)). Current N = 1. Average N = 0.524
2021-03-24 21:54:38,379 - INFO: 106 move(s) completed (1 accepted (0.9434 %)). Current N = 1. Average N = 0.528
2021-03-24 21:54:56,409 - INFO: 107 move(s) completed (1 accepted (0.9346 %)). Current N = 1. Average N = 0.533
2021-03-24 21:55:11,626 - INFO: Move rejected due to water leaving the GCMC sphere
2021-03-24 21:55:15,203 - INFO: 108 move(s) completed (1 accepted (0.9259 %)). Current N = 1. Average N = 0.537
2021-03-24 21:55:34,106 - INFO: 109 move(s) completed (1 accepted (0.9174 %)). Current N = 1. Average N = 0.541
2021-03-24 21:55:49,443 - INFO: Move rejected due to water leaving the GCMC sphere
2021-03-24 21:55:52,987 - INFO: 110 move(s) completed (1 accepted (0.9091 %)). Current N = 1. Average N = 0.545
2021-03-24 21:56:08,378 - INFO: Move rejected due to water leaving the GCMC sphere
2021-03-24 21:56:11,836 - INFO: 111 move(s) completed (1 accepted (0.9009 %)). Current N = 1. Average N = 0.549
2021-03-24 21:56:30,704 - INFO: 112 move(s) completed (1 accepted (0.8929 %)). Current N = 1. Average N = 0.554
2021-03-24 21:56:49,448 - INFO: 113 move(s) completed (1 accepted (0.8850 %)). Current N = 1. Average N = 0.557
2021-03-24 21:57:07,495 - INFO: 114 move(s) completed (1 accepted (0.8772 %)). Current N = 1. Average N = 0.561
2021-03-24 21:57:22,205 - INFO: Move rejected due to water leaving the GCMC sphere
2021-03-24 21:57:25,843 - INFO: 115 move(s) completed (1 accepted (0.8696 %)). Current N = 1. Average N = 0.565
2021-03-24 21:57:43,907 - INFO: 116 move(s) completed (1 accepted (0.8621 %)). Current N = 1. Average N = 0.569
2021-03-24 21:57:58,620 - INFO: Move rejected due to water leaving the GCMC sphere
2021-03-24 21:58:02,063 - INFO: 117 move(s) completed (1 accepted (0.8547 %)). Current N = 1. Average N = 0.573
2021-03-24 21:58:16,654 - INFO: Move rejected due to water leaving the GCMC sphere
2021-03-24 21:58:20,144 - INFO: 118 move(s) completed (1 accepted (0.8475 %)). Current N = 1. Average N = 0.576
2021-03-24 21:58:34,956 - INFO: Move rejected due to water leaving the GCMC sphere
2021-03-24 21:58:38,511 - INFO: 119 move(s) completed (1 accepted (0.8403 %)). Current N = 1. Average N = 0.580
2021-03-24 21:58:56,830 - INFO: 120 move(s) completed (1 accepted (0.8333 %)). Current N = 1. Average N = 0.583
2021-03-24 21:59:15,149 - INFO: 121 move(s) completed (1 accepted (0.8264 %)). Current N = 1. Average N = 0.587
2021-03-24 21:59:33,708 - INFO: 122 move(s) completed (1 accepted (0.8197 %)). Current N = 1. Average N = 0.590
2021-03-24 21:59:51,725 - INFO: 123 move(s) completed (1 accepted (0.8130 %)). Current N = 1. Average N = 0.594
2021-03-24 22:00:10,077 - INFO: 124 move(s) completed (1 accepted (0.8065 %)). Current N = 1. Average N = 0.597
2021-03-24 22:00:28,657 - INFO: 125 move(s) completed (1 accepted (0.8000 %)). Current N = 1. Average N = 0.600
2021-03-24 22:00:47,150 - INFO: 126 move(s) completed (1 accepted (0.7937 %)). Current N = 1. Average N = 0.603
2021-03-24 22:01:02,278 - INFO: Move rejected due to water leaving the GCMC sphere
2021-03-24 22:01:05,765 - INFO: 127 move(s) completed (1 accepted (0.7874 %)). Current N = 1. Average N = 0.606
2021-03-24 22:01:24,421 - INFO: 128 move(s) completed (1 accepted (0.7812 %)). Current N = 1. Average N = 0.609
2021-03-24 22:01:42,423 - INFO: 129 move(s) completed (1 accepted (0.7752 %)). Current N = 1. Average N = 0.612
2021-03-24 22:01:57,695 - INFO: Move rejected due to water leaving the GCMC sphere
2021-03-24 22:02:01,328 - INFO: 130 move(s) completed (1 accepted (0.7692 %)). Current N = 1. Average N = 0.615
2021-03-24 22:02:19,797 - INFO: 131 move(s) completed (1 accepted (0.7634 %)). Current N = 1. Average N = 0.618
2021-03-24 22:02:35,216 - INFO: Move rejected due to water leaving the GCMC sphere
2021-03-24 22:02:38,831 - INFO: 132 move(s) completed (1 accepted (0.7576 %)). Current N = 1. Average N = 0.621
2021-03-24 22:02:57,853 - INFO: 133 move(s) completed (1 accepted (0.7519 %)). Current N = 1. Average N = 0.624
2021-03-24 22:03:15,825 - INFO: 134 move(s) completed (1 accepted (0.7463 %)). Current N = 1. Average N = 0.627
2021-03-24 22:03:33,851 - INFO: 135 move(s) completed (1 accepted (0.7407 %)). Current N = 1. Average N = 0.630
2021-03-24 22:03:51,665 - INFO: 136 move(s) completed (1 accepted (0.7353 %)). Current N = 1. Average N = 0.632
2021-03-24 22:04:10,134 - INFO: 137 move(s) completed (1 accepted (0.7299 %)). Current N = 1. Average N = 0.635
2021-03-24 22:04:24,726 - INFO: Move rejected due to water leaving the GCMC sphere
2021-03-24 22:04:28,103 - INFO: 138 move(s) completed (1 accepted (0.7246 %)). Current N = 1. Average N = 0.638
2021-03-24 22:04:46,324 - INFO: 139 move(s) completed (1 accepted (0.7194 %)). Current N = 1. Average N = 0.640
2021-03-24 22:05:04,161 - INFO: 140 move(s) completed (1 accepted (0.7143 %)). Current N = 1. Average N = 0.643
2021-03-24 22:05:22,610 - INFO: 141 move(s) completed (1 accepted (0.7092 %)). Current N = 1. Average N = 0.645
2021-03-24 22:05:41,061 - INFO: 142 move(s) completed (1 accepted (0.7042 %)). Current N = 1. Average N = 0.648
2021-03-24 22:05:59,480 - INFO: 143 move(s) completed (1 accepted (0.6993 %)). Current N = 1. Average N = 0.650
2021-03-24 22:06:14,629 - INFO: Move rejected due to water leaving the GCMC sphere
2021-03-24 22:06:18,163 - INFO: 144 move(s) completed (1 accepted (0.6944 %)). Current N = 1. Average N = 0.653
2021-03-24 22:06:33,143 - INFO: Move rejected due to water leaving the GCMC sphere
2021-03-24 22:06:36,586 - INFO: 145 move(s) completed (1 accepted (0.6897 %)). Current N = 1. Average N = 0.655
2021-03-24 22:06:51,655 - INFO: Move rejected due to water leaving the GCMC sphere
2021-03-24 22:06:55,278 - INFO: 146 move(s) completed (1 accepted (0.6849 %)). Current N = 1. Average N = 0.657
2021-03-24 22:07:14,216 - INFO: 147 move(s) completed (1 accepted (0.6803 %)). Current N = 1. Average N = 0.660
2021-03-24 22:07:29,187 - INFO: Move rejected due to water leaving the GCMC sphere
2021-03-24 22:07:32,610 - INFO: 148 move(s) completed (1 accepted (0.6757 %)). Current N = 1. Average N = 0.662
2021-03-24 22:07:51,308 - INFO: 149 move(s) completed (1 accepted (0.6711 %)). Current N = 1. Average N = 0.664
2021-03-24 22:08:09,698 - INFO: 150 move(s) completed (1 accepted (0.6667 %)). Current N = 1. Average N = 0.667
2021-03-24 22:08:24,782 - INFO: Move rejected due to water leaving the GCMC sphere
2021-03-24 22:08:28,392 - INFO: 151 move(s) completed (1 accepted (0.6623 %)). Current N = 1. Average N = 0.669
2021-03-24 22:08:47,212 - INFO: 152 move(s) completed (1 accepted (0.6579 %)). Current N = 1. Average N = 0.671
2021-03-24 22:09:02,404 - INFO: Move rejected due to water leaving the GCMC sphere
2021-03-24 22:09:06,010 - INFO: 153 move(s) completed (1 accepted (0.6536 %)). Current N = 1. Average N = 0.673
2021-03-24 22:09:24,777 - INFO: 154 move(s) completed (1 accepted (0.6494 %)). Current N = 1. Average N = 0.675
2021-03-24 22:09:43,471 - INFO: 155 move(s) completed (1 accepted (0.6452 %)). Current N = 1. Average N = 0.677
2021-03-24 22:09:57,937 - INFO: Move rejected due to water leaving the GCMC sphere
2021-03-24 22:10:01,402 - INFO: 156 move(s) completed (1 accepted (0.6410 %)). Current N = 1. Average N = 0.679
2021-03-24 22:10:19,353 - INFO: 157 move(s) completed (1 accepted (0.6369 %)). Current N = 1. Average N = 0.681
2021-03-24 22:10:37,592 - INFO: 158 move(s) completed (1 accepted (0.6329 %)). Current N = 1. Average N = 0.683
2021-03-24 22:10:52,161 - INFO: Move rejected due to water leaving the GCMC sphere
2021-03-24 22:10:55,828 - INFO: 159 move(s) completed (1 accepted (0.6289 %)). Current N = 1. Average N = 0.685
2021-03-24 22:11:14,049 - INFO: 160 move(s) completed (1 accepted (0.6250 %)). Current N = 1. Average N = 0.688
2021-03-24 22:11:28,647 - INFO: Move rejected due to water leaving the GCMC sphere
2021-03-24 22:11:32,050 - INFO: 161 move(s) completed (1 accepted (0.6211 %)). Current N = 1. Average N = 0.689
2021-03-24 22:11:46,973 - INFO: Move rejected due to water leaving the GCMC sphere
2021-03-24 22:11:50,513 - INFO: 162 move(s) completed (1 accepted (0.6173 %)). Current N = 1. Average N = 0.691
2021-03-24 22:12:08,439 - INFO: 163 move(s) completed (1 accepted (0.6135 %)). Current N = 1. Average N = 0.693
2021-03-24 22:12:26,481 - INFO: 164 move(s) completed (1 accepted (0.6098 %)). Current N = 1. Average N = 0.695
2021-03-24 22:12:44,314 - INFO: 165 move(s) completed (1 accepted (0.6061 %)). Current N = 1. Average N = 0.697
2021-03-24 22:13:02,485 - INFO: 166 move(s) completed (1 accepted (0.6024 %)). Current N = 1. Average N = 0.699
2021-03-24 22:13:21,028 - INFO: 167 move(s) completed (1 accepted (0.5988 %)). Current N = 1. Average N = 0.701
2021-03-24 22:13:39,608 - INFO: 168 move(s) completed (1 accepted (0.5952 %)). Current N = 1. Average N = 0.702
2021-03-24 22:13:54,786 - INFO: Move rejected due to water leaving the GCMC sphere
2021-03-24 22:13:58,389 - INFO: 169 move(s) completed (1 accepted (0.5917 %)). Current N = 1. Average N = 0.704
2021-03-24 22:14:13,503 - INFO: Move rejected due to water leaving the GCMC sphere
2021-03-24 22:14:16,940 - INFO: 170 move(s) completed (1 accepted (0.5882 %)). Current N = 1. Average N = 0.706
2021-03-24 22:14:35,734 - INFO: 171 move(s) completed (1 accepted (0.5848 %)). Current N = 1. Average N = 0.708
2021-03-24 22:14:53,823 - INFO: 172 move(s) completed (1 accepted (0.5814 %)). Current N = 1. Average N = 0.709
2021-03-24 22:15:12,656 - INFO: 173 move(s) completed (1 accepted (0.5780 %)). Current N = 1. Average N = 0.711
2021-03-24 22:15:31,329 - INFO: 174 move(s) completed (1 accepted (0.5747 %)). Current N = 1. Average N = 0.713
2021-03-24 22:15:49,626 - INFO: 175 move(s) completed (1 accepted (0.5714 %)). Current N = 1. Average N = 0.714
2021-03-24 22:16:07,621 - INFO: 176 move(s) completed (1 accepted (0.5682 %)). Current N = 1. Average N = 0.716
2021-03-24 22:16:25,560 - INFO: 177 move(s) completed (1 accepted (0.5650 %)). Current N = 1. Average N = 0.718
2021-03-24 22:16:43,635 - INFO: 178 move(s) completed (1 accepted (0.5618 %)). Current N = 1. Average N = 0.719
2021-03-24 22:17:01,760 - INFO: 179 move(s) completed (1 accepted (0.5587 %)). Current N = 1. Average N = 0.721
2021-03-24 22:17:16,271 - INFO: Move rejected due to water leaving the GCMC sphere
2021-03-24 22:17:19,720 - INFO: 180 move(s) completed (1 accepted (0.5556 %)). Current N = 1. Average N = 0.722
2021-03-24 22:17:38,295 - INFO: 181 move(s) completed (1 accepted (0.5525 %)). Current N = 1. Average N = 0.724
2021-03-24 22:17:56,672 - INFO: 182 move(s) completed (1 accepted (0.5495 %)). Current N = 1. Average N = 0.725
2021-03-24 22:18:15,011 - INFO: 183 move(s) completed (1 accepted (0.5464 %)). Current N = 1. Average N = 0.727
2021-03-24 22:18:33,423 - INFO: 184 move(s) completed (1 accepted (0.5435 %)). Current N = 1. Average N = 0.728
2021-03-24 22:18:48,094 - INFO: Move rejected due to water leaving the GCMC sphere
2021-03-24 22:18:51,614 - INFO: 185 move(s) completed (1 accepted (0.5405 %)). Current N = 1. Average N = 0.730
2021-03-24 22:19:10,154 - INFO: 186 move(s) completed (1 accepted (0.5376 %)). Current N = 1. Average N = 0.731
2021-03-24 22:19:25,131 - INFO: Move rejected due to water leaving the GCMC sphere
2021-03-24 22:19:28,664 - INFO: 187 move(s) completed (1 accepted (0.5348 %)). Current N = 1. Average N = 0.733
2021-03-24 22:19:43,638 - INFO: Move rejected due to water leaving the GCMC sphere
2021-03-24 22:19:47,197 - INFO: 188 move(s) completed (1 accepted (0.5319 %)). Current N = 1. Average N = 0.734
2021-03-24 22:20:05,884 - INFO: 189 move(s) completed (1 accepted (0.5291 %)). Current N = 1. Average N = 0.735
2021-03-24 22:20:21,085 - INFO: Move rejected due to water leaving the GCMC sphere
2021-03-24 22:20:24,538 - INFO: 190 move(s) completed (1 accepted (0.5263 %)). Current N = 1. Average N = 0.737
2021-03-24 22:20:43,249 - INFO: 191 move(s) completed (1 accepted (0.5236 %)). Current N = 1. Average N = 0.738
2021-03-24 22:21:01,647 - INFO: 192 move(s) completed (1 accepted (0.5208 %)). Current N = 1. Average N = 0.740
2021-03-24 22:21:16,144 - INFO: Move rejected due to water leaving the GCMC sphere
2021-03-24 22:21:19,647 - INFO: 193 move(s) completed (1 accepted (0.5181 %)). Current N = 1. Average N = 0.741
2021-03-24 22:21:38,530 - INFO: 194 move(s) completed (1 accepted (0.5155 %)). Current N = 1. Average N = 0.742
2021-03-24 22:21:53,767 - INFO: Move rejected due to water leaving the GCMC sphere
2021-03-24 22:21:57,363 - INFO: 195 move(s) completed (1 accepted (0.5128 %)). Current N = 1. Average N = 0.744
2021-03-24 22:22:16,021 - INFO: 196 move(s) completed (1 accepted (0.5102 %)). Current N = 1. Average N = 0.745
2021-03-24 22:22:34,261 - INFO: 197 move(s) completed (1 accepted (0.5076 %)). Current N = 1. Average N = 0.746
2021-03-24 22:22:53,446 - INFO: 198 move(s) completed (1 accepted (0.5051 %)). Current N = 1. Average N = 0.748
2021-03-24 22:23:12,260 - INFO: 199 move(s) completed (1 accepted (0.5025 %)). Current N = 1. Average N = 0.749
2021-03-24 22:23:30,270 - INFO: 200 move(s) completed (1 accepted (0.5000 %)). Current N = 1. Average N = 0.750
2021-03-24 22:23:44,738 - INFO: Move rejected due to water leaving the GCMC sphere
2021-03-24 22:23:48,259 - INFO: 201 move(s) completed (1 accepted (0.4975 %)). Current N = 1. Average N = 0.751
2021-03-24 22:24:03,036 - INFO: Move rejected due to water leaving the GCMC sphere
2021-03-24 22:24:06,532 - INFO: 202 move(s) completed (1 accepted (0.4950 %)). Current N = 1. Average N = 0.752
2021-03-24 22:24:24,533 - INFO: 203 move(s) completed (1 accepted (0.4926 %)). Current N = 1. Average N = 0.754
2021-03-24 22:24:42,450 - INFO: 204 move(s) completed (1 accepted (0.4902 %)). Current N = 1. Average N = 0.755
2021-03-24 22:24:57,124 - INFO: Move rejected due to water leaving the GCMC sphere
2021-03-24 22:25:00,589 - INFO: 205 move(s) completed (1 accepted (0.4878 %)). Current N = 1. Average N = 0.756
2021-03-24 22:25:19,022 - INFO: 206 move(s) completed (1 accepted (0.4854 %)). Current N = 1. Average N = 0.757
2021-03-24 22:25:37,163 - INFO: 207 move(s) completed (1 accepted (0.4831 %)). Current N = 1. Average N = 0.758
2021-03-24 22:25:51,670 - INFO: Move rejected due to water leaving the GCMC sphere
2021-03-24 22:25:55,153 - INFO: 208 move(s) completed (1 accepted (0.4808 %)). Current N = 1. Average N = 0.760
2021-03-24 22:26:09,924 - INFO: Move rejected due to water leaving the GCMC sphere
2021-03-24 22:26:13,287 - INFO: 209 move(s) completed (1 accepted (0.4785 %)). Current N = 1. Average N = 0.761
2021-03-24 22:26:31,719 - INFO: 210 move(s) completed (1 accepted (0.4762 %)). Current N = 1. Average N = 0.762
2021-03-24 22:26:50,346 - INFO: 211 move(s) completed (1 accepted (0.4739 %)). Current N = 1. Average N = 0.763
2021-03-24 22:27:08,232 - INFO: 212 move(s) completed (1 accepted (0.4717 %)). Current N = 1. Average N = 0.764
2021-03-24 22:27:23,409 - INFO: Move rejected due to water leaving the GCMC sphere
2021-03-24 22:27:27,060 - INFO: 213 move(s) completed (1 accepted (0.4695 %)). Current N = 1. Average N = 0.765
2021-03-24 22:27:45,731 - INFO: 214 move(s) completed (1 accepted (0.4673 %)). Current N = 1. Average N = 0.766
2021-03-24 22:28:04,575 - INFO: 215 move(s) completed (1 accepted (0.4651 %)). Current N = 1. Average N = 0.767
2021-03-24 22:28:19,997 - INFO: Move rejected due to water leaving the GCMC sphere
2021-03-24 22:28:23,436 - INFO: 216 move(s) completed (1 accepted (0.4630 %)). Current N = 1. Average N = 0.768
2021-03-24 22:28:42,579 - INFO: 217 move(s) completed (1 accepted (0.4608 %)). Current N = 1. Average N = 0.770
2021-03-24 22:29:00,653 - INFO: 218 move(s) completed (1 accepted (0.4587 %)). Current N = 1. Average N = 0.771
2021-03-24 22:29:15,829 - INFO: Move rejected due to water leaving the GCMC sphere
2021-03-24 22:29:19,409 - INFO: 219 move(s) completed (1 accepted (0.4566 %)). Current N = 1. Average N = 0.772
2021-03-24 22:29:38,434 - INFO: 220 move(s) completed (1 accepted (0.4545 %)). Current N = 1. Average N = 0.773
2021-03-24 22:29:53,064 - INFO: Move rejected due to water leaving the GCMC sphere
2021-03-24 22:29:56,519 - INFO: 221 move(s) completed (1 accepted (0.4525 %)). Current N = 1. Average N = 0.774
2021-03-24 22:30:11,334 - INFO: Move rejected due to water leaving the GCMC sphere
2021-03-24 22:30:14,969 - INFO: 222 move(s) completed (1 accepted (0.4505 %)). Current N = 1. Average N = 0.775
2021-03-24 22:30:33,232 - INFO: 223 move(s) completed (1 accepted (0.4484 %)). Current N = 1. Average N = 0.776
2021-03-24 22:30:51,428 - INFO: 224 move(s) completed (1 accepted (0.4464 %)). Current N = 1. Average N = 0.777
2021-03-24 22:31:09,811 - INFO: 225 move(s) completed (1 accepted (0.4444 %)). Current N = 1. Average N = 0.778
2021-03-24 22:31:27,947 - INFO: 226 move(s) completed (1 accepted (0.4425 %)). Current N = 1. Average N = 0.779
2021-03-24 22:31:46,240 - INFO: 227 move(s) completed (1 accepted (0.4405 %)). Current N = 1. Average N = 0.780
2021-03-24 22:32:04,574 - INFO: 228 move(s) completed (1 accepted (0.4386 %)). Current N = 1. Average N = 0.781
2021-03-24 22:32:22,477 - INFO: 229 move(s) completed (1 accepted (0.4367 %)). Current N = 1. Average N = 0.782
2021-03-24 22:32:40,433 - INFO: 230 move(s) completed (1 accepted (0.4348 %)). Current N = 1. Average N = 0.783
2021-03-24 22:32:58,386 - INFO: 231 move(s) completed (1 accepted (0.4329 %)). Current N = 1. Average N = 0.783
2021-03-24 22:33:16,236 - INFO: 232 move(s) completed (1 accepted (0.4310 %)). Current N = 1. Average N = 0.784
2021-03-24 22:33:31,328 - INFO: Move rejected due to water leaving the GCMC sphere
2021-03-24 22:33:34,826 - INFO: 233 move(s) completed (1 accepted (0.4292 %)). Current N = 1. Average N = 0.785
2021-03-24 22:33:53,499 - INFO: 234 move(s) completed (1 accepted (0.4274 %)). Current N = 1. Average N = 0.786
2021-03-24 22:34:08,625 - INFO: Move rejected due to water leaving the GCMC sphere
2021-03-24 22:34:12,072 - INFO: 235 move(s) completed (1 accepted (0.4255 %)). Current N = 1. Average N = 0.787
2021-03-24 22:34:30,610 - INFO: 236 move(s) completed (1 accepted (0.4237 %)). Current N = 1. Average N = 0.788
2021-03-24 22:34:49,485 - INFO: 237 move(s) completed (1 accepted (0.4219 %)). Current N = 1. Average N = 0.789
2021-03-24 22:35:08,219 - INFO: 238 move(s) completed (1 accepted (0.4202 %)). Current N = 1. Average N = 0.790
2021-03-24 22:35:27,129 - INFO: 239 move(s) completed (1 accepted (0.4184 %)). Current N = 1. Average N = 0.791
2021-03-24 22:35:41,677 - INFO: Move rejected due to water leaving the GCMC sphere
2021-03-24 22:35:45,288 - INFO: 240 move(s) completed (1 accepted (0.4167 %)). Current N = 1. Average N = 0.792
2021-03-24 22:36:03,225 - INFO: 241 move(s) completed (1 accepted (0.4149 %)). Current N = 1. Average N = 0.792
2021-03-24 22:36:21,569 - INFO: 242 move(s) completed (1 accepted (0.4132 %)). Current N = 1. Average N = 0.793
2021-03-24 22:36:39,784 - INFO: 243 move(s) completed (1 accepted (0.4115 %)). Current N = 1. Average N = 0.794
2021-03-24 22:36:57,902 - INFO: 244 move(s) completed (1 accepted (0.4098 %)). Current N = 1. Average N = 0.795
2021-03-24 22:37:16,076 - INFO: 245 move(s) completed (1 accepted (0.4082 %)). Current N = 1. Average N = 0.796
2021-03-24 22:37:34,244 - INFO: 246 move(s) completed (1 accepted (0.4065 %)). Current N = 1. Average N = 0.797
2021-03-24 22:37:49,180 - INFO: Move rejected due to water leaving the GCMC sphere
2021-03-24 22:37:52,733 - INFO: 247 move(s) completed (1 accepted (0.4049 %)). Current N = 1. Average N = 0.798
2021-03-24 22:38:11,162 - INFO: 248 move(s) completed (1 accepted (0.4032 %)). Current N = 1. Average N = 0.798
2021-03-24 22:38:29,602 - INFO: 249 move(s) completed (1 accepted (0.4016 %)). Current N = 1. Average N = 0.799
2021-03-24 22:38:48,023 - INFO: 250 move(s) completed (1 accepted (0.4000 %)). Current N = 1. Average N = 0.800
2021-03-24 22:39:06,147 - INFO: 251 move(s) completed (1 accepted (0.3984 %)). Current N = 1. Average N = 0.801
2021-03-24 22:39:24,262 - INFO: 252 move(s) completed (1 accepted (0.3968 %)). Current N = 1. Average N = 0.802
2021-03-24 22:39:42,433 - INFO: 253 move(s) completed (1 accepted (0.3953 %)). Current N = 1. Average N = 0.802
2021-03-24 22:40:00,308 - INFO: 254 move(s) completed (1 accepted (0.3937 %)). Current N = 1. Average N = 0.803
2021-03-24 22:40:19,050 - INFO: 255 move(s) completed (1 accepted (0.3922 %)). Current N = 1. Average N = 0.804
2021-03-24 22:40:37,703 - INFO: 256 move(s) completed (1 accepted (0.3906 %)). Current N = 1. Average N = 0.805
2021-03-24 22:40:55,759 - INFO: 257 move(s) completed (1 accepted (0.3891 %)). Current N = 1. Average N = 0.805
2021-03-24 22:41:14,741 - INFO: 258 move(s) completed (1 accepted (0.3876 %)). Current N = 1. Average N = 0.806
2021-03-24 22:41:33,326 - INFO: 259 move(s) completed (1 accepted (0.3861 %)). Current N = 1. Average N = 0.807
2021-03-24 22:41:48,809 - INFO: Move rejected due to water leaving the GCMC sphere
2021-03-24 22:41:52,293 - INFO: 260 move(s) completed (1 accepted (0.3846 %)). Current N = 1. Average N = 0.808
2021-03-24 22:42:11,206 - INFO: 261 move(s) completed (1 accepted (0.3831 %)). Current N = 1. Average N = 0.808
2021-03-24 22:42:25,775 - INFO: Move rejected due to water leaving the GCMC sphere
2021-03-24 22:42:29,474 - INFO: 262 move(s) completed (1 accepted (0.3817 %)). Current N = 1. Average N = 0.809
2021-03-24 22:42:47,371 - INFO: 263 move(s) completed (1 accepted (0.3802 %)). Current N = 1. Average N = 0.810
2021-03-24 22:43:02,017 - INFO: Move rejected due to water leaving the GCMC sphere
2021-03-24 22:43:05,625 - INFO: 264 move(s) completed (1 accepted (0.3788 %)). Current N = 1. Average N = 0.811
2021-03-24 22:43:23,824 - INFO: 265 move(s) completed (1 accepted (0.3774 %)). Current N = 1. Average N = 0.811
2021-03-24 22:43:42,002 - INFO: 266 move(s) completed (1 accepted (0.3759 %)). Current N = 1. Average N = 0.812
2021-03-24 22:43:56,671 - INFO: Move rejected due to water leaving the GCMC sphere
2021-03-24 22:44:00,421 - INFO: 267 move(s) completed (1 accepted (0.3745 %)). Current N = 1. Average N = 0.813
2021-03-24 22:44:18,838 - INFO: 268 move(s) completed (1 accepted (0.3731 %)). Current N = 1. Average N = 0.813
2021-03-24 22:44:37,433 - INFO: 269 move(s) completed (1 accepted (0.3717 %)). Current N = 1. Average N = 0.814
2021-03-24 22:44:55,732 - INFO: 270 move(s) completed (1 accepted (0.3704 %)). Current N = 1. Average N = 0.815
2021-03-24 22:45:14,000 - INFO: 271 move(s) completed (1 accepted (0.3690 %)). Current N = 1. Average N = 0.816
2021-03-24 22:45:32,667 - INFO: 272 move(s) completed (1 accepted (0.3676 %)). Current N = 1. Average N = 0.816
2021-03-24 22:45:51,230 - INFO: 273 move(s) completed (1 accepted (0.3663 %)). Current N = 1. Average N = 0.817
2021-03-24 22:46:09,832 - INFO: 274 move(s) completed (1 accepted (0.3650 %)). Current N = 1. Average N = 0.818
2021-03-24 22:46:28,461 - INFO: 275 move(s) completed (1 accepted (0.3636 %)). Current N = 1. Average N = 0.818
2021-03-24 22:46:46,552 - INFO: 276 move(s) completed (1 accepted (0.3623 %)). Current N = 1. Average N = 0.819
2021-03-24 22:47:04,901 - INFO: 277 move(s) completed (1 accepted (0.3610 %)). Current N = 1. Average N = 0.820
2021-03-24 22:47:23,056 - INFO: 278 move(s) completed (1 accepted (0.3597 %)). Current N = 1. Average N = 0.820
2021-03-24 22:47:41,159 - INFO: 279 move(s) completed (1 accepted (0.3584 %)). Current N = 1. Average N = 0.821
2021-03-24 22:47:59,969 - INFO: 280 move(s) completed (1 accepted (0.3571 %)). Current N = 1. Average N = 0.821
2021-03-24 22:48:18,949 - INFO: 281 move(s) completed (1 accepted (0.3559 %)). Current N = 1. Average N = 0.822
2021-03-24 22:48:34,254 - INFO: Move rejected due to water leaving the GCMC sphere
2021-03-24 22:48:37,882 - INFO: 282 move(s) completed (1 accepted (0.3546 %)). Current N = 1. Average N = 0.823
2021-03-24 22:48:53,441 - INFO: Move rejected due to water leaving the GCMC sphere
2021-03-24 22:48:57,056 - INFO: 283 move(s) completed (1 accepted (0.3534 %)). Current N = 1. Average N = 0.823
2021-03-24 22:49:15,164 - INFO: 284 move(s) completed (1 accepted (0.3521 %)). Current N = 1. Average N = 0.824
2021-03-24 22:49:33,318 - INFO: 285 move(s) completed (1 accepted (0.3509 %)). Current N = 1. Average N = 0.825
2021-03-24 22:49:51,361 - INFO: 286 move(s) completed (1 accepted (0.3497 %)). Current N = 1. Average N = 0.825
2021-03-24 22:50:09,739 - INFO: 287 move(s) completed (1 accepted (0.3484 %)). Current N = 1. Average N = 0.826
2021-03-24 22:50:27,758 - INFO: 288 move(s) completed (1 accepted (0.3472 %)). Current N = 1. Average N = 0.826
2021-03-24 22:50:46,270 - INFO: 289 move(s) completed (1 accepted (0.3460 %)). Current N = 1. Average N = 0.827
2021-03-24 22:51:04,257 - INFO: 290 move(s) completed (1 accepted (0.3448 %)). Current N = 1. Average N = 0.828
2021-03-24 22:51:22,588 - INFO: 291 move(s) completed (1 accepted (0.3436 %)). Current N = 1. Average N = 0.828
2021-03-24 22:51:40,859 - INFO: 292 move(s) completed (1 accepted (0.3425 %)). Current N = 1. Average N = 0.829
2021-03-24 22:51:59,430 - INFO: 293 move(s) completed (1 accepted (0.3413 %)). Current N = 1. Average N = 0.829
2021-03-24 22:52:14,621 - INFO: Move rejected due to water leaving the GCMC sphere
2021-03-24 22:52:18,048 - INFO: 294 move(s) completed (1 accepted (0.3401 %)). Current N = 1. Average N = 0.830
2021-03-24 22:52:36,636 - INFO: 295 move(s) completed (1 accepted (0.3390 %)). Current N = 1. Average N = 0.831
2021-03-24 22:52:55,174 - INFO: 296 move(s) completed (1 accepted (0.3378 %)). Current N = 1. Average N = 0.831
2021-03-24 22:53:13,945 - INFO: 297 move(s) completed (1 accepted (0.3367 %)). Current N = 1. Average N = 0.832
2021-03-24 22:53:29,239 - INFO: Move rejected due to water leaving the GCMC sphere
2021-03-24 22:53:32,791 - INFO: 298 move(s) completed (1 accepted (0.3356 %)). Current N = 1. Average N = 0.832
2021-03-24 22:53:51,374 - INFO: 299 move(s) completed (1 accepted (0.3344 %)). Current N = 1. Average N = 0.833
2021-03-24 22:54:09,555 - INFO: 300 move(s) completed (1 accepted (0.3333 %)). Current N = 1. Average N = 0.833
2021-03-24 22:54:28,751 - INFO: 301 move(s) completed (1 accepted (0.3322 %)). Current N = 1. Average N = 0.834
2021-03-24 22:54:43,416 - INFO: Move rejected due to water leaving the GCMC sphere
2021-03-24 22:54:46,916 - INFO: 302 move(s) completed (1 accepted (0.3311 %)). Current N = 1. Average N = 0.834
2021-03-24 22:55:05,752 - INFO: 303 move(s) completed (1 accepted (0.3300 %)). Current N = 1. Average N = 0.835
2021-03-24 22:55:24,662 - INFO: 304 move(s) completed (1 accepted (0.3289 %)). Current N = 1. Average N = 0.836
2021-03-24 22:55:40,075 - INFO: Move rejected due to water leaving the GCMC sphere
2021-03-24 22:55:43,585 - INFO: 305 move(s) completed (1 accepted (0.3279 %)). Current N = 1. Average N = 0.836
2021-03-24 22:55:57,892 - INFO: Move rejected due to water leaving the GCMC sphere
2021-03-24 22:56:01,457 - INFO: 306 move(s) completed (1 accepted (0.3268 %)). Current N = 1. Average N = 0.837
2021-03-24 22:56:19,465 - INFO: 307 move(s) completed (1 accepted (0.3257 %)). Current N = 1. Average N = 0.837
2021-03-24 22:56:34,203 - INFO: Move rejected due to water leaving the GCMC sphere
2021-03-24 22:56:37,807 - INFO: 308 move(s) completed (1 accepted (0.3247 %)). Current N = 1. Average N = 0.838
2021-03-24 22:56:56,054 - INFO: 309 move(s) completed (1 accepted (0.3236 %)). Current N = 1. Average N = 0.838
2021-03-24 22:57:14,496 - INFO: 310 move(s) completed (1 accepted (0.3226 %)). Current N = 1. Average N = 0.839
2021-03-24 22:57:29,265 - INFO: Move rejected due to water leaving the GCMC sphere
2021-03-24 22:57:32,710 - INFO: 311 move(s) completed (1 accepted (0.3215 %)). Current N = 1. Average N = 0.839
2021-03-24 22:57:47,503 - INFO: Move rejected due to water leaving the GCMC sphere
2021-03-24 22:57:51,019 - INFO: 312 move(s) completed (1 accepted (0.3205 %)). Current N = 1. Average N = 0.840
2021-03-24 22:58:05,760 - INFO: Move rejected due to water leaving the GCMC sphere
2021-03-24 22:58:09,226 - INFO: 313 move(s) completed (1 accepted (0.3195 %)). Current N = 1. Average N = 0.840
2021-03-24 22:58:27,675 - INFO: 314 move(s) completed (1 accepted (0.3185 %)). Current N = 1. Average N = 0.841
2021-03-24 22:58:46,369 - INFO: 315 move(s) completed (1 accepted (0.3175 %)). Current N = 1. Average N = 0.841
2021-03-24 22:59:04,645 - INFO: 316 move(s) completed (1 accepted (0.3165 %)). Current N = 1. Average N = 0.842
2021-03-24 22:59:19,798 - INFO: Move rejected due to water leaving the GCMC sphere
2021-03-24 22:59:23,373 - INFO: 317 move(s) completed (1 accepted (0.3155 %)). Current N = 1. Average N = 0.842
2021-03-24 22:59:42,081 - INFO: 318 move(s) completed (1 accepted (0.3145 %)). Current N = 1. Average N = 0.843
2021-03-24 22:59:57,181 - INFO: Move rejected due to water leaving the GCMC sphere
2021-03-24 23:00:00,625 - INFO: 319 move(s) completed (1 accepted (0.3135 %)). Current N = 1. Average N = 0.843
2021-03-24 23:00:15,755 - INFO: Move rejected due to water leaving the GCMC sphere
2021-03-24 23:00:19,221 - INFO: 320 move(s) completed (1 accepted (0.3125 %)). Current N = 1. Average N = 0.844
2021-03-24 23:00:37,903 - INFO: 321 move(s) completed (1 accepted (0.3115 %)). Current N = 1. Average N = 0.844
2021-03-24 23:00:56,599 - INFO: 322 move(s) completed (1 accepted (0.3106 %)). Current N = 1. Average N = 0.845
2021-03-24 23:01:11,985 - INFO: Move rejected due to water leaving the GCMC sphere
2021-03-24 23:01:15,518 - INFO: 323 move(s) completed (1 accepted (0.3096 %)). Current N = 1. Average N = 0.845
2021-03-24 23:01:30,857 - INFO: Move rejected due to water leaving the GCMC sphere
2021-03-24 23:01:34,444 - INFO: 324 move(s) completed (1 accepted (0.3086 %)). Current N = 1. Average N = 0.846
2021-03-24 23:01:52,462 - INFO: 325 move(s) completed (1 accepted (0.3077 %)). Current N = 1. Average N = 0.846
2021-03-24 23:02:10,425 - INFO: 326 move(s) completed (1 accepted (0.3067 %)). Current N = 1. Average N = 0.847
2021-03-24 23:02:29,427 - INFO: 327 move(s) completed (1 accepted (0.3058 %)). Current N = 1. Average N = 0.847
2021-03-24 23:02:47,513 - INFO: 328 move(s) completed (1 accepted (0.3049 %)). Current N = 1. Average N = 0.848
2021-03-24 23:03:01,954 - INFO: Move rejected due to water leaving the GCMC sphere
2021-03-24 23:03:05,466 - INFO: 329 move(s) completed (1 accepted (0.3040 %)). Current N = 1. Average N = 0.848
2021-03-24 23:03:23,742 - INFO: 330 move(s) completed (1 accepted (0.3030 %)). Current N = 1. Average N = 0.849
2021-03-24 23:03:38,557 - INFO: Move rejected due to water leaving the GCMC sphere
2021-03-24 23:03:42,036 - INFO: 331 move(s) completed (1 accepted (0.3021 %)). Current N = 1. Average N = 0.849
2021-03-24 23:03:56,629 - INFO: Move rejected due to water leaving the GCMC sphere
2021-03-24 23:04:00,102 - INFO: 332 move(s) completed (1 accepted (0.3012 %)). Current N = 1. Average N = 0.849
2021-03-24 23:04:18,591 - INFO: 333 move(s) completed (1 accepted (0.3003 %)). Current N = 1. Average N = 0.850
2021-03-24 23:04:37,141 - INFO: 334 move(s) completed (1 accepted (0.2994 %)). Current N = 1. Average N = 0.850
2021-03-24 23:04:51,934 - INFO: Move rejected due to water leaving the GCMC sphere
2021-03-24 23:04:55,388 - INFO: 335 move(s) completed (1 accepted (0.2985 %)). Current N = 1. Average N = 0.851
2021-03-24 23:05:13,851 - INFO: 336 move(s) completed (1 accepted (0.2976 %)). Current N = 1. Average N = 0.851
2021-03-24 23:05:32,050 - INFO: 337 move(s) completed (1 accepted (0.2967 %)). Current N = 1. Average N = 0.852
2021-03-24 23:05:47,079 - INFO: Move rejected due to water leaving the GCMC sphere
2021-03-24 23:05:50,677 - INFO: 338 move(s) completed (1 accepted (0.2959 %)). Current N = 1. Average N = 0.852
2021-03-24 23:06:08,955 - INFO: 339 move(s) completed (1 accepted (0.2950 %)). Current N = 1. Average N = 0.853
2021-03-24 23:06:27,353 - INFO: 340 move(s) completed (1 accepted (0.2941 %)). Current N = 1. Average N = 0.853
2021-03-24 23:06:42,576 - INFO: Move rejected due to water leaving the GCMC sphere
2021-03-24 23:06:46,151 - INFO: 341 move(s) completed (1 accepted (0.2933 %)). Current N = 1. Average N = 0.853
2021-03-24 23:07:05,102 - INFO: 342 move(s) completed (1 accepted (0.2924 %)). Current N = 1. Average N = 0.854
2021-03-24 23:07:20,413 - INFO: Move rejected due to water leaving the GCMC sphere
2021-03-24 23:07:23,892 - INFO: 343 move(s) completed (1 accepted (0.2915 %)). Current N = 1. Average N = 0.854
2021-03-24 23:07:42,754 - INFO: 344 move(s) completed (1 accepted (0.2907 %)). Current N = 1. Average N = 0.855
2021-03-24 23:08:01,428 - INFO: 345 move(s) completed (1 accepted (0.2899 %)). Current N = 1. Average N = 0.855
2021-03-24 23:08:19,953 - INFO: 346 move(s) completed (1 accepted (0.2890 %)). Current N = 1. Average N = 0.856
2021-03-24 23:08:35,286 - INFO: Move rejected due to water leaving the GCMC sphere
2021-03-24 23:08:38,882 - INFO: 347 move(s) completed (1 accepted (0.2882 %)). Current N = 1. Average N = 0.856
2021-03-24 23:08:54,377 - INFO: Move rejected due to water leaving the GCMC sphere
2021-03-24 23:08:57,761 - INFO: 348 move(s) completed (1 accepted (0.2874 %)). Current N = 1. Average N = 0.856
2021-03-24 23:09:16,520 - INFO: 349 move(s) completed (1 accepted (0.2865 %)). Current N = 1. Average N = 0.857
2021-03-24 23:09:31,094 - INFO: Move rejected due to water leaving the GCMC sphere
2021-03-24 23:09:34,609 - INFO: 350 move(s) completed (1 accepted (0.2857 %)). Current N = 1. Average N = 0.857
2021-03-24 23:09:49,177 - INFO: Move rejected due to water leaving the GCMC sphere
2021-03-24 23:09:52,620 - INFO: 351 move(s) completed (1 accepted (0.2849 %)). Current N = 1. Average N = 0.858
2021-03-24 23:10:10,964 - INFO: 352 move(s) completed (1 accepted (0.2841 %)). Current N = 1. Average N = 0.858
2021-03-24 23:10:25,751 - INFO: Move rejected due to water leaving the GCMC sphere
2021-03-24 23:10:29,388 - INFO: 353 move(s) completed (1 accepted (0.2833 %)). Current N = 1. Average N = 0.858
2021-03-24 23:10:47,297 - INFO: 354 move(s) completed (1 accepted (0.2825 %)). Current N = 1. Average N = 0.859
2021-03-24 23:11:01,849 - INFO: Move rejected due to water leaving the GCMC sphere
2021-03-24 23:11:05,490 - INFO: 355 move(s) completed (1 accepted (0.2817 %)). Current N = 1. Average N = 0.859
2021-03-24 23:11:23,685 - INFO: 356 move(s) completed (1 accepted (0.2809 %)). Current N = 1. Average N = 0.860
2021-03-24 23:11:38,334 - INFO: Move rejected due to water leaving the GCMC sphere
2021-03-24 23:11:41,947 - INFO: 357 move(s) completed (1 accepted (0.2801 %)). Current N = 1. Average N = 0.860
2021-03-24 23:12:00,040 - INFO: 358 move(s) completed (1 accepted (0.2793 %)). Current N = 1. Average N = 0.860
2021-03-24 23:12:18,347 - INFO: 359 move(s) completed (1 accepted (0.2786 %)). Current N = 1. Average N = 0.861
2021-03-24 23:12:36,666 - INFO: 360 move(s) completed (1 accepted (0.2778 %)). Current N = 1. Average N = 0.861
2021-03-24 23:12:55,376 - INFO: 361 move(s) completed (1 accepted (0.2770 %)). Current N = 1. Average N = 0.862
2021-03-24 23:13:13,750 - INFO: 362 move(s) completed (1 accepted (0.2762 %)). Current N = 1. Average N = 0.862
2021-03-24 23:13:32,276 - INFO: 363 move(s) completed (1 accepted (0.2755 %)). Current N = 1. Average N = 0.862
2021-03-24 23:13:50,450 - INFO: 364 move(s) completed (1 accepted (0.2747 %)). Current N = 1. Average N = 0.863
2021-03-24 23:14:08,236 - INFO: 365 move(s) completed (1 accepted (0.2740 %)). Current N = 1. Average N = 0.863
2021-03-24 23:14:26,277 - INFO: 366 move(s) completed (1 accepted (0.2732 %)). Current N = 1. Average N = 0.863
2021-03-24 23:14:44,234 - INFO: 367 move(s) completed (1 accepted (0.2725 %)). Current N = 1. Average N = 0.864
2021-03-24 23:15:02,345 - INFO: 368 move(s) completed (1 accepted (0.2717 %)). Current N = 1. Average N = 0.864
2021-03-24 23:15:17,780 - INFO: Move rejected due to water leaving the GCMC sphere
2021-03-24 23:15:21,323 - INFO: 369 move(s) completed (1 accepted (0.2710 %)). Current N = 1. Average N = 0.865
2021-03-24 23:15:39,339 - INFO: 370 move(s) completed (1 accepted (0.2703 %)). Current N = 1. Average N = 0.865
2021-03-24 23:15:53,976 - INFO: Move rejected due to water leaving the GCMC sphere
2021-03-24 23:15:57,480 - INFO: 371 move(s) completed (1 accepted (0.2695 %)). Current N = 1. Average N = 0.865
2021-03-24 23:16:12,029 - INFO: Move rejected due to water leaving the GCMC sphere
2021-03-24 23:16:15,678 - INFO: 372 move(s) completed (1 accepted (0.2688 %)). Current N = 1. Average N = 0.866
2021-03-24 23:16:30,303 - INFO: Move rejected due to water leaving the GCMC sphere
2021-03-24 23:16:33,908 - INFO: 373 move(s) completed (1 accepted (0.2681 %)). Current N = 1. Average N = 0.866
2021-03-24 23:16:52,097 - INFO: 374 move(s) completed (1 accepted (0.2674 %)). Current N = 1. Average N = 0.866
2021-03-24 23:17:10,422 - INFO: 375 move(s) completed (1 accepted (0.2667 %)). Current N = 1. Average N = 0.867
2021-03-24 23:17:25,366 - INFO: Move rejected due to water leaving the GCMC sphere
2021-03-24 23:17:28,829 - INFO: 376 move(s) completed (1 accepted (0.2660 %)). Current N = 1. Average N = 0.867
2021-03-24 23:17:43,597 - INFO: Move rejected due to water leaving the GCMC sphere
2021-03-24 23:17:46,964 - INFO: 377 move(s) completed (1 accepted (0.2653 %)). Current N = 1. Average N = 0.867
2021-03-24 23:18:05,611 - INFO: 378 move(s) completed (1 accepted (0.2646 %)). Current N = 1. Average N = 0.868
2021-03-24 23:18:23,603 - INFO: 379 move(s) completed (1 accepted (0.2639 %)). Current N = 1. Average N = 0.868
2021-03-24 23:18:38,593 - INFO: Move rejected due to water leaving the GCMC sphere
2021-03-24 23:18:42,184 - INFO: 380 move(s) completed (1 accepted (0.2632 %)). Current N = 1. Average N = 0.868
2021-03-24 23:19:00,632 - INFO: 381 move(s) completed (1 accepted (0.2625 %)). Current N = 1. Average N = 0.869
2021-03-24 23:19:18,729 - INFO: 382 move(s) completed (1 accepted (0.2618 %)). Current N = 1. Average N = 0.869
2021-03-24 23:19:33,659 - INFO: Move rejected due to water leaving the GCMC sphere
2021-03-24 23:19:37,309 - INFO: 383 move(s) completed (1 accepted (0.2611 %)). Current N = 1. Average N = 0.870
2021-03-24 23:19:55,756 - INFO: 384 move(s) completed (1 accepted (0.2604 %)). Current N = 1. Average N = 0.870
2021-03-24 23:20:13,779 - INFO: 385 move(s) completed (1 accepted (0.2597 %)). Current N = 1. Average N = 0.870
2021-03-24 23:20:29,270 - INFO: Move rejected due to water leaving the GCMC sphere
2021-03-24 23:20:32,612 - INFO: 386 move(s) completed (1 accepted (0.2591 %)). Current N = 1. Average N = 0.871
2021-03-24 23:20:51,525 - INFO: 387 move(s) completed (1 accepted (0.2584 %)). Current N = 1. Average N = 0.871
2021-03-24 23:21:10,507 - INFO: 388 move(s) completed (1 accepted (0.2577 %)). Current N = 1. Average N = 0.871
2021-03-24 23:21:29,472 - INFO: 389 move(s) completed (1 accepted (0.2571 %)). Current N = 1. Average N = 0.872
2021-03-24 23:21:48,219 - INFO: 390 move(s) completed (1 accepted (0.2564 %)). Current N = 1. Average N = 0.872
2021-03-24 23:22:03,775 - INFO: Move rejected due to water leaving the GCMC sphere
2021-03-24 23:22:07,300 - INFO: 391 move(s) completed (1 accepted (0.2558 %)). Current N = 1. Average N = 0.872
2021-03-24 23:22:22,060 - INFO: Move rejected due to water leaving the GCMC sphere
2021-03-24 23:22:25,696 - INFO: 392 move(s) completed (1 accepted (0.2551 %)). Current N = 1. Average N = 0.872
2021-03-24 23:22:43,677 - INFO: 393 move(s) completed (1 accepted (0.2545 %)). Current N = 1. Average N = 0.873
2021-03-24 23:22:58,514 - INFO: Move rejected due to water leaving the GCMC sphere
2021-03-24 23:23:02,025 - INFO: 394 move(s) completed (1 accepted (0.2538 %)). Current N = 1. Average N = 0.873
2021-03-24 23:23:20,083 - INFO: 395 move(s) completed (1 accepted (0.2532 %)). Current N = 1. Average N = 0.873
2021-03-24 23:23:34,870 - INFO: Move rejected due to water leaving the GCMC sphere
2021-03-24 23:23:38,332 - INFO: 396 move(s) completed (1 accepted (0.2525 %)). Current N = 1. Average N = 0.874
2021-03-24 23:23:56,425 - INFO: 397 move(s) completed (1 accepted (0.2519 %)). Current N = 1. Average N = 0.874
2021-03-24 23:24:11,268 - INFO: Move rejected due to water leaving the GCMC sphere
2021-03-24 23:24:14,827 - INFO: 398 move(s) completed (1 accepted (0.2513 %)). Current N = 1. Average N = 0.874
2021-03-24 23:24:33,385 - INFO: 399 move(s) completed (1 accepted (0.2506 %)). Current N = 1. Average N = 0.875
2021-03-24 23:24:51,790 - INFO: 400 move(s) completed (1 accepted (0.2500 %)). Current N = 1. Average N = 0.875
2021-03-24 23:25:06,800 - INFO: Move rejected due to water leaving the GCMC sphere
2021-03-24 23:25:10,302 - INFO: 401 move(s) completed (1 accepted (0.2494 %)). Current N = 1. Average N = 0.875
2021-03-24 23:25:25,264 - INFO: Move rejected due to water leaving the GCMC sphere
2021-03-24 23:25:28,701 - INFO: 402 move(s) completed (1 accepted (0.2488 %)). Current N = 1. Average N = 0.876
2021-03-24 23:25:46,658 - INFO: 403 move(s) completed (1 accepted (0.2481 %)). Current N = 1. Average N = 0.876
2021-03-24 23:26:04,770 - INFO: 404 move(s) completed (1 accepted (0.2475 %)). Current N = 1. Average N = 0.876
2021-03-24 23:26:23,211 - INFO: 405 move(s) completed (1 accepted (0.2469 %)). Current N = 1. Average N = 0.876
2021-03-24 23:26:41,746 - INFO: 406 move(s) completed (1 accepted (0.2463 %)). Current N = 1. Average N = 0.877
2021-03-24 23:26:56,879 - INFO: Move rejected due to water leaving the GCMC sphere
2021-03-24 23:27:00,373 - INFO: 407 move(s) completed (1 accepted (0.2457 %)). Current N = 1. Average N = 0.877
2021-03-24 23:27:19,147 - INFO: 408 move(s) completed (1 accepted (0.2451 %)). Current N = 1. Average N = 0.877
2021-03-24 23:27:37,934 - INFO: 409 move(s) completed (1 accepted (0.2445 %)). Current N = 1. Average N = 0.878
2021-03-24 23:27:55,911 - INFO: 410 move(s) completed (1 accepted (0.2439 %)). Current N = 1. Average N = 0.878
2021-03-24 23:28:10,530 - INFO: Move rejected due to water leaving the GCMC sphere
2021-03-24 23:28:13,976 - INFO: 411 move(s) completed (1 accepted (0.2433 %)). Current N = 1. Average N = 0.878
2021-03-24 23:28:31,978 - INFO: 412 move(s) completed (1 accepted (0.2427 %)). Current N = 1. Average N = 0.879
2021-03-24 23:28:46,535 - INFO: Move rejected due to water leaving the GCMC sphere
2021-03-24 23:28:49,987 - INFO: 413 move(s) completed (1 accepted (0.2421 %)). Current N = 1. Average N = 0.879
