2021-03-25 01:45:39,782 - INFO: kT = 0.5921875708469466 kcal/mol
2021-03-25 01:45:45,194 - INFO: BaseGrandCanonicalMonteCarloSampler object initialised
2021-03-25 01:45:45,195 - INFO: GCMC sphere is based on reference atom IDs: [887, 1837]
2021-03-25 01:45:45,195 - INFO: GCMC sphere radius is 6 A
2021-03-25 01:45:45,195 - INFO: Simulating at an Adams (B) value of -6.888845176169922
2021-03-25 01:45:45,195 - INFO: GCMCSphereSampler object initialised
2021-03-25 01:45:45,196 - INFO: Each NCMC move will be executed over a total of 9.0 ps
2021-03-25 01:45:45,196 - INFO: NonequilibriumGCMCSphereSampler object initialised
2021-03-25 01:45:58,553 - INFO: 1 move(s) completed (0 accepted (0.0000 %)). Current N = 0. Average N = 0.000
2021-03-25 01:46:04,463 - INFO: 2 move(s) completed (0 accepted (0.0000 %)). Current N = 0. Average N = 0.000
2021-03-25 01:46:10,349 - INFO: 3 move(s) completed (0 accepted (0.0000 %)). Current N = 0. Average N = 0.000
2021-03-25 01:46:16,211 - INFO: 4 move(s) completed (0 accepted (0.0000 %)). Current N = 0. Average N = 0.000
2021-03-25 01:46:35,937 - INFO: Move rejected due to water leaving the GCMC sphere
2021-03-25 01:46:39,609 - INFO: 5 move(s) completed (0 accepted (0.0000 %)). Current N = 0. Average N = 0.000
2021-03-25 01:46:45,507 - INFO: 6 move(s) completed (0 accepted (0.0000 %)). Current N = 0. Average N = 0.000
2021-03-25 01:47:08,999 - INFO: 7 move(s) completed (1 accepted (14.2857 %)). Current N = 1. Average N = 0.143
2021-03-25 01:47:28,881 - INFO: Move rejected due to water leaving the GCMC sphere
2021-03-25 01:47:32,598 - INFO: 8 move(s) completed (1 accepted (12.5000 %)). Current N = 1. Average N = 0.250
2021-03-25 01:47:51,791 - INFO: Move rejected due to water leaving the GCMC sphere
2021-03-25 01:47:55,469 - INFO: 9 move(s) completed (1 accepted (11.1111 %)). Current N = 1. Average N = 0.333
2021-03-25 01:48:14,575 - INFO: Move rejected due to water leaving the GCMC sphere
2021-03-25 01:48:18,158 - INFO: 10 move(s) completed (1 accepted (10.0000 %)). Current N = 1. Average N = 0.400
2021-03-25 01:48:37,478 - INFO: Move rejected due to water leaving the GCMC sphere
2021-03-25 01:48:41,103 - INFO: 11 move(s) completed (1 accepted (9.0909 %)). Current N = 1. Average N = 0.455
2021-03-25 01:49:04,026 - INFO: 12 move(s) completed (1 accepted (8.3333 %)). Current N = 1. Average N = 0.500
2021-03-25 01:49:23,593 - INFO: Move rejected due to water leaving the GCMC sphere
2021-03-25 01:49:27,174 - INFO: 13 move(s) completed (1 accepted (7.6923 %)). Current N = 1. Average N = 0.538
2021-03-25 01:49:50,157 - INFO: 14 move(s) completed (1 accepted (7.1429 %)). Current N = 1. Average N = 0.571
2021-03-25 01:50:09,818 - INFO: Move rejected due to water leaving the GCMC sphere
2021-03-25 01:50:13,475 - INFO: 15 move(s) completed (1 accepted (6.6667 %)). Current N = 1. Average N = 0.600
2021-03-25 01:50:33,214 - INFO: Move rejected due to water leaving the GCMC sphere
2021-03-25 01:50:36,768 - INFO: 16 move(s) completed (1 accepted (6.2500 %)). Current N = 1. Average N = 0.625
2021-03-25 01:51:00,290 - INFO: 17 move(s) completed (1 accepted (5.8824 %)). Current N = 1. Average N = 0.647
2021-03-25 01:51:24,003 - INFO: 18 move(s) completed (1 accepted (5.5556 %)). Current N = 1. Average N = 0.667
2021-03-25 01:51:43,817 - INFO: Move rejected due to water leaving the GCMC sphere
2021-03-25 01:51:47,569 - INFO: 19 move(s) completed (1 accepted (5.2632 %)). Current N = 1. Average N = 0.684
2021-03-25 01:52:07,460 - INFO: Move rejected due to water leaving the GCMC sphere
2021-03-25 01:52:11,138 - INFO: 20 move(s) completed (1 accepted (5.0000 %)). Current N = 1. Average N = 0.700
2021-03-25 01:52:31,075 - INFO: Move rejected due to water leaving the GCMC sphere
2021-03-25 01:52:34,746 - INFO: 21 move(s) completed (1 accepted (4.7619 %)). Current N = 1. Average N = 0.714
2021-03-25 01:52:53,966 - INFO: Move rejected due to water leaving the GCMC sphere
2021-03-25 01:52:57,634 - INFO: 22 move(s) completed (1 accepted (4.5455 %)). Current N = 1. Average N = 0.727
2021-03-25 01:53:16,774 - INFO: Move rejected due to water leaving the GCMC sphere
2021-03-25 01:53:20,458 - INFO: 23 move(s) completed (1 accepted (4.3478 %)). Current N = 1. Average N = 0.739
2021-03-25 01:53:39,918 - INFO: Move rejected due to water leaving the GCMC sphere
2021-03-25 01:53:43,547 - INFO: 24 move(s) completed (1 accepted (4.1667 %)). Current N = 1. Average N = 0.750
2021-03-25 01:54:02,972 - INFO: Move rejected due to water leaving the GCMC sphere
2021-03-25 01:54:06,609 - INFO: 25 move(s) completed (1 accepted (4.0000 %)). Current N = 1. Average N = 0.760
2021-03-25 01:54:29,820 - INFO: 26 move(s) completed (1 accepted (3.8462 %)). Current N = 1. Average N = 0.769
2021-03-25 01:54:53,082 - INFO: 27 move(s) completed (1 accepted (3.7037 %)). Current N = 1. Average N = 0.778
2021-03-25 01:55:15,799 - INFO: 28 move(s) completed (1 accepted (3.5714 %)). Current N = 1. Average N = 0.786
2021-03-25 01:55:35,444 - INFO: Move rejected due to water leaving the GCMC sphere
2021-03-25 01:55:39,017 - INFO: 29 move(s) completed (1 accepted (3.4483 %)). Current N = 1. Average N = 0.793
2021-03-25 01:56:01,621 - INFO: 30 move(s) completed (1 accepted (3.3333 %)). Current N = 1. Average N = 0.800
2021-03-25 01:56:24,471 - INFO: 31 move(s) completed (1 accepted (3.2258 %)). Current N = 1. Average N = 0.806
2021-03-25 01:56:43,653 - INFO: Move rejected due to water leaving the GCMC sphere
2021-03-25 01:56:47,321 - INFO: 32 move(s) completed (1 accepted (3.1250 %)). Current N = 1. Average N = 0.812
2021-03-25 01:57:11,141 - INFO: 33 move(s) completed (1 accepted (3.0303 %)). Current N = 1. Average N = 0.818
2021-03-25 01:57:30,318 - INFO: Move rejected due to water leaving the GCMC sphere
2021-03-25 01:57:34,004 - INFO: 34 move(s) completed (1 accepted (2.9412 %)). Current N = 1. Average N = 0.824
2021-03-25 01:57:56,827 - INFO: 35 move(s) completed (1 accepted (2.8571 %)). Current N = 1. Average N = 0.829
2021-03-25 01:58:19,685 - INFO: 36 move(s) completed (1 accepted (2.7778 %)). Current N = 1. Average N = 0.833
2021-03-25 01:58:38,864 - INFO: Move rejected due to water leaving the GCMC sphere
2021-03-25 01:58:42,505 - INFO: 37 move(s) completed (1 accepted (2.7027 %)). Current N = 1. Average N = 0.838
2021-03-25 01:59:01,976 - INFO: Move rejected due to water leaving the GCMC sphere
2021-03-25 01:59:05,561 - INFO: 38 move(s) completed (1 accepted (2.6316 %)). Current N = 1. Average N = 0.842
2021-03-25 01:59:28,740 - INFO: 39 move(s) completed (1 accepted (2.5641 %)). Current N = 1. Average N = 0.846
2021-03-25 01:59:51,428 - INFO: 40 move(s) completed (1 accepted (2.5000 %)). Current N = 1. Average N = 0.850
2021-03-25 02:00:11,034 - INFO: Move rejected due to water leaving the GCMC sphere
2021-03-25 02:00:14,611 - INFO: 41 move(s) completed (1 accepted (2.4390 %)). Current N = 1. Average N = 0.854
2021-03-25 02:00:37,946 - INFO: 42 move(s) completed (1 accepted (2.3810 %)). Current N = 1. Average N = 0.857
2021-03-25 02:00:57,296 - INFO: Move rejected due to water leaving the GCMC sphere
2021-03-25 02:01:00,749 - INFO: 43 move(s) completed (1 accepted (2.3256 %)). Current N = 1. Average N = 0.861
2021-03-25 02:01:19,951 - INFO: Move rejected due to water leaving the GCMC sphere
2021-03-25 02:01:23,627 - INFO: 44 move(s) completed (1 accepted (2.2727 %)). Current N = 1. Average N = 0.864
2021-03-25 02:01:43,592 - INFO: Move rejected due to water leaving the GCMC sphere
2021-03-25 02:01:47,273 - INFO: 45 move(s) completed (1 accepted (2.2222 %)). Current N = 1. Average N = 0.867
2021-03-25 02:02:10,921 - INFO: 46 move(s) completed (1 accepted (2.1739 %)). Current N = 1. Average N = 0.870
2021-03-25 02:02:33,778 - INFO: 47 move(s) completed (1 accepted (2.1277 %)). Current N = 1. Average N = 0.872
2021-03-25 02:02:56,686 - INFO: 48 move(s) completed (1 accepted (2.0833 %)). Current N = 1. Average N = 0.875
2021-03-25 02:03:19,787 - INFO: 49 move(s) completed (1 accepted (2.0408 %)). Current N = 1. Average N = 0.878
2021-03-25 02:03:42,704 - INFO: 50 move(s) completed (1 accepted (2.0000 %)). Current N = 1. Average N = 0.880
2021-03-25 02:04:05,627 - INFO: 51 move(s) completed (1 accepted (1.9608 %)). Current N = 1. Average N = 0.882
2021-03-25 02:04:28,697 - INFO: 52 move(s) completed (1 accepted (1.9231 %)). Current N = 1. Average N = 0.885
2021-03-25 02:04:48,371 - INFO: Move rejected due to water leaving the GCMC sphere
2021-03-25 02:04:51,968 - INFO: 53 move(s) completed (1 accepted (1.8868 %)). Current N = 1. Average N = 0.887
2021-03-25 02:05:14,602 - INFO: 54 move(s) completed (1 accepted (1.8519 %)). Current N = 1. Average N = 0.889
2021-03-25 02:05:34,392 - INFO: Move rejected due to water leaving the GCMC sphere
2021-03-25 02:05:38,034 - INFO: 55 move(s) completed (1 accepted (1.8182 %)). Current N = 1. Average N = 0.891
2021-03-25 02:05:57,832 - INFO: Move rejected due to water leaving the GCMC sphere
2021-03-25 02:06:01,505 - INFO: 56 move(s) completed (1 accepted (1.7857 %)). Current N = 1. Average N = 0.893
2021-03-25 02:06:20,676 - INFO: Move rejected due to water leaving the GCMC sphere
2021-03-25 02:06:24,168 - INFO: 57 move(s) completed (1 accepted (1.7544 %)). Current N = 1. Average N = 0.895
2021-03-25 02:06:47,817 - INFO: 58 move(s) completed (1 accepted (1.7241 %)). Current N = 1. Average N = 0.897
2021-03-25 02:07:11,680 - INFO: 59 move(s) completed (1 accepted (1.6949 %)). Current N = 1. Average N = 0.898
2021-03-25 02:07:30,984 - INFO: Move rejected due to water leaving the GCMC sphere
2021-03-25 02:07:34,653 - INFO: 60 move(s) completed (1 accepted (1.6667 %)). Current N = 1. Average N = 0.900
2021-03-25 02:07:57,604 - INFO: 61 move(s) completed (1 accepted (1.6393 %)). Current N = 1. Average N = 0.902
2021-03-25 02:08:17,125 - INFO: Move rejected due to water leaving the GCMC sphere
2021-03-25 02:08:20,789 - INFO: 62 move(s) completed (1 accepted (1.6129 %)). Current N = 1. Average N = 0.903
2021-03-25 02:08:43,897 - INFO: 63 move(s) completed (1 accepted (1.5873 %)). Current N = 1. Average N = 0.905
2021-03-25 02:09:06,770 - INFO: 64 move(s) completed (1 accepted (1.5625 %)). Current N = 1. Average N = 0.906
2021-03-25 02:09:26,089 - INFO: Move rejected due to water leaving the GCMC sphere
2021-03-25 02:09:29,744 - INFO: 65 move(s) completed (1 accepted (1.5385 %)). Current N = 1. Average N = 0.908
2021-03-25 02:09:52,419 - INFO: 66 move(s) completed (1 accepted (1.5152 %)). Current N = 1. Average N = 0.909
2021-03-25 02:10:11,775 - INFO: Move rejected due to water leaving the GCMC sphere
2021-03-25 02:10:15,394 - INFO: 67 move(s) completed (1 accepted (1.4925 %)). Current N = 1. Average N = 0.910
2021-03-25 02:10:34,631 - INFO: Move rejected due to water leaving the GCMC sphere
2021-03-25 02:10:38,259 - INFO: 68 move(s) completed (1 accepted (1.4706 %)). Current N = 1. Average N = 0.912
2021-03-25 02:11:01,744 - INFO: 69 move(s) completed (1 accepted (1.4493 %)). Current N = 1. Average N = 0.913
2021-03-25 02:11:25,463 - INFO: 70 move(s) completed (1 accepted (1.4286 %)). Current N = 1. Average N = 0.914
2021-03-25 02:11:49,247 - INFO: 71 move(s) completed (1 accepted (1.4085 %)). Current N = 1. Average N = 0.915
2021-03-25 02:12:12,061 - INFO: 72 move(s) completed (1 accepted (1.3889 %)). Current N = 1. Average N = 0.917
2021-03-25 02:12:31,269 - INFO: Move rejected due to water leaving the GCMC sphere
2021-03-25 02:12:34,955 - INFO: 73 move(s) completed (1 accepted (1.3699 %)). Current N = 1. Average N = 0.918
2021-03-25 02:12:57,881 - INFO: 74 move(s) completed (1 accepted (1.3514 %)). Current N = 1. Average N = 0.919
2021-03-25 02:13:21,077 - INFO: 75 move(s) completed (1 accepted (1.3333 %)). Current N = 1. Average N = 0.920
2021-03-25 02:13:40,296 - INFO: Move rejected due to water leaving the GCMC sphere
2021-03-25 02:13:43,964 - INFO: 76 move(s) completed (1 accepted (1.3158 %)). Current N = 1. Average N = 0.921
2021-03-25 02:14:07,303 - INFO: 77 move(s) completed (1 accepted (1.2987 %)). Current N = 1. Average N = 0.922
2021-03-25 02:14:30,625 - INFO: 78 move(s) completed (1 accepted (1.2821 %)). Current N = 1. Average N = 0.923
2021-03-25 02:14:54,012 - INFO: 79 move(s) completed (1 accepted (1.2658 %)). Current N = 1. Average N = 0.924
2021-03-25 02:15:13,838 - INFO: Move rejected due to water leaving the GCMC sphere
2021-03-25 02:15:17,480 - INFO: 80 move(s) completed (1 accepted (1.2500 %)). Current N = 1. Average N = 0.925
2021-03-25 02:15:37,321 - INFO: Move rejected due to water leaving the GCMC sphere
2021-03-25 02:15:40,874 - INFO: 81 move(s) completed (1 accepted (1.2346 %)). Current N = 1. Average N = 0.926
2021-03-25 02:16:00,072 - INFO: Move rejected due to water leaving the GCMC sphere
2021-03-25 02:16:03,595 - INFO: 82 move(s) completed (1 accepted (1.2195 %)). Current N = 1. Average N = 0.927
2021-03-25 02:16:26,371 - INFO: 83 move(s) completed (1 accepted (1.2048 %)). Current N = 1. Average N = 0.928
2021-03-25 02:16:45,654 - INFO: Move rejected due to water leaving the GCMC sphere
2021-03-25 02:16:49,324 - INFO: 84 move(s) completed (1 accepted (1.1905 %)). Current N = 1. Average N = 0.929
2021-03-25 02:17:12,163 - INFO: 85 move(s) completed (1 accepted (1.1765 %)). Current N = 1. Average N = 0.929
2021-03-25 02:17:31,342 - INFO: Move rejected due to water leaving the GCMC sphere
2021-03-25 02:17:35,023 - INFO: 86 move(s) completed (1 accepted (1.1628 %)). Current N = 1. Average N = 0.930
2021-03-25 02:17:58,160 - INFO: 87 move(s) completed (1 accepted (1.1494 %)). Current N = 1. Average N = 0.931
2021-03-25 02:18:21,205 - INFO: 88 move(s) completed (1 accepted (1.1364 %)). Current N = 1. Average N = 0.932
2021-03-25 02:18:44,129 - INFO: 89 move(s) completed (1 accepted (1.1236 %)). Current N = 1. Average N = 0.933
2021-03-25 02:19:03,258 - INFO: Move rejected due to water leaving the GCMC sphere
2021-03-25 02:19:06,809 - INFO: 90 move(s) completed (1 accepted (1.1111 %)). Current N = 1. Average N = 0.933
2021-03-25 02:19:29,577 - INFO: 91 move(s) completed (1 accepted (1.0989 %)). Current N = 1. Average N = 0.934
2021-03-25 02:19:52,961 - INFO: 92 move(s) completed (1 accepted (1.0870 %)). Current N = 1. Average N = 0.935
2021-03-25 02:20:12,779 - INFO: Move rejected due to water leaving the GCMC sphere
2021-03-25 02:20:16,296 - INFO: 93 move(s) completed (1 accepted (1.0753 %)). Current N = 1. Average N = 0.935
2021-03-25 02:20:39,589 - INFO: 94 move(s) completed (1 accepted (1.0638 %)). Current N = 1. Average N = 0.936
2021-03-25 02:20:59,716 - INFO: Move rejected due to water leaving the GCMC sphere
2021-03-25 02:21:03,312 - INFO: 95 move(s) completed (1 accepted (1.0526 %)). Current N = 1. Average N = 0.937
2021-03-25 02:21:26,959 - INFO: 96 move(s) completed (1 accepted (1.0417 %)). Current N = 1. Average N = 0.938
2021-03-25 02:21:49,823 - INFO: 97 move(s) completed (1 accepted (1.0309 %)). Current N = 1. Average N = 0.938
2021-03-25 02:22:12,684 - INFO: 98 move(s) completed (1 accepted (1.0204 %)). Current N = 1. Average N = 0.939
2021-03-25 02:22:32,029 - INFO: Move rejected due to water leaving the GCMC sphere
2021-03-25 02:22:35,689 - INFO: 99 move(s) completed (1 accepted (1.0101 %)). Current N = 1. Average N = 0.939
2021-03-25 02:22:54,955 - INFO: Move rejected due to water leaving the GCMC sphere
2021-03-25 02:22:58,618 - INFO: 100 move(s) completed (1 accepted (1.0000 %)). Current N = 1. Average N = 0.940
2021-03-25 02:23:18,058 - INFO: Move rejected due to water leaving the GCMC sphere
2021-03-25 02:23:21,777 - INFO: 101 move(s) completed (1 accepted (0.9901 %)). Current N = 1. Average N = 0.941
2021-03-25 02:23:41,330 - INFO: Move rejected due to water leaving the GCMC sphere
2021-03-25 02:23:44,993 - INFO: 102 move(s) completed (1 accepted (0.9804 %)). Current N = 1. Average N = 0.941
2021-03-25 02:24:08,315 - INFO: 103 move(s) completed (1 accepted (0.9709 %)). Current N = 1. Average N = 0.942
2021-03-25 02:24:28,154 - INFO: Move rejected due to water leaving the GCMC sphere
2021-03-25 02:24:31,681 - INFO: 104 move(s) completed (1 accepted (0.9615 %)). Current N = 1. Average N = 0.942
2021-03-25 02:24:51,638 - INFO: Move rejected due to water leaving the GCMC sphere
2021-03-25 02:24:55,017 - INFO: 105 move(s) completed (1 accepted (0.9524 %)). Current N = 1. Average N = 0.943
2021-03-25 02:25:15,012 - INFO: Move rejected due to water leaving the GCMC sphere
2021-03-25 02:25:18,648 - INFO: 106 move(s) completed (1 accepted (0.9434 %)). Current N = 1. Average N = 0.943
2021-03-25 02:25:42,213 - INFO: 107 move(s) completed (1 accepted (0.9346 %)). Current N = 1. Average N = 0.944
2021-03-25 02:26:01,912 - INFO: Move rejected due to water leaving the GCMC sphere
2021-03-25 02:26:05,584 - INFO: 108 move(s) completed (1 accepted (0.9259 %)). Current N = 1. Average N = 0.944
2021-03-25 02:26:29,261 - INFO: 109 move(s) completed (1 accepted (0.9174 %)). Current N = 1. Average N = 0.945
2021-03-25 02:26:48,336 - INFO: Move rejected due to water leaving the GCMC sphere
2021-03-25 02:26:51,767 - INFO: 110 move(s) completed (1 accepted (0.9091 %)). Current N = 1. Average N = 0.946
2021-03-25 02:27:14,514 - INFO: 111 move(s) completed (1 accepted (0.9009 %)). Current N = 1. Average N = 0.946
2021-03-25 02:27:37,475 - INFO: 112 move(s) completed (1 accepted (0.8929 %)). Current N = 1. Average N = 0.946
2021-03-25 02:28:00,730 - INFO: 113 move(s) completed (1 accepted (0.8850 %)). Current N = 1. Average N = 0.947
2021-03-25 02:28:19,967 - INFO: Move rejected due to water leaving the GCMC sphere
2021-03-25 02:28:23,646 - INFO: 114 move(s) completed (1 accepted (0.8772 %)). Current N = 1. Average N = 0.947
2021-03-25 02:28:43,298 - INFO: Move rejected due to water leaving the GCMC sphere
2021-03-25 02:28:46,978 - INFO: 115 move(s) completed (1 accepted (0.8696 %)). Current N = 1. Average N = 0.948
2021-03-25 02:29:10,249 - INFO: 116 move(s) completed (1 accepted (0.8621 %)). Current N = 1. Average N = 0.948
2021-03-25 02:29:30,037 - INFO: Move rejected due to water leaving the GCMC sphere
2021-03-25 02:29:33,706 - INFO: 117 move(s) completed (1 accepted (0.8547 %)). Current N = 1. Average N = 0.949
2021-03-25 02:29:53,597 - INFO: Move rejected due to water leaving the GCMC sphere
2021-03-25 02:29:57,280 - INFO: 118 move(s) completed (1 accepted (0.8475 %)). Current N = 1. Average N = 0.949
2021-03-25 02:30:17,351 - INFO: Move rejected due to water leaving the GCMC sphere
2021-03-25 02:30:20,888 - INFO: 119 move(s) completed (1 accepted (0.8403 %)). Current N = 1. Average N = 0.950
2021-03-25 02:30:44,308 - INFO: 120 move(s) completed (1 accepted (0.8333 %)). Current N = 1. Average N = 0.950
2021-03-25 02:31:03,630 - INFO: Move rejected due to water leaving the GCMC sphere
2021-03-25 02:31:07,275 - INFO: 121 move(s) completed (1 accepted (0.8264 %)). Current N = 1. Average N = 0.950
2021-03-25 02:31:30,005 - INFO: 122 move(s) completed (1 accepted (0.8197 %)). Current N = 1. Average N = 0.951
2021-03-25 02:31:49,349 - INFO: Move rejected due to water leaving the GCMC sphere
2021-03-25 02:31:53,000 - INFO: 123 move(s) completed (1 accepted (0.8130 %)). Current N = 1. Average N = 0.951
2021-03-25 02:32:15,947 - INFO: 124 move(s) completed (1 accepted (0.8065 %)). Current N = 1. Average N = 0.952
2021-03-25 02:32:38,796 - INFO: 125 move(s) completed (1 accepted (0.8000 %)). Current N = 1. Average N = 0.952
2021-03-25 02:33:01,644 - INFO: 126 move(s) completed (1 accepted (0.7937 %)). Current N = 1. Average N = 0.952
2021-03-25 02:33:24,861 - INFO: 127 move(s) completed (1 accepted (0.7874 %)). Current N = 1. Average N = 0.953
2021-03-25 02:33:48,179 - INFO: 128 move(s) completed (1 accepted (0.7812 %)). Current N = 1. Average N = 0.953
2021-03-25 02:34:11,651 - INFO: 129 move(s) completed (1 accepted (0.7752 %)). Current N = 1. Average N = 0.954
2021-03-25 02:34:30,878 - INFO: Move rejected due to water leaving the GCMC sphere
2021-03-25 02:34:34,471 - INFO: 130 move(s) completed (1 accepted (0.7692 %)). Current N = 1. Average N = 0.954
2021-03-25 02:34:54,379 - INFO: Move rejected due to water leaving the GCMC sphere
2021-03-25 02:34:58,018 - INFO: 131 move(s) completed (1 accepted (0.7634 %)). Current N = 1. Average N = 0.954
2021-03-25 02:35:21,649 - INFO: 132 move(s) completed (1 accepted (0.7576 %)). Current N = 1. Average N = 0.955
2021-03-25 02:35:44,271 - INFO: 133 move(s) completed (1 accepted (0.7519 %)). Current N = 1. Average N = 0.955
2021-03-25 02:36:03,434 - INFO: Move rejected due to water leaving the GCMC sphere
2021-03-25 02:36:07,070 - INFO: 134 move(s) completed (1 accepted (0.7463 %)). Current N = 1. Average N = 0.955
2021-03-25 02:36:29,849 - INFO: 135 move(s) completed (1 accepted (0.7407 %)). Current N = 1. Average N = 0.956
2021-03-25 02:36:49,202 - INFO: Move rejected due to water leaving the GCMC sphere
2021-03-25 02:36:52,665 - INFO: 136 move(s) completed (1 accepted (0.7353 %)). Current N = 1. Average N = 0.956
2021-03-25 02:37:15,830 - INFO: 137 move(s) completed (1 accepted (0.7299 %)). Current N = 1. Average N = 0.956
2021-03-25 02:37:38,769 - INFO: 138 move(s) completed (1 accepted (0.7246 %)). Current N = 1. Average N = 0.957
2021-03-25 02:37:58,303 - INFO: Move rejected due to water leaving the GCMC sphere
2021-03-25 02:38:01,966 - INFO: 139 move(s) completed (1 accepted (0.7194 %)). Current N = 1. Average N = 0.957
2021-03-25 02:38:25,296 - INFO: 140 move(s) completed (1 accepted (0.7143 %)). Current N = 1. Average N = 0.957
2021-03-25 02:38:48,710 - INFO: 141 move(s) completed (1 accepted (0.7092 %)). Current N = 1. Average N = 0.957
2021-03-25 02:39:12,046 - INFO: 142 move(s) completed (1 accepted (0.7042 %)). Current N = 1. Average N = 0.958
2021-03-25 02:39:35,601 - INFO: 143 move(s) completed (1 accepted (0.6993 %)). Current N = 1. Average N = 0.958
2021-03-25 02:39:58,918 - INFO: 144 move(s) completed (1 accepted (0.6944 %)). Current N = 1. Average N = 0.958
2021-03-25 02:40:21,764 - INFO: 145 move(s) completed (1 accepted (0.6897 %)). Current N = 1. Average N = 0.959
2021-03-25 02:40:44,342 - INFO: 146 move(s) completed (1 accepted (0.6849 %)). Current N = 1. Average N = 0.959
2021-03-25 02:41:04,254 - INFO: Move rejected due to water leaving the GCMC sphere
2021-03-25 02:41:07,710 - INFO: 147 move(s) completed (1 accepted (0.6803 %)). Current N = 1. Average N = 0.959
2021-03-25 02:41:30,293 - INFO: 148 move(s) completed (1 accepted (0.6757 %)). Current N = 1. Average N = 0.960
2021-03-25 02:41:49,510 - INFO: Move rejected due to water leaving the GCMC sphere
2021-03-25 02:41:53,210 - INFO: 149 move(s) completed (1 accepted (0.6711 %)). Current N = 1. Average N = 0.960
2021-03-25 02:42:16,017 - INFO: 150 move(s) completed (1 accepted (0.6667 %)). Current N = 1. Average N = 0.960
2021-03-25 02:42:35,311 - INFO: Move rejected due to water leaving the GCMC sphere
2021-03-25 02:42:38,979 - INFO: 151 move(s) completed (1 accepted (0.6623 %)). Current N = 1. Average N = 0.960
2021-03-25 02:43:01,787 - INFO: 152 move(s) completed (1 accepted (0.6579 %)). Current N = 1. Average N = 0.961
2021-03-25 02:43:20,810 - INFO: Move rejected due to water leaving the GCMC sphere
2021-03-25 02:43:24,496 - INFO: 153 move(s) completed (1 accepted (0.6536 %)). Current N = 1. Average N = 0.961
2021-03-25 02:43:44,120 - INFO: Move rejected due to water leaving the GCMC sphere
2021-03-25 02:43:47,799 - INFO: 154 move(s) completed (1 accepted (0.6494 %)). Current N = 1. Average N = 0.961
2021-03-25 02:44:11,181 - INFO: 155 move(s) completed (1 accepted (0.6452 %)). Current N = 1. Average N = 0.961
2021-03-25 02:44:30,409 - INFO: Move rejected due to water leaving the GCMC sphere
2021-03-25 02:44:33,974 - INFO: 156 move(s) completed (1 accepted (0.6410 %)). Current N = 1. Average N = 0.962
2021-03-25 02:44:56,769 - INFO: 157 move(s) completed (1 accepted (0.6369 %)). Current N = 1. Average N = 0.962
2021-03-25 02:45:16,612 - INFO: Move rejected due to water leaving the GCMC sphere
2021-03-25 02:45:20,225 - INFO: 158 move(s) completed (1 accepted (0.6329 %)). Current N = 1. Average N = 0.962
2021-03-25 02:45:43,713 - INFO: 159 move(s) completed (1 accepted (0.6289 %)). Current N = 1. Average N = 0.962
2021-03-25 02:46:06,393 - INFO: 160 move(s) completed (1 accepted (0.6250 %)). Current N = 1. Average N = 0.963
2021-03-25 02:46:25,741 - INFO: Move rejected due to water leaving the GCMC sphere
2021-03-25 02:46:29,285 - INFO: 161 move(s) completed (1 accepted (0.6211 %)). Current N = 1. Average N = 0.963
2021-03-25 02:46:48,595 - INFO: Move rejected due to water leaving the GCMC sphere
2021-03-25 02:46:52,192 - INFO: 162 move(s) completed (1 accepted (0.6173 %)). Current N = 1. Average N = 0.963
2021-03-25 02:47:11,472 - INFO: Move rejected due to water leaving the GCMC sphere
2021-03-25 02:47:15,135 - INFO: 163 move(s) completed (1 accepted (0.6135 %)). Current N = 1. Average N = 0.963
2021-03-25 02:47:38,202 - INFO: 164 move(s) completed (1 accepted (0.6098 %)). Current N = 1. Average N = 0.963
2021-03-25 02:47:57,247 - INFO: Move rejected due to water leaving the GCMC sphere
2021-03-25 02:48:00,913 - INFO: 165 move(s) completed (1 accepted (0.6061 %)). Current N = 1. Average N = 0.964
2021-03-25 02:48:24,125 - INFO: 166 move(s) completed (1 accepted (0.6024 %)). Current N = 1. Average N = 0.964
2021-03-25 02:48:47,458 - INFO: 167 move(s) completed (1 accepted (0.5988 %)). Current N = 1. Average N = 0.964
2021-03-25 02:49:07,171 - INFO: Move rejected due to water leaving the GCMC sphere
2021-03-25 02:49:10,806 - INFO: 168 move(s) completed (1 accepted (0.5952 %)). Current N = 1. Average N = 0.964
2021-03-25 02:49:34,432 - INFO: 169 move(s) completed (1 accepted (0.5917 %)). Current N = 1. Average N = 0.965
2021-03-25 02:49:57,193 - INFO: 170 move(s) completed (1 accepted (0.5882 %)). Current N = 1. Average N = 0.965
2021-03-25 02:50:20,069 - INFO: 171 move(s) completed (1 accepted (0.5848 %)). Current N = 1. Average N = 0.965
2021-03-25 02:50:39,833 - INFO: Move rejected due to water leaving the GCMC sphere
2021-03-25 02:50:43,335 - INFO: 172 move(s) completed (1 accepted (0.5814 %)). Current N = 1. Average N = 0.965
2021-03-25 02:51:06,122 - INFO: 173 move(s) completed (1 accepted (0.5780 %)). Current N = 1. Average N = 0.965
2021-03-25 02:51:25,386 - INFO: Move rejected due to water leaving the GCMC sphere
2021-03-25 02:51:29,114 - INFO: 174 move(s) completed (1 accepted (0.5747 %)). Current N = 1. Average N = 0.966
2021-03-25 02:51:48,569 - INFO: Move rejected due to water leaving the GCMC sphere
2021-03-25 02:51:52,223 - INFO: 175 move(s) completed (1 accepted (0.5714 %)). Current N = 1. Average N = 0.966
2021-03-25 02:52:11,368 - INFO: Move rejected due to water leaving the GCMC sphere
2021-03-25 02:52:15,049 - INFO: 176 move(s) completed (1 accepted (0.5682 %)). Current N = 1. Average N = 0.966
2021-03-25 02:52:34,585 - INFO: Move rejected due to water leaving the GCMC sphere
2021-03-25 02:52:38,272 - INFO: 177 move(s) completed (1 accepted (0.5650 %)). Current N = 1. Average N = 0.966
2021-03-25 02:53:01,459 - INFO: 178 move(s) completed (1 accepted (0.5618 %)). Current N = 1. Average N = 0.966
2021-03-25 02:53:24,434 - INFO: 179 move(s) completed (1 accepted (0.5587 %)). Current N = 1. Average N = 0.967
2021-03-25 02:53:44,236 - INFO: Move rejected due to water leaving the GCMC sphere
2021-03-25 02:53:47,918 - INFO: 180 move(s) completed (1 accepted (0.5556 %)). Current N = 1. Average N = 0.967
2021-03-25 02:54:11,474 - INFO: 181 move(s) completed (1 accepted (0.5525 %)). Current N = 1. Average N = 0.967
2021-03-25 02:54:34,289 - INFO: 182 move(s) completed (1 accepted (0.5495 %)). Current N = 1. Average N = 0.967
2021-03-25 02:54:56,827 - INFO: 183 move(s) completed (1 accepted (0.5464 %)). Current N = 1. Average N = 0.967
2021-03-25 02:55:15,930 - INFO: Move rejected due to water leaving the GCMC sphere
2021-03-25 02:55:19,507 - INFO: 184 move(s) completed (1 accepted (0.5435 %)). Current N = 1. Average N = 0.967
2021-03-25 02:55:38,696 - INFO: Move rejected due to water leaving the GCMC sphere
2021-03-25 02:55:42,281 - INFO: 185 move(s) completed (1 accepted (0.5405 %)). Current N = 1. Average N = 0.968
2021-03-25 02:56:01,397 - INFO: Move rejected due to water leaving the GCMC sphere
2021-03-25 02:56:04,961 - INFO: 186 move(s) completed (1 accepted (0.5376 %)). Current N = 1. Average N = 0.968
2021-03-25 02:56:27,763 - INFO: 187 move(s) completed (1 accepted (0.5348 %)). Current N = 1. Average N = 0.968
2021-03-25 02:56:50,855 - INFO: 188 move(s) completed (1 accepted (0.5319 %)). Current N = 1. Average N = 0.968
2021-03-25 02:57:10,421 - INFO: Move rejected due to water leaving the GCMC sphere
2021-03-25 02:57:14,096 - INFO: 189 move(s) completed (1 accepted (0.5291 %)). Current N = 1. Average N = 0.968
2021-03-25 02:57:36,845 - INFO: 190 move(s) completed (1 accepted (0.5263 %)). Current N = 1. Average N = 0.968
2021-03-25 02:57:56,436 - INFO: Move rejected due to water leaving the GCMC sphere
2021-03-25 02:58:00,146 - INFO: 191 move(s) completed (1 accepted (0.5236 %)). Current N = 1. Average N = 0.969
2021-03-25 02:58:23,552 - INFO: 192 move(s) completed (1 accepted (0.5208 %)). Current N = 1. Average N = 0.969
2021-03-25 02:58:42,769 - INFO: Move rejected due to water leaving the GCMC sphere
2021-03-25 02:58:46,393 - INFO: 193 move(s) completed (1 accepted (0.5181 %)). Current N = 1. Average N = 0.969
2021-03-25 02:59:09,413 - INFO: 194 move(s) completed (1 accepted (0.5155 %)). Current N = 1. Average N = 0.969
2021-03-25 02:59:28,694 - INFO: Move rejected due to water leaving the GCMC sphere
2021-03-25 02:59:32,351 - INFO: 195 move(s) completed (1 accepted (0.5128 %)). Current N = 1. Average N = 0.969
2021-03-25 02:59:55,090 - INFO: 196 move(s) completed (1 accepted (0.5102 %)). Current N = 1. Average N = 0.969
2021-03-25 03:00:18,542 - INFO: 197 move(s) completed (1 accepted (0.5076 %)). Current N = 1. Average N = 0.970
2021-03-25 03:00:37,613 - INFO: Move rejected due to water leaving the GCMC sphere
2021-03-25 03:00:41,262 - INFO: 198 move(s) completed (1 accepted (0.5051 %)). Current N = 1. Average N = 0.970
2021-03-25 03:01:03,946 - INFO: 199 move(s) completed (1 accepted (0.5025 %)). Current N = 1. Average N = 0.970
2021-03-25 03:01:23,165 - INFO: Move rejected due to water leaving the GCMC sphere
2021-03-25 03:01:26,841 - INFO: 200 move(s) completed (1 accepted (0.5000 %)). Current N = 1. Average N = 0.970
2021-03-25 03:01:49,752 - INFO: 201 move(s) completed (1 accepted (0.4975 %)). Current N = 1. Average N = 0.970
2021-03-25 03:02:08,894 - INFO: Move rejected due to water leaving the GCMC sphere
2021-03-25 03:02:12,573 - INFO: 202 move(s) completed (1 accepted (0.4950 %)). Current N = 1. Average N = 0.970
2021-03-25 03:02:32,213 - INFO: Move rejected due to water leaving the GCMC sphere
2021-03-25 03:02:35,950 - INFO: 203 move(s) completed (1 accepted (0.4926 %)). Current N = 1. Average N = 0.970
2021-03-25 03:02:55,671 - INFO: Move rejected due to water leaving the GCMC sphere
2021-03-25 03:02:59,361 - INFO: 204 move(s) completed (1 accepted (0.4902 %)). Current N = 1. Average N = 0.971
2021-03-25 03:03:22,861 - INFO: 205 move(s) completed (1 accepted (0.4878 %)). Current N = 1. Average N = 0.971
2021-03-25 03:03:46,140 - INFO: 206 move(s) completed (1 accepted (0.4854 %)). Current N = 1. Average N = 0.971
2021-03-25 03:04:09,025 - INFO: 207 move(s) completed (1 accepted (0.4831 %)). Current N = 1. Average N = 0.971
2021-03-25 03:04:28,996 - INFO: Move rejected due to water leaving the GCMC sphere
2021-03-25 03:04:32,615 - INFO: 208 move(s) completed (1 accepted (0.4808 %)). Current N = 1. Average N = 0.971
2021-03-25 03:04:56,234 - INFO: 209 move(s) completed (1 accepted (0.4785 %)). Current N = 1. Average N = 0.971
2021-03-25 03:05:15,456 - INFO: Move rejected due to water leaving the GCMC sphere
2021-03-25 03:05:18,973 - INFO: 210 move(s) completed (1 accepted (0.4762 %)). Current N = 1. Average N = 0.971
2021-03-25 03:05:41,770 - INFO: 211 move(s) completed (1 accepted (0.4739 %)). Current N = 1. Average N = 0.972
2021-03-25 03:06:00,954 - INFO: Move rejected due to water leaving the GCMC sphere
2021-03-25 03:06:04,457 - INFO: 212 move(s) completed (1 accepted (0.4717 %)). Current N = 1. Average N = 0.972
2021-03-25 03:06:23,910 - INFO: Move rejected due to water leaving the GCMC sphere
2021-03-25 03:06:27,581 - INFO: 213 move(s) completed (1 accepted (0.4695 %)). Current N = 1. Average N = 0.972
2021-03-25 03:06:50,869 - INFO: 214 move(s) completed (1 accepted (0.4673 %)). Current N = 1. Average N = 0.972
2021-03-25 03:07:14,180 - INFO: 215 move(s) completed (1 accepted (0.4651 %)). Current N = 1. Average N = 0.972
2021-03-25 03:07:37,437 - INFO: 216 move(s) completed (1 accepted (0.4630 %)). Current N = 1. Average N = 0.972
2021-03-25 03:07:57,253 - INFO: Move rejected due to water leaving the GCMC sphere
2021-03-25 03:08:00,944 - INFO: 217 move(s) completed (1 accepted (0.4608 %)). Current N = 1. Average N = 0.972
2021-03-25 03:08:24,336 - INFO: 218 move(s) completed (1 accepted (0.4587 %)). Current N = 1. Average N = 0.973
2021-03-25 03:08:44,225 - INFO: Move rejected due to water leaving the GCMC sphere
2021-03-25 03:08:47,888 - INFO: 219 move(s) completed (1 accepted (0.4566 %)). Current N = 1. Average N = 0.973
2021-03-25 03:09:11,784 - INFO: 220 move(s) completed (1 accepted (0.4545 %)). Current N = 1. Average N = 0.973
2021-03-25 03:09:31,872 - INFO: Move rejected due to water leaving the GCMC sphere
2021-03-25 03:09:35,400 - INFO: 221 move(s) completed (1 accepted (0.4525 %)). Current N = 1. Average N = 0.973
2021-03-25 03:09:54,599 - INFO: Move rejected due to water leaving the GCMC sphere
2021-03-25 03:09:58,235 - INFO: 222 move(s) completed (1 accepted (0.4505 %)). Current N = 1. Average N = 0.973
2021-03-25 03:10:17,573 - INFO: Move rejected due to water leaving the GCMC sphere
2021-03-25 03:10:21,185 - INFO: 223 move(s) completed (1 accepted (0.4484 %)). Current N = 1. Average N = 0.973
2021-03-25 03:10:40,504 - INFO: Move rejected due to water leaving the GCMC sphere
2021-03-25 03:10:44,050 - INFO: 224 move(s) completed (1 accepted (0.4464 %)). Current N = 1. Average N = 0.973
2021-03-25 03:11:06,784 - INFO: 225 move(s) completed (1 accepted (0.4444 %)). Current N = 1. Average N = 0.973
2021-03-25 03:11:26,296 - INFO: Move rejected due to water leaving the GCMC sphere
2021-03-25 03:11:29,964 - INFO: 226 move(s) completed (1 accepted (0.4425 %)). Current N = 1. Average N = 0.974
2021-03-25 03:11:49,519 - INFO: Move rejected due to water leaving the GCMC sphere
2021-03-25 03:11:53,216 - INFO: 227 move(s) completed (1 accepted (0.4405 %)). Current N = 1. Average N = 0.974
2021-03-25 03:12:12,818 - INFO: Move rejected due to water leaving the GCMC sphere
2021-03-25 03:12:16,495 - INFO: 228 move(s) completed (1 accepted (0.4386 %)). Current N = 1. Average N = 0.974
2021-03-25 03:12:39,393 - INFO: 229 move(s) completed (1 accepted (0.4367 %)). Current N = 1. Average N = 0.974
2021-03-25 03:13:02,652 - INFO: 230 move(s) completed (1 accepted (0.4348 %)). Current N = 1. Average N = 0.974
2021-03-25 03:13:26,208 - INFO: 231 move(s) completed (1 accepted (0.4329 %)). Current N = 1. Average N = 0.974
2021-03-25 03:13:46,013 - INFO: Move rejected due to water leaving the GCMC sphere
2021-03-25 03:13:49,691 - INFO: 232 move(s) completed (1 accepted (0.4310 %)). Current N = 1. Average N = 0.974
2021-03-25 03:14:13,272 - INFO: 233 move(s) completed (1 accepted (0.4292 %)). Current N = 1. Average N = 0.974
2021-03-25 03:14:36,849 - INFO: 234 move(s) completed (1 accepted (0.4274 %)). Current N = 1. Average N = 0.974
2021-03-25 03:15:00,357 - INFO: 235 move(s) completed (1 accepted (0.4255 %)). Current N = 1. Average N = 0.975
2021-03-25 03:15:19,554 - INFO: Move rejected due to water leaving the GCMC sphere
2021-03-25 03:15:23,105 - INFO: 236 move(s) completed (1 accepted (0.4237 %)). Current N = 1. Average N = 0.975
2021-03-25 03:15:45,879 - INFO: 237 move(s) completed (1 accepted (0.4219 %)). Current N = 1. Average N = 0.975
2021-03-25 03:16:05,200 - INFO: Move rejected due to water leaving the GCMC sphere
2021-03-25 03:16:08,739 - INFO: 238 move(s) completed (1 accepted (0.4202 %)). Current N = 1. Average N = 0.975
2021-03-25 03:16:28,151 - INFO: Move rejected due to water leaving the GCMC sphere
2021-03-25 03:16:31,721 - INFO: 239 move(s) completed (1 accepted (0.4184 %)). Current N = 1. Average N = 0.975
2021-03-25 03:16:51,392 - INFO: Move rejected due to water leaving the GCMC sphere
2021-03-25 03:16:55,020 - INFO: 240 move(s) completed (1 accepted (0.4167 %)). Current N = 1. Average N = 0.975
2021-03-25 03:17:14,550 - INFO: Move rejected due to water leaving the GCMC sphere
2021-03-25 03:17:18,214 - INFO: 241 move(s) completed (1 accepted (0.4149 %)). Current N = 1. Average N = 0.975
2021-03-25 03:17:37,806 - INFO: Move rejected due to water leaving the GCMC sphere
2021-03-25 03:17:41,465 - INFO: 242 move(s) completed (1 accepted (0.4132 %)). Current N = 1. Average N = 0.975
2021-03-25 03:18:01,293 - INFO: Move rejected due to water leaving the GCMC sphere
2021-03-25 03:18:04,969 - INFO: 243 move(s) completed (1 accepted (0.4115 %)). Current N = 1. Average N = 0.975
2021-03-25 03:18:28,351 - INFO: 244 move(s) completed (1 accepted (0.4098 %)). Current N = 1. Average N = 0.975
2021-03-25 03:18:51,984 - INFO: 245 move(s) completed (1 accepted (0.4082 %)). Current N = 1. Average N = 0.976
2021-03-25 03:19:14,800 - INFO: 246 move(s) completed (1 accepted (0.4065 %)). Current N = 1. Average N = 0.976
2021-03-25 03:19:38,398 - INFO: 247 move(s) completed (1 accepted (0.4049 %)). Current N = 1. Average N = 0.976
2021-03-25 03:20:01,983 - INFO: 248 move(s) completed (1 accepted (0.4032 %)). Current N = 1. Average N = 0.976
2021-03-25 03:20:24,798 - INFO: 249 move(s) completed (1 accepted (0.4016 %)). Current N = 1. Average N = 0.976
2021-03-25 03:20:44,038 - INFO: Move rejected due to water leaving the GCMC sphere
2021-03-25 03:20:47,646 - INFO: 250 move(s) completed (1 accepted (0.4000 %)). Current N = 1. Average N = 0.976
2021-03-25 03:21:07,010 - INFO: Move rejected due to water leaving the GCMC sphere
2021-03-25 03:21:10,624 - INFO: 251 move(s) completed (1 accepted (0.3984 %)). Current N = 1. Average N = 0.976
2021-03-25 03:21:29,921 - INFO: Move rejected due to water leaving the GCMC sphere
2021-03-25 03:21:33,585 - INFO: 252 move(s) completed (1 accepted (0.3968 %)). Current N = 1. Average N = 0.976
2021-03-25 03:21:56,452 - INFO: 253 move(s) completed (1 accepted (0.3953 %)). Current N = 1. Average N = 0.976
2021-03-25 03:22:19,279 - INFO: 254 move(s) completed (1 accepted (0.3937 %)). Current N = 1. Average N = 0.976
2021-03-25 03:22:39,028 - INFO: Move rejected due to water leaving the GCMC sphere
2021-03-25 03:22:42,694 - INFO: 255 move(s) completed (1 accepted (0.3922 %)). Current N = 1. Average N = 0.977
2021-03-25 03:23:05,948 - INFO: 256 move(s) completed (1 accepted (0.3906 %)). Current N = 1. Average N = 0.977
2021-03-25 03:23:25,846 - INFO: Move rejected due to water leaving the GCMC sphere
2021-03-25 03:23:29,508 - INFO: 257 move(s) completed (1 accepted (0.3891 %)). Current N = 1. Average N = 0.977
2021-03-25 03:23:53,146 - INFO: 258 move(s) completed (1 accepted (0.3876 %)). Current N = 1. Average N = 0.977
2021-03-25 03:24:13,024 - INFO: Move rejected due to water leaving the GCMC sphere
2021-03-25 03:24:16,685 - INFO: 259 move(s) completed (1 accepted (0.3861 %)). Current N = 1. Average N = 0.977
2021-03-25 03:24:36,587 - INFO: Move rejected due to water leaving the GCMC sphere
2021-03-25 03:24:40,268 - INFO: 260 move(s) completed (1 accepted (0.3846 %)). Current N = 1. Average N = 0.977
2021-03-25 03:25:03,934 - INFO: 261 move(s) completed (1 accepted (0.3831 %)). Current N = 1. Average N = 0.977
2021-03-25 03:25:26,758 - INFO: 262 move(s) completed (1 accepted (0.3817 %)). Current N = 1. Average N = 0.977
2021-03-25 03:25:45,898 - INFO: Move rejected due to water leaving the GCMC sphere
2021-03-25 03:25:49,508 - INFO: 263 move(s) completed (1 accepted (0.3802 %)). Current N = 1. Average N = 0.977
2021-03-25 03:26:08,619 - INFO: Move rejected due to water leaving the GCMC sphere
2021-03-25 03:26:12,381 - INFO: 264 move(s) completed (1 accepted (0.3788 %)). Current N = 1. Average N = 0.977
2021-03-25 03:26:31,443 - INFO: Move rejected due to water leaving the GCMC sphere
2021-03-25 03:26:35,031 - INFO: 265 move(s) completed (1 accepted (0.3774 %)). Current N = 1. Average N = 0.977
2021-03-25 03:26:54,486 - INFO: Move rejected due to water leaving the GCMC sphere
2021-03-25 03:26:57,927 - INFO: 266 move(s) completed (1 accepted (0.3759 %)). Current N = 1. Average N = 0.977
2021-03-25 03:27:17,545 - INFO: Move rejected due to water leaving the GCMC sphere
2021-03-25 03:27:21,172 - INFO: 267 move(s) completed (1 accepted (0.3745 %)). Current N = 1. Average N = 0.978
2021-03-25 03:27:44,433 - INFO: 268 move(s) completed (1 accepted (0.3731 %)). Current N = 1. Average N = 0.978
2021-03-25 03:28:04,336 - INFO: Move rejected due to water leaving the GCMC sphere
2021-03-25 03:28:08,061 - INFO: 269 move(s) completed (1 accepted (0.3717 %)). Current N = 1. Average N = 0.978
2021-03-25 03:28:31,707 - INFO: 270 move(s) completed (1 accepted (0.3704 %)). Current N = 1. Average N = 0.978
2021-03-25 03:28:55,439 - INFO: 271 move(s) completed (1 accepted (0.3690 %)). Current N = 1. Average N = 0.978
2021-03-25 03:29:19,225 - INFO: 272 move(s) completed (1 accepted (0.3676 %)). Current N = 1. Average N = 0.978
2021-03-25 03:29:39,309 - INFO: Move rejected due to water leaving the GCMC sphere
2021-03-25 03:29:42,973 - INFO: 273 move(s) completed (1 accepted (0.3663 %)). Current N = 1. Average N = 0.978
2021-03-25 03:30:05,769 - INFO: 274 move(s) completed (1 accepted (0.3650 %)). Current N = 1. Average N = 0.978
2021-03-25 03:30:25,090 - INFO: Move rejected due to water leaving the GCMC sphere
2021-03-25 03:30:28,581 - INFO: 275 move(s) completed (1 accepted (0.3636 %)). Current N = 1. Average N = 0.978
2021-03-25 03:30:51,444 - INFO: 276 move(s) completed (1 accepted (0.3623 %)). Current N = 1. Average N = 0.978
2021-03-25 03:31:10,744 - INFO: Move rejected due to water leaving the GCMC sphere
2021-03-25 03:31:14,338 - INFO: 277 move(s) completed (1 accepted (0.3610 %)). Current N = 1. Average N = 0.978
2021-03-25 03:31:37,489 - INFO: 278 move(s) completed (1 accepted (0.3597 %)). Current N = 1. Average N = 0.978
2021-03-25 03:31:57,148 - INFO: Move rejected due to water leaving the GCMC sphere
2021-03-25 03:32:00,622 - INFO: 279 move(s) completed (1 accepted (0.3584 %)). Current N = 1. Average N = 0.979
2021-03-25 03:32:23,794 - INFO: 280 move(s) completed (1 accepted (0.3571 %)). Current N = 1. Average N = 0.979
2021-03-25 03:32:46,549 - INFO: 281 move(s) completed (1 accepted (0.3559 %)). Current N = 1. Average N = 0.979
2021-03-25 03:33:06,285 - INFO: Move rejected due to water leaving the GCMC sphere
2021-03-25 03:33:09,914 - INFO: 282 move(s) completed (1 accepted (0.3546 %)). Current N = 1. Average N = 0.979
2021-03-25 03:33:33,478 - INFO: 283 move(s) completed (1 accepted (0.3534 %)). Current N = 1. Average N = 0.979
2021-03-25 03:33:53,505 - INFO: Move rejected due to water leaving the GCMC sphere
2021-03-25 03:33:57,213 - INFO: 284 move(s) completed (1 accepted (0.3521 %)). Current N = 1. Average N = 0.979
2021-03-25 03:34:17,143 - INFO: Move rejected due to water leaving the GCMC sphere
2021-03-25 03:34:20,831 - INFO: 285 move(s) completed (1 accepted (0.3509 %)). Current N = 1. Average N = 0.979
2021-03-25 03:34:40,804 - INFO: Move rejected due to water leaving the GCMC sphere
2021-03-25 03:34:44,535 - INFO: 286 move(s) completed (1 accepted (0.3497 %)). Current N = 1. Average N = 0.979
2021-03-25 03:35:07,407 - INFO: 287 move(s) completed (1 accepted (0.3484 %)). Current N = 1. Average N = 0.979
2021-03-25 03:35:30,132 - INFO: 288 move(s) completed (1 accepted (0.3472 %)). Current N = 1. Average N = 0.979
2021-03-25 03:35:53,041 - INFO: 289 move(s) completed (1 accepted (0.3460 %)). Current N = 1. Average N = 0.979
2021-03-25 03:36:15,842 - INFO: 290 move(s) completed (1 accepted (0.3448 %)). Current N = 1. Average N = 0.979
2021-03-25 03:36:35,064 - INFO: Move rejected due to water leaving the GCMC sphere
2021-03-25 03:36:38,687 - INFO: 291 move(s) completed (1 accepted (0.3436 %)). Current N = 1. Average N = 0.979
2021-03-25 03:36:58,097 - INFO: Move rejected due to water leaving the GCMC sphere
2021-03-25 03:37:01,688 - INFO: 292 move(s) completed (1 accepted (0.3425 %)). Current N = 1. Average N = 0.980
2021-03-25 03:37:21,310 - INFO: Move rejected due to water leaving the GCMC sphere
2021-03-25 03:37:24,831 - INFO: 293 move(s) completed (1 accepted (0.3413 %)). Current N = 1. Average N = 0.980
2021-03-25 03:37:44,575 - INFO: Move rejected due to water leaving the GCMC sphere
2021-03-25 03:37:48,254 - INFO: 294 move(s) completed (1 accepted (0.3401 %)). Current N = 1. Average N = 0.980
2021-03-25 03:38:11,107 - INFO: 295 move(s) completed (1 accepted (0.3390 %)). Current N = 1. Average N = 0.980
2021-03-25 03:38:34,497 - INFO: 296 move(s) completed (1 accepted (0.3378 %)). Current N = 1. Average N = 0.980
2021-03-25 03:38:58,076 - INFO: 297 move(s) completed (1 accepted (0.3367 %)). Current N = 1. Average N = 0.980
2021-03-25 03:39:20,724 - INFO: 298 move(s) completed (1 accepted (0.3356 %)). Current N = 1. Average N = 0.980
2021-03-25 03:39:43,529 - INFO: 299 move(s) completed (1 accepted (0.3344 %)). Current N = 1. Average N = 0.980
2021-03-25 03:40:06,306 - INFO: 300 move(s) completed (1 accepted (0.3333 %)). Current N = 1. Average N = 0.980
2021-03-25 03:40:25,498 - INFO: Move rejected due to water leaving the GCMC sphere
2021-03-25 03:40:28,987 - INFO: 301 move(s) completed (1 accepted (0.3322 %)). Current N = 1. Average N = 0.980
2021-03-25 03:40:52,031 - INFO: 302 move(s) completed (1 accepted (0.3311 %)). Current N = 1. Average N = 0.980
2021-03-25 03:41:11,578 - INFO: Move rejected due to water leaving the GCMC sphere
2021-03-25 03:41:15,259 - INFO: 303 move(s) completed (1 accepted (0.3300 %)). Current N = 1. Average N = 0.980
2021-03-25 03:41:38,230 - INFO: 304 move(s) completed (1 accepted (0.3289 %)). Current N = 1. Average N = 0.980
2021-03-25 03:42:01,487 - INFO: 305 move(s) completed (1 accepted (0.3279 %)). Current N = 1. Average N = 0.980
2021-03-25 03:42:24,717 - INFO: 306 move(s) completed (1 accepted (0.3268 %)). Current N = 1. Average N = 0.980
2021-03-25 03:42:44,618 - INFO: Move rejected due to water leaving the GCMC sphere
2021-03-25 03:42:48,295 - INFO: 307 move(s) completed (1 accepted (0.3257 %)). Current N = 1. Average N = 0.981
2021-03-25 03:43:11,855 - INFO: 308 move(s) completed (1 accepted (0.3247 %)). Current N = 1. Average N = 0.981
2021-03-25 03:43:34,532 - INFO: 309 move(s) completed (1 accepted (0.3236 %)). Current N = 1. Average N = 0.981
2021-03-25 03:43:57,234 - INFO: 310 move(s) completed (1 accepted (0.3226 %)). Current N = 1. Average N = 0.981
2021-03-25 03:44:21,052 - INFO: 311 move(s) completed (1 accepted (0.3215 %)). Current N = 1. Average N = 0.981
2021-03-25 03:44:40,140 - INFO: Move rejected due to water leaving the GCMC sphere
2021-03-25 03:44:43,711 - INFO: 312 move(s) completed (1 accepted (0.3205 %)). Current N = 1. Average N = 0.981
2021-03-25 03:45:06,689 - INFO: 313 move(s) completed (1 accepted (0.3195 %)). Current N = 1. Average N = 0.981
2021-03-25 03:45:25,910 - INFO: Move rejected due to water leaving the GCMC sphere
2021-03-25 03:45:29,588 - INFO: 314 move(s) completed (1 accepted (0.3185 %)). Current N = 1. Average N = 0.981
2021-03-25 03:45:52,683 - INFO: 315 move(s) completed (1 accepted (0.3175 %)). Current N = 1. Average N = 0.981
