2021-03-25 17:21:45,013 - INFO: kT = 0.5921875708469466 kcal/mol
2021-03-25 17:21:50,453 - INFO: BaseGrandCanonicalMonteCarloSampler object initialised
2021-03-25 17:21:50,454 - INFO: GCMC sphere is based on reference atom IDs: [887, 1837]
2021-03-25 17:21:50,454 - INFO: GCMC sphere radius is 6 A
2021-03-25 17:21:50,454 - INFO: Simulating at an Adams (B) value of -6.888845176169922
2021-03-25 17:21:50,454 - INFO: GCMCSphereSampler object initialised
2021-03-25 17:21:50,455 - INFO: Each NCMC move will be executed over a total of 5.0 ps
2021-03-25 17:21:50,455 - INFO: NonequilibriumGCMCSphereSampler object initialised
2021-03-25 17:22:16,812 - INFO: 1 move(s) completed (0 accepted (0.0000 %)). Current N = 0. Average N = 0.000
2021-03-25 17:22:31,534 - INFO: Move rejected due to water leaving the GCMC sphere
2021-03-25 17:22:35,135 - INFO: 2 move(s) completed (0 accepted (0.0000 %)). Current N = 0. Average N = 0.000
2021-03-25 17:22:40,908 - INFO: 3 move(s) completed (0 accepted (0.0000 %)). Current N = 0. Average N = 0.000
2021-03-25 17:22:46,571 - INFO: 4 move(s) completed (0 accepted (0.0000 %)). Current N = 0. Average N = 0.000
2021-03-25 17:23:05,775 - INFO: 5 move(s) completed (0 accepted (0.0000 %)). Current N = 0. Average N = 0.000
2021-03-25 17:23:21,405 - INFO: Move rejected due to water leaving the GCMC sphere
2021-03-25 17:23:24,803 - INFO: 6 move(s) completed (0 accepted (0.0000 %)). Current N = 0. Average N = 0.000
2021-03-25 17:23:40,478 - INFO: Move rejected due to water leaving the GCMC sphere
2021-03-25 17:23:44,020 - INFO: 7 move(s) completed (0 accepted (0.0000 %)). Current N = 0. Average N = 0.000
2021-03-25 17:23:49,826 - INFO: 8 move(s) completed (0 accepted (0.0000 %)). Current N = 0. Average N = 0.000
2021-03-25 17:23:55,674 - INFO: 9 move(s) completed (0 accepted (0.0000 %)). Current N = 0. Average N = 0.000
2021-03-25 17:24:13,798 - INFO: 10 move(s) completed (0 accepted (0.0000 %)). Current N = 0. Average N = 0.000
2021-03-25 17:24:32,116 - INFO: 11 move(s) completed (0 accepted (0.0000 %)). Current N = 0. Average N = 0.000
2021-03-25 17:24:47,131 - INFO: Move rejected due to water leaving the GCMC sphere
2021-03-25 17:24:50,525 - INFO: 12 move(s) completed (0 accepted (0.0000 %)). Current N = 0. Average N = 0.000
2021-03-25 17:24:56,379 - INFO: 13 move(s) completed (0 accepted (0.0000 %)). Current N = 0. Average N = 0.000
2021-03-25 17:25:02,052 - INFO: 14 move(s) completed (0 accepted (0.0000 %)). Current N = 0. Average N = 0.000
2021-03-25 17:25:16,985 - INFO: Move rejected due to water leaving the GCMC sphere
2021-03-25 17:25:20,562 - INFO: 15 move(s) completed (0 accepted (0.0000 %)). Current N = 0. Average N = 0.000
2021-03-25 17:25:26,339 - INFO: 16 move(s) completed (0 accepted (0.0000 %)). Current N = 0. Average N = 0.000
2021-03-25 17:25:32,096 - INFO: 17 move(s) completed (0 accepted (0.0000 %)). Current N = 0. Average N = 0.000
2021-03-25 17:25:50,260 - INFO: 18 move(s) completed (0 accepted (0.0000 %)). Current N = 0. Average N = 0.000
2021-03-25 17:25:56,118 - INFO: 19 move(s) completed (0 accepted (0.0000 %)). Current N = 0. Average N = 0.000
2021-03-25 17:26:01,785 - INFO: 20 move(s) completed (0 accepted (0.0000 %)). Current N = 0. Average N = 0.000
2021-03-25 17:26:16,738 - INFO: Move rejected due to water leaving the GCMC sphere
2021-03-25 17:26:20,431 - INFO: 21 move(s) completed (0 accepted (0.0000 %)). Current N = 0. Average N = 0.000
2021-03-25 17:26:26,148 - INFO: 22 move(s) completed (0 accepted (0.0000 %)). Current N = 0. Average N = 0.000
2021-03-25 17:26:41,193 - INFO: Move rejected due to water leaving the GCMC sphere
2021-03-25 17:26:44,669 - INFO: 23 move(s) completed (0 accepted (0.0000 %)). Current N = 0. Average N = 0.000
2021-03-25 17:26:50,360 - INFO: 24 move(s) completed (0 accepted (0.0000 %)). Current N = 0. Average N = 0.000
2021-03-25 17:27:09,162 - INFO: 25 move(s) completed (1 accepted (4.0000 %)). Current N = 1. Average N = 0.040
2021-03-25 17:27:24,490 - INFO: Move rejected due to water leaving the GCMC sphere
2021-03-25 17:27:28,130 - INFO: 26 move(s) completed (1 accepted (3.8462 %)). Current N = 1. Average N = 0.077
2021-03-25 17:27:47,204 - INFO: 27 move(s) completed (1 accepted (3.7037 %)). Current N = 1. Average N = 0.111
2021-03-25 17:28:05,481 - INFO: 28 move(s) completed (1 accepted (3.5714 %)). Current N = 1. Average N = 0.143
2021-03-25 17:28:23,725 - INFO: 29 move(s) completed (1 accepted (3.4483 %)). Current N = 1. Average N = 0.172
2021-03-25 17:28:41,966 - INFO: 30 move(s) completed (1 accepted (3.3333 %)). Current N = 1. Average N = 0.200
2021-03-25 17:29:01,196 - INFO: 31 move(s) completed (1 accepted (3.2258 %)). Current N = 1. Average N = 0.226
2021-03-25 17:29:19,939 - INFO: 32 move(s) completed (1 accepted (3.1250 %)). Current N = 1. Average N = 0.250
2021-03-25 17:29:38,758 - INFO: 33 move(s) completed (1 accepted (3.0303 %)). Current N = 1. Average N = 0.273
2021-03-25 17:29:57,674 - INFO: 34 move(s) completed (1 accepted (2.9412 %)). Current N = 1. Average N = 0.294
2021-03-25 17:30:16,879 - INFO: 35 move(s) completed (1 accepted (2.8571 %)). Current N = 1. Average N = 0.314
2021-03-25 17:30:32,320 - INFO: Move rejected due to water leaving the GCMC sphere
2021-03-25 17:30:35,955 - INFO: 36 move(s) completed (1 accepted (2.7778 %)). Current N = 1. Average N = 0.333
2021-03-25 17:30:53,874 - INFO: 37 move(s) completed (1 accepted (2.7027 %)). Current N = 1. Average N = 0.351
2021-03-25 17:31:08,914 - INFO: Move rejected due to water leaving the GCMC sphere
2021-03-25 17:31:12,497 - INFO: 38 move(s) completed (1 accepted (2.6316 %)). Current N = 1. Average N = 0.368
2021-03-25 17:31:27,434 - INFO: Move rejected due to water leaving the GCMC sphere
2021-03-25 17:31:30,874 - INFO: 39 move(s) completed (1 accepted (2.5641 %)). Current N = 1. Average N = 0.385
2021-03-25 17:31:49,438 - INFO: 40 move(s) completed (1 accepted (2.5000 %)). Current N = 1. Average N = 0.400
2021-03-25 17:32:04,431 - INFO: Move rejected due to water leaving the GCMC sphere
2021-03-25 17:32:08,132 - INFO: 41 move(s) completed (1 accepted (2.4390 %)). Current N = 1. Average N = 0.415
2021-03-25 17:32:26,285 - INFO: 42 move(s) completed (1 accepted (2.3810 %)). Current N = 1. Average N = 0.429
2021-03-25 17:32:41,311 - INFO: Move rejected due to water leaving the GCMC sphere
2021-03-25 17:32:44,898 - INFO: 43 move(s) completed (1 accepted (2.3256 %)). Current N = 1. Average N = 0.442
2021-03-25 17:33:03,206 - INFO: 44 move(s) completed (1 accepted (2.2727 %)). Current N = 1. Average N = 0.455
2021-03-25 17:33:21,778 - INFO: 45 move(s) completed (1 accepted (2.2222 %)). Current N = 1. Average N = 0.467
2021-03-25 17:33:40,632 - INFO: 46 move(s) completed (1 accepted (2.1739 %)). Current N = 1. Average N = 0.478
2021-03-25 17:33:55,150 - INFO: Move rejected due to water leaving the GCMC sphere
2021-03-25 17:33:58,872 - INFO: 47 move(s) completed (1 accepted (2.1277 %)). Current N = 1. Average N = 0.489
2021-03-25 17:34:17,844 - INFO: 48 move(s) completed (1 accepted (2.0833 %)). Current N = 1. Average N = 0.500
2021-03-25 17:34:33,133 - INFO: Move rejected due to water leaving the GCMC sphere
2021-03-25 17:34:36,731 - INFO: 49 move(s) completed (1 accepted (2.0408 %)). Current N = 1. Average N = 0.510
2021-03-25 17:34:54,616 - INFO: 50 move(s) completed (1 accepted (2.0000 %)). Current N = 1. Average N = 0.520
2021-03-25 17:35:13,413 - INFO: 51 move(s) completed (1 accepted (1.9608 %)). Current N = 1. Average N = 0.529
2021-03-25 17:35:32,163 - INFO: 52 move(s) completed (1 accepted (1.9231 %)). Current N = 1. Average N = 0.538
2021-03-25 17:35:50,183 - INFO: 53 move(s) completed (1 accepted (1.8868 %)). Current N = 1. Average N = 0.547
2021-03-25 17:36:05,584 - INFO: Move rejected due to water leaving the GCMC sphere
2021-03-25 17:36:09,259 - INFO: 54 move(s) completed (1 accepted (1.8519 %)). Current N = 1. Average N = 0.556
2021-03-25 17:36:28,197 - INFO: 55 move(s) completed (1 accepted (1.8182 %)). Current N = 1. Average N = 0.564
2021-03-25 17:36:43,815 - INFO: Move rejected due to water leaving the GCMC sphere
2021-03-25 17:36:47,292 - INFO: 56 move(s) completed (1 accepted (1.7857 %)). Current N = 1. Average N = 0.571
2021-03-25 17:37:06,401 - INFO: 57 move(s) completed (1 accepted (1.7544 %)). Current N = 1. Average N = 0.579
2021-03-25 17:37:21,119 - INFO: Move rejected due to water leaving the GCMC sphere
2021-03-25 17:37:24,797 - INFO: 58 move(s) completed (1 accepted (1.7241 %)). Current N = 1. Average N = 0.586
2021-03-25 17:37:42,995 - INFO: 59 move(s) completed (1 accepted (1.6949 %)). Current N = 1. Average N = 0.593
2021-03-25 17:37:57,816 - INFO: Move rejected due to water leaving the GCMC sphere
2021-03-25 17:38:01,192 - INFO: 60 move(s) completed (1 accepted (1.6667 %)). Current N = 1. Average N = 0.600
2021-03-25 17:38:16,085 - INFO: Move rejected due to water leaving the GCMC sphere
2021-03-25 17:38:19,724 - INFO: 61 move(s) completed (1 accepted (1.6393 %)). Current N = 1. Average N = 0.607
2021-03-25 17:38:38,229 - INFO: 62 move(s) completed (1 accepted (1.6129 %)). Current N = 1. Average N = 0.613
2021-03-25 17:38:56,913 - INFO: 63 move(s) completed (1 accepted (1.5873 %)). Current N = 1. Average N = 0.619
2021-03-25 17:39:11,476 - INFO: Move rejected due to water leaving the GCMC sphere
2021-03-25 17:39:15,137 - INFO: 64 move(s) completed (1 accepted (1.5625 %)). Current N = 1. Average N = 0.625
2021-03-25 17:39:34,026 - INFO: 65 move(s) completed (1 accepted (1.5385 %)). Current N = 1. Average N = 0.631
2021-03-25 17:39:52,517 - INFO: 66 move(s) completed (1 accepted (1.5152 %)). Current N = 1. Average N = 0.636
2021-03-25 17:40:07,616 - INFO: Move rejected due to water leaving the GCMC sphere
2021-03-25 17:40:11,192 - INFO: 67 move(s) completed (1 accepted (1.4925 %)). Current N = 1. Average N = 0.642
2021-03-25 17:40:26,431 - INFO: Move rejected due to water leaving the GCMC sphere
2021-03-25 17:40:29,908 - INFO: 68 move(s) completed (1 accepted (1.4706 %)). Current N = 1. Average N = 0.647
2021-03-25 17:40:48,779 - INFO: 69 move(s) completed (1 accepted (1.4493 %)). Current N = 1. Average N = 0.652
2021-03-25 17:41:03,959 - INFO: Move rejected due to water leaving the GCMC sphere
2021-03-25 17:41:07,494 - INFO: 70 move(s) completed (1 accepted (1.4286 %)). Current N = 1. Average N = 0.657
2021-03-25 17:41:26,508 - INFO: 71 move(s) completed (1 accepted (1.4085 %)). Current N = 1. Average N = 0.662
2021-03-25 17:41:41,024 - INFO: Move rejected due to water leaving the GCMC sphere
2021-03-25 17:41:44,505 - INFO: 72 move(s) completed (1 accepted (1.3889 %)). Current N = 1. Average N = 0.667
2021-03-25 17:42:02,842 - INFO: 73 move(s) completed (1 accepted (1.3699 %)). Current N = 1. Average N = 0.671
2021-03-25 17:42:21,053 - INFO: 74 move(s) completed (1 accepted (1.3514 %)). Current N = 1. Average N = 0.676
2021-03-25 17:42:36,552 - INFO: Move rejected due to water leaving the GCMC sphere
2021-03-25 17:42:40,194 - INFO: 75 move(s) completed (1 accepted (1.3333 %)). Current N = 1. Average N = 0.680
2021-03-25 17:42:59,233 - INFO: 76 move(s) completed (1 accepted (1.3158 %)). Current N = 1. Average N = 0.684
2021-03-25 17:43:18,239 - INFO: 77 move(s) completed (1 accepted (1.2987 %)). Current N = 1. Average N = 0.688
2021-03-25 17:43:33,817 - INFO: Move rejected due to water leaving the GCMC sphere
2021-03-25 17:43:37,312 - INFO: 78 move(s) completed (1 accepted (1.2821 %)). Current N = 1. Average N = 0.692
2021-03-25 17:43:56,634 - INFO: 79 move(s) completed (1 accepted (1.2658 %)). Current N = 1. Average N = 0.696
2021-03-25 17:44:11,409 - INFO: Move rejected due to water leaving the GCMC sphere
2021-03-25 17:44:14,929 - INFO: 80 move(s) completed (1 accepted (1.2500 %)). Current N = 1. Average N = 0.700
2021-03-25 17:44:33,196 - INFO: 81 move(s) completed (1 accepted (1.2346 %)). Current N = 1. Average N = 0.704
2021-03-25 17:44:51,586 - INFO: 82 move(s) completed (1 accepted (1.2195 %)). Current N = 1. Average N = 0.707
2021-03-25 17:45:09,588 - INFO: 83 move(s) completed (1 accepted (1.2048 %)). Current N = 1. Average N = 0.711
2021-03-25 17:45:27,923 - INFO: 84 move(s) completed (1 accepted (1.1905 %)). Current N = 1. Average N = 0.714
2021-03-25 17:45:42,389 - INFO: Move rejected due to water leaving the GCMC sphere
2021-03-25 17:45:45,951 - INFO: 85 move(s) completed (1 accepted (1.1765 %)). Current N = 1. Average N = 0.718
2021-03-25 17:46:00,957 - INFO: Move rejected due to water leaving the GCMC sphere
2021-03-25 17:46:04,521 - INFO: 86 move(s) completed (1 accepted (1.1628 %)). Current N = 1. Average N = 0.721
2021-03-25 17:46:22,883 - INFO: 87 move(s) completed (1 accepted (1.1494 %)). Current N = 1. Average N = 0.724
2021-03-25 17:46:41,421 - INFO: 88 move(s) completed (1 accepted (1.1364 %)). Current N = 1. Average N = 0.727
2021-03-25 17:46:59,777 - INFO: 89 move(s) completed (1 accepted (1.1236 %)). Current N = 1. Average N = 0.730
2021-03-25 17:47:18,239 - INFO: 90 move(s) completed (1 accepted (1.1111 %)). Current N = 1. Average N = 0.733
2021-03-25 17:47:33,509 - INFO: Move rejected due to water leaving the GCMC sphere
2021-03-25 17:47:36,912 - INFO: 91 move(s) completed (1 accepted (1.0989 %)). Current N = 1. Average N = 0.736
2021-03-25 17:47:52,185 - INFO: Move rejected due to water leaving the GCMC sphere
2021-03-25 17:47:55,835 - INFO: 92 move(s) completed (1 accepted (1.0870 %)). Current N = 1. Average N = 0.739
2021-03-25 17:48:14,670 - INFO: 93 move(s) completed (1 accepted (1.0753 %)). Current N = 1. Average N = 0.742
2021-03-25 17:48:32,924 - INFO: 94 move(s) completed (1 accepted (1.0638 %)). Current N = 1. Average N = 0.745
2021-03-25 17:48:48,205 - INFO: Move rejected due to water leaving the GCMC sphere
2021-03-25 17:48:51,957 - INFO: 95 move(s) completed (1 accepted (1.0526 %)). Current N = 1. Average N = 0.747
2021-03-25 17:49:10,665 - INFO: 96 move(s) completed (1 accepted (1.0417 %)). Current N = 1. Average N = 0.750
2021-03-25 17:49:29,500 - INFO: 97 move(s) completed (1 accepted (1.0309 %)). Current N = 1. Average N = 0.753
2021-03-25 17:49:48,392 - INFO: 98 move(s) completed (1 accepted (1.0204 %)). Current N = 1. Average N = 0.755
2021-03-25 17:50:07,387 - INFO: 99 move(s) completed (1 accepted (1.0101 %)). Current N = 1. Average N = 0.758
2021-03-25 17:50:26,228 - INFO: 100 move(s) completed (1 accepted (1.0000 %)). Current N = 1. Average N = 0.760
2021-03-25 17:50:41,238 - INFO: Move rejected due to water leaving the GCMC sphere
2021-03-25 17:50:44,822 - INFO: 101 move(s) completed (1 accepted (0.9901 %)). Current N = 1. Average N = 0.762
2021-03-25 17:51:02,763 - INFO: 102 move(s) completed (2 accepted (1.9608 %)). Current N = 2. Average N = 0.774
2021-03-25 17:51:21,130 - INFO: 103 move(s) completed (2 accepted (1.9417 %)). Current N = 2. Average N = 0.786
2021-03-25 17:51:39,548 - INFO: 104 move(s) completed (2 accepted (1.9231 %)). Current N = 2. Average N = 0.798
2021-03-25 17:51:54,334 - INFO: Move rejected due to water leaving the GCMC sphere
2021-03-25 17:51:57,834 - INFO: 105 move(s) completed (2 accepted (1.9048 %)). Current N = 2. Average N = 0.809
2021-03-25 17:52:16,452 - INFO: 106 move(s) completed (2 accepted (1.8868 %)). Current N = 2. Average N = 0.821
2021-03-25 17:52:34,717 - INFO: 107 move(s) completed (2 accepted (1.8692 %)). Current N = 2. Average N = 0.832
2021-03-25 17:52:53,140 - INFO: 108 move(s) completed (2 accepted (1.8519 %)). Current N = 2. Average N = 0.843
2021-03-25 17:53:11,174 - INFO: 109 move(s) completed (2 accepted (1.8349 %)). Current N = 2. Average N = 0.853
2021-03-25 17:53:26,149 - INFO: Move rejected due to water leaving the GCMC sphere
2021-03-25 17:53:29,679 - INFO: 110 move(s) completed (2 accepted (1.8182 %)). Current N = 2. Average N = 0.864
2021-03-25 17:53:48,476 - INFO: 111 move(s) completed (2 accepted (1.8018 %)). Current N = 2. Average N = 0.874
2021-03-25 17:54:07,070 - INFO: 112 move(s) completed (2 accepted (1.7857 %)). Current N = 2. Average N = 0.884
2021-03-25 17:54:22,314 - INFO: Move rejected due to water leaving the GCMC sphere
2021-03-25 17:54:25,767 - INFO: 113 move(s) completed (2 accepted (1.7699 %)). Current N = 2. Average N = 0.894
2021-03-25 17:54:44,610 - INFO: 114 move(s) completed (2 accepted (1.7544 %)). Current N = 2. Average N = 0.903
2021-03-25 17:55:03,283 - INFO: 115 move(s) completed (3 accepted (2.6087 %)). Current N = 3. Average N = 0.922
2021-03-25 17:55:22,122 - INFO: 116 move(s) completed (3 accepted (2.5862 %)). Current N = 3. Average N = 0.940
2021-03-25 17:55:38,728 - INFO: Move rejected due to water leaving the GCMC sphere
2021-03-25 17:55:42,218 - INFO: 117 move(s) completed (3 accepted (2.5641 %)). Current N = 3. Average N = 0.957
2021-03-25 17:56:01,251 - INFO: 118 move(s) completed (3 accepted (2.5424 %)). Current N = 3. Average N = 0.975
2021-03-25 17:56:16,519 - INFO: Move rejected due to water leaving the GCMC sphere
2021-03-25 17:56:20,145 - INFO: 119 move(s) completed (3 accepted (2.5210 %)). Current N = 3. Average N = 0.992
2021-03-25 17:56:38,173 - INFO: 120 move(s) completed (3 accepted (2.5000 %)). Current N = 3. Average N = 1.008
2021-03-25 17:56:57,384 - INFO: 121 move(s) completed (3 accepted (2.4793 %)). Current N = 3. Average N = 1.025
2021-03-25 17:57:15,448 - INFO: 122 move(s) completed (3 accepted (2.4590 %)). Current N = 3. Average N = 1.041
2021-03-25 17:57:30,324 - INFO: Move rejected due to water leaving the GCMC sphere
2021-03-25 17:57:33,873 - INFO: 123 move(s) completed (3 accepted (2.4390 %)). Current N = 3. Average N = 1.057
2021-03-25 17:57:48,934 - INFO: Move rejected due to water leaving the GCMC sphere
2021-03-25 17:57:52,590 - INFO: 124 move(s) completed (3 accepted (2.4194 %)). Current N = 3. Average N = 1.073
2021-03-25 17:58:11,009 - INFO: 125 move(s) completed (3 accepted (2.4000 %)). Current N = 3. Average N = 1.088
2021-03-25 17:58:29,537 - INFO: 126 move(s) completed (3 accepted (2.3810 %)). Current N = 3. Average N = 1.103
2021-03-25 17:58:44,549 - INFO: Move rejected due to water leaving the GCMC sphere
2021-03-25 17:58:48,187 - INFO: 127 move(s) completed (3 accepted (2.3622 %)). Current N = 3. Average N = 1.118
2021-03-25 17:59:02,989 - INFO: Move rejected due to water leaving the GCMC sphere
2021-03-25 17:59:06,536 - INFO: 128 move(s) completed (3 accepted (2.3438 %)). Current N = 3. Average N = 1.133
2021-03-25 17:59:25,016 - INFO: 129 move(s) completed (4 accepted (3.1008 %)). Current N = 2. Average N = 1.139
2021-03-25 17:59:43,671 - INFO: 130 move(s) completed (4 accepted (3.0769 %)). Current N = 2. Average N = 1.146
2021-03-25 18:00:02,376 - INFO: 131 move(s) completed (4 accepted (3.0534 %)). Current N = 2. Average N = 1.153
2021-03-25 18:00:20,762 - INFO: 132 move(s) completed (4 accepted (3.0303 %)). Current N = 2. Average N = 1.159
2021-03-25 18:00:36,270 - INFO: Move rejected due to water leaving the GCMC sphere
2021-03-25 18:00:39,820 - INFO: 133 move(s) completed (4 accepted (3.0075 %)). Current N = 2. Average N = 1.165
2021-03-25 18:00:58,875 - INFO: 134 move(s) completed (4 accepted (2.9851 %)). Current N = 2. Average N = 1.172
2021-03-25 18:01:17,467 - INFO: 135 move(s) completed (4 accepted (2.9630 %)). Current N = 2. Average N = 1.178
2021-03-25 18:01:36,299 - INFO: 136 move(s) completed (4 accepted (2.9412 %)). Current N = 2. Average N = 1.184
2021-03-25 18:01:51,428 - INFO: Move rejected due to water leaving the GCMC sphere
2021-03-25 18:01:54,956 - INFO: 137 move(s) completed (4 accepted (2.9197 %)). Current N = 2. Average N = 1.190
2021-03-25 18:02:13,869 - INFO: 138 move(s) completed (4 accepted (2.8986 %)). Current N = 2. Average N = 1.196
2021-03-25 18:02:32,818 - INFO: 139 move(s) completed (4 accepted (2.8777 %)). Current N = 2. Average N = 1.201
2021-03-25 18:02:48,262 - INFO: Move rejected due to water leaving the GCMC sphere
2021-03-25 18:02:51,910 - INFO: 140 move(s) completed (4 accepted (2.8571 %)). Current N = 2. Average N = 1.207
2021-03-25 18:03:10,189 - INFO: 141 move(s) completed (4 accepted (2.8369 %)). Current N = 2. Average N = 1.213
2021-03-25 18:03:28,282 - INFO: 142 move(s) completed (4 accepted (2.8169 %)). Current N = 2. Average N = 1.218
2021-03-25 18:03:42,800 - INFO: Move rejected due to water leaving the GCMC sphere
2021-03-25 18:03:46,321 - INFO: 143 move(s) completed (4 accepted (2.7972 %)). Current N = 2. Average N = 1.224
2021-03-25 18:04:04,650 - INFO: 144 move(s) completed (4 accepted (2.7778 %)). Current N = 2. Average N = 1.229
2021-03-25 18:04:19,459 - INFO: Move rejected due to water leaving the GCMC sphere
2021-03-25 18:04:22,969 - INFO: 145 move(s) completed (4 accepted (2.7586 %)). Current N = 2. Average N = 1.234
2021-03-25 18:04:37,754 - INFO: Move rejected due to water leaving the GCMC sphere
2021-03-25 18:04:41,242 - INFO: 146 move(s) completed (4 accepted (2.7397 %)). Current N = 2. Average N = 1.240
2021-03-25 18:04:59,685 - INFO: 147 move(s) completed (4 accepted (2.7211 %)). Current N = 2. Average N = 1.245
2021-03-25 18:05:18,062 - INFO: 148 move(s) completed (4 accepted (2.7027 %)). Current N = 2. Average N = 1.250
2021-03-25 18:05:36,317 - INFO: 149 move(s) completed (4 accepted (2.6846 %)). Current N = 2. Average N = 1.255
2021-03-25 18:05:54,434 - INFO: 150 move(s) completed (4 accepted (2.6667 %)). Current N = 2. Average N = 1.260
2021-03-25 18:06:12,709 - INFO: 151 move(s) completed (4 accepted (2.6490 %)). Current N = 2. Average N = 1.265
2021-03-25 18:06:30,737 - INFO: 152 move(s) completed (4 accepted (2.6316 %)). Current N = 2. Average N = 1.270
2021-03-25 18:06:45,957 - INFO: Move rejected due to water leaving the GCMC sphere
2021-03-25 18:06:49,424 - INFO: 153 move(s) completed (4 accepted (2.6144 %)). Current N = 2. Average N = 1.274
2021-03-25 18:07:08,260 - INFO: 154 move(s) completed (4 accepted (2.5974 %)). Current N = 2. Average N = 1.279
2021-03-25 18:07:26,390 - INFO: 155 move(s) completed (4 accepted (2.5806 %)). Current N = 2. Average N = 1.284
2021-03-25 18:07:45,336 - INFO: 156 move(s) completed (4 accepted (2.5641 %)). Current N = 2. Average N = 1.288
2021-03-25 18:08:04,392 - INFO: 157 move(s) completed (4 accepted (2.5478 %)). Current N = 2. Average N = 1.293
2021-03-25 18:08:19,758 - INFO: Move rejected due to water leaving the GCMC sphere
2021-03-25 18:08:23,259 - INFO: 158 move(s) completed (4 accepted (2.5316 %)). Current N = 2. Average N = 1.298
2021-03-25 18:08:41,903 - INFO: 159 move(s) completed (4 accepted (2.5157 %)). Current N = 2. Average N = 1.302
2021-03-25 18:09:01,164 - INFO: 160 move(s) completed (4 accepted (2.5000 %)). Current N = 2. Average N = 1.306
2021-03-25 18:09:20,316 - INFO: 161 move(s) completed (4 accepted (2.4845 %)). Current N = 2. Average N = 1.311
2021-03-25 18:09:39,215 - INFO: 162 move(s) completed (4 accepted (2.4691 %)). Current N = 2. Average N = 1.315
2021-03-25 18:09:58,294 - INFO: 163 move(s) completed (4 accepted (2.4540 %)). Current N = 2. Average N = 1.319
2021-03-25 18:10:13,720 - INFO: Move rejected due to water leaving the GCMC sphere
2021-03-25 18:10:17,320 - INFO: 164 move(s) completed (4 accepted (2.4390 %)). Current N = 2. Average N = 1.323
2021-03-25 18:10:35,765 - INFO: 165 move(s) completed (4 accepted (2.4242 %)). Current N = 2. Average N = 1.327
2021-03-25 18:10:53,951 - INFO: 166 move(s) completed (4 accepted (2.4096 %)). Current N = 2. Average N = 1.331
2021-03-25 18:11:12,135 - INFO: 167 move(s) completed (4 accepted (2.3952 %)). Current N = 2. Average N = 1.335
2021-03-25 18:11:27,025 - INFO: Move rejected due to water leaving the GCMC sphere
2021-03-25 18:11:30,600 - INFO: 168 move(s) completed (4 accepted (2.3810 %)). Current N = 2. Average N = 1.339
2021-03-25 18:11:49,277 - INFO: 169 move(s) completed (4 accepted (2.3669 %)). Current N = 2. Average N = 1.343
2021-03-25 18:12:07,555 - INFO: 170 move(s) completed (4 accepted (2.3529 %)). Current N = 2. Average N = 1.347
2021-03-25 18:12:22,263 - INFO: Move rejected due to water leaving the GCMC sphere
2021-03-25 18:12:25,919 - INFO: 171 move(s) completed (4 accepted (2.3392 %)). Current N = 2. Average N = 1.351
2021-03-25 18:12:44,816 - INFO: 172 move(s) completed (4 accepted (2.3256 %)). Current N = 2. Average N = 1.355
2021-03-25 18:12:59,957 - INFO: Move rejected due to water leaving the GCMC sphere
2021-03-25 18:13:03,585 - INFO: 173 move(s) completed (4 accepted (2.3121 %)). Current N = 2. Average N = 1.358
2021-03-25 18:13:22,116 - INFO: 174 move(s) completed (4 accepted (2.2989 %)). Current N = 2. Average N = 1.362
2021-03-25 18:13:37,317 - INFO: Move rejected due to water leaving the GCMC sphere
2021-03-25 18:13:40,709 - INFO: 175 move(s) completed (4 accepted (2.2857 %)). Current N = 2. Average N = 1.366
2021-03-25 18:13:56,052 - INFO: Move rejected due to water leaving the GCMC sphere
2021-03-25 18:13:59,712 - INFO: 176 move(s) completed (4 accepted (2.2727 %)). Current N = 2. Average N = 1.369
2021-03-25 18:14:15,203 - INFO: Move rejected due to water leaving the GCMC sphere
2021-03-25 18:14:18,773 - INFO: 177 move(s) completed (4 accepted (2.2599 %)). Current N = 2. Average N = 1.373
2021-03-25 18:14:37,759 - INFO: 178 move(s) completed (4 accepted (2.2472 %)). Current N = 2. Average N = 1.376
2021-03-25 18:14:56,060 - INFO: 179 move(s) completed (4 accepted (2.2346 %)). Current N = 2. Average N = 1.380
2021-03-25 18:15:14,419 - INFO: 180 move(s) completed (4 accepted (2.2222 %)). Current N = 2. Average N = 1.383
2021-03-25 18:15:29,831 - INFO: Move rejected due to water leaving the GCMC sphere
2021-03-25 18:15:33,301 - INFO: 181 move(s) completed (4 accepted (2.2099 %)). Current N = 2. Average N = 1.387
2021-03-25 18:15:48,402 - INFO: Move rejected due to water leaving the GCMC sphere
2021-03-25 18:15:51,900 - INFO: 182 move(s) completed (4 accepted (2.1978 %)). Current N = 2. Average N = 1.390
2021-03-25 18:16:10,990 - INFO: 183 move(s) completed (4 accepted (2.1858 %)). Current N = 2. Average N = 1.393
2021-03-25 18:16:30,198 - INFO: 184 move(s) completed (4 accepted (2.1739 %)). Current N = 2. Average N = 1.397
2021-03-25 18:16:49,187 - INFO: 185 move(s) completed (4 accepted (2.1622 %)). Current N = 2. Average N = 1.400
2021-03-25 18:17:03,874 - INFO: Move rejected due to water leaving the GCMC sphere
2021-03-25 18:17:07,298 - INFO: 186 move(s) completed (4 accepted (2.1505 %)). Current N = 2. Average N = 1.403
2021-03-25 18:17:25,572 - INFO: 187 move(s) completed (4 accepted (2.1390 %)). Current N = 2. Average N = 1.406
2021-03-25 18:17:44,044 - INFO: 188 move(s) completed (4 accepted (2.1277 %)). Current N = 2. Average N = 1.410
2021-03-25 18:18:02,386 - INFO: 189 move(s) completed (4 accepted (2.1164 %)). Current N = 2. Average N = 1.413
2021-03-25 18:18:20,648 - INFO: 190 move(s) completed (4 accepted (2.1053 %)). Current N = 2. Average N = 1.416
2021-03-25 18:18:39,046 - INFO: 191 move(s) completed (4 accepted (2.0942 %)). Current N = 2. Average N = 1.419
2021-03-25 18:18:57,362 - INFO: 192 move(s) completed (4 accepted (2.0833 %)). Current N = 2. Average N = 1.422
2021-03-25 18:19:15,920 - INFO: 193 move(s) completed (4 accepted (2.0725 %)). Current N = 2. Average N = 1.425
2021-03-25 18:19:34,527 - INFO: 194 move(s) completed (4 accepted (2.0619 %)). Current N = 2. Average N = 1.428
2021-03-25 18:19:52,809 - INFO: 195 move(s) completed (4 accepted (2.0513 %)). Current N = 2. Average N = 1.431
2021-03-25 18:20:08,167 - INFO: Move rejected due to water leaving the GCMC sphere
2021-03-25 18:20:11,723 - INFO: 196 move(s) completed (4 accepted (2.0408 %)). Current N = 2. Average N = 1.434
2021-03-25 18:20:30,216 - INFO: 197 move(s) completed (4 accepted (2.0305 %)). Current N = 2. Average N = 1.437
2021-03-25 18:20:49,062 - INFO: 198 move(s) completed (4 accepted (2.0202 %)). Current N = 2. Average N = 1.439
2021-03-25 18:21:04,424 - INFO: Move rejected due to water leaving the GCMC sphere
2021-03-25 18:21:08,072 - INFO: 199 move(s) completed (4 accepted (2.0101 %)). Current N = 2. Average N = 1.442
2021-03-25 18:21:26,859 - INFO: 200 move(s) completed (4 accepted (2.0000 %)). Current N = 2. Average N = 1.445
2021-03-25 18:21:42,223 - INFO: Move rejected due to water leaving the GCMC sphere
2021-03-25 18:21:45,752 - INFO: 201 move(s) completed (4 accepted (1.9900 %)). Current N = 2. Average N = 1.448
2021-03-25 18:22:00,652 - INFO: Move rejected due to water leaving the GCMC sphere
2021-03-25 18:22:04,173 - INFO: 202 move(s) completed (4 accepted (1.9802 %)). Current N = 2. Average N = 1.450
2021-03-25 18:22:23,033 - INFO: 203 move(s) completed (4 accepted (1.9704 %)). Current N = 2. Average N = 1.453
2021-03-25 18:22:38,338 - INFO: Move rejected due to water leaving the GCMC sphere
2021-03-25 18:22:41,912 - INFO: 204 move(s) completed (4 accepted (1.9608 %)). Current N = 2. Average N = 1.456
2021-03-25 18:23:00,852 - INFO: 205 move(s) completed (4 accepted (1.9512 %)). Current N = 2. Average N = 1.458
2021-03-25 18:23:19,980 - INFO: 206 move(s) completed (4 accepted (1.9417 %)). Current N = 2. Average N = 1.461
2021-03-25 18:23:38,098 - INFO: 207 move(s) completed (4 accepted (1.9324 %)). Current N = 2. Average N = 1.464
2021-03-25 18:23:56,370 - INFO: 208 move(s) completed (4 accepted (1.9231 %)). Current N = 2. Average N = 1.466
2021-03-25 18:24:10,962 - INFO: Move rejected due to water leaving the GCMC sphere
2021-03-25 18:24:14,504 - INFO: 209 move(s) completed (4 accepted (1.9139 %)). Current N = 2. Average N = 1.469
2021-03-25 18:24:29,362 - INFO: Move rejected due to water leaving the GCMC sphere
2021-03-25 18:24:33,003 - INFO: 210 move(s) completed (4 accepted (1.9048 %)). Current N = 2. Average N = 1.471
2021-03-25 18:24:51,525 - INFO: 211 move(s) completed (4 accepted (1.8957 %)). Current N = 2. Average N = 1.474
2021-03-25 18:25:09,955 - INFO: 212 move(s) completed (4 accepted (1.8868 %)). Current N = 2. Average N = 1.476
2021-03-25 18:25:24,879 - INFO: Move rejected due to water leaving the GCMC sphere
2021-03-25 18:25:28,561 - INFO: 213 move(s) completed (4 accepted (1.8779 %)). Current N = 2. Average N = 1.479
2021-03-25 18:25:47,237 - INFO: 214 move(s) completed (4 accepted (1.8692 %)). Current N = 2. Average N = 1.481
2021-03-25 18:26:05,803 - INFO: 215 move(s) completed (4 accepted (1.8605 %)). Current N = 2. Average N = 1.484
2021-03-25 18:26:24,431 - INFO: 216 move(s) completed (4 accepted (1.8519 %)). Current N = 2. Average N = 1.486
2021-03-25 18:26:43,085 - INFO: 217 move(s) completed (4 accepted (1.8433 %)). Current N = 2. Average N = 1.488
2021-03-25 18:26:58,180 - INFO: Move rejected due to water leaving the GCMC sphere
2021-03-25 18:27:01,782 - INFO: 218 move(s) completed (4 accepted (1.8349 %)). Current N = 2. Average N = 1.491
2021-03-25 18:27:20,700 - INFO: 219 move(s) completed (4 accepted (1.8265 %)). Current N = 2. Average N = 1.493
2021-03-25 18:27:39,674 - INFO: 220 move(s) completed (5 accepted (2.2727 %)). Current N = 3. Average N = 1.500
2021-03-25 18:27:54,796 - INFO: Move rejected due to water leaving the GCMC sphere
2021-03-25 18:27:58,215 - INFO: 221 move(s) completed (5 accepted (2.2624 %)). Current N = 3. Average N = 1.507
2021-03-25 18:28:16,874 - INFO: 222 move(s) completed (5 accepted (2.2523 %)). Current N = 3. Average N = 1.514
2021-03-25 18:28:34,774 - INFO: 223 move(s) completed (5 accepted (2.2422 %)). Current N = 3. Average N = 1.520
2021-03-25 18:28:50,237 - INFO: Move rejected due to water leaving the GCMC sphere
2021-03-25 18:28:53,630 - INFO: 224 move(s) completed (5 accepted (2.2321 %)). Current N = 3. Average N = 1.527
2021-03-25 18:29:12,707 - INFO: 225 move(s) completed (6 accepted (2.6667 %)). Current N = 2. Average N = 1.529
2021-03-25 18:29:31,634 - INFO: 226 move(s) completed (6 accepted (2.6549 %)). Current N = 2. Average N = 1.531
2021-03-25 18:29:46,440 - INFO: Move rejected due to water leaving the GCMC sphere
2021-03-25 18:29:49,883 - INFO: 227 move(s) completed (6 accepted (2.6432 %)). Current N = 2. Average N = 1.533
2021-03-25 18:30:05,428 - INFO: Move rejected due to water leaving the GCMC sphere
2021-03-25 18:30:08,994 - INFO: 228 move(s) completed (6 accepted (2.6316 %)). Current N = 2. Average N = 1.535
2021-03-25 18:30:24,512 - INFO: Move rejected due to water leaving the GCMC sphere
2021-03-25 18:30:28,044 - INFO: 229 move(s) completed (6 accepted (2.6201 %)). Current N = 2. Average N = 1.537
2021-03-25 18:30:46,195 - INFO: 230 move(s) completed (6 accepted (2.6087 %)). Current N = 2. Average N = 1.539
2021-03-25 18:31:04,367 - INFO: 231 move(s) completed (6 accepted (2.5974 %)). Current N = 2. Average N = 1.541
2021-03-25 18:31:22,488 - INFO: 232 move(s) completed (6 accepted (2.5862 %)). Current N = 2. Average N = 1.543
2021-03-25 18:31:37,450 - INFO: Move rejected due to water leaving the GCMC sphere
2021-03-25 18:31:41,016 - INFO: 233 move(s) completed (6 accepted (2.5751 %)). Current N = 2. Average N = 1.545
2021-03-25 18:31:59,465 - INFO: 234 move(s) completed (6 accepted (2.5641 %)). Current N = 2. Average N = 1.547
2021-03-25 18:32:17,597 - INFO: 235 move(s) completed (6 accepted (2.5532 %)). Current N = 2. Average N = 1.549
2021-03-25 18:32:35,836 - INFO: 236 move(s) completed (6 accepted (2.5424 %)). Current N = 2. Average N = 1.551
2021-03-25 18:32:54,241 - INFO: 237 move(s) completed (6 accepted (2.5316 %)). Current N = 2. Average N = 1.553
2021-03-25 18:33:09,443 - INFO: Move rejected due to water leaving the GCMC sphere
2021-03-25 18:33:13,087 - INFO: 238 move(s) completed (6 accepted (2.5210 %)). Current N = 2. Average N = 1.555
2021-03-25 18:33:31,493 - INFO: 239 move(s) completed (6 accepted (2.5105 %)). Current N = 2. Average N = 1.556
2021-03-25 18:33:50,216 - INFO: 240 move(s) completed (6 accepted (2.5000 %)). Current N = 2. Average N = 1.558
2021-03-25 18:34:08,949 - INFO: 241 move(s) completed (6 accepted (2.4896 %)). Current N = 2. Average N = 1.560
2021-03-25 18:34:27,895 - INFO: 242 move(s) completed (6 accepted (2.4793 %)). Current N = 2. Average N = 1.562
2021-03-25 18:34:46,707 - INFO: 243 move(s) completed (6 accepted (2.4691 %)). Current N = 2. Average N = 1.564
2021-03-25 18:35:05,513 - INFO: 244 move(s) completed (6 accepted (2.4590 %)). Current N = 2. Average N = 1.566
2021-03-25 18:35:20,943 - INFO: Move rejected due to water leaving the GCMC sphere
2021-03-25 18:35:24,547 - INFO: 245 move(s) completed (6 accepted (2.4490 %)). Current N = 2. Average N = 1.567
2021-03-25 18:35:43,262 - INFO: 246 move(s) completed (6 accepted (2.4390 %)). Current N = 2. Average N = 1.569
2021-03-25 18:35:58,781 - INFO: Move rejected due to water leaving the GCMC sphere
2021-03-25 18:36:02,336 - INFO: 247 move(s) completed (6 accepted (2.4291 %)). Current N = 2. Average N = 1.571
2021-03-25 18:36:17,713 - INFO: Move rejected due to water leaving the GCMC sphere
2021-03-25 18:36:21,257 - INFO: 248 move(s) completed (6 accepted (2.4194 %)). Current N = 2. Average N = 1.573
2021-03-25 18:36:36,775 - INFO: Move rejected due to water leaving the GCMC sphere
2021-03-25 18:36:40,402 - INFO: 249 move(s) completed (6 accepted (2.4096 %)). Current N = 2. Average N = 1.574
2021-03-25 18:36:59,562 - INFO: 250 move(s) completed (6 accepted (2.4000 %)). Current N = 2. Average N = 1.576
2021-03-25 18:37:14,028 - INFO: Move rejected due to water leaving the GCMC sphere
2021-03-25 18:37:17,602 - INFO: 251 move(s) completed (6 accepted (2.3904 %)). Current N = 2. Average N = 1.578
2021-03-25 18:37:31,988 - INFO: Move rejected due to water leaving the GCMC sphere
2021-03-25 18:37:35,636 - INFO: 252 move(s) completed (6 accepted (2.3810 %)). Current N = 2. Average N = 1.579
2021-03-25 18:37:50,620 - INFO: Move rejected due to water leaving the GCMC sphere
2021-03-25 18:37:54,263 - INFO: 253 move(s) completed (6 accepted (2.3715 %)). Current N = 2. Average N = 1.581
2021-03-25 18:38:13,019 - INFO: 254 move(s) completed (6 accepted (2.3622 %)). Current N = 2. Average N = 1.583
2021-03-25 18:38:31,511 - INFO: 255 move(s) completed (6 accepted (2.3529 %)). Current N = 2. Average N = 1.584
2021-03-25 18:38:46,613 - INFO: Move rejected due to water leaving the GCMC sphere
2021-03-25 18:38:50,184 - INFO: 256 move(s) completed (6 accepted (2.3438 %)). Current N = 2. Average N = 1.586
2021-03-25 18:39:08,906 - INFO: 257 move(s) completed (6 accepted (2.3346 %)). Current N = 2. Average N = 1.587
2021-03-25 18:39:27,383 - INFO: 258 move(s) completed (6 accepted (2.3256 %)). Current N = 2. Average N = 1.589
2021-03-25 18:39:45,975 - INFO: 259 move(s) completed (6 accepted (2.3166 %)). Current N = 2. Average N = 1.591
2021-03-25 18:40:04,552 - INFO: 260 move(s) completed (6 accepted (2.3077 %)). Current N = 2. Average N = 1.592
2021-03-25 18:40:19,737 - INFO: Move rejected due to water leaving the GCMC sphere
2021-03-25 18:40:23,331 - INFO: 261 move(s) completed (6 accepted (2.2989 %)). Current N = 2. Average N = 1.594
2021-03-25 18:40:42,058 - INFO: 262 move(s) completed (6 accepted (2.2901 %)). Current N = 2. Average N = 1.595
2021-03-25 18:40:57,378 - INFO: Move rejected due to water leaving the GCMC sphere
2021-03-25 18:41:01,086 - INFO: 263 move(s) completed (6 accepted (2.2814 %)). Current N = 2. Average N = 1.597
2021-03-25 18:41:20,086 - INFO: 264 move(s) completed (6 accepted (2.2727 %)). Current N = 2. Average N = 1.599
2021-03-25 18:41:38,384 - INFO: 265 move(s) completed (6 accepted (2.2642 %)). Current N = 2. Average N = 1.600
2021-03-25 18:41:53,829 - INFO: Move rejected due to water leaving the GCMC sphere
2021-03-25 18:41:57,507 - INFO: 266 move(s) completed (6 accepted (2.2556 %)). Current N = 2. Average N = 1.601
2021-03-25 18:42:16,486 - INFO: 267 move(s) completed (7 accepted (2.6217 %)). Current N = 3. Average N = 1.607
2021-03-25 18:42:35,731 - INFO: 268 move(s) completed (7 accepted (2.6119 %)). Current N = 3. Average N = 1.612
2021-03-25 18:42:51,070 - INFO: Move rejected due to water leaving the GCMC sphere
2021-03-25 18:42:54,553 - INFO: 269 move(s) completed (7 accepted (2.6022 %)). Current N = 3. Average N = 1.617
2021-03-25 18:43:10,145 - INFO: Move rejected due to water leaving the GCMC sphere
2021-03-25 18:43:13,595 - INFO: 270 move(s) completed (7 accepted (2.5926 %)). Current N = 3. Average N = 1.622
2021-03-25 18:43:32,778 - INFO: 271 move(s) completed (7 accepted (2.5830 %)). Current N = 3. Average N = 1.627
2021-03-25 18:43:52,084 - INFO: 272 move(s) completed (7 accepted (2.5735 %)). Current N = 3. Average N = 1.632
2021-03-25 18:44:10,510 - INFO: 273 move(s) completed (7 accepted (2.5641 %)). Current N = 3. Average N = 1.637
2021-03-25 18:44:25,356 - INFO: Move rejected due to water leaving the GCMC sphere
2021-03-25 18:44:28,858 - INFO: 274 move(s) completed (7 accepted (2.5547 %)). Current N = 3. Average N = 1.642
2021-03-25 18:44:47,180 - INFO: 275 move(s) completed (7 accepted (2.5455 %)). Current N = 3. Average N = 1.647
2021-03-25 18:45:05,844 - INFO: 276 move(s) completed (8 accepted (2.8986 %)). Current N = 2. Average N = 1.649
2021-03-25 18:45:24,323 - INFO: 277 move(s) completed (8 accepted (2.8881 %)). Current N = 2. Average N = 1.650
2021-03-25 18:45:42,463 - INFO: 278 move(s) completed (8 accepted (2.8777 %)). Current N = 2. Average N = 1.651
2021-03-25 18:45:57,511 - INFO: Move rejected due to water leaving the GCMC sphere
2021-03-25 18:46:01,103 - INFO: 279 move(s) completed (8 accepted (2.8674 %)). Current N = 2. Average N = 1.652
2021-03-25 18:46:19,707 - INFO: 280 move(s) completed (8 accepted (2.8571 %)). Current N = 2. Average N = 1.654
2021-03-25 18:46:38,221 - INFO: 281 move(s) completed (8 accepted (2.8470 %)). Current N = 2. Average N = 1.655
2021-03-25 18:46:57,026 - INFO: 282 move(s) completed (8 accepted (2.8369 %)). Current N = 2. Average N = 1.656
2021-03-25 18:47:15,707 - INFO: 283 move(s) completed (8 accepted (2.8269 %)). Current N = 2. Average N = 1.657
2021-03-25 18:47:33,777 - INFO: 284 move(s) completed (8 accepted (2.8169 %)). Current N = 2. Average N = 1.659
2021-03-25 18:47:48,924 - INFO: Move rejected due to water leaving the GCMC sphere
2021-03-25 18:47:52,536 - INFO: 285 move(s) completed (8 accepted (2.8070 %)). Current N = 2. Average N = 1.660
2021-03-25 18:48:11,369 - INFO: 286 move(s) completed (8 accepted (2.7972 %)). Current N = 2. Average N = 1.661
2021-03-25 18:48:30,240 - INFO: 287 move(s) completed (8 accepted (2.7875 %)). Current N = 2. Average N = 1.662
2021-03-25 18:48:49,217 - INFO: 288 move(s) completed (8 accepted (2.7778 %)). Current N = 2. Average N = 1.663
2021-03-25 18:49:04,706 - INFO: Move rejected due to water leaving the GCMC sphere
2021-03-25 18:49:08,121 - INFO: 289 move(s) completed (8 accepted (2.7682 %)). Current N = 2. Average N = 1.664
2021-03-25 18:49:27,062 - INFO: 290 move(s) completed (8 accepted (2.7586 %)). Current N = 2. Average N = 1.665
2021-03-25 18:49:45,798 - INFO: 291 move(s) completed (8 accepted (2.7491 %)). Current N = 2. Average N = 1.667
2021-03-25 18:50:04,310 - INFO: 292 move(s) completed (8 accepted (2.7397 %)). Current N = 2. Average N = 1.668
2021-03-25 18:50:19,892 - INFO: Move rejected due to water leaving the GCMC sphere
2021-03-25 18:50:23,504 - INFO: 293 move(s) completed (8 accepted (2.7304 %)). Current N = 2. Average N = 1.669
2021-03-25 18:50:41,710 - INFO: 294 move(s) completed (8 accepted (2.7211 %)). Current N = 2. Average N = 1.670
2021-03-25 18:51:00,237 - INFO: 295 move(s) completed (8 accepted (2.7119 %)). Current N = 2. Average N = 1.671
2021-03-25 18:51:18,561 - INFO: 296 move(s) completed (8 accepted (2.7027 %)). Current N = 2. Average N = 1.672
2021-03-25 18:51:33,239 - INFO: Move rejected due to water leaving the GCMC sphere
2021-03-25 18:51:36,817 - INFO: 297 move(s) completed (8 accepted (2.6936 %)). Current N = 2. Average N = 1.673
2021-03-25 18:51:51,855 - INFO: Move rejected due to water leaving the GCMC sphere
2021-03-25 18:51:55,550 - INFO: 298 move(s) completed (8 accepted (2.6846 %)). Current N = 2. Average N = 1.675
2021-03-25 18:52:13,987 - INFO: 299 move(s) completed (8 accepted (2.6756 %)). Current N = 2. Average N = 1.676
2021-03-25 18:52:32,567 - INFO: 300 move(s) completed (8 accepted (2.6667 %)). Current N = 2. Average N = 1.677
2021-03-25 18:52:50,979 - INFO: 301 move(s) completed (8 accepted (2.6578 %)). Current N = 2. Average N = 1.678
2021-03-25 18:53:09,828 - INFO: 302 move(s) completed (8 accepted (2.6490 %)). Current N = 2. Average N = 1.679
2021-03-25 18:53:25,004 - INFO: Move rejected due to water leaving the GCMC sphere
2021-03-25 18:53:28,678 - INFO: 303 move(s) completed (8 accepted (2.6403 %)). Current N = 2. Average N = 1.680
2021-03-25 18:53:47,361 - INFO: 304 move(s) completed (8 accepted (2.6316 %)). Current N = 2. Average N = 1.681
2021-03-25 18:54:05,902 - INFO: 305 move(s) completed (8 accepted (2.6230 %)). Current N = 2. Average N = 1.682
2021-03-25 18:54:21,040 - INFO: Move rejected due to water leaving the GCMC sphere
2021-03-25 18:54:24,672 - INFO: 306 move(s) completed (8 accepted (2.6144 %)). Current N = 2. Average N = 1.683
2021-03-25 18:54:40,010 - INFO: Move rejected due to water leaving the GCMC sphere
2021-03-25 18:54:43,523 - INFO: 307 move(s) completed (8 accepted (2.6059 %)). Current N = 2. Average N = 1.684
2021-03-25 18:55:02,117 - INFO: 308 move(s) completed (8 accepted (2.5974 %)). Current N = 2. Average N = 1.685
2021-03-25 18:55:17,603 - INFO: Move rejected due to water leaving the GCMC sphere
2021-03-25 18:55:21,092 - INFO: 309 move(s) completed (8 accepted (2.5890 %)). Current N = 2. Average N = 1.686
2021-03-25 18:55:40,077 - INFO: 310 move(s) completed (8 accepted (2.5806 %)). Current N = 2. Average N = 1.687
2021-03-25 18:55:58,057 - INFO: 311 move(s) completed (8 accepted (2.5723 %)). Current N = 2. Average N = 1.688
2021-03-25 18:56:13,392 - INFO: Move rejected due to water leaving the GCMC sphere
2021-03-25 18:56:16,902 - INFO: 312 move(s) completed (8 accepted (2.5641 %)). Current N = 2. Average N = 1.689
2021-03-25 18:56:32,344 - INFO: Move rejected due to water leaving the GCMC sphere
2021-03-25 18:56:35,849 - INFO: 313 move(s) completed (8 accepted (2.5559 %)). Current N = 2. Average N = 1.690
2021-03-25 18:56:54,818 - INFO: 314 move(s) completed (8 accepted (2.5478 %)). Current N = 2. Average N = 1.691
2021-03-25 18:57:09,637 - INFO: Move rejected due to water leaving the GCMC sphere
2021-03-25 18:57:13,169 - INFO: 315 move(s) completed (8 accepted (2.5397 %)). Current N = 2. Average N = 1.692
2021-03-25 18:57:31,656 - INFO: 316 move(s) completed (8 accepted (2.5316 %)). Current N = 2. Average N = 1.693
2021-03-25 18:57:49,968 - INFO: 317 move(s) completed (8 accepted (2.5237 %)). Current N = 2. Average N = 1.694
2021-03-25 18:58:08,288 - INFO: 318 move(s) completed (8 accepted (2.5157 %)). Current N = 2. Average N = 1.695
2021-03-25 18:58:23,026 - INFO: Move rejected due to water leaving the GCMC sphere
2021-03-25 18:58:26,648 - INFO: 319 move(s) completed (8 accepted (2.5078 %)). Current N = 2. Average N = 1.696
2021-03-25 18:58:41,502 - INFO: Move rejected due to water leaving the GCMC sphere
2021-03-25 18:58:45,205 - INFO: 320 move(s) completed (8 accepted (2.5000 %)). Current N = 2. Average N = 1.697
2021-03-25 18:59:03,796 - INFO: 321 move(s) completed (8 accepted (2.4922 %)). Current N = 2. Average N = 1.698
2021-03-25 18:59:22,284 - INFO: 322 move(s) completed (8 accepted (2.4845 %)). Current N = 2. Average N = 1.699
2021-03-25 18:59:40,912 - INFO: 323 move(s) completed (8 accepted (2.4768 %)). Current N = 2. Average N = 1.700
2021-03-25 18:59:59,523 - INFO: 324 move(s) completed (8 accepted (2.4691 %)). Current N = 2. Average N = 1.701
2021-03-25 19:00:18,067 - INFO: 325 move(s) completed (8 accepted (2.4615 %)). Current N = 2. Average N = 1.702
2021-03-25 19:00:36,385 - INFO: 326 move(s) completed (8 accepted (2.4540 %)). Current N = 2. Average N = 1.702
2021-03-25 19:00:51,521 - INFO: Move rejected due to water leaving the GCMC sphere
2021-03-25 19:00:54,978 - INFO: 327 move(s) completed (8 accepted (2.4465 %)). Current N = 2. Average N = 1.703
2021-03-25 19:01:13,623 - INFO: 328 move(s) completed (8 accepted (2.4390 %)). Current N = 2. Average N = 1.704
2021-03-25 19:01:28,810 - INFO: Move rejected due to water leaving the GCMC sphere
2021-03-25 19:01:32,252 - INFO: 329 move(s) completed (8 accepted (2.4316 %)). Current N = 2. Average N = 1.705
2021-03-25 19:01:50,965 - INFO: 330 move(s) completed (8 accepted (2.4242 %)). Current N = 2. Average N = 1.706
2021-03-25 19:02:09,682 - INFO: 331 move(s) completed (8 accepted (2.4169 %)). Current N = 2. Average N = 1.707
2021-03-25 19:02:28,245 - INFO: 332 move(s) completed (8 accepted (2.4096 %)). Current N = 2. Average N = 1.708
2021-03-25 19:02:47,223 - INFO: 333 move(s) completed (8 accepted (2.4024 %)). Current N = 2. Average N = 1.709
2021-03-25 19:03:06,130 - INFO: 334 move(s) completed (8 accepted (2.3952 %)). Current N = 2. Average N = 1.710
2021-03-25 19:03:21,882 - INFO: Move rejected due to water leaving the GCMC sphere
2021-03-25 19:03:25,347 - INFO: 335 move(s) completed (8 accepted (2.3881 %)). Current N = 2. Average N = 1.710
2021-03-25 19:03:44,254 - INFO: 336 move(s) completed (8 accepted (2.3810 %)). Current N = 2. Average N = 1.711
2021-03-25 19:03:59,940 - INFO: Move rejected due to water leaving the GCMC sphere
2021-03-25 19:04:03,328 - INFO: 337 move(s) completed (8 accepted (2.3739 %)). Current N = 2. Average N = 1.712
2021-03-25 19:04:21,448 - INFO: 338 move(s) completed (8 accepted (2.3669 %)). Current N = 2. Average N = 1.713
2021-03-25 19:04:36,141 - INFO: Move rejected due to water leaving the GCMC sphere
2021-03-25 19:04:39,712 - INFO: 339 move(s) completed (8 accepted (2.3599 %)). Current N = 2. Average N = 1.714
2021-03-25 19:04:58,154 - INFO: 340 move(s) completed (8 accepted (2.3529 %)). Current N = 2. Average N = 1.715
2021-03-25 19:05:16,516 - INFO: 341 move(s) completed (8 accepted (2.3460 %)). Current N = 2. Average N = 1.716
2021-03-25 19:05:35,261 - INFO: 342 move(s) completed (8 accepted (2.3392 %)). Current N = 2. Average N = 1.716
2021-03-25 19:05:53,761 - INFO: 343 move(s) completed (8 accepted (2.3324 %)). Current N = 2. Average N = 1.717
2021-03-25 19:06:12,180 - INFO: 344 move(s) completed (8 accepted (2.3256 %)). Current N = 2. Average N = 1.718
2021-03-25 19:06:30,650 - INFO: 345 move(s) completed (8 accepted (2.3188 %)). Current N = 2. Average N = 1.719
2021-03-25 19:06:49,261 - INFO: 346 move(s) completed (8 accepted (2.3121 %)). Current N = 2. Average N = 1.720
2021-03-25 19:07:08,150 - INFO: 347 move(s) completed (8 accepted (2.3055 %)). Current N = 2. Average N = 1.720
2021-03-25 19:07:26,482 - INFO: 348 move(s) completed (8 accepted (2.2989 %)). Current N = 2. Average N = 1.721
2021-03-25 19:07:45,408 - INFO: 349 move(s) completed (8 accepted (2.2923 %)). Current N = 2. Average N = 1.722
2021-03-25 19:08:04,382 - INFO: 350 move(s) completed (8 accepted (2.2857 %)). Current N = 2. Average N = 1.723
2021-03-25 19:08:22,671 - INFO: 351 move(s) completed (8 accepted (2.2792 %)). Current N = 2. Average N = 1.724
2021-03-25 19:08:41,487 - INFO: 352 move(s) completed (8 accepted (2.2727 %)). Current N = 2. Average N = 1.724
2021-03-25 19:09:00,402 - INFO: 353 move(s) completed (8 accepted (2.2663 %)). Current N = 2. Average N = 1.725
2021-03-25 19:09:18,399 - INFO: 354 move(s) completed (8 accepted (2.2599 %)). Current N = 2. Average N = 1.726
2021-03-25 19:09:37,578 - INFO: 355 move(s) completed (9 accepted (2.5352 %)). Current N = 3. Average N = 1.730
2021-03-25 19:09:56,771 - INFO: 356 move(s) completed (9 accepted (2.5281 %)). Current N = 3. Average N = 1.733
2021-03-25 19:10:15,503 - INFO: 357 move(s) completed (9 accepted (2.5210 %)). Current N = 3. Average N = 1.737
2021-03-25 19:10:30,813 - INFO: Move rejected due to water leaving the GCMC sphere
2021-03-25 19:10:34,295 - INFO: 358 move(s) completed (9 accepted (2.5140 %)). Current N = 3. Average N = 1.740
2021-03-25 19:10:53,605 - INFO: 359 move(s) completed (9 accepted (2.5070 %)). Current N = 3. Average N = 1.744
2021-03-25 19:11:12,007 - INFO: 360 move(s) completed (9 accepted (2.5000 %)). Current N = 3. Average N = 1.747
2021-03-25 19:11:26,930 - INFO: Move rejected due to water leaving the GCMC sphere
2021-03-25 19:11:30,390 - INFO: 361 move(s) completed (9 accepted (2.4931 %)). Current N = 3. Average N = 1.751
2021-03-25 19:11:45,358 - INFO: Move rejected due to water leaving the GCMC sphere
2021-03-25 19:11:48,821 - INFO: 362 move(s) completed (9 accepted (2.4862 %)). Current N = 3. Average N = 1.754
2021-03-25 19:12:07,228 - INFO: 363 move(s) completed (10 accepted (2.7548 %)). Current N = 2. Average N = 1.755
2021-03-25 19:12:22,219 - INFO: Move rejected due to water leaving the GCMC sphere
2021-03-25 19:12:25,627 - INFO: 364 move(s) completed (10 accepted (2.7473 %)). Current N = 2. Average N = 1.756
2021-03-25 19:12:43,996 - INFO: 365 move(s) completed (10 accepted (2.7397 %)). Current N = 2. Average N = 1.756
2021-03-25 19:12:59,027 - INFO: Move rejected due to water leaving the GCMC sphere
2021-03-25 19:13:02,402 - INFO: 366 move(s) completed (10 accepted (2.7322 %)). Current N = 2. Average N = 1.757
2021-03-25 19:13:17,450 - INFO: Move rejected due to water leaving the GCMC sphere
2021-03-25 19:13:20,868 - INFO: 367 move(s) completed (10 accepted (2.7248 %)). Current N = 2. Average N = 1.758
2021-03-25 19:13:36,156 - INFO: Move rejected due to water leaving the GCMC sphere
2021-03-25 19:13:39,822 - INFO: 368 move(s) completed (10 accepted (2.7174 %)). Current N = 2. Average N = 1.758
2021-03-25 19:13:58,120 - INFO: 369 move(s) completed (10 accepted (2.7100 %)). Current N = 2. Average N = 1.759
2021-03-25 19:14:13,286 - INFO: Move rejected due to water leaving the GCMC sphere
2021-03-25 19:14:16,891 - INFO: 370 move(s) completed (10 accepted (2.7027 %)). Current N = 2. Average N = 1.760
2021-03-25 19:14:35,820 - INFO: 371 move(s) completed (10 accepted (2.6954 %)). Current N = 2. Average N = 1.760
2021-03-25 19:14:54,119 - INFO: 372 move(s) completed (10 accepted (2.6882 %)). Current N = 2. Average N = 1.761
2021-03-25 19:15:13,027 - INFO: 373 move(s) completed (10 accepted (2.6810 %)). Current N = 2. Average N = 1.761
2021-03-25 19:15:32,048 - INFO: 374 move(s) completed (10 accepted (2.6738 %)). Current N = 2. Average N = 1.762
2021-03-25 19:15:47,267 - INFO: Move rejected due to water leaving the GCMC sphere
2021-03-25 19:15:50,889 - INFO: 375 move(s) completed (10 accepted (2.6667 %)). Current N = 2. Average N = 1.763
2021-03-25 19:16:06,478 - INFO: Move rejected due to water leaving the GCMC sphere
2021-03-25 19:16:09,932 - INFO: 376 move(s) completed (10 accepted (2.6596 %)). Current N = 2. Average N = 1.763
2021-03-25 19:16:25,588 - INFO: Move rejected due to water leaving the GCMC sphere
2021-03-25 19:16:29,111 - INFO: 377 move(s) completed (10 accepted (2.6525 %)). Current N = 2. Average N = 1.764
2021-03-25 19:16:48,370 - INFO: 378 move(s) completed (10 accepted (2.6455 %)). Current N = 2. Average N = 1.765
2021-03-25 19:17:06,504 - INFO: 379 move(s) completed (10 accepted (2.6385 %)). Current N = 2. Average N = 1.765
2021-03-25 19:17:25,473 - INFO: 380 move(s) completed (10 accepted (2.6316 %)). Current N = 2. Average N = 1.766
2021-03-25 19:17:43,566 - INFO: 381 move(s) completed (10 accepted (2.6247 %)). Current N = 2. Average N = 1.766
2021-03-25 19:18:01,763 - INFO: 382 move(s) completed (10 accepted (2.6178 %)). Current N = 2. Average N = 1.767
2021-03-25 19:18:16,707 - INFO: Move rejected due to water leaving the GCMC sphere
2021-03-25 19:18:20,236 - INFO: 383 move(s) completed (10 accepted (2.6110 %)). Current N = 2. Average N = 1.768
2021-03-25 19:18:38,296 - INFO: 384 move(s) completed (10 accepted (2.6042 %)). Current N = 2. Average N = 1.768
2021-03-25 19:18:56,620 - INFO: 385 move(s) completed (10 accepted (2.5974 %)). Current N = 2. Average N = 1.769
2021-03-25 19:19:15,060 - INFO: 386 move(s) completed (10 accepted (2.5907 %)). Current N = 2. Average N = 1.769
2021-03-25 19:19:29,949 - INFO: Move rejected due to water leaving the GCMC sphere
2021-03-25 19:19:33,631 - INFO: 387 move(s) completed (10 accepted (2.5840 %)). Current N = 2. Average N = 1.770
2021-03-25 19:19:52,271 - INFO: 388 move(s) completed (10 accepted (2.5773 %)). Current N = 2. Average N = 1.771
2021-03-25 19:20:10,711 - INFO: 389 move(s) completed (10 accepted (2.5707 %)). Current N = 2. Average N = 1.771
2021-03-25 19:20:25,975 - INFO: Move rejected due to water leaving the GCMC sphere
2021-03-25 19:20:29,504 - INFO: 390 move(s) completed (10 accepted (2.5641 %)). Current N = 2. Average N = 1.772
2021-03-25 19:20:48,379 - INFO: 391 move(s) completed (10 accepted (2.5575 %)). Current N = 2. Average N = 1.772
2021-03-25 19:21:07,363 - INFO: 392 move(s) completed (10 accepted (2.5510 %)). Current N = 2. Average N = 1.773
2021-03-25 19:21:26,334 - INFO: 393 move(s) completed (10 accepted (2.5445 %)). Current N = 2. Average N = 1.774
2021-03-25 19:21:41,914 - INFO: Move rejected due to water leaving the GCMC sphere
2021-03-25 19:21:45,378 - INFO: 394 move(s) completed (10 accepted (2.5381 %)). Current N = 2. Average N = 1.774
2021-03-25 19:22:04,256 - INFO: 395 move(s) completed (10 accepted (2.5316 %)). Current N = 2. Average N = 1.775
