2021-03-25 09:19:28,090 - INFO: kT = 0.5921875708469466 kcal/mol
2021-03-25 09:19:33,152 - INFO: BaseGrandCanonicalMonteCarloSampler object initialised
2021-03-25 09:19:33,152 - INFO: GCMC sphere is based on reference atom IDs: [887, 1837]
2021-03-25 09:19:33,152 - INFO: GCMC sphere radius is 6 A
2021-03-25 09:19:33,153 - INFO: Simulating at an Adams (B) value of -6.888845176169922
2021-03-25 09:19:33,153 - INFO: GCMCSphereSampler object initialised
2021-03-25 09:19:33,153 - INFO: Each NCMC move will be executed over a total of 5.0 ps
2021-03-25 09:19:33,154 - INFO: NonequilibriumGCMCSphereSampler object initialised
2021-03-25 09:19:55,164 - INFO: Move rejected due to water leaving the GCMC sphere
2021-03-25 09:19:58,574 - INFO: 1 move(s) completed (0 accepted (0.0000 %)). Current N = 0. Average N = 0.000
2021-03-25 09:20:17,280 - INFO: 2 move(s) completed (1 accepted (50.0000 %)). Current N = 1. Average N = 0.500
2021-03-25 09:20:31,860 - INFO: Move rejected due to water leaving the GCMC sphere
2021-03-25 09:20:35,429 - INFO: 3 move(s) completed (1 accepted (33.3333 %)). Current N = 1. Average N = 0.667
2021-03-25 09:20:53,505 - INFO: 4 move(s) completed (2 accepted (50.0000 %)). Current N = 0. Average N = 0.500
2021-03-25 09:20:59,097 - INFO: 5 move(s) completed (2 accepted (40.0000 %)). Current N = 0. Average N = 0.400
2021-03-25 09:21:04,841 - INFO: 6 move(s) completed (2 accepted (33.3333 %)). Current N = 0. Average N = 0.333
2021-03-25 09:21:10,451 - INFO: 7 move(s) completed (2 accepted (28.5714 %)). Current N = 0. Average N = 0.286
2021-03-25 09:21:26,096 - INFO: Move rejected due to water leaving the GCMC sphere
2021-03-25 09:21:29,591 - INFO: 8 move(s) completed (2 accepted (25.0000 %)). Current N = 0. Average N = 0.250
2021-03-25 09:21:35,493 - INFO: 9 move(s) completed (2 accepted (22.2222 %)). Current N = 0. Average N = 0.222
2021-03-25 09:21:53,470 - INFO: 10 move(s) completed (2 accepted (20.0000 %)). Current N = 0. Average N = 0.200
2021-03-25 09:21:59,078 - INFO: 11 move(s) completed (2 accepted (18.1818 %)). Current N = 0. Average N = 0.182
2021-03-25 09:22:04,805 - INFO: 12 move(s) completed (2 accepted (16.6667 %)). Current N = 0. Average N = 0.167
2021-03-25 09:22:23,004 - INFO: 13 move(s) completed (3 accepted (23.0769 %)). Current N = 1. Average N = 0.231
2021-03-25 09:22:37,507 - INFO: Move rejected due to water leaving the GCMC sphere
2021-03-25 09:22:41,096 - INFO: 14 move(s) completed (3 accepted (21.4286 %)). Current N = 1. Average N = 0.286
2021-03-25 09:22:59,190 - INFO: 15 move(s) completed (3 accepted (20.0000 %)). Current N = 1. Average N = 0.333
2021-03-25 09:23:14,055 - INFO: Move rejected due to water leaving the GCMC sphere
2021-03-25 09:23:17,555 - INFO: 16 move(s) completed (3 accepted (18.7500 %)). Current N = 1. Average N = 0.375
2021-03-25 09:23:35,910 - INFO: 17 move(s) completed (3 accepted (17.6471 %)). Current N = 1. Average N = 0.412
2021-03-25 09:23:53,884 - INFO: 18 move(s) completed (3 accepted (16.6667 %)). Current N = 1. Average N = 0.444
2021-03-25 09:24:11,977 - INFO: 19 move(s) completed (3 accepted (15.7895 %)). Current N = 1. Average N = 0.474
2021-03-25 09:24:26,802 - INFO: Move rejected due to water leaving the GCMC sphere
2021-03-25 09:24:30,345 - INFO: 20 move(s) completed (3 accepted (15.0000 %)). Current N = 1. Average N = 0.500
2021-03-25 09:24:48,935 - INFO: 21 move(s) completed (3 accepted (14.2857 %)). Current N = 1. Average N = 0.524
2021-03-25 09:25:03,998 - INFO: Move rejected due to water leaving the GCMC sphere
2021-03-25 09:25:07,564 - INFO: 22 move(s) completed (3 accepted (13.6364 %)). Current N = 1. Average N = 0.545
2021-03-25 09:25:26,033 - INFO: 23 move(s) completed (3 accepted (13.0435 %)). Current N = 1. Average N = 0.565
2021-03-25 09:25:40,611 - INFO: Move rejected due to water leaving the GCMC sphere
2021-03-25 09:25:44,133 - INFO: 24 move(s) completed (3 accepted (12.5000 %)). Current N = 1. Average N = 0.583
2021-03-25 09:26:02,922 - INFO: 25 move(s) completed (3 accepted (12.0000 %)). Current N = 1. Average N = 0.600
2021-03-25 09:26:21,639 - INFO: 26 move(s) completed (4 accepted (15.3846 %)). Current N = 2. Average N = 0.654
2021-03-25 09:26:36,907 - INFO: Move rejected due to water leaving the GCMC sphere
2021-03-25 09:26:40,482 - INFO: 27 move(s) completed (4 accepted (14.8148 %)). Current N = 2. Average N = 0.704
2021-03-25 09:26:58,982 - INFO: 28 move(s) completed (4 accepted (14.2857 %)). Current N = 2. Average N = 0.750
2021-03-25 09:27:14,337 - INFO: Move rejected due to water leaving the GCMC sphere
2021-03-25 09:27:17,764 - INFO: 29 move(s) completed (4 accepted (13.7931 %)). Current N = 2. Average N = 0.793
2021-03-25 09:27:33,213 - INFO: Move rejected due to water leaving the GCMC sphere
2021-03-25 09:27:36,559 - INFO: 30 move(s) completed (4 accepted (13.3333 %)). Current N = 2. Average N = 0.833
2021-03-25 09:27:51,030 - INFO: Move rejected due to water leaving the GCMC sphere
2021-03-25 09:27:54,421 - INFO: 31 move(s) completed (4 accepted (12.9032 %)). Current N = 2. Average N = 0.871
2021-03-25 09:28:08,801 - INFO: Move rejected due to water leaving the GCMC sphere
2021-03-25 09:28:12,391 - INFO: 32 move(s) completed (4 accepted (12.5000 %)). Current N = 2. Average N = 0.906
2021-03-25 09:28:26,780 - INFO: Move rejected due to water leaving the GCMC sphere
2021-03-25 09:28:30,297 - INFO: 33 move(s) completed (4 accepted (12.1212 %)). Current N = 2. Average N = 0.939
2021-03-25 09:28:48,534 - INFO: 34 move(s) completed (4 accepted (11.7647 %)). Current N = 2. Average N = 0.971
2021-03-25 09:29:06,414 - INFO: 35 move(s) completed (4 accepted (11.4286 %)). Current N = 2. Average N = 1.000
2021-03-25 09:29:21,159 - INFO: Move rejected due to water leaving the GCMC sphere
2021-03-25 09:29:24,755 - INFO: 36 move(s) completed (4 accepted (11.1111 %)). Current N = 2. Average N = 1.028
2021-03-25 09:29:43,027 - INFO: 37 move(s) completed (4 accepted (10.8108 %)). Current N = 2. Average N = 1.054
2021-03-25 09:29:57,835 - INFO: Move rejected due to water leaving the GCMC sphere
2021-03-25 09:30:01,171 - INFO: 38 move(s) completed (4 accepted (10.5263 %)). Current N = 2. Average N = 1.079
2021-03-25 09:30:19,578 - INFO: 39 move(s) completed (4 accepted (10.2564 %)). Current N = 2. Average N = 1.103
2021-03-25 09:30:37,588 - INFO: 40 move(s) completed (4 accepted (10.0000 %)). Current N = 2. Average N = 1.125
2021-03-25 09:30:55,751 - INFO: 41 move(s) completed (4 accepted (9.7561 %)). Current N = 2. Average N = 1.146
2021-03-25 09:31:13,604 - INFO: 42 move(s) completed (4 accepted (9.5238 %)). Current N = 2. Average N = 1.167
2021-03-25 09:31:32,320 - INFO: 43 move(s) completed (4 accepted (9.3023 %)). Current N = 2. Average N = 1.186
2021-03-25 09:31:50,396 - INFO: 44 move(s) completed (4 accepted (9.0909 %)). Current N = 2. Average N = 1.204
2021-03-25 09:32:09,112 - INFO: 45 move(s) completed (4 accepted (8.8889 %)). Current N = 2. Average N = 1.222
2021-03-25 09:32:27,619 - INFO: 46 move(s) completed (5 accepted (10.8696 %)). Current N = 3. Average N = 1.261
2021-03-25 09:32:45,518 - INFO: 47 move(s) completed (6 accepted (12.7660 %)). Current N = 2. Average N = 1.277
2021-03-25 09:33:04,280 - INFO: 48 move(s) completed (6 accepted (12.5000 %)). Current N = 2. Average N = 1.292
2021-03-25 09:33:19,858 - INFO: Move rejected due to water leaving the GCMC sphere
2021-03-25 09:33:23,245 - INFO: 49 move(s) completed (6 accepted (12.2449 %)). Current N = 2. Average N = 1.306
2021-03-25 09:33:38,598 - INFO: Move rejected due to water leaving the GCMC sphere
2021-03-25 09:33:42,063 - INFO: 50 move(s) completed (6 accepted (12.0000 %)). Current N = 2. Average N = 1.320
2021-03-25 09:34:00,913 - INFO: 51 move(s) completed (6 accepted (11.7647 %)). Current N = 2. Average N = 1.333
2021-03-25 09:34:18,618 - INFO: 52 move(s) completed (6 accepted (11.5385 %)). Current N = 2. Average N = 1.346
2021-03-25 09:34:36,712 - INFO: 53 move(s) completed (6 accepted (11.3208 %)). Current N = 2. Average N = 1.359
2021-03-25 09:34:51,109 - INFO: Move rejected due to water leaving the GCMC sphere
2021-03-25 09:34:54,786 - INFO: 54 move(s) completed (6 accepted (11.1111 %)). Current N = 2. Average N = 1.370
2021-03-25 09:35:09,694 - INFO: Move rejected due to water leaving the GCMC sphere
2021-03-25 09:35:13,075 - INFO: 55 move(s) completed (6 accepted (10.9091 %)). Current N = 2. Average N = 1.382
2021-03-25 09:35:27,768 - INFO: Move rejected due to water leaving the GCMC sphere
2021-03-25 09:35:31,094 - INFO: 56 move(s) completed (6 accepted (10.7143 %)). Current N = 2. Average N = 1.393
2021-03-25 09:35:45,864 - INFO: Move rejected due to water leaving the GCMC sphere
2021-03-25 09:35:49,391 - INFO: 57 move(s) completed (6 accepted (10.5263 %)). Current N = 2. Average N = 1.403
2021-03-25 09:36:04,022 - INFO: Move rejected due to water leaving the GCMC sphere
2021-03-25 09:36:07,593 - INFO: 58 move(s) completed (6 accepted (10.3448 %)). Current N = 2. Average N = 1.414
2021-03-25 09:36:25,690 - INFO: 59 move(s) completed (6 accepted (10.1695 %)). Current N = 2. Average N = 1.424
2021-03-25 09:36:43,925 - INFO: 60 move(s) completed (6 accepted (10.0000 %)). Current N = 2. Average N = 1.433
2021-03-25 09:37:02,173 - INFO: 61 move(s) completed (6 accepted (9.8361 %)). Current N = 2. Average N = 1.443
2021-03-25 09:37:17,130 - INFO: Move rejected due to water leaving the GCMC sphere
2021-03-25 09:37:20,480 - INFO: 62 move(s) completed (6 accepted (9.6774 %)). Current N = 2. Average N = 1.452
2021-03-25 09:37:38,879 - INFO: 63 move(s) completed (6 accepted (9.5238 %)). Current N = 2. Average N = 1.460
2021-03-25 09:37:57,369 - INFO: 64 move(s) completed (6 accepted (9.3750 %)). Current N = 2. Average N = 1.469
2021-03-25 09:38:15,745 - INFO: 65 move(s) completed (6 accepted (9.2308 %)). Current N = 2. Average N = 1.477
2021-03-25 09:38:30,812 - INFO: Move rejected due to water leaving the GCMC sphere
2021-03-25 09:38:34,333 - INFO: 66 move(s) completed (6 accepted (9.0909 %)). Current N = 2. Average N = 1.485
2021-03-25 09:38:52,147 - INFO: 67 move(s) completed (6 accepted (8.9552 %)). Current N = 2. Average N = 1.492
2021-03-25 09:39:07,158 - INFO: Move rejected due to water leaving the GCMC sphere
2021-03-25 09:39:10,501 - INFO: 68 move(s) completed (6 accepted (8.8235 %)). Current N = 2. Average N = 1.500
2021-03-25 09:39:25,826 - INFO: Move rejected due to water leaving the GCMC sphere
2021-03-25 09:39:29,305 - INFO: 69 move(s) completed (6 accepted (8.6957 %)). Current N = 2. Average N = 1.507
2021-03-25 09:39:48,419 - INFO: 70 move(s) completed (6 accepted (8.5714 %)). Current N = 2. Average N = 1.514
2021-03-25 09:40:07,097 - INFO: 71 move(s) completed (6 accepted (8.4507 %)). Current N = 2. Average N = 1.521
2021-03-25 09:40:22,390 - INFO: Move rejected due to water leaving the GCMC sphere
2021-03-25 09:40:25,782 - INFO: 72 move(s) completed (6 accepted (8.3333 %)). Current N = 2. Average N = 1.528
2021-03-25 09:40:44,814 - INFO: 73 move(s) completed (6 accepted (8.2192 %)). Current N = 2. Average N = 1.534
2021-03-25 09:41:03,921 - INFO: 74 move(s) completed (6 accepted (8.1081 %)). Current N = 2. Average N = 1.540
2021-03-25 09:41:18,417 - INFO: Move rejected due to water leaving the GCMC sphere
2021-03-25 09:41:21,873 - INFO: 75 move(s) completed (6 accepted (8.0000 %)). Current N = 2. Average N = 1.547
2021-03-25 09:41:40,209 - INFO: 76 move(s) completed (6 accepted (7.8947 %)). Current N = 2. Average N = 1.553
2021-03-25 09:41:58,242 - INFO: 77 move(s) completed (6 accepted (7.7922 %)). Current N = 2. Average N = 1.558
2021-03-25 09:42:16,391 - INFO: 78 move(s) completed (6 accepted (7.6923 %)). Current N = 2. Average N = 1.564
2021-03-25 09:42:30,987 - INFO: Move rejected due to water leaving the GCMC sphere
2021-03-25 09:42:34,432 - INFO: 79 move(s) completed (6 accepted (7.5949 %)). Current N = 2. Average N = 1.570
2021-03-25 09:42:49,297 - INFO: Move rejected due to water leaving the GCMC sphere
2021-03-25 09:42:52,853 - INFO: 80 move(s) completed (6 accepted (7.5000 %)). Current N = 2. Average N = 1.575
2021-03-25 09:43:11,723 - INFO: 81 move(s) completed (6 accepted (7.4074 %)). Current N = 2. Average N = 1.580
2021-03-25 09:43:29,689 - INFO: 82 move(s) completed (6 accepted (7.3171 %)). Current N = 2. Average N = 1.585
2021-03-25 09:43:48,471 - INFO: 83 move(s) completed (6 accepted (7.2289 %)). Current N = 2. Average N = 1.590
2021-03-25 09:44:06,812 - INFO: 84 move(s) completed (6 accepted (7.1429 %)). Current N = 2. Average N = 1.595
2021-03-25 09:44:21,629 - INFO: Move rejected due to water leaving the GCMC sphere
2021-03-25 09:44:25,134 - INFO: 85 move(s) completed (6 accepted (7.0588 %)). Current N = 2. Average N = 1.600
2021-03-25 09:44:43,667 - INFO: 86 move(s) completed (6 accepted (6.9767 %)). Current N = 2. Average N = 1.605
2021-03-25 09:45:01,854 - INFO: 87 move(s) completed (6 accepted (6.8966 %)). Current N = 2. Average N = 1.609
2021-03-25 09:45:17,237 - INFO: Move rejected due to water leaving the GCMC sphere
2021-03-25 09:45:20,824 - INFO: 88 move(s) completed (6 accepted (6.8182 %)). Current N = 2. Average N = 1.614
2021-03-25 09:45:39,421 - INFO: 89 move(s) completed (6 accepted (6.7416 %)). Current N = 2. Average N = 1.618
2021-03-25 09:45:57,984 - INFO: 90 move(s) completed (6 accepted (6.6667 %)). Current N = 2. Average N = 1.622
2021-03-25 09:46:13,397 - INFO: Move rejected due to water leaving the GCMC sphere
2021-03-25 09:46:16,854 - INFO: 91 move(s) completed (6 accepted (6.5934 %)). Current N = 2. Average N = 1.626
2021-03-25 09:46:35,726 - INFO: 92 move(s) completed (6 accepted (6.5217 %)). Current N = 2. Average N = 1.630
2021-03-25 09:46:54,535 - INFO: 93 move(s) completed (6 accepted (6.4516 %)). Current N = 2. Average N = 1.634
2021-03-25 09:47:10,016 - INFO: Move rejected due to water leaving the GCMC sphere
2021-03-25 09:47:13,562 - INFO: 94 move(s) completed (6 accepted (6.3830 %)). Current N = 2. Average N = 1.638
2021-03-25 09:47:28,973 - INFO: Move rejected due to water leaving the GCMC sphere
2021-03-25 09:47:32,431 - INFO: 95 move(s) completed (6 accepted (6.3158 %)). Current N = 2. Average N = 1.642
2021-03-25 09:47:50,405 - INFO: 96 move(s) completed (6 accepted (6.2500 %)). Current N = 2. Average N = 1.646
2021-03-25 09:48:08,453 - INFO: 97 move(s) completed (6 accepted (6.1856 %)). Current N = 2. Average N = 1.649
2021-03-25 09:48:22,873 - INFO: Move rejected due to water leaving the GCMC sphere
2021-03-25 09:48:26,285 - INFO: 98 move(s) completed (6 accepted (6.1224 %)). Current N = 2. Average N = 1.653
2021-03-25 09:48:41,304 - INFO: Move rejected due to water leaving the GCMC sphere
2021-03-25 09:48:44,665 - INFO: 99 move(s) completed (6 accepted (6.0606 %)). Current N = 2. Average N = 1.657
2021-03-25 09:49:02,531 - INFO: 100 move(s) completed (6 accepted (6.0000 %)). Current N = 2. Average N = 1.660
2021-03-25 09:49:20,488 - INFO: 101 move(s) completed (6 accepted (5.9406 %)). Current N = 2. Average N = 1.663
2021-03-25 09:49:38,333 - INFO: 102 move(s) completed (6 accepted (5.8824 %)). Current N = 2. Average N = 1.667
2021-03-25 09:49:56,439 - INFO: 103 move(s) completed (6 accepted (5.8252 %)). Current N = 2. Average N = 1.670
2021-03-25 09:50:14,631 - INFO: 104 move(s) completed (6 accepted (5.7692 %)). Current N = 2. Average N = 1.673
2021-03-25 09:50:33,086 - INFO: 105 move(s) completed (6 accepted (5.7143 %)). Current N = 2. Average N = 1.676
2021-03-25 09:50:51,660 - INFO: 106 move(s) completed (6 accepted (5.6604 %)). Current N = 2. Average N = 1.679
2021-03-25 09:51:06,705 - INFO: Move rejected due to water leaving the GCMC sphere
2021-03-25 09:51:10,128 - INFO: 107 move(s) completed (6 accepted (5.6075 %)). Current N = 2. Average N = 1.682
2021-03-25 09:51:24,977 - INFO: Move rejected due to water leaving the GCMC sphere
2021-03-25 09:51:28,423 - INFO: 108 move(s) completed (6 accepted (5.5556 %)). Current N = 2. Average N = 1.685
2021-03-25 09:51:47,028 - INFO: 109 move(s) completed (6 accepted (5.5046 %)). Current N = 2. Average N = 1.688
2021-03-25 09:52:05,638 - INFO: 110 move(s) completed (6 accepted (5.4545 %)). Current N = 2. Average N = 1.691
2021-03-25 09:52:24,609 - INFO: 111 move(s) completed (6 accepted (5.4054 %)). Current N = 2. Average N = 1.694
2021-03-25 09:52:43,064 - INFO: 112 move(s) completed (6 accepted (5.3571 %)). Current N = 2. Average N = 1.696
2021-03-25 09:53:01,115 - INFO: 113 move(s) completed (6 accepted (5.3097 %)). Current N = 2. Average N = 1.699
2021-03-25 09:53:19,770 - INFO: 114 move(s) completed (6 accepted (5.2632 %)). Current N = 2. Average N = 1.702
2021-03-25 09:53:35,074 - INFO: Move rejected due to water leaving the GCMC sphere
2021-03-25 09:53:38,450 - INFO: 115 move(s) completed (6 accepted (5.2174 %)). Current N = 2. Average N = 1.704
2021-03-25 09:53:53,748 - INFO: Move rejected due to water leaving the GCMC sphere
2021-03-25 09:53:57,196 - INFO: 116 move(s) completed (6 accepted (5.1724 %)). Current N = 2. Average N = 1.707
2021-03-25 09:54:16,230 - INFO: 117 move(s) completed (6 accepted (5.1282 %)). Current N = 2. Average N = 1.709
2021-03-25 09:54:34,178 - INFO: 118 move(s) completed (6 accepted (5.0847 %)). Current N = 2. Average N = 1.712
2021-03-25 09:54:49,084 - INFO: Move rejected due to water leaving the GCMC sphere
2021-03-25 09:54:52,745 - INFO: 119 move(s) completed (6 accepted (5.0420 %)). Current N = 2. Average N = 1.714
2021-03-25 09:55:10,608 - INFO: 120 move(s) completed (6 accepted (5.0000 %)). Current N = 2. Average N = 1.717
2021-03-25 09:55:28,944 - INFO: 121 move(s) completed (6 accepted (4.9587 %)). Current N = 2. Average N = 1.719
2021-03-25 09:55:47,383 - INFO: 122 move(s) completed (6 accepted (4.9180 %)). Current N = 2. Average N = 1.721
2021-03-25 09:56:05,688 - INFO: 123 move(s) completed (6 accepted (4.8780 %)). Current N = 2. Average N = 1.724
2021-03-25 09:56:24,072 - INFO: 124 move(s) completed (6 accepted (4.8387 %)). Current N = 2. Average N = 1.726
2021-03-25 09:56:38,828 - INFO: Move rejected due to water leaving the GCMC sphere
2021-03-25 09:56:42,282 - INFO: 125 move(s) completed (6 accepted (4.8000 %)). Current N = 2. Average N = 1.728
2021-03-25 09:57:00,370 - INFO: 126 move(s) completed (6 accepted (4.7619 %)). Current N = 2. Average N = 1.730
2021-03-25 09:57:15,187 - INFO: Move rejected due to water leaving the GCMC sphere
2021-03-25 09:57:18,832 - INFO: 127 move(s) completed (6 accepted (4.7244 %)). Current N = 2. Average N = 1.732
2021-03-25 09:57:33,940 - INFO: Move rejected due to water leaving the GCMC sphere
2021-03-25 09:57:37,280 - INFO: 128 move(s) completed (6 accepted (4.6875 %)). Current N = 2. Average N = 1.734
2021-03-25 09:57:52,395 - INFO: Move rejected due to water leaving the GCMC sphere
2021-03-25 09:57:55,886 - INFO: 129 move(s) completed (6 accepted (4.6512 %)). Current N = 2. Average N = 1.736
2021-03-25 09:58:11,047 - INFO: Move rejected due to water leaving the GCMC sphere
2021-03-25 09:58:14,479 - INFO: 130 move(s) completed (6 accepted (4.6154 %)). Current N = 2. Average N = 1.738
2021-03-25 09:58:33,248 - INFO: 131 move(s) completed (6 accepted (4.5802 %)). Current N = 2. Average N = 1.740
2021-03-25 09:58:51,747 - INFO: 132 move(s) completed (6 accepted (4.5455 %)). Current N = 2. Average N = 1.742
2021-03-25 09:59:10,295 - INFO: 133 move(s) completed (6 accepted (4.5113 %)). Current N = 2. Average N = 1.744
2021-03-25 09:59:29,091 - INFO: 134 move(s) completed (6 accepted (4.4776 %)). Current N = 2. Average N = 1.746
2021-03-25 09:59:47,842 - INFO: 135 move(s) completed (6 accepted (4.4444 %)). Current N = 2. Average N = 1.748
2021-03-25 10:00:03,121 - INFO: Move rejected due to water leaving the GCMC sphere
2021-03-25 10:00:06,611 - INFO: 136 move(s) completed (6 accepted (4.4118 %)). Current N = 2. Average N = 1.750
2021-03-25 10:00:25,377 - INFO: 137 move(s) completed (6 accepted (4.3796 %)). Current N = 2. Average N = 1.752
2021-03-25 10:00:40,673 - INFO: Move rejected due to water leaving the GCMC sphere
2021-03-25 10:00:44,041 - INFO: 138 move(s) completed (6 accepted (4.3478 %)). Current N = 2. Average N = 1.754
2021-03-25 10:00:59,806 - INFO: Move rejected due to water leaving the GCMC sphere
2021-03-25 10:01:03,134 - INFO: 139 move(s) completed (6 accepted (4.3165 %)). Current N = 2. Average N = 1.755
2021-03-25 10:01:21,199 - INFO: 140 move(s) completed (6 accepted (4.2857 %)). Current N = 2. Average N = 1.757
2021-03-25 10:01:39,218 - INFO: 141 move(s) completed (6 accepted (4.2553 %)). Current N = 2. Average N = 1.759
2021-03-25 10:01:57,409 - INFO: 142 move(s) completed (6 accepted (4.2254 %)). Current N = 2. Average N = 1.761
2021-03-25 10:02:11,967 - INFO: Move rejected due to water leaving the GCMC sphere
2021-03-25 10:02:15,731 - INFO: 143 move(s) completed (6 accepted (4.1958 %)). Current N = 2. Average N = 1.762
2021-03-25 10:02:33,694 - INFO: 144 move(s) completed (6 accepted (4.1667 %)). Current N = 2. Average N = 1.764
2021-03-25 10:02:49,092 - INFO: Move rejected due to water leaving the GCMC sphere
2021-03-25 10:02:52,619 - INFO: 145 move(s) completed (6 accepted (4.1379 %)). Current N = 2. Average N = 1.766
2021-03-25 10:03:11,061 - INFO: 146 move(s) completed (6 accepted (4.1096 %)). Current N = 2. Average N = 1.767
2021-03-25 10:03:26,086 - INFO: Move rejected due to water leaving the GCMC sphere
2021-03-25 10:03:29,652 - INFO: 147 move(s) completed (6 accepted (4.0816 %)). Current N = 2. Average N = 1.769
2021-03-25 10:03:44,571 - INFO: Move rejected due to water leaving the GCMC sphere
2021-03-25 10:03:48,074 - INFO: 148 move(s) completed (6 accepted (4.0541 %)). Current N = 2. Average N = 1.770
2021-03-25 10:04:06,611 - INFO: 149 move(s) completed (6 accepted (4.0268 %)). Current N = 2. Average N = 1.772
2021-03-25 10:04:25,086 - INFO: 150 move(s) completed (6 accepted (4.0000 %)). Current N = 2. Average N = 1.773
2021-03-25 10:04:43,677 - INFO: 151 move(s) completed (6 accepted (3.9735 %)). Current N = 2. Average N = 1.775
2021-03-25 10:04:58,656 - INFO: Move rejected due to water leaving the GCMC sphere
2021-03-25 10:05:02,048 - INFO: 152 move(s) completed (6 accepted (3.9474 %)). Current N = 2. Average N = 1.776
2021-03-25 10:05:20,976 - INFO: 153 move(s) completed (6 accepted (3.9216 %)). Current N = 2. Average N = 1.778
2021-03-25 10:05:36,202 - INFO: Move rejected due to water leaving the GCMC sphere
2021-03-25 10:05:39,793 - INFO: 154 move(s) completed (6 accepted (3.8961 %)). Current N = 2. Average N = 1.779
2021-03-25 10:05:54,909 - INFO: Move rejected due to water leaving the GCMC sphere
2021-03-25 10:05:58,318 - INFO: 155 move(s) completed (6 accepted (3.8710 %)). Current N = 2. Average N = 1.781
2021-03-25 10:06:13,104 - INFO: Move rejected due to water leaving the GCMC sphere
2021-03-25 10:06:16,757 - INFO: 156 move(s) completed (6 accepted (3.8462 %)). Current N = 2. Average N = 1.782
2021-03-25 10:06:32,114 - INFO: Move rejected due to water leaving the GCMC sphere
2021-03-25 10:06:35,636 - INFO: 157 move(s) completed (6 accepted (3.8217 %)). Current N = 2. Average N = 1.783
2021-03-25 10:06:54,210 - INFO: 158 move(s) completed (6 accepted (3.7975 %)). Current N = 2. Average N = 1.785
2021-03-25 10:07:09,930 - INFO: Move rejected due to water leaving the GCMC sphere
2021-03-25 10:07:13,419 - INFO: 159 move(s) completed (6 accepted (3.7736 %)). Current N = 2. Average N = 1.786
2021-03-25 10:07:28,793 - INFO: Move rejected due to water leaving the GCMC sphere
2021-03-25 10:07:32,333 - INFO: 160 move(s) completed (6 accepted (3.7500 %)). Current N = 2. Average N = 1.788
2021-03-25 10:07:50,347 - INFO: 161 move(s) completed (6 accepted (3.7267 %)). Current N = 2. Average N = 1.789
2021-03-25 10:08:08,625 - INFO: 162 move(s) completed (6 accepted (3.7037 %)). Current N = 2. Average N = 1.790
2021-03-25 10:08:26,542 - INFO: 163 move(s) completed (6 accepted (3.6810 %)). Current N = 2. Average N = 1.791
2021-03-25 10:08:41,291 - INFO: Move rejected due to water leaving the GCMC sphere
2021-03-25 10:08:44,638 - INFO: 164 move(s) completed (6 accepted (3.6585 %)). Current N = 2. Average N = 1.793
2021-03-25 10:09:02,485 - INFO: 165 move(s) completed (6 accepted (3.6364 %)). Current N = 2. Average N = 1.794
2021-03-25 10:09:20,817 - INFO: 166 move(s) completed (6 accepted (3.6145 %)). Current N = 2. Average N = 1.795
2021-03-25 10:09:38,750 - INFO: 167 move(s) completed (6 accepted (3.5928 %)). Current N = 2. Average N = 1.796
2021-03-25 10:09:57,133 - INFO: 168 move(s) completed (6 accepted (3.5714 %)). Current N = 2. Average N = 1.798
2021-03-25 10:10:15,873 - INFO: 169 move(s) completed (6 accepted (3.5503 %)). Current N = 2. Average N = 1.799
2021-03-25 10:10:34,351 - INFO: 170 move(s) completed (6 accepted (3.5294 %)). Current N = 2. Average N = 1.800
2021-03-25 10:10:49,343 - INFO: Move rejected due to water leaving the GCMC sphere
2021-03-25 10:10:52,885 - INFO: 171 move(s) completed (6 accepted (3.5088 %)). Current N = 2. Average N = 1.801
2021-03-25 10:11:11,133 - INFO: 172 move(s) completed (6 accepted (3.4884 %)). Current N = 2. Average N = 1.802
2021-03-25 10:11:29,703 - INFO: 173 move(s) completed (6 accepted (3.4682 %)). Current N = 2. Average N = 1.804
2021-03-25 10:11:48,448 - INFO: 174 move(s) completed (6 accepted (3.4483 %)). Current N = 2. Average N = 1.805
2021-03-25 10:12:03,721 - INFO: Move rejected due to water leaving the GCMC sphere
2021-03-25 10:12:07,073 - INFO: 175 move(s) completed (6 accepted (3.4286 %)). Current N = 2. Average N = 1.806
2021-03-25 10:12:25,660 - INFO: 176 move(s) completed (6 accepted (3.4091 %)). Current N = 2. Average N = 1.807
2021-03-25 10:12:40,253 - INFO: Move rejected due to water leaving the GCMC sphere
2021-03-25 10:12:43,703 - INFO: 177 move(s) completed (6 accepted (3.3898 %)). Current N = 2. Average N = 1.808
2021-03-25 10:12:58,800 - INFO: Move rejected due to water leaving the GCMC sphere
2021-03-25 10:13:02,314 - INFO: 178 move(s) completed (6 accepted (3.3708 %)). Current N = 2. Average N = 1.809
2021-03-25 10:13:17,479 - INFO: Move rejected due to water leaving the GCMC sphere
2021-03-25 10:13:21,044 - INFO: 179 move(s) completed (6 accepted (3.3520 %)). Current N = 2. Average N = 1.810
2021-03-25 10:13:36,480 - INFO: Move rejected due to water leaving the GCMC sphere
2021-03-25 10:13:40,177 - INFO: 180 move(s) completed (6 accepted (3.3333 %)). Current N = 2. Average N = 1.811
2021-03-25 10:13:58,977 - INFO: 181 move(s) completed (6 accepted (3.3149 %)). Current N = 2. Average N = 1.812
2021-03-25 10:14:16,815 - INFO: 182 move(s) completed (6 accepted (3.2967 %)). Current N = 2. Average N = 1.813
2021-03-25 10:14:31,157 - INFO: Move rejected due to water leaving the GCMC sphere
2021-03-25 10:14:34,539 - INFO: 183 move(s) completed (6 accepted (3.2787 %)). Current N = 2. Average N = 1.814
2021-03-25 10:14:49,306 - INFO: Move rejected due to water leaving the GCMC sphere
2021-03-25 10:14:52,796 - INFO: 184 move(s) completed (6 accepted (3.2609 %)). Current N = 2. Average N = 1.815
2021-03-25 10:15:07,223 - INFO: Move rejected due to water leaving the GCMC sphere
2021-03-25 10:15:10,824 - INFO: 185 move(s) completed (6 accepted (3.2432 %)). Current N = 2. Average N = 1.816
2021-03-25 10:15:25,610 - INFO: Move rejected due to water leaving the GCMC sphere
2021-03-25 10:15:29,070 - INFO: 186 move(s) completed (6 accepted (3.2258 %)). Current N = 2. Average N = 1.817
2021-03-25 10:15:43,812 - INFO: Move rejected due to water leaving the GCMC sphere
2021-03-25 10:15:47,204 - INFO: 187 move(s) completed (6 accepted (3.2086 %)). Current N = 2. Average N = 1.818
2021-03-25 10:16:05,480 - INFO: 188 move(s) completed (6 accepted (3.1915 %)). Current N = 2. Average N = 1.819
2021-03-25 10:16:23,642 - INFO: 189 move(s) completed (6 accepted (3.1746 %)). Current N = 2. Average N = 1.820
2021-03-25 10:16:38,453 - INFO: Move rejected due to water leaving the GCMC sphere
2021-03-25 10:16:41,915 - INFO: 190 move(s) completed (6 accepted (3.1579 %)). Current N = 2. Average N = 1.821
2021-03-25 10:17:00,307 - INFO: 191 move(s) completed (6 accepted (3.1414 %)). Current N = 2. Average N = 1.822
2021-03-25 10:17:15,036 - INFO: Move rejected due to water leaving the GCMC sphere
2021-03-25 10:17:18,517 - INFO: 192 move(s) completed (6 accepted (3.1250 %)). Current N = 2. Average N = 1.823
2021-03-25 10:17:37,208 - INFO: 193 move(s) completed (6 accepted (3.1088 %)). Current N = 2. Average N = 1.824
2021-03-25 10:17:55,599 - INFO: 194 move(s) completed (6 accepted (3.0928 %)). Current N = 2. Average N = 1.825
2021-03-25 10:18:13,992 - INFO: 195 move(s) completed (6 accepted (3.0769 %)). Current N = 2. Average N = 1.826
2021-03-25 10:18:32,759 - INFO: 196 move(s) completed (6 accepted (3.0612 %)). Current N = 2. Average N = 1.827
2021-03-25 10:18:51,270 - INFO: 197 move(s) completed (6 accepted (3.0457 %)). Current N = 2. Average N = 1.827
2021-03-25 10:19:09,331 - INFO: 198 move(s) completed (6 accepted (3.0303 %)). Current N = 2. Average N = 1.828
2021-03-25 10:19:27,946 - INFO: 199 move(s) completed (6 accepted (3.0151 %)). Current N = 2. Average N = 1.829
2021-03-25 10:19:43,167 - INFO: Move rejected due to water leaving the GCMC sphere
2021-03-25 10:19:46,776 - INFO: 200 move(s) completed (6 accepted (3.0000 %)). Current N = 2. Average N = 1.830
2021-03-25 10:20:02,238 - INFO: Move rejected due to water leaving the GCMC sphere
2021-03-25 10:20:05,617 - INFO: 201 move(s) completed (6 accepted (2.9851 %)). Current N = 2. Average N = 1.831
2021-03-25 10:20:24,187 - INFO: 202 move(s) completed (6 accepted (2.9703 %)). Current N = 2. Average N = 1.832
2021-03-25 10:20:42,886 - INFO: 203 move(s) completed (6 accepted (2.9557 %)). Current N = 2. Average N = 1.833
2021-03-25 10:21:01,756 - INFO: 204 move(s) completed (6 accepted (2.9412 %)). Current N = 2. Average N = 1.833
2021-03-25 10:21:20,101 - INFO: 205 move(s) completed (6 accepted (2.9268 %)). Current N = 2. Average N = 1.834
2021-03-25 10:21:38,005 - INFO: 206 move(s) completed (6 accepted (2.9126 %)). Current N = 2. Average N = 1.835
2021-03-25 10:21:56,407 - INFO: 207 move(s) completed (6 accepted (2.8986 %)). Current N = 2. Average N = 1.836
2021-03-25 10:22:14,352 - INFO: 208 move(s) completed (6 accepted (2.8846 %)). Current N = 2. Average N = 1.837
2021-03-25 10:22:32,699 - INFO: 209 move(s) completed (6 accepted (2.8708 %)). Current N = 2. Average N = 1.837
2021-03-25 10:22:47,630 - INFO: Move rejected due to water leaving the GCMC sphere
2021-03-25 10:22:50,959 - INFO: 210 move(s) completed (6 accepted (2.8571 %)). Current N = 2. Average N = 1.838
2021-03-25 10:23:05,957 - INFO: Move rejected due to water leaving the GCMC sphere
2021-03-25 10:23:09,325 - INFO: 211 move(s) completed (6 accepted (2.8436 %)). Current N = 2. Average N = 1.839
2021-03-25 10:23:27,553 - INFO: 212 move(s) completed (6 accepted (2.8302 %)). Current N = 2. Average N = 1.840
2021-03-25 10:23:46,088 - INFO: 213 move(s) completed (6 accepted (2.8169 %)). Current N = 2. Average N = 1.840
2021-03-25 10:24:04,277 - INFO: 214 move(s) completed (6 accepted (2.8037 %)). Current N = 2. Average N = 1.841
2021-03-25 10:24:19,204 - INFO: Move rejected due to water leaving the GCMC sphere
2021-03-25 10:24:22,622 - INFO: 215 move(s) completed (6 accepted (2.7907 %)). Current N = 2. Average N = 1.842
2021-03-25 10:24:40,989 - INFO: 216 move(s) completed (6 accepted (2.7778 %)). Current N = 2. Average N = 1.843
2021-03-25 10:24:59,350 - INFO: 217 move(s) completed (6 accepted (2.7650 %)). Current N = 2. Average N = 1.843
2021-03-25 10:25:18,024 - INFO: 218 move(s) completed (6 accepted (2.7523 %)). Current N = 2. Average N = 1.844
2021-03-25 10:25:33,340 - INFO: Move rejected due to water leaving the GCMC sphere
2021-03-25 10:25:36,834 - INFO: 219 move(s) completed (6 accepted (2.7397 %)). Current N = 2. Average N = 1.845
2021-03-25 10:25:55,515 - INFO: 220 move(s) completed (6 accepted (2.7273 %)). Current N = 2. Average N = 1.845
2021-03-25 10:26:14,225 - INFO: 221 move(s) completed (6 accepted (2.7149 %)). Current N = 2. Average N = 1.846
2021-03-25 10:26:32,977 - INFO: 222 move(s) completed (6 accepted (2.7027 %)). Current N = 2. Average N = 1.847
2021-03-25 10:26:48,341 - INFO: Move rejected due to water leaving the GCMC sphere
2021-03-25 10:26:51,834 - INFO: 223 move(s) completed (6 accepted (2.6906 %)). Current N = 2. Average N = 1.847
2021-03-25 10:27:10,447 - INFO: 224 move(s) completed (6 accepted (2.6786 %)). Current N = 2. Average N = 1.848
2021-03-25 10:27:25,969 - INFO: Move rejected due to water leaving the GCMC sphere
2021-03-25 10:27:29,502 - INFO: 225 move(s) completed (6 accepted (2.6667 %)). Current N = 2. Average N = 1.849
2021-03-25 10:27:44,805 - INFO: Move rejected due to water leaving the GCMC sphere
2021-03-25 10:27:48,402 - INFO: 226 move(s) completed (6 accepted (2.6549 %)). Current N = 2. Average N = 1.850
2021-03-25 10:28:06,924 - INFO: 227 move(s) completed (6 accepted (2.6432 %)). Current N = 2. Average N = 1.850
2021-03-25 10:28:21,648 - INFO: Move rejected due to water leaving the GCMC sphere
2021-03-25 10:28:25,160 - INFO: 228 move(s) completed (6 accepted (2.6316 %)). Current N = 2. Average N = 1.851
2021-03-25 10:28:43,111 - INFO: 229 move(s) completed (6 accepted (2.6201 %)). Current N = 2. Average N = 1.851
2021-03-25 10:28:57,767 - INFO: Move rejected due to water leaving the GCMC sphere
2021-03-25 10:29:01,214 - INFO: 230 move(s) completed (6 accepted (2.6087 %)). Current N = 2. Average N = 1.852
2021-03-25 10:29:19,182 - INFO: 231 move(s) completed (6 accepted (2.5974 %)). Current N = 2. Average N = 1.853
2021-03-25 10:29:37,411 - INFO: 232 move(s) completed (6 accepted (2.5862 %)). Current N = 2. Average N = 1.853
2021-03-25 10:29:52,180 - INFO: Move rejected due to water leaving the GCMC sphere
2021-03-25 10:29:55,939 - INFO: 233 move(s) completed (6 accepted (2.5751 %)). Current N = 2. Average N = 1.854
2021-03-25 10:30:14,230 - INFO: 234 move(s) completed (6 accepted (2.5641 %)). Current N = 2. Average N = 1.855
2021-03-25 10:30:32,528 - INFO: 235 move(s) completed (6 accepted (2.5532 %)). Current N = 2. Average N = 1.855
2021-03-25 10:30:47,562 - INFO: Move rejected due to water leaving the GCMC sphere
2021-03-25 10:30:50,961 - INFO: 236 move(s) completed (6 accepted (2.5424 %)). Current N = 2. Average N = 1.856
2021-03-25 10:31:09,540 - INFO: 237 move(s) completed (6 accepted (2.5316 %)). Current N = 2. Average N = 1.857
2021-03-25 10:31:24,510 - INFO: Move rejected due to water leaving the GCMC sphere
2021-03-25 10:31:27,855 - INFO: 238 move(s) completed (6 accepted (2.5210 %)). Current N = 2. Average N = 1.857
2021-03-25 10:31:46,182 - INFO: 239 move(s) completed (6 accepted (2.5105 %)). Current N = 2. Average N = 1.858
2021-03-25 10:32:01,330 - INFO: Move rejected due to water leaving the GCMC sphere
2021-03-25 10:32:04,727 - INFO: 240 move(s) completed (6 accepted (2.5000 %)). Current N = 2. Average N = 1.858
2021-03-25 10:32:23,442 - INFO: 241 move(s) completed (6 accepted (2.4896 %)). Current N = 2. Average N = 1.859
2021-03-25 10:32:38,065 - INFO: Move rejected due to water leaving the GCMC sphere
2021-03-25 10:32:41,530 - INFO: 242 move(s) completed (6 accepted (2.4793 %)). Current N = 2. Average N = 1.859
2021-03-25 10:32:56,680 - INFO: Move rejected due to water leaving the GCMC sphere
2021-03-25 10:32:59,996 - INFO: 243 move(s) completed (6 accepted (2.4691 %)). Current N = 2. Average N = 1.860
2021-03-25 10:33:18,654 - INFO: 244 move(s) completed (6 accepted (2.4590 %)). Current N = 2. Average N = 1.861
2021-03-25 10:33:33,817 - INFO: Move rejected due to water leaving the GCMC sphere
2021-03-25 10:33:37,355 - INFO: 245 move(s) completed (6 accepted (2.4490 %)). Current N = 2. Average N = 1.861
2021-03-25 10:33:56,057 - INFO: 246 move(s) completed (7 accepted (2.8455 %)). Current N = 3. Average N = 1.866
2021-03-25 10:34:15,116 - INFO: 247 move(s) completed (7 accepted (2.8340 %)). Current N = 3. Average N = 1.870
2021-03-25 10:34:33,977 - INFO: 248 move(s) completed (7 accepted (2.8226 %)). Current N = 3. Average N = 1.875
2021-03-25 10:34:48,643 - INFO: Move rejected due to water leaving the GCMC sphere
2021-03-25 10:34:52,319 - INFO: 249 move(s) completed (7 accepted (2.8112 %)). Current N = 3. Average N = 1.879
2021-03-25 10:35:06,862 - INFO: Move rejected due to water leaving the GCMC sphere
2021-03-25 10:35:10,271 - INFO: 250 move(s) completed (7 accepted (2.8000 %)). Current N = 3. Average N = 1.884
2021-03-25 10:35:25,291 - INFO: Move rejected due to water leaving the GCMC sphere
2021-03-25 10:35:28,835 - INFO: 251 move(s) completed (7 accepted (2.7888 %)). Current N = 3. Average N = 1.888
2021-03-25 10:35:46,834 - INFO: 252 move(s) completed (7 accepted (2.7778 %)). Current N = 3. Average N = 1.893
2021-03-25 10:36:01,585 - INFO: Move rejected due to water leaving the GCMC sphere
2021-03-25 10:36:04,975 - INFO: 253 move(s) completed (7 accepted (2.7668 %)). Current N = 3. Average N = 1.897
2021-03-25 10:36:23,067 - INFO: 254 move(s) completed (7 accepted (2.7559 %)). Current N = 3. Average N = 1.902
2021-03-25 10:36:41,461 - INFO: 255 move(s) completed (7 accepted (2.7451 %)). Current N = 3. Average N = 1.906
2021-03-25 10:36:56,436 - INFO: Move rejected due to water leaving the GCMC sphere
2021-03-25 10:36:59,908 - INFO: 256 move(s) completed (7 accepted (2.7344 %)). Current N = 3. Average N = 1.910
2021-03-25 10:37:18,173 - INFO: 257 move(s) completed (7 accepted (2.7237 %)). Current N = 3. Average N = 1.914
2021-03-25 10:37:37,064 - INFO: 258 move(s) completed (7 accepted (2.7132 %)). Current N = 3. Average N = 1.919
2021-03-25 10:37:52,246 - INFO: Move rejected due to water leaving the GCMC sphere
2021-03-25 10:37:55,829 - INFO: 259 move(s) completed (7 accepted (2.7027 %)). Current N = 3. Average N = 1.923
2021-03-25 10:38:14,211 - INFO: 260 move(s) completed (8 accepted (3.0769 %)). Current N = 2. Average N = 1.923
2021-03-25 10:38:32,584 - INFO: 261 move(s) completed (8 accepted (3.0651 %)). Current N = 2. Average N = 1.923
2021-03-25 10:38:50,587 - INFO: 262 move(s) completed (8 accepted (3.0534 %)). Current N = 2. Average N = 1.924
2021-03-25 10:39:05,800 - INFO: Move rejected due to water leaving the GCMC sphere
2021-03-25 10:39:09,213 - INFO: 263 move(s) completed (8 accepted (3.0418 %)). Current N = 2. Average N = 1.924
2021-03-25 10:39:24,557 - INFO: Move rejected due to water leaving the GCMC sphere
2021-03-25 10:39:27,998 - INFO: 264 move(s) completed (8 accepted (3.0303 %)). Current N = 2. Average N = 1.924
2021-03-25 10:39:46,509 - INFO: 265 move(s) completed (8 accepted (3.0189 %)). Current N = 2. Average N = 1.925
2021-03-25 10:40:02,071 - INFO: Move rejected due to water leaving the GCMC sphere
2021-03-25 10:40:05,771 - INFO: 266 move(s) completed (8 accepted (3.0075 %)). Current N = 2. Average N = 1.925
2021-03-25 10:40:24,580 - INFO: 267 move(s) completed (8 accepted (2.9963 %)). Current N = 2. Average N = 1.925
2021-03-25 10:40:43,038 - INFO: 268 move(s) completed (8 accepted (2.9851 %)). Current N = 2. Average N = 1.925
2021-03-25 10:41:02,056 - INFO: 269 move(s) completed (8 accepted (2.9740 %)). Current N = 2. Average N = 1.926
2021-03-25 10:41:21,107 - INFO: 270 move(s) completed (8 accepted (2.9630 %)). Current N = 2. Average N = 1.926
2021-03-25 10:41:35,766 - INFO: Move rejected due to water leaving the GCMC sphere
2021-03-25 10:41:39,224 - INFO: 271 move(s) completed (8 accepted (2.9520 %)). Current N = 2. Average N = 1.926
2021-03-25 10:41:53,845 - INFO: Move rejected due to water leaving the GCMC sphere
2021-03-25 10:41:57,498 - INFO: 272 move(s) completed (8 accepted (2.9412 %)). Current N = 2. Average N = 1.927
2021-03-25 10:42:15,896 - INFO: 273 move(s) completed (8 accepted (2.9304 %)). Current N = 2. Average N = 1.927
2021-03-25 10:42:33,772 - INFO: 274 move(s) completed (8 accepted (2.9197 %)). Current N = 2. Average N = 1.927
2021-03-25 10:42:48,619 - INFO: Move rejected due to water leaving the GCMC sphere
2021-03-25 10:42:52,180 - INFO: 275 move(s) completed (8 accepted (2.9091 %)). Current N = 2. Average N = 1.927
2021-03-25 10:43:10,579 - INFO: 276 move(s) completed (8 accepted (2.8986 %)). Current N = 2. Average N = 1.927
2021-03-25 10:43:25,499 - INFO: Move rejected due to water leaving the GCMC sphere
2021-03-25 10:43:28,996 - INFO: 277 move(s) completed (8 accepted (2.8881 %)). Current N = 2. Average N = 1.928
2021-03-25 10:43:47,177 - INFO: 278 move(s) completed (8 accepted (2.8777 %)). Current N = 2. Average N = 1.928
2021-03-25 10:44:05,349 - INFO: 279 move(s) completed (8 accepted (2.8674 %)). Current N = 2. Average N = 1.928
2021-03-25 10:44:20,342 - INFO: Move rejected due to water leaving the GCMC sphere
2021-03-25 10:44:23,809 - INFO: 280 move(s) completed (8 accepted (2.8571 %)). Current N = 2. Average N = 1.929
2021-03-25 10:44:42,226 - INFO: 281 move(s) completed (8 accepted (2.8470 %)). Current N = 2. Average N = 1.929
2021-03-25 10:44:57,443 - INFO: Move rejected due to water leaving the GCMC sphere
2021-03-25 10:45:01,018 - INFO: 282 move(s) completed (8 accepted (2.8369 %)). Current N = 2. Average N = 1.929
2021-03-25 10:45:19,411 - INFO: 283 move(s) completed (8 accepted (2.8269 %)). Current N = 2. Average N = 1.929
2021-03-25 10:45:37,972 - INFO: 284 move(s) completed (8 accepted (2.8169 %)). Current N = 2. Average N = 1.930
2021-03-25 10:45:56,698 - INFO: 285 move(s) completed (8 accepted (2.8070 %)). Current N = 2. Average N = 1.930
2021-03-25 10:46:15,752 - INFO: 286 move(s) completed (8 accepted (2.7972 %)). Current N = 2. Average N = 1.930
2021-03-25 10:46:34,597 - INFO: 287 move(s) completed (8 accepted (2.7875 %)). Current N = 2. Average N = 1.930
2021-03-25 10:46:53,343 - INFO: 288 move(s) completed (8 accepted (2.7778 %)). Current N = 2. Average N = 1.931
2021-03-25 10:47:08,594 - INFO: Move rejected due to water leaving the GCMC sphere
2021-03-25 10:47:12,038 - INFO: 289 move(s) completed (8 accepted (2.7682 %)). Current N = 2. Average N = 1.931
2021-03-25 10:47:31,008 - INFO: 290 move(s) completed (8 accepted (2.7586 %)). Current N = 2. Average N = 1.931
2021-03-25 10:47:46,656 - INFO: Move rejected due to water leaving the GCMC sphere
2021-03-25 10:47:50,096 - INFO: 291 move(s) completed (8 accepted (2.7491 %)). Current N = 2. Average N = 1.931
2021-03-25 10:48:09,033 - INFO: 292 move(s) completed (8 accepted (2.7397 %)). Current N = 2. Average N = 1.931
2021-03-25 10:48:23,673 - INFO: Move rejected due to water leaving the GCMC sphere
2021-03-25 10:48:27,056 - INFO: 293 move(s) completed (8 accepted (2.7304 %)). Current N = 2. Average N = 1.932
2021-03-25 10:48:45,202 - INFO: 294 move(s) completed (8 accepted (2.7211 %)). Current N = 2. Average N = 1.932
2021-03-25 10:49:03,206 - INFO: 295 move(s) completed (8 accepted (2.7119 %)). Current N = 2. Average N = 1.932
2021-03-25 10:49:17,857 - INFO: Move rejected due to water leaving the GCMC sphere
2021-03-25 10:49:21,499 - INFO: 296 move(s) completed (8 accepted (2.7027 %)). Current N = 2. Average N = 1.932
2021-03-25 10:49:39,731 - INFO: 297 move(s) completed (8 accepted (2.6936 %)). Current N = 2. Average N = 1.933
2021-03-25 10:49:54,679 - INFO: Move rejected due to water leaving the GCMC sphere
2021-03-25 10:49:58,097 - INFO: 298 move(s) completed (8 accepted (2.6846 %)). Current N = 2. Average N = 1.933
2021-03-25 10:50:13,180 - INFO: Move rejected due to water leaving the GCMC sphere
2021-03-25 10:50:16,715 - INFO: 299 move(s) completed (8 accepted (2.6756 %)). Current N = 2. Average N = 1.933
2021-03-25 10:50:35,215 - INFO: 300 move(s) completed (8 accepted (2.6667 %)). Current N = 2. Average N = 1.933
2021-03-25 10:50:49,961 - INFO: Move rejected due to water leaving the GCMC sphere
2021-03-25 10:50:53,410 - INFO: 301 move(s) completed (8 accepted (2.6578 %)). Current N = 2. Average N = 1.934
2021-03-25 10:51:11,949 - INFO: 302 move(s) completed (8 accepted (2.6490 %)). Current N = 2. Average N = 1.934
2021-03-25 10:51:30,212 - INFO: 303 move(s) completed (8 accepted (2.6403 %)). Current N = 2. Average N = 1.934
2021-03-25 10:51:48,779 - INFO: 304 move(s) completed (8 accepted (2.6316 %)). Current N = 2. Average N = 1.934
2021-03-25 10:52:03,959 - INFO: Move rejected due to water leaving the GCMC sphere
2021-03-25 10:52:07,315 - INFO: 305 move(s) completed (8 accepted (2.6230 %)). Current N = 2. Average N = 1.934
2021-03-25 10:52:25,760 - INFO: 306 move(s) completed (8 accepted (2.6144 %)). Current N = 2. Average N = 1.935
2021-03-25 10:52:41,060 - INFO: Move rejected due to water leaving the GCMC sphere
2021-03-25 10:52:44,549 - INFO: 307 move(s) completed (8 accepted (2.6059 %)). Current N = 2. Average N = 1.935
2021-03-25 10:53:02,181 - INFO: 308 move(s) completed (8 accepted (2.5974 %)). Current N = 2. Average N = 1.935
2021-03-25 10:53:17,568 - INFO: Move rejected due to water leaving the GCMC sphere
2021-03-25 10:53:21,023 - INFO: 309 move(s) completed (8 accepted (2.5890 %)). Current N = 2. Average N = 1.935
2021-03-25 10:53:36,465 - INFO: Move rejected due to water leaving the GCMC sphere
2021-03-25 10:53:39,835 - INFO: 310 move(s) completed (8 accepted (2.5806 %)). Current N = 2. Average N = 1.935
2021-03-25 10:53:58,435 - INFO: 311 move(s) completed (8 accepted (2.5723 %)). Current N = 2. Average N = 1.936
2021-03-25 10:54:17,273 - INFO: 312 move(s) completed (8 accepted (2.5641 %)). Current N = 2. Average N = 1.936
2021-03-25 10:54:35,514 - INFO: 313 move(s) completed (8 accepted (2.5559 %)). Current N = 2. Average N = 1.936
2021-03-25 10:54:53,572 - INFO: 314 move(s) completed (8 accepted (2.5478 %)). Current N = 2. Average N = 1.936
2021-03-25 10:55:11,794 - INFO: 315 move(s) completed (8 accepted (2.5397 %)). Current N = 2. Average N = 1.937
2021-03-25 10:55:30,062 - INFO: 316 move(s) completed (8 accepted (2.5316 %)). Current N = 2. Average N = 1.937
2021-03-25 10:55:48,287 - INFO: 317 move(s) completed (8 accepted (2.5237 %)). Current N = 2. Average N = 1.937
2021-03-25 10:56:02,861 - INFO: Move rejected due to water leaving the GCMC sphere
2021-03-25 10:56:06,268 - INFO: 318 move(s) completed (8 accepted (2.5157 %)). Current N = 2. Average N = 1.937
2021-03-25 10:56:24,944 - INFO: 319 move(s) completed (8 accepted (2.5078 %)). Current N = 2. Average N = 1.937
2021-03-25 10:56:39,749 - INFO: Move rejected due to water leaving the GCMC sphere
2021-03-25 10:56:43,187 - INFO: 320 move(s) completed (8 accepted (2.5000 %)). Current N = 2. Average N = 1.938
2021-03-25 10:56:58,017 - INFO: Move rejected due to water leaving the GCMC sphere
2021-03-25 10:57:01,611 - INFO: 321 move(s) completed (8 accepted (2.4922 %)). Current N = 2. Average N = 1.938
2021-03-25 10:57:19,989 - INFO: 322 move(s) completed (8 accepted (2.4845 %)). Current N = 2. Average N = 1.938
2021-03-25 10:57:38,396 - INFO: 323 move(s) completed (8 accepted (2.4768 %)). Current N = 2. Average N = 1.938
2021-03-25 10:57:57,040 - INFO: 324 move(s) completed (8 accepted (2.4691 %)). Current N = 2. Average N = 1.938
2021-03-25 10:58:15,233 - INFO: 325 move(s) completed (8 accepted (2.4615 %)). Current N = 2. Average N = 1.938
2021-03-25 10:58:30,095 - INFO: Move rejected due to water leaving the GCMC sphere
2021-03-25 10:58:33,602 - INFO: 326 move(s) completed (8 accepted (2.4540 %)). Current N = 2. Average N = 1.939
2021-03-25 10:58:48,739 - INFO: Move rejected due to water leaving the GCMC sphere
2021-03-25 10:58:52,331 - INFO: 327 move(s) completed (8 accepted (2.4465 %)). Current N = 2. Average N = 1.939
2021-03-25 10:59:11,049 - INFO: 328 move(s) completed (8 accepted (2.4390 %)). Current N = 2. Average N = 1.939
2021-03-25 10:59:26,283 - INFO: Move rejected due to water leaving the GCMC sphere
2021-03-25 10:59:29,698 - INFO: 329 move(s) completed (8 accepted (2.4316 %)). Current N = 2. Average N = 1.939
2021-03-25 10:59:48,430 - INFO: 330 move(s) completed (8 accepted (2.4242 %)). Current N = 2. Average N = 1.939
2021-03-25 11:00:03,732 - INFO: Move rejected due to water leaving the GCMC sphere
2021-03-25 11:00:07,091 - INFO: 331 move(s) completed (8 accepted (2.4169 %)). Current N = 2. Average N = 1.940
2021-03-25 11:00:22,229 - INFO: Move rejected due to water leaving the GCMC sphere
2021-03-25 11:00:25,700 - INFO: 332 move(s) completed (8 accepted (2.4096 %)). Current N = 2. Average N = 1.940
2021-03-25 11:00:44,582 - INFO: 333 move(s) completed (8 accepted (2.4024 %)). Current N = 2. Average N = 1.940
2021-03-25 11:01:03,559 - INFO: 334 move(s) completed (8 accepted (2.3952 %)). Current N = 2. Average N = 1.940
2021-03-25 11:01:21,264 - INFO: 335 move(s) completed (8 accepted (2.3881 %)). Current N = 2. Average N = 1.940
2021-03-25 11:01:35,981 - INFO: Move rejected due to water leaving the GCMC sphere
2021-03-25 11:01:39,528 - INFO: 336 move(s) completed (8 accepted (2.3810 %)). Current N = 2. Average N = 1.940
2021-03-25 11:01:54,051 - INFO: Move rejected due to water leaving the GCMC sphere
2021-03-25 11:01:57,520 - INFO: 337 move(s) completed (8 accepted (2.3739 %)). Current N = 2. Average N = 1.941
2021-03-25 11:02:15,800 - INFO: 338 move(s) completed (8 accepted (2.3669 %)). Current N = 2. Average N = 1.941
2021-03-25 11:02:33,829 - INFO: 339 move(s) completed (8 accepted (2.3599 %)). Current N = 2. Average N = 1.941
2021-03-25 11:02:52,190 - INFO: 340 move(s) completed (8 accepted (2.3529 %)). Current N = 2. Average N = 1.941
2021-03-25 11:03:10,423 - INFO: 341 move(s) completed (8 accepted (2.3460 %)). Current N = 2. Average N = 1.941
2021-03-25 11:03:28,816 - INFO: 342 move(s) completed (8 accepted (2.3392 %)). Current N = 2. Average N = 1.942
2021-03-25 11:03:47,275 - INFO: 343 move(s) completed (8 accepted (2.3324 %)). Current N = 2. Average N = 1.942
2021-03-25 11:04:05,516 - INFO: 344 move(s) completed (8 accepted (2.3256 %)). Current N = 2. Average N = 1.942
2021-03-25 11:04:23,745 - INFO: 345 move(s) completed (8 accepted (2.3188 %)). Current N = 2. Average N = 1.942
2021-03-25 11:04:42,310 - INFO: 346 move(s) completed (8 accepted (2.3121 %)). Current N = 2. Average N = 1.942
2021-03-25 11:04:57,455 - INFO: Move rejected due to water leaving the GCMC sphere
2021-03-25 11:05:01,022 - INFO: 347 move(s) completed (8 accepted (2.3055 %)). Current N = 2. Average N = 1.942
2021-03-25 11:05:19,727 - INFO: 348 move(s) completed (8 accepted (2.2989 %)). Current N = 2. Average N = 1.942
2021-03-25 11:05:38,226 - INFO: 349 move(s) completed (8 accepted (2.2923 %)). Current N = 2. Average N = 1.943
2021-03-25 11:05:53,413 - INFO: Move rejected due to water leaving the GCMC sphere
2021-03-25 11:05:56,963 - INFO: 350 move(s) completed (8 accepted (2.2857 %)). Current N = 2. Average N = 1.943
2021-03-25 11:06:15,852 - INFO: 351 move(s) completed (8 accepted (2.2792 %)). Current N = 2. Average N = 1.943
2021-03-25 11:06:34,780 - INFO: 352 move(s) completed (8 accepted (2.2727 %)). Current N = 2. Average N = 1.943
2021-03-25 11:06:49,995 - INFO: Move rejected due to water leaving the GCMC sphere
2021-03-25 11:06:53,469 - INFO: 353 move(s) completed (8 accepted (2.2663 %)). Current N = 2. Average N = 1.943
2021-03-25 11:07:12,425 - INFO: 354 move(s) completed (8 accepted (2.2599 %)). Current N = 2. Average N = 1.944
2021-03-25 11:07:26,791 - INFO: Move rejected due to water leaving the GCMC sphere
2021-03-25 11:07:30,202 - INFO: 355 move(s) completed (8 accepted (2.2535 %)). Current N = 2. Average N = 1.944
2021-03-25 11:07:49,215 - INFO: 356 move(s) completed (8 accepted (2.2472 %)). Current N = 2. Average N = 1.944
2021-03-25 11:08:04,483 - INFO: Move rejected due to water leaving the GCMC sphere
2021-03-25 11:08:08,004 - INFO: 357 move(s) completed (8 accepted (2.2409 %)). Current N = 2. Average N = 1.944
2021-03-25 11:08:25,865 - INFO: 358 move(s) completed (8 accepted (2.2346 %)). Current N = 2. Average N = 1.944
2021-03-25 11:08:44,145 - INFO: 359 move(s) completed (8 accepted (2.2284 %)). Current N = 2. Average N = 1.944
2021-03-25 11:09:02,288 - INFO: 360 move(s) completed (8 accepted (2.2222 %)). Current N = 2. Average N = 1.944
2021-03-25 11:09:20,517 - INFO: 361 move(s) completed (8 accepted (2.2161 %)). Current N = 2. Average N = 1.945
2021-03-25 11:09:35,093 - INFO: Move rejected due to water leaving the GCMC sphere
2021-03-25 11:09:38,492 - INFO: 362 move(s) completed (8 accepted (2.2099 %)). Current N = 2. Average N = 1.945
2021-03-25 11:09:57,091 - INFO: 363 move(s) completed (8 accepted (2.2039 %)). Current N = 2. Average N = 1.945
2021-03-25 11:10:15,474 - INFO: 364 move(s) completed (8 accepted (2.1978 %)). Current N = 2. Average N = 1.945
2021-03-25 11:10:33,660 - INFO: 365 move(s) completed (8 accepted (2.1918 %)). Current N = 2. Average N = 1.945
2021-03-25 11:10:51,991 - INFO: 366 move(s) completed (8 accepted (2.1858 %)). Current N = 2. Average N = 1.945
2021-03-25 11:11:10,526 - INFO: 367 move(s) completed (8 accepted (2.1798 %)). Current N = 2. Average N = 1.946
2021-03-25 11:11:29,024 - INFO: 368 move(s) completed (8 accepted (2.1739 %)). Current N = 2. Average N = 1.946
2021-03-25 11:11:47,058 - INFO: 369 move(s) completed (8 accepted (2.1680 %)). Current N = 2. Average N = 1.946
2021-03-25 11:12:05,367 - INFO: 370 move(s) completed (8 accepted (2.1622 %)). Current N = 2. Average N = 1.946
2021-03-25 11:12:23,732 - INFO: 371 move(s) completed (8 accepted (2.1563 %)). Current N = 2. Average N = 1.946
2021-03-25 11:12:38,883 - INFO: Move rejected due to water leaving the GCMC sphere
2021-03-25 11:12:42,424 - INFO: 372 move(s) completed (8 accepted (2.1505 %)). Current N = 2. Average N = 1.946
2021-03-25 11:13:01,030 - INFO: 373 move(s) completed (8 accepted (2.1448 %)). Current N = 2. Average N = 1.946
2021-03-25 11:13:19,778 - INFO: 374 move(s) completed (8 accepted (2.1390 %)). Current N = 2. Average N = 1.946
2021-03-25 11:13:37,898 - INFO: 375 move(s) completed (8 accepted (2.1333 %)). Current N = 2. Average N = 1.947
2021-03-25 11:13:53,442 - INFO: Move rejected due to water leaving the GCMC sphere
2021-03-25 11:13:56,905 - INFO: 376 move(s) completed (8 accepted (2.1277 %)). Current N = 2. Average N = 1.947
2021-03-25 11:14:15,446 - INFO: 377 move(s) completed (8 accepted (2.1220 %)). Current N = 2. Average N = 1.947
2021-03-25 11:14:34,191 - INFO: 378 move(s) completed (8 accepted (2.1164 %)). Current N = 2. Average N = 1.947
2021-03-25 11:14:52,027 - INFO: 379 move(s) completed (8 accepted (2.1108 %)). Current N = 2. Average N = 1.947
2021-03-25 11:15:09,916 - INFO: 380 move(s) completed (8 accepted (2.1053 %)). Current N = 2. Average N = 1.947
2021-03-25 11:15:28,332 - INFO: 381 move(s) completed (8 accepted (2.0997 %)). Current N = 2. Average N = 1.948
2021-03-25 11:15:43,269 - INFO: Move rejected due to water leaving the GCMC sphere
2021-03-25 11:15:46,648 - INFO: 382 move(s) completed (8 accepted (2.0942 %)). Current N = 2. Average N = 1.948
2021-03-25 11:16:01,454 - INFO: Move rejected due to water leaving the GCMC sphere
2021-03-25 11:16:04,838 - INFO: 383 move(s) completed (8 accepted (2.0888 %)). Current N = 2. Average N = 1.948
2021-03-25 11:16:22,971 - INFO: 384 move(s) completed (8 accepted (2.0833 %)). Current N = 2. Average N = 1.948
2021-03-25 11:16:41,084 - INFO: 385 move(s) completed (8 accepted (2.0779 %)). Current N = 2. Average N = 1.948
2021-03-25 11:16:59,712 - INFO: 386 move(s) completed (8 accepted (2.0725 %)). Current N = 2. Average N = 1.948
2021-03-25 11:17:17,941 - INFO: 387 move(s) completed (8 accepted (2.0672 %)). Current N = 2. Average N = 1.948
2021-03-25 11:17:36,704 - INFO: 388 move(s) completed (8 accepted (2.0619 %)). Current N = 2. Average N = 1.948
2021-03-25 11:17:55,212 - INFO: 389 move(s) completed (8 accepted (2.0566 %)). Current N = 2. Average N = 1.949
2021-03-25 11:18:13,881 - INFO: 390 move(s) completed (8 accepted (2.0513 %)). Current N = 2. Average N = 1.949
2021-03-25 11:18:29,006 - INFO: Move rejected due to water leaving the GCMC sphere
2021-03-25 11:18:32,398 - INFO: 391 move(s) completed (8 accepted (2.0460 %)). Current N = 2. Average N = 1.949
2021-03-25 11:18:50,913 - INFO: 392 move(s) completed (8 accepted (2.0408 %)). Current N = 2. Average N = 1.949
2021-03-25 11:19:06,099 - INFO: Move rejected due to water leaving the GCMC sphere
2021-03-25 11:19:09,601 - INFO: 393 move(s) completed (8 accepted (2.0356 %)). Current N = 2. Average N = 1.949
2021-03-25 11:19:28,582 - INFO: 394 move(s) completed (8 accepted (2.0305 %)). Current N = 2. Average N = 1.949
2021-03-25 11:19:47,010 - INFO: 395 move(s) completed (8 accepted (2.0253 %)). Current N = 2. Average N = 1.949
