2021-03-24 23:39:03,683 - INFO: kT = 0.5921875708469466 kcal/mol
2021-03-24 23:39:09,040 - INFO: BaseGrandCanonicalMonteCarloSampler object initialised
2021-03-24 23:39:09,041 - INFO: GCMC sphere is based on reference atom IDs: [887, 1837]
2021-03-24 23:39:09,041 - INFO: GCMC sphere radius is 6 A
2021-03-24 23:39:09,041 - INFO: Simulating at an Adams (B) value of -6.888845176169922
2021-03-24 23:39:09,041 - INFO: GCMCSphereSampler object initialised
2021-03-24 23:39:09,042 - INFO: Each NCMC move will be executed over a total of 11.0 ps
2021-03-24 23:39:09,042 - INFO: NonequilibriumGCMCSphereSampler object initialised
2021-03-24 23:39:22,288 - INFO: 1 move(s) completed (0 accepted (0.0000 %)). Current N = 0. Average N = 0.000
2021-03-24 23:39:47,237 - INFO: 2 move(s) completed (1 accepted (50.0000 %)). Current N = 1. Average N = 0.500
2021-03-24 23:40:11,699 - INFO: 3 move(s) completed (1 accepted (33.3333 %)). Current N = 1. Average N = 0.667
2021-03-24 23:40:36,165 - INFO: 4 move(s) completed (1 accepted (25.0000 %)). Current N = 1. Average N = 0.750
2021-03-24 23:41:00,726 - INFO: 5 move(s) completed (1 accepted (20.0000 %)). Current N = 1. Average N = 0.800
2021-03-24 23:41:25,436 - INFO: 6 move(s) completed (1 accepted (16.6667 %)). Current N = 1. Average N = 0.833
2021-03-24 23:41:46,679 - INFO: Move rejected due to water leaving the GCMC sphere
2021-03-24 23:41:50,318 - INFO: 7 move(s) completed (1 accepted (14.2857 %)). Current N = 1. Average N = 0.857
2021-03-24 23:42:11,280 - INFO: Move rejected due to water leaving the GCMC sphere
2021-03-24 23:42:14,960 - INFO: 8 move(s) completed (1 accepted (12.5000 %)). Current N = 1. Average N = 0.875
2021-03-24 23:42:36,441 - INFO: Move rejected due to water leaving the GCMC sphere
2021-03-24 23:42:40,110 - INFO: 9 move(s) completed (1 accepted (11.1111 %)). Current N = 1. Average N = 0.889
2021-03-24 23:43:05,430 - INFO: 10 move(s) completed (1 accepted (10.0000 %)). Current N = 1. Average N = 0.900
2021-03-24 23:43:27,080 - INFO: Move rejected due to water leaving the GCMC sphere
2021-03-24 23:43:30,758 - INFO: 11 move(s) completed (1 accepted (9.0909 %)). Current N = 1. Average N = 0.909
2021-03-24 23:43:56,088 - INFO: 12 move(s) completed (1 accepted (8.3333 %)). Current N = 1. Average N = 0.917
2021-03-24 23:44:17,121 - INFO: Move rejected due to water leaving the GCMC sphere
2021-03-24 23:44:20,769 - INFO: 13 move(s) completed (1 accepted (7.6923 %)). Current N = 1. Average N = 0.923
2021-03-24 23:44:41,804 - INFO: Move rejected due to water leaving the GCMC sphere
2021-03-24 23:44:45,211 - INFO: 14 move(s) completed (1 accepted (7.1429 %)). Current N = 1. Average N = 0.929
2021-03-24 23:45:06,264 - INFO: Move rejected due to water leaving the GCMC sphere
2021-03-24 23:45:09,746 - INFO: 15 move(s) completed (1 accepted (6.6667 %)). Current N = 1. Average N = 0.933
2021-03-24 23:45:31,002 - INFO: Move rejected due to water leaving the GCMC sphere
2021-03-24 23:45:34,675 - INFO: 16 move(s) completed (1 accepted (6.2500 %)). Current N = 1. Average N = 0.938
2021-03-24 23:45:59,168 - INFO: 17 move(s) completed (1 accepted (5.8824 %)). Current N = 1. Average N = 0.941
2021-03-24 23:46:20,098 - INFO: Move rejected due to water leaving the GCMC sphere
2021-03-24 23:46:23,612 - INFO: 18 move(s) completed (1 accepted (5.5556 %)). Current N = 1. Average N = 0.944
2021-03-24 23:46:48,353 - INFO: 19 move(s) completed (1 accepted (5.2632 %)). Current N = 1. Average N = 0.947
2021-03-24 23:47:13,192 - INFO: 20 move(s) completed (1 accepted (5.0000 %)). Current N = 1. Average N = 0.950
2021-03-24 23:47:34,257 - INFO: Move rejected due to water leaving the GCMC sphere
2021-03-24 23:47:37,929 - INFO: 21 move(s) completed (1 accepted (4.7619 %)). Current N = 1. Average N = 0.952
2021-03-24 23:47:59,013 - INFO: Move rejected due to water leaving the GCMC sphere
2021-03-24 23:48:02,670 - INFO: 22 move(s) completed (1 accepted (4.5455 %)). Current N = 1. Average N = 0.955
2021-03-24 23:48:23,676 - INFO: Move rejected due to water leaving the GCMC sphere
2021-03-24 23:48:27,343 - INFO: 23 move(s) completed (1 accepted (4.3478 %)). Current N = 1. Average N = 0.957
2021-03-24 23:48:51,868 - INFO: 24 move(s) completed (1 accepted (4.1667 %)). Current N = 1. Average N = 0.958
2021-03-24 23:49:16,330 - INFO: 25 move(s) completed (1 accepted (4.0000 %)). Current N = 1. Average N = 0.960
2021-03-24 23:49:37,392 - INFO: Move rejected due to water leaving the GCMC sphere
2021-03-24 23:49:40,893 - INFO: 26 move(s) completed (1 accepted (3.8462 %)). Current N = 1. Average N = 0.962
2021-03-24 23:50:01,776 - INFO: Move rejected due to water leaving the GCMC sphere
2021-03-24 23:50:05,395 - INFO: 27 move(s) completed (1 accepted (3.7037 %)). Current N = 1. Average N = 0.963
2021-03-24 23:50:26,678 - INFO: Move rejected due to water leaving the GCMC sphere
2021-03-24 23:50:30,217 - INFO: 28 move(s) completed (1 accepted (3.5714 %)). Current N = 1. Average N = 0.964
2021-03-24 23:50:51,345 - INFO: Move rejected due to water leaving the GCMC sphere
2021-03-24 23:50:54,920 - INFO: 29 move(s) completed (1 accepted (3.4483 %)). Current N = 1. Average N = 0.966
2021-03-24 23:51:19,515 - INFO: 30 move(s) completed (1 accepted (3.3333 %)). Current N = 1. Average N = 0.967
2021-03-24 23:51:44,645 - INFO: 31 move(s) completed (1 accepted (3.2258 %)). Current N = 1. Average N = 0.968
2021-03-24 23:52:06,392 - INFO: Move rejected due to water leaving the GCMC sphere
2021-03-24 23:52:10,067 - INFO: 32 move(s) completed (1 accepted (3.1250 %)). Current N = 1. Average N = 0.969
2021-03-24 23:52:31,942 - INFO: Move rejected due to water leaving the GCMC sphere
2021-03-24 23:52:35,613 - INFO: 33 move(s) completed (1 accepted (3.0303 %)). Current N = 1. Average N = 0.970
2021-03-24 23:52:57,498 - INFO: Move rejected due to water leaving the GCMC sphere
2021-03-24 23:53:01,172 - INFO: 34 move(s) completed (1 accepted (2.9412 %)). Current N = 1. Average N = 0.971
2021-03-24 23:53:23,075 - INFO: Move rejected due to water leaving the GCMC sphere
2021-03-24 23:53:26,721 - INFO: 35 move(s) completed (1 accepted (2.8571 %)). Current N = 1. Average N = 0.971
2021-03-24 23:53:47,769 - INFO: Move rejected due to water leaving the GCMC sphere
2021-03-24 23:53:51,368 - INFO: 36 move(s) completed (1 accepted (2.7778 %)). Current N = 1. Average N = 0.972
2021-03-24 23:54:16,058 - INFO: 37 move(s) completed (1 accepted (2.7027 %)). Current N = 1. Average N = 0.973
2021-03-24 23:54:40,759 - INFO: 38 move(s) completed (1 accepted (2.6316 %)). Current N = 1. Average N = 0.974
2021-03-24 23:55:05,739 - INFO: 39 move(s) completed (1 accepted (2.5641 %)). Current N = 1. Average N = 0.974
2021-03-24 23:55:27,216 - INFO: Move rejected due to water leaving the GCMC sphere
2021-03-24 23:55:30,800 - INFO: 40 move(s) completed (1 accepted (2.5000 %)). Current N = 1. Average N = 0.975
2021-03-24 23:55:55,768 - INFO: 41 move(s) completed (1 accepted (2.4390 %)). Current N = 1. Average N = 0.976
2021-03-24 23:56:20,448 - INFO: 42 move(s) completed (1 accepted (2.3810 %)). Current N = 1. Average N = 0.976
2021-03-24 23:56:45,221 - INFO: 43 move(s) completed (1 accepted (2.3256 %)). Current N = 1. Average N = 0.977
2021-03-24 23:57:09,973 - INFO: 44 move(s) completed (1 accepted (2.2727 %)). Current N = 1. Average N = 0.977
2021-03-24 23:57:30,955 - INFO: Move rejected due to water leaving the GCMC sphere
2021-03-24 23:57:34,621 - INFO: 45 move(s) completed (1 accepted (2.2222 %)). Current N = 1. Average N = 0.978
2021-03-24 23:57:55,809 - INFO: Move rejected due to water leaving the GCMC sphere
2021-03-24 23:57:59,486 - INFO: 46 move(s) completed (1 accepted (2.1739 %)). Current N = 1. Average N = 0.978
2021-03-24 23:58:20,641 - INFO: Move rejected due to water leaving the GCMC sphere
2021-03-24 23:58:24,319 - INFO: 47 move(s) completed (1 accepted (2.1277 %)). Current N = 1. Average N = 0.979
2021-03-24 23:58:45,623 - INFO: Move rejected due to water leaving the GCMC sphere
2021-03-24 23:58:49,282 - INFO: 48 move(s) completed (1 accepted (2.0833 %)). Current N = 1. Average N = 0.979
2021-03-24 23:59:14,236 - INFO: 49 move(s) completed (1 accepted (2.0408 %)). Current N = 1. Average N = 0.980
2021-03-24 23:59:35,602 - INFO: Move rejected due to water leaving the GCMC sphere
2021-03-24 23:59:39,103 - INFO: 50 move(s) completed (1 accepted (2.0000 %)). Current N = 1. Average N = 0.980
2021-03-25 00:00:04,026 - INFO: 51 move(s) completed (1 accepted (1.9608 %)). Current N = 1. Average N = 0.980
2021-03-25 00:00:25,731 - INFO: Move rejected due to water leaving the GCMC sphere
2021-03-25 00:00:29,391 - INFO: 52 move(s) completed (1 accepted (1.9231 %)). Current N = 1. Average N = 0.981
2021-03-25 00:00:53,924 - INFO: 53 move(s) completed (1 accepted (1.8868 %)). Current N = 1. Average N = 0.981
2021-03-25 00:01:19,156 - INFO: 54 move(s) completed (1 accepted (1.8519 %)). Current N = 1. Average N = 0.982
2021-03-25 00:01:44,131 - INFO: 55 move(s) completed (1 accepted (1.8182 %)). Current N = 1. Average N = 0.982
2021-03-25 00:02:05,919 - INFO: Move rejected due to water leaving the GCMC sphere
2021-03-25 00:02:09,478 - INFO: 56 move(s) completed (1 accepted (1.7857 %)). Current N = 1. Average N = 0.982
2021-03-25 00:02:30,454 - INFO: Move rejected due to water leaving the GCMC sphere
2021-03-25 00:02:34,078 - INFO: 57 move(s) completed (1 accepted (1.7544 %)). Current N = 1. Average N = 0.983
2021-03-25 00:02:55,137 - INFO: Move rejected due to water leaving the GCMC sphere
2021-03-25 00:02:58,795 - INFO: 58 move(s) completed (1 accepted (1.7241 %)). Current N = 1. Average N = 0.983
2021-03-25 00:03:23,705 - INFO: 59 move(s) completed (1 accepted (1.6949 %)). Current N = 1. Average N = 0.983
2021-03-25 00:03:45,115 - INFO: Move rejected due to water leaving the GCMC sphere
2021-03-25 00:03:48,793 - INFO: 60 move(s) completed (1 accepted (1.6667 %)). Current N = 1. Average N = 0.983
2021-03-25 00:04:13,805 - INFO: 61 move(s) completed (1 accepted (1.6393 %)). Current N = 1. Average N = 0.984
2021-03-25 00:04:35,420 - INFO: Move rejected due to water leaving the GCMC sphere
2021-03-25 00:04:39,089 - INFO: 62 move(s) completed (1 accepted (1.6129 %)). Current N = 1. Average N = 0.984
2021-03-25 00:05:04,172 - INFO: 63 move(s) completed (1 accepted (1.5873 %)). Current N = 1. Average N = 0.984
2021-03-25 00:05:25,374 - INFO: Move rejected due to water leaving the GCMC sphere
2021-03-25 00:05:28,866 - INFO: 64 move(s) completed (1 accepted (1.5625 %)). Current N = 1. Average N = 0.984
2021-03-25 00:05:53,590 - INFO: 65 move(s) completed (1 accepted (1.5385 %)). Current N = 1. Average N = 0.985
2021-03-25 00:06:14,508 - INFO: Move rejected due to water leaving the GCMC sphere
2021-03-25 00:06:18,123 - INFO: 66 move(s) completed (1 accepted (1.5152 %)). Current N = 1. Average N = 0.985
2021-03-25 00:06:42,388 - INFO: 67 move(s) completed (1 accepted (1.4925 %)). Current N = 1. Average N = 0.985
2021-03-25 00:07:06,824 - INFO: 68 move(s) completed (1 accepted (1.4706 %)). Current N = 1. Average N = 0.985
2021-03-25 00:07:31,508 - INFO: 69 move(s) completed (1 accepted (1.4493 %)). Current N = 1. Average N = 0.986
2021-03-25 00:07:52,770 - INFO: Move rejected due to water leaving the GCMC sphere
2021-03-25 00:07:56,243 - INFO: 70 move(s) completed (1 accepted (1.4286 %)). Current N = 1. Average N = 0.986
2021-03-25 00:08:17,358 - INFO: Move rejected due to water leaving the GCMC sphere
2021-03-25 00:08:20,819 - INFO: 71 move(s) completed (1 accepted (1.4085 %)). Current N = 1. Average N = 0.986
2021-03-25 00:08:46,051 - INFO: 72 move(s) completed (1 accepted (1.3889 %)). Current N = 1. Average N = 0.986
2021-03-25 00:09:07,611 - INFO: Move rejected due to water leaving the GCMC sphere
2021-03-25 00:09:11,281 - INFO: 73 move(s) completed (1 accepted (1.3699 %)). Current N = 1. Average N = 0.986
2021-03-25 00:09:36,770 - INFO: 74 move(s) completed (1 accepted (1.3514 %)). Current N = 1. Average N = 0.987
2021-03-25 00:10:02,288 - INFO: 75 move(s) completed (1 accepted (1.3333 %)). Current N = 1. Average N = 0.987
2021-03-25 00:10:23,959 - INFO: Move rejected due to water leaving the GCMC sphere
2021-03-25 00:10:27,644 - INFO: 76 move(s) completed (1 accepted (1.3158 %)). Current N = 1. Average N = 0.987
2021-03-25 00:10:53,230 - INFO: 77 move(s) completed (1 accepted (1.2987 %)). Current N = 1. Average N = 0.987
2021-03-25 00:11:14,292 - INFO: Move rejected due to water leaving the GCMC sphere
2021-03-25 00:11:17,806 - INFO: 78 move(s) completed (1 accepted (1.2821 %)). Current N = 1. Average N = 0.987
2021-03-25 00:11:38,908 - INFO: Move rejected due to water leaving the GCMC sphere
2021-03-25 00:11:42,358 - INFO: 79 move(s) completed (1 accepted (1.2658 %)). Current N = 1. Average N = 0.987
2021-03-25 00:12:03,479 - INFO: Move rejected due to water leaving the GCMC sphere
2021-03-25 00:12:07,059 - INFO: 80 move(s) completed (1 accepted (1.2500 %)). Current N = 1. Average N = 0.988
2021-03-25 00:12:28,272 - INFO: Move rejected due to water leaving the GCMC sphere
2021-03-25 00:12:31,819 - INFO: 81 move(s) completed (1 accepted (1.2346 %)). Current N = 1. Average N = 0.988
2021-03-25 00:12:56,906 - INFO: 82 move(s) completed (1 accepted (1.2195 %)). Current N = 1. Average N = 0.988
2021-03-25 00:13:22,048 - INFO: 83 move(s) completed (1 accepted (1.2048 %)). Current N = 1. Average N = 0.988
2021-03-25 00:13:47,328 - INFO: 84 move(s) completed (1 accepted (1.1905 %)). Current N = 1. Average N = 0.988
2021-03-25 00:14:09,161 - INFO: Move rejected due to water leaving the GCMC sphere
2021-03-25 00:14:12,805 - INFO: 85 move(s) completed (1 accepted (1.1765 %)). Current N = 1. Average N = 0.988
2021-03-25 00:14:38,450 - INFO: 86 move(s) completed (1 accepted (1.1628 %)). Current N = 1. Average N = 0.988
2021-03-25 00:15:03,962 - INFO: 87 move(s) completed (1 accepted (1.1494 %)). Current N = 1. Average N = 0.989
2021-03-25 00:15:25,090 - INFO: Move rejected due to water leaving the GCMC sphere
2021-03-25 00:15:28,772 - INFO: 88 move(s) completed (1 accepted (1.1364 %)). Current N = 1. Average N = 0.989
2021-03-25 00:15:49,880 - INFO: Move rejected due to water leaving the GCMC sphere
2021-03-25 00:15:53,552 - INFO: 89 move(s) completed (1 accepted (1.1236 %)). Current N = 1. Average N = 0.989
2021-03-25 00:16:18,138 - INFO: 90 move(s) completed (1 accepted (1.1111 %)). Current N = 1. Average N = 0.989
2021-03-25 00:16:39,130 - INFO: Move rejected due to water leaving the GCMC sphere
2021-03-25 00:16:42,593 - INFO: 91 move(s) completed (1 accepted (1.0989 %)). Current N = 1. Average N = 0.989
2021-03-25 00:17:03,686 - INFO: Move rejected due to water leaving the GCMC sphere
2021-03-25 00:17:07,242 - INFO: 92 move(s) completed (1 accepted (1.0870 %)). Current N = 1. Average N = 0.989
2021-03-25 00:17:28,466 - INFO: Move rejected due to water leaving the GCMC sphere
2021-03-25 00:17:31,877 - INFO: 93 move(s) completed (1 accepted (1.0753 %)). Current N = 1. Average N = 0.989
2021-03-25 00:17:53,375 - INFO: Move rejected due to water leaving the GCMC sphere
2021-03-25 00:17:56,724 - INFO: 94 move(s) completed (1 accepted (1.0638 %)). Current N = 1. Average N = 0.989
2021-03-25 00:18:18,324 - INFO: Move rejected due to water leaving the GCMC sphere
2021-03-25 00:18:21,900 - INFO: 95 move(s) completed (1 accepted (1.0526 %)). Current N = 1. Average N = 0.990
2021-03-25 00:18:47,319 - INFO: 96 move(s) completed (1 accepted (1.0417 %)). Current N = 1. Average N = 0.990
2021-03-25 00:19:12,628 - INFO: 97 move(s) completed (1 accepted (1.0309 %)). Current N = 1. Average N = 0.990
2021-03-25 00:19:34,499 - INFO: Move rejected due to water leaving the GCMC sphere
2021-03-25 00:19:38,177 - INFO: 98 move(s) completed (1 accepted (1.0204 %)). Current N = 1. Average N = 0.990
2021-03-25 00:20:02,888 - INFO: 99 move(s) completed (1 accepted (1.0101 %)). Current N = 1. Average N = 0.990
2021-03-25 00:20:27,692 - INFO: 100 move(s) completed (1 accepted (1.0000 %)). Current N = 1. Average N = 0.990
2021-03-25 00:20:48,998 - INFO: Move rejected due to water leaving the GCMC sphere
2021-03-25 00:20:52,676 - INFO: 101 move(s) completed (1 accepted (0.9901 %)). Current N = 1. Average N = 0.990
2021-03-25 00:21:14,064 - INFO: Move rejected due to water leaving the GCMC sphere
2021-03-25 00:21:17,734 - INFO: 102 move(s) completed (1 accepted (0.9804 %)). Current N = 1. Average N = 0.990
2021-03-25 00:21:42,702 - INFO: 103 move(s) completed (1 accepted (0.9709 %)). Current N = 1. Average N = 0.990
2021-03-25 00:22:03,729 - INFO: Move rejected due to water leaving the GCMC sphere
2021-03-25 00:22:07,193 - INFO: 104 move(s) completed (1 accepted (0.9615 %)). Current N = 1. Average N = 0.990
2021-03-25 00:22:31,818 - INFO: 105 move(s) completed (1 accepted (0.9524 %)). Current N = 1. Average N = 0.991
2021-03-25 00:22:56,546 - INFO: 106 move(s) completed (1 accepted (0.9434 %)). Current N = 1. Average N = 0.991
2021-03-25 00:23:17,635 - INFO: Move rejected due to water leaving the GCMC sphere
2021-03-25 00:23:21,162 - INFO: 107 move(s) completed (1 accepted (0.9346 %)). Current N = 1. Average N = 0.991
2021-03-25 00:23:46,499 - INFO: 108 move(s) completed (1 accepted (0.9259 %)). Current N = 1. Average N = 0.991
2021-03-25 00:24:11,728 - INFO: 109 move(s) completed (1 accepted (0.9174 %)). Current N = 1. Average N = 0.991
2021-03-25 00:24:32,861 - INFO: Move rejected due to water leaving the GCMC sphere
2021-03-25 00:24:36,260 - INFO: 110 move(s) completed (1 accepted (0.9091 %)). Current N = 1. Average N = 0.991
2021-03-25 00:24:57,547 - INFO: Move rejected due to water leaving the GCMC sphere
2021-03-25 00:25:01,110 - INFO: 111 move(s) completed (1 accepted (0.9009 %)). Current N = 1. Average N = 0.991
2021-03-25 00:25:22,407 - INFO: Move rejected due to water leaving the GCMC sphere
2021-03-25 00:25:26,076 - INFO: 112 move(s) completed (1 accepted (0.8929 %)). Current N = 1. Average N = 0.991
2021-03-25 00:25:46,871 - INFO: Move rejected due to water leaving the GCMC sphere
2021-03-25 00:25:50,541 - INFO: 113 move(s) completed (1 accepted (0.8850 %)). Current N = 1. Average N = 0.991
2021-03-25 00:26:15,361 - INFO: 114 move(s) completed (1 accepted (0.8772 %)). Current N = 1. Average N = 0.991
2021-03-25 00:26:40,127 - INFO: 115 move(s) completed (1 accepted (0.8696 %)). Current N = 1. Average N = 0.991
2021-03-25 00:27:04,943 - INFO: 116 move(s) completed (1 accepted (0.8621 %)). Current N = 1. Average N = 0.991
2021-03-25 00:27:26,786 - INFO: Move rejected due to water leaving the GCMC sphere
2021-03-25 00:27:30,488 - INFO: 117 move(s) completed (1 accepted (0.8547 %)). Current N = 1. Average N = 0.992
2021-03-25 00:27:55,748 - INFO: 118 move(s) completed (1 accepted (0.8475 %)). Current N = 1. Average N = 0.992
2021-03-25 00:28:21,167 - INFO: 119 move(s) completed (1 accepted (0.8403 %)). Current N = 1. Average N = 0.992
2021-03-25 00:28:42,163 - INFO: Move rejected due to water leaving the GCMC sphere
2021-03-25 00:28:45,667 - INFO: 120 move(s) completed (1 accepted (0.8333 %)). Current N = 1. Average N = 0.992
2021-03-25 00:29:06,748 - INFO: Move rejected due to water leaving the GCMC sphere
2021-03-25 00:29:10,407 - INFO: 121 move(s) completed (1 accepted (0.8264 %)). Current N = 1. Average N = 0.992
2021-03-25 00:29:31,293 - INFO: Move rejected due to water leaving the GCMC sphere
2021-03-25 00:29:34,840 - INFO: 122 move(s) completed (1 accepted (0.8197 %)). Current N = 1. Average N = 0.992
2021-03-25 00:29:59,305 - INFO: 123 move(s) completed (1 accepted (0.8130 %)). Current N = 1. Average N = 0.992
2021-03-25 00:30:20,685 - INFO: Move rejected due to water leaving the GCMC sphere
2021-03-25 00:30:24,297 - INFO: 124 move(s) completed (1 accepted (0.8065 %)). Current N = 1. Average N = 0.992
2021-03-25 00:30:45,799 - INFO: Move rejected due to water leaving the GCMC sphere
2021-03-25 00:30:49,161 - INFO: 125 move(s) completed (1 accepted (0.8000 %)). Current N = 1. Average N = 0.992
2021-03-25 00:31:14,482 - INFO: 126 move(s) completed (1 accepted (0.7937 %)). Current N = 1. Average N = 0.992
2021-03-25 00:31:35,528 - INFO: Move rejected due to water leaving the GCMC sphere
2021-03-25 00:31:39,207 - INFO: 127 move(s) completed (1 accepted (0.7874 %)). Current N = 1. Average N = 0.992
2021-03-25 00:32:04,054 - INFO: 128 move(s) completed (1 accepted (0.7812 %)). Current N = 1. Average N = 0.992
2021-03-25 00:32:25,913 - INFO: Move rejected due to water leaving the GCMC sphere
2021-03-25 00:32:29,585 - INFO: 129 move(s) completed (1 accepted (0.7752 %)). Current N = 1. Average N = 0.992
2021-03-25 00:32:51,411 - INFO: Move rejected due to water leaving the GCMC sphere
2021-03-25 00:32:55,090 - INFO: 130 move(s) completed (1 accepted (0.7692 %)). Current N = 1. Average N = 0.992
2021-03-25 00:33:16,024 - INFO: Move rejected due to water leaving the GCMC sphere
2021-03-25 00:33:19,635 - INFO: 131 move(s) completed (1 accepted (0.7634 %)). Current N = 1. Average N = 0.992
2021-03-25 00:33:40,937 - INFO: Move rejected due to water leaving the GCMC sphere
2021-03-25 00:33:44,505 - INFO: 132 move(s) completed (1 accepted (0.7576 %)). Current N = 1. Average N = 0.992
2021-03-25 00:34:05,802 - INFO: Move rejected due to water leaving the GCMC sphere
2021-03-25 00:34:09,422 - INFO: 133 move(s) completed (1 accepted (0.7519 %)). Current N = 1. Average N = 0.993
2021-03-25 00:34:30,623 - INFO: Move rejected due to water leaving the GCMC sphere
2021-03-25 00:34:34,176 - INFO: 134 move(s) completed (1 accepted (0.7463 %)). Current N = 1. Average N = 0.993
2021-03-25 00:34:55,530 - INFO: Move rejected due to water leaving the GCMC sphere
2021-03-25 00:34:59,113 - INFO: 135 move(s) completed (1 accepted (0.7407 %)). Current N = 1. Average N = 0.993
2021-03-25 00:35:24,113 - INFO: 136 move(s) completed (1 accepted (0.7353 %)). Current N = 1. Average N = 0.993
2021-03-25 00:35:49,526 - INFO: 137 move(s) completed (1 accepted (0.7299 %)). Current N = 1. Average N = 0.993
2021-03-25 00:36:14,871 - INFO: 138 move(s) completed (1 accepted (0.7246 %)). Current N = 1. Average N = 0.993
2021-03-25 00:36:40,120 - INFO: 139 move(s) completed (1 accepted (0.7194 %)). Current N = 1. Average N = 0.993
2021-03-25 00:37:02,138 - INFO: Move rejected due to water leaving the GCMC sphere
2021-03-25 00:37:05,809 - INFO: 140 move(s) completed (1 accepted (0.7143 %)). Current N = 1. Average N = 0.993
2021-03-25 00:37:27,849 - INFO: Move rejected due to water leaving the GCMC sphere
2021-03-25 00:37:31,516 - INFO: 141 move(s) completed (1 accepted (0.7092 %)). Current N = 1. Average N = 0.993
2021-03-25 00:37:52,580 - INFO: Move rejected due to water leaving the GCMC sphere
2021-03-25 00:37:56,263 - INFO: 142 move(s) completed (1 accepted (0.7042 %)). Current N = 1. Average N = 0.993
2021-03-25 00:38:17,469 - INFO: Move rejected due to water leaving the GCMC sphere
2021-03-25 00:38:21,130 - INFO: 143 move(s) completed (1 accepted (0.6993 %)). Current N = 1. Average N = 0.993
2021-03-25 00:38:42,457 - INFO: Move rejected due to water leaving the GCMC sphere
2021-03-25 00:38:46,097 - INFO: 144 move(s) completed (1 accepted (0.6944 %)). Current N = 1. Average N = 0.993
2021-03-25 00:39:07,357 - INFO: Move rejected due to water leaving the GCMC sphere
2021-03-25 00:39:10,984 - INFO: 145 move(s) completed (1 accepted (0.6897 %)). Current N = 1. Average N = 0.993
2021-03-25 00:39:32,535 - INFO: Move rejected due to water leaving the GCMC sphere
2021-03-25 00:39:36,193 - INFO: 146 move(s) completed (1 accepted (0.6849 %)). Current N = 1. Average N = 0.993
2021-03-25 00:40:01,413 - INFO: 147 move(s) completed (1 accepted (0.6803 %)). Current N = 1. Average N = 0.993
2021-03-25 00:40:23,013 - INFO: Move rejected due to water leaving the GCMC sphere
2021-03-25 00:40:26,625 - INFO: 148 move(s) completed (1 accepted (0.6757 %)). Current N = 1. Average N = 0.993
2021-03-25 00:40:52,025 - INFO: 149 move(s) completed (1 accepted (0.6711 %)). Current N = 1. Average N = 0.993
2021-03-25 00:41:13,021 - INFO: Move rejected due to water leaving the GCMC sphere
2021-03-25 00:41:16,727 - INFO: 150 move(s) completed (1 accepted (0.6667 %)). Current N = 1. Average N = 0.993
2021-03-25 00:41:37,730 - INFO: Move rejected due to water leaving the GCMC sphere
2021-03-25 00:41:41,305 - INFO: 151 move(s) completed (1 accepted (0.6623 %)). Current N = 1. Average N = 0.993
2021-03-25 00:42:05,984 - INFO: 152 move(s) completed (1 accepted (0.6579 %)). Current N = 1. Average N = 0.993
2021-03-25 00:42:30,773 - INFO: 153 move(s) completed (1 accepted (0.6536 %)). Current N = 1. Average N = 0.994
2021-03-25 00:42:52,125 - INFO: Move rejected due to water leaving the GCMC sphere
2021-03-25 00:42:55,804 - INFO: 154 move(s) completed (1 accepted (0.6494 %)). Current N = 1. Average N = 0.994
2021-03-25 00:43:16,734 - INFO: Move rejected due to water leaving the GCMC sphere
2021-03-25 00:43:20,414 - INFO: 155 move(s) completed (1 accepted (0.6452 %)). Current N = 1. Average N = 0.994
2021-03-25 00:43:41,596 - INFO: Move rejected due to water leaving the GCMC sphere
2021-03-25 00:43:45,274 - INFO: 156 move(s) completed (1 accepted (0.6410 %)). Current N = 1. Average N = 0.994
2021-03-25 00:44:06,334 - INFO: Move rejected due to water leaving the GCMC sphere
2021-03-25 00:44:09,975 - INFO: 157 move(s) completed (1 accepted (0.6369 %)). Current N = 1. Average N = 0.994
2021-03-25 00:44:34,616 - INFO: 158 move(s) completed (1 accepted (0.6329 %)). Current N = 1. Average N = 0.994
2021-03-25 00:44:56,188 - INFO: Move rejected due to water leaving the GCMC sphere
2021-03-25 00:44:59,650 - INFO: 159 move(s) completed (1 accepted (0.6289 %)). Current N = 1. Average N = 0.994
2021-03-25 00:45:21,587 - INFO: Move rejected due to water leaving the GCMC sphere
2021-03-25 00:45:25,175 - INFO: 160 move(s) completed (1 accepted (0.6250 %)). Current N = 1. Average N = 0.994
2021-03-25 00:45:46,984 - INFO: Move rejected due to water leaving the GCMC sphere
2021-03-25 00:45:50,623 - INFO: 161 move(s) completed (1 accepted (0.6211 %)). Current N = 1. Average N = 0.994
2021-03-25 00:46:16,004 - INFO: 162 move(s) completed (1 accepted (0.6173 %)). Current N = 1. Average N = 0.994
2021-03-25 00:46:40,782 - INFO: 163 move(s) completed (1 accepted (0.6135 %)). Current N = 1. Average N = 0.994
2021-03-25 00:47:02,040 - INFO: Move rejected due to water leaving the GCMC sphere
2021-03-25 00:47:05,725 - INFO: 164 move(s) completed (1 accepted (0.6098 %)). Current N = 1. Average N = 0.994
2021-03-25 00:47:30,737 - INFO: 165 move(s) completed (1 accepted (0.6061 %)). Current N = 1. Average N = 0.994
2021-03-25 00:47:55,524 - INFO: 166 move(s) completed (1 accepted (0.6024 %)). Current N = 1. Average N = 0.994
2021-03-25 00:48:16,589 - INFO: Move rejected due to water leaving the GCMC sphere
2021-03-25 00:48:20,250 - INFO: 167 move(s) completed (1 accepted (0.5988 %)). Current N = 1. Average N = 0.994
2021-03-25 00:48:41,947 - INFO: Move rejected due to water leaving the GCMC sphere
2021-03-25 00:48:45,632 - INFO: 168 move(s) completed (1 accepted (0.5952 %)). Current N = 1. Average N = 0.994
2021-03-25 00:49:07,358 - INFO: Move rejected due to water leaving the GCMC sphere
2021-03-25 00:49:11,030 - INFO: 169 move(s) completed (1 accepted (0.5917 %)). Current N = 1. Average N = 0.994
2021-03-25 00:49:32,901 - INFO: Move rejected due to water leaving the GCMC sphere
2021-03-25 00:49:36,563 - INFO: 170 move(s) completed (1 accepted (0.5882 %)). Current N = 1. Average N = 0.994
2021-03-25 00:49:58,233 - INFO: Move rejected due to water leaving the GCMC sphere
2021-03-25 00:50:01,910 - INFO: 171 move(s) completed (1 accepted (0.5848 %)). Current N = 1. Average N = 0.994
2021-03-25 00:50:27,387 - INFO: 172 move(s) completed (1 accepted (0.5814 %)). Current N = 1. Average N = 0.994
2021-03-25 00:50:48,410 - INFO: Move rejected due to water leaving the GCMC sphere
2021-03-25 00:50:52,008 - INFO: 173 move(s) completed (1 accepted (0.5780 %)). Current N = 1. Average N = 0.994
2021-03-25 00:51:13,220 - INFO: Move rejected due to water leaving the GCMC sphere
2021-03-25 00:51:16,839 - INFO: 174 move(s) completed (1 accepted (0.5747 %)). Current N = 1. Average N = 0.994
2021-03-25 00:51:41,758 - INFO: 175 move(s) completed (1 accepted (0.5714 %)). Current N = 1. Average N = 0.994
2021-03-25 00:52:06,644 - INFO: 176 move(s) completed (1 accepted (0.5682 %)). Current N = 1. Average N = 0.994
2021-03-25 00:52:31,566 - INFO: 177 move(s) completed (1 accepted (0.5650 %)). Current N = 1. Average N = 0.994
2021-03-25 00:52:56,312 - INFO: 178 move(s) completed (1 accepted (0.5618 %)). Current N = 1. Average N = 0.994
2021-03-25 00:53:21,586 - INFO: 179 move(s) completed (1 accepted (0.5587 %)). Current N = 1. Average N = 0.994
2021-03-25 00:53:43,423 - INFO: Move rejected due to water leaving the GCMC sphere
2021-03-25 00:53:47,097 - INFO: 180 move(s) completed (1 accepted (0.5556 %)). Current N = 1. Average N = 0.994
2021-03-25 00:54:11,956 - INFO: 181 move(s) completed (1 accepted (0.5525 %)). Current N = 1. Average N = 0.995
2021-03-25 00:54:33,891 - INFO: Move rejected due to water leaving the GCMC sphere
2021-03-25 00:54:37,566 - INFO: 182 move(s) completed (1 accepted (0.5495 %)). Current N = 1. Average N = 0.995
2021-03-25 00:54:59,461 - INFO: Move rejected due to water leaving the GCMC sphere
2021-03-25 00:55:03,139 - INFO: 183 move(s) completed (1 accepted (0.5464 %)). Current N = 1. Average N = 0.995
2021-03-25 00:55:24,205 - INFO: Move rejected due to water leaving the GCMC sphere
2021-03-25 00:55:27,886 - INFO: 184 move(s) completed (1 accepted (0.5435 %)). Current N = 1. Average N = 0.995
2021-03-25 00:55:48,979 - INFO: Move rejected due to water leaving the GCMC sphere
2021-03-25 00:55:52,509 - INFO: 185 move(s) completed (1 accepted (0.5405 %)). Current N = 1. Average N = 0.995
2021-03-25 00:56:13,449 - INFO: Move rejected due to water leaving the GCMC sphere
2021-03-25 00:56:17,050 - INFO: 186 move(s) completed (1 accepted (0.5376 %)). Current N = 1. Average N = 0.995
2021-03-25 00:56:38,356 - INFO: Move rejected due to water leaving the GCMC sphere
2021-03-25 00:56:42,014 - INFO: 187 move(s) completed (1 accepted (0.5348 %)). Current N = 1. Average N = 0.995
2021-03-25 00:57:03,509 - INFO: Move rejected due to water leaving the GCMC sphere
2021-03-25 00:57:07,124 - INFO: 188 move(s) completed (1 accepted (0.5319 %)). Current N = 1. Average N = 0.995
2021-03-25 00:57:28,508 - INFO: Move rejected due to water leaving the GCMC sphere
2021-03-25 00:57:31,938 - INFO: 189 move(s) completed (1 accepted (0.5291 %)). Current N = 1. Average N = 0.995
2021-03-25 00:57:57,273 - INFO: 190 move(s) completed (1 accepted (0.5263 %)). Current N = 1. Average N = 0.995
2021-03-25 00:58:21,966 - INFO: 191 move(s) completed (1 accepted (0.5236 %)). Current N = 1. Average N = 0.995
2021-03-25 00:58:42,995 - INFO: Move rejected due to water leaving the GCMC sphere
2021-03-25 00:58:46,620 - INFO: 192 move(s) completed (1 accepted (0.5208 %)). Current N = 1. Average N = 0.995
2021-03-25 00:59:11,204 - INFO: 193 move(s) completed (1 accepted (0.5181 %)). Current N = 1. Average N = 0.995
2021-03-25 00:59:32,311 - INFO: Move rejected due to water leaving the GCMC sphere
2021-03-25 00:59:35,991 - INFO: 194 move(s) completed (1 accepted (0.5155 %)). Current N = 1. Average N = 0.995
2021-03-25 00:59:57,241 - INFO: Move rejected due to water leaving the GCMC sphere
2021-03-25 01:00:00,922 - INFO: 195 move(s) completed (1 accepted (0.5128 %)). Current N = 1. Average N = 0.995
2021-03-25 01:00:22,078 - INFO: Move rejected due to water leaving the GCMC sphere
2021-03-25 01:00:25,745 - INFO: 196 move(s) completed (1 accepted (0.5102 %)). Current N = 1. Average N = 0.995
2021-03-25 01:00:46,742 - INFO: Move rejected due to water leaving the GCMC sphere
2021-03-25 01:00:50,482 - INFO: 197 move(s) completed (1 accepted (0.5076 %)). Current N = 1. Average N = 0.995
2021-03-25 01:01:11,914 - INFO: Move rejected due to water leaving the GCMC sphere
2021-03-25 01:01:15,581 - INFO: 198 move(s) completed (1 accepted (0.5051 %)). Current N = 1. Average N = 0.995
2021-03-25 01:01:40,776 - INFO: 199 move(s) completed (1 accepted (0.5025 %)). Current N = 1. Average N = 0.995
2021-03-25 01:02:02,568 - INFO: Move rejected due to water leaving the GCMC sphere
2021-03-25 01:02:06,216 - INFO: 200 move(s) completed (1 accepted (0.5000 %)). Current N = 1. Average N = 0.995
2021-03-25 01:02:27,863 - INFO: Move rejected due to water leaving the GCMC sphere
2021-03-25 01:02:31,383 - INFO: 201 move(s) completed (1 accepted (0.4975 %)). Current N = 1. Average N = 0.995
2021-03-25 01:02:53,280 - INFO: Move rejected due to water leaving the GCMC sphere
2021-03-25 01:02:56,736 - INFO: 202 move(s) completed (1 accepted (0.4950 %)). Current N = 1. Average N = 0.995
2021-03-25 01:03:18,388 - INFO: Move rejected due to water leaving the GCMC sphere
2021-03-25 01:03:21,979 - INFO: 203 move(s) completed (1 accepted (0.4926 %)). Current N = 1. Average N = 0.995
2021-03-25 01:03:47,428 - INFO: 204 move(s) completed (1 accepted (0.4902 %)). Current N = 1. Average N = 0.995
2021-03-25 01:04:11,798 - INFO: 205 move(s) completed (1 accepted (0.4878 %)). Current N = 1. Average N = 0.995
2021-03-25 01:04:33,057 - INFO: Move rejected due to water leaving the GCMC sphere
2021-03-25 01:04:36,603 - INFO: 206 move(s) completed (1 accepted (0.4854 %)). Current N = 1. Average N = 0.995
2021-03-25 01:04:57,824 - INFO: Move rejected due to water leaving the GCMC sphere
2021-03-25 01:05:01,510 - INFO: 207 move(s) completed (1 accepted (0.4831 %)). Current N = 1. Average N = 0.995
2021-03-25 01:05:26,560 - INFO: 208 move(s) completed (1 accepted (0.4808 %)). Current N = 1. Average N = 0.995
2021-03-25 01:05:47,752 - INFO: Move rejected due to water leaving the GCMC sphere
2021-03-25 01:05:51,413 - INFO: 209 move(s) completed (1 accepted (0.4785 %)). Current N = 1. Average N = 0.995
2021-03-25 01:06:12,602 - INFO: Move rejected due to water leaving the GCMC sphere
2021-03-25 01:06:16,275 - INFO: 210 move(s) completed (1 accepted (0.4762 %)). Current N = 1. Average N = 0.995
2021-03-25 01:06:37,374 - INFO: Move rejected due to water leaving the GCMC sphere
2021-03-25 01:06:41,057 - INFO: 211 move(s) completed (1 accepted (0.4739 %)). Current N = 1. Average N = 0.995
2021-03-25 01:07:05,946 - INFO: 212 move(s) completed (1 accepted (0.4717 %)). Current N = 1. Average N = 0.995
2021-03-25 01:07:31,235 - INFO: 213 move(s) completed (1 accepted (0.4695 %)). Current N = 1. Average N = 0.995
2021-03-25 01:07:53,205 - INFO: Move rejected due to water leaving the GCMC sphere
2021-03-25 01:07:56,661 - INFO: 214 move(s) completed (1 accepted (0.4673 %)). Current N = 1. Average N = 0.995
2021-03-25 01:08:17,610 - INFO: Move rejected due to water leaving the GCMC sphere
2021-03-25 01:08:21,190 - INFO: 215 move(s) completed (1 accepted (0.4651 %)). Current N = 1. Average N = 0.995
2021-03-25 01:08:45,837 - INFO: 216 move(s) completed (1 accepted (0.4630 %)). Current N = 1. Average N = 0.995
2021-03-25 01:09:10,398 - INFO: 217 move(s) completed (1 accepted (0.4608 %)). Current N = 1. Average N = 0.995
2021-03-25 01:09:35,196 - INFO: 218 move(s) completed (1 accepted (0.4587 %)). Current N = 1. Average N = 0.995
2021-03-25 01:09:56,057 - INFO: Move rejected due to water leaving the GCMC sphere
2021-03-25 01:09:59,646 - INFO: 219 move(s) completed (1 accepted (0.4566 %)). Current N = 1. Average N = 0.995
2021-03-25 01:10:24,214 - INFO: 220 move(s) completed (1 accepted (0.4545 %)). Current N = 1. Average N = 0.996
2021-03-25 01:10:45,840 - INFO: Move rejected due to water leaving the GCMC sphere
2021-03-25 01:10:49,409 - INFO: 221 move(s) completed (1 accepted (0.4525 %)). Current N = 1. Average N = 0.996
2021-03-25 01:11:14,771 - INFO: 222 move(s) completed (1 accepted (0.4505 %)). Current N = 1. Average N = 0.996
2021-03-25 01:11:40,190 - INFO: 223 move(s) completed (1 accepted (0.4484 %)). Current N = 1. Average N = 0.996
2021-03-25 01:12:05,769 - INFO: 224 move(s) completed (1 accepted (0.4464 %)). Current N = 1. Average N = 0.996
2021-03-25 01:12:26,599 - INFO: Move rejected due to water leaving the GCMC sphere
2021-03-25 01:12:30,265 - INFO: 225 move(s) completed (1 accepted (0.4444 %)). Current N = 1. Average N = 0.996
2021-03-25 01:12:55,065 - INFO: 226 move(s) completed (1 accepted (0.4425 %)). Current N = 1. Average N = 0.996
2021-03-25 01:13:19,721 - INFO: 227 move(s) completed (1 accepted (0.4405 %)). Current N = 1. Average N = 0.996
2021-03-25 01:13:40,880 - INFO: Move rejected due to water leaving the GCMC sphere
2021-03-25 01:13:44,373 - INFO: 228 move(s) completed (1 accepted (0.4386 %)). Current N = 1. Average N = 0.996
2021-03-25 01:14:05,733 - INFO: Move rejected due to water leaving the GCMC sphere
2021-03-25 01:14:09,260 - INFO: 229 move(s) completed (1 accepted (0.4367 %)). Current N = 1. Average N = 0.996
2021-03-25 01:14:33,924 - INFO: 230 move(s) completed (1 accepted (0.4348 %)). Current N = 1. Average N = 0.996
2021-03-25 01:14:59,113 - INFO: 231 move(s) completed (1 accepted (0.4329 %)). Current N = 1. Average N = 0.996
2021-03-25 01:15:24,284 - INFO: 232 move(s) completed (1 accepted (0.4310 %)). Current N = 1. Average N = 0.996
2021-03-25 01:15:49,735 - INFO: 233 move(s) completed (1 accepted (0.4292 %)). Current N = 1. Average N = 0.996
2021-03-25 01:16:14,415 - INFO: 234 move(s) completed (1 accepted (0.4274 %)). Current N = 1. Average N = 0.996
2021-03-25 01:16:36,325 - INFO: Move rejected due to water leaving the GCMC sphere
2021-03-25 01:16:39,999 - INFO: 235 move(s) completed (1 accepted (0.4255 %)). Current N = 1. Average N = 0.996
2021-03-25 01:17:01,102 - INFO: Move rejected due to water leaving the GCMC sphere
2021-03-25 01:17:04,766 - INFO: 236 move(s) completed (1 accepted (0.4237 %)). Current N = 1. Average N = 0.996
2021-03-25 01:17:29,636 - INFO: 237 move(s) completed (1 accepted (0.4219 %)). Current N = 1. Average N = 0.996
2021-03-25 01:17:50,780 - INFO: Move rejected due to water leaving the GCMC sphere
2021-03-25 01:17:54,393 - INFO: 238 move(s) completed (1 accepted (0.4202 %)). Current N = 1. Average N = 0.996
2021-03-25 01:18:19,063 - INFO: 239 move(s) completed (1 accepted (0.4184 %)). Current N = 1. Average N = 0.996
2021-03-25 01:18:40,531 - INFO: Move rejected due to water leaving the GCMC sphere
2021-03-25 01:18:44,061 - INFO: 240 move(s) completed (1 accepted (0.4167 %)). Current N = 1. Average N = 0.996
2021-03-25 01:19:05,619 - INFO: Move rejected due to water leaving the GCMC sphere
2021-03-25 01:19:09,306 - INFO: 241 move(s) completed (1 accepted (0.4149 %)). Current N = 1. Average N = 0.996
2021-03-25 01:19:34,471 - INFO: 242 move(s) completed (1 accepted (0.4132 %)). Current N = 1. Average N = 0.996
2021-03-25 01:19:55,414 - INFO: Move rejected due to water leaving the GCMC sphere
2021-03-25 01:19:59,031 - INFO: 243 move(s) completed (1 accepted (0.4115 %)). Current N = 1. Average N = 0.996
2021-03-25 01:20:23,631 - INFO: 244 move(s) completed (1 accepted (0.4098 %)). Current N = 1. Average N = 0.996
2021-03-25 01:20:44,380 - INFO: Move rejected due to water leaving the GCMC sphere
2021-03-25 01:20:47,927 - INFO: 245 move(s) completed (1 accepted (0.4082 %)). Current N = 1. Average N = 0.996
2021-03-25 01:21:09,910 - INFO: Move rejected due to water leaving the GCMC sphere
2021-03-25 01:21:13,295 - INFO: 246 move(s) completed (1 accepted (0.4065 %)). Current N = 1. Average N = 0.996
2021-03-25 01:21:34,382 - INFO: Move rejected due to water leaving the GCMC sphere
2021-03-25 01:21:38,066 - INFO: 247 move(s) completed (1 accepted (0.4049 %)). Current N = 1. Average N = 0.996
2021-03-25 01:21:59,276 - INFO: Move rejected due to water leaving the GCMC sphere
2021-03-25 01:22:02,954 - INFO: 248 move(s) completed (1 accepted (0.4032 %)). Current N = 1. Average N = 0.996
2021-03-25 01:22:27,947 - INFO: 249 move(s) completed (1 accepted (0.4016 %)). Current N = 1. Average N = 0.996
2021-03-25 01:22:49,463 - INFO: Move rejected due to water leaving the GCMC sphere
2021-03-25 01:22:53,145 - INFO: 250 move(s) completed (1 accepted (0.4000 %)). Current N = 1. Average N = 0.996
2021-03-25 01:23:18,324 - INFO: 251 move(s) completed (1 accepted (0.3984 %)). Current N = 1. Average N = 0.996
2021-03-25 01:23:43,400 - INFO: 252 move(s) completed (1 accepted (0.3968 %)). Current N = 1. Average N = 0.996
2021-03-25 01:24:08,526 - INFO: 253 move(s) completed (1 accepted (0.3953 %)). Current N = 1. Average N = 0.996
2021-03-25 01:24:29,739 - INFO: Move rejected due to water leaving the GCMC sphere
2021-03-25 01:24:33,252 - INFO: 254 move(s) completed (1 accepted (0.3937 %)). Current N = 1. Average N = 0.996
2021-03-25 01:24:54,937 - INFO: Move rejected due to water leaving the GCMC sphere
2021-03-25 01:24:58,490 - INFO: 255 move(s) completed (1 accepted (0.3922 %)). Current N = 1. Average N = 0.996
2021-03-25 01:25:20,240 - INFO: Move rejected due to water leaving the GCMC sphere
2021-03-25 01:25:23,796 - INFO: 256 move(s) completed (1 accepted (0.3906 %)). Current N = 1. Average N = 0.996
2021-03-25 01:25:44,829 - INFO: Move rejected due to water leaving the GCMC sphere
2021-03-25 01:25:48,409 - INFO: 257 move(s) completed (1 accepted (0.3891 %)). Current N = 1. Average N = 0.996
2021-03-25 01:26:13,365 - INFO: 258 move(s) completed (1 accepted (0.3876 %)). Current N = 1. Average N = 0.996
2021-03-25 01:26:38,029 - INFO: 259 move(s) completed (1 accepted (0.3861 %)). Current N = 1. Average N = 0.996
2021-03-25 01:26:59,425 - INFO: Move rejected due to water leaving the GCMC sphere
2021-03-25 01:27:03,106 - INFO: 260 move(s) completed (1 accepted (0.3846 %)). Current N = 1. Average N = 0.996
2021-03-25 01:27:24,253 - INFO: Move rejected due to water leaving the GCMC sphere
2021-03-25 01:27:27,929 - INFO: 261 move(s) completed (1 accepted (0.3831 %)). Current N = 1. Average N = 0.996
2021-03-25 01:27:53,238 - INFO: 262 move(s) completed (1 accepted (0.3817 %)). Current N = 1. Average N = 0.996
2021-03-25 01:28:14,151 - INFO: Move rejected due to water leaving the GCMC sphere
2021-03-25 01:28:17,829 - INFO: 263 move(s) completed (1 accepted (0.3802 %)). Current N = 1. Average N = 0.996
2021-03-25 01:28:39,582 - INFO: Move rejected due to water leaving the GCMC sphere
2021-03-25 01:28:43,242 - INFO: 264 move(s) completed (1 accepted (0.3788 %)). Current N = 1. Average N = 0.996
2021-03-25 01:29:05,147 - INFO: Move rejected due to water leaving the GCMC sphere
2021-03-25 01:29:08,577 - INFO: 265 move(s) completed (1 accepted (0.3774 %)). Current N = 1. Average N = 0.996
2021-03-25 01:29:30,426 - INFO: Move rejected due to water leaving the GCMC sphere
2021-03-25 01:29:34,040 - INFO: 266 move(s) completed (1 accepted (0.3759 %)). Current N = 1. Average N = 0.996
2021-03-25 01:29:55,773 - INFO: Move rejected due to water leaving the GCMC sphere
2021-03-25 01:29:59,325 - INFO: 267 move(s) completed (1 accepted (0.3745 %)). Current N = 1. Average N = 0.996
2021-03-25 01:30:20,385 - INFO: Move rejected due to water leaving the GCMC sphere
2021-03-25 01:30:23,926 - INFO: 268 move(s) completed (1 accepted (0.3731 %)). Current N = 1. Average N = 0.996
2021-03-25 01:30:48,642 - INFO: 269 move(s) completed (1 accepted (0.3717 %)). Current N = 1. Average N = 0.996
2021-03-25 01:31:09,983 - INFO: Move rejected due to water leaving the GCMC sphere
2021-03-25 01:31:13,665 - INFO: 270 move(s) completed (1 accepted (0.3704 %)). Current N = 1. Average N = 0.996
2021-03-25 01:31:38,635 - INFO: 271 move(s) completed (1 accepted (0.3690 %)). Current N = 1. Average N = 0.996
2021-03-25 01:32:03,852 - INFO: 272 move(s) completed (1 accepted (0.3676 %)). Current N = 1. Average N = 0.996
2021-03-25 01:32:29,135 - INFO: 273 move(s) completed (1 accepted (0.3663 %)). Current N = 1. Average N = 0.996
2021-03-25 01:32:54,522 - INFO: 274 move(s) completed (1 accepted (0.3650 %)). Current N = 1. Average N = 0.996
2021-03-25 01:33:19,974 - INFO: 275 move(s) completed (1 accepted (0.3636 %)). Current N = 1. Average N = 0.996
2021-03-25 01:33:40,961 - INFO: Move rejected due to water leaving the GCMC sphere
2021-03-25 01:33:44,634 - INFO: 276 move(s) completed (1 accepted (0.3623 %)). Current N = 1. Average N = 0.996
2021-03-25 01:34:09,402 - INFO: 277 move(s) completed (1 accepted (0.3610 %)). Current N = 1. Average N = 0.996
2021-03-25 01:34:34,010 - INFO: 278 move(s) completed (1 accepted (0.3597 %)). Current N = 1. Average N = 0.996
2021-03-25 01:34:58,669 - INFO: 279 move(s) completed (1 accepted (0.3584 %)). Current N = 1. Average N = 0.996
2021-03-25 01:35:23,100 - INFO: 280 move(s) completed (1 accepted (0.3571 %)). Current N = 1. Average N = 0.996
2021-03-25 01:35:47,573 - INFO: 281 move(s) completed (1 accepted (0.3559 %)). Current N = 1. Average N = 0.996
2021-03-25 01:36:12,329 - INFO: 282 move(s) completed (1 accepted (0.3546 %)). Current N = 1. Average N = 0.997
2021-03-25 01:36:37,378 - INFO: 283 move(s) completed (1 accepted (0.3534 %)). Current N = 1. Average N = 0.997
2021-03-25 01:36:58,760 - INFO: Move rejected due to water leaving the GCMC sphere
2021-03-25 01:37:02,348 - INFO: 284 move(s) completed (1 accepted (0.3521 %)). Current N = 1. Average N = 0.997
2021-03-25 01:37:23,365 - INFO: Move rejected due to water leaving the GCMC sphere
2021-03-25 01:37:26,915 - INFO: 285 move(s) completed (1 accepted (0.3509 %)). Current N = 1. Average N = 0.997
2021-03-25 01:37:48,680 - INFO: Move rejected due to water leaving the GCMC sphere
2021-03-25 01:37:52,347 - INFO: 286 move(s) completed (1 accepted (0.3497 %)). Current N = 1. Average N = 0.997
2021-03-25 01:38:17,841 - INFO: 287 move(s) completed (1 accepted (0.3484 %)). Current N = 1. Average N = 0.997
2021-03-25 01:38:39,744 - INFO: Move rejected due to water leaving the GCMC sphere
2021-03-25 01:38:43,421 - INFO: 288 move(s) completed (1 accepted (0.3472 %)). Current N = 1. Average N = 0.997
2021-03-25 01:39:08,176 - INFO: 289 move(s) completed (1 accepted (0.3460 %)). Current N = 1. Average N = 0.997
2021-03-25 01:39:33,049 - INFO: 290 move(s) completed (1 accepted (0.3448 %)). Current N = 1. Average N = 0.997
