2021-03-25 09:43:39,231 - INFO: kT = 0.5921875708469466 kcal/mol
2021-03-25 09:43:44,535 - INFO: BaseGrandCanonicalMonteCarloSampler object initialised
2021-03-25 09:43:44,535 - INFO: GCMC sphere is based on reference atom IDs: [887, 1837]
2021-03-25 09:43:44,535 - INFO: GCMC sphere radius is 6 A
2021-03-25 09:43:44,536 - INFO: Simulating at an Adams (B) value of -6.888845176169922
2021-03-25 09:43:44,536 - INFO: GCMCSphereSampler object initialised
2021-03-25 09:43:44,536 - INFO: Each NCMC move will be executed over a total of 13.0 ps
2021-03-25 09:43:44,537 - INFO: NonequilibriumGCMCSphereSampler object initialised
2021-03-25 09:44:15,533 - INFO: Move rejected due to water leaving the GCMC sphere
2021-03-25 09:44:19,047 - INFO: 1 move(s) completed (0 accepted (0.0000 %)). Current N = 0. Average N = 0.000
2021-03-25 09:44:24,927 - INFO: 2 move(s) completed (0 accepted (0.0000 %)). Current N = 0. Average N = 0.000
2021-03-25 09:44:30,782 - INFO: 3 move(s) completed (0 accepted (0.0000 %)). Current N = 0. Average N = 0.000
2021-03-25 09:44:55,071 - INFO: Move rejected due to water leaving the GCMC sphere
2021-03-25 09:44:58,732 - INFO: 4 move(s) completed (0 accepted (0.0000 %)). Current N = 0. Average N = 0.000
2021-03-25 09:45:23,057 - INFO: Move rejected due to water leaving the GCMC sphere
2021-03-25 09:45:26,719 - INFO: 5 move(s) completed (0 accepted (0.0000 %)). Current N = 0. Average N = 0.000
2021-03-25 09:45:54,010 - INFO: 6 move(s) completed (0 accepted (0.0000 %)). Current N = 0. Average N = 0.000
2021-03-25 09:46:00,090 - INFO: 7 move(s) completed (0 accepted (0.0000 %)). Current N = 0. Average N = 0.000
2021-03-25 09:46:06,035 - INFO: 8 move(s) completed (0 accepted (0.0000 %)). Current N = 0. Average N = 0.000
2021-03-25 09:46:11,822 - INFO: 9 move(s) completed (0 accepted (0.0000 %)). Current N = 0. Average N = 0.000
2021-03-25 09:46:17,410 - INFO: 10 move(s) completed (0 accepted (0.0000 %)). Current N = 0. Average N = 0.000
2021-03-25 09:46:23,274 - INFO: 11 move(s) completed (0 accepted (0.0000 %)). Current N = 0. Average N = 0.000
2021-03-25 09:46:29,147 - INFO: 12 move(s) completed (0 accepted (0.0000 %)). Current N = 0. Average N = 0.000
2021-03-25 09:46:56,217 - INFO: 13 move(s) completed (0 accepted (0.0000 %)). Current N = 0. Average N = 0.000
2021-03-25 09:47:20,000 - INFO: Move rejected due to water leaving the GCMC sphere
2021-03-25 09:47:23,666 - INFO: 14 move(s) completed (0 accepted (0.0000 %)). Current N = 0. Average N = 0.000
2021-03-25 09:47:29,694 - INFO: 15 move(s) completed (0 accepted (0.0000 %)). Current N = 0. Average N = 0.000
2021-03-25 09:47:35,349 - INFO: 16 move(s) completed (0 accepted (0.0000 %)). Current N = 0. Average N = 0.000
2021-03-25 09:47:58,988 - INFO: Move rejected due to water leaving the GCMC sphere
2021-03-25 09:48:02,755 - INFO: 17 move(s) completed (0 accepted (0.0000 %)). Current N = 0. Average N = 0.000
2021-03-25 09:48:26,852 - INFO: Move rejected due to water leaving the GCMC sphere
2021-03-25 09:48:30,519 - INFO: 18 move(s) completed (0 accepted (0.0000 %)). Current N = 0. Average N = 0.000
2021-03-25 09:48:54,659 - INFO: Move rejected due to water leaving the GCMC sphere
2021-03-25 09:48:58,324 - INFO: 19 move(s) completed (0 accepted (0.0000 %)). Current N = 0. Average N = 0.000
2021-03-25 09:49:03,968 - INFO: 20 move(s) completed (0 accepted (0.0000 %)). Current N = 0. Average N = 0.000
2021-03-25 09:49:09,774 - INFO: 21 move(s) completed (0 accepted (0.0000 %)). Current N = 0. Average N = 0.000
2021-03-25 09:49:15,607 - INFO: 22 move(s) completed (0 accepted (0.0000 %)). Current N = 0. Average N = 0.000
2021-03-25 09:49:43,048 - INFO: 23 move(s) completed (0 accepted (0.0000 %)). Current N = 0. Average N = 0.000
2021-03-25 09:50:06,367 - INFO: Move rejected due to water leaving the GCMC sphere
2021-03-25 09:50:09,929 - INFO: 24 move(s) completed (0 accepted (0.0000 %)). Current N = 0. Average N = 0.000
2021-03-25 09:50:15,834 - INFO: 25 move(s) completed (0 accepted (0.0000 %)). Current N = 0. Average N = 0.000
2021-03-25 09:50:21,709 - INFO: 26 move(s) completed (0 accepted (0.0000 %)). Current N = 0. Average N = 0.000
2021-03-25 09:50:45,369 - INFO: Move rejected due to water leaving the GCMC sphere
2021-03-25 09:50:49,153 - INFO: 27 move(s) completed (0 accepted (0.0000 %)). Current N = 0. Average N = 0.000
2021-03-25 09:51:16,036 - INFO: 28 move(s) completed (0 accepted (0.0000 %)). Current N = 0. Average N = 0.000
2021-03-25 09:51:22,048 - INFO: 29 move(s) completed (0 accepted (0.0000 %)). Current N = 0. Average N = 0.000
2021-03-25 09:51:27,928 - INFO: 30 move(s) completed (0 accepted (0.0000 %)). Current N = 0. Average N = 0.000
2021-03-25 09:51:55,229 - INFO: 31 move(s) completed (0 accepted (0.0000 %)). Current N = 0. Average N = 0.000
2021-03-25 09:52:01,013 - INFO: 32 move(s) completed (0 accepted (0.0000 %)). Current N = 0. Average N = 0.000
2021-03-25 09:52:06,951 - INFO: 33 move(s) completed (0 accepted (0.0000 %)). Current N = 0. Average N = 0.000
2021-03-25 09:52:30,398 - INFO: Move rejected due to water leaving the GCMC sphere
2021-03-25 09:52:33,850 - INFO: 34 move(s) completed (0 accepted (0.0000 %)). Current N = 0. Average N = 0.000
2021-03-25 09:52:39,672 - INFO: 35 move(s) completed (0 accepted (0.0000 %)). Current N = 0. Average N = 0.000
2021-03-25 09:53:03,501 - INFO: Move rejected due to water leaving the GCMC sphere
2021-03-25 09:53:07,053 - INFO: 36 move(s) completed (0 accepted (0.0000 %)). Current N = 0. Average N = 0.000
2021-03-25 09:53:13,020 - INFO: 37 move(s) completed (0 accepted (0.0000 %)). Current N = 0. Average N = 0.000
2021-03-25 09:53:18,868 - INFO: 38 move(s) completed (0 accepted (0.0000 %)). Current N = 0. Average N = 0.000
2021-03-25 09:53:42,958 - INFO: Move rejected due to water leaving the GCMC sphere
2021-03-25 09:53:46,615 - INFO: 39 move(s) completed (0 accepted (0.0000 %)). Current N = 0. Average N = 0.000
2021-03-25 09:54:10,803 - INFO: Move rejected due to water leaving the GCMC sphere
2021-03-25 09:54:14,471 - INFO: 40 move(s) completed (0 accepted (0.0000 %)). Current N = 0. Average N = 0.000
2021-03-25 09:54:20,381 - INFO: 41 move(s) completed (0 accepted (0.0000 %)). Current N = 0. Average N = 0.000
2021-03-25 09:54:26,189 - INFO: 42 move(s) completed (0 accepted (0.0000 %)). Current N = 0. Average N = 0.000
2021-03-25 09:54:31,757 - INFO: 43 move(s) completed (0 accepted (0.0000 %)). Current N = 0. Average N = 0.000
2021-03-25 09:54:37,568 - INFO: 44 move(s) completed (0 accepted (0.0000 %)). Current N = 0. Average N = 0.000
2021-03-25 09:54:43,476 - INFO: 45 move(s) completed (0 accepted (0.0000 %)). Current N = 0. Average N = 0.000
2021-03-25 09:54:49,341 - INFO: 46 move(s) completed (0 accepted (0.0000 %)). Current N = 0. Average N = 0.000
2021-03-25 09:54:55,180 - INFO: 47 move(s) completed (0 accepted (0.0000 %)). Current N = 0. Average N = 0.000
2021-03-25 09:55:22,237 - INFO: 48 move(s) completed (0 accepted (0.0000 %)). Current N = 0. Average N = 0.000
2021-03-25 09:55:45,759 - INFO: Move rejected due to water leaving the GCMC sphere
2021-03-25 09:55:49,537 - INFO: 49 move(s) completed (0 accepted (0.0000 %)). Current N = 0. Average N = 0.000
2021-03-25 09:56:13,302 - INFO: Move rejected due to water leaving the GCMC sphere
2021-03-25 09:56:16,977 - INFO: 50 move(s) completed (0 accepted (0.0000 %)). Current N = 0. Average N = 0.000
2021-03-25 09:56:22,988 - INFO: 51 move(s) completed (0 accepted (0.0000 %)). Current N = 0. Average N = 0.000
2021-03-25 09:56:46,554 - INFO: Move rejected due to water leaving the GCMC sphere
2021-03-25 09:56:50,336 - INFO: 52 move(s) completed (0 accepted (0.0000 %)). Current N = 0. Average N = 0.000
2021-03-25 09:57:17,924 - INFO: 53 move(s) completed (1 accepted (1.8868 %)). Current N = 1. Average N = 0.019
2021-03-25 09:57:44,930 - INFO: 54 move(s) completed (1 accepted (1.8519 %)). Current N = 1. Average N = 0.037
2021-03-25 09:58:08,301 - INFO: Move rejected due to water leaving the GCMC sphere
2021-03-25 09:58:11,964 - INFO: 55 move(s) completed (1 accepted (1.8182 %)). Current N = 1. Average N = 0.054
2021-03-25 09:58:36,052 - INFO: Move rejected due to water leaving the GCMC sphere
2021-03-25 09:58:40,242 - INFO: 56 move(s) completed (1 accepted (1.7857 %)). Current N = 1. Average N = 0.071
2021-03-25 09:59:07,290 - INFO: 57 move(s) completed (1 accepted (1.7544 %)). Current N = 1. Average N = 0.088
2021-03-25 09:59:34,284 - INFO: 58 move(s) completed (1 accepted (1.7241 %)). Current N = 1. Average N = 0.103
2021-03-25 09:59:57,779 - INFO: Move rejected due to water leaving the GCMC sphere
2021-03-25 10:00:01,174 - INFO: 59 move(s) completed (1 accepted (1.6949 %)). Current N = 1. Average N = 0.119
2021-03-25 10:00:28,144 - INFO: 60 move(s) completed (1 accepted (1.6667 %)). Current N = 1. Average N = 0.133
2021-03-25 10:00:51,793 - INFO: Move rejected due to water leaving the GCMC sphere
2021-03-25 10:00:55,207 - INFO: 61 move(s) completed (1 accepted (1.6393 %)). Current N = 1. Average N = 0.147
2021-03-25 10:01:22,658 - INFO: 62 move(s) completed (1 accepted (1.6129 %)). Current N = 1. Average N = 0.161
2021-03-25 10:01:46,508 - INFO: Move rejected due to water leaving the GCMC sphere
2021-03-25 10:01:50,101 - INFO: 63 move(s) completed (1 accepted (1.5873 %)). Current N = 1. Average N = 0.175
2021-03-25 10:02:16,936 - INFO: 64 move(s) completed (1 accepted (1.5625 %)). Current N = 1. Average N = 0.188
2021-03-25 10:02:43,790 - INFO: 65 move(s) completed (1 accepted (1.5385 %)). Current N = 1. Average N = 0.200
2021-03-25 10:03:07,155 - INFO: Move rejected due to water leaving the GCMC sphere
2021-03-25 10:03:10,831 - INFO: 66 move(s) completed (1 accepted (1.5152 %)). Current N = 1. Average N = 0.212
2021-03-25 10:03:38,127 - INFO: 67 move(s) completed (1 accepted (1.4925 %)). Current N = 1. Average N = 0.224
2021-03-25 10:04:05,663 - INFO: 68 move(s) completed (1 accepted (1.4706 %)). Current N = 1. Average N = 0.235
2021-03-25 10:04:32,516 - INFO: 69 move(s) completed (1 accepted (1.4493 %)). Current N = 1. Average N = 0.246
2021-03-25 10:04:59,655 - INFO: 70 move(s) completed (1 accepted (1.4286 %)). Current N = 1. Average N = 0.257
2021-03-25 10:05:23,527 - INFO: Move rejected due to water leaving the GCMC sphere
2021-03-25 10:05:26,918 - INFO: 71 move(s) completed (1 accepted (1.4085 %)). Current N = 1. Average N = 0.268
2021-03-25 10:05:51,065 - INFO: Move rejected due to water leaving the GCMC sphere
2021-03-25 10:05:54,527 - INFO: 72 move(s) completed (1 accepted (1.3889 %)). Current N = 1. Average N = 0.278
2021-03-25 10:06:18,597 - INFO: Move rejected due to water leaving the GCMC sphere
2021-03-25 10:06:22,241 - INFO: 73 move(s) completed (1 accepted (1.3699 %)). Current N = 1. Average N = 0.288
2021-03-25 10:06:49,794 - INFO: 74 move(s) completed (1 accepted (1.3514 %)). Current N = 1. Average N = 0.297
2021-03-25 10:07:13,147 - INFO: Move rejected due to water leaving the GCMC sphere
2021-03-25 10:07:16,691 - INFO: 75 move(s) completed (1 accepted (1.3333 %)). Current N = 1. Average N = 0.307
2021-03-25 10:07:40,104 - INFO: Move rejected due to water leaving the GCMC sphere
2021-03-25 10:07:43,777 - INFO: 76 move(s) completed (1 accepted (1.3158 %)). Current N = 1. Average N = 0.316
2021-03-25 10:08:11,065 - INFO: 77 move(s) completed (1 accepted (1.2987 %)). Current N = 1. Average N = 0.325
2021-03-25 10:08:34,550 - INFO: Move rejected due to water leaving the GCMC sphere
2021-03-25 10:08:38,232 - INFO: 78 move(s) completed (1 accepted (1.2821 %)). Current N = 1. Average N = 0.333
2021-03-25 10:09:05,259 - INFO: 79 move(s) completed (1 accepted (1.2658 %)). Current N = 1. Average N = 0.342
2021-03-25 10:09:29,441 - INFO: Move rejected due to water leaving the GCMC sphere
2021-03-25 10:09:33,106 - INFO: 80 move(s) completed (1 accepted (1.2500 %)). Current N = 1. Average N = 0.350
2021-03-25 10:09:57,161 - INFO: Move rejected due to water leaving the GCMC sphere
2021-03-25 10:10:00,841 - INFO: 81 move(s) completed (1 accepted (1.2346 %)). Current N = 1. Average N = 0.358
2021-03-25 10:10:27,682 - INFO: 82 move(s) completed (1 accepted (1.2195 %)). Current N = 1. Average N = 0.366
2021-03-25 10:10:54,737 - INFO: 83 move(s) completed (1 accepted (1.2048 %)). Current N = 1. Average N = 0.373
2021-03-25 10:11:17,962 - INFO: Move rejected due to water leaving the GCMC sphere
2021-03-25 10:11:21,579 - INFO: 84 move(s) completed (1 accepted (1.1905 %)). Current N = 1. Average N = 0.381
2021-03-25 10:11:45,011 - INFO: Move rejected due to water leaving the GCMC sphere
2021-03-25 10:11:48,561 - INFO: 85 move(s) completed (1 accepted (1.1765 %)). Current N = 1. Average N = 0.388
2021-03-25 10:12:15,573 - INFO: 86 move(s) completed (1 accepted (1.1628 %)). Current N = 1. Average N = 0.395
2021-03-25 10:12:39,200 - INFO: Move rejected due to water leaving the GCMC sphere
2021-03-25 10:12:42,745 - INFO: 87 move(s) completed (1 accepted (1.1494 %)). Current N = 1. Average N = 0.402
2021-03-25 10:13:06,458 - INFO: Move rejected due to water leaving the GCMC sphere
2021-03-25 10:13:10,065 - INFO: 88 move(s) completed (1 accepted (1.1364 %)). Current N = 1. Average N = 0.409
2021-03-25 10:13:37,558 - INFO: 89 move(s) completed (1 accepted (1.1236 %)). Current N = 1. Average N = 0.416
2021-03-25 10:14:00,781 - INFO: Move rejected due to water leaving the GCMC sphere
2021-03-25 10:14:04,445 - INFO: 90 move(s) completed (1 accepted (1.1111 %)). Current N = 1. Average N = 0.422
2021-03-25 10:14:28,482 - INFO: Move rejected due to water leaving the GCMC sphere
2021-03-25 10:14:32,164 - INFO: 91 move(s) completed (1 accepted (1.0989 %)). Current N = 1. Average N = 0.429
2021-03-25 10:15:00,110 - INFO: 92 move(s) completed (1 accepted (1.0870 %)). Current N = 1. Average N = 0.435
2021-03-25 10:15:27,166 - INFO: 93 move(s) completed (1 accepted (1.0753 %)). Current N = 1. Average N = 0.441
2021-03-25 10:15:50,726 - INFO: Move rejected due to water leaving the GCMC sphere
2021-03-25 10:15:54,512 - INFO: 94 move(s) completed (1 accepted (1.0638 %)). Current N = 1. Average N = 0.447
2021-03-25 10:16:17,983 - INFO: Move rejected due to water leaving the GCMC sphere
2021-03-25 10:16:21,662 - INFO: 95 move(s) completed (1 accepted (1.0526 %)). Current N = 1. Average N = 0.453
2021-03-25 10:16:45,545 - INFO: Move rejected due to water leaving the GCMC sphere
2021-03-25 10:16:49,226 - INFO: 96 move(s) completed (1 accepted (1.0417 %)). Current N = 1. Average N = 0.458
2021-03-25 10:17:12,984 - INFO: Move rejected due to water leaving the GCMC sphere
2021-03-25 10:17:16,525 - INFO: 97 move(s) completed (1 accepted (1.0309 %)). Current N = 1. Average N = 0.464
2021-03-25 10:17:39,781 - INFO: Move rejected due to water leaving the GCMC sphere
2021-03-25 10:17:43,171 - INFO: 98 move(s) completed (1 accepted (1.0204 %)). Current N = 1. Average N = 0.469
2021-03-25 10:18:07,059 - INFO: Move rejected due to water leaving the GCMC sphere
2021-03-25 10:18:10,502 - INFO: 99 move(s) completed (1 accepted (1.0101 %)). Current N = 1. Average N = 0.475
2021-03-25 10:18:34,322 - INFO: Move rejected due to water leaving the GCMC sphere
2021-03-25 10:18:37,724 - INFO: 100 move(s) completed (1 accepted (1.0000 %)). Current N = 1. Average N = 0.480
2021-03-25 10:19:01,897 - INFO: Move rejected due to water leaving the GCMC sphere
2021-03-25 10:19:05,409 - INFO: 101 move(s) completed (1 accepted (0.9901 %)). Current N = 1. Average N = 0.485
2021-03-25 10:19:28,769 - INFO: Move rejected due to water leaving the GCMC sphere
2021-03-25 10:19:32,448 - INFO: 102 move(s) completed (1 accepted (0.9804 %)). Current N = 1. Average N = 0.490
2021-03-25 10:19:55,672 - INFO: Move rejected due to water leaving the GCMC sphere
2021-03-25 10:19:59,354 - INFO: 103 move(s) completed (1 accepted (0.9709 %)). Current N = 1. Average N = 0.495
2021-03-25 10:20:26,490 - INFO: 104 move(s) completed (1 accepted (0.9615 %)). Current N = 1. Average N = 0.500
2021-03-25 10:20:49,916 - INFO: Move rejected due to water leaving the GCMC sphere
2021-03-25 10:20:53,588 - INFO: 105 move(s) completed (1 accepted (0.9524 %)). Current N = 1. Average N = 0.505
2021-03-25 10:21:17,727 - INFO: Move rejected due to water leaving the GCMC sphere
2021-03-25 10:21:21,406 - INFO: 106 move(s) completed (1 accepted (0.9434 %)). Current N = 1. Average N = 0.509
2021-03-25 10:21:49,144 - INFO: 107 move(s) completed (1 accepted (0.9346 %)). Current N = 1. Average N = 0.514
2021-03-25 10:22:16,946 - INFO: 108 move(s) completed (1 accepted (0.9259 %)). Current N = 1. Average N = 0.518
2021-03-25 10:22:40,190 - INFO: Move rejected due to water leaving the GCMC sphere
2021-03-25 10:22:43,767 - INFO: 109 move(s) completed (1 accepted (0.9174 %)). Current N = 1. Average N = 0.523
2021-03-25 10:23:10,623 - INFO: 110 move(s) completed (1 accepted (0.9091 %)). Current N = 1. Average N = 0.527
2021-03-25 10:23:37,229 - INFO: 111 move(s) completed (1 accepted (0.9009 %)). Current N = 1. Average N = 0.531
2021-03-25 10:24:03,748 - INFO: 112 move(s) completed (1 accepted (0.8929 %)). Current N = 1. Average N = 0.536
2021-03-25 10:24:30,672 - INFO: 113 move(s) completed (1 accepted (0.8850 %)). Current N = 1. Average N = 0.540
2021-03-25 10:24:54,260 - INFO: Move rejected due to water leaving the GCMC sphere
2021-03-25 10:24:57,960 - INFO: 114 move(s) completed (1 accepted (0.8772 %)). Current N = 1. Average N = 0.544
2021-03-25 10:25:21,828 - INFO: Move rejected due to water leaving the GCMC sphere
2021-03-25 10:25:25,605 - INFO: 115 move(s) completed (1 accepted (0.8696 %)). Current N = 1. Average N = 0.548
2021-03-25 10:25:53,182 - INFO: 116 move(s) completed (1 accepted (0.8621 %)). Current N = 1. Average N = 0.552
2021-03-25 10:26:17,162 - INFO: Move rejected due to water leaving the GCMC sphere
2021-03-25 10:26:20,943 - INFO: 117 move(s) completed (1 accepted (0.8547 %)). Current N = 1. Average N = 0.556
2021-03-25 10:26:48,681 - INFO: 118 move(s) completed (1 accepted (0.8475 %)). Current N = 1. Average N = 0.559
2021-03-25 10:27:15,670 - INFO: 119 move(s) completed (1 accepted (0.8403 %)). Current N = 1. Average N = 0.563
2021-03-25 10:27:42,751 - INFO: 120 move(s) completed (1 accepted (0.8333 %)). Current N = 1. Average N = 0.567
2021-03-25 10:28:10,007 - INFO: 121 move(s) completed (1 accepted (0.8264 %)). Current N = 1. Average N = 0.570
2021-03-25 10:28:33,829 - INFO: Move rejected due to water leaving the GCMC sphere
2021-03-25 10:28:37,323 - INFO: 122 move(s) completed (1 accepted (0.8197 %)). Current N = 1. Average N = 0.574
2021-03-25 10:29:04,888 - INFO: 123 move(s) completed (1 accepted (0.8130 %)). Current N = 1. Average N = 0.577
2021-03-25 10:29:28,749 - INFO: Move rejected due to water leaving the GCMC sphere
2021-03-25 10:29:32,166 - INFO: 124 move(s) completed (1 accepted (0.8065 %)). Current N = 1. Average N = 0.581
2021-03-25 10:29:58,865 - INFO: 125 move(s) completed (1 accepted (0.8000 %)). Current N = 1. Average N = 0.584
2021-03-25 10:30:22,671 - INFO: Move rejected due to water leaving the GCMC sphere
2021-03-25 10:30:26,289 - INFO: 126 move(s) completed (1 accepted (0.7937 %)). Current N = 1. Average N = 0.587
2021-03-25 10:30:50,274 - INFO: Move rejected due to water leaving the GCMC sphere
2021-03-25 10:30:53,949 - INFO: 127 move(s) completed (1 accepted (0.7874 %)). Current N = 1. Average N = 0.591
2021-03-25 10:31:21,684 - INFO: 128 move(s) completed (1 accepted (0.7812 %)). Current N = 1. Average N = 0.594
2021-03-25 10:31:48,752 - INFO: 129 move(s) completed (1 accepted (0.7752 %)). Current N = 1. Average N = 0.597
2021-03-25 10:32:15,880 - INFO: 130 move(s) completed (1 accepted (0.7692 %)). Current N = 1. Average N = 0.600
2021-03-25 10:32:43,243 - INFO: 131 move(s) completed (1 accepted (0.7634 %)). Current N = 1. Average N = 0.603
2021-03-25 10:33:07,104 - INFO: Move rejected due to water leaving the GCMC sphere
2021-03-25 10:33:10,784 - INFO: 132 move(s) completed (1 accepted (0.7576 %)). Current N = 1. Average N = 0.606
2021-03-25 10:33:38,470 - INFO: 133 move(s) completed (1 accepted (0.7519 %)). Current N = 1. Average N = 0.609
2021-03-25 10:34:02,489 - INFO: Move rejected due to water leaving the GCMC sphere
2021-03-25 10:34:06,169 - INFO: 134 move(s) completed (1 accepted (0.7463 %)). Current N = 1. Average N = 0.612
2021-03-25 10:34:33,782 - INFO: 135 move(s) completed (1 accepted (0.7407 %)). Current N = 1. Average N = 0.615
2021-03-25 10:34:57,347 - INFO: Move rejected due to water leaving the GCMC sphere
2021-03-25 10:35:00,757 - INFO: 136 move(s) completed (1 accepted (0.7353 %)). Current N = 1. Average N = 0.618
2021-03-25 10:35:27,332 - INFO: 137 move(s) completed (1 accepted (0.7299 %)). Current N = 1. Average N = 0.620
2021-03-25 10:35:54,116 - INFO: 138 move(s) completed (1 accepted (0.7246 %)). Current N = 1. Average N = 0.623
2021-03-25 10:36:17,522 - INFO: Move rejected due to water leaving the GCMC sphere
2021-03-25 10:36:20,905 - INFO: 139 move(s) completed (1 accepted (0.7194 %)). Current N = 1. Average N = 0.626
2021-03-25 10:36:44,283 - INFO: Move rejected due to water leaving the GCMC sphere
2021-03-25 10:36:47,809 - INFO: 140 move(s) completed (1 accepted (0.7143 %)). Current N = 1. Average N = 0.629
2021-03-25 10:37:14,856 - INFO: 141 move(s) completed (1 accepted (0.7092 %)). Current N = 1. Average N = 0.631
2021-03-25 10:37:38,536 - INFO: Move rejected due to water leaving the GCMC sphere
2021-03-25 10:37:42,324 - INFO: 142 move(s) completed (1 accepted (0.7042 %)). Current N = 1. Average N = 0.634
2021-03-25 10:38:06,532 - INFO: Move rejected due to water leaving the GCMC sphere
2021-03-25 10:38:10,202 - INFO: 143 move(s) completed (1 accepted (0.6993 %)). Current N = 1. Average N = 0.636
2021-03-25 10:38:37,894 - INFO: 144 move(s) completed (1 accepted (0.6944 %)). Current N = 1. Average N = 0.639
2021-03-25 10:39:02,138 - INFO: Move rejected due to water leaving the GCMC sphere
2021-03-25 10:39:05,925 - INFO: 145 move(s) completed (1 accepted (0.6897 %)). Current N = 1. Average N = 0.641
2021-03-25 10:39:30,203 - INFO: Move rejected due to water leaving the GCMC sphere
2021-03-25 10:39:33,890 - INFO: 146 move(s) completed (1 accepted (0.6849 %)). Current N = 1. Average N = 0.644
2021-03-25 10:39:57,292 - INFO: Move rejected due to water leaving the GCMC sphere
2021-03-25 10:40:00,954 - INFO: 147 move(s) completed (1 accepted (0.6803 %)). Current N = 1. Average N = 0.646
2021-03-25 10:40:28,043 - INFO: 148 move(s) completed (1 accepted (0.6757 %)). Current N = 1. Average N = 0.649
2021-03-25 10:40:51,802 - INFO: Move rejected due to water leaving the GCMC sphere
2021-03-25 10:40:55,517 - INFO: 149 move(s) completed (1 accepted (0.6711 %)). Current N = 1. Average N = 0.651
2021-03-25 10:41:22,810 - INFO: 150 move(s) completed (1 accepted (0.6667 %)). Current N = 1. Average N = 0.653
2021-03-25 10:41:46,576 - INFO: Move rejected due to water leaving the GCMC sphere
2021-03-25 10:41:50,177 - INFO: 151 move(s) completed (1 accepted (0.6623 %)). Current N = 1. Average N = 0.656
2021-03-25 10:42:17,585 - INFO: 152 move(s) completed (1 accepted (0.6579 %)). Current N = 1. Average N = 0.658
2021-03-25 10:42:41,522 - INFO: Move rejected due to water leaving the GCMC sphere
2021-03-25 10:42:44,927 - INFO: 153 move(s) completed (1 accepted (0.6536 %)). Current N = 1. Average N = 0.660
2021-03-25 10:43:08,881 - INFO: Move rejected due to water leaving the GCMC sphere
2021-03-25 10:43:12,452 - INFO: 154 move(s) completed (1 accepted (0.6494 %)). Current N = 1. Average N = 0.662
2021-03-25 10:43:36,704 - INFO: Move rejected due to water leaving the GCMC sphere
2021-03-25 10:43:40,220 - INFO: 155 move(s) completed (1 accepted (0.6452 %)). Current N = 1. Average N = 0.664
2021-03-25 10:44:04,430 - INFO: Move rejected due to water leaving the GCMC sphere
2021-03-25 10:44:07,910 - INFO: 156 move(s) completed (1 accepted (0.6410 %)). Current N = 1. Average N = 0.667
2021-03-25 10:44:31,332 - INFO: Move rejected due to water leaving the GCMC sphere
2021-03-25 10:44:34,932 - INFO: 157 move(s) completed (1 accepted (0.6369 %)). Current N = 1. Average N = 0.669
2021-03-25 10:44:58,436 - INFO: Move rejected due to water leaving the GCMC sphere
2021-03-25 10:45:02,220 - INFO: 158 move(s) completed (1 accepted (0.6329 %)). Current N = 1. Average N = 0.671
2021-03-25 10:45:25,851 - INFO: Move rejected due to water leaving the GCMC sphere
2021-03-25 10:45:29,513 - INFO: 159 move(s) completed (1 accepted (0.6289 %)). Current N = 1. Average N = 0.673
2021-03-25 10:45:53,220 - INFO: Move rejected due to water leaving the GCMC sphere
2021-03-25 10:45:56,898 - INFO: 160 move(s) completed (1 accepted (0.6250 %)). Current N = 1. Average N = 0.675
2021-03-25 10:46:20,965 - INFO: Move rejected due to water leaving the GCMC sphere
2021-03-25 10:46:24,640 - INFO: 161 move(s) completed (1 accepted (0.6211 %)). Current N = 1. Average N = 0.677
2021-03-25 10:46:48,814 - INFO: Move rejected due to water leaving the GCMC sphere
2021-03-25 10:46:52,490 - INFO: 162 move(s) completed (1 accepted (0.6173 %)). Current N = 1. Average N = 0.679
2021-03-25 10:47:16,537 - INFO: Move rejected due to water leaving the GCMC sphere
2021-03-25 10:47:20,218 - INFO: 163 move(s) completed (1 accepted (0.6135 %)). Current N = 1. Average N = 0.681
2021-03-25 10:47:47,884 - INFO: 164 move(s) completed (1 accepted (0.6098 %)). Current N = 1. Average N = 0.683
2021-03-25 10:48:11,003 - INFO: Move rejected due to water leaving the GCMC sphere
2021-03-25 10:48:14,588 - INFO: 165 move(s) completed (1 accepted (0.6061 %)). Current N = 1. Average N = 0.685
2021-03-25 10:48:41,313 - INFO: 166 move(s) completed (1 accepted (0.6024 %)). Current N = 1. Average N = 0.687
2021-03-25 10:49:08,369 - INFO: 167 move(s) completed (1 accepted (0.5988 %)). Current N = 1. Average N = 0.689
2021-03-25 10:49:31,920 - INFO: Move rejected due to water leaving the GCMC sphere
2021-03-25 10:49:35,278 - INFO: 168 move(s) completed (1 accepted (0.5952 %)). Current N = 1. Average N = 0.691
2021-03-25 10:50:00,395 - INFO: Move rejected due to water leaving the GCMC sphere
2021-03-25 10:50:03,798 - INFO: 169 move(s) completed (1 accepted (0.5917 %)). Current N = 1. Average N = 0.692
2021-03-25 10:50:31,155 - INFO: 170 move(s) completed (1 accepted (0.5882 %)). Current N = 1. Average N = 0.694
2021-03-25 10:50:58,566 - INFO: 171 move(s) completed (1 accepted (0.5848 %)). Current N = 1. Average N = 0.696
2021-03-25 10:51:26,133 - INFO: 172 move(s) completed (1 accepted (0.5814 %)). Current N = 1. Average N = 0.698
2021-03-25 10:51:53,980 - INFO: 173 move(s) completed (1 accepted (0.5780 %)). Current N = 1. Average N = 0.699
2021-03-25 10:52:21,627 - INFO: 174 move(s) completed (1 accepted (0.5747 %)). Current N = 1. Average N = 0.701
2021-03-25 10:52:48,610 - INFO: 175 move(s) completed (1 accepted (0.5714 %)). Current N = 1. Average N = 0.703
2021-03-25 10:53:15,746 - INFO: 176 move(s) completed (1 accepted (0.5682 %)). Current N = 1. Average N = 0.705
2021-03-25 10:53:39,448 - INFO: Move rejected due to water leaving the GCMC sphere
2021-03-25 10:53:43,111 - INFO: 177 move(s) completed (1 accepted (0.5650 %)). Current N = 1. Average N = 0.706
2021-03-25 10:54:10,148 - INFO: 178 move(s) completed (1 accepted (0.5618 %)). Current N = 1. Average N = 0.708
2021-03-25 10:54:34,043 - INFO: Move rejected due to water leaving the GCMC sphere
2021-03-25 10:54:37,717 - INFO: 179 move(s) completed (1 accepted (0.5587 %)). Current N = 1. Average N = 0.710
2021-03-25 10:55:05,226 - INFO: 180 move(s) completed (1 accepted (0.5556 %)). Current N = 1. Average N = 0.711
2021-03-25 10:55:32,021 - INFO: 181 move(s) completed (1 accepted (0.5525 %)). Current N = 1. Average N = 0.713
2021-03-25 10:55:59,343 - INFO: 182 move(s) completed (1 accepted (0.5495 %)). Current N = 1. Average N = 0.714
2021-03-25 10:56:23,417 - INFO: Move rejected due to water leaving the GCMC sphere
2021-03-25 10:56:26,837 - INFO: 183 move(s) completed (1 accepted (0.5464 %)). Current N = 1. Average N = 0.716
2021-03-25 10:56:53,537 - INFO: 184 move(s) completed (1 accepted (0.5435 %)). Current N = 1. Average N = 0.717
2021-03-25 10:57:16,578 - INFO: Move rejected due to water leaving the GCMC sphere
2021-03-25 10:57:20,093 - INFO: 185 move(s) completed (1 accepted (0.5405 %)). Current N = 1. Average N = 0.719
2021-03-25 10:57:43,875 - INFO: Move rejected due to water leaving the GCMC sphere
2021-03-25 10:57:47,432 - INFO: 186 move(s) completed (1 accepted (0.5376 %)). Current N = 1. Average N = 0.720
2021-03-25 10:58:11,030 - INFO: Move rejected due to water leaving the GCMC sphere
2021-03-25 10:58:14,820 - INFO: 187 move(s) completed (1 accepted (0.5348 %)). Current N = 1. Average N = 0.722
2021-03-25 10:58:42,488 - INFO: 188 move(s) completed (1 accepted (0.5319 %)). Current N = 1. Average N = 0.723
2021-03-25 10:59:10,088 - INFO: 189 move(s) completed (1 accepted (0.5291 %)). Current N = 1. Average N = 0.725
2021-03-25 10:59:33,985 - INFO: Move rejected due to water leaving the GCMC sphere
2021-03-25 10:59:37,653 - INFO: 190 move(s) completed (1 accepted (0.5263 %)). Current N = 1. Average N = 0.726
2021-03-25 11:00:00,837 - INFO: Move rejected due to water leaving the GCMC sphere
2021-03-25 11:00:04,512 - INFO: 191 move(s) completed (1 accepted (0.5236 %)). Current N = 1. Average N = 0.728
2021-03-25 11:00:32,548 - INFO: 192 move(s) completed (1 accepted (0.5208 %)). Current N = 1. Average N = 0.729
2021-03-25 11:00:59,521 - INFO: 193 move(s) completed (1 accepted (0.5181 %)). Current N = 1. Average N = 0.731
2021-03-25 11:01:23,089 - INFO: Move rejected due to water leaving the GCMC sphere
2021-03-25 11:01:26,750 - INFO: 194 move(s) completed (1 accepted (0.5155 %)). Current N = 1. Average N = 0.732
2021-03-25 11:01:53,642 - INFO: 195 move(s) completed (1 accepted (0.5128 %)). Current N = 1. Average N = 0.733
2021-03-25 11:02:20,736 - INFO: 196 move(s) completed (1 accepted (0.5102 %)). Current N = 1. Average N = 0.735
2021-03-25 11:02:44,174 - INFO: Move rejected due to water leaving the GCMC sphere
2021-03-25 11:02:47,628 - INFO: 197 move(s) completed (1 accepted (0.5076 %)). Current N = 1. Average N = 0.736
2021-03-25 11:03:11,422 - INFO: Move rejected due to water leaving the GCMC sphere
2021-03-25 11:03:14,878 - INFO: 198 move(s) completed (1 accepted (0.5051 %)). Current N = 1. Average N = 0.737
2021-03-25 11:03:38,768 - INFO: Move rejected due to water leaving the GCMC sphere
2021-03-25 11:03:42,440 - INFO: 199 move(s) completed (1 accepted (0.5025 %)). Current N = 1. Average N = 0.739
2021-03-25 11:04:06,609 - INFO: Move rejected due to water leaving the GCMC sphere
2021-03-25 11:04:10,184 - INFO: 200 move(s) completed (1 accepted (0.5000 %)). Current N = 1. Average N = 0.740
2021-03-25 11:04:34,143 - INFO: Move rejected due to water leaving the GCMC sphere
2021-03-25 11:04:37,826 - INFO: 201 move(s) completed (1 accepted (0.4975 %)). Current N = 1. Average N = 0.741
2021-03-25 11:05:01,050 - INFO: Move rejected due to water leaving the GCMC sphere
2021-03-25 11:05:04,837 - INFO: 202 move(s) completed (1 accepted (0.4950 %)). Current N = 1. Average N = 0.743
2021-03-25 11:05:28,218 - INFO: Move rejected due to water leaving the GCMC sphere
2021-03-25 11:05:31,885 - INFO: 203 move(s) completed (1 accepted (0.4926 %)). Current N = 1. Average N = 0.744
2021-03-25 11:05:55,684 - INFO: Move rejected due to water leaving the GCMC sphere
2021-03-25 11:05:59,368 - INFO: 204 move(s) completed (1 accepted (0.4902 %)). Current N = 1. Average N = 0.745
2021-03-25 11:06:22,786 - INFO: Move rejected due to water leaving the GCMC sphere
2021-03-25 11:06:26,452 - INFO: 205 move(s) completed (1 accepted (0.4878 %)). Current N = 1. Average N = 0.746
2021-03-25 11:06:53,693 - INFO: 206 move(s) completed (1 accepted (0.4854 %)). Current N = 1. Average N = 0.748
2021-03-25 11:07:17,051 - INFO: Move rejected due to water leaving the GCMC sphere
2021-03-25 11:07:20,538 - INFO: 207 move(s) completed (1 accepted (0.4831 %)). Current N = 1. Average N = 0.749
2021-03-25 11:07:44,380 - INFO: Move rejected due to water leaving the GCMC sphere
2021-03-25 11:07:47,798 - INFO: 208 move(s) completed (1 accepted (0.4808 %)). Current N = 1. Average N = 0.750
2021-03-25 11:08:11,576 - INFO: Move rejected due to water leaving the GCMC sphere
2021-03-25 11:08:15,091 - INFO: 209 move(s) completed (1 accepted (0.4785 %)). Current N = 1. Average N = 0.751
2021-03-25 11:08:39,345 - INFO: Move rejected due to water leaving the GCMC sphere
2021-03-25 11:08:42,913 - INFO: 210 move(s) completed (1 accepted (0.4762 %)). Current N = 1. Average N = 0.752
2021-03-25 11:09:09,624 - INFO: 211 move(s) completed (1 accepted (0.4739 %)). Current N = 1. Average N = 0.754
2021-03-25 11:09:36,573 - INFO: 212 move(s) completed (1 accepted (0.4717 %)). Current N = 1. Average N = 0.755
2021-03-25 11:10:00,073 - INFO: Move rejected due to water leaving the GCMC sphere
2021-03-25 11:10:03,828 - INFO: 213 move(s) completed (1 accepted (0.4695 %)). Current N = 1. Average N = 0.756
2021-03-25 11:10:27,450 - INFO: Move rejected due to water leaving the GCMC sphere
2021-03-25 11:10:31,195 - INFO: 214 move(s) completed (1 accepted (0.4673 %)). Current N = 1. Average N = 0.757
2021-03-25 11:10:55,071 - INFO: Move rejected due to water leaving the GCMC sphere
2021-03-25 11:10:58,750 - INFO: 215 move(s) completed (1 accepted (0.4651 %)). Current N = 1. Average N = 0.758
2021-03-25 11:11:26,146 - INFO: 216 move(s) completed (1 accepted (0.4630 %)). Current N = 1. Average N = 0.759
2021-03-25 11:11:50,242 - INFO: Move rejected due to water leaving the GCMC sphere
2021-03-25 11:11:53,925 - INFO: 217 move(s) completed (1 accepted (0.4608 %)). Current N = 1. Average N = 0.760
2021-03-25 11:12:21,907 - INFO: 218 move(s) completed (1 accepted (0.4587 %)). Current N = 1. Average N = 0.761
2021-03-25 11:12:46,070 - INFO: Move rejected due to water leaving the GCMC sphere
2021-03-25 11:12:49,748 - INFO: 219 move(s) completed (1 accepted (0.4566 %)). Current N = 1. Average N = 0.763
2021-03-25 11:13:13,168 - INFO: Move rejected due to water leaving the GCMC sphere
2021-03-25 11:13:16,957 - INFO: 220 move(s) completed (1 accepted (0.4545 %)). Current N = 1. Average N = 0.764
2021-03-25 11:13:43,721 - INFO: 221 move(s) completed (1 accepted (0.4525 %)). Current N = 1. Average N = 0.765
2021-03-25 11:14:10,650 - INFO: 222 move(s) completed (1 accepted (0.4505 %)). Current N = 1. Average N = 0.766
2021-03-25 11:14:37,442 - INFO: 223 move(s) completed (1 accepted (0.4484 %)). Current N = 1. Average N = 0.767
2021-03-25 11:15:04,301 - INFO: 224 move(s) completed (1 accepted (0.4464 %)). Current N = 1. Average N = 0.768
2021-03-25 11:15:27,896 - INFO: Move rejected due to water leaving the GCMC sphere
2021-03-25 11:15:31,420 - INFO: 225 move(s) completed (1 accepted (0.4444 %)). Current N = 1. Average N = 0.769
2021-03-25 11:15:54,978 - INFO: Move rejected due to water leaving the GCMC sphere
2021-03-25 11:15:58,605 - INFO: 226 move(s) completed (1 accepted (0.4425 %)). Current N = 1. Average N = 0.770
2021-03-25 11:16:25,543 - INFO: 227 move(s) completed (1 accepted (0.4405 %)). Current N = 1. Average N = 0.771
2021-03-25 11:16:48,767 - INFO: Move rejected due to water leaving the GCMC sphere
2021-03-25 11:16:52,437 - INFO: 228 move(s) completed (1 accepted (0.4386 %)). Current N = 1. Average N = 0.772
2021-03-25 11:17:15,733 - INFO: Move rejected due to water leaving the GCMC sphere
2021-03-25 11:17:19,397 - INFO: 229 move(s) completed (1 accepted (0.4367 %)). Current N = 1. Average N = 0.773
2021-03-25 11:17:46,405 - INFO: 230 move(s) completed (1 accepted (0.4348 %)). Current N = 1. Average N = 0.774
2021-03-25 11:18:10,023 - INFO: Move rejected due to water leaving the GCMC sphere
2021-03-25 11:18:13,702 - INFO: 231 move(s) completed (1 accepted (0.4329 %)). Current N = 1. Average N = 0.775
2021-03-25 11:18:37,395 - INFO: Move rejected due to water leaving the GCMC sphere
2021-03-25 11:18:41,071 - INFO: 232 move(s) completed (1 accepted (0.4310 %)). Current N = 1. Average N = 0.776
2021-03-25 11:19:08,526 - INFO: 233 move(s) completed (1 accepted (0.4292 %)). Current N = 1. Average N = 0.777
2021-03-25 11:19:32,483 - INFO: Move rejected due to water leaving the GCMC sphere
2021-03-25 11:19:35,872 - INFO: 234 move(s) completed (1 accepted (0.4274 %)). Current N = 1. Average N = 0.778
2021-03-25 11:19:59,944 - INFO: Move rejected due to water leaving the GCMC sphere
2021-03-25 11:20:03,522 - INFO: 235 move(s) completed (1 accepted (0.4255 %)). Current N = 1. Average N = 0.779
2021-03-25 11:20:31,050 - INFO: 236 move(s) completed (1 accepted (0.4237 %)). Current N = 1. Average N = 0.780
2021-03-25 11:20:57,579 - INFO: 237 move(s) completed (1 accepted (0.4219 %)). Current N = 1. Average N = 0.781
2021-03-25 11:21:20,892 - INFO: Move rejected due to water leaving the GCMC sphere
2021-03-25 11:21:24,236 - INFO: 238 move(s) completed (1 accepted (0.4202 %)). Current N = 1. Average N = 0.781
2021-03-25 11:21:47,548 - INFO: Move rejected due to water leaving the GCMC sphere
2021-03-25 11:21:51,200 - INFO: 239 move(s) completed (1 accepted (0.4184 %)). Current N = 1. Average N = 0.782
2021-03-25 11:22:18,232 - INFO: 240 move(s) completed (1 accepted (0.4167 %)). Current N = 1. Average N = 0.783
2021-03-25 11:22:45,734 - INFO: 241 move(s) completed (1 accepted (0.4149 %)). Current N = 1. Average N = 0.784
2021-03-25 11:23:12,618 - INFO: 242 move(s) completed (1 accepted (0.4132 %)). Current N = 1. Average N = 0.785
2021-03-25 11:23:36,631 - INFO: Move rejected due to water leaving the GCMC sphere
2021-03-25 11:23:40,310 - INFO: 243 move(s) completed (1 accepted (0.4115 %)). Current N = 1. Average N = 0.786
2021-03-25 11:24:04,484 - INFO: Move rejected due to water leaving the GCMC sphere
2021-03-25 11:24:08,142 - INFO: 244 move(s) completed (1 accepted (0.4098 %)). Current N = 1. Average N = 0.787
2021-03-25 11:24:35,749 - INFO: 245 move(s) completed (1 accepted (0.4082 %)). Current N = 1. Average N = 0.788
2021-03-25 11:24:59,763 - INFO: Move rejected due to water leaving the GCMC sphere
2021-03-25 11:25:03,414 - INFO: 246 move(s) completed (1 accepted (0.4065 %)). Current N = 1. Average N = 0.789
2021-03-25 11:25:30,221 - INFO: 247 move(s) completed (1 accepted (0.4049 %)). Current N = 1. Average N = 0.789
2021-03-25 11:25:57,070 - INFO: 248 move(s) completed (1 accepted (0.4032 %)). Current N = 1. Average N = 0.790
2021-03-25 11:26:23,972 - INFO: 249 move(s) completed (1 accepted (0.4016 %)). Current N = 1. Average N = 0.791
2021-03-25 11:26:47,415 - INFO: Move rejected due to water leaving the GCMC sphere
2021-03-25 11:26:50,817 - INFO: 250 move(s) completed (1 accepted (0.4000 %)). Current N = 1. Average N = 0.792
2021-03-25 11:27:18,052 - INFO: 251 move(s) completed (1 accepted (0.3984 %)). Current N = 1. Average N = 0.793
2021-03-25 11:27:41,924 - INFO: Move rejected due to water leaving the GCMC sphere
2021-03-25 11:27:45,371 - INFO: 252 move(s) completed (1 accepted (0.3968 %)). Current N = 1. Average N = 0.794
2021-03-25 11:28:09,411 - INFO: Move rejected due to water leaving the GCMC sphere
2021-03-25 11:28:13,085 - INFO: 253 move(s) completed (1 accepted (0.3953 %)). Current N = 1. Average N = 0.794
2021-03-25 11:28:40,864 - INFO: 254 move(s) completed (1 accepted (0.3937 %)). Current N = 1. Average N = 0.795
2021-03-25 11:29:08,647 - INFO: 255 move(s) completed (1 accepted (0.3922 %)). Current N = 1. Average N = 0.796
2021-03-25 11:29:35,708 - INFO: 256 move(s) completed (1 accepted (0.3906 %)). Current N = 1. Average N = 0.797
2021-03-25 11:30:02,991 - INFO: 257 move(s) completed (1 accepted (0.3891 %)). Current N = 1. Average N = 0.798
2021-03-25 11:30:30,362 - INFO: 258 move(s) completed (1 accepted (0.3876 %)). Current N = 1. Average N = 0.798
2021-03-25 11:30:54,104 - INFO: Move rejected due to water leaving the GCMC sphere
2021-03-25 11:30:57,782 - INFO: 259 move(s) completed (1 accepted (0.3861 %)). Current N = 1. Average N = 0.799
2021-03-25 11:31:21,629 - INFO: Move rejected due to water leaving the GCMC sphere
2021-03-25 11:31:25,157 - INFO: 260 move(s) completed (1 accepted (0.3846 %)). Current N = 1. Average N = 0.800
2021-03-25 11:31:49,102 - INFO: Move rejected due to water leaving the GCMC sphere
2021-03-25 11:31:52,612 - INFO: 261 move(s) completed (1 accepted (0.3831 %)). Current N = 1. Average N = 0.801
2021-03-25 11:32:20,051 - INFO: 262 move(s) completed (1 accepted (0.3817 %)). Current N = 1. Average N = 0.801
2021-03-25 11:32:43,953 - INFO: Move rejected due to water leaving the GCMC sphere
2021-03-25 11:32:47,414 - INFO: 263 move(s) completed (1 accepted (0.3802 %)). Current N = 1. Average N = 0.802
2021-03-25 11:33:10,812 - INFO: Move rejected due to water leaving the GCMC sphere
2021-03-25 11:33:14,355 - INFO: 264 move(s) completed (1 accepted (0.3788 %)). Current N = 1. Average N = 0.803
2021-03-25 11:33:37,481 - INFO: Move rejected due to water leaving the GCMC sphere
2021-03-25 11:33:41,018 - INFO: 265 move(s) completed (1 accepted (0.3774 %)). Current N = 1. Average N = 0.804
2021-03-25 11:34:04,261 - INFO: Move rejected due to water leaving the GCMC sphere
2021-03-25 11:34:07,925 - INFO: 266 move(s) completed (1 accepted (0.3759 %)). Current N = 1. Average N = 0.804
2021-03-25 11:34:35,187 - INFO: 267 move(s) completed (1 accepted (0.3745 %)). Current N = 1. Average N = 0.805
2021-03-25 11:34:58,966 - INFO: Move rejected due to water leaving the GCMC sphere
2021-03-25 11:35:02,624 - INFO: 268 move(s) completed (1 accepted (0.3731 %)). Current N = 1. Average N = 0.806
2021-03-25 11:35:29,729 - INFO: 269 move(s) completed (1 accepted (0.3717 %)). Current N = 1. Average N = 0.807
2021-03-25 11:35:53,252 - INFO: Move rejected due to water leaving the GCMC sphere
2021-03-25 11:35:56,921 - INFO: 270 move(s) completed (1 accepted (0.3704 %)). Current N = 1. Average N = 0.807
2021-03-25 11:36:20,441 - INFO: Move rejected due to water leaving the GCMC sphere
2021-03-25 11:36:24,111 - INFO: 271 move(s) completed (1 accepted (0.3690 %)). Current N = 1. Average N = 0.808
2021-03-25 11:36:51,836 - INFO: 272 move(s) completed (1 accepted (0.3676 %)). Current N = 1. Average N = 0.809
2021-03-25 11:37:19,831 - INFO: 273 move(s) completed (1 accepted (0.3663 %)). Current N = 1. Average N = 0.809
2021-03-25 11:37:43,029 - INFO: Move rejected due to water leaving the GCMC sphere
2021-03-25 11:37:46,405 - INFO: 274 move(s) completed (1 accepted (0.3650 %)). Current N = 1. Average N = 0.810
2021-03-25 11:38:09,934 - INFO: Move rejected due to water leaving the GCMC sphere
2021-03-25 11:38:13,607 - INFO: 275 move(s) completed (1 accepted (0.3636 %)). Current N = 1. Average N = 0.811
2021-03-25 11:38:37,111 - INFO: Move rejected due to water leaving the GCMC sphere
2021-03-25 11:38:40,597 - INFO: 276 move(s) completed (1 accepted (0.3623 %)). Current N = 1. Average N = 0.812
2021-03-25 11:39:04,201 - INFO: Move rejected due to water leaving the GCMC sphere
2021-03-25 11:39:07,609 - INFO: 277 move(s) completed (1 accepted (0.3610 %)). Current N = 1. Average N = 0.812
2021-03-25 11:39:31,501 - INFO: Move rejected due to water leaving the GCMC sphere
2021-03-25 11:39:35,013 - INFO: 278 move(s) completed (1 accepted (0.3597 %)). Current N = 1. Average N = 0.813
2021-03-25 11:40:02,261 - INFO: 279 move(s) completed (1 accepted (0.3584 %)). Current N = 1. Average N = 0.814
2021-03-25 11:40:29,265 - INFO: 280 move(s) completed (1 accepted (0.3571 %)). Current N = 1. Average N = 0.814
2021-03-25 11:40:56,883 - INFO: 281 move(s) completed (1 accepted (0.3559 %)). Current N = 1. Average N = 0.815
2021-03-25 11:41:24,731 - INFO: 282 move(s) completed (1 accepted (0.3546 %)). Current N = 1. Average N = 0.816
2021-03-25 11:41:51,604 - INFO: 283 move(s) completed (1 accepted (0.3534 %)). Current N = 1. Average N = 0.816
2021-03-25 11:42:15,129 - INFO: Move rejected due to water leaving the GCMC sphere
2021-03-25 11:42:18,791 - INFO: 284 move(s) completed (1 accepted (0.3521 %)). Current N = 1. Average N = 0.817
2021-03-25 11:42:42,318 - INFO: Move rejected due to water leaving the GCMC sphere
2021-03-25 11:42:45,980 - INFO: 285 move(s) completed (1 accepted (0.3509 %)). Current N = 1. Average N = 0.818
2021-03-25 11:43:13,231 - INFO: 286 move(s) completed (1 accepted (0.3497 %)). Current N = 1. Average N = 0.818
2021-03-25 11:43:40,465 - INFO: 287 move(s) completed (1 accepted (0.3484 %)). Current N = 1. Average N = 0.819
2021-03-25 11:44:07,724 - INFO: 288 move(s) completed (1 accepted (0.3472 %)). Current N = 1. Average N = 0.819
