2021-03-25 21:22:44,793 - INFO: kT = 0.5921875708469466 kcal/mol
2021-03-25 21:22:49,912 - INFO: BaseGrandCanonicalMonteCarloSampler object initialised
2021-03-25 21:22:49,912 - INFO: GCMC sphere is based on reference atom IDs: [887, 1837]
2021-03-25 21:22:49,912 - INFO: GCMC sphere radius is 6 A
2021-03-25 21:22:49,913 - INFO: Simulating at an Adams (B) value of -6.888845176169922
2021-03-25 21:22:49,913 - INFO: GCMCSphereSampler object initialised
2021-03-25 21:22:49,913 - INFO: Each NCMC move will be executed over a total of 5.0 ps
2021-03-25 21:22:49,913 - INFO: NonequilibriumGCMCSphereSampler object initialised
2021-03-25 21:23:03,070 - INFO: 1 move(s) completed (0 accepted (0.0000 %)). Current N = 0. Average N = 0.000
2021-03-25 21:23:08,871 - INFO: 2 move(s) completed (0 accepted (0.0000 %)). Current N = 0. Average N = 0.000
2021-03-25 21:23:14,646 - INFO: 3 move(s) completed (0 accepted (0.0000 %)). Current N = 0. Average N = 0.000
2021-03-25 21:23:33,611 - INFO: 4 move(s) completed (0 accepted (0.0000 %)). Current N = 0. Average N = 0.000
2021-03-25 21:23:52,468 - INFO: 5 move(s) completed (0 accepted (0.0000 %)). Current N = 0. Average N = 0.000
2021-03-25 21:23:58,179 - INFO: 6 move(s) completed (0 accepted (0.0000 %)). Current N = 0. Average N = 0.000
2021-03-25 21:24:17,463 - INFO: 7 move(s) completed (0 accepted (0.0000 %)). Current N = 0. Average N = 0.000
2021-03-25 21:24:23,310 - INFO: 8 move(s) completed (0 accepted (0.0000 %)). Current N = 0. Average N = 0.000
2021-03-25 21:24:42,303 - INFO: 9 move(s) completed (0 accepted (0.0000 %)). Current N = 0. Average N = 0.000
2021-03-25 21:24:48,031 - INFO: 10 move(s) completed (0 accepted (0.0000 %)). Current N = 0. Average N = 0.000
2021-03-25 21:24:53,674 - INFO: 11 move(s) completed (0 accepted (0.0000 %)). Current N = 0. Average N = 0.000
2021-03-25 21:24:59,478 - INFO: 12 move(s) completed (0 accepted (0.0000 %)). Current N = 0. Average N = 0.000
2021-03-25 21:25:14,275 - INFO: Move rejected due to water leaving the GCMC sphere
2021-03-25 21:25:17,857 - INFO: 13 move(s) completed (0 accepted (0.0000 %)). Current N = 0. Average N = 0.000
2021-03-25 21:25:23,753 - INFO: 14 move(s) completed (0 accepted (0.0000 %)). Current N = 0. Average N = 0.000
2021-03-25 21:25:38,498 - INFO: Move rejected due to water leaving the GCMC sphere
2021-03-25 21:25:42,067 - INFO: 15 move(s) completed (0 accepted (0.0000 %)). Current N = 0. Average N = 0.000
2021-03-25 21:25:57,025 - INFO: Move rejected due to water leaving the GCMC sphere
2021-03-25 21:26:00,737 - INFO: 16 move(s) completed (0 accepted (0.0000 %)). Current N = 0. Average N = 0.000
2021-03-25 21:26:06,554 - INFO: 17 move(s) completed (0 accepted (0.0000 %)). Current N = 0. Average N = 0.000
2021-03-25 21:26:12,388 - INFO: 18 move(s) completed (0 accepted (0.0000 %)). Current N = 0. Average N = 0.000
2021-03-25 21:26:30,864 - INFO: 19 move(s) completed (0 accepted (0.0000 %)). Current N = 0. Average N = 0.000
2021-03-25 21:26:36,735 - INFO: 20 move(s) completed (0 accepted (0.0000 %)). Current N = 0. Average N = 0.000
2021-03-25 21:26:51,496 - INFO: Move rejected due to water leaving the GCMC sphere
2021-03-25 21:26:55,104 - INFO: 21 move(s) completed (0 accepted (0.0000 %)). Current N = 0. Average N = 0.000
2021-03-25 21:27:00,874 - INFO: 22 move(s) completed (0 accepted (0.0000 %)). Current N = 0. Average N = 0.000
2021-03-25 21:27:06,599 - INFO: 23 move(s) completed (0 accepted (0.0000 %)). Current N = 0. Average N = 0.000
2021-03-25 21:27:21,331 - INFO: Move rejected due to water leaving the GCMC sphere
2021-03-25 21:27:24,861 - INFO: 24 move(s) completed (0 accepted (0.0000 %)). Current N = 0. Average N = 0.000
2021-03-25 21:27:43,523 - INFO: 25 move(s) completed (0 accepted (0.0000 %)). Current N = 0. Average N = 0.000
2021-03-25 21:27:58,436 - INFO: Move rejected due to water leaving the GCMC sphere
2021-03-25 21:28:01,930 - INFO: 26 move(s) completed (0 accepted (0.0000 %)). Current N = 0. Average N = 0.000
2021-03-25 21:28:20,812 - INFO: 27 move(s) completed (1 accepted (3.7037 %)). Current N = 1. Average N = 0.037
2021-03-25 21:28:35,670 - INFO: Move rejected due to water leaving the GCMC sphere
2021-03-25 21:28:39,040 - INFO: 28 move(s) completed (1 accepted (3.5714 %)). Current N = 1. Average N = 0.071
2021-03-25 21:28:54,308 - INFO: Move rejected due to water leaving the GCMC sphere
2021-03-25 21:28:57,710 - INFO: 29 move(s) completed (1 accepted (3.4483 %)). Current N = 1. Average N = 0.103
2021-03-25 21:29:16,735 - INFO: 30 move(s) completed (1 accepted (3.3333 %)). Current N = 1. Average N = 0.133
2021-03-25 21:29:34,939 - INFO: 31 move(s) completed (1 accepted (3.2258 %)). Current N = 1. Average N = 0.161
2021-03-25 21:29:52,994 - INFO: 32 move(s) completed (1 accepted (3.1250 %)). Current N = 1. Average N = 0.188
2021-03-25 21:30:08,540 - INFO: Move rejected due to water leaving the GCMC sphere
2021-03-25 21:30:12,228 - INFO: 33 move(s) completed (1 accepted (3.0303 %)). Current N = 1. Average N = 0.212
2021-03-25 21:30:31,347 - INFO: 34 move(s) completed (1 accepted (2.9412 %)). Current N = 1. Average N = 0.235
2021-03-25 21:30:49,779 - INFO: 35 move(s) completed (1 accepted (2.8571 %)). Current N = 1. Average N = 0.257
2021-03-25 21:31:08,183 - INFO: 36 move(s) completed (1 accepted (2.7778 %)). Current N = 1. Average N = 0.278
2021-03-25 21:31:27,541 - INFO: 37 move(s) completed (1 accepted (2.7027 %)). Current N = 1. Average N = 0.297
2021-03-25 21:31:45,825 - INFO: 38 move(s) completed (1 accepted (2.6316 %)). Current N = 1. Average N = 0.316
2021-03-25 21:32:04,224 - INFO: 39 move(s) completed (1 accepted (2.5641 %)). Current N = 1. Average N = 0.333
2021-03-25 21:32:18,956 - INFO: Move rejected due to water leaving the GCMC sphere
2021-03-25 21:32:22,459 - INFO: 40 move(s) completed (1 accepted (2.5000 %)). Current N = 1. Average N = 0.350
2021-03-25 21:32:37,488 - INFO: Move rejected due to water leaving the GCMC sphere
2021-03-25 21:32:41,024 - INFO: 41 move(s) completed (1 accepted (2.4390 %)). Current N = 1. Average N = 0.366
2021-03-25 21:32:59,537 - INFO: 42 move(s) completed (1 accepted (2.3810 %)). Current N = 1. Average N = 0.381
2021-03-25 21:33:14,695 - INFO: Move rejected due to water leaving the GCMC sphere
2021-03-25 21:33:18,182 - INFO: 43 move(s) completed (1 accepted (2.3256 %)). Current N = 1. Average N = 0.395
2021-03-25 21:33:36,931 - INFO: 44 move(s) completed (1 accepted (2.2727 %)). Current N = 1. Average N = 0.409
2021-03-25 21:33:55,477 - INFO: 45 move(s) completed (1 accepted (2.2222 %)). Current N = 1. Average N = 0.422
2021-03-25 21:34:13,814 - INFO: 46 move(s) completed (1 accepted (2.1739 %)). Current N = 1. Average N = 0.435
2021-03-25 21:34:32,220 - INFO: 47 move(s) completed (1 accepted (2.1277 %)). Current N = 1. Average N = 0.447
2021-03-25 21:34:50,145 - INFO: 48 move(s) completed (1 accepted (2.0833 %)). Current N = 1. Average N = 0.458
2021-03-25 21:35:08,424 - INFO: 49 move(s) completed (1 accepted (2.0408 %)). Current N = 1. Average N = 0.469
2021-03-25 21:35:26,472 - INFO: 50 move(s) completed (1 accepted (2.0000 %)). Current N = 1. Average N = 0.480
2021-03-25 21:35:44,640 - INFO: 51 move(s) completed (1 accepted (1.9608 %)). Current N = 1. Average N = 0.490
2021-03-25 21:36:02,730 - INFO: 52 move(s) completed (1 accepted (1.9231 %)). Current N = 1. Average N = 0.500
2021-03-25 21:36:20,697 - INFO: 53 move(s) completed (1 accepted (1.8868 %)). Current N = 1. Average N = 0.509
2021-03-25 21:36:36,060 - INFO: Move rejected due to water leaving the GCMC sphere
2021-03-25 21:36:39,657 - INFO: 54 move(s) completed (1 accepted (1.8519 %)). Current N = 1. Average N = 0.518
2021-03-25 21:36:58,512 - INFO: 55 move(s) completed (1 accepted (1.8182 %)). Current N = 1. Average N = 0.527
2021-03-25 21:37:17,623 - INFO: 56 move(s) completed (1 accepted (1.7857 %)). Current N = 1. Average N = 0.536
2021-03-25 21:37:33,046 - INFO: Move rejected due to water leaving the GCMC sphere
2021-03-25 21:37:36,776 - INFO: 57 move(s) completed (1 accepted (1.7544 %)). Current N = 1. Average N = 0.544
2021-03-25 21:37:52,483 - INFO: Move rejected due to water leaving the GCMC sphere
2021-03-25 21:37:56,083 - INFO: 58 move(s) completed (1 accepted (1.7241 %)). Current N = 1. Average N = 0.552
2021-03-25 21:38:14,446 - INFO: 59 move(s) completed (1 accepted (1.6949 %)). Current N = 1. Average N = 0.559
2021-03-25 21:38:33,054 - INFO: 60 move(s) completed (1 accepted (1.6667 %)). Current N = 1. Average N = 0.567
2021-03-25 21:38:51,547 - INFO: 61 move(s) completed (1 accepted (1.6393 %)). Current N = 1. Average N = 0.574
2021-03-25 21:39:10,029 - INFO: 62 move(s) completed (1 accepted (1.6129 %)). Current N = 1. Average N = 0.581
2021-03-25 21:39:28,464 - INFO: 63 move(s) completed (1 accepted (1.5873 %)). Current N = 1. Average N = 0.587
2021-03-25 21:39:47,146 - INFO: 64 move(s) completed (1 accepted (1.5625 %)). Current N = 1. Average N = 0.594
2021-03-25 21:40:05,612 - INFO: 65 move(s) completed (1 accepted (1.5385 %)). Current N = 1. Average N = 0.600
2021-03-25 21:40:23,857 - INFO: 66 move(s) completed (1 accepted (1.5152 %)). Current N = 1. Average N = 0.606
2021-03-25 21:40:42,005 - INFO: 67 move(s) completed (1 accepted (1.4925 %)). Current N = 1. Average N = 0.612
2021-03-25 21:41:00,477 - INFO: 68 move(s) completed (1 accepted (1.4706 %)). Current N = 1. Average N = 0.618
2021-03-25 21:41:18,765 - INFO: 69 move(s) completed (1 accepted (1.4493 %)). Current N = 1. Average N = 0.623
2021-03-25 21:41:37,381 - INFO: 70 move(s) completed (1 accepted (1.4286 %)). Current N = 1. Average N = 0.629
2021-03-25 21:41:56,511 - INFO: 71 move(s) completed (1 accepted (1.4085 %)). Current N = 1. Average N = 0.634
2021-03-25 21:42:14,674 - INFO: 72 move(s) completed (1 accepted (1.3889 %)). Current N = 1. Average N = 0.639
2021-03-25 21:42:33,621 - INFO: 73 move(s) completed (1 accepted (1.3699 %)). Current N = 1. Average N = 0.644
2021-03-25 21:42:52,758 - INFO: 74 move(s) completed (2 accepted (2.7027 %)). Current N = 2. Average N = 0.662
2021-03-25 21:43:11,746 - INFO: 75 move(s) completed (2 accepted (2.6667 %)). Current N = 2. Average N = 0.680
2021-03-25 21:43:27,356 - INFO: Move rejected due to water leaving the GCMC sphere
2021-03-25 21:43:30,905 - INFO: 76 move(s) completed (2 accepted (2.6316 %)). Current N = 2. Average N = 0.697
2021-03-25 21:43:46,671 - INFO: Move rejected due to water leaving the GCMC sphere
2021-03-25 21:43:50,174 - INFO: 77 move(s) completed (2 accepted (2.5974 %)). Current N = 2. Average N = 0.714
2021-03-25 21:44:09,278 - INFO: 78 move(s) completed (2 accepted (2.5641 %)). Current N = 2. Average N = 0.731
2021-03-25 21:44:24,863 - INFO: Move rejected due to water leaving the GCMC sphere
2021-03-25 21:44:28,448 - INFO: 79 move(s) completed (2 accepted (2.5316 %)). Current N = 2. Average N = 0.747
2021-03-25 21:44:46,820 - INFO: 80 move(s) completed (2 accepted (2.5000 %)). Current N = 2. Average N = 0.762
2021-03-25 21:45:01,757 - INFO: Move rejected due to water leaving the GCMC sphere
2021-03-25 21:45:05,367 - INFO: 81 move(s) completed (2 accepted (2.4691 %)). Current N = 2. Average N = 0.778
2021-03-25 21:45:23,642 - INFO: 82 move(s) completed (2 accepted (2.4390 %)). Current N = 2. Average N = 0.793
2021-03-25 21:45:42,158 - INFO: 83 move(s) completed (2 accepted (2.4096 %)). Current N = 2. Average N = 0.807
2021-03-25 21:46:00,740 - INFO: 84 move(s) completed (2 accepted (2.3810 %)). Current N = 2. Average N = 0.821
2021-03-25 21:46:18,890 - INFO: 85 move(s) completed (2 accepted (2.3529 %)). Current N = 2. Average N = 0.835
2021-03-25 21:46:33,916 - INFO: Move rejected due to water leaving the GCMC sphere
2021-03-25 21:46:37,587 - INFO: 86 move(s) completed (2 accepted (2.3256 %)). Current N = 2. Average N = 0.849
2021-03-25 21:46:52,627 - INFO: Move rejected due to water leaving the GCMC sphere
2021-03-25 21:46:56,289 - INFO: 87 move(s) completed (2 accepted (2.2989 %)). Current N = 2. Average N = 0.862
2021-03-25 21:47:14,847 - INFO: 88 move(s) completed (2 accepted (2.2727 %)). Current N = 2. Average N = 0.875
2021-03-25 21:47:30,130 - INFO: Move rejected due to water leaving the GCMC sphere
2021-03-25 21:47:33,621 - INFO: 89 move(s) completed (2 accepted (2.2472 %)). Current N = 2. Average N = 0.888
2021-03-25 21:47:52,334 - INFO: 90 move(s) completed (2 accepted (2.2222 %)). Current N = 2. Average N = 0.900
2021-03-25 21:48:10,734 - INFO: 91 move(s) completed (2 accepted (2.1978 %)). Current N = 2. Average N = 0.912
2021-03-25 21:48:26,134 - INFO: Move rejected due to water leaving the GCMC sphere
2021-03-25 21:48:29,577 - INFO: 92 move(s) completed (2 accepted (2.1739 %)). Current N = 2. Average N = 0.924
2021-03-25 21:48:44,927 - INFO: Move rejected due to water leaving the GCMC sphere
2021-03-25 21:48:48,531 - INFO: 93 move(s) completed (2 accepted (2.1505 %)). Current N = 2. Average N = 0.935
2021-03-25 21:49:07,521 - INFO: 94 move(s) completed (2 accepted (2.1277 %)). Current N = 2. Average N = 0.947
2021-03-25 21:49:25,768 - INFO: 95 move(s) completed (2 accepted (2.1053 %)). Current N = 2. Average N = 0.958
2021-03-25 21:49:44,920 - INFO: 96 move(s) completed (2 accepted (2.0833 %)). Current N = 2. Average N = 0.969
2021-03-25 21:50:04,026 - INFO: 97 move(s) completed (2 accepted (2.0619 %)). Current N = 2. Average N = 0.979
2021-03-25 21:50:22,189 - INFO: 98 move(s) completed (2 accepted (2.0408 %)). Current N = 2. Average N = 0.990
2021-03-25 21:50:37,847 - INFO: Move rejected due to water leaving the GCMC sphere
2021-03-25 21:50:41,509 - INFO: 99 move(s) completed (2 accepted (2.0202 %)). Current N = 2. Average N = 1.000
2021-03-25 21:51:00,652 - INFO: 100 move(s) completed (2 accepted (2.0000 %)). Current N = 2. Average N = 1.010
2021-03-25 21:51:18,898 - INFO: 101 move(s) completed (2 accepted (1.9802 %)). Current N = 2. Average N = 1.020
2021-03-25 21:51:33,554 - INFO: Move rejected due to water leaving the GCMC sphere
2021-03-25 21:51:37,117 - INFO: 102 move(s) completed (2 accepted (1.9608 %)). Current N = 2. Average N = 1.029
2021-03-25 21:51:51,857 - INFO: Move rejected due to water leaving the GCMC sphere
2021-03-25 21:51:55,444 - INFO: 103 move(s) completed (2 accepted (1.9417 %)). Current N = 2. Average N = 1.039
2021-03-25 21:52:13,748 - INFO: 104 move(s) completed (2 accepted (1.9231 %)). Current N = 2. Average N = 1.048
2021-03-25 21:52:32,104 - INFO: 105 move(s) completed (2 accepted (1.9048 %)). Current N = 2. Average N = 1.057
2021-03-25 21:52:50,490 - INFO: 106 move(s) completed (2 accepted (1.8868 %)). Current N = 2. Average N = 1.066
2021-03-25 21:53:05,394 - INFO: Move rejected due to water leaving the GCMC sphere
2021-03-25 21:53:08,945 - INFO: 107 move(s) completed (2 accepted (1.8692 %)). Current N = 2. Average N = 1.075
2021-03-25 21:53:27,682 - INFO: 108 move(s) completed (2 accepted (1.8519 %)). Current N = 2. Average N = 1.083
2021-03-25 21:53:42,839 - INFO: Move rejected due to water leaving the GCMC sphere
2021-03-25 21:53:46,240 - INFO: 109 move(s) completed (2 accepted (1.8349 %)). Current N = 2. Average N = 1.092
2021-03-25 21:54:01,527 - INFO: Move rejected due to water leaving the GCMC sphere
2021-03-25 21:54:04,922 - INFO: 110 move(s) completed (2 accepted (1.8182 %)). Current N = 2. Average N = 1.100
2021-03-25 21:54:23,806 - INFO: 111 move(s) completed (2 accepted (1.8018 %)). Current N = 2. Average N = 1.108
2021-03-25 21:54:42,619 - INFO: 112 move(s) completed (2 accepted (1.7857 %)). Current N = 2. Average N = 1.116
2021-03-25 21:55:01,035 - INFO: 113 move(s) completed (2 accepted (1.7699 %)). Current N = 2. Average N = 1.124
2021-03-25 21:55:19,746 - INFO: 114 move(s) completed (2 accepted (1.7544 %)). Current N = 2. Average N = 1.132
2021-03-25 21:55:38,669 - INFO: 115 move(s) completed (2 accepted (1.7391 %)). Current N = 2. Average N = 1.139
2021-03-25 21:55:54,049 - INFO: Move rejected due to water leaving the GCMC sphere
2021-03-25 21:55:57,701 - INFO: 116 move(s) completed (2 accepted (1.7241 %)). Current N = 2. Average N = 1.147
2021-03-25 21:56:15,890 - INFO: 117 move(s) completed (2 accepted (1.7094 %)). Current N = 2. Average N = 1.154
2021-03-25 21:56:31,348 - INFO: Move rejected due to water leaving the GCMC sphere
2021-03-25 21:56:34,746 - INFO: 118 move(s) completed (2 accepted (1.6949 %)). Current N = 2. Average N = 1.161
2021-03-25 21:56:53,983 - INFO: 119 move(s) completed (2 accepted (1.6807 %)). Current N = 2. Average N = 1.168
2021-03-25 21:57:13,190 - INFO: 120 move(s) completed (2 accepted (1.6667 %)). Current N = 2. Average N = 1.175
2021-03-25 21:57:32,571 - INFO: 121 move(s) completed (2 accepted (1.6529 %)). Current N = 2. Average N = 1.182
2021-03-25 21:57:51,001 - INFO: 122 move(s) completed (2 accepted (1.6393 %)). Current N = 2. Average N = 1.188
2021-03-25 21:58:05,672 - INFO: Move rejected due to water leaving the GCMC sphere
2021-03-25 21:58:09,187 - INFO: 123 move(s) completed (2 accepted (1.6260 %)). Current N = 2. Average N = 1.195
2021-03-25 21:58:23,934 - INFO: Move rejected due to water leaving the GCMC sphere
2021-03-25 21:58:27,276 - INFO: 124 move(s) completed (2 accepted (1.6129 %)). Current N = 2. Average N = 1.202
2021-03-25 21:58:42,061 - INFO: Move rejected due to water leaving the GCMC sphere
2021-03-25 21:58:45,538 - INFO: 125 move(s) completed (2 accepted (1.6000 %)). Current N = 2. Average N = 1.208
2021-03-25 21:59:04,096 - INFO: 126 move(s) completed (2 accepted (1.5873 %)). Current N = 2. Average N = 1.214
2021-03-25 21:59:19,153 - INFO: Move rejected due to water leaving the GCMC sphere
2021-03-25 21:59:22,632 - INFO: 127 move(s) completed (2 accepted (1.5748 %)). Current N = 2. Average N = 1.220
2021-03-25 21:59:41,275 - INFO: 128 move(s) completed (2 accepted (1.5625 %)). Current N = 2. Average N = 1.227
2021-03-25 21:59:59,874 - INFO: 129 move(s) completed (2 accepted (1.5504 %)). Current N = 2. Average N = 1.233
2021-03-25 22:00:18,675 - INFO: 130 move(s) completed (2 accepted (1.5385 %)). Current N = 2. Average N = 1.238
2021-03-25 22:00:37,352 - INFO: 131 move(s) completed (2 accepted (1.5267 %)). Current N = 2. Average N = 1.244
2021-03-25 22:00:52,398 - INFO: Move rejected due to water leaving the GCMC sphere
2021-03-25 22:00:56,058 - INFO: 132 move(s) completed (2 accepted (1.5152 %)). Current N = 2. Average N = 1.250
2021-03-25 22:01:11,047 - INFO: Move rejected due to water leaving the GCMC sphere
2021-03-25 22:01:14,752 - INFO: 133 move(s) completed (2 accepted (1.5038 %)). Current N = 2. Average N = 1.256
2021-03-25 22:01:29,929 - INFO: Move rejected due to water leaving the GCMC sphere
2021-03-25 22:01:33,462 - INFO: 134 move(s) completed (2 accepted (1.4925 %)). Current N = 2. Average N = 1.261
2021-03-25 22:01:52,201 - INFO: 135 move(s) completed (2 accepted (1.4815 %)). Current N = 2. Average N = 1.267
2021-03-25 22:02:11,289 - INFO: 136 move(s) completed (2 accepted (1.4706 %)). Current N = 2. Average N = 1.272
2021-03-25 22:02:26,984 - INFO: Move rejected due to water leaving the GCMC sphere
2021-03-25 22:02:30,756 - INFO: 137 move(s) completed (2 accepted (1.4599 %)). Current N = 2. Average N = 1.277
2021-03-25 22:02:46,193 - INFO: Move rejected due to water leaving the GCMC sphere
2021-03-25 22:02:49,660 - INFO: 138 move(s) completed (2 accepted (1.4493 %)). Current N = 2. Average N = 1.283
2021-03-25 22:03:08,918 - INFO: 139 move(s) completed (2 accepted (1.4388 %)). Current N = 2. Average N = 1.288
2021-03-25 22:03:26,968 - INFO: 140 move(s) completed (2 accepted (1.4286 %)). Current N = 2. Average N = 1.293
2021-03-25 22:03:42,491 - INFO: Move rejected due to water leaving the GCMC sphere
2021-03-25 22:03:46,714 - INFO: 141 move(s) completed (2 accepted (1.4184 %)). Current N = 2. Average N = 1.298
2021-03-25 22:04:02,003 - INFO: Move rejected due to water leaving the GCMC sphere
2021-03-25 22:04:05,684 - INFO: 142 move(s) completed (2 accepted (1.4085 %)). Current N = 2. Average N = 1.303
2021-03-25 22:04:24,834 - INFO: 143 move(s) completed (2 accepted (1.3986 %)). Current N = 2. Average N = 1.308
2021-03-25 22:04:43,258 - INFO: 144 move(s) completed (2 accepted (1.3889 %)). Current N = 2. Average N = 1.312
2021-03-25 22:05:02,202 - INFO: 145 move(s) completed (2 accepted (1.3793 %)). Current N = 2. Average N = 1.317
2021-03-25 22:05:17,340 - INFO: Move rejected due to water leaving the GCMC sphere
2021-03-25 22:05:20,795 - INFO: 146 move(s) completed (2 accepted (1.3699 %)). Current N = 2. Average N = 1.322
2021-03-25 22:05:35,964 - INFO: Move rejected due to water leaving the GCMC sphere
2021-03-25 22:05:39,505 - INFO: 147 move(s) completed (2 accepted (1.3605 %)). Current N = 2. Average N = 1.327
2021-03-25 22:05:54,600 - INFO: Move rejected due to water leaving the GCMC sphere
2021-03-25 22:05:58,235 - INFO: 148 move(s) completed (2 accepted (1.3514 %)). Current N = 2. Average N = 1.331
2021-03-25 22:06:13,260 - INFO: Move rejected due to water leaving the GCMC sphere
2021-03-25 22:06:16,666 - INFO: 149 move(s) completed (2 accepted (1.3423 %)). Current N = 2. Average N = 1.336
2021-03-25 22:06:31,704 - INFO: Move rejected due to water leaving the GCMC sphere
2021-03-25 22:06:35,188 - INFO: 150 move(s) completed (2 accepted (1.3333 %)). Current N = 2. Average N = 1.340
2021-03-25 22:06:50,175 - INFO: Move rejected due to water leaving the GCMC sphere
2021-03-25 22:06:53,686 - INFO: 151 move(s) completed (2 accepted (1.3245 %)). Current N = 2. Average N = 1.344
2021-03-25 22:07:08,659 - INFO: Move rejected due to water leaving the GCMC sphere
2021-03-25 22:07:12,213 - INFO: 152 move(s) completed (2 accepted (1.3158 %)). Current N = 2. Average N = 1.349
2021-03-25 22:07:27,280 - INFO: Move rejected due to water leaving the GCMC sphere
2021-03-25 22:07:30,907 - INFO: 153 move(s) completed (2 accepted (1.3072 %)). Current N = 2. Average N = 1.353
2021-03-25 22:07:49,777 - INFO: 154 move(s) completed (2 accepted (1.2987 %)). Current N = 2. Average N = 1.357
2021-03-25 22:08:08,841 - INFO: 155 move(s) completed (2 accepted (1.2903 %)). Current N = 2. Average N = 1.361
2021-03-25 22:08:24,035 - INFO: Move rejected due to water leaving the GCMC sphere
2021-03-25 22:08:27,732 - INFO: 156 move(s) completed (2 accepted (1.2821 %)). Current N = 2. Average N = 1.365
2021-03-25 22:08:43,067 - INFO: Move rejected due to water leaving the GCMC sphere
2021-03-25 22:08:46,680 - INFO: 157 move(s) completed (2 accepted (1.2739 %)). Current N = 2. Average N = 1.369
2021-03-25 22:09:05,812 - INFO: 158 move(s) completed (2 accepted (1.2658 %)). Current N = 2. Average N = 1.373
2021-03-25 22:09:24,801 - INFO: 159 move(s) completed (2 accepted (1.2579 %)). Current N = 2. Average N = 1.377
2021-03-25 22:09:40,380 - INFO: Move rejected due to water leaving the GCMC sphere
2021-03-25 22:09:43,965 - INFO: 160 move(s) completed (2 accepted (1.2500 %)). Current N = 2. Average N = 1.381
2021-03-25 22:10:02,723 - INFO: 161 move(s) completed (2 accepted (1.2422 %)). Current N = 2. Average N = 1.385
2021-03-25 22:10:21,682 - INFO: 162 move(s) completed (2 accepted (1.2346 %)). Current N = 2. Average N = 1.389
2021-03-25 22:10:37,043 - INFO: Move rejected due to water leaving the GCMC sphere
2021-03-25 22:10:40,724 - INFO: 163 move(s) completed (2 accepted (1.2270 %)). Current N = 2. Average N = 1.393
2021-03-25 22:10:59,867 - INFO: 164 move(s) completed (2 accepted (1.2195 %)). Current N = 2. Average N = 1.396
2021-03-25 22:11:15,391 - INFO: Move rejected due to water leaving the GCMC sphere
2021-03-25 22:11:18,979 - INFO: 165 move(s) completed (2 accepted (1.2121 %)). Current N = 2. Average N = 1.400
2021-03-25 22:11:37,452 - INFO: 166 move(s) completed (2 accepted (1.2048 %)). Current N = 2. Average N = 1.404
2021-03-25 22:11:52,248 - INFO: Move rejected due to water leaving the GCMC sphere
2021-03-25 22:11:55,879 - INFO: 167 move(s) completed (2 accepted (1.1976 %)). Current N = 2. Average N = 1.407
2021-03-25 22:12:10,978 - INFO: Move rejected due to water leaving the GCMC sphere
2021-03-25 22:12:14,440 - INFO: 168 move(s) completed (2 accepted (1.1905 %)). Current N = 2. Average N = 1.411
2021-03-25 22:12:32,909 - INFO: 169 move(s) completed (2 accepted (1.1834 %)). Current N = 2. Average N = 1.414
2021-03-25 22:12:51,613 - INFO: 170 move(s) completed (2 accepted (1.1765 %)). Current N = 2. Average N = 1.418
2021-03-25 22:13:10,661 - INFO: 171 move(s) completed (2 accepted (1.1696 %)). Current N = 2. Average N = 1.421
2021-03-25 22:13:25,822 - INFO: Move rejected due to water leaving the GCMC sphere
2021-03-25 22:13:29,429 - INFO: 172 move(s) completed (2 accepted (1.1628 %)). Current N = 2. Average N = 1.424
2021-03-25 22:13:44,558 - INFO: Move rejected due to water leaving the GCMC sphere
2021-03-25 22:13:47,943 - INFO: 173 move(s) completed (2 accepted (1.1561 %)). Current N = 2. Average N = 1.428
2021-03-25 22:14:06,105 - INFO: 174 move(s) completed (2 accepted (1.1494 %)). Current N = 2. Average N = 1.431
2021-03-25 22:14:24,778 - INFO: 175 move(s) completed (2 accepted (1.1429 %)). Current N = 2. Average N = 1.434
2021-03-25 22:14:43,694 - INFO: 176 move(s) completed (2 accepted (1.1364 %)). Current N = 2. Average N = 1.438
2021-03-25 22:14:58,793 - INFO: Move rejected due to water leaving the GCMC sphere
2021-03-25 22:15:02,487 - INFO: 177 move(s) completed (2 accepted (1.1299 %)). Current N = 2. Average N = 1.441
2021-03-25 22:15:21,361 - INFO: 178 move(s) completed (2 accepted (1.1236 %)). Current N = 2. Average N = 1.444
2021-03-25 22:15:40,101 - INFO: 179 move(s) completed (2 accepted (1.1173 %)). Current N = 2. Average N = 1.447
2021-03-25 22:15:58,569 - INFO: 180 move(s) completed (2 accepted (1.1111 %)). Current N = 2. Average N = 1.450
2021-03-25 22:16:17,669 - INFO: 181 move(s) completed (2 accepted (1.1050 %)). Current N = 2. Average N = 1.453
2021-03-25 22:16:36,789 - INFO: 182 move(s) completed (2 accepted (1.0989 %)). Current N = 2. Average N = 1.456
2021-03-25 22:16:56,093 - INFO: 183 move(s) completed (2 accepted (1.0929 %)). Current N = 2. Average N = 1.459
2021-03-25 22:17:14,686 - INFO: 184 move(s) completed (2 accepted (1.0870 %)). Current N = 2. Average N = 1.462
2021-03-25 22:17:34,077 - INFO: 185 move(s) completed (2 accepted (1.0811 %)). Current N = 2. Average N = 1.465
2021-03-25 22:17:52,440 - INFO: 186 move(s) completed (2 accepted (1.0753 %)). Current N = 2. Average N = 1.468
2021-03-25 22:18:11,586 - INFO: 187 move(s) completed (2 accepted (1.0695 %)). Current N = 2. Average N = 1.471
2021-03-25 22:18:29,970 - INFO: 188 move(s) completed (2 accepted (1.0638 %)). Current N = 2. Average N = 1.473
2021-03-25 22:18:48,544 - INFO: 189 move(s) completed (2 accepted (1.0582 %)). Current N = 2. Average N = 1.476
2021-03-25 22:19:06,975 - INFO: 190 move(s) completed (2 accepted (1.0526 %)). Current N = 2. Average N = 1.479
2021-03-25 22:19:21,790 - INFO: Move rejected due to water leaving the GCMC sphere
2021-03-25 22:19:25,513 - INFO: 191 move(s) completed (2 accepted (1.0471 %)). Current N = 2. Average N = 1.482
2021-03-25 22:19:43,933 - INFO: 192 move(s) completed (2 accepted (1.0417 %)). Current N = 2. Average N = 1.484
2021-03-25 22:19:58,865 - INFO: Move rejected due to water leaving the GCMC sphere
2021-03-25 22:20:02,575 - INFO: 193 move(s) completed (2 accepted (1.0363 %)). Current N = 2. Average N = 1.487
2021-03-25 22:20:17,473 - INFO: Move rejected due to water leaving the GCMC sphere
2021-03-25 22:20:21,249 - INFO: 194 move(s) completed (2 accepted (1.0309 %)). Current N = 2. Average N = 1.490
2021-03-25 22:20:39,950 - INFO: 195 move(s) completed (2 accepted (1.0256 %)). Current N = 2. Average N = 1.492
2021-03-25 22:20:58,788 - INFO: 196 move(s) completed (2 accepted (1.0204 %)). Current N = 2. Average N = 1.495
2021-03-25 22:21:14,064 - INFO: Move rejected due to water leaving the GCMC sphere
2021-03-25 22:21:17,665 - INFO: 197 move(s) completed (2 accepted (1.0152 %)). Current N = 2. Average N = 1.498
2021-03-25 22:21:32,942 - INFO: Move rejected due to water leaving the GCMC sphere
2021-03-25 22:21:36,523 - INFO: 198 move(s) completed (2 accepted (1.0101 %)). Current N = 2. Average N = 1.500
2021-03-25 22:21:51,944 - INFO: Move rejected due to water leaving the GCMC sphere
2021-03-25 22:21:55,729 - INFO: 199 move(s) completed (2 accepted (1.0050 %)). Current N = 2. Average N = 1.502
2021-03-25 22:22:14,162 - INFO: 200 move(s) completed (2 accepted (1.0000 %)). Current N = 2. Average N = 1.505
2021-03-25 22:22:33,033 - INFO: 201 move(s) completed (2 accepted (0.9950 %)). Current N = 2. Average N = 1.508
2021-03-25 22:22:52,112 - INFO: 202 move(s) completed (2 accepted (0.9901 %)). Current N = 2. Average N = 1.510
2021-03-25 22:23:07,365 - INFO: Move rejected due to water leaving the GCMC sphere
2021-03-25 22:23:11,002 - INFO: 203 move(s) completed (2 accepted (0.9852 %)). Current N = 2. Average N = 1.512
2021-03-25 22:23:29,994 - INFO: 204 move(s) completed (2 accepted (0.9804 %)). Current N = 2. Average N = 1.515
2021-03-25 22:23:45,643 - INFO: Move rejected due to water leaving the GCMC sphere
2021-03-25 22:23:49,122 - INFO: 205 move(s) completed (2 accepted (0.9756 %)). Current N = 2. Average N = 1.517
2021-03-25 22:24:08,218 - INFO: 206 move(s) completed (2 accepted (0.9709 %)). Current N = 2. Average N = 1.519
2021-03-25 22:24:27,618 - INFO: 207 move(s) completed (2 accepted (0.9662 %)). Current N = 2. Average N = 1.522
2021-03-25 22:24:46,274 - INFO: 208 move(s) completed (2 accepted (0.9615 %)). Current N = 2. Average N = 1.524
2021-03-25 22:25:04,627 - INFO: 209 move(s) completed (2 accepted (0.9569 %)). Current N = 2. Average N = 1.526
2021-03-25 22:25:22,591 - INFO: 210 move(s) completed (2 accepted (0.9524 %)). Current N = 2. Average N = 1.529
2021-03-25 22:25:37,258 - INFO: Move rejected due to water leaving the GCMC sphere
2021-03-25 22:25:40,740 - INFO: 211 move(s) completed (2 accepted (0.9479 %)). Current N = 2. Average N = 1.531
2021-03-25 22:25:55,805 - INFO: Move rejected due to water leaving the GCMC sphere
2021-03-25 22:25:59,234 - INFO: 212 move(s) completed (2 accepted (0.9434 %)). Current N = 2. Average N = 1.533
2021-03-25 22:26:17,718 - INFO: 213 move(s) completed (2 accepted (0.9390 %)). Current N = 2. Average N = 1.535
2021-03-25 22:26:36,568 - INFO: 214 move(s) completed (2 accepted (0.9346 %)). Current N = 2. Average N = 1.537
2021-03-25 22:26:54,753 - INFO: 215 move(s) completed (2 accepted (0.9302 %)). Current N = 2. Average N = 1.540
2021-03-25 22:27:09,894 - INFO: Move rejected due to water leaving the GCMC sphere
2021-03-25 22:27:13,589 - INFO: 216 move(s) completed (2 accepted (0.9259 %)). Current N = 2. Average N = 1.542
2021-03-25 22:27:31,955 - INFO: 217 move(s) completed (2 accepted (0.9217 %)). Current N = 2. Average N = 1.544
2021-03-25 22:27:46,980 - INFO: Move rejected due to water leaving the GCMC sphere
2021-03-25 22:27:50,779 - INFO: 218 move(s) completed (2 accepted (0.9174 %)). Current N = 2. Average N = 1.546
2021-03-25 22:28:08,914 - INFO: 219 move(s) completed (2 accepted (0.9132 %)). Current N = 2. Average N = 1.548
2021-03-25 22:28:27,793 - INFO: 220 move(s) completed (2 accepted (0.9091 %)). Current N = 2. Average N = 1.550
2021-03-25 22:28:43,264 - INFO: Move rejected due to water leaving the GCMC sphere
2021-03-25 22:28:46,845 - INFO: 221 move(s) completed (2 accepted (0.9050 %)). Current N = 2. Average N = 1.552
2021-03-25 22:29:02,467 - INFO: Move rejected due to water leaving the GCMC sphere
2021-03-25 22:29:05,929 - INFO: 222 move(s) completed (2 accepted (0.9009 %)). Current N = 2. Average N = 1.554
2021-03-25 22:29:25,034 - INFO: 223 move(s) completed (2 accepted (0.8969 %)). Current N = 2. Average N = 1.556
2021-03-25 22:29:44,164 - INFO: 224 move(s) completed (2 accepted (0.8929 %)). Current N = 2. Average N = 1.558
2021-03-25 22:30:02,769 - INFO: 225 move(s) completed (2 accepted (0.8889 %)). Current N = 2. Average N = 1.560
2021-03-25 22:30:21,855 - INFO: 226 move(s) completed (2 accepted (0.8850 %)). Current N = 2. Average N = 1.562
2021-03-25 22:30:40,986 - INFO: 227 move(s) completed (2 accepted (0.8811 %)). Current N = 2. Average N = 1.564
2021-03-25 22:31:00,050 - INFO: 228 move(s) completed (2 accepted (0.8772 %)). Current N = 2. Average N = 1.566
2021-03-25 22:31:15,327 - INFO: Move rejected due to water leaving the GCMC sphere
2021-03-25 22:31:18,962 - INFO: 229 move(s) completed (2 accepted (0.8734 %)). Current N = 2. Average N = 1.568
2021-03-25 22:31:38,079 - INFO: 230 move(s) completed (2 accepted (0.8696 %)). Current N = 2. Average N = 1.570
2021-03-25 22:31:56,747 - INFO: 231 move(s) completed (2 accepted (0.8658 %)). Current N = 2. Average N = 1.571
2021-03-25 22:32:15,496 - INFO: 232 move(s) completed (2 accepted (0.8621 %)). Current N = 2. Average N = 1.573
2021-03-25 22:32:30,615 - INFO: Move rejected due to water leaving the GCMC sphere
2021-03-25 22:32:34,274 - INFO: 233 move(s) completed (2 accepted (0.8584 %)). Current N = 2. Average N = 1.575
2021-03-25 22:32:52,900 - INFO: 234 move(s) completed (2 accepted (0.8547 %)). Current N = 2. Average N = 1.577
2021-03-25 22:33:11,410 - INFO: 235 move(s) completed (2 accepted (0.8511 %)). Current N = 2. Average N = 1.579
2021-03-25 22:33:29,945 - INFO: 236 move(s) completed (2 accepted (0.8475 %)). Current N = 2. Average N = 1.581
2021-03-25 22:33:48,360 - INFO: 237 move(s) completed (2 accepted (0.8439 %)). Current N = 2. Average N = 1.582
2021-03-25 22:34:06,850 - INFO: 238 move(s) completed (2 accepted (0.8403 %)). Current N = 2. Average N = 1.584
2021-03-25 22:34:25,741 - INFO: 239 move(s) completed (2 accepted (0.8368 %)). Current N = 2. Average N = 1.586
2021-03-25 22:34:41,010 - INFO: Move rejected due to water leaving the GCMC sphere
2021-03-25 22:34:44,704 - INFO: 240 move(s) completed (2 accepted (0.8333 %)). Current N = 2. Average N = 1.587
2021-03-25 22:35:03,560 - INFO: 241 move(s) completed (2 accepted (0.8299 %)). Current N = 2. Average N = 1.589
2021-03-25 22:35:18,808 - INFO: Move rejected due to water leaving the GCMC sphere
2021-03-25 22:35:22,594 - INFO: 242 move(s) completed (2 accepted (0.8264 %)). Current N = 2. Average N = 1.591
2021-03-25 22:35:41,337 - INFO: 243 move(s) completed (2 accepted (0.8230 %)). Current N = 2. Average N = 1.593
2021-03-25 22:35:56,564 - INFO: Move rejected due to water leaving the GCMC sphere
2021-03-25 22:36:00,219 - INFO: 244 move(s) completed (2 accepted (0.8197 %)). Current N = 2. Average N = 1.594
2021-03-25 22:36:19,615 - INFO: 245 move(s) completed (2 accepted (0.8163 %)). Current N = 2. Average N = 1.596
2021-03-25 22:36:38,381 - INFO: 246 move(s) completed (2 accepted (0.8130 %)). Current N = 2. Average N = 1.598
2021-03-25 22:36:56,846 - INFO: 247 move(s) completed (2 accepted (0.8097 %)). Current N = 2. Average N = 1.599
2021-03-25 22:37:16,144 - INFO: 248 move(s) completed (2 accepted (0.8065 %)). Current N = 2. Average N = 1.601
2021-03-25 22:37:35,014 - INFO: 249 move(s) completed (2 accepted (0.8032 %)). Current N = 2. Average N = 1.602
2021-03-25 22:37:50,526 - INFO: Move rejected due to water leaving the GCMC sphere
2021-03-25 22:37:53,981 - INFO: 250 move(s) completed (2 accepted (0.8000 %)). Current N = 2. Average N = 1.604
2021-03-25 22:38:09,516 - INFO: Move rejected due to water leaving the GCMC sphere
2021-03-25 22:38:12,936 - INFO: 251 move(s) completed (2 accepted (0.7968 %)). Current N = 2. Average N = 1.606
2021-03-25 22:38:27,618 - INFO: Move rejected due to water leaving the GCMC sphere
2021-03-25 22:38:31,089 - INFO: 252 move(s) completed (2 accepted (0.7937 %)). Current N = 2. Average N = 1.607
2021-03-25 22:38:45,768 - INFO: Move rejected due to water leaving the GCMC sphere
2021-03-25 22:38:49,415 - INFO: 253 move(s) completed (2 accepted (0.7905 %)). Current N = 2. Average N = 1.609
2021-03-25 22:39:04,098 - INFO: Move rejected due to water leaving the GCMC sphere
2021-03-25 22:39:07,507 - INFO: 254 move(s) completed (2 accepted (0.7874 %)). Current N = 2. Average N = 1.610
2021-03-25 22:39:25,847 - INFO: 255 move(s) completed (2 accepted (0.7843 %)). Current N = 2. Average N = 1.612
2021-03-25 22:39:44,572 - INFO: 256 move(s) completed (2 accepted (0.7812 %)). Current N = 2. Average N = 1.613
2021-03-25 22:39:59,724 - INFO: Move rejected due to water leaving the GCMC sphere
2021-03-25 22:40:03,172 - INFO: 257 move(s) completed (2 accepted (0.7782 %)). Current N = 2. Average N = 1.615
2021-03-25 22:40:21,754 - INFO: 258 move(s) completed (2 accepted (0.7752 %)). Current N = 2. Average N = 1.616
2021-03-25 22:40:36,592 - INFO: Move rejected due to water leaving the GCMC sphere
2021-03-25 22:40:40,265 - INFO: 259 move(s) completed (2 accepted (0.7722 %)). Current N = 2. Average N = 1.618
2021-03-25 22:40:58,608 - INFO: 260 move(s) completed (2 accepted (0.7692 %)). Current N = 2. Average N = 1.619
2021-03-25 22:41:13,416 - INFO: Move rejected due to water leaving the GCMC sphere
2021-03-25 22:41:16,921 - INFO: 261 move(s) completed (2 accepted (0.7663 %)). Current N = 2. Average N = 1.621
2021-03-25 22:41:34,893 - INFO: 262 move(s) completed (2 accepted (0.7634 %)). Current N = 2. Average N = 1.622
2021-03-25 22:41:49,967 - INFO: Move rejected due to water leaving the GCMC sphere
2021-03-25 22:41:53,504 - INFO: 263 move(s) completed (2 accepted (0.7605 %)). Current N = 2. Average N = 1.624
2021-03-25 22:42:08,797 - INFO: Move rejected due to water leaving the GCMC sphere
2021-03-25 22:42:12,428 - INFO: 264 move(s) completed (2 accepted (0.7576 %)). Current N = 2. Average N = 1.625
2021-03-25 22:42:27,780 - INFO: Move rejected due to water leaving the GCMC sphere
2021-03-25 22:42:31,404 - INFO: 265 move(s) completed (2 accepted (0.7547 %)). Current N = 2. Average N = 1.626
2021-03-25 22:42:50,163 - INFO: 266 move(s) completed (2 accepted (0.7519 %)). Current N = 2. Average N = 1.628
2021-03-25 22:43:05,609 - INFO: Move rejected due to water leaving the GCMC sphere
2021-03-25 22:43:09,318 - INFO: 267 move(s) completed (2 accepted (0.7491 %)). Current N = 2. Average N = 1.629
2021-03-25 22:43:28,347 - INFO: 268 move(s) completed (2 accepted (0.7463 %)). Current N = 2. Average N = 1.631
2021-03-25 22:43:46,494 - INFO: 269 move(s) completed (2 accepted (0.7435 %)). Current N = 2. Average N = 1.632
2021-03-25 22:44:05,455 - INFO: 270 move(s) completed (2 accepted (0.7407 %)). Current N = 2. Average N = 1.633
2021-03-25 22:44:20,870 - INFO: Move rejected due to water leaving the GCMC sphere
2021-03-25 22:44:24,460 - INFO: 271 move(s) completed (2 accepted (0.7380 %)). Current N = 2. Average N = 1.635
2021-03-25 22:44:43,716 - INFO: 272 move(s) completed (2 accepted (0.7353 %)). Current N = 2. Average N = 1.636
2021-03-25 22:45:02,698 - INFO: 273 move(s) completed (2 accepted (0.7326 %)). Current N = 2. Average N = 1.637
2021-03-25 22:45:20,960 - INFO: 274 move(s) completed (2 accepted (0.7299 %)). Current N = 2. Average N = 1.639
2021-03-25 22:45:35,757 - INFO: Move rejected due to water leaving the GCMC sphere
2021-03-25 22:45:39,193 - INFO: 275 move(s) completed (2 accepted (0.7273 %)). Current N = 2. Average N = 1.640
2021-03-25 22:45:57,355 - INFO: 276 move(s) completed (2 accepted (0.7246 %)). Current N = 2. Average N = 1.641
2021-03-25 22:46:15,695 - INFO: 277 move(s) completed (2 accepted (0.7220 %)). Current N = 2. Average N = 1.643
2021-03-25 22:46:34,336 - INFO: 278 move(s) completed (2 accepted (0.7194 %)). Current N = 2. Average N = 1.644
2021-03-25 22:46:49,335 - INFO: Move rejected due to water leaving the GCMC sphere
2021-03-25 22:46:52,664 - INFO: 279 move(s) completed (2 accepted (0.7168 %)). Current N = 2. Average N = 1.645
2021-03-25 22:47:11,293 - INFO: 280 move(s) completed (2 accepted (0.7143 %)). Current N = 2. Average N = 1.646
2021-03-25 22:47:26,215 - INFO: Move rejected due to water leaving the GCMC sphere
2021-03-25 22:47:29,688 - INFO: 281 move(s) completed (2 accepted (0.7117 %)). Current N = 2. Average N = 1.648
2021-03-25 22:47:48,367 - INFO: 282 move(s) completed (2 accepted (0.7092 %)). Current N = 2. Average N = 1.649
2021-03-25 22:48:03,711 - INFO: Move rejected due to water leaving the GCMC sphere
2021-03-25 22:48:07,189 - INFO: 283 move(s) completed (2 accepted (0.7067 %)). Current N = 2. Average N = 1.650
2021-03-25 22:48:25,803 - INFO: 284 move(s) completed (2 accepted (0.7042 %)). Current N = 2. Average N = 1.651
2021-03-25 22:48:40,970 - INFO: Move rejected due to water leaving the GCMC sphere
2021-03-25 22:48:44,636 - INFO: 285 move(s) completed (2 accepted (0.7018 %)). Current N = 2. Average N = 1.653
2021-03-25 22:49:03,585 - INFO: 286 move(s) completed (2 accepted (0.6993 %)). Current N = 2. Average N = 1.654
2021-03-25 22:49:22,711 - INFO: 287 move(s) completed (2 accepted (0.6969 %)). Current N = 2. Average N = 1.655
2021-03-25 22:49:41,845 - INFO: 288 move(s) completed (2 accepted (0.6944 %)). Current N = 2. Average N = 1.656
2021-03-25 22:50:00,758 - INFO: 289 move(s) completed (2 accepted (0.6920 %)). Current N = 2. Average N = 1.657
2021-03-25 22:50:20,088 - INFO: 290 move(s) completed (2 accepted (0.6897 %)). Current N = 2. Average N = 1.659
2021-03-25 22:50:39,265 - INFO: 291 move(s) completed (2 accepted (0.6873 %)). Current N = 2. Average N = 1.660
2021-03-25 22:50:58,210 - INFO: 292 move(s) completed (2 accepted (0.6849 %)). Current N = 2. Average N = 1.661
2021-03-25 22:51:17,449 - INFO: 293 move(s) completed (2 accepted (0.6826 %)). Current N = 2. Average N = 1.662
2021-03-25 22:51:35,710 - INFO: 294 move(s) completed (2 accepted (0.6803 %)). Current N = 2. Average N = 1.663
2021-03-25 22:51:53,762 - INFO: 295 move(s) completed (2 accepted (0.6780 %)). Current N = 2. Average N = 1.664
2021-03-25 22:52:08,612 - INFO: Move rejected due to water leaving the GCMC sphere
2021-03-25 22:52:12,131 - INFO: 296 move(s) completed (2 accepted (0.6757 %)). Current N = 2. Average N = 1.665
2021-03-25 22:52:30,356 - INFO: 297 move(s) completed (2 accepted (0.6734 %)). Current N = 2. Average N = 1.667
2021-03-25 22:52:48,779 - INFO: 298 move(s) completed (2 accepted (0.6711 %)). Current N = 2. Average N = 1.668
2021-03-25 22:53:07,091 - INFO: 299 move(s) completed (2 accepted (0.6689 %)). Current N = 2. Average N = 1.669
2021-03-25 22:53:22,023 - INFO: Move rejected due to water leaving the GCMC sphere
2021-03-25 22:53:25,715 - INFO: 300 move(s) completed (2 accepted (0.6667 %)). Current N = 2. Average N = 1.670
2021-03-25 22:53:44,310 - INFO: 301 move(s) completed (2 accepted (0.6645 %)). Current N = 2. Average N = 1.671
2021-03-25 22:53:59,033 - INFO: Move rejected due to water leaving the GCMC sphere
2021-03-25 22:54:02,728 - INFO: 302 move(s) completed (2 accepted (0.6623 %)). Current N = 2. Average N = 1.672
2021-03-25 22:54:21,535 - INFO: 303 move(s) completed (2 accepted (0.6601 %)). Current N = 2. Average N = 1.673
2021-03-25 22:54:39,577 - INFO: 304 move(s) completed (2 accepted (0.6579 %)). Current N = 2. Average N = 1.674
2021-03-25 22:54:58,198 - INFO: 305 move(s) completed (2 accepted (0.6557 %)). Current N = 2. Average N = 1.675
2021-03-25 22:55:13,492 - INFO: Move rejected due to water leaving the GCMC sphere
2021-03-25 22:55:17,060 - INFO: 306 move(s) completed (2 accepted (0.6536 %)). Current N = 2. Average N = 1.677
2021-03-25 22:55:36,167 - INFO: 307 move(s) completed (2 accepted (0.6515 %)). Current N = 2. Average N = 1.677
2021-03-25 22:55:54,637 - INFO: 308 move(s) completed (2 accepted (0.6494 %)). Current N = 2. Average N = 1.679
2021-03-25 22:56:13,111 - INFO: 309 move(s) completed (2 accepted (0.6472 %)). Current N = 2. Average N = 1.680
2021-03-25 22:56:28,656 - INFO: Move rejected due to water leaving the GCMC sphere
2021-03-25 22:56:32,299 - INFO: 310 move(s) completed (2 accepted (0.6452 %)). Current N = 2. Average N = 1.681
2021-03-25 22:56:51,133 - INFO: 311 move(s) completed (2 accepted (0.6431 %)). Current N = 2. Average N = 1.682
2021-03-25 22:57:06,635 - INFO: Move rejected due to water leaving the GCMC sphere
2021-03-25 22:57:10,150 - INFO: 312 move(s) completed (2 accepted (0.6410 %)). Current N = 2. Average N = 1.683
2021-03-25 22:57:29,165 - INFO: 313 move(s) completed (3 accepted (0.9585 %)). Current N = 3. Average N = 1.687
2021-03-25 22:57:47,583 - INFO: 314 move(s) completed (4 accepted (1.2739 %)). Current N = 2. Average N = 1.688
2021-03-25 22:58:02,836 - INFO: Move rejected due to water leaving the GCMC sphere
2021-03-25 22:58:06,495 - INFO: 315 move(s) completed (4 accepted (1.2698 %)). Current N = 2. Average N = 1.689
2021-03-25 22:58:22,195 - INFO: Move rejected due to water leaving the GCMC sphere
2021-03-25 22:58:25,793 - INFO: 316 move(s) completed (4 accepted (1.2658 %)). Current N = 2. Average N = 1.690
2021-03-25 22:58:44,394 - INFO: 317 move(s) completed (4 accepted (1.2618 %)). Current N = 2. Average N = 1.691
2021-03-25 22:59:02,858 - INFO: 318 move(s) completed (4 accepted (1.2579 %)). Current N = 2. Average N = 1.692
2021-03-25 22:59:17,938 - INFO: Move rejected due to water leaving the GCMC sphere
2021-03-25 22:59:21,404 - INFO: 319 move(s) completed (4 accepted (1.2539 %)). Current N = 2. Average N = 1.693
2021-03-25 22:59:39,869 - INFO: 320 move(s) completed (4 accepted (1.2500 %)). Current N = 2. Average N = 1.694
2021-03-25 22:59:58,656 - INFO: 321 move(s) completed (4 accepted (1.2461 %)). Current N = 2. Average N = 1.695
2021-03-25 23:00:13,733 - INFO: Move rejected due to water leaving the GCMC sphere
2021-03-25 23:00:17,276 - INFO: 322 move(s) completed (4 accepted (1.2422 %)). Current N = 2. Average N = 1.696
2021-03-25 23:00:36,034 - INFO: 323 move(s) completed (4 accepted (1.2384 %)). Current N = 2. Average N = 1.697
2021-03-25 23:00:54,168 - INFO: 324 move(s) completed (4 accepted (1.2346 %)). Current N = 2. Average N = 1.698
2021-03-25 23:01:12,941 - INFO: 325 move(s) completed (4 accepted (1.2308 %)). Current N = 2. Average N = 1.698
2021-03-25 23:01:28,199 - INFO: Move rejected due to water leaving the GCMC sphere
2021-03-25 23:01:31,873 - INFO: 326 move(s) completed (4 accepted (1.2270 %)). Current N = 2. Average N = 1.699
2021-03-25 23:01:47,047 - INFO: Move rejected due to water leaving the GCMC sphere
2021-03-25 23:01:50,726 - INFO: 327 move(s) completed (4 accepted (1.2232 %)). Current N = 2. Average N = 1.700
2021-03-25 23:02:09,549 - INFO: 328 move(s) completed (4 accepted (1.2195 %)). Current N = 2. Average N = 1.701
2021-03-25 23:02:27,755 - INFO: 329 move(s) completed (4 accepted (1.2158 %)). Current N = 2. Average N = 1.702
2021-03-25 23:02:43,148 - INFO: Move rejected due to water leaving the GCMC sphere
2021-03-25 23:02:46,808 - INFO: 330 move(s) completed (4 accepted (1.2121 %)). Current N = 2. Average N = 1.703
2021-03-25 23:03:05,931 - INFO: 331 move(s) completed (4 accepted (1.2085 %)). Current N = 2. Average N = 1.704
2021-03-25 23:03:24,999 - INFO: 332 move(s) completed (4 accepted (1.2048 %)). Current N = 2. Average N = 1.705
2021-03-25 23:03:44,241 - INFO: 333 move(s) completed (4 accepted (1.2012 %)). Current N = 2. Average N = 1.706
2021-03-25 23:04:02,910 - INFO: 334 move(s) completed (4 accepted (1.1976 %)). Current N = 2. Average N = 1.707
2021-03-25 23:04:22,048 - INFO: 335 move(s) completed (4 accepted (1.1940 %)). Current N = 2. Average N = 1.708
2021-03-25 23:04:37,673 - INFO: Move rejected due to water leaving the GCMC sphere
2021-03-25 23:04:41,302 - INFO: 336 move(s) completed (4 accepted (1.1905 %)). Current N = 2. Average N = 1.708
2021-03-25 23:04:56,213 - INFO: Move rejected due to water leaving the GCMC sphere
2021-03-25 23:04:59,855 - INFO: 337 move(s) completed (4 accepted (1.1869 %)). Current N = 2. Average N = 1.709
2021-03-25 23:05:18,167 - INFO: 338 move(s) completed (4 accepted (1.1834 %)). Current N = 2. Average N = 1.710
2021-03-25 23:05:33,025 - INFO: Move rejected due to water leaving the GCMC sphere
2021-03-25 23:05:36,634 - INFO: 339 move(s) completed (4 accepted (1.1799 %)). Current N = 2. Average N = 1.711
2021-03-25 23:05:51,260 - INFO: Move rejected due to water leaving the GCMC sphere
2021-03-25 23:05:54,872 - INFO: 340 move(s) completed (4 accepted (1.1765 %)). Current N = 2. Average N = 1.712
2021-03-25 23:06:13,757 - INFO: 341 move(s) completed (4 accepted (1.1730 %)). Current N = 2. Average N = 1.713
2021-03-25 23:06:28,725 - INFO: Move rejected due to water leaving the GCMC sphere
2021-03-25 23:06:32,405 - INFO: 342 move(s) completed (4 accepted (1.1696 %)). Current N = 2. Average N = 1.714
2021-03-25 23:06:50,899 - INFO: 343 move(s) completed (4 accepted (1.1662 %)). Current N = 2. Average N = 1.714
2021-03-25 23:07:06,129 - INFO: Move rejected due to water leaving the GCMC sphere
2021-03-25 23:07:09,840 - INFO: 344 move(s) completed (4 accepted (1.1628 %)). Current N = 2. Average N = 1.715
2021-03-25 23:07:25,117 - INFO: Move rejected due to water leaving the GCMC sphere
2021-03-25 23:07:28,643 - INFO: 345 move(s) completed (4 accepted (1.1594 %)). Current N = 2. Average N = 1.716
2021-03-25 23:07:47,295 - INFO: 346 move(s) completed (4 accepted (1.1561 %)). Current N = 2. Average N = 1.717
2021-03-25 23:08:05,779 - INFO: 347 move(s) completed (4 accepted (1.1527 %)). Current N = 2. Average N = 1.718
2021-03-25 23:08:24,876 - INFO: 348 move(s) completed (4 accepted (1.1494 %)). Current N = 2. Average N = 1.718
2021-03-25 23:08:43,806 - INFO: 349 move(s) completed (4 accepted (1.1461 %)). Current N = 2. Average N = 1.719
2021-03-25 23:09:02,220 - INFO: 350 move(s) completed (4 accepted (1.1429 %)). Current N = 2. Average N = 1.720
2021-03-25 23:09:21,058 - INFO: 351 move(s) completed (4 accepted (1.1396 %)). Current N = 2. Average N = 1.721
2021-03-25 23:09:39,777 - INFO: 352 move(s) completed (4 accepted (1.1364 %)). Current N = 2. Average N = 1.722
2021-03-25 23:09:58,596 - INFO: 353 move(s) completed (4 accepted (1.1331 %)). Current N = 2. Average N = 1.722
2021-03-25 23:10:17,604 - INFO: 354 move(s) completed (4 accepted (1.1299 %)). Current N = 2. Average N = 1.723
2021-03-25 23:10:36,786 - INFO: 355 move(s) completed (4 accepted (1.1268 %)). Current N = 2. Average N = 1.724
2021-03-25 23:10:55,131 - INFO: 356 move(s) completed (4 accepted (1.1236 %)). Current N = 2. Average N = 1.725
2021-03-25 23:11:14,484 - INFO: 357 move(s) completed (4 accepted (1.1204 %)). Current N = 2. Average N = 1.726
2021-03-25 23:11:33,607 - INFO: 358 move(s) completed (4 accepted (1.1173 %)). Current N = 2. Average N = 1.726
2021-03-25 23:11:52,807 - INFO: 359 move(s) completed (4 accepted (1.1142 %)). Current N = 2. Average N = 1.727
2021-03-25 23:12:11,153 - INFO: 360 move(s) completed (4 accepted (1.1111 %)). Current N = 2. Average N = 1.728
2021-03-25 23:12:29,313 - INFO: 361 move(s) completed (4 accepted (1.1080 %)). Current N = 2. Average N = 1.728
2021-03-25 23:12:47,635 - INFO: 362 move(s) completed (4 accepted (1.1050 %)). Current N = 2. Average N = 1.729
2021-03-25 23:13:06,060 - INFO: 363 move(s) completed (4 accepted (1.1019 %)). Current N = 2. Average N = 1.730
2021-03-25 23:13:21,136 - INFO: Move rejected due to water leaving the GCMC sphere
2021-03-25 23:13:24,653 - INFO: 364 move(s) completed (4 accepted (1.0989 %)). Current N = 2. Average N = 1.731
2021-03-25 23:13:39,716 - INFO: Move rejected due to water leaving the GCMC sphere
2021-03-25 23:13:43,174 - INFO: 365 move(s) completed (4 accepted (1.0959 %)). Current N = 2. Average N = 1.732
2021-03-25 23:14:01,982 - INFO: 366 move(s) completed (4 accepted (1.0929 %)). Current N = 2. Average N = 1.732
2021-03-25 23:14:17,042 - INFO: Move rejected due to water leaving the GCMC sphere
2021-03-25 23:14:20,736 - INFO: 367 move(s) completed (4 accepted (1.0899 %)). Current N = 2. Average N = 1.733
2021-03-25 23:14:39,321 - INFO: 368 move(s) completed (4 accepted (1.0870 %)). Current N = 2. Average N = 1.734
2021-03-25 23:14:58,239 - INFO: 369 move(s) completed (4 accepted (1.0840 %)). Current N = 2. Average N = 1.734
2021-03-25 23:15:17,153 - INFO: 370 move(s) completed (4 accepted (1.0811 %)). Current N = 2. Average N = 1.735
2021-03-25 23:15:32,486 - INFO: Move rejected due to water leaving the GCMC sphere
2021-03-25 23:15:36,069 - INFO: 371 move(s) completed (4 accepted (1.0782 %)). Current N = 2. Average N = 1.736
2021-03-25 23:15:55,031 - INFO: 372 move(s) completed (4 accepted (1.0753 %)). Current N = 2. Average N = 1.737
2021-03-25 23:16:14,068 - INFO: 373 move(s) completed (4 accepted (1.0724 %)). Current N = 2. Average N = 1.737
2021-03-25 23:16:33,067 - INFO: 374 move(s) completed (4 accepted (1.0695 %)). Current N = 2. Average N = 1.738
2021-03-25 23:16:52,193 - INFO: 375 move(s) completed (4 accepted (1.0667 %)). Current N = 2. Average N = 1.739
2021-03-25 23:17:11,519 - INFO: 376 move(s) completed (4 accepted (1.0638 %)). Current N = 2. Average N = 1.739
2021-03-25 23:17:30,416 - INFO: 377 move(s) completed (4 accepted (1.0610 %)). Current N = 2. Average N = 1.740
2021-03-25 23:17:48,584 - INFO: 378 move(s) completed (4 accepted (1.0582 %)). Current N = 2. Average N = 1.741
2021-03-25 23:18:07,859 - INFO: 379 move(s) completed (4 accepted (1.0554 %)). Current N = 2. Average N = 1.741
2021-03-25 23:18:27,339 - INFO: 380 move(s) completed (4 accepted (1.0526 %)). Current N = 2. Average N = 1.742
2021-03-25 23:18:43,247 - INFO: Move rejected due to water leaving the GCMC sphere
2021-03-25 23:18:46,747 - INFO: 381 move(s) completed (4 accepted (1.0499 %)). Current N = 2. Average N = 1.743
2021-03-25 23:19:05,169 - INFO: 382 move(s) completed (4 accepted (1.0471 %)). Current N = 2. Average N = 1.744
2021-03-25 23:19:20,217 - INFO: Move rejected due to water leaving the GCMC sphere
2021-03-25 23:19:23,882 - INFO: 383 move(s) completed (4 accepted (1.0444 %)). Current N = 2. Average N = 1.744
2021-03-25 23:19:42,237 - INFO: 384 move(s) completed (4 accepted (1.0417 %)). Current N = 2. Average N = 1.745
2021-03-25 23:19:57,244 - INFO: Move rejected due to water leaving the GCMC sphere
2021-03-25 23:20:00,904 - INFO: 385 move(s) completed (4 accepted (1.0390 %)). Current N = 2. Average N = 1.746
2021-03-25 23:20:15,798 - INFO: Move rejected due to water leaving the GCMC sphere
2021-03-25 23:20:19,326 - INFO: 386 move(s) completed (4 accepted (1.0363 %)). Current N = 2. Average N = 1.746
2021-03-25 23:20:37,875 - INFO: 387 move(s) completed (4 accepted (1.0336 %)). Current N = 2. Average N = 1.747
2021-03-25 23:20:52,862 - INFO: Move rejected due to water leaving the GCMC sphere
2021-03-25 23:20:56,291 - INFO: 388 move(s) completed (4 accepted (1.0309 %)). Current N = 2. Average N = 1.747
2021-03-25 23:21:11,176 - INFO: Move rejected due to water leaving the GCMC sphere
2021-03-25 23:21:14,648 - INFO: 389 move(s) completed (4 accepted (1.0283 %)). Current N = 2. Average N = 1.748
2021-03-25 23:21:33,565 - INFO: 390 move(s) completed (4 accepted (1.0256 %)). Current N = 2. Average N = 1.749
2021-03-25 23:21:48,593 - INFO: Move rejected due to water leaving the GCMC sphere
2021-03-25 23:21:52,194 - INFO: 391 move(s) completed (4 accepted (1.0230 %)). Current N = 2. Average N = 1.749
2021-03-25 23:22:07,357 - INFO: Move rejected due to water leaving the GCMC sphere
2021-03-25 23:22:11,047 - INFO: 392 move(s) completed (4 accepted (1.0204 %)). Current N = 2. Average N = 1.750
2021-03-25 23:22:26,382 - INFO: Move rejected due to water leaving the GCMC sphere
2021-03-25 23:22:30,061 - INFO: 393 move(s) completed (4 accepted (1.0178 %)). Current N = 2. Average N = 1.751
2021-03-25 23:22:45,441 - INFO: Move rejected due to water leaving the GCMC sphere
2021-03-25 23:22:49,070 - INFO: 394 move(s) completed (4 accepted (1.0152 %)). Current N = 2. Average N = 1.751
2021-03-25 23:23:08,207 - INFO: 395 move(s) completed (4 accepted (1.0127 %)). Current N = 2. Average N = 1.752
