2021-03-25 05:40:34,972 - INFO: kT = 0.5921875708469466 kcal/mol
2021-03-25 05:40:40,260 - INFO: BaseGrandCanonicalMonteCarloSampler object initialised
2021-03-25 05:40:40,261 - INFO: GCMC sphere is based on reference atom IDs: [887, 1837]
2021-03-25 05:40:40,261 - INFO: GCMC sphere radius is 6 A
2021-03-25 05:40:40,262 - INFO: Simulating at an Adams (B) value of -6.888845176169922
2021-03-25 05:40:40,262 - INFO: GCMCSphereSampler object initialised
2021-03-25 05:40:40,262 - INFO: Each NCMC move will be executed over a total of 11.0 ps
2021-03-25 05:40:40,262 - INFO: NonequilibriumGCMCSphereSampler object initialised
2021-03-25 05:41:12,954 - INFO: 1 move(s) completed (1 accepted (100.0000 %)). Current N = 1. Average N = 1.000
2021-03-25 05:41:34,711 - INFO: Move rejected due to water leaving the GCMC sphere
2021-03-25 05:41:38,284 - INFO: 2 move(s) completed (1 accepted (50.0000 %)). Current N = 1. Average N = 1.000
2021-03-25 05:42:03,935 - INFO: 3 move(s) completed (1 accepted (33.3333 %)). Current N = 1. Average N = 1.000
2021-03-25 05:42:24,927 - INFO: Move rejected due to water leaving the GCMC sphere
2021-03-25 05:42:28,498 - INFO: 4 move(s) completed (1 accepted (25.0000 %)). Current N = 1. Average N = 1.000
2021-03-25 05:42:49,677 - INFO: Move rejected due to water leaving the GCMC sphere
2021-03-25 05:42:53,246 - INFO: 5 move(s) completed (1 accepted (20.0000 %)). Current N = 1. Average N = 1.000
2021-03-25 05:43:14,541 - INFO: Move rejected due to water leaving the GCMC sphere
2021-03-25 05:43:18,201 - INFO: 6 move(s) completed (1 accepted (16.6667 %)). Current N = 1. Average N = 1.000
2021-03-25 05:43:43,258 - INFO: 7 move(s) completed (1 accepted (14.2857 %)). Current N = 1. Average N = 1.000
2021-03-25 05:44:04,692 - INFO: Move rejected due to water leaving the GCMC sphere
2021-03-25 05:44:08,379 - INFO: 8 move(s) completed (1 accepted (12.5000 %)). Current N = 1. Average N = 1.000
2021-03-25 05:44:29,970 - INFO: Move rejected due to water leaving the GCMC sphere
2021-03-25 05:44:33,662 - INFO: 9 move(s) completed (1 accepted (11.1111 %)). Current N = 1. Average N = 1.000
2021-03-25 05:44:58,982 - INFO: 10 move(s) completed (1 accepted (10.0000 %)). Current N = 1. Average N = 1.000
2021-03-25 05:45:23,833 - INFO: 11 move(s) completed (1 accepted (9.0909 %)). Current N = 1. Average N = 1.000
2021-03-25 05:45:48,405 - INFO: 12 move(s) completed (1 accepted (8.3333 %)). Current N = 1. Average N = 1.000
2021-03-25 05:46:09,571 - INFO: Move rejected due to water leaving the GCMC sphere
2021-03-25 05:46:13,143 - INFO: 13 move(s) completed (1 accepted (7.6923 %)). Current N = 1. Average N = 1.000
2021-03-25 05:46:37,883 - INFO: 14 move(s) completed (1 accepted (7.1429 %)). Current N = 1. Average N = 1.000
2021-03-25 05:47:02,588 - INFO: 15 move(s) completed (1 accepted (6.6667 %)). Current N = 1. Average N = 1.000
2021-03-25 05:47:27,330 - INFO: 16 move(s) completed (1 accepted (6.2500 %)). Current N = 1. Average N = 1.000
2021-03-25 05:47:48,771 - INFO: Move rejected due to water leaving the GCMC sphere
2021-03-25 05:47:52,461 - INFO: 17 move(s) completed (1 accepted (5.8824 %)). Current N = 1. Average N = 1.000
2021-03-25 05:48:13,944 - INFO: Move rejected due to water leaving the GCMC sphere
2021-03-25 05:48:17,640 - INFO: 18 move(s) completed (1 accepted (5.5556 %)). Current N = 1. Average N = 1.000
2021-03-25 05:48:42,257 - INFO: 19 move(s) completed (1 accepted (5.2632 %)). Current N = 1. Average N = 1.000
2021-03-25 05:49:07,496 - INFO: 20 move(s) completed (1 accepted (5.0000 %)). Current N = 1. Average N = 1.000
2021-03-25 05:49:29,265 - INFO: Move rejected due to water leaving the GCMC sphere
2021-03-25 05:49:32,955 - INFO: 21 move(s) completed (1 accepted (4.7619 %)). Current N = 1. Average N = 1.000
2021-03-25 05:49:58,490 - INFO: 22 move(s) completed (1 accepted (4.5455 %)). Current N = 1. Average N = 1.000
2021-03-25 05:50:20,261 - INFO: Move rejected due to water leaving the GCMC sphere
2021-03-25 05:50:23,941 - INFO: 23 move(s) completed (1 accepted (4.3478 %)). Current N = 1. Average N = 1.000
2021-03-25 05:50:44,968 - INFO: Move rejected due to water leaving the GCMC sphere
2021-03-25 05:50:48,555 - INFO: 24 move(s) completed (1 accepted (4.1667 %)). Current N = 1. Average N = 1.000
2021-03-25 05:51:09,710 - INFO: Move rejected due to water leaving the GCMC sphere
2021-03-25 05:51:13,393 - INFO: 25 move(s) completed (1 accepted (4.0000 %)). Current N = 1. Average N = 1.000
2021-03-25 05:51:34,460 - INFO: Move rejected due to water leaving the GCMC sphere
2021-03-25 05:51:38,137 - INFO: 26 move(s) completed (1 accepted (3.8462 %)). Current N = 1. Average N = 1.000
2021-03-25 05:51:59,335 - INFO: Move rejected due to water leaving the GCMC sphere
2021-03-25 05:52:02,837 - INFO: 27 move(s) completed (1 accepted (3.7037 %)). Current N = 1. Average N = 1.000
2021-03-25 05:52:27,326 - INFO: 28 move(s) completed (1 accepted (3.5714 %)). Current N = 1. Average N = 1.000
2021-03-25 05:52:52,546 - INFO: 29 move(s) completed (1 accepted (3.4483 %)). Current N = 1. Average N = 1.000
2021-03-25 05:53:17,719 - INFO: 30 move(s) completed (1 accepted (3.3333 %)). Current N = 1. Average N = 1.000
2021-03-25 05:53:43,140 - INFO: 31 move(s) completed (1 accepted (3.2258 %)). Current N = 1. Average N = 1.000
2021-03-25 05:54:08,553 - INFO: 32 move(s) completed (1 accepted (3.1250 %)). Current N = 1. Average N = 1.000
2021-03-25 05:54:30,413 - INFO: Move rejected due to water leaving the GCMC sphere
2021-03-25 05:54:34,091 - INFO: 33 move(s) completed (1 accepted (3.0303 %)). Current N = 1. Average N = 1.000
2021-03-25 05:54:58,639 - INFO: 34 move(s) completed (1 accepted (2.9412 %)). Current N = 1. Average N = 1.000
2021-03-25 05:55:20,337 - INFO: Move rejected due to water leaving the GCMC sphere
2021-03-25 05:55:23,802 - INFO: 35 move(s) completed (1 accepted (2.8571 %)). Current N = 1. Average N = 1.000
2021-03-25 05:55:44,833 - INFO: Move rejected due to water leaving the GCMC sphere
2021-03-25 05:55:48,278 - INFO: 36 move(s) completed (1 accepted (2.7778 %)). Current N = 1. Average N = 1.000
2021-03-25 05:56:12,760 - INFO: 37 move(s) completed (1 accepted (2.7027 %)). Current N = 1. Average N = 1.000
2021-03-25 05:56:37,307 - INFO: 38 move(s) completed (1 accepted (2.6316 %)). Current N = 1. Average N = 1.000
2021-03-25 05:56:58,621 - INFO: Move rejected due to water leaving the GCMC sphere
2021-03-25 05:57:02,262 - INFO: 39 move(s) completed (1 accepted (2.5641 %)). Current N = 1. Average N = 1.000
2021-03-25 05:57:23,714 - INFO: Move rejected due to water leaving the GCMC sphere
2021-03-25 05:57:27,393 - INFO: 40 move(s) completed (1 accepted (2.5000 %)). Current N = 1. Average N = 1.000
2021-03-25 05:57:52,713 - INFO: 41 move(s) completed (1 accepted (2.4390 %)). Current N = 1. Average N = 1.000
2021-03-25 05:58:17,950 - INFO: 42 move(s) completed (1 accepted (2.3810 %)). Current N = 1. Average N = 1.000
2021-03-25 05:58:43,353 - INFO: 43 move(s) completed (1 accepted (2.3256 %)). Current N = 1. Average N = 1.000
2021-03-25 05:59:08,986 - INFO: 44 move(s) completed (1 accepted (2.2727 %)). Current N = 1. Average N = 1.000
2021-03-25 05:59:29,894 - INFO: Move rejected due to water leaving the GCMC sphere
2021-03-25 05:59:33,586 - INFO: 45 move(s) completed (1 accepted (2.2222 %)). Current N = 1. Average N = 1.000
2021-03-25 05:59:58,305 - INFO: 46 move(s) completed (1 accepted (2.1739 %)). Current N = 1. Average N = 1.000
2021-03-25 06:00:19,440 - INFO: Move rejected due to water leaving the GCMC sphere
2021-03-25 06:00:23,004 - INFO: 47 move(s) completed (1 accepted (2.1277 %)). Current N = 1. Average N = 1.000
2021-03-25 06:00:44,206 - INFO: Move rejected due to water leaving the GCMC sphere
2021-03-25 06:00:47,834 - INFO: 48 move(s) completed (1 accepted (2.0833 %)). Current N = 1. Average N = 1.000
2021-03-25 06:01:12,882 - INFO: 49 move(s) completed (1 accepted (2.0408 %)). Current N = 1. Average N = 1.000
2021-03-25 06:01:34,376 - INFO: Move rejected due to water leaving the GCMC sphere
2021-03-25 06:01:38,034 - INFO: 50 move(s) completed (1 accepted (2.0000 %)). Current N = 1. Average N = 1.000
2021-03-25 06:02:03,290 - INFO: 51 move(s) completed (1 accepted (1.9608 %)). Current N = 1. Average N = 1.000
2021-03-25 06:02:28,125 - INFO: 52 move(s) completed (1 accepted (1.9231 %)). Current N = 1. Average N = 1.000
2021-03-25 06:02:50,008 - INFO: Move rejected due to water leaving the GCMC sphere
2021-03-25 06:02:53,763 - INFO: 53 move(s) completed (1 accepted (1.8868 %)). Current N = 1. Average N = 1.000
2021-03-25 06:03:19,201 - INFO: 54 move(s) completed (1 accepted (1.8519 %)). Current N = 1. Average N = 1.000
2021-03-25 06:03:40,255 - INFO: Move rejected due to water leaving the GCMC sphere
2021-03-25 06:03:43,965 - INFO: 55 move(s) completed (1 accepted (1.8182 %)). Current N = 1. Average N = 1.000
2021-03-25 06:04:04,699 - INFO: Move rejected due to water leaving the GCMC sphere
2021-03-25 06:04:08,379 - INFO: 56 move(s) completed (1 accepted (1.7857 %)). Current N = 1. Average N = 1.000
2021-03-25 06:04:29,415 - INFO: Move rejected due to water leaving the GCMC sphere
2021-03-25 06:04:32,882 - INFO: 57 move(s) completed (1 accepted (1.7544 %)). Current N = 1. Average N = 1.000
2021-03-25 06:04:53,872 - INFO: Move rejected due to water leaving the GCMC sphere
2021-03-25 06:04:57,507 - INFO: 58 move(s) completed (1 accepted (1.7241 %)). Current N = 1. Average N = 1.000
2021-03-25 06:05:18,421 - INFO: Move rejected due to water leaving the GCMC sphere
2021-03-25 06:05:21,963 - INFO: 59 move(s) completed (1 accepted (1.6949 %)). Current N = 1. Average N = 1.000
2021-03-25 06:05:46,524 - INFO: 60 move(s) completed (1 accepted (1.6667 %)). Current N = 1. Average N = 1.000
2021-03-25 06:06:11,113 - INFO: 61 move(s) completed (1 accepted (1.6393 %)). Current N = 1. Average N = 1.000
2021-03-25 06:06:32,643 - INFO: Move rejected due to water leaving the GCMC sphere
2021-03-25 06:06:36,335 - INFO: 62 move(s) completed (1 accepted (1.6129 %)). Current N = 1. Average N = 1.000
2021-03-25 06:07:01,811 - INFO: 63 move(s) completed (1 accepted (1.5873 %)). Current N = 1. Average N = 1.000
2021-03-25 06:07:23,536 - INFO: Move rejected due to water leaving the GCMC sphere
2021-03-25 06:07:27,226 - INFO: 64 move(s) completed (1 accepted (1.5625 %)). Current N = 1. Average N = 1.000
2021-03-25 06:07:49,080 - INFO: Move rejected due to water leaving the GCMC sphere
2021-03-25 06:07:52,769 - INFO: 65 move(s) completed (1 accepted (1.5385 %)). Current N = 1. Average N = 1.000
2021-03-25 06:08:17,532 - INFO: 66 move(s) completed (1 accepted (1.5152 %)). Current N = 1. Average N = 1.000
2021-03-25 06:08:42,353 - INFO: 67 move(s) completed (1 accepted (1.4925 %)). Current N = 1. Average N = 1.000
2021-03-25 06:09:07,021 - INFO: 68 move(s) completed (1 accepted (1.4706 %)). Current N = 1. Average N = 1.000
2021-03-25 06:09:31,589 - INFO: 69 move(s) completed (1 accepted (1.4493 %)). Current N = 1. Average N = 1.000
2021-03-25 06:09:56,110 - INFO: 70 move(s) completed (1 accepted (1.4286 %)). Current N = 1. Average N = 1.000
2021-03-25 06:10:17,601 - INFO: Move rejected due to water leaving the GCMC sphere
2021-03-25 06:10:21,236 - INFO: 71 move(s) completed (1 accepted (1.4085 %)). Current N = 1. Average N = 1.000
2021-03-25 06:10:46,411 - INFO: 72 move(s) completed (1 accepted (1.3889 %)). Current N = 1. Average N = 1.000
2021-03-25 06:11:11,254 - INFO: 73 move(s) completed (1 accepted (1.3699 %)). Current N = 1. Average N = 1.000
2021-03-25 06:11:32,886 - INFO: Move rejected due to water leaving the GCMC sphere
2021-03-25 06:11:36,577 - INFO: 74 move(s) completed (1 accepted (1.3514 %)). Current N = 1. Average N = 1.000
2021-03-25 06:12:02,188 - INFO: 75 move(s) completed (1 accepted (1.3333 %)). Current N = 1. Average N = 1.000
2021-03-25 06:12:24,021 - INFO: Move rejected due to water leaving the GCMC sphere
2021-03-25 06:12:27,714 - INFO: 76 move(s) completed (1 accepted (1.3158 %)). Current N = 1. Average N = 1.000
2021-03-25 06:12:53,419 - INFO: 77 move(s) completed (1 accepted (1.2987 %)). Current N = 1. Average N = 1.000
2021-03-25 06:13:18,159 - INFO: 78 move(s) completed (1 accepted (1.2821 %)). Current N = 1. Average N = 1.000
2021-03-25 06:13:39,433 - INFO: Move rejected due to water leaving the GCMC sphere
2021-03-25 06:13:43,012 - INFO: 79 move(s) completed (1 accepted (1.2658 %)). Current N = 1. Average N = 1.000
2021-03-25 06:14:07,822 - INFO: 80 move(s) completed (1 accepted (1.2500 %)). Current N = 1. Average N = 1.000
2021-03-25 06:14:30,828 - INFO: Move rejected due to water leaving the GCMC sphere
2021-03-25 06:14:34,476 - INFO: 81 move(s) completed (1 accepted (1.2346 %)). Current N = 1. Average N = 1.000
2021-03-25 06:14:55,813 - INFO: Move rejected due to water leaving the GCMC sphere
2021-03-25 06:14:59,351 - INFO: 82 move(s) completed (1 accepted (1.2195 %)). Current N = 1. Average N = 1.000
2021-03-25 06:15:21,085 - INFO: Move rejected due to water leaving the GCMC sphere
2021-03-25 06:15:24,596 - INFO: 83 move(s) completed (1 accepted (1.2048 %)). Current N = 1. Average N = 1.000
2021-03-25 06:15:49,953 - INFO: 84 move(s) completed (1 accepted (1.1905 %)). Current N = 1. Average N = 1.000
2021-03-25 06:16:11,790 - INFO: Move rejected due to water leaving the GCMC sphere
2021-03-25 06:16:15,482 - INFO: 85 move(s) completed (1 accepted (1.1765 %)). Current N = 1. Average N = 1.000
2021-03-25 06:16:40,993 - INFO: 86 move(s) completed (1 accepted (1.1628 %)). Current N = 1. Average N = 1.000
2021-03-25 06:17:06,537 - INFO: 87 move(s) completed (1 accepted (1.1494 %)). Current N = 1. Average N = 1.000
2021-03-25 06:17:32,219 - INFO: 88 move(s) completed (1 accepted (1.1364 %)). Current N = 1. Average N = 1.000
2021-03-25 06:17:57,100 - INFO: 89 move(s) completed (1 accepted (1.1236 %)). Current N = 1. Average N = 1.000
2021-03-25 06:18:18,347 - INFO: Move rejected due to water leaving the GCMC sphere
2021-03-25 06:18:22,031 - INFO: 90 move(s) completed (1 accepted (1.1111 %)). Current N = 1. Average N = 1.000
2021-03-25 06:18:46,990 - INFO: 91 move(s) completed (1 accepted (1.0989 %)). Current N = 1. Average N = 1.000
2021-03-25 06:19:11,621 - INFO: 92 move(s) completed (1 accepted (1.0870 %)). Current N = 1. Average N = 1.000
2021-03-25 06:19:33,072 - INFO: Move rejected due to water leaving the GCMC sphere
2021-03-25 06:19:36,559 - INFO: 93 move(s) completed (1 accepted (1.0753 %)). Current N = 1. Average N = 1.000
2021-03-25 06:19:58,171 - INFO: Move rejected due to water leaving the GCMC sphere
2021-03-25 06:20:01,865 - INFO: 94 move(s) completed (1 accepted (1.0638 %)). Current N = 1. Average N = 1.000
2021-03-25 06:20:23,580 - INFO: Move rejected due to water leaving the GCMC sphere
2021-03-25 06:20:27,097 - INFO: 95 move(s) completed (1 accepted (1.0526 %)). Current N = 1. Average N = 1.000
2021-03-25 06:20:48,962 - INFO: Move rejected due to water leaving the GCMC sphere
2021-03-25 06:20:52,512 - INFO: 96 move(s) completed (1 accepted (1.0417 %)). Current N = 1. Average N = 1.000
2021-03-25 06:21:14,404 - INFO: Move rejected due to water leaving the GCMC sphere
2021-03-25 06:21:18,102 - INFO: 97 move(s) completed (1 accepted (1.0309 %)). Current N = 1. Average N = 1.000
2021-03-25 06:21:43,602 - INFO: 98 move(s) completed (1 accepted (1.0204 %)). Current N = 1. Average N = 1.000
2021-03-25 06:22:08,442 - INFO: 99 move(s) completed (1 accepted (1.0101 %)). Current N = 1. Average N = 1.000
2021-03-25 06:22:29,686 - INFO: Move rejected due to water leaving the GCMC sphere
2021-03-25 06:22:33,375 - INFO: 100 move(s) completed (1 accepted (1.0000 %)). Current N = 1. Average N = 1.000
2021-03-25 06:22:58,306 - INFO: 101 move(s) completed (1 accepted (0.9901 %)). Current N = 1. Average N = 1.000
2021-03-25 06:23:23,245 - INFO: 102 move(s) completed (1 accepted (0.9804 %)). Current N = 1. Average N = 1.000
2021-03-25 06:23:44,616 - INFO: Move rejected due to water leaving the GCMC sphere
2021-03-25 06:23:48,191 - INFO: 103 move(s) completed (1 accepted (0.9709 %)). Current N = 1. Average N = 1.000
2021-03-25 06:24:12,903 - INFO: 104 move(s) completed (1 accepted (0.9615 %)). Current N = 1. Average N = 1.000
2021-03-25 06:24:34,021 - INFO: Move rejected due to water leaving the GCMC sphere
2021-03-25 06:24:37,643 - INFO: 105 move(s) completed (1 accepted (0.9524 %)). Current N = 1. Average N = 1.000
2021-03-25 06:24:59,503 - INFO: Move rejected due to water leaving the GCMC sphere
2021-03-25 06:25:03,186 - INFO: 106 move(s) completed (1 accepted (0.9434 %)). Current N = 1. Average N = 1.000
2021-03-25 06:25:25,023 - INFO: Move rejected due to water leaving the GCMC sphere
2021-03-25 06:25:28,697 - INFO: 107 move(s) completed (1 accepted (0.9346 %)). Current N = 1. Average N = 1.000
2021-03-25 06:25:50,548 - INFO: Move rejected due to water leaving the GCMC sphere
2021-03-25 06:25:54,242 - INFO: 108 move(s) completed (1 accepted (0.9259 %)). Current N = 1. Average N = 1.000
2021-03-25 06:26:19,839 - INFO: 109 move(s) completed (1 accepted (0.9174 %)). Current N = 1. Average N = 1.000
2021-03-25 06:26:44,666 - INFO: 110 move(s) completed (1 accepted (0.9091 %)). Current N = 1. Average N = 1.000
2021-03-25 06:27:09,692 - INFO: 111 move(s) completed (1 accepted (0.9009 %)). Current N = 1. Average N = 1.000
2021-03-25 06:27:34,633 - INFO: 112 move(s) completed (1 accepted (0.8929 %)). Current N = 1. Average N = 1.000
2021-03-25 06:27:55,950 - INFO: Move rejected due to water leaving the GCMC sphere
2021-03-25 06:27:59,384 - INFO: 113 move(s) completed (1 accepted (0.8850 %)). Current N = 1. Average N = 1.000
2021-03-25 06:28:20,764 - INFO: Move rejected due to water leaving the GCMC sphere
2021-03-25 06:28:24,334 - INFO: 114 move(s) completed (1 accepted (0.8772 %)). Current N = 1. Average N = 1.000
2021-03-25 06:28:45,801 - INFO: Move rejected due to water leaving the GCMC sphere
2021-03-25 06:28:49,478 - INFO: 115 move(s) completed (1 accepted (0.8696 %)). Current N = 1. Average N = 1.000
2021-03-25 06:29:11,001 - INFO: Move rejected due to water leaving the GCMC sphere
2021-03-25 06:29:14,671 - INFO: 116 move(s) completed (1 accepted (0.8621 %)). Current N = 1. Average N = 1.000
2021-03-25 06:29:39,950 - INFO: 117 move(s) completed (1 accepted (0.8547 %)). Current N = 1. Average N = 1.000
2021-03-25 06:30:05,507 - INFO: 118 move(s) completed (1 accepted (0.8475 %)). Current N = 1. Average N = 1.000
2021-03-25 06:30:30,228 - INFO: 119 move(s) completed (1 accepted (0.8403 %)). Current N = 1. Average N = 1.000
2021-03-25 06:30:52,080 - INFO: Move rejected due to water leaving the GCMC sphere
2021-03-25 06:30:55,766 - INFO: 120 move(s) completed (1 accepted (0.8333 %)). Current N = 1. Average N = 1.000
2021-03-25 06:31:16,937 - INFO: Move rejected due to water leaving the GCMC sphere
2021-03-25 06:31:20,635 - INFO: 121 move(s) completed (1 accepted (0.8264 %)). Current N = 1. Average N = 1.000
2021-03-25 06:31:41,625 - INFO: Move rejected due to water leaving the GCMC sphere
2021-03-25 06:31:45,315 - INFO: 122 move(s) completed (1 accepted (0.8197 %)). Current N = 1. Average N = 1.000
2021-03-25 06:32:06,653 - INFO: Move rejected due to water leaving the GCMC sphere
2021-03-25 06:32:10,342 - INFO: 123 move(s) completed (1 accepted (0.8130 %)). Current N = 1. Average N = 1.000
2021-03-25 06:32:35,291 - INFO: 124 move(s) completed (1 accepted (0.8065 %)). Current N = 1. Average N = 1.000
2021-03-25 06:33:00,305 - INFO: 125 move(s) completed (1 accepted (0.8000 %)). Current N = 1. Average N = 1.000
2021-03-25 06:33:21,921 - INFO: Move rejected due to water leaving the GCMC sphere
2021-03-25 06:33:25,577 - INFO: 126 move(s) completed (1 accepted (0.7937 %)). Current N = 1. Average N = 1.000
2021-03-25 06:33:47,331 - INFO: Move rejected due to water leaving the GCMC sphere
2021-03-25 06:33:50,911 - INFO: 127 move(s) completed (1 accepted (0.7874 %)). Current N = 1. Average N = 1.000
2021-03-25 06:34:16,147 - INFO: 128 move(s) completed (1 accepted (0.7812 %)). Current N = 1. Average N = 1.000
2021-03-25 06:34:38,076 - INFO: Move rejected due to water leaving the GCMC sphere
2021-03-25 06:34:41,679 - INFO: 129 move(s) completed (1 accepted (0.7752 %)). Current N = 1. Average N = 1.000
2021-03-25 06:35:03,579 - INFO: Move rejected due to water leaving the GCMC sphere
2021-03-25 06:35:07,268 - INFO: 130 move(s) completed (1 accepted (0.7692 %)). Current N = 1. Average N = 1.000
2021-03-25 06:35:28,110 - INFO: Move rejected due to water leaving the GCMC sphere
2021-03-25 06:35:31,801 - INFO: 131 move(s) completed (1 accepted (0.7634 %)). Current N = 1. Average N = 1.000
2021-03-25 06:35:52,996 - INFO: Move rejected due to water leaving the GCMC sphere
2021-03-25 06:35:56,692 - INFO: 132 move(s) completed (1 accepted (0.7576 %)). Current N = 1. Average N = 1.000
2021-03-25 06:36:21,769 - INFO: 133 move(s) completed (1 accepted (0.7519 %)). Current N = 1. Average N = 1.000
2021-03-25 06:36:43,083 - INFO: Move rejected due to water leaving the GCMC sphere
2021-03-25 06:36:46,771 - INFO: 134 move(s) completed (1 accepted (0.7463 %)). Current N = 1. Average N = 1.000
2021-03-25 06:37:08,332 - INFO: Move rejected due to water leaving the GCMC sphere
2021-03-25 06:37:11,944 - INFO: 135 move(s) completed (1 accepted (0.7407 %)). Current N = 1. Average N = 1.000
2021-03-25 06:37:33,566 - INFO: Move rejected due to water leaving the GCMC sphere
2021-03-25 06:37:37,268 - INFO: 136 move(s) completed (1 accepted (0.7353 %)). Current N = 1. Average N = 1.000
2021-03-25 06:37:58,879 - INFO: Move rejected due to water leaving the GCMC sphere
2021-03-25 06:38:02,448 - INFO: 137 move(s) completed (1 accepted (0.7299 %)). Current N = 1. Average N = 1.000
2021-03-25 06:38:24,131 - INFO: Move rejected due to water leaving the GCMC sphere
2021-03-25 06:38:27,726 - INFO: 138 move(s) completed (1 accepted (0.7246 %)). Current N = 1. Average N = 1.000
2021-03-25 06:38:49,502 - INFO: Move rejected due to water leaving the GCMC sphere
2021-03-25 06:38:52,996 - INFO: 139 move(s) completed (1 accepted (0.7194 %)). Current N = 1. Average N = 1.000
2021-03-25 06:39:18,456 - INFO: 140 move(s) completed (1 accepted (0.7143 %)). Current N = 1. Average N = 1.000
2021-03-25 06:39:40,368 - INFO: Move rejected due to water leaving the GCMC sphere
2021-03-25 06:39:43,992 - INFO: 141 move(s) completed (1 accepted (0.7092 %)). Current N = 1. Average N = 1.000
2021-03-25 06:40:04,987 - INFO: Move rejected due to water leaving the GCMC sphere
2021-03-25 06:40:08,684 - INFO: 142 move(s) completed (1 accepted (0.7042 %)). Current N = 1. Average N = 1.000
2021-03-25 06:40:29,935 - INFO: Move rejected due to water leaving the GCMC sphere
2021-03-25 06:40:33,635 - INFO: 143 move(s) completed (1 accepted (0.6993 %)). Current N = 1. Average N = 1.000
2021-03-25 06:40:58,575 - INFO: 144 move(s) completed (1 accepted (0.6944 %)). Current N = 1. Average N = 1.000
2021-03-25 06:41:20,014 - INFO: Move rejected due to water leaving the GCMC sphere
2021-03-25 06:41:23,719 - INFO: 145 move(s) completed (1 accepted (0.6897 %)). Current N = 1. Average N = 1.000
2021-03-25 06:41:48,394 - INFO: 146 move(s) completed (1 accepted (0.6849 %)). Current N = 1. Average N = 1.000
2021-03-25 06:42:10,049 - INFO: Move rejected due to water leaving the GCMC sphere
2021-03-25 06:42:13,718 - INFO: 147 move(s) completed (1 accepted (0.6803 %)). Current N = 1. Average N = 1.000
2021-03-25 06:42:38,845 - INFO: 148 move(s) completed (1 accepted (0.6757 %)). Current N = 1. Average N = 1.000
2021-03-25 06:43:00,546 - INFO: Move rejected due to water leaving the GCMC sphere
2021-03-25 06:43:04,148 - INFO: 149 move(s) completed (1 accepted (0.6711 %)). Current N = 1. Average N = 1.000
2021-03-25 06:43:25,959 - INFO: Move rejected due to water leaving the GCMC sphere
2021-03-25 06:43:29,652 - INFO: 150 move(s) completed (1 accepted (0.6667 %)). Current N = 1. Average N = 1.000
2021-03-25 06:43:51,453 - INFO: Move rejected due to water leaving the GCMC sphere
2021-03-25 06:43:54,999 - INFO: 151 move(s) completed (1 accepted (0.6623 %)). Current N = 1. Average N = 1.000
2021-03-25 06:44:16,913 - INFO: Move rejected due to water leaving the GCMC sphere
2021-03-25 06:44:20,388 - INFO: 152 move(s) completed (1 accepted (0.6579 %)). Current N = 1. Average N = 1.000
2021-03-25 06:44:41,611 - INFO: Move rejected due to water leaving the GCMC sphere
2021-03-25 06:44:45,311 - INFO: 153 move(s) completed (1 accepted (0.6536 %)). Current N = 1. Average N = 1.000
2021-03-25 06:45:10,138 - INFO: 154 move(s) completed (1 accepted (0.6494 %)). Current N = 1. Average N = 1.000
2021-03-25 06:45:34,841 - INFO: 155 move(s) completed (1 accepted (0.6452 %)). Current N = 1. Average N = 1.000
2021-03-25 06:45:56,330 - INFO: Move rejected due to water leaving the GCMC sphere
2021-03-25 06:46:00,024 - INFO: 156 move(s) completed (1 accepted (0.6410 %)). Current N = 1. Average N = 1.000
2021-03-25 06:46:21,635 - INFO: Move rejected due to water leaving the GCMC sphere
2021-03-25 06:46:25,334 - INFO: 157 move(s) completed (1 accepted (0.6369 %)). Current N = 1. Average N = 1.000
2021-03-25 06:46:50,502 - INFO: 158 move(s) completed (1 accepted (0.6329 %)). Current N = 1. Average N = 1.000
2021-03-25 06:47:12,167 - INFO: Move rejected due to water leaving the GCMC sphere
2021-03-25 06:47:15,733 - INFO: 159 move(s) completed (1 accepted (0.6289 %)). Current N = 1. Average N = 1.000
2021-03-25 06:47:36,758 - INFO: Move rejected due to water leaving the GCMC sphere
2021-03-25 06:47:40,344 - INFO: 160 move(s) completed (1 accepted (0.6250 %)). Current N = 1. Average N = 1.000
2021-03-25 06:48:01,446 - INFO: Move rejected due to water leaving the GCMC sphere
2021-03-25 06:48:05,083 - INFO: 161 move(s) completed (1 accepted (0.6211 %)). Current N = 1. Average N = 1.000
2021-03-25 06:48:26,924 - INFO: Move rejected due to water leaving the GCMC sphere
2021-03-25 06:48:30,566 - INFO: 162 move(s) completed (1 accepted (0.6173 %)). Current N = 1. Average N = 1.000
2021-03-25 06:48:51,674 - INFO: Move rejected due to water leaving the GCMC sphere
2021-03-25 06:48:55,246 - INFO: 163 move(s) completed (1 accepted (0.6135 %)). Current N = 1. Average N = 1.000
2021-03-25 06:49:20,105 - INFO: 164 move(s) completed (1 accepted (0.6098 %)). Current N = 1. Average N = 1.000
2021-03-25 06:49:41,456 - INFO: Move rejected due to water leaving the GCMC sphere
2021-03-25 06:49:45,148 - INFO: 165 move(s) completed (1 accepted (0.6061 %)). Current N = 1. Average N = 1.000
2021-03-25 06:50:06,489 - INFO: Move rejected due to water leaving the GCMC sphere
2021-03-25 06:50:10,180 - INFO: 166 move(s) completed (1 accepted (0.6024 %)). Current N = 1. Average N = 1.000
2021-03-25 06:50:35,431 - INFO: 167 move(s) completed (1 accepted (0.5988 %)). Current N = 1. Average N = 1.000
2021-03-25 06:50:56,897 - INFO: Move rejected due to water leaving the GCMC sphere
2021-03-25 06:51:00,584 - INFO: 168 move(s) completed (1 accepted (0.5952 %)). Current N = 1. Average N = 1.000
2021-03-25 06:51:22,288 - INFO: Move rejected due to water leaving the GCMC sphere
2021-03-25 06:51:25,860 - INFO: 169 move(s) completed (1 accepted (0.5917 %)). Current N = 1. Average N = 1.000
2021-03-25 06:51:47,633 - INFO: Move rejected due to water leaving the GCMC sphere
2021-03-25 06:51:51,205 - INFO: 170 move(s) completed (1 accepted (0.5882 %)). Current N = 1. Average N = 1.000
2021-03-25 06:52:13,025 - INFO: Move rejected due to water leaving the GCMC sphere
2021-03-25 06:52:16,523 - INFO: 171 move(s) completed (1 accepted (0.5848 %)). Current N = 1. Average N = 1.000
2021-03-25 06:52:37,645 - INFO: Move rejected due to water leaving the GCMC sphere
2021-03-25 06:52:41,332 - INFO: 172 move(s) completed (1 accepted (0.5814 %)). Current N = 1. Average N = 1.000
2021-03-25 06:53:02,386 - INFO: Move rejected due to water leaving the GCMC sphere
2021-03-25 06:53:06,043 - INFO: 173 move(s) completed (1 accepted (0.5780 %)). Current N = 1. Average N = 1.000
2021-03-25 06:53:27,028 - INFO: Move rejected due to water leaving the GCMC sphere
2021-03-25 06:53:30,679 - INFO: 174 move(s) completed (1 accepted (0.5747 %)). Current N = 1. Average N = 1.000
2021-03-25 06:53:55,501 - INFO: 175 move(s) completed (1 accepted (0.5714 %)). Current N = 1. Average N = 1.000
2021-03-25 06:54:16,533 - INFO: Move rejected due to water leaving the GCMC sphere
2021-03-25 06:54:20,217 - INFO: 176 move(s) completed (1 accepted (0.5682 %)). Current N = 1. Average N = 1.000
2021-03-25 06:54:45,103 - INFO: 177 move(s) completed (1 accepted (0.5650 %)). Current N = 1. Average N = 1.000
2021-03-25 06:55:10,033 - INFO: 178 move(s) completed (1 accepted (0.5618 %)). Current N = 1. Average N = 1.000
2021-03-25 06:55:31,191 - INFO: Move rejected due to water leaving the GCMC sphere
2021-03-25 06:55:34,897 - INFO: 179 move(s) completed (1 accepted (0.5587 %)). Current N = 1. Average N = 1.000
2021-03-25 06:55:55,973 - INFO: Move rejected due to water leaving the GCMC sphere
2021-03-25 06:55:59,536 - INFO: 180 move(s) completed (1 accepted (0.5556 %)). Current N = 1. Average N = 1.000
2021-03-25 06:56:21,478 - INFO: Move rejected due to water leaving the GCMC sphere
2021-03-25 06:56:25,206 - INFO: 181 move(s) completed (1 accepted (0.5525 %)). Current N = 1. Average N = 1.000
2021-03-25 06:56:50,503 - INFO: 182 move(s) completed (1 accepted (0.5495 %)). Current N = 1. Average N = 1.000
2021-03-25 06:57:12,351 - INFO: Move rejected due to water leaving the GCMC sphere
2021-03-25 06:57:15,767 - INFO: 183 move(s) completed (1 accepted (0.5464 %)). Current N = 1. Average N = 1.000
2021-03-25 06:57:36,872 - INFO: Move rejected due to water leaving the GCMC sphere
2021-03-25 06:57:40,465 - INFO: 184 move(s) completed (1 accepted (0.5435 %)). Current N = 1. Average N = 1.000
2021-03-25 06:58:05,281 - INFO: 185 move(s) completed (1 accepted (0.5405 %)). Current N = 1. Average N = 1.000
2021-03-25 06:58:29,985 - INFO: 186 move(s) completed (1 accepted (0.5376 %)). Current N = 1. Average N = 1.000
2021-03-25 06:58:54,720 - INFO: 187 move(s) completed (1 accepted (0.5348 %)). Current N = 1. Average N = 1.000
2021-03-25 06:59:19,460 - INFO: 188 move(s) completed (1 accepted (0.5319 %)). Current N = 1. Average N = 1.000
2021-03-25 06:59:41,103 - INFO: Move rejected due to water leaving the GCMC sphere
2021-03-25 06:59:44,656 - INFO: 189 move(s) completed (1 accepted (0.5291 %)). Current N = 1. Average N = 1.000
2021-03-25 07:00:09,849 - INFO: 190 move(s) completed (1 accepted (0.5263 %)). Current N = 1. Average N = 1.000
2021-03-25 07:00:35,231 - INFO: 191 move(s) completed (1 accepted (0.5236 %)). Current N = 1. Average N = 1.000
2021-03-25 07:00:57,199 - INFO: Move rejected due to water leaving the GCMC sphere
2021-03-25 07:01:00,684 - INFO: 192 move(s) completed (1 accepted (0.5208 %)). Current N = 1. Average N = 1.000
2021-03-25 07:01:26,178 - INFO: 193 move(s) completed (1 accepted (0.5181 %)). Current N = 1. Average N = 1.000
2021-03-25 07:01:48,113 - INFO: Move rejected due to water leaving the GCMC sphere
2021-03-25 07:01:51,676 - INFO: 194 move(s) completed (1 accepted (0.5155 %)). Current N = 1. Average N = 1.000
2021-03-25 07:02:12,967 - INFO: Move rejected due to water leaving the GCMC sphere
2021-03-25 07:02:16,612 - INFO: 195 move(s) completed (1 accepted (0.5128 %)). Current N = 1. Average N = 1.000
2021-03-25 07:02:37,916 - INFO: Move rejected due to water leaving the GCMC sphere
2021-03-25 07:02:41,607 - INFO: 196 move(s) completed (1 accepted (0.5102 %)). Current N = 1. Average N = 1.000
2021-03-25 07:03:02,917 - INFO: Move rejected due to water leaving the GCMC sphere
2021-03-25 07:03:06,607 - INFO: 197 move(s) completed (1 accepted (0.5076 %)). Current N = 1. Average N = 1.000
2021-03-25 07:03:28,074 - INFO: Move rejected due to water leaving the GCMC sphere
2021-03-25 07:03:31,765 - INFO: 198 move(s) completed (1 accepted (0.5051 %)). Current N = 1. Average N = 1.000
2021-03-25 07:03:53,401 - INFO: Move rejected due to water leaving the GCMC sphere
2021-03-25 07:03:57,088 - INFO: 199 move(s) completed (1 accepted (0.5025 %)). Current N = 1. Average N = 1.000
2021-03-25 07:04:22,254 - INFO: 200 move(s) completed (1 accepted (0.5000 %)). Current N = 1. Average N = 1.000
2021-03-25 07:04:47,592 - INFO: 201 move(s) completed (1 accepted (0.4975 %)). Current N = 1. Average N = 1.000
2021-03-25 07:05:09,407 - INFO: Move rejected due to water leaving the GCMC sphere
2021-03-25 07:05:13,027 - INFO: 202 move(s) completed (1 accepted (0.4950 %)). Current N = 1. Average N = 1.000
2021-03-25 07:05:34,869 - INFO: Move rejected due to water leaving the GCMC sphere
2021-03-25 07:05:38,448 - INFO: 203 move(s) completed (1 accepted (0.4926 %)). Current N = 1. Average N = 1.000
2021-03-25 07:06:00,219 - INFO: Move rejected due to water leaving the GCMC sphere
2021-03-25 07:06:03,779 - INFO: 204 move(s) completed (1 accepted (0.4902 %)). Current N = 1. Average N = 1.000
2021-03-25 07:06:25,003 - INFO: Move rejected due to water leaving the GCMC sphere
2021-03-25 07:06:28,537 - INFO: 205 move(s) completed (1 accepted (0.4878 %)). Current N = 1. Average N = 1.000
2021-03-25 07:06:53,251 - INFO: 206 move(s) completed (1 accepted (0.4854 %)). Current N = 1. Average N = 1.000
2021-03-25 07:07:14,575 - INFO: Move rejected due to water leaving the GCMC sphere
2021-03-25 07:07:18,260 - INFO: 207 move(s) completed (1 accepted (0.4831 %)). Current N = 1. Average N = 1.000
2021-03-25 07:07:39,498 - INFO: Move rejected due to water leaving the GCMC sphere
2021-03-25 07:07:43,200 - INFO: 208 move(s) completed (1 accepted (0.4808 %)). Current N = 1. Average N = 1.000
2021-03-25 07:08:04,727 - INFO: Move rejected due to water leaving the GCMC sphere
2021-03-25 07:08:08,424 - INFO: 209 move(s) completed (1 accepted (0.4785 %)). Current N = 1. Average N = 1.000
2021-03-25 07:08:33,667 - INFO: 210 move(s) completed (1 accepted (0.4762 %)). Current N = 1. Average N = 1.000
2021-03-25 07:08:55,381 - INFO: Move rejected due to water leaving the GCMC sphere
2021-03-25 07:08:59,075 - INFO: 211 move(s) completed (1 accepted (0.4739 %)). Current N = 1. Average N = 1.000
2021-03-25 07:09:24,413 - INFO: 212 move(s) completed (1 accepted (0.4717 %)). Current N = 1. Average N = 1.000
2021-03-25 07:09:49,686 - INFO: 213 move(s) completed (1 accepted (0.4695 %)). Current N = 1. Average N = 1.000
2021-03-25 07:10:11,448 - INFO: Move rejected due to water leaving the GCMC sphere
2021-03-25 07:10:15,026 - INFO: 214 move(s) completed (1 accepted (0.4673 %)). Current N = 1. Average N = 1.000
2021-03-25 07:10:36,103 - INFO: Move rejected due to water leaving the GCMC sphere
2021-03-25 07:10:39,743 - INFO: 215 move(s) completed (1 accepted (0.4651 %)). Current N = 1. Average N = 1.000
2021-03-25 07:11:00,933 - INFO: Move rejected due to water leaving the GCMC sphere
2021-03-25 07:11:04,616 - INFO: 216 move(s) completed (1 accepted (0.4630 %)). Current N = 1. Average N = 1.000
2021-03-25 07:11:29,359 - INFO: 217 move(s) completed (1 accepted (0.4608 %)). Current N = 1. Average N = 1.000
2021-03-25 07:11:50,644 - INFO: Move rejected due to water leaving the GCMC sphere
2021-03-25 07:11:54,337 - INFO: 218 move(s) completed (1 accepted (0.4587 %)). Current N = 1. Average N = 1.000
2021-03-25 07:12:15,804 - INFO: Move rejected due to water leaving the GCMC sphere
2021-03-25 07:12:19,501 - INFO: 219 move(s) completed (1 accepted (0.4566 %)). Current N = 1. Average N = 1.000
2021-03-25 07:12:44,751 - INFO: 220 move(s) completed (1 accepted (0.4545 %)). Current N = 1. Average N = 1.000
2021-03-25 07:13:10,082 - INFO: 221 move(s) completed (1 accepted (0.4525 %)). Current N = 1. Average N = 1.000
2021-03-25 07:13:34,863 - INFO: 222 move(s) completed (1 accepted (0.4505 %)). Current N = 1. Average N = 1.000
2021-03-25 07:13:59,596 - INFO: 223 move(s) completed (1 accepted (0.4484 %)). Current N = 1. Average N = 1.000
2021-03-25 07:14:21,105 - INFO: Move rejected due to water leaving the GCMC sphere
2021-03-25 07:14:24,563 - INFO: 224 move(s) completed (1 accepted (0.4464 %)). Current N = 1. Average N = 1.000
2021-03-25 07:14:50,003 - INFO: 225 move(s) completed (2 accepted (0.8889 %)). Current N = 2. Average N = 1.004
2021-03-25 07:15:14,480 - INFO: 226 move(s) completed (2 accepted (0.8850 %)). Current N = 2. Average N = 1.009
2021-03-25 07:15:35,571 - INFO: Move rejected due to water leaving the GCMC sphere
2021-03-25 07:15:39,142 - INFO: 227 move(s) completed (2 accepted (0.8811 %)). Current N = 2. Average N = 1.013
2021-03-25 07:16:00,341 - INFO: Move rejected due to water leaving the GCMC sphere
2021-03-25 07:16:04,013 - INFO: 228 move(s) completed (2 accepted (0.8772 %)). Current N = 2. Average N = 1.018
2021-03-25 07:16:25,134 - INFO: Move rejected due to water leaving the GCMC sphere
2021-03-25 07:16:28,827 - INFO: 229 move(s) completed (2 accepted (0.8734 %)). Current N = 2. Average N = 1.022
2021-03-25 07:16:50,121 - INFO: Move rejected due to water leaving the GCMC sphere
2021-03-25 07:16:53,813 - INFO: 230 move(s) completed (2 accepted (0.8696 %)). Current N = 2. Average N = 1.026
2021-03-25 07:17:15,532 - INFO: Move rejected due to water leaving the GCMC sphere
2021-03-25 07:17:19,228 - INFO: 231 move(s) completed (2 accepted (0.8658 %)). Current N = 2. Average N = 1.030
2021-03-25 07:17:44,400 - INFO: 232 move(s) completed (2 accepted (0.8621 %)). Current N = 2. Average N = 1.034
2021-03-25 07:18:09,595 - INFO: 233 move(s) completed (2 accepted (0.8584 %)). Current N = 2. Average N = 1.039
2021-03-25 07:18:31,359 - INFO: Move rejected due to water leaving the GCMC sphere
2021-03-25 07:18:34,942 - INFO: 234 move(s) completed (2 accepted (0.8547 %)). Current N = 2. Average N = 1.043
2021-03-25 07:19:00,331 - INFO: 235 move(s) completed (2 accepted (0.8511 %)). Current N = 2. Average N = 1.047
2021-03-25 07:19:25,766 - INFO: 236 move(s) completed (2 accepted (0.8475 %)). Current N = 2. Average N = 1.051
2021-03-25 07:19:46,808 - INFO: Move rejected due to water leaving the GCMC sphere
2021-03-25 07:19:50,270 - INFO: 237 move(s) completed (2 accepted (0.8439 %)). Current N = 2. Average N = 1.055
2021-03-25 07:20:11,507 - INFO: Move rejected due to water leaving the GCMC sphere
2021-03-25 07:20:15,023 - INFO: 238 move(s) completed (2 accepted (0.8403 %)). Current N = 2. Average N = 1.059
2021-03-25 07:20:36,243 - INFO: Move rejected due to water leaving the GCMC sphere
2021-03-25 07:20:39,933 - INFO: 239 move(s) completed (2 accepted (0.8368 %)). Current N = 2. Average N = 1.063
2021-03-25 07:21:01,062 - INFO: Move rejected due to water leaving the GCMC sphere
2021-03-25 07:21:04,745 - INFO: 240 move(s) completed (2 accepted (0.8333 %)). Current N = 2. Average N = 1.067
2021-03-25 07:21:26,213 - INFO: Move rejected due to water leaving the GCMC sphere
2021-03-25 07:21:29,903 - INFO: 241 move(s) completed (2 accepted (0.8299 %)). Current N = 2. Average N = 1.071
2021-03-25 07:21:55,235 - INFO: 242 move(s) completed (2 accepted (0.8264 %)). Current N = 2. Average N = 1.074
2021-03-25 07:22:20,459 - INFO: 243 move(s) completed (3 accepted (1.2346 %)). Current N = 1. Average N = 1.074
2021-03-25 07:22:42,253 - INFO: Move rejected due to water leaving the GCMC sphere
2021-03-25 07:22:45,913 - INFO: 244 move(s) completed (3 accepted (1.2295 %)). Current N = 1. Average N = 1.074
2021-03-25 07:23:11,404 - INFO: 245 move(s) completed (3 accepted (1.2245 %)). Current N = 1. Average N = 1.073
2021-03-25 07:23:35,736 - INFO: 246 move(s) completed (3 accepted (1.2195 %)). Current N = 1. Average N = 1.073
2021-03-25 07:24:00,354 - INFO: 247 move(s) completed (3 accepted (1.2146 %)). Current N = 1. Average N = 1.073
2021-03-25 07:24:21,476 - INFO: Move rejected due to water leaving the GCMC sphere
2021-03-25 07:24:25,035 - INFO: 248 move(s) completed (3 accepted (1.2097 %)). Current N = 1. Average N = 1.073
2021-03-25 07:24:46,292 - INFO: Move rejected due to water leaving the GCMC sphere
2021-03-25 07:24:49,949 - INFO: 249 move(s) completed (3 accepted (1.2048 %)). Current N = 1. Average N = 1.072
2021-03-25 07:25:11,087 - INFO: Move rejected due to water leaving the GCMC sphere
2021-03-25 07:25:14,778 - INFO: 250 move(s) completed (3 accepted (1.2000 %)). Current N = 1. Average N = 1.072
2021-03-25 07:25:35,864 - INFO: Move rejected due to water leaving the GCMC sphere
2021-03-25 07:25:39,558 - INFO: 251 move(s) completed (3 accepted (1.1952 %)). Current N = 1. Average N = 1.072
2021-03-25 07:26:04,784 - INFO: 252 move(s) completed (3 accepted (1.1905 %)). Current N = 1. Average N = 1.071
2021-03-25 07:26:30,183 - INFO: 253 move(s) completed (3 accepted (1.1858 %)). Current N = 1. Average N = 1.071
2021-03-25 07:26:55,007 - INFO: 254 move(s) completed (3 accepted (1.1811 %)). Current N = 1. Average N = 1.071
2021-03-25 07:27:20,249 - INFO: 255 move(s) completed (3 accepted (1.1765 %)). Current N = 1. Average N = 1.071
2021-03-25 07:27:45,659 - INFO: 256 move(s) completed (3 accepted (1.1719 %)). Current N = 1. Average N = 1.070
2021-03-25 07:28:11,198 - INFO: 257 move(s) completed (3 accepted (1.1673 %)). Current N = 1. Average N = 1.070
2021-03-25 07:28:35,717 - INFO: 258 move(s) completed (3 accepted (1.1628 %)). Current N = 1. Average N = 1.070
2021-03-25 07:28:56,924 - INFO: Move rejected due to water leaving the GCMC sphere
2021-03-25 07:29:00,483 - INFO: 259 move(s) completed (3 accepted (1.1583 %)). Current N = 1. Average N = 1.069
2021-03-25 07:29:25,465 - INFO: 260 move(s) completed (3 accepted (1.1538 %)). Current N = 1. Average N = 1.069
2021-03-25 07:29:50,663 - INFO: 261 move(s) completed (3 accepted (1.1494 %)). Current N = 1. Average N = 1.069
2021-03-25 07:30:12,090 - INFO: Move rejected due to water leaving the GCMC sphere
2021-03-25 07:30:15,776 - INFO: 262 move(s) completed (3 accepted (1.1450 %)). Current N = 1. Average N = 1.069
2021-03-25 07:30:37,365 - INFO: Move rejected due to water leaving the GCMC sphere
2021-03-25 07:30:41,048 - INFO: 263 move(s) completed (3 accepted (1.1407 %)). Current N = 1. Average N = 1.068
2021-03-25 07:31:02,767 - INFO: Move rejected due to water leaving the GCMC sphere
2021-03-25 07:31:06,461 - INFO: 264 move(s) completed (3 accepted (1.1364 %)). Current N = 1. Average N = 1.068
2021-03-25 07:31:28,220 - INFO: Move rejected due to water leaving the GCMC sphere
2021-03-25 07:31:31,905 - INFO: 265 move(s) completed (3 accepted (1.1321 %)). Current N = 1. Average N = 1.068
2021-03-25 07:31:53,686 - INFO: Move rejected due to water leaving the GCMC sphere
2021-03-25 07:31:57,369 - INFO: 266 move(s) completed (3 accepted (1.1278 %)). Current N = 1. Average N = 1.068
2021-03-25 07:32:22,097 - INFO: 267 move(s) completed (3 accepted (1.1236 %)). Current N = 1. Average N = 1.067
2021-03-25 07:32:46,641 - INFO: 268 move(s) completed (3 accepted (1.1194 %)). Current N = 1. Average N = 1.067
2021-03-25 07:33:11,309 - INFO: 269 move(s) completed (3 accepted (1.1152 %)). Current N = 1. Average N = 1.067
2021-03-25 07:33:36,135 - INFO: 270 move(s) completed (3 accepted (1.1111 %)). Current N = 1. Average N = 1.067
2021-03-25 07:33:57,287 - INFO: Move rejected due to water leaving the GCMC sphere
2021-03-25 07:34:00,971 - INFO: 271 move(s) completed (3 accepted (1.1070 %)). Current N = 1. Average N = 1.066
2021-03-25 07:34:22,471 - INFO: Move rejected due to water leaving the GCMC sphere
2021-03-25 07:34:26,148 - INFO: 272 move(s) completed (3 accepted (1.1029 %)). Current N = 1. Average N = 1.066
2021-03-25 07:34:51,411 - INFO: 273 move(s) completed (3 accepted (1.0989 %)). Current N = 1. Average N = 1.066
2021-03-25 07:35:12,939 - INFO: Move rejected due to water leaving the GCMC sphere
2021-03-25 07:35:16,619 - INFO: 274 move(s) completed (3 accepted (1.0949 %)). Current N = 1. Average N = 1.066
2021-03-25 07:35:38,342 - INFO: Move rejected due to water leaving the GCMC sphere
2021-03-25 07:35:42,036 - INFO: 275 move(s) completed (3 accepted (1.0909 %)). Current N = 1. Average N = 1.065
2021-03-25 07:36:03,798 - INFO: Move rejected due to water leaving the GCMC sphere
2021-03-25 07:36:07,400 - INFO: 276 move(s) completed (3 accepted (1.0870 %)). Current N = 1. Average N = 1.065
2021-03-25 07:36:32,864 - INFO: 277 move(s) completed (3 accepted (1.0830 %)). Current N = 1. Average N = 1.065
2021-03-25 07:36:54,725 - INFO: Move rejected due to water leaving the GCMC sphere
2021-03-25 07:36:58,362 - INFO: 278 move(s) completed (3 accepted (1.0791 %)). Current N = 1. Average N = 1.065
2021-03-25 07:37:19,286 - INFO: Move rejected due to water leaving the GCMC sphere
2021-03-25 07:37:22,905 - INFO: 279 move(s) completed (3 accepted (1.0753 %)). Current N = 1. Average N = 1.065
2021-03-25 07:37:43,911 - INFO: Move rejected due to water leaving the GCMC sphere
2021-03-25 07:37:47,340 - INFO: 280 move(s) completed (3 accepted (1.0714 %)). Current N = 1. Average N = 1.064
2021-03-25 07:38:08,660 - INFO: Move rejected due to water leaving the GCMC sphere
2021-03-25 07:38:12,249 - INFO: 281 move(s) completed (3 accepted (1.0676 %)). Current N = 1. Average N = 1.064
2021-03-25 07:38:33,623 - INFO: Move rejected due to water leaving the GCMC sphere
2021-03-25 07:38:37,314 - INFO: 282 move(s) completed (3 accepted (1.0638 %)). Current N = 1. Average N = 1.064
2021-03-25 07:38:58,823 - INFO: Move rejected due to water leaving the GCMC sphere
2021-03-25 07:39:02,513 - INFO: 283 move(s) completed (3 accepted (1.0601 %)). Current N = 1. Average N = 1.064
2021-03-25 07:39:27,795 - INFO: 284 move(s) completed (3 accepted (1.0563 %)). Current N = 1. Average N = 1.063
2021-03-25 07:39:49,450 - INFO: Move rejected due to water leaving the GCMC sphere
2021-03-25 07:39:53,203 - INFO: 285 move(s) completed (3 accepted (1.0526 %)). Current N = 1. Average N = 1.063
2021-03-25 07:40:18,687 - INFO: 286 move(s) completed (3 accepted (1.0490 %)). Current N = 1. Average N = 1.063
2021-03-25 07:40:40,558 - INFO: Move rejected due to water leaving the GCMC sphere
2021-03-25 07:40:44,195 - INFO: 287 move(s) completed (3 accepted (1.0453 %)). Current N = 1. Average N = 1.063
2021-03-25 07:41:06,001 - INFO: Move rejected due to water leaving the GCMC sphere
2021-03-25 07:41:09,670 - INFO: 288 move(s) completed (3 accepted (1.0417 %)). Current N = 1. Average N = 1.062
