2021-03-24 15:57:10,365 - INFO: kT = 0.5921875708469466 kcal/mol
2021-03-24 15:57:15,590 - INFO: BaseGrandCanonicalMonteCarloSampler object initialised
2021-03-24 15:57:15,590 - INFO: GCMC sphere is based on reference atom IDs: [887, 1837]
2021-03-24 15:57:15,590 - INFO: GCMC sphere radius is 6 A
2021-03-24 15:57:15,591 - INFO: Simulating at an Adams (B) value of -6.888845176169922
2021-03-24 15:57:15,591 - INFO: GCMCSphereSampler object initialised
2021-03-24 15:57:15,591 - INFO: Each NCMC move will be executed over a total of 7.0 ps
2021-03-24 15:57:15,592 - INFO: NonequilibriumGCMCSphereSampler object initialised
2021-03-24 15:57:28,216 - INFO: 1 move(s) completed (0 accepted (0.0000 %)). Current N = 0. Average N = 0.000
2021-03-24 15:57:33,991 - INFO: 2 move(s) completed (0 accepted (0.0000 %)). Current N = 0. Average N = 0.000
2021-03-24 15:57:54,533 - INFO: 3 move(s) completed (0 accepted (0.0000 %)). Current N = 0. Average N = 0.000
2021-03-24 15:58:11,576 - INFO: Move rejected due to water leaving the GCMC sphere
2021-03-24 15:58:15,115 - INFO: 4 move(s) completed (0 accepted (0.0000 %)). Current N = 0. Average N = 0.000
2021-03-24 15:58:20,745 - INFO: 5 move(s) completed (0 accepted (0.0000 %)). Current N = 0. Average N = 0.000
2021-03-24 15:58:26,514 - INFO: 6 move(s) completed (0 accepted (0.0000 %)). Current N = 0. Average N = 0.000
2021-03-24 15:58:32,093 - INFO: 7 move(s) completed (0 accepted (0.0000 %)). Current N = 0. Average N = 0.000
2021-03-24 15:58:37,852 - INFO: 8 move(s) completed (0 accepted (0.0000 %)). Current N = 0. Average N = 0.000
2021-03-24 15:58:43,465 - INFO: 9 move(s) completed (0 accepted (0.0000 %)). Current N = 0. Average N = 0.000
2021-03-24 15:58:49,137 - INFO: 10 move(s) completed (0 accepted (0.0000 %)). Current N = 0. Average N = 0.000
2021-03-24 15:59:10,205 - INFO: 11 move(s) completed (0 accepted (0.0000 %)). Current N = 0. Average N = 0.000
2021-03-24 15:59:15,917 - INFO: 12 move(s) completed (0 accepted (0.0000 %)). Current N = 0. Average N = 0.000
2021-03-24 15:59:36,055 - INFO: 13 move(s) completed (0 accepted (0.0000 %)). Current N = 0. Average N = 0.000
2021-03-24 15:59:41,907 - INFO: 14 move(s) completed (0 accepted (0.0000 %)). Current N = 0. Average N = 0.000
2021-03-24 15:59:47,550 - INFO: 15 move(s) completed (0 accepted (0.0000 %)). Current N = 0. Average N = 0.000
2021-03-24 16:00:07,768 - INFO: 16 move(s) completed (0 accepted (0.0000 %)). Current N = 0. Average N = 0.000
2021-03-24 16:00:24,447 - INFO: Move rejected due to water leaving the GCMC sphere
2021-03-24 16:00:27,867 - INFO: 17 move(s) completed (0 accepted (0.0000 %)). Current N = 0. Average N = 0.000
2021-03-24 16:00:33,639 - INFO: 18 move(s) completed (0 accepted (0.0000 %)). Current N = 0. Average N = 0.000
2021-03-24 16:00:39,376 - INFO: 19 move(s) completed (0 accepted (0.0000 %)). Current N = 0. Average N = 0.000
2021-03-24 16:00:45,197 - INFO: 20 move(s) completed (0 accepted (0.0000 %)). Current N = 0. Average N = 0.000
2021-03-24 16:01:05,364 - INFO: 21 move(s) completed (0 accepted (0.0000 %)). Current N = 0. Average N = 0.000
2021-03-24 16:01:22,350 - INFO: Move rejected due to water leaving the GCMC sphere
2021-03-24 16:01:25,897 - INFO: 22 move(s) completed (0 accepted (0.0000 %)). Current N = 0. Average N = 0.000
2021-03-24 16:01:31,722 - INFO: 23 move(s) completed (0 accepted (0.0000 %)). Current N = 0. Average N = 0.000
2021-03-24 16:01:37,514 - INFO: 24 move(s) completed (0 accepted (0.0000 %)). Current N = 0. Average N = 0.000
2021-03-24 16:01:43,122 - INFO: 25 move(s) completed (0 accepted (0.0000 %)). Current N = 0. Average N = 0.000
2021-03-24 16:01:59,878 - INFO: Move rejected due to water leaving the GCMC sphere
2021-03-24 16:02:03,366 - INFO: 26 move(s) completed (0 accepted (0.0000 %)). Current N = 0. Average N = 0.000
2021-03-24 16:02:09,942 - INFO: 27 move(s) completed (0 accepted (0.0000 %)). Current N = 0. Average N = 0.000
2021-03-24 16:02:15,535 - INFO: 28 move(s) completed (0 accepted (0.0000 %)). Current N = 0. Average N = 0.000
2021-03-24 16:02:32,837 - INFO: Move rejected due to water leaving the GCMC sphere
2021-03-24 16:02:36,234 - INFO: 29 move(s) completed (0 accepted (0.0000 %)). Current N = 0. Average N = 0.000
2021-03-24 16:02:42,055 - INFO: 30 move(s) completed (0 accepted (0.0000 %)). Current N = 0. Average N = 0.000
2021-03-24 16:03:02,660 - INFO: 31 move(s) completed (0 accepted (0.0000 %)). Current N = 0. Average N = 0.000
2021-03-24 16:03:19,689 - INFO: Move rejected due to water leaving the GCMC sphere
2021-03-24 16:03:23,191 - INFO: 32 move(s) completed (0 accepted (0.0000 %)). Current N = 0. Average N = 0.000
2021-03-24 16:03:40,124 - INFO: Move rejected due to water leaving the GCMC sphere
2021-03-24 16:03:43,578 - INFO: 33 move(s) completed (0 accepted (0.0000 %)). Current N = 0. Average N = 0.000
2021-03-24 16:03:49,137 - INFO: 34 move(s) completed (0 accepted (0.0000 %)). Current N = 0. Average N = 0.000
2021-03-24 16:04:10,037 - INFO: 35 move(s) completed (0 accepted (0.0000 %)). Current N = 0. Average N = 0.000
2021-03-24 16:04:15,669 - INFO: 36 move(s) completed (0 accepted (0.0000 %)). Current N = 0. Average N = 0.000
2021-03-24 16:04:36,335 - INFO: 37 move(s) completed (0 accepted (0.0000 %)). Current N = 0. Average N = 0.000
2021-03-24 16:04:57,328 - INFO: 38 move(s) completed (0 accepted (0.0000 %)). Current N = 0. Average N = 0.000
2021-03-24 16:05:03,017 - INFO: 39 move(s) completed (0 accepted (0.0000 %)). Current N = 0. Average N = 0.000
2021-03-24 16:05:08,634 - INFO: 40 move(s) completed (0 accepted (0.0000 %)). Current N = 0. Average N = 0.000
2021-03-24 16:05:28,753 - INFO: 41 move(s) completed (0 accepted (0.0000 %)). Current N = 0. Average N = 0.000
2021-03-24 16:05:49,175 - INFO: 42 move(s) completed (0 accepted (0.0000 %)). Current N = 0. Average N = 0.000
2021-03-24 16:06:09,640 - INFO: 43 move(s) completed (1 accepted (2.3256 %)). Current N = 1. Average N = 0.023
2021-03-24 16:06:29,619 - INFO: 44 move(s) completed (1 accepted (2.2727 %)). Current N = 1. Average N = 0.045
2021-03-24 16:06:49,540 - INFO: 45 move(s) completed (1 accepted (2.2222 %)). Current N = 1. Average N = 0.067
2021-03-24 16:07:06,426 - INFO: Move rejected due to water leaving the GCMC sphere
2021-03-24 16:07:10,015 - INFO: 46 move(s) completed (1 accepted (2.1739 %)). Current N = 1. Average N = 0.087
2021-03-24 16:07:30,559 - INFO: 47 move(s) completed (1 accepted (2.1277 %)). Current N = 1. Average N = 0.106
2021-03-24 16:07:47,659 - INFO: Move rejected due to water leaving the GCMC sphere
2021-03-24 16:07:51,233 - INFO: 48 move(s) completed (1 accepted (2.0833 %)). Current N = 1. Average N = 0.125
2021-03-24 16:08:11,778 - INFO: 49 move(s) completed (1 accepted (2.0408 %)). Current N = 1. Average N = 0.143
2021-03-24 16:08:29,123 - INFO: Move rejected due to water leaving the GCMC sphere
2021-03-24 16:08:32,664 - INFO: 50 move(s) completed (1 accepted (2.0000 %)). Current N = 1. Average N = 0.160
2021-03-24 16:08:50,087 - INFO: Move rejected due to water leaving the GCMC sphere
2021-03-24 16:08:53,674 - INFO: 51 move(s) completed (1 accepted (1.9608 %)). Current N = 1. Average N = 0.176
2021-03-24 16:09:14,426 - INFO: 52 move(s) completed (1 accepted (1.9231 %)). Current N = 1. Average N = 0.192
2021-03-24 16:09:35,229 - INFO: 53 move(s) completed (1 accepted (1.8868 %)). Current N = 1. Average N = 0.207
2021-03-24 16:09:52,289 - INFO: Move rejected due to water leaving the GCMC sphere
2021-03-24 16:09:55,719 - INFO: 54 move(s) completed (1 accepted (1.8519 %)). Current N = 1. Average N = 0.222
2021-03-24 16:10:13,304 - INFO: Move rejected due to water leaving the GCMC sphere
2021-03-24 16:10:16,659 - INFO: 55 move(s) completed (1 accepted (1.8182 %)). Current N = 1. Average N = 0.236
2021-03-24 16:10:33,282 - INFO: Move rejected due to water leaving the GCMC sphere
2021-03-24 16:10:36,611 - INFO: 56 move(s) completed (1 accepted (1.7857 %)). Current N = 1. Average N = 0.250
2021-03-24 16:10:56,718 - INFO: 57 move(s) completed (1 accepted (1.7544 %)). Current N = 1. Average N = 0.263
2021-03-24 16:11:13,386 - INFO: Move rejected due to water leaving the GCMC sphere
2021-03-24 16:11:16,829 - INFO: 58 move(s) completed (1 accepted (1.7241 %)). Current N = 1. Average N = 0.276
2021-03-24 16:11:37,078 - INFO: 59 move(s) completed (1 accepted (1.6949 %)). Current N = 1. Average N = 0.288
2021-03-24 16:11:53,656 - INFO: Move rejected due to water leaving the GCMC sphere
2021-03-24 16:11:57,213 - INFO: 60 move(s) completed (1 accepted (1.6667 %)). Current N = 1. Average N = 0.300
2021-03-24 16:12:17,772 - INFO: 61 move(s) completed (1 accepted (1.6393 %)). Current N = 1. Average N = 0.311
2021-03-24 16:12:37,969 - INFO: 62 move(s) completed (1 accepted (1.6129 %)). Current N = 1. Average N = 0.323
2021-03-24 16:12:58,144 - INFO: 63 move(s) completed (1 accepted (1.5873 %)). Current N = 1. Average N = 0.333
2021-03-24 16:13:14,800 - INFO: Move rejected due to water leaving the GCMC sphere
2021-03-24 16:13:18,278 - INFO: 64 move(s) completed (1 accepted (1.5625 %)). Current N = 1. Average N = 0.344
2021-03-24 16:13:38,288 - INFO: 65 move(s) completed (1 accepted (1.5385 %)). Current N = 1. Average N = 0.354
2021-03-24 16:13:58,849 - INFO: 66 move(s) completed (1 accepted (1.5152 %)). Current N = 1. Average N = 0.364
2021-03-24 16:14:19,265 - INFO: 67 move(s) completed (1 accepted (1.4925 %)). Current N = 1. Average N = 0.373
2021-03-24 16:14:36,425 - INFO: Move rejected due to water leaving the GCMC sphere
2021-03-24 16:14:39,905 - INFO: 68 move(s) completed (1 accepted (1.4706 %)). Current N = 1. Average N = 0.382
2021-03-24 16:14:57,439 - INFO: Move rejected due to water leaving the GCMC sphere
2021-03-24 16:15:00,781 - INFO: 69 move(s) completed (1 accepted (1.4493 %)). Current N = 1. Average N = 0.391
2021-03-24 16:15:18,219 - INFO: Move rejected due to water leaving the GCMC sphere
2021-03-24 16:15:21,867 - INFO: 70 move(s) completed (1 accepted (1.4286 %)). Current N = 1. Average N = 0.400
2021-03-24 16:15:42,813 - INFO: 71 move(s) completed (1 accepted (1.4085 %)). Current N = 1. Average N = 0.408
2021-03-24 16:16:02,988 - INFO: 72 move(s) completed (1 accepted (1.3889 %)). Current N = 1. Average N = 0.417
2021-03-24 16:16:19,421 - INFO: Move rejected due to water leaving the GCMC sphere
2021-03-24 16:16:22,882 - INFO: 73 move(s) completed (1 accepted (1.3699 %)). Current N = 1. Average N = 0.425
2021-03-24 16:16:42,940 - INFO: 74 move(s) completed (1 accepted (1.3514 %)). Current N = 1. Average N = 0.432
2021-03-24 16:16:59,783 - INFO: Move rejected due to water leaving the GCMC sphere
2021-03-24 16:17:03,365 - INFO: 75 move(s) completed (1 accepted (1.3333 %)). Current N = 1. Average N = 0.440
2021-03-24 16:17:19,866 - INFO: Move rejected due to water leaving the GCMC sphere
2021-03-24 16:17:23,411 - INFO: 76 move(s) completed (1 accepted (1.3158 %)). Current N = 1. Average N = 0.447
2021-03-24 16:17:43,936 - INFO: 77 move(s) completed (1 accepted (1.2987 %)). Current N = 1. Average N = 0.455
2021-03-24 16:18:03,966 - INFO: 78 move(s) completed (1 accepted (1.2821 %)). Current N = 1. Average N = 0.462
2021-03-24 16:18:23,927 - INFO: 79 move(s) completed (1 accepted (1.2658 %)). Current N = 1. Average N = 0.468
2021-03-24 16:18:43,792 - INFO: 80 move(s) completed (1 accepted (1.2500 %)). Current N = 1. Average N = 0.475
2021-03-24 16:19:03,714 - INFO: 81 move(s) completed (1 accepted (1.2346 %)). Current N = 1. Average N = 0.481
2021-03-24 16:19:23,925 - INFO: 82 move(s) completed (1 accepted (1.2195 %)). Current N = 1. Average N = 0.488
2021-03-24 16:19:40,441 - INFO: Move rejected due to water leaving the GCMC sphere
2021-03-24 16:19:43,837 - INFO: 83 move(s) completed (1 accepted (1.2048 %)). Current N = 1. Average N = 0.494
2021-03-24 16:20:01,382 - INFO: Move rejected due to water leaving the GCMC sphere
2021-03-24 16:20:04,724 - INFO: 84 move(s) completed (1 accepted (1.1905 %)). Current N = 1. Average N = 0.500
2021-03-24 16:20:22,218 - INFO: Move rejected due to water leaving the GCMC sphere
2021-03-24 16:20:25,698 - INFO: 85 move(s) completed (1 accepted (1.1765 %)). Current N = 1. Average N = 0.506
2021-03-24 16:20:45,831 - INFO: 86 move(s) completed (1 accepted (1.1628 %)). Current N = 1. Average N = 0.512
2021-03-24 16:21:02,438 - INFO: Move rejected due to water leaving the GCMC sphere
2021-03-24 16:21:06,025 - INFO: 87 move(s) completed (1 accepted (1.1494 %)). Current N = 1. Average N = 0.517
2021-03-24 16:21:22,685 - INFO: Move rejected due to water leaving the GCMC sphere
2021-03-24 16:21:26,345 - INFO: 88 move(s) completed (1 accepted (1.1364 %)). Current N = 1. Average N = 0.523
2021-03-24 16:21:46,656 - INFO: 89 move(s) completed (1 accepted (1.1236 %)). Current N = 1. Average N = 0.528
2021-03-24 16:22:06,896 - INFO: 90 move(s) completed (1 accepted (1.1111 %)). Current N = 1. Average N = 0.533
2021-03-24 16:22:23,306 - INFO: Move rejected due to water leaving the GCMC sphere
2021-03-24 16:22:26,934 - INFO: 91 move(s) completed (1 accepted (1.0989 %)). Current N = 1. Average N = 0.538
2021-03-24 16:22:46,901 - INFO: 92 move(s) completed (1 accepted (1.0870 %)). Current N = 1. Average N = 0.543
2021-03-24 16:23:06,859 - INFO: 93 move(s) completed (1 accepted (1.0753 %)). Current N = 1. Average N = 0.548
2021-03-24 16:23:23,672 - INFO: Move rejected due to water leaving the GCMC sphere
2021-03-24 16:23:27,208 - INFO: 94 move(s) completed (1 accepted (1.0638 %)). Current N = 1. Average N = 0.553
2021-03-24 16:23:43,653 - INFO: Move rejected due to water leaving the GCMC sphere
2021-03-24 16:23:47,219 - INFO: 95 move(s) completed (1 accepted (1.0526 %)). Current N = 1. Average N = 0.558
2021-03-24 16:24:07,318 - INFO: 96 move(s) completed (1 accepted (1.0417 %)). Current N = 1. Average N = 0.562
2021-03-24 16:24:24,497 - INFO: Move rejected due to water leaving the GCMC sphere
2021-03-24 16:24:28,026 - INFO: 97 move(s) completed (1 accepted (1.0309 %)). Current N = 1. Average N = 0.567
2021-03-24 16:24:45,408 - INFO: Move rejected due to water leaving the GCMC sphere
2021-03-24 16:24:48,958 - INFO: 98 move(s) completed (1 accepted (1.0204 %)). Current N = 1. Average N = 0.571
2021-03-24 16:25:09,764 - INFO: 99 move(s) completed (1 accepted (1.0101 %)). Current N = 1. Average N = 0.576
2021-03-24 16:25:30,672 - INFO: 100 move(s) completed (1 accepted (1.0000 %)). Current N = 1. Average N = 0.580
2021-03-24 16:25:50,855 - INFO: 101 move(s) completed (1 accepted (0.9901 %)). Current N = 1. Average N = 0.584
2021-03-24 16:26:11,088 - INFO: 102 move(s) completed (1 accepted (0.9804 %)). Current N = 1. Average N = 0.588
2021-03-24 16:26:27,475 - INFO: Move rejected due to water leaving the GCMC sphere
2021-03-24 16:26:30,966 - INFO: 103 move(s) completed (1 accepted (0.9709 %)). Current N = 1. Average N = 0.592
2021-03-24 16:26:51,092 - INFO: 104 move(s) completed (1 accepted (0.9615 %)). Current N = 1. Average N = 0.596
2021-03-24 16:27:07,685 - INFO: Move rejected due to water leaving the GCMC sphere
2021-03-24 16:27:11,336 - INFO: 105 move(s) completed (1 accepted (0.9524 %)). Current N = 1. Average N = 0.600
2021-03-24 16:27:27,989 - INFO: Move rejected due to water leaving the GCMC sphere
2021-03-24 16:27:31,506 - INFO: 106 move(s) completed (1 accepted (0.9434 %)). Current N = 1. Average N = 0.604
2021-03-24 16:27:51,897 - INFO: 107 move(s) completed (1 accepted (0.9346 %)). Current N = 1. Average N = 0.608
2021-03-24 16:28:12,162 - INFO: 108 move(s) completed (1 accepted (0.9259 %)). Current N = 1. Average N = 0.611
2021-03-24 16:28:32,477 - INFO: 109 move(s) completed (1 accepted (0.9174 %)). Current N = 1. Average N = 0.615
2021-03-24 16:28:52,833 - INFO: 110 move(s) completed (1 accepted (0.9091 %)). Current N = 1. Average N = 0.618
2021-03-24 16:29:09,815 - INFO: Move rejected due to water leaving the GCMC sphere
2021-03-24 16:29:13,522 - INFO: 111 move(s) completed (1 accepted (0.9009 %)). Current N = 1. Average N = 0.622
2021-03-24 16:29:33,971 - INFO: 112 move(s) completed (1 accepted (0.8929 %)). Current N = 1. Average N = 0.625
2021-03-24 16:29:54,207 - INFO: 113 move(s) completed (1 accepted (0.8850 %)). Current N = 1. Average N = 0.628
2021-03-24 16:30:14,890 - INFO: 114 move(s) completed (1 accepted (0.8772 %)). Current N = 1. Average N = 0.632
2021-03-24 16:30:31,991 - INFO: Move rejected due to water leaving the GCMC sphere
2021-03-24 16:30:35,462 - INFO: 115 move(s) completed (1 accepted (0.8696 %)). Current N = 1. Average N = 0.635
2021-03-24 16:30:56,283 - INFO: 116 move(s) completed (1 accepted (0.8621 %)). Current N = 1. Average N = 0.638
2021-03-24 16:31:17,426 - INFO: 117 move(s) completed (1 accepted (0.8547 %)). Current N = 1. Average N = 0.641
2021-03-24 16:31:38,218 - INFO: 118 move(s) completed (1 accepted (0.8475 %)). Current N = 1. Average N = 0.644
2021-03-24 16:31:58,880 - INFO: 119 move(s) completed (1 accepted (0.8403 %)). Current N = 1. Average N = 0.647
2021-03-24 16:32:15,274 - INFO: Move rejected due to water leaving the GCMC sphere
2021-03-24 16:32:18,732 - INFO: 120 move(s) completed (1 accepted (0.8333 %)). Current N = 1. Average N = 0.650
2021-03-24 16:32:38,972 - INFO: 121 move(s) completed (1 accepted (0.8264 %)). Current N = 1. Average N = 0.653
2021-03-24 16:32:55,537 - INFO: Move rejected due to water leaving the GCMC sphere
2021-03-24 16:32:59,034 - INFO: 122 move(s) completed (1 accepted (0.8197 %)). Current N = 1. Average N = 0.656
2021-03-24 16:33:15,723 - INFO: Move rejected due to water leaving the GCMC sphere
2021-03-24 16:33:19,102 - INFO: 123 move(s) completed (1 accepted (0.8130 %)). Current N = 1. Average N = 0.658
2021-03-24 16:33:39,278 - INFO: 124 move(s) completed (1 accepted (0.8065 %)). Current N = 1. Average N = 0.661
2021-03-24 16:33:59,365 - INFO: 125 move(s) completed (1 accepted (0.8000 %)). Current N = 1. Average N = 0.664
2021-03-24 16:34:19,829 - INFO: 126 move(s) completed (1 accepted (0.7937 %)). Current N = 1. Average N = 0.667
2021-03-24 16:34:37,101 - INFO: Move rejected due to water leaving the GCMC sphere
2021-03-24 16:34:40,493 - INFO: 127 move(s) completed (1 accepted (0.7874 %)). Current N = 1. Average N = 0.669
2021-03-24 16:34:57,535 - INFO: Move rejected due to water leaving the GCMC sphere
2021-03-24 16:35:01,165 - INFO: 128 move(s) completed (1 accepted (0.7812 %)). Current N = 1. Average N = 0.672
2021-03-24 16:35:21,768 - INFO: 129 move(s) completed (1 accepted (0.7752 %)). Current N = 1. Average N = 0.674
2021-03-24 16:35:38,852 - INFO: Move rejected due to water leaving the GCMC sphere
2021-03-24 16:35:42,458 - INFO: 130 move(s) completed (1 accepted (0.7692 %)). Current N = 1. Average N = 0.677
2021-03-24 16:36:03,282 - INFO: 131 move(s) completed (1 accepted (0.7634 %)). Current N = 1. Average N = 0.679
2021-03-24 16:36:23,458 - INFO: 132 move(s) completed (1 accepted (0.7576 %)). Current N = 1. Average N = 0.682
2021-03-24 16:36:43,936 - INFO: 133 move(s) completed (1 accepted (0.7519 %)). Current N = 1. Average N = 0.684
2021-03-24 16:37:04,687 - INFO: 134 move(s) completed (1 accepted (0.7463 %)). Current N = 1. Average N = 0.687
2021-03-24 16:37:25,592 - INFO: 135 move(s) completed (1 accepted (0.7407 %)). Current N = 1. Average N = 0.689
2021-03-24 16:37:42,223 - INFO: Move rejected due to water leaving the GCMC sphere
2021-03-24 16:37:45,852 - INFO: 136 move(s) completed (1 accepted (0.7353 %)). Current N = 1. Average N = 0.691
2021-03-24 16:38:06,023 - INFO: 137 move(s) completed (1 accepted (0.7299 %)). Current N = 1. Average N = 0.693
2021-03-24 16:38:26,011 - INFO: 138 move(s) completed (1 accepted (0.7246 %)). Current N = 1. Average N = 0.696
2021-03-24 16:38:46,254 - INFO: 139 move(s) completed (1 accepted (0.7194 %)). Current N = 1. Average N = 0.698
2021-03-24 16:39:06,554 - INFO: 140 move(s) completed (1 accepted (0.7143 %)). Current N = 1. Average N = 0.700
2021-03-24 16:39:26,873 - INFO: 141 move(s) completed (1 accepted (0.7092 %)). Current N = 1. Average N = 0.702
2021-03-24 16:39:47,278 - INFO: 142 move(s) completed (1 accepted (0.7042 %)). Current N = 1. Average N = 0.704
2021-03-24 16:40:07,896 - INFO: 143 move(s) completed (1 accepted (0.6993 %)). Current N = 1. Average N = 0.706
2021-03-24 16:40:25,217 - INFO: Move rejected due to water leaving the GCMC sphere
2021-03-24 16:40:28,618 - INFO: 144 move(s) completed (1 accepted (0.6944 %)). Current N = 1. Average N = 0.708
2021-03-24 16:40:49,556 - INFO: 145 move(s) completed (1 accepted (0.6897 %)). Current N = 1. Average N = 0.710
2021-03-24 16:41:09,700 - INFO: 146 move(s) completed (1 accepted (0.6849 %)). Current N = 1. Average N = 0.712
2021-03-24 16:41:30,493 - INFO: 147 move(s) completed (1 accepted (0.6803 %)). Current N = 1. Average N = 0.714
2021-03-24 16:41:51,150 - INFO: 148 move(s) completed (1 accepted (0.6757 %)). Current N = 1. Average N = 0.716
2021-03-24 16:42:08,256 - INFO: Move rejected due to water leaving the GCMC sphere
2021-03-24 16:42:11,778 - INFO: 149 move(s) completed (1 accepted (0.6711 %)). Current N = 1. Average N = 0.718
2021-03-24 16:42:28,329 - INFO: Move rejected due to water leaving the GCMC sphere
2021-03-24 16:42:31,941 - INFO: 150 move(s) completed (1 accepted (0.6667 %)). Current N = 1. Average N = 0.720
2021-03-24 16:42:53,209 - INFO: 151 move(s) completed (1 accepted (0.6623 %)). Current N = 1. Average N = 0.722
2021-03-24 16:43:09,576 - INFO: Move rejected due to water leaving the GCMC sphere
2021-03-24 16:43:13,070 - INFO: 152 move(s) completed (1 accepted (0.6579 %)). Current N = 1. Average N = 0.724
2021-03-24 16:43:29,544 - INFO: Move rejected due to water leaving the GCMC sphere
2021-03-24 16:43:33,118 - INFO: 153 move(s) completed (1 accepted (0.6536 %)). Current N = 1. Average N = 0.726
2021-03-24 16:43:50,015 - INFO: Move rejected due to water leaving the GCMC sphere
2021-03-24 16:43:53,698 - INFO: 154 move(s) completed (1 accepted (0.6494 %)). Current N = 1. Average N = 0.727
2021-03-24 16:44:13,983 - INFO: 155 move(s) completed (1 accepted (0.6452 %)). Current N = 1. Average N = 0.729
2021-03-24 16:44:33,935 - INFO: 156 move(s) completed (1 accepted (0.6410 %)). Current N = 1. Average N = 0.731
2021-03-24 16:44:53,915 - INFO: 157 move(s) completed (1 accepted (0.6369 %)). Current N = 1. Average N = 0.733
2021-03-24 16:45:10,477 - INFO: Move rejected due to water leaving the GCMC sphere
2021-03-24 16:45:13,883 - INFO: 158 move(s) completed (1 accepted (0.6329 %)). Current N = 1. Average N = 0.734
2021-03-24 16:45:34,457 - INFO: 159 move(s) completed (1 accepted (0.6289 %)). Current N = 1. Average N = 0.736
2021-03-24 16:45:51,385 - INFO: Move rejected due to water leaving the GCMC sphere
2021-03-24 16:45:55,032 - INFO: 160 move(s) completed (1 accepted (0.6250 %)). Current N = 1. Average N = 0.738
2021-03-24 16:46:15,512 - INFO: 161 move(s) completed (1 accepted (0.6211 %)). Current N = 1. Average N = 0.739
2021-03-24 16:46:32,912 - INFO: Move rejected due to water leaving the GCMC sphere
2021-03-24 16:46:36,303 - INFO: 162 move(s) completed (1 accepted (0.6173 %)). Current N = 1. Average N = 0.741
2021-03-24 16:46:57,388 - INFO: 163 move(s) completed (1 accepted (0.6135 %)). Current N = 1. Average N = 0.742
2021-03-24 16:47:14,625 - INFO: Move rejected due to water leaving the GCMC sphere
2021-03-24 16:47:18,253 - INFO: 164 move(s) completed (1 accepted (0.6098 %)). Current N = 1. Average N = 0.744
2021-03-24 16:47:38,980 - INFO: 165 move(s) completed (1 accepted (0.6061 %)). Current N = 1. Average N = 0.746
2021-03-24 16:47:59,593 - INFO: 166 move(s) completed (1 accepted (0.6024 %)). Current N = 1. Average N = 0.747
2021-03-24 16:48:16,094 - INFO: Move rejected due to water leaving the GCMC sphere
2021-03-24 16:48:19,534 - INFO: 167 move(s) completed (1 accepted (0.5988 %)). Current N = 1. Average N = 0.749
2021-03-24 16:48:39,629 - INFO: 168 move(s) completed (1 accepted (0.5952 %)). Current N = 1. Average N = 0.750
2021-03-24 16:48:56,455 - INFO: Move rejected due to water leaving the GCMC sphere
2021-03-24 16:48:59,893 - INFO: 169 move(s) completed (1 accepted (0.5917 %)). Current N = 1. Average N = 0.751
2021-03-24 16:49:16,456 - INFO: Move rejected due to water leaving the GCMC sphere
2021-03-24 16:49:19,833 - INFO: 170 move(s) completed (1 accepted (0.5882 %)). Current N = 1. Average N = 0.753
2021-03-24 16:49:36,612 - INFO: Move rejected due to water leaving the GCMC sphere
2021-03-24 16:49:40,111 - INFO: 171 move(s) completed (1 accepted (0.5848 %)). Current N = 1. Average N = 0.754
2021-03-24 16:49:57,294 - INFO: Move rejected due to water leaving the GCMC sphere
2021-03-24 16:50:00,650 - INFO: 172 move(s) completed (1 accepted (0.5814 %)). Current N = 1. Average N = 0.756
2021-03-24 16:50:17,830 - INFO: Move rejected due to water leaving the GCMC sphere
2021-03-24 16:50:21,198 - INFO: 173 move(s) completed (1 accepted (0.5780 %)). Current N = 1. Average N = 0.757
2021-03-24 16:50:38,137 - INFO: Move rejected due to water leaving the GCMC sphere
2021-03-24 16:50:41,685 - INFO: 174 move(s) completed (1 accepted (0.5747 %)). Current N = 1. Average N = 0.759
2021-03-24 16:51:02,318 - INFO: 175 move(s) completed (1 accepted (0.5714 %)). Current N = 1. Average N = 0.760
2021-03-24 16:51:22,501 - INFO: 176 move(s) completed (1 accepted (0.5682 %)). Current N = 1. Average N = 0.761
2021-03-24 16:51:39,507 - INFO: Move rejected due to water leaving the GCMC sphere
2021-03-24 16:51:43,116 - INFO: 177 move(s) completed (1 accepted (0.5650 %)). Current N = 1. Average N = 0.763
2021-03-24 16:52:03,562 - INFO: 178 move(s) completed (1 accepted (0.5618 %)). Current N = 1. Average N = 0.764
2021-03-24 16:52:24,689 - INFO: 179 move(s) completed (1 accepted (0.5587 %)). Current N = 1. Average N = 0.765
2021-03-24 16:52:41,569 - INFO: Move rejected due to water leaving the GCMC sphere
2021-03-24 16:52:44,952 - INFO: 180 move(s) completed (1 accepted (0.5556 %)). Current N = 1. Average N = 0.767
2021-03-24 16:53:02,303 - INFO: Move rejected due to water leaving the GCMC sphere
2021-03-24 16:53:05,828 - INFO: 181 move(s) completed (1 accepted (0.5525 %)). Current N = 1. Average N = 0.768
2021-03-24 16:53:26,615 - INFO: 182 move(s) completed (1 accepted (0.5495 %)). Current N = 1. Average N = 0.769
2021-03-24 16:53:43,116 - INFO: Move rejected due to water leaving the GCMC sphere
2021-03-24 16:53:46,700 - INFO: 183 move(s) completed (1 accepted (0.5464 %)). Current N = 1. Average N = 0.770
2021-03-24 16:54:06,801 - INFO: 184 move(s) completed (1 accepted (0.5435 %)). Current N = 1. Average N = 0.772
2021-03-24 16:54:23,352 - INFO: Move rejected due to water leaving the GCMC sphere
2021-03-24 16:54:26,925 - INFO: 185 move(s) completed (1 accepted (0.5405 %)). Current N = 1. Average N = 0.773
2021-03-24 16:54:46,845 - INFO: 186 move(s) completed (1 accepted (0.5376 %)). Current N = 1. Average N = 0.774
2021-03-24 16:55:03,872 - INFO: Move rejected due to water leaving the GCMC sphere
2021-03-24 16:55:07,380 - INFO: 187 move(s) completed (1 accepted (0.5348 %)). Current N = 1. Average N = 0.775
2021-03-24 16:55:27,647 - INFO: 188 move(s) completed (1 accepted (0.5319 %)). Current N = 1. Average N = 0.777
2021-03-24 16:55:48,188 - INFO: 189 move(s) completed (1 accepted (0.5291 %)). Current N = 1. Average N = 0.778
2021-03-24 16:56:08,552 - INFO: 190 move(s) completed (1 accepted (0.5263 %)). Current N = 1. Average N = 0.779
2021-03-24 16:56:25,911 - INFO: Move rejected due to water leaving the GCMC sphere
2021-03-24 16:56:29,461 - INFO: 191 move(s) completed (1 accepted (0.5236 %)). Current N = 1. Average N = 0.780
2021-03-24 16:56:49,573 - INFO: 192 move(s) completed (1 accepted (0.5208 %)). Current N = 1. Average N = 0.781
2021-03-24 16:57:09,997 - INFO: 193 move(s) completed (1 accepted (0.5181 %)). Current N = 1. Average N = 0.782
2021-03-24 16:57:30,223 - INFO: 194 move(s) completed (1 accepted (0.5155 %)). Current N = 1. Average N = 0.783
2021-03-24 16:57:50,896 - INFO: 195 move(s) completed (1 accepted (0.5128 %)). Current N = 1. Average N = 0.785
2021-03-24 16:58:11,528 - INFO: 196 move(s) completed (1 accepted (0.5102 %)). Current N = 1. Average N = 0.786
2021-03-24 16:58:31,594 - INFO: 197 move(s) completed (1 accepted (0.5076 %)). Current N = 1. Average N = 0.787
2021-03-24 16:58:48,228 - INFO: Move rejected due to water leaving the GCMC sphere
2021-03-24 16:58:51,685 - INFO: 198 move(s) completed (1 accepted (0.5051 %)). Current N = 1. Average N = 0.788
2021-03-24 16:59:11,928 - INFO: 199 move(s) completed (1 accepted (0.5025 %)). Current N = 1. Average N = 0.789
2021-03-24 16:59:31,960 - INFO: 200 move(s) completed (1 accepted (0.5000 %)). Current N = 1. Average N = 0.790
2021-03-24 16:59:52,046 - INFO: 201 move(s) completed (1 accepted (0.4975 %)). Current N = 1. Average N = 0.791
2021-03-24 17:00:12,324 - INFO: 202 move(s) completed (1 accepted (0.4950 %)). Current N = 1. Average N = 0.792
2021-03-24 17:00:29,041 - INFO: Move rejected due to water leaving the GCMC sphere
2021-03-24 17:00:32,458 - INFO: 203 move(s) completed (1 accepted (0.4926 %)). Current N = 1. Average N = 0.793
2021-03-24 17:00:52,633 - INFO: 204 move(s) completed (1 accepted (0.4902 %)). Current N = 1. Average N = 0.794
2021-03-24 17:01:09,569 - INFO: Move rejected due to water leaving the GCMC sphere
2021-03-24 17:01:13,273 - INFO: 205 move(s) completed (1 accepted (0.4878 %)). Current N = 1. Average N = 0.795
2021-03-24 17:01:30,153 - INFO: Move rejected due to water leaving the GCMC sphere
2021-03-24 17:01:33,702 - INFO: 206 move(s) completed (1 accepted (0.4854 %)). Current N = 1. Average N = 0.796
2021-03-24 17:01:50,724 - INFO: Move rejected due to water leaving the GCMC sphere
2021-03-24 17:01:54,215 - INFO: 207 move(s) completed (1 accepted (0.4831 %)). Current N = 1. Average N = 0.797
2021-03-24 17:02:14,500 - INFO: 208 move(s) completed (1 accepted (0.4808 %)). Current N = 1. Average N = 0.798
2021-03-24 17:02:34,980 - INFO: 209 move(s) completed (1 accepted (0.4785 %)). Current N = 1. Average N = 0.799
2021-03-24 17:02:54,875 - INFO: 210 move(s) completed (1 accepted (0.4762 %)). Current N = 1. Average N = 0.800
2021-03-24 17:03:11,333 - INFO: Move rejected due to water leaving the GCMC sphere
2021-03-24 17:03:14,701 - INFO: 211 move(s) completed (1 accepted (0.4739 %)). Current N = 1. Average N = 0.801
2021-03-24 17:03:31,761 - INFO: Move rejected due to water leaving the GCMC sphere
2021-03-24 17:03:35,098 - INFO: 212 move(s) completed (1 accepted (0.4717 %)). Current N = 1. Average N = 0.802
2021-03-24 17:03:55,788 - INFO: 213 move(s) completed (1 accepted (0.4695 %)). Current N = 1. Average N = 0.803
2021-03-24 17:04:13,510 - INFO: Move rejected due to water leaving the GCMC sphere
2021-03-24 17:04:17,071 - INFO: 214 move(s) completed (1 accepted (0.4673 %)). Current N = 1. Average N = 0.804
2021-03-24 17:04:33,711 - INFO: Move rejected due to water leaving the GCMC sphere
2021-03-24 17:04:37,396 - INFO: 215 move(s) completed (1 accepted (0.4651 %)). Current N = 1. Average N = 0.805
2021-03-24 17:04:54,127 - INFO: Move rejected due to water leaving the GCMC sphere
2021-03-24 17:04:57,750 - INFO: 216 move(s) completed (1 accepted (0.4630 %)). Current N = 1. Average N = 0.806
2021-03-24 17:05:14,442 - INFO: Move rejected due to water leaving the GCMC sphere
2021-03-24 17:05:18,042 - INFO: 217 move(s) completed (1 accepted (0.4608 %)). Current N = 1. Average N = 0.806
2021-03-24 17:05:34,954 - INFO: Move rejected due to water leaving the GCMC sphere
2021-03-24 17:05:38,531 - INFO: 218 move(s) completed (1 accepted (0.4587 %)). Current N = 1. Average N = 0.807
2021-03-24 17:05:58,789 - INFO: 219 move(s) completed (1 accepted (0.4566 %)). Current N = 1. Average N = 0.808
2021-03-24 17:06:19,037 - INFO: 220 move(s) completed (1 accepted (0.4545 %)). Current N = 1. Average N = 0.809
2021-03-24 17:06:35,794 - INFO: Move rejected due to water leaving the GCMC sphere
2021-03-24 17:06:39,218 - INFO: 221 move(s) completed (1 accepted (0.4525 %)). Current N = 1. Average N = 0.810
2021-03-24 17:06:55,871 - INFO: Move rejected due to water leaving the GCMC sphere
2021-03-24 17:06:59,336 - INFO: 222 move(s) completed (1 accepted (0.4505 %)). Current N = 1. Average N = 0.811
2021-03-24 17:07:19,255 - INFO: 223 move(s) completed (1 accepted (0.4484 %)). Current N = 1. Average N = 0.812
2021-03-24 17:07:39,187 - INFO: 224 move(s) completed (1 accepted (0.4464 %)). Current N = 1. Average N = 0.812
2021-03-24 17:07:58,960 - INFO: 225 move(s) completed (1 accepted (0.4444 %)). Current N = 1. Average N = 0.813
2021-03-24 17:08:19,646 - INFO: 226 move(s) completed (1 accepted (0.4425 %)). Current N = 1. Average N = 0.814
2021-03-24 17:08:37,201 - INFO: Move rejected due to water leaving the GCMC sphere
2021-03-24 17:08:40,528 - INFO: 227 move(s) completed (1 accepted (0.4405 %)). Current N = 1. Average N = 0.815
2021-03-24 17:08:58,049 - INFO: Move rejected due to water leaving the GCMC sphere
2021-03-24 17:09:01,579 - INFO: 228 move(s) completed (1 accepted (0.4386 %)). Current N = 1. Average N = 0.816
2021-03-24 17:09:19,050 - INFO: Move rejected due to water leaving the GCMC sphere
2021-03-24 17:09:22,544 - INFO: 229 move(s) completed (1 accepted (0.4367 %)). Current N = 1. Average N = 0.817
2021-03-24 17:09:43,236 - INFO: 230 move(s) completed (1 accepted (0.4348 %)). Current N = 1. Average N = 0.817
2021-03-24 17:09:59,632 - INFO: Move rejected due to water leaving the GCMC sphere
2021-03-24 17:10:03,233 - INFO: 231 move(s) completed (1 accepted (0.4329 %)). Current N = 1. Average N = 0.818
2021-03-24 17:10:19,664 - INFO: Move rejected due to water leaving the GCMC sphere
2021-03-24 17:10:23,041 - INFO: 232 move(s) completed (1 accepted (0.4310 %)). Current N = 1. Average N = 0.819
2021-03-24 17:10:39,637 - INFO: Move rejected due to water leaving the GCMC sphere
2021-03-24 17:10:43,161 - INFO: 233 move(s) completed (1 accepted (0.4292 %)). Current N = 1. Average N = 0.820
2021-03-24 17:11:03,254 - INFO: 234 move(s) completed (1 accepted (0.4274 %)). Current N = 1. Average N = 0.821
2021-03-24 17:11:19,967 - INFO: Move rejected due to water leaving the GCMC sphere
2021-03-24 17:11:23,465 - INFO: 235 move(s) completed (1 accepted (0.4255 %)). Current N = 1. Average N = 0.821
2021-03-24 17:11:43,840 - INFO: 236 move(s) completed (1 accepted (0.4237 %)). Current N = 1. Average N = 0.822
2021-03-24 17:12:04,158 - INFO: 237 move(s) completed (1 accepted (0.4219 %)). Current N = 1. Average N = 0.823
2021-03-24 17:12:21,414 - INFO: Move rejected due to water leaving the GCMC sphere
2021-03-24 17:12:24,753 - INFO: 238 move(s) completed (1 accepted (0.4202 %)). Current N = 1. Average N = 0.824
2021-03-24 17:12:44,511 - INFO: 239 move(s) completed (1 accepted (0.4184 %)). Current N = 1. Average N = 0.824
2021-03-24 17:13:01,659 - INFO: Move rejected due to water leaving the GCMC sphere
2021-03-24 17:13:05,262 - INFO: 240 move(s) completed (1 accepted (0.4167 %)). Current N = 1. Average N = 0.825
2021-03-24 17:13:22,418 - INFO: Move rejected due to water leaving the GCMC sphere
2021-03-24 17:13:26,074 - INFO: 241 move(s) completed (1 accepted (0.4149 %)). Current N = 1. Average N = 0.826
2021-03-24 17:13:43,172 - INFO: Move rejected due to water leaving the GCMC sphere
2021-03-24 17:13:46,728 - INFO: 242 move(s) completed (1 accepted (0.4132 %)). Current N = 1. Average N = 0.826
2021-03-24 17:14:03,954 - INFO: Move rejected due to water leaving the GCMC sphere
2021-03-24 17:14:07,443 - INFO: 243 move(s) completed (1 accepted (0.4115 %)). Current N = 1. Average N = 0.827
2021-03-24 17:14:24,703 - INFO: Move rejected due to water leaving the GCMC sphere
2021-03-24 17:14:28,111 - INFO: 244 move(s) completed (1 accepted (0.4098 %)). Current N = 1. Average N = 0.828
2021-03-24 17:14:44,457 - INFO: Move rejected due to water leaving the GCMC sphere
2021-03-24 17:14:47,935 - INFO: 245 move(s) completed (1 accepted (0.4082 %)). Current N = 1. Average N = 0.829
2021-03-24 17:15:05,332 - INFO: Move rejected due to water leaving the GCMC sphere
2021-03-24 17:15:08,675 - INFO: 246 move(s) completed (1 accepted (0.4065 %)). Current N = 1. Average N = 0.829
2021-03-24 17:15:28,627 - INFO: 247 move(s) completed (1 accepted (0.4049 %)). Current N = 1. Average N = 0.830
2021-03-24 17:15:49,031 - INFO: 248 move(s) completed (1 accepted (0.4032 %)). Current N = 1. Average N = 0.831
2021-03-24 17:16:05,845 - INFO: Move rejected due to water leaving the GCMC sphere
2021-03-24 17:16:09,302 - INFO: 249 move(s) completed (1 accepted (0.4016 %)). Current N = 1. Average N = 0.831
2021-03-24 17:16:29,496 - INFO: 250 move(s) completed (1 accepted (0.4000 %)). Current N = 1. Average N = 0.832
2021-03-24 17:16:46,009 - INFO: Move rejected due to water leaving the GCMC sphere
2021-03-24 17:16:49,578 - INFO: 251 move(s) completed (1 accepted (0.3984 %)). Current N = 1. Average N = 0.833
2021-03-24 17:17:06,226 - INFO: Move rejected due to water leaving the GCMC sphere
2021-03-24 17:17:09,696 - INFO: 252 move(s) completed (1 accepted (0.3968 %)). Current N = 1. Average N = 0.833
2021-03-24 17:17:30,184 - INFO: 253 move(s) completed (1 accepted (0.3953 %)). Current N = 1. Average N = 0.834
2021-03-24 17:17:47,004 - INFO: Move rejected due to water leaving the GCMC sphere
2021-03-24 17:17:50,580 - INFO: 254 move(s) completed (1 accepted (0.3937 %)). Current N = 1. Average N = 0.835
2021-03-24 17:18:10,978 - INFO: 255 move(s) completed (1 accepted (0.3922 %)). Current N = 1. Average N = 0.835
2021-03-24 17:18:27,849 - INFO: Move rejected due to water leaving the GCMC sphere
2021-03-24 17:18:31,382 - INFO: 256 move(s) completed (1 accepted (0.3906 %)). Current N = 1. Average N = 0.836
2021-03-24 17:18:51,867 - INFO: 257 move(s) completed (1 accepted (0.3891 %)). Current N = 1. Average N = 0.837
2021-03-24 17:19:11,941 - INFO: 258 move(s) completed (1 accepted (0.3876 %)). Current N = 1. Average N = 0.837
2021-03-24 17:19:32,875 - INFO: 259 move(s) completed (1 accepted (0.3861 %)). Current N = 1. Average N = 0.838
2021-03-24 17:19:50,305 - INFO: Move rejected due to water leaving the GCMC sphere
2021-03-24 17:19:53,791 - INFO: 260 move(s) completed (1 accepted (0.3846 %)). Current N = 1. Average N = 0.839
2021-03-24 17:20:13,905 - INFO: 261 move(s) completed (1 accepted (0.3831 %)). Current N = 1. Average N = 0.839
2021-03-24 17:20:33,822 - INFO: 262 move(s) completed (1 accepted (0.3817 %)). Current N = 1. Average N = 0.840
2021-03-24 17:20:53,523 - INFO: 263 move(s) completed (1 accepted (0.3802 %)). Current N = 1. Average N = 0.840
2021-03-24 17:21:10,120 - INFO: Move rejected due to water leaving the GCMC sphere
2021-03-24 17:21:13,733 - INFO: 264 move(s) completed (1 accepted (0.3788 %)). Current N = 1. Average N = 0.841
2021-03-24 17:21:33,874 - INFO: 265 move(s) completed (1 accepted (0.3774 %)). Current N = 1. Average N = 0.842
2021-03-24 17:21:53,878 - INFO: 266 move(s) completed (1 accepted (0.3759 %)). Current N = 1. Average N = 0.842
2021-03-24 17:22:10,647 - INFO: Move rejected due to water leaving the GCMC sphere
2021-03-24 17:22:14,269 - INFO: 267 move(s) completed (1 accepted (0.3745 %)). Current N = 1. Average N = 0.843
2021-03-24 17:22:31,098 - INFO: Move rejected due to water leaving the GCMC sphere
2021-03-24 17:22:34,602 - INFO: 268 move(s) completed (1 accepted (0.3731 %)). Current N = 1. Average N = 0.843
2021-03-24 17:22:54,890 - INFO: 269 move(s) completed (1 accepted (0.3717 %)). Current N = 1. Average N = 0.844
2021-03-24 17:23:15,223 - INFO: 270 move(s) completed (1 accepted (0.3704 %)). Current N = 1. Average N = 0.844
2021-03-24 17:23:35,720 - INFO: 271 move(s) completed (1 accepted (0.3690 %)). Current N = 1. Average N = 0.845
2021-03-24 17:23:56,483 - INFO: 272 move(s) completed (1 accepted (0.3676 %)). Current N = 1. Average N = 0.846
2021-03-24 17:24:16,469 - INFO: 273 move(s) completed (1 accepted (0.3663 %)). Current N = 1. Average N = 0.846
2021-03-24 17:24:32,793 - INFO: Move rejected due to water leaving the GCMC sphere
2021-03-24 17:24:36,179 - INFO: 274 move(s) completed (1 accepted (0.3650 %)). Current N = 1. Average N = 0.847
2021-03-24 17:24:52,805 - INFO: Move rejected due to water leaving the GCMC sphere
2021-03-24 17:24:56,188 - INFO: 275 move(s) completed (1 accepted (0.3636 %)). Current N = 1. Average N = 0.847
2021-03-24 17:25:17,197 - INFO: 276 move(s) completed (1 accepted (0.3623 %)). Current N = 1. Average N = 0.848
2021-03-24 17:25:38,238 - INFO: 277 move(s) completed (1 accepted (0.3610 %)). Current N = 1. Average N = 0.848
2021-03-24 17:25:55,610 - INFO: Move rejected due to water leaving the GCMC sphere
2021-03-24 17:25:59,176 - INFO: 278 move(s) completed (1 accepted (0.3597 %)). Current N = 1. Average N = 0.849
2021-03-24 17:26:19,046 - INFO: 279 move(s) completed (1 accepted (0.3584 %)). Current N = 1. Average N = 0.850
2021-03-24 17:26:39,184 - INFO: 280 move(s) completed (1 accepted (0.3571 %)). Current N = 1. Average N = 0.850
2021-03-24 17:26:59,190 - INFO: 281 move(s) completed (1 accepted (0.3559 %)). Current N = 1. Average N = 0.851
2021-03-24 17:27:19,210 - INFO: 282 move(s) completed (1 accepted (0.3546 %)). Current N = 1. Average N = 0.851
2021-03-24 17:27:39,190 - INFO: 283 move(s) completed (1 accepted (0.3534 %)). Current N = 1. Average N = 0.852
2021-03-24 17:27:59,048 - INFO: 284 move(s) completed (1 accepted (0.3521 %)). Current N = 1. Average N = 0.852
2021-03-24 17:28:18,826 - INFO: 285 move(s) completed (1 accepted (0.3509 %)). Current N = 1. Average N = 0.853
2021-03-24 17:28:35,664 - INFO: Move rejected due to water leaving the GCMC sphere
2021-03-24 17:28:39,160 - INFO: 286 move(s) completed (1 accepted (0.3497 %)). Current N = 1. Average N = 0.853
2021-03-24 17:28:56,190 - INFO: Move rejected due to water leaving the GCMC sphere
2021-03-24 17:28:59,557 - INFO: 287 move(s) completed (1 accepted (0.3484 %)). Current N = 1. Average N = 0.854
2021-03-24 17:29:16,867 - INFO: Move rejected due to water leaving the GCMC sphere
2021-03-24 17:29:20,396 - INFO: 288 move(s) completed (1 accepted (0.3472 %)). Current N = 1. Average N = 0.854
2021-03-24 17:29:41,425 - INFO: 289 move(s) completed (1 accepted (0.3460 %)). Current N = 1. Average N = 0.855
2021-03-24 17:29:58,796 - INFO: Move rejected due to water leaving the GCMC sphere
2021-03-24 17:30:02,300 - INFO: 290 move(s) completed (1 accepted (0.3448 %)). Current N = 1. Average N = 0.855
2021-03-24 17:30:22,910 - INFO: 291 move(s) completed (1 accepted (0.3436 %)). Current N = 1. Average N = 0.856
2021-03-24 17:30:40,063 - INFO: Move rejected due to water leaving the GCMC sphere
2021-03-24 17:30:43,499 - INFO: 292 move(s) completed (1 accepted (0.3425 %)). Current N = 1. Average N = 0.856
2021-03-24 17:31:04,538 - INFO: 293 move(s) completed (1 accepted (0.3413 %)). Current N = 1. Average N = 0.857
2021-03-24 17:31:22,036 - INFO: Move rejected due to water leaving the GCMC sphere
2021-03-24 17:31:25,600 - INFO: 294 move(s) completed (1 accepted (0.3401 %)). Current N = 1. Average N = 0.857
2021-03-24 17:31:45,386 - INFO: 295 move(s) completed (1 accepted (0.3390 %)). Current N = 1. Average N = 0.858
2021-03-24 17:32:01,938 - INFO: Move rejected due to water leaving the GCMC sphere
2021-03-24 17:32:05,394 - INFO: 296 move(s) completed (1 accepted (0.3378 %)). Current N = 1. Average N = 0.858
2021-03-24 17:32:22,217 - INFO: Move rejected due to water leaving the GCMC sphere
2021-03-24 17:32:25,832 - INFO: 297 move(s) completed (1 accepted (0.3367 %)). Current N = 1. Average N = 0.859
2021-03-24 17:32:42,480 - INFO: Move rejected due to water leaving the GCMC sphere
2021-03-24 17:32:46,116 - INFO: 298 move(s) completed (1 accepted (0.3356 %)). Current N = 1. Average N = 0.859
2021-03-24 17:33:06,442 - INFO: 299 move(s) completed (1 accepted (0.3344 %)). Current N = 1. Average N = 0.860
2021-03-24 17:33:26,512 - INFO: 300 move(s) completed (1 accepted (0.3333 %)). Current N = 1. Average N = 0.860
2021-03-24 17:33:46,957 - INFO: 301 move(s) completed (1 accepted (0.3322 %)). Current N = 1. Average N = 0.861
2021-03-24 17:34:03,833 - INFO: Move rejected due to water leaving the GCMC sphere
2021-03-24 17:34:07,389 - INFO: 302 move(s) completed (1 accepted (0.3311 %)). Current N = 1. Average N = 0.861
2021-03-24 17:34:24,621 - INFO: Move rejected due to water leaving the GCMC sphere
2021-03-24 17:34:28,016 - INFO: 303 move(s) completed (1 accepted (0.3300 %)). Current N = 1. Average N = 0.861
2021-03-24 17:34:44,790 - INFO: Move rejected due to water leaving the GCMC sphere
2021-03-24 17:34:48,285 - INFO: 304 move(s) completed (1 accepted (0.3289 %)). Current N = 1. Average N = 0.862
2021-03-24 17:35:05,498 - INFO: Move rejected due to water leaving the GCMC sphere
2021-03-24 17:35:08,959 - INFO: 305 move(s) completed (1 accepted (0.3279 %)). Current N = 1. Average N = 0.862
2021-03-24 17:35:29,670 - INFO: 306 move(s) completed (1 accepted (0.3268 %)). Current N = 1. Average N = 0.863
2021-03-24 17:35:46,284 - INFO: Move rejected due to water leaving the GCMC sphere
2021-03-24 17:35:49,787 - INFO: 307 move(s) completed (1 accepted (0.3257 %)). Current N = 1. Average N = 0.863
2021-03-24 17:36:07,011 - INFO: Move rejected due to water leaving the GCMC sphere
2021-03-24 17:36:10,500 - INFO: 308 move(s) completed (1 accepted (0.3247 %)). Current N = 1. Average N = 0.864
2021-03-24 17:36:27,886 - INFO: Move rejected due to water leaving the GCMC sphere
2021-03-24 17:36:31,414 - INFO: 309 move(s) completed (1 accepted (0.3236 %)). Current N = 1. Average N = 0.864
2021-03-24 17:36:49,130 - INFO: Move rejected due to water leaving the GCMC sphere
2021-03-24 17:36:52,549 - INFO: 310 move(s) completed (1 accepted (0.3226 %)). Current N = 1. Average N = 0.865
2021-03-24 17:37:12,554 - INFO: 311 move(s) completed (1 accepted (0.3215 %)). Current N = 1. Average N = 0.865
2021-03-24 17:37:32,726 - INFO: 312 move(s) completed (1 accepted (0.3205 %)). Current N = 1. Average N = 0.865
2021-03-24 17:37:49,334 - INFO: Move rejected due to water leaving the GCMC sphere
2021-03-24 17:37:52,675 - INFO: 313 move(s) completed (1 accepted (0.3195 %)). Current N = 1. Average N = 0.866
2021-03-24 17:38:13,073 - INFO: 314 move(s) completed (1 accepted (0.3185 %)). Current N = 1. Average N = 0.866
2021-03-24 17:38:29,731 - INFO: Move rejected due to water leaving the GCMC sphere
2021-03-24 17:38:33,318 - INFO: 315 move(s) completed (1 accepted (0.3175 %)). Current N = 1. Average N = 0.867
2021-03-24 17:38:53,559 - INFO: 316 move(s) completed (1 accepted (0.3165 %)). Current N = 1. Average N = 0.867
2021-03-24 17:39:13,912 - INFO: 317 move(s) completed (1 accepted (0.3155 %)). Current N = 1. Average N = 0.868
2021-03-24 17:39:30,751 - INFO: Move rejected due to water leaving the GCMC sphere
2021-03-24 17:39:34,309 - INFO: 318 move(s) completed (1 accepted (0.3145 %)). Current N = 1. Average N = 0.868
2021-03-24 17:39:54,630 - INFO: 319 move(s) completed (1 accepted (0.3135 %)). Current N = 1. Average N = 0.868
2021-03-24 17:40:15,093 - INFO: 320 move(s) completed (1 accepted (0.3125 %)). Current N = 1. Average N = 0.869
2021-03-24 17:40:32,020 - INFO: Move rejected due to water leaving the GCMC sphere
2021-03-24 17:40:35,419 - INFO: 321 move(s) completed (1 accepted (0.3115 %)). Current N = 1. Average N = 0.869
2021-03-24 17:40:56,099 - INFO: 322 move(s) completed (1 accepted (0.3106 %)). Current N = 1. Average N = 0.870
2021-03-24 17:41:13,487 - INFO: Move rejected due to water leaving the GCMC sphere
2021-03-24 17:41:17,129 - INFO: 323 move(s) completed (1 accepted (0.3096 %)). Current N = 1. Average N = 0.870
2021-03-24 17:41:34,352 - INFO: Move rejected due to water leaving the GCMC sphere
2021-03-24 17:41:37,895 - INFO: 324 move(s) completed (1 accepted (0.3086 %)). Current N = 1. Average N = 0.870
2021-03-24 17:41:58,968 - INFO: 325 move(s) completed (1 accepted (0.3077 %)). Current N = 1. Average N = 0.871
2021-03-24 17:42:19,547 - INFO: 326 move(s) completed (1 accepted (0.3067 %)). Current N = 1. Average N = 0.871
2021-03-24 17:42:39,653 - INFO: 327 move(s) completed (1 accepted (0.3058 %)). Current N = 1. Average N = 0.872
2021-03-24 17:42:56,320 - INFO: Move rejected due to water leaving the GCMC sphere
2021-03-24 17:42:59,744 - INFO: 328 move(s) completed (1 accepted (0.3049 %)). Current N = 1. Average N = 0.872
2021-03-24 17:43:19,640 - INFO: 329 move(s) completed (1 accepted (0.3040 %)). Current N = 1. Average N = 0.872
2021-03-24 17:43:39,724 - INFO: 330 move(s) completed (1 accepted (0.3030 %)). Current N = 1. Average N = 0.873
2021-03-24 17:43:59,955 - INFO: 331 move(s) completed (1 accepted (0.3021 %)). Current N = 1. Average N = 0.873
2021-03-24 17:44:20,156 - INFO: 332 move(s) completed (1 accepted (0.3012 %)). Current N = 1. Average N = 0.874
2021-03-24 17:44:37,085 - INFO: Move rejected due to water leaving the GCMC sphere
2021-03-24 17:44:40,444 - INFO: 333 move(s) completed (1 accepted (0.3003 %)). Current N = 1. Average N = 0.874
2021-03-24 17:44:57,606 - INFO: Move rejected due to water leaving the GCMC sphere
2021-03-24 17:45:01,316 - INFO: 334 move(s) completed (1 accepted (0.2994 %)). Current N = 1. Average N = 0.874
2021-03-24 17:45:18,358 - INFO: Move rejected due to water leaving the GCMC sphere
2021-03-24 17:45:21,877 - INFO: 335 move(s) completed (1 accepted (0.2985 %)). Current N = 1. Average N = 0.875
2021-03-24 17:45:42,438 - INFO: 336 move(s) completed (1 accepted (0.2976 %)). Current N = 1. Average N = 0.875
2021-03-24 17:46:02,981 - INFO: 337 move(s) completed (1 accepted (0.2967 %)). Current N = 1. Average N = 0.875
2021-03-24 17:46:23,503 - INFO: 338 move(s) completed (1 accepted (0.2959 %)). Current N = 1. Average N = 0.876
2021-03-24 17:46:43,577 - INFO: 339 move(s) completed (1 accepted (0.2950 %)). Current N = 1. Average N = 0.876
2021-03-24 17:47:04,043 - INFO: 340 move(s) completed (1 accepted (0.2941 %)). Current N = 1. Average N = 0.876
2021-03-24 17:47:24,610 - INFO: 341 move(s) completed (1 accepted (0.2933 %)). Current N = 1. Average N = 0.877
2021-03-24 17:47:45,574 - INFO: 342 move(s) completed (1 accepted (0.2924 %)). Current N = 1. Average N = 0.877
2021-03-24 17:48:05,785 - INFO: 343 move(s) completed (1 accepted (0.2915 %)). Current N = 1. Average N = 0.878
2021-03-24 17:48:26,000 - INFO: 344 move(s) completed (1 accepted (0.2907 %)). Current N = 1. Average N = 0.878
2021-03-24 17:48:46,211 - INFO: 345 move(s) completed (1 accepted (0.2899 %)). Current N = 1. Average N = 0.878
2021-03-24 17:49:02,825 - INFO: Move rejected due to water leaving the GCMC sphere
2021-03-24 17:49:06,435 - INFO: 346 move(s) completed (1 accepted (0.2890 %)). Current N = 1. Average N = 0.879
2021-03-24 17:49:23,219 - INFO: Move rejected due to water leaving the GCMC sphere
2021-03-24 17:49:26,552 - INFO: 347 move(s) completed (1 accepted (0.2882 %)). Current N = 1. Average N = 0.879
2021-03-24 17:49:46,311 - INFO: 348 move(s) completed (1 accepted (0.2874 %)). Current N = 1. Average N = 0.879
2021-03-24 17:50:06,246 - INFO: 349 move(s) completed (1 accepted (0.2865 %)). Current N = 1. Average N = 0.880
2021-03-24 17:50:23,233 - INFO: Move rejected due to water leaving the GCMC sphere
2021-03-24 17:50:26,877 - INFO: 350 move(s) completed (1 accepted (0.2857 %)). Current N = 1. Average N = 0.880
2021-03-24 17:50:47,146 - INFO: 351 move(s) completed (1 accepted (0.2849 %)). Current N = 1. Average N = 0.880
2021-03-24 17:51:07,701 - INFO: 352 move(s) completed (1 accepted (0.2841 %)). Current N = 1. Average N = 0.881
2021-03-24 17:51:27,733 - INFO: 353 move(s) completed (1 accepted (0.2833 %)). Current N = 1. Average N = 0.881
2021-03-24 17:51:47,850 - INFO: 354 move(s) completed (1 accepted (0.2825 %)). Current N = 1. Average N = 0.881
2021-03-24 17:52:07,877 - INFO: 355 move(s) completed (1 accepted (0.2817 %)). Current N = 1. Average N = 0.882
2021-03-24 17:52:25,022 - INFO: Move rejected due to water leaving the GCMC sphere
2021-03-24 17:52:28,399 - INFO: 356 move(s) completed (1 accepted (0.2809 %)). Current N = 1. Average N = 0.882
2021-03-24 17:52:49,355 - INFO: 357 move(s) completed (1 accepted (0.2801 %)). Current N = 1. Average N = 0.882
2021-03-24 17:53:06,726 - INFO: Move rejected due to water leaving the GCMC sphere
2021-03-24 17:53:10,092 - INFO: 358 move(s) completed (1 accepted (0.2793 %)). Current N = 1. Average N = 0.883
2021-03-24 17:53:30,400 - INFO: 359 move(s) completed (1 accepted (0.2786 %)). Current N = 1. Average N = 0.883
2021-03-24 17:53:50,587 - INFO: 360 move(s) completed (1 accepted (0.2778 %)). Current N = 1. Average N = 0.883
2021-03-24 17:54:10,379 - INFO: 361 move(s) completed (1 accepted (0.2770 %)). Current N = 1. Average N = 0.884
2021-03-24 17:54:30,404 - INFO: 362 move(s) completed (1 accepted (0.2762 %)). Current N = 1. Average N = 0.884
2021-03-24 17:54:47,016 - INFO: Move rejected due to water leaving the GCMC sphere
2021-03-24 17:54:50,522 - INFO: 363 move(s) completed (1 accepted (0.2755 %)). Current N = 1. Average N = 0.884
2021-03-24 17:55:10,950 - INFO: 364 move(s) completed (1 accepted (0.2747 %)). Current N = 1. Average N = 0.885
2021-03-24 17:55:27,514 - INFO: Move rejected due to water leaving the GCMC sphere
2021-03-24 17:55:31,059 - INFO: 365 move(s) completed (1 accepted (0.2740 %)). Current N = 1. Average N = 0.885
2021-03-24 17:55:47,394 - INFO: Move rejected due to water leaving the GCMC sphere
2021-03-24 17:55:50,883 - INFO: 366 move(s) completed (1 accepted (0.2732 %)). Current N = 1. Average N = 0.885
2021-03-24 17:56:10,903 - INFO: 367 move(s) completed (1 accepted (0.2725 %)). Current N = 1. Average N = 0.886
2021-03-24 17:56:27,996 - INFO: Move rejected due to water leaving the GCMC sphere
2021-03-24 17:56:31,483 - INFO: 368 move(s) completed (1 accepted (0.2717 %)). Current N = 1. Average N = 0.886
2021-03-24 17:56:48,642 - INFO: Move rejected due to water leaving the GCMC sphere
2021-03-24 17:56:52,049 - INFO: 369 move(s) completed (1 accepted (0.2710 %)). Current N = 1. Average N = 0.886
2021-03-24 17:57:08,740 - INFO: Move rejected due to water leaving the GCMC sphere
2021-03-24 17:57:12,155 - INFO: 370 move(s) completed (1 accepted (0.2703 %)). Current N = 1. Average N = 0.886
2021-03-24 17:57:29,508 - INFO: Move rejected due to water leaving the GCMC sphere
2021-03-24 17:57:33,107 - INFO: 371 move(s) completed (1 accepted (0.2695 %)). Current N = 1. Average N = 0.887
