2021-03-26 04:39:21,506 - INFO: kT = 0.5921875708469466 kcal/mol
2021-03-26 04:39:27,006 - INFO: BaseGrandCanonicalMonteCarloSampler object initialised
2021-03-26 04:39:27,006 - INFO: GCMC sphere is based on reference atom IDs: [887, 1837]
2021-03-26 04:39:27,006 - INFO: GCMC sphere radius is 6 A
2021-03-26 04:39:27,007 - INFO: Simulating at an Adams (B) value of -6.888845176169922
2021-03-26 04:39:27,007 - INFO: GCMCSphereSampler object initialised
2021-03-26 04:39:27,007 - INFO: StandardGCMCSphereSampler object initialised
2021-03-26 04:39:41,884 - INFO: 50 move(s) completed (0 accepted (0.0000 %)). Current N = 0. Average N = 0.000
2021-03-26 04:39:49,854 - INFO: 100 move(s) completed (0 accepted (0.0000 %)). Current N = 0. Average N = 0.000
2021-03-26 04:39:57,831 - INFO: 150 move(s) completed (0 accepted (0.0000 %)). Current N = 0. Average N = 0.000
2021-03-26 04:40:05,800 - INFO: 200 move(s) completed (0 accepted (0.0000 %)). Current N = 0. Average N = 0.000
2021-03-26 04:40:13,949 - INFO: 250 move(s) completed (0 accepted (0.0000 %)). Current N = 0. Average N = 0.000
2021-03-26 04:40:21,610 - INFO: 300 move(s) completed (0 accepted (0.0000 %)). Current N = 0. Average N = 0.000
2021-03-26 04:40:30,220 - INFO: 350 move(s) completed (0 accepted (0.0000 %)). Current N = 0. Average N = 0.000
2021-03-26 04:40:37,889 - INFO: 400 move(s) completed (0 accepted (0.0000 %)). Current N = 0. Average N = 0.000
2021-03-26 04:40:46,446 - INFO: 450 move(s) completed (0 accepted (0.0000 %)). Current N = 0. Average N = 0.000
2021-03-26 04:40:55,052 - INFO: 500 move(s) completed (0 accepted (0.0000 %)). Current N = 0. Average N = 0.000
2021-03-26 04:41:03,218 - INFO: 550 move(s) completed (0 accepted (0.0000 %)). Current N = 0. Average N = 0.000
2021-03-26 04:41:11,188 - INFO: 600 move(s) completed (0 accepted (0.0000 %)). Current N = 0. Average N = 0.000
2021-03-26 04:41:19,143 - INFO: 650 move(s) completed (0 accepted (0.0000 %)). Current N = 0. Average N = 0.000
2021-03-26 04:41:27,023 - INFO: 700 move(s) completed (0 accepted (0.0000 %)). Current N = 0. Average N = 0.000
2021-03-26 04:41:35,509 - INFO: 750 move(s) completed (0 accepted (0.0000 %)). Current N = 0. Average N = 0.000
2021-03-26 04:41:43,738 - INFO: 800 move(s) completed (3 accepted (0.3750 %)). Current N = 1. Average N = 0.060
2021-03-26 04:41:52,876 - INFO: 850 move(s) completed (3 accepted (0.3529 %)). Current N = 1. Average N = 0.115
2021-03-26 04:42:01,865 - INFO: 900 move(s) completed (3 accepted (0.3333 %)). Current N = 1. Average N = 0.164
2021-03-26 04:42:10,748 - INFO: 950 move(s) completed (3 accepted (0.3158 %)). Current N = 1. Average N = 0.208
2021-03-26 04:42:19,899 - INFO: 1000 move(s) completed (3 accepted (0.3000 %)). Current N = 1. Average N = 0.248
2021-03-26 04:42:28,804 - INFO: 1050 move(s) completed (3 accepted (0.2857 %)). Current N = 1. Average N = 0.284
2021-03-26 04:42:38,277 - INFO: 1100 move(s) completed (3 accepted (0.2727 %)). Current N = 1. Average N = 0.316
2021-03-26 04:42:47,106 - INFO: 1150 move(s) completed (3 accepted (0.2609 %)). Current N = 1. Average N = 0.346
2021-03-26 04:42:56,388 - INFO: 1200 move(s) completed (3 accepted (0.2500 %)). Current N = 1. Average N = 0.373
2021-03-26 04:43:05,794 - INFO: 1250 move(s) completed (3 accepted (0.2400 %)). Current N = 1. Average N = 0.398
2021-03-26 04:43:14,817 - INFO: 1300 move(s) completed (3 accepted (0.2308 %)). Current N = 1. Average N = 0.421
2021-03-26 04:43:24,264 - INFO: 1350 move(s) completed (4 accepted (0.2963 %)). Current N = 2. Average N = 0.467
2021-03-26 04:43:33,062 - INFO: 1400 move(s) completed (5 accepted (0.3571 %)). Current N = 1. Average N = 0.516
2021-03-26 04:43:42,076 - INFO: 1450 move(s) completed (5 accepted (0.3448 %)). Current N = 1. Average N = 0.533
2021-03-26 04:43:50,661 - INFO: 1500 move(s) completed (5 accepted (0.3333 %)). Current N = 1. Average N = 0.549
2021-03-26 04:43:59,688 - INFO: 1550 move(s) completed (5 accepted (0.3226 %)). Current N = 1. Average N = 0.563
2021-03-26 04:44:08,921 - INFO: 1600 move(s) completed (5 accepted (0.3125 %)). Current N = 1. Average N = 0.577
2021-03-26 04:44:17,942 - INFO: 1650 move(s) completed (5 accepted (0.3030 %)). Current N = 1. Average N = 0.590
2021-03-26 04:44:27,334 - INFO: 1700 move(s) completed (5 accepted (0.2941 %)). Current N = 1. Average N = 0.602
2021-03-26 04:44:36,276 - INFO: 1750 move(s) completed (5 accepted (0.2857 %)). Current N = 1. Average N = 0.613
2021-03-26 04:44:45,276 - INFO: 1800 move(s) completed (5 accepted (0.2778 %)). Current N = 1. Average N = 0.624
2021-03-26 04:44:54,723 - INFO: 1850 move(s) completed (5 accepted (0.2703 %)). Current N = 1. Average N = 0.634
2021-03-26 04:45:03,867 - INFO: 1900 move(s) completed (5 accepted (0.2632 %)). Current N = 1. Average N = 0.644
2021-03-26 04:45:12,973 - INFO: 1950 move(s) completed (5 accepted (0.2564 %)). Current N = 1. Average N = 0.653
2021-03-26 04:45:21,861 - INFO: 2000 move(s) completed (5 accepted (0.2500 %)). Current N = 1. Average N = 0.661
2021-03-26 04:45:31,118 - INFO: 2050 move(s) completed (5 accepted (0.2439 %)). Current N = 1. Average N = 0.670
2021-03-26 04:45:39,877 - INFO: 2100 move(s) completed (5 accepted (0.2381 %)). Current N = 1. Average N = 0.678
2021-03-26 04:45:48,978 - INFO: 2150 move(s) completed (5 accepted (0.2326 %)). Current N = 1. Average N = 0.685
2021-03-26 04:45:58,617 - INFO: 2200 move(s) completed (5 accepted (0.2273 %)). Current N = 1. Average N = 0.692
2021-03-26 04:46:07,199 - INFO: 2250 move(s) completed (7 accepted (0.3111 %)). Current N = 1. Average N = 0.700
2021-03-26 04:46:16,287 - INFO: 2300 move(s) completed (7 accepted (0.3043 %)). Current N = 1. Average N = 0.707
2021-03-26 04:46:25,146 - INFO: 2350 move(s) completed (7 accepted (0.2979 %)). Current N = 1. Average N = 0.713
2021-03-26 04:46:34,387 - INFO: 2400 move(s) completed (7 accepted (0.2917 %)). Current N = 1. Average N = 0.719
2021-03-26 04:46:42,923 - INFO: 2450 move(s) completed (7 accepted (0.2857 %)). Current N = 1. Average N = 0.725
2021-03-26 04:46:52,161 - INFO: 2500 move(s) completed (7 accepted (0.2800 %)). Current N = 1. Average N = 0.730
2021-03-26 04:47:01,674 - INFO: 2550 move(s) completed (7 accepted (0.2745 %)). Current N = 1. Average N = 0.736
2021-03-26 04:47:10,687 - INFO: 2600 move(s) completed (7 accepted (0.2692 %)). Current N = 1. Average N = 0.741
2021-03-26 04:47:20,245 - INFO: 2650 move(s) completed (7 accepted (0.2642 %)). Current N = 1. Average N = 0.746
2021-03-26 04:47:29,113 - INFO: 2700 move(s) completed (7 accepted (0.2593 %)). Current N = 1. Average N = 0.750
2021-03-26 04:47:38,023 - INFO: 2750 move(s) completed (9 accepted (0.3273 %)). Current N = 1. Average N = 0.756
2021-03-26 04:47:47,330 - INFO: 2800 move(s) completed (9 accepted (0.3214 %)). Current N = 1. Average N = 0.760
2021-03-26 04:47:56,411 - INFO: 2850 move(s) completed (9 accepted (0.3158 %)). Current N = 1. Average N = 0.765
2021-03-26 04:48:05,412 - INFO: 2900 move(s) completed (9 accepted (0.3103 %)). Current N = 1. Average N = 0.769
2021-03-26 04:48:14,049 - INFO: 2950 move(s) completed (9 accepted (0.3051 %)). Current N = 1. Average N = 0.772
2021-03-26 04:48:23,308 - INFO: 3000 move(s) completed (9 accepted (0.3000 %)). Current N = 1. Average N = 0.776
2021-03-26 04:48:32,278 - INFO: 3050 move(s) completed (9 accepted (0.2951 %)). Current N = 1. Average N = 0.780
2021-03-26 04:48:41,268 - INFO: 3100 move(s) completed (9 accepted (0.2903 %)). Current N = 1. Average N = 0.783
2021-03-26 04:48:50,879 - INFO: 3150 move(s) completed (9 accepted (0.2857 %)). Current N = 1. Average N = 0.787
2021-03-26 04:49:00,077 - INFO: 3200 move(s) completed (9 accepted (0.2812 %)). Current N = 1. Average N = 0.790
2021-03-26 04:49:09,081 - INFO: 3250 move(s) completed (9 accepted (0.2769 %)). Current N = 1. Average N = 0.793
2021-03-26 04:49:17,697 - INFO: 3300 move(s) completed (9 accepted (0.2727 %)). Current N = 1. Average N = 0.797
2021-03-26 04:49:27,120 - INFO: 3350 move(s) completed (9 accepted (0.2687 %)). Current N = 1. Average N = 0.800
2021-03-26 04:49:36,564 - INFO: 3400 move(s) completed (9 accepted (0.2647 %)). Current N = 1. Average N = 0.803
2021-03-26 04:49:45,576 - INFO: 3450 move(s) completed (9 accepted (0.2609 %)). Current N = 1. Average N = 0.805
2021-03-26 04:49:54,786 - INFO: 3500 move(s) completed (9 accepted (0.2571 %)). Current N = 1. Average N = 0.808
2021-03-26 04:50:03,510 - INFO: 3550 move(s) completed (9 accepted (0.2535 %)). Current N = 1. Average N = 0.811
2021-03-26 04:50:12,535 - INFO: 3600 move(s) completed (9 accepted (0.2500 %)). Current N = 1. Average N = 0.814
2021-03-26 04:50:21,458 - INFO: 3650 move(s) completed (9 accepted (0.2466 %)). Current N = 1. Average N = 0.816
2021-03-26 04:50:30,571 - INFO: 3700 move(s) completed (9 accepted (0.2432 %)). Current N = 1. Average N = 0.819
2021-03-26 04:50:39,764 - INFO: 3750 move(s) completed (9 accepted (0.2400 %)). Current N = 1. Average N = 0.821
2021-03-26 04:50:48,587 - INFO: 3800 move(s) completed (9 accepted (0.2368 %)). Current N = 1. Average N = 0.823
2021-03-26 04:50:57,987 - INFO: 3850 move(s) completed (9 accepted (0.2338 %)). Current N = 1. Average N = 0.826
2021-03-26 04:51:06,860 - INFO: 3900 move(s) completed (9 accepted (0.2308 %)). Current N = 1. Average N = 0.828
2021-03-26 04:51:16,110 - INFO: 3950 move(s) completed (9 accepted (0.2278 %)). Current N = 1. Average N = 0.830
2021-03-26 04:51:25,627 - INFO: 4000 move(s) completed (9 accepted (0.2250 %)). Current N = 1. Average N = 0.832
2021-03-26 04:51:34,548 - INFO: 4050 move(s) completed (9 accepted (0.2222 %)). Current N = 1. Average N = 0.834
2021-03-26 04:51:43,831 - INFO: 4100 move(s) completed (9 accepted (0.2195 %)). Current N = 1. Average N = 0.836
2021-03-26 04:51:52,800 - INFO: 4150 move(s) completed (9 accepted (0.2169 %)). Current N = 1. Average N = 0.838
2021-03-26 04:52:01,949 - INFO: 4200 move(s) completed (9 accepted (0.2143 %)). Current N = 1. Average N = 0.840
2021-03-26 04:52:11,505 - INFO: 4250 move(s) completed (9 accepted (0.2118 %)). Current N = 1. Average N = 0.842
2021-03-26 04:52:20,499 - INFO: 4300 move(s) completed (9 accepted (0.2093 %)). Current N = 1. Average N = 0.844
2021-03-26 04:52:29,786 - INFO: 4350 move(s) completed (9 accepted (0.2069 %)). Current N = 1. Average N = 0.846
2021-03-26 04:52:38,814 - INFO: 4400 move(s) completed (9 accepted (0.2045 %)). Current N = 1. Average N = 0.848
2021-03-26 04:52:48,014 - INFO: 4450 move(s) completed (9 accepted (0.2022 %)). Current N = 1. Average N = 0.849
2021-03-26 04:52:57,597 - INFO: 4500 move(s) completed (9 accepted (0.2000 %)). Current N = 1. Average N = 0.851
2021-03-26 04:53:06,616 - INFO: 4550 move(s) completed (9 accepted (0.1978 %)). Current N = 1. Average N = 0.853
2021-03-26 04:53:15,794 - INFO: 4600 move(s) completed (9 accepted (0.1957 %)). Current N = 1. Average N = 0.854
2021-03-26 04:53:24,571 - INFO: 4650 move(s) completed (9 accepted (0.1935 %)). Current N = 1. Average N = 0.856
2021-03-26 04:53:33,659 - INFO: 4700 move(s) completed (9 accepted (0.1915 %)). Current N = 1. Average N = 0.857
2021-03-26 04:53:42,111 - INFO: 4750 move(s) completed (9 accepted (0.1895 %)). Current N = 1. Average N = 0.859
2021-03-26 04:53:51,107 - INFO: 4800 move(s) completed (9 accepted (0.1875 %)). Current N = 1. Average N = 0.860
2021-03-26 04:54:00,585 - INFO: 4850 move(s) completed (9 accepted (0.1856 %)). Current N = 1. Average N = 0.862
2021-03-26 04:54:09,140 - INFO: 4900 move(s) completed (9 accepted (0.1837 %)). Current N = 1. Average N = 0.863
2021-03-26 04:54:18,812 - INFO: 4950 move(s) completed (9 accepted (0.1818 %)). Current N = 1. Average N = 0.864
2021-03-26 04:54:27,711 - INFO: 5000 move(s) completed (9 accepted (0.1800 %)). Current N = 1. Average N = 0.866
2021-03-26 04:54:36,973 - INFO: 5050 move(s) completed (9 accepted (0.1782 %)). Current N = 1. Average N = 0.867
2021-03-26 04:54:46,365 - INFO: 5100 move(s) completed (9 accepted (0.1765 %)). Current N = 1. Average N = 0.868
2021-03-26 04:54:55,516 - INFO: 5150 move(s) completed (10 accepted (0.1942 %)). Current N = 2. Average N = 0.872
2021-03-26 04:55:04,783 - INFO: 5200 move(s) completed (10 accepted (0.1923 %)). Current N = 2. Average N = 0.883
2021-03-26 04:55:13,718 - INFO: 5250 move(s) completed (10 accepted (0.1905 %)). Current N = 2. Average N = 0.894
2021-03-26 04:55:23,035 - INFO: 5300 move(s) completed (11 accepted (0.2075 %)). Current N = 1. Average N = 0.900
2021-03-26 04:55:31,738 - INFO: 5350 move(s) completed (11 accepted (0.2056 %)). Current N = 1. Average N = 0.901
2021-03-26 04:55:40,779 - INFO: 5400 move(s) completed (11 accepted (0.2037 %)). Current N = 1. Average N = 0.902
2021-03-26 04:55:50,046 - INFO: 5450 move(s) completed (11 accepted (0.2018 %)). Current N = 1. Average N = 0.903
2021-03-26 04:55:58,922 - INFO: 5500 move(s) completed (11 accepted (0.2000 %)). Current N = 1. Average N = 0.904
2021-03-26 04:56:08,198 - INFO: 5550 move(s) completed (11 accepted (0.1982 %)). Current N = 1. Average N = 0.905
2021-03-26 04:56:16,984 - INFO: 5600 move(s) completed (11 accepted (0.1964 %)). Current N = 1. Average N = 0.906
2021-03-26 04:56:26,198 - INFO: 5650 move(s) completed (11 accepted (0.1947 %)). Current N = 1. Average N = 0.906
2021-03-26 04:56:35,563 - INFO: 5700 move(s) completed (11 accepted (0.1930 %)). Current N = 1. Average N = 0.907
2021-03-26 04:56:44,406 - INFO: 5750 move(s) completed (11 accepted (0.1913 %)). Current N = 1. Average N = 0.908
2021-03-26 04:56:53,517 - INFO: 5800 move(s) completed (11 accepted (0.1897 %)). Current N = 1. Average N = 0.909
2021-03-26 04:57:02,232 - INFO: 5850 move(s) completed (11 accepted (0.1880 %)). Current N = 1. Average N = 0.910
2021-03-26 04:57:11,308 - INFO: 5900 move(s) completed (13 accepted (0.2203 %)). Current N = 1. Average N = 0.911
2021-03-26 04:57:20,811 - INFO: 5950 move(s) completed (13 accepted (0.2185 %)). Current N = 1. Average N = 0.911
2021-03-26 04:57:29,592 - INFO: 6000 move(s) completed (13 accepted (0.2167 %)). Current N = 1. Average N = 0.912
2021-03-26 04:57:38,724 - INFO: 6050 move(s) completed (13 accepted (0.2149 %)). Current N = 1. Average N = 0.913
2021-03-26 04:57:47,697 - INFO: 6100 move(s) completed (15 accepted (0.2459 %)). Current N = 1. Average N = 0.914
2021-03-26 04:57:56,823 - INFO: 6150 move(s) completed (15 accepted (0.2439 %)). Current N = 1. Average N = 0.915
2021-03-26 04:58:05,472 - INFO: 6200 move(s) completed (15 accepted (0.2419 %)). Current N = 1. Average N = 0.915
2021-03-26 04:58:14,712 - INFO: 6250 move(s) completed (15 accepted (0.2400 %)). Current N = 1. Average N = 0.916
2021-03-26 04:58:23,378 - INFO: 6300 move(s) completed (15 accepted (0.2381 %)). Current N = 1. Average N = 0.917
2021-03-26 04:58:32,280 - INFO: 6350 move(s) completed (15 accepted (0.2362 %)). Current N = 1. Average N = 0.917
2021-03-26 04:58:41,832 - INFO: 6400 move(s) completed (15 accepted (0.2344 %)). Current N = 1. Average N = 0.918
2021-03-26 04:58:50,878 - INFO: 6450 move(s) completed (15 accepted (0.2326 %)). Current N = 1. Average N = 0.919
2021-03-26 04:59:00,096 - INFO: 6500 move(s) completed (15 accepted (0.2308 %)). Current N = 1. Average N = 0.919
2021-03-26 04:59:08,925 - INFO: 6550 move(s) completed (15 accepted (0.2290 %)). Current N = 1. Average N = 0.920
2021-03-26 04:59:18,170 - INFO: 6600 move(s) completed (15 accepted (0.2273 %)). Current N = 1. Average N = 0.921
2021-03-26 04:59:27,592 - INFO: 6650 move(s) completed (15 accepted (0.2256 %)). Current N = 1. Average N = 0.921
2021-03-26 04:59:36,749 - INFO: 6700 move(s) completed (15 accepted (0.2239 %)). Current N = 1. Average N = 0.922
2021-03-26 04:59:46,089 - INFO: 6750 move(s) completed (15 accepted (0.2222 %)). Current N = 1. Average N = 0.922
2021-03-26 04:59:54,758 - INFO: 6800 move(s) completed (15 accepted (0.2206 %)). Current N = 1. Average N = 0.923
2021-03-26 05:00:03,980 - INFO: 6850 move(s) completed (15 accepted (0.2190 %)). Current N = 1. Average N = 0.923
2021-03-26 05:00:12,697 - INFO: 6900 move(s) completed (15 accepted (0.2174 %)). Current N = 1. Average N = 0.924
2021-03-26 05:00:21,929 - INFO: 6950 move(s) completed (15 accepted (0.2158 %)). Current N = 1. Average N = 0.925
2021-03-26 05:00:31,314 - INFO: 7000 move(s) completed (15 accepted (0.2143 %)). Current N = 1. Average N = 0.925
2021-03-26 05:00:40,172 - INFO: 7050 move(s) completed (15 accepted (0.2128 %)). Current N = 1. Average N = 0.926
2021-03-26 05:00:49,335 - INFO: 7100 move(s) completed (15 accepted (0.2113 %)). Current N = 1. Average N = 0.926
2021-03-26 05:00:57,899 - INFO: 7150 move(s) completed (15 accepted (0.2098 %)). Current N = 1. Average N = 0.927
2021-03-26 05:01:07,124 - INFO: 7200 move(s) completed (15 accepted (0.2083 %)). Current N = 1. Average N = 0.927
2021-03-26 05:01:16,642 - INFO: 7250 move(s) completed (15 accepted (0.2069 %)). Current N = 1. Average N = 0.928
2021-03-26 05:01:25,809 - INFO: 7300 move(s) completed (15 accepted (0.2055 %)). Current N = 1. Average N = 0.928
2021-03-26 05:01:34,884 - INFO: 7350 move(s) completed (15 accepted (0.2041 %)). Current N = 1. Average N = 0.929
2021-03-26 05:01:43,994 - INFO: 7400 move(s) completed (15 accepted (0.2027 %)). Current N = 1. Average N = 0.929
2021-03-26 05:01:53,126 - INFO: 7450 move(s) completed (15 accepted (0.2013 %)). Current N = 1. Average N = 0.930
2021-03-26 05:02:02,295 - INFO: 7500 move(s) completed (15 accepted (0.2000 %)). Current N = 1. Average N = 0.930
2021-03-26 05:02:11,493 - INFO: 7550 move(s) completed (15 accepted (0.1987 %)). Current N = 1. Average N = 0.931
2021-03-26 05:02:20,712 - INFO: 7600 move(s) completed (15 accepted (0.1974 %)). Current N = 1. Average N = 0.931
2021-03-26 05:02:29,499 - INFO: 7650 move(s) completed (15 accepted (0.1961 %)). Current N = 1. Average N = 0.931
2021-03-26 05:02:38,769 - INFO: 7700 move(s) completed (15 accepted (0.1948 %)). Current N = 1. Average N = 0.932
2021-03-26 05:02:47,928 - INFO: 7750 move(s) completed (15 accepted (0.1935 %)). Current N = 1. Average N = 0.932
2021-03-26 05:02:56,726 - INFO: 7800 move(s) completed (15 accepted (0.1923 %)). Current N = 1. Average N = 0.933
2021-03-26 05:03:06,091 - INFO: 7850 move(s) completed (15 accepted (0.1911 %)). Current N = 1. Average N = 0.933
2021-03-26 05:03:15,152 - INFO: 7900 move(s) completed (15 accepted (0.1899 %)). Current N = 1. Average N = 0.934
2021-03-26 05:03:24,295 - INFO: 7950 move(s) completed (15 accepted (0.1887 %)). Current N = 1. Average N = 0.934
2021-03-26 05:03:33,003 - INFO: 8000 move(s) completed (15 accepted (0.1875 %)). Current N = 1. Average N = 0.934
2021-03-26 05:03:42,230 - INFO: 8050 move(s) completed (15 accepted (0.1863 %)). Current N = 1. Average N = 0.935
2021-03-26 05:03:51,622 - INFO: 8100 move(s) completed (15 accepted (0.1852 %)). Current N = 1. Average N = 0.935
2021-03-26 05:04:00,694 - INFO: 8150 move(s) completed (15 accepted (0.1840 %)). Current N = 1. Average N = 0.936
2021-03-26 05:04:10,017 - INFO: 8200 move(s) completed (15 accepted (0.1829 %)). Current N = 1. Average N = 0.936
2021-03-26 05:04:18,566 - INFO: 8250 move(s) completed (15 accepted (0.1818 %)). Current N = 1. Average N = 0.936
2021-03-26 05:04:27,852 - INFO: 8300 move(s) completed (15 accepted (0.1807 %)). Current N = 1. Average N = 0.937
2021-03-26 05:04:37,265 - INFO: 8350 move(s) completed (15 accepted (0.1796 %)). Current N = 1. Average N = 0.937
2021-03-26 05:04:46,111 - INFO: 8400 move(s) completed (15 accepted (0.1786 %)). Current N = 1. Average N = 0.938
2021-03-26 05:04:55,404 - INFO: 8450 move(s) completed (15 accepted (0.1775 %)). Current N = 1. Average N = 0.938
2021-03-26 05:05:04,323 - INFO: 8500 move(s) completed (15 accepted (0.1765 %)). Current N = 1. Average N = 0.938
2021-03-26 05:05:13,570 - INFO: 8550 move(s) completed (15 accepted (0.1754 %)). Current N = 1. Average N = 0.939
2021-03-26 05:05:21,886 - INFO: 8600 move(s) completed (15 accepted (0.1744 %)). Current N = 1. Average N = 0.939
2021-03-26 05:05:31,099 - INFO: 8650 move(s) completed (15 accepted (0.1734 %)). Current N = 1. Average N = 0.939
2021-03-26 05:05:40,689 - INFO: 8700 move(s) completed (15 accepted (0.1724 %)). Current N = 1. Average N = 0.940
2021-03-26 05:05:49,380 - INFO: 8750 move(s) completed (15 accepted (0.1714 %)). Current N = 1. Average N = 0.940
2021-03-26 05:05:58,654 - INFO: 8800 move(s) completed (15 accepted (0.1705 %)). Current N = 1. Average N = 0.941
2021-03-26 05:06:07,665 - INFO: 8850 move(s) completed (15 accepted (0.1695 %)). Current N = 1. Average N = 0.941
2021-03-26 05:06:16,656 - INFO: 8900 move(s) completed (15 accepted (0.1685 %)). Current N = 1. Average N = 0.941
2021-03-26 05:06:25,963 - INFO: 8950 move(s) completed (15 accepted (0.1676 %)). Current N = 1. Average N = 0.942
2021-03-26 05:06:35,111 - INFO: 9000 move(s) completed (15 accepted (0.1667 %)). Current N = 1. Average N = 0.942
2021-03-26 05:06:44,459 - INFO: 9050 move(s) completed (15 accepted (0.1657 %)). Current N = 1. Average N = 0.942
2021-03-26 05:06:53,418 - INFO: 9100 move(s) completed (15 accepted (0.1648 %)). Current N = 1. Average N = 0.942
2021-03-26 05:07:02,809 - INFO: 9150 move(s) completed (15 accepted (0.1639 %)). Current N = 1. Average N = 0.943
2021-03-26 05:07:11,561 - INFO: 9200 move(s) completed (15 accepted (0.1630 %)). Current N = 1. Average N = 0.943
2021-03-26 05:07:20,401 - INFO: 9250 move(s) completed (15 accepted (0.1622 %)). Current N = 1. Average N = 0.943
2021-03-26 05:07:29,988 - INFO: 9300 move(s) completed (15 accepted (0.1613 %)). Current N = 1. Average N = 0.944
2021-03-26 05:07:38,834 - INFO: 9350 move(s) completed (15 accepted (0.1604 %)). Current N = 1. Average N = 0.944
2021-03-26 05:07:48,099 - INFO: 9400 move(s) completed (15 accepted (0.1596 %)). Current N = 1. Average N = 0.944
2021-03-26 05:07:56,766 - INFO: 9450 move(s) completed (15 accepted (0.1587 %)). Current N = 1. Average N = 0.945
2021-03-26 05:08:06,051 - INFO: 9500 move(s) completed (16 accepted (0.1684 %)). Current N = 2. Average N = 0.946
2021-03-26 05:08:15,225 - INFO: 9550 move(s) completed (19 accepted (0.1990 %)). Current N = 1. Average N = 0.947
2021-03-26 05:08:23,878 - INFO: 9600 move(s) completed (19 accepted (0.1979 %)). Current N = 1. Average N = 0.947
2021-03-26 05:08:33,338 - INFO: 9650 move(s) completed (19 accepted (0.1969 %)). Current N = 1. Average N = 0.948
2021-03-26 05:08:42,523 - INFO: 9700 move(s) completed (19 accepted (0.1959 %)). Current N = 1. Average N = 0.948
2021-03-26 05:08:51,613 - INFO: 9750 move(s) completed (19 accepted (0.1949 %)). Current N = 1. Average N = 0.948
2021-03-26 05:09:00,339 - INFO: 9800 move(s) completed (19 accepted (0.1939 %)). Current N = 1. Average N = 0.948
2021-03-26 05:09:09,601 - INFO: 9850 move(s) completed (19 accepted (0.1929 %)). Current N = 1. Average N = 0.949
2021-03-26 05:09:19,009 - INFO: 9900 move(s) completed (19 accepted (0.1919 %)). Current N = 1. Average N = 0.949
2021-03-26 05:09:28,073 - INFO: 9950 move(s) completed (19 accepted (0.1910 %)). Current N = 1. Average N = 0.949
2021-03-26 05:09:37,387 - INFO: 10000 move(s) completed (19 accepted (0.1900 %)). Current N = 1. Average N = 0.949
2021-03-26 05:09:45,771 - INFO: 10050 move(s) completed (19 accepted (0.1891 %)). Current N = 1. Average N = 0.950
2021-03-26 05:09:54,940 - INFO: 10100 move(s) completed (19 accepted (0.1881 %)). Current N = 1. Average N = 0.950
2021-03-26 05:10:03,946 - INFO: 10150 move(s) completed (19 accepted (0.1872 %)). Current N = 1. Average N = 0.950
2021-03-26 05:10:12,751 - INFO: 10200 move(s) completed (19 accepted (0.1863 %)). Current N = 1. Average N = 0.950
2021-03-26 05:10:22,021 - INFO: 10250 move(s) completed (19 accepted (0.1854 %)). Current N = 1. Average N = 0.951
2021-03-26 05:10:31,216 - INFO: 10300 move(s) completed (19 accepted (0.1845 %)). Current N = 1. Average N = 0.951
2021-03-26 05:10:40,498 - INFO: 10350 move(s) completed (19 accepted (0.1836 %)). Current N = 1. Average N = 0.951
2021-03-26 05:10:49,220 - INFO: 10400 move(s) completed (19 accepted (0.1827 %)). Current N = 1. Average N = 0.951
2021-03-26 05:10:58,569 - INFO: 10450 move(s) completed (19 accepted (0.1818 %)). Current N = 1. Average N = 0.952
2021-03-26 05:11:07,307 - INFO: 10500 move(s) completed (19 accepted (0.1810 %)). Current N = 1. Average N = 0.952
2021-03-26 05:11:16,313 - INFO: 10550 move(s) completed (19 accepted (0.1801 %)). Current N = 1. Average N = 0.952
2021-03-26 05:11:25,612 - INFO: 10600 move(s) completed (19 accepted (0.1792 %)). Current N = 1. Average N = 0.952
2021-03-26 05:11:34,648 - INFO: 10650 move(s) completed (19 accepted (0.1784 %)). Current N = 1. Average N = 0.953
2021-03-26 05:11:43,728 - INFO: 10700 move(s) completed (19 accepted (0.1776 %)). Current N = 1. Average N = 0.953
2021-03-26 05:11:52,388 - INFO: 10750 move(s) completed (19 accepted (0.1767 %)). Current N = 1. Average N = 0.953
2021-03-26 05:12:01,529 - INFO: 10800 move(s) completed (19 accepted (0.1759 %)). Current N = 1. Average N = 0.953
2021-03-26 05:12:10,897 - INFO: 10850 move(s) completed (19 accepted (0.1751 %)). Current N = 1. Average N = 0.953
2021-03-26 05:12:19,869 - INFO: 10900 move(s) completed (19 accepted (0.1743 %)). Current N = 1. Average N = 0.954
2021-03-26 05:12:29,252 - INFO: 10950 move(s) completed (19 accepted (0.1735 %)). Current N = 1. Average N = 0.954
2021-03-26 05:12:38,138 - INFO: 11000 move(s) completed (19 accepted (0.1727 %)). Current N = 1. Average N = 0.954
2021-03-26 05:12:47,255 - INFO: 11050 move(s) completed (19 accepted (0.1719 %)). Current N = 1. Average N = 0.954
2021-03-26 05:12:56,982 - INFO: 11100 move(s) completed (19 accepted (0.1712 %)). Current N = 1. Average N = 0.954
2021-03-26 05:13:05,855 - INFO: 11150 move(s) completed (19 accepted (0.1704 %)). Current N = 1. Average N = 0.955
2021-03-26 05:13:14,989 - INFO: 11200 move(s) completed (19 accepted (0.1696 %)). Current N = 1. Average N = 0.955
2021-03-26 05:13:23,927 - INFO: 11250 move(s) completed (19 accepted (0.1689 %)). Current N = 1. Average N = 0.955
2021-03-26 05:13:32,938 - INFO: 11300 move(s) completed (19 accepted (0.1681 %)). Current N = 1. Average N = 0.955
2021-03-26 05:13:41,492 - INFO: 11350 move(s) completed (19 accepted (0.1674 %)). Current N = 1. Average N = 0.955
2021-03-26 05:13:50,617 - INFO: 11400 move(s) completed (19 accepted (0.1667 %)). Current N = 1. Average N = 0.956
2021-03-26 05:14:00,229 - INFO: 11450 move(s) completed (19 accepted (0.1659 %)). Current N = 1. Average N = 0.956
2021-03-26 05:14:09,044 - INFO: 11500 move(s) completed (19 accepted (0.1652 %)). Current N = 1. Average N = 0.956
2021-03-26 05:14:17,810 - INFO: 11550 move(s) completed (19 accepted (0.1645 %)). Current N = 1. Average N = 0.956
2021-03-26 05:14:26,634 - INFO: 11600 move(s) completed (19 accepted (0.1638 %)). Current N = 1. Average N = 0.956
2021-03-26 05:14:35,797 - INFO: 11650 move(s) completed (19 accepted (0.1631 %)). Current N = 1. Average N = 0.957
2021-03-26 05:14:44,362 - INFO: 11700 move(s) completed (19 accepted (0.1624 %)). Current N = 1. Average N = 0.957
2021-03-26 05:14:53,570 - INFO: 11750 move(s) completed (19 accepted (0.1617 %)). Current N = 1. Average N = 0.957
2021-03-26 05:15:03,011 - INFO: 11800 move(s) completed (19 accepted (0.1610 %)). Current N = 1. Average N = 0.957
2021-03-26 05:15:11,811 - INFO: 11850 move(s) completed (19 accepted (0.1603 %)). Current N = 1. Average N = 0.957
2021-03-26 05:15:20,837 - INFO: 11900 move(s) completed (19 accepted (0.1597 %)). Current N = 1. Average N = 0.958
2021-03-26 05:15:29,753 - INFO: 11950 move(s) completed (19 accepted (0.1590 %)). Current N = 1. Average N = 0.958
2021-03-26 05:15:38,882 - INFO: 12000 move(s) completed (19 accepted (0.1583 %)). Current N = 1. Average N = 0.958
2021-03-26 05:15:48,214 - INFO: 12050 move(s) completed (19 accepted (0.1577 %)). Current N = 1. Average N = 0.958
2021-03-26 05:15:57,345 - INFO: 12100 move(s) completed (19 accepted (0.1570 %)). Current N = 1. Average N = 0.958
2021-03-26 05:16:06,756 - INFO: 12150 move(s) completed (19 accepted (0.1564 %)). Current N = 1. Average N = 0.958
2021-03-26 05:16:15,565 - INFO: 12200 move(s) completed (19 accepted (0.1557 %)). Current N = 1. Average N = 0.959
2021-03-26 05:16:24,725 - INFO: 12250 move(s) completed (19 accepted (0.1551 %)). Current N = 1. Average N = 0.959
2021-03-26 05:16:33,410 - INFO: 12300 move(s) completed (19 accepted (0.1545 %)). Current N = 1. Average N = 0.959
2021-03-26 05:16:42,383 - INFO: 12350 move(s) completed (19 accepted (0.1538 %)). Current N = 1. Average N = 0.959
2021-03-26 05:16:51,785 - INFO: 12400 move(s) completed (19 accepted (0.1532 %)). Current N = 1. Average N = 0.959
2021-03-26 05:17:00,976 - INFO: 12450 move(s) completed (19 accepted (0.1526 %)). Current N = 1. Average N = 0.959
2021-03-26 05:17:10,217 - INFO: 12500 move(s) completed (19 accepted (0.1520 %)). Current N = 1. Average N = 0.960
2021-03-26 05:17:18,899 - INFO: 12550 move(s) completed (19 accepted (0.1514 %)). Current N = 1. Average N = 0.960
2021-03-26 05:17:28,160 - INFO: 12600 move(s) completed (19 accepted (0.1508 %)). Current N = 1. Average N = 0.960
2021-03-26 05:17:36,797 - INFO: 12650 move(s) completed (19 accepted (0.1502 %)). Current N = 1. Average N = 0.960
2021-03-26 05:17:45,626 - INFO: 12700 move(s) completed (19 accepted (0.1496 %)). Current N = 1. Average N = 0.960
2021-03-26 05:17:55,138 - INFO: 12750 move(s) completed (19 accepted (0.1490 %)). Current N = 1. Average N = 0.960
2021-03-26 05:18:04,058 - INFO: 12800 move(s) completed (19 accepted (0.1484 %)). Current N = 1. Average N = 0.961
2021-03-26 05:18:13,003 - INFO: 12850 move(s) completed (19 accepted (0.1479 %)). Current N = 1. Average N = 0.961
2021-03-26 05:18:21,804 - INFO: 12900 move(s) completed (19 accepted (0.1473 %)). Current N = 1. Average N = 0.961
2021-03-26 05:18:30,896 - INFO: 12950 move(s) completed (19 accepted (0.1467 %)). Current N = 1. Average N = 0.961
2021-03-26 05:18:40,226 - INFO: 13000 move(s) completed (19 accepted (0.1462 %)). Current N = 1. Average N = 0.961
2021-03-26 05:18:49,358 - INFO: 13050 move(s) completed (19 accepted (0.1456 %)). Current N = 1. Average N = 0.961
2021-03-26 05:18:58,644 - INFO: 13100 move(s) completed (19 accepted (0.1450 %)). Current N = 1. Average N = 0.961
2021-03-26 05:19:07,202 - INFO: 13150 move(s) completed (19 accepted (0.1445 %)). Current N = 1. Average N = 0.962
2021-03-26 05:19:16,311 - INFO: 13200 move(s) completed (19 accepted (0.1439 %)). Current N = 1. Average N = 0.962
2021-03-26 05:19:25,300 - INFO: 13250 move(s) completed (19 accepted (0.1434 %)). Current N = 1. Average N = 0.962
2021-03-26 05:19:34,282 - INFO: 13300 move(s) completed (19 accepted (0.1429 %)). Current N = 1. Average N = 0.962
2021-03-26 05:19:43,369 - INFO: 13350 move(s) completed (19 accepted (0.1423 %)). Current N = 1. Average N = 0.962
2021-03-26 05:19:52,316 - INFO: 13400 move(s) completed (19 accepted (0.1418 %)). Current N = 1. Average N = 0.962
2021-03-26 05:20:01,829 - INFO: 13450 move(s) completed (19 accepted (0.1413 %)). Current N = 1. Average N = 0.962
2021-03-26 05:20:10,635 - INFO: 13500 move(s) completed (19 accepted (0.1407 %)). Current N = 1. Average N = 0.963
2021-03-26 05:20:19,963 - INFO: 13550 move(s) completed (19 accepted (0.1402 %)). Current N = 1. Average N = 0.963
2021-03-26 05:20:28,734 - INFO: 13600 move(s) completed (19 accepted (0.1397 %)). Current N = 1. Average N = 0.963
2021-03-26 05:20:37,793 - INFO: 13650 move(s) completed (19 accepted (0.1392 %)). Current N = 1. Average N = 0.963
2021-03-26 05:20:47,165 - INFO: 13700 move(s) completed (19 accepted (0.1387 %)). Current N = 1. Average N = 0.963
2021-03-26 05:20:56,272 - INFO: 13750 move(s) completed (19 accepted (0.1382 %)). Current N = 1. Average N = 0.963
2021-03-26 05:21:05,491 - INFO: 13800 move(s) completed (19 accepted (0.1377 %)). Current N = 1. Average N = 0.963
2021-03-26 05:21:14,183 - INFO: 13850 move(s) completed (19 accepted (0.1372 %)). Current N = 1. Average N = 0.964
2021-03-26 05:21:23,538 - INFO: 13900 move(s) completed (19 accepted (0.1367 %)). Current N = 1. Average N = 0.964
2021-03-26 05:21:32,998 - INFO: 13950 move(s) completed (19 accepted (0.1362 %)). Current N = 1. Average N = 0.964
2021-03-26 05:21:42,150 - INFO: 14000 move(s) completed (19 accepted (0.1357 %)). Current N = 1. Average N = 0.964
2021-03-26 05:21:51,475 - INFO: 14050 move(s) completed (19 accepted (0.1352 %)). Current N = 1. Average N = 0.964
2021-03-26 05:22:00,435 - INFO: 14100 move(s) completed (19 accepted (0.1348 %)). Current N = 1. Average N = 0.964
2021-03-26 05:22:09,464 - INFO: 14150 move(s) completed (19 accepted (0.1343 %)). Current N = 1. Average N = 0.964
2021-03-26 05:22:19,180 - INFO: 14200 move(s) completed (19 accepted (0.1338 %)). Current N = 1. Average N = 0.964
2021-03-26 05:22:28,062 - INFO: 14250 move(s) completed (19 accepted (0.1333 %)). Current N = 1. Average N = 0.965
2021-03-26 05:22:37,217 - INFO: 14300 move(s) completed (19 accepted (0.1329 %)). Current N = 1. Average N = 0.965
2021-03-26 05:22:45,958 - INFO: 14350 move(s) completed (19 accepted (0.1324 %)). Current N = 1. Average N = 0.965
2021-03-26 05:22:55,326 - INFO: 14400 move(s) completed (19 accepted (0.1319 %)). Current N = 1. Average N = 0.965
2021-03-26 05:23:03,854 - INFO: 14450 move(s) completed (19 accepted (0.1315 %)). Current N = 1. Average N = 0.965
2021-03-26 05:23:12,936 - INFO: 14500 move(s) completed (19 accepted (0.1310 %)). Current N = 1. Average N = 0.965
2021-03-26 05:23:22,523 - INFO: 14550 move(s) completed (19 accepted (0.1306 %)). Current N = 1. Average N = 0.965
2021-03-26 05:23:31,415 - INFO: 14600 move(s) completed (19 accepted (0.1301 %)). Current N = 1. Average N = 0.965
2021-03-26 05:23:40,523 - INFO: 14650 move(s) completed (19 accepted (0.1297 %)). Current N = 1. Average N = 0.966
2021-03-26 05:23:49,370 - INFO: 14700 move(s) completed (19 accepted (0.1293 %)). Current N = 1. Average N = 0.966
2021-03-26 05:23:58,451 - INFO: 14750 move(s) completed (21 accepted (0.1424 %)). Current N = 1. Average N = 0.967
2021-03-26 05:24:07,768 - INFO: 14800 move(s) completed (21 accepted (0.1419 %)). Current N = 1. Average N = 0.967
2021-03-26 05:24:16,660 - INFO: 14850 move(s) completed (21 accepted (0.1414 %)). Current N = 1. Average N = 0.967
2021-03-26 05:24:25,975 - INFO: 14900 move(s) completed (21 accepted (0.1409 %)). Current N = 1. Average N = 0.967
2021-03-26 05:24:34,383 - INFO: 14950 move(s) completed (21 accepted (0.1405 %)). Current N = 1. Average N = 0.967
2021-03-26 05:24:43,512 - INFO: 15000 move(s) completed (21 accepted (0.1400 %)). Current N = 1. Average N = 0.968
2021-03-26 05:24:52,965 - INFO: 15050 move(s) completed (21 accepted (0.1395 %)). Current N = 1. Average N = 0.968
2021-03-26 05:25:01,803 - INFO: 15100 move(s) completed (21 accepted (0.1391 %)). Current N = 1. Average N = 0.968
2021-03-26 05:25:10,939 - INFO: 15150 move(s) completed (21 accepted (0.1386 %)). Current N = 1. Average N = 0.968
2021-03-26 05:25:19,714 - INFO: 15200 move(s) completed (21 accepted (0.1382 %)). Current N = 1. Average N = 0.968
2021-03-26 05:25:28,823 - INFO: 15250 move(s) completed (21 accepted (0.1377 %)). Current N = 1. Average N = 0.968
2021-03-26 05:25:37,992 - INFO: 15300 move(s) completed (21 accepted (0.1373 %)). Current N = 1. Average N = 0.968
2021-03-26 05:25:47,091 - INFO: 15350 move(s) completed (21 accepted (0.1368 %)). Current N = 1. Average N = 0.968
2021-03-26 05:25:56,430 - INFO: 15400 move(s) completed (21 accepted (0.1364 %)). Current N = 1. Average N = 0.968
2021-03-26 05:26:04,964 - INFO: 15450 move(s) completed (21 accepted (0.1359 %)). Current N = 1. Average N = 0.968
2021-03-26 05:26:14,115 - INFO: 15500 move(s) completed (21 accepted (0.1355 %)). Current N = 1. Average N = 0.969
2021-03-26 05:26:23,632 - INFO: 15550 move(s) completed (21 accepted (0.1350 %)). Current N = 1. Average N = 0.969
2021-03-26 05:26:32,531 - INFO: 15600 move(s) completed (21 accepted (0.1346 %)). Current N = 1. Average N = 0.969
2021-03-26 05:26:41,726 - INFO: 15650 move(s) completed (23 accepted (0.1470 %)). Current N = 1. Average N = 0.971
2021-03-26 05:26:50,343 - INFO: 15700 move(s) completed (23 accepted (0.1465 %)). Current N = 1. Average N = 0.971
2021-03-26 05:26:59,353 - INFO: 15750 move(s) completed (23 accepted (0.1460 %)). Current N = 1. Average N = 0.971
2021-03-26 05:27:07,982 - INFO: 15800 move(s) completed (23 accepted (0.1456 %)). Current N = 1. Average N = 0.972
2021-03-26 05:27:17,272 - INFO: 15850 move(s) completed (23 accepted (0.1451 %)). Current N = 1. Average N = 0.972
2021-03-26 05:27:26,562 - INFO: 15900 move(s) completed (23 accepted (0.1447 %)). Current N = 1. Average N = 0.972
2021-03-26 05:27:35,431 - INFO: 15950 move(s) completed (23 accepted (0.1442 %)). Current N = 1. Average N = 0.972
2021-03-26 05:27:44,527 - INFO: 16000 move(s) completed (23 accepted (0.1438 %)). Current N = 1. Average N = 0.972
2021-03-26 05:27:53,329 - INFO: 16050 move(s) completed (23 accepted (0.1433 %)). Current N = 1. Average N = 0.972
2021-03-26 05:28:02,512 - INFO: 16100 move(s) completed (23 accepted (0.1429 %)). Current N = 1. Average N = 0.972
2021-03-26 05:28:11,067 - INFO: 16150 move(s) completed (23 accepted (0.1424 %)). Current N = 1. Average N = 0.972
2021-03-26 05:28:20,140 - INFO: 16200 move(s) completed (23 accepted (0.1420 %)). Current N = 1. Average N = 0.972
2021-03-26 05:28:29,635 - INFO: 16250 move(s) completed (23 accepted (0.1415 %)). Current N = 1. Average N = 0.972
2021-03-26 05:28:38,645 - INFO: 16300 move(s) completed (23 accepted (0.1411 %)). Current N = 1. Average N = 0.972
2021-03-26 05:28:47,969 - INFO: 16350 move(s) completed (23 accepted (0.1407 %)). Current N = 1. Average N = 0.973
2021-03-26 05:28:57,073 - INFO: 16400 move(s) completed (23 accepted (0.1402 %)). Current N = 1. Average N = 0.973
2021-03-26 05:29:05,663 - INFO: 16450 move(s) completed (23 accepted (0.1398 %)). Current N = 1. Average N = 0.973
2021-03-26 05:29:15,187 - INFO: 16500 move(s) completed (23 accepted (0.1394 %)). Current N = 1. Average N = 0.973
2021-03-26 05:29:24,447 - INFO: 16550 move(s) completed (23 accepted (0.1390 %)). Current N = 1. Average N = 0.973
2021-03-26 05:29:33,389 - INFO: 16600 move(s) completed (23 accepted (0.1386 %)). Current N = 1. Average N = 0.973
2021-03-26 05:29:42,123 - INFO: 16650 move(s) completed (23 accepted (0.1381 %)). Current N = 1. Average N = 0.973
2021-03-26 05:29:51,509 - INFO: 16700 move(s) completed (23 accepted (0.1377 %)). Current N = 1. Average N = 0.973
2021-03-26 05:30:00,380 - INFO: 16750 move(s) completed (23 accepted (0.1373 %)). Current N = 1. Average N = 0.973
2021-03-26 05:30:09,368 - INFO: 16800 move(s) completed (23 accepted (0.1369 %)). Current N = 1. Average N = 0.973
2021-03-26 05:30:19,173 - INFO: 16850 move(s) completed (24 accepted (0.1424 %)). Current N = 2. Average N = 0.974
2021-03-26 05:30:27,979 - INFO: 16900 move(s) completed (25 accepted (0.1479 %)). Current N = 1. Average N = 0.974
2021-03-26 05:30:37,028 - INFO: 16950 move(s) completed (25 accepted (0.1475 %)). Current N = 1. Average N = 0.974
2021-03-26 05:30:45,755 - INFO: 17000 move(s) completed (25 accepted (0.1471 %)). Current N = 1. Average N = 0.974
2021-03-26 05:30:54,804 - INFO: 17050 move(s) completed (25 accepted (0.1466 %)). Current N = 1. Average N = 0.974
2021-03-26 05:31:04,280 - INFO: 17100 move(s) completed (25 accepted (0.1462 %)). Current N = 1. Average N = 0.974
2021-03-26 05:31:12,948 - INFO: 17150 move(s) completed (25 accepted (0.1458 %)). Current N = 1. Average N = 0.974
2021-03-26 05:31:22,320 - INFO: 17200 move(s) completed (25 accepted (0.1453 %)). Current N = 1. Average N = 0.974
2021-03-26 05:31:31,088 - INFO: 17250 move(s) completed (25 accepted (0.1449 %)). Current N = 1. Average N = 0.975
2021-03-26 05:31:40,152 - INFO: 17300 move(s) completed (25 accepted (0.1445 %)). Current N = 1. Average N = 0.975
2021-03-26 05:31:48,962 - INFO: 17350 move(s) completed (25 accepted (0.1441 %)). Current N = 1. Average N = 0.975
2021-03-26 05:31:58,055 - INFO: 17400 move(s) completed (25 accepted (0.1437 %)). Current N = 1. Average N = 0.975
2021-03-26 05:32:07,733 - INFO: 17450 move(s) completed (25 accepted (0.1433 %)). Current N = 1. Average N = 0.975
2021-03-26 05:32:16,821 - INFO: 17500 move(s) completed (25 accepted (0.1429 %)). Current N = 1. Average N = 0.975
2021-03-26 05:32:26,036 - INFO: 17550 move(s) completed (27 accepted (0.1538 %)). Current N = 1. Average N = 0.975
2021-03-26 05:32:35,416 - INFO: 17600 move(s) completed (27 accepted (0.1534 %)). Current N = 1. Average N = 0.975
2021-03-26 05:32:44,565 - INFO: 17650 move(s) completed (27 accepted (0.1530 %)). Current N = 1. Average N = 0.975
2021-03-26 05:32:53,980 - INFO: 17700 move(s) completed (27 accepted (0.1525 %)). Current N = 1. Average N = 0.975
2021-03-26 05:33:02,819 - INFO: 17750 move(s) completed (27 accepted (0.1521 %)). Current N = 1. Average N = 0.975
2021-03-26 05:33:11,912 - INFO: 17800 move(s) completed (27 accepted (0.1517 %)). Current N = 1. Average N = 0.976
2021-03-26 05:33:20,717 - INFO: 17850 move(s) completed (27 accepted (0.1513 %)). Current N = 1. Average N = 0.976
2021-03-26 05:33:29,652 - INFO: 17900 move(s) completed (27 accepted (0.1508 %)). Current N = 1. Average N = 0.976
2021-03-26 05:33:38,947 - INFO: 17950 move(s) completed (27 accepted (0.1504 %)). Current N = 1. Average N = 0.976
2021-03-26 05:33:47,858 - INFO: 18000 move(s) completed (27 accepted (0.1500 %)). Current N = 1. Average N = 0.976
2021-03-26 05:33:57,219 - INFO: 18050 move(s) completed (27 accepted (0.1496 %)). Current N = 1. Average N = 0.976
2021-03-26 05:34:05,670 - INFO: 18100 move(s) completed (27 accepted (0.1492 %)). Current N = 1. Average N = 0.976
2021-03-26 05:34:14,730 - INFO: 18150 move(s) completed (27 accepted (0.1488 %)). Current N = 1. Average N = 0.976
2021-03-26 05:34:23,421 - INFO: 18200 move(s) completed (27 accepted (0.1484 %)). Current N = 1. Average N = 0.976
2021-03-26 05:34:32,271 - INFO: 18250 move(s) completed (27 accepted (0.1479 %)). Current N = 1. Average N = 0.976
2021-03-26 05:34:41,732 - INFO: 18300 move(s) completed (27 accepted (0.1475 %)). Current N = 1. Average N = 0.976
2021-03-26 05:34:50,885 - INFO: 18350 move(s) completed (27 accepted (0.1471 %)). Current N = 1. Average N = 0.976
2021-03-26 05:34:59,970 - INFO: 18400 move(s) completed (27 accepted (0.1467 %)). Current N = 1. Average N = 0.976
2021-03-26 05:35:08,510 - INFO: 18450 move(s) completed (27 accepted (0.1463 %)). Current N = 1. Average N = 0.976
2021-03-26 05:35:17,664 - INFO: 18500 move(s) completed (27 accepted (0.1459 %)). Current N = 1. Average N = 0.976
2021-03-26 05:35:26,358 - INFO: 18550 move(s) completed (27 accepted (0.1456 %)). Current N = 1. Average N = 0.977
2021-03-26 05:35:35,143 - INFO: 18600 move(s) completed (27 accepted (0.1452 %)). Current N = 1. Average N = 0.977
2021-03-26 05:35:44,437 - INFO: 18650 move(s) completed (27 accepted (0.1448 %)). Current N = 1. Average N = 0.977
2021-03-26 05:35:53,320 - INFO: 18700 move(s) completed (27 accepted (0.1444 %)). Current N = 1. Average N = 0.977
2021-03-26 05:36:02,548 - INFO: 18750 move(s) completed (27 accepted (0.1440 %)). Current N = 1. Average N = 0.977
2021-03-26 05:36:11,422 - INFO: 18800 move(s) completed (27 accepted (0.1436 %)). Current N = 1. Average N = 0.977
2021-03-26 05:36:20,774 - INFO: 18850 move(s) completed (27 accepted (0.1432 %)). Current N = 1. Average N = 0.977
2021-03-26 05:36:29,919 - INFO: 18900 move(s) completed (27 accepted (0.1429 %)). Current N = 1. Average N = 0.977
2021-03-26 05:36:38,943 - INFO: 18950 move(s) completed (27 accepted (0.1425 %)). Current N = 1. Average N = 0.977
2021-03-26 05:36:48,347 - INFO: 19000 move(s) completed (27 accepted (0.1421 %)). Current N = 1. Average N = 0.977
2021-03-26 05:36:57,075 - INFO: 19050 move(s) completed (27 accepted (0.1417 %)). Current N = 1. Average N = 0.977
2021-03-26 05:37:06,092 - INFO: 19100 move(s) completed (27 accepted (0.1414 %)). Current N = 1. Average N = 0.977
2021-03-26 05:37:14,889 - INFO: 19150 move(s) completed (27 accepted (0.1410 %)). Current N = 1. Average N = 0.977
2021-03-26 05:37:23,846 - INFO: 19200 move(s) completed (27 accepted (0.1406 %)). Current N = 1. Average N = 0.977
2021-03-26 05:37:33,218 - INFO: 19250 move(s) completed (27 accepted (0.1403 %)). Current N = 1. Average N = 0.977
2021-03-26 05:37:42,198 - INFO: 19300 move(s) completed (27 accepted (0.1399 %)). Current N = 1. Average N = 0.977
2021-03-26 05:37:51,616 - INFO: 19350 move(s) completed (27 accepted (0.1395 %)). Current N = 1. Average N = 0.978
2021-03-26 05:38:00,292 - INFO: 19400 move(s) completed (27 accepted (0.1392 %)). Current N = 1. Average N = 0.978
2021-03-26 05:38:09,385 - INFO: 19450 move(s) completed (27 accepted (0.1388 %)). Current N = 1. Average N = 0.978
2021-03-26 05:38:18,196 - INFO: 19500 move(s) completed (27 accepted (0.1385 %)). Current N = 1. Average N = 0.978
2021-03-26 05:38:27,331 - INFO: 19550 move(s) completed (27 accepted (0.1381 %)). Current N = 1. Average N = 0.978
2021-03-26 05:38:36,926 - INFO: 19600 move(s) completed (27 accepted (0.1378 %)). Current N = 1. Average N = 0.978
2021-03-26 05:38:45,918 - INFO: 19650 move(s) completed (27 accepted (0.1374 %)). Current N = 1. Average N = 0.978
2021-03-26 05:38:55,296 - INFO: 19700 move(s) completed (27 accepted (0.1371 %)). Current N = 1. Average N = 0.978
2021-03-26 05:39:03,852 - INFO: 19750 move(s) completed (27 accepted (0.1367 %)). Current N = 1. Average N = 0.978
2021-03-26 05:39:13,126 - INFO: 19800 move(s) completed (27 accepted (0.1364 %)). Current N = 1. Average N = 0.978
2021-03-26 05:39:22,724 - INFO: 19850 move(s) completed (27 accepted (0.1360 %)). Current N = 1. Average N = 0.978
2021-03-26 05:39:31,322 - INFO: 19900 move(s) completed (28 accepted (0.1407 %)). Current N = 2. Average N = 0.979
2021-03-26 05:39:40,531 - INFO: 19950 move(s) completed (29 accepted (0.1454 %)). Current N = 1. Average N = 0.980
2021-03-26 05:39:49,439 - INFO: 20000 move(s) completed (29 accepted (0.1450 %)). Current N = 1. Average N = 0.980
2021-03-26 05:39:58,701 - INFO: 20050 move(s) completed (29 accepted (0.1446 %)). Current N = 1. Average N = 0.980
2021-03-26 05:40:08,079 - INFO: 20100 move(s) completed (29 accepted (0.1443 %)). Current N = 1. Average N = 0.980
2021-03-26 05:40:17,297 - INFO: 20150 move(s) completed (29 accepted (0.1439 %)). Current N = 1. Average N = 0.980
2021-03-26 05:40:26,566 - INFO: 20200 move(s) completed (31 accepted (0.1535 %)). Current N = 1. Average N = 0.980
2021-03-26 05:40:35,475 - INFO: 20250 move(s) completed (31 accepted (0.1531 %)). Current N = 1. Average N = 0.980
2021-03-26 05:40:44,808 - INFO: 20300 move(s) completed (31 accepted (0.1527 %)). Current N = 1. Average N = 0.980
2021-03-26 05:40:53,730 - INFO: 20350 move(s) completed (31 accepted (0.1523 %)). Current N = 1. Average N = 0.980
2021-03-26 05:41:02,631 - INFO: 20400 move(s) completed (31 accepted (0.1520 %)). Current N = 1. Average N = 0.980
2021-03-26 05:41:12,140 - INFO: 20450 move(s) completed (31 accepted (0.1516 %)). Current N = 1. Average N = 0.981
2021-03-26 05:41:21,141 - INFO: 20500 move(s) completed (31 accepted (0.1512 %)). Current N = 1. Average N = 0.981
2021-03-26 05:41:30,384 - INFO: 20550 move(s) completed (31 accepted (0.1509 %)). Current N = 1. Average N = 0.981
2021-03-26 05:41:39,430 - INFO: 20600 move(s) completed (31 accepted (0.1505 %)). Current N = 1. Average N = 0.981
2021-03-26 05:41:48,677 - INFO: 20650 move(s) completed (31 accepted (0.1501 %)). Current N = 1. Average N = 0.981
2021-03-26 05:41:57,814 - INFO: 20700 move(s) completed (31 accepted (0.1498 %)). Current N = 1. Average N = 0.981
2021-03-26 05:42:06,845 - INFO: 20750 move(s) completed (31 accepted (0.1494 %)). Current N = 1. Average N = 0.981
2021-03-26 05:42:16,352 - INFO: 20800 move(s) completed (31 accepted (0.1490 %)). Current N = 1. Average N = 0.981
2021-03-26 05:42:25,053 - INFO: 20850 move(s) completed (31 accepted (0.1487 %)). Current N = 1. Average N = 0.981
2021-03-26 05:42:34,051 - INFO: 20900 move(s) completed (31 accepted (0.1483 %)). Current N = 1. Average N = 0.981
2021-03-26 05:42:42,791 - INFO: 20950 move(s) completed (31 accepted (0.1480 %)). Current N = 1. Average N = 0.981
2021-03-26 05:42:51,822 - INFO: 21000 move(s) completed (31 accepted (0.1476 %)). Current N = 1. Average N = 0.981
2021-03-26 05:43:00,982 - INFO: 21050 move(s) completed (31 accepted (0.1473 %)). Current N = 1. Average N = 0.981
2021-03-26 05:43:10,079 - INFO: 21100 move(s) completed (31 accepted (0.1469 %)). Current N = 1. Average N = 0.981
2021-03-26 05:43:19,290 - INFO: 21150 move(s) completed (31 accepted (0.1466 %)). Current N = 1. Average N = 0.981
2021-03-26 05:43:28,237 - INFO: 21200 move(s) completed (31 accepted (0.1462 %)). Current N = 1. Average N = 0.981
2021-03-26 05:43:37,547 - INFO: 21250 move(s) completed (33 accepted (0.1553 %)). Current N = 1. Average N = 0.981
2021-03-26 05:43:46,287 - INFO: 21300 move(s) completed (33 accepted (0.1549 %)). Current N = 1. Average N = 0.982
2021-03-26 05:43:55,402 - INFO: 21350 move(s) completed (33 accepted (0.1546 %)). Current N = 1. Average N = 0.982
2021-03-26 05:44:04,685 - INFO: 21400 move(s) completed (33 accepted (0.1542 %)). Current N = 1. Average N = 0.982
2021-03-26 05:44:13,718 - INFO: 21450 move(s) completed (33 accepted (0.1538 %)). Current N = 1. Average N = 0.982
2021-03-26 05:44:22,841 - INFO: 21500 move(s) completed (33 accepted (0.1535 %)). Current N = 1. Average N = 0.982
2021-03-26 05:44:31,699 - INFO: 21550 move(s) completed (33 accepted (0.1531 %)). Current N = 1. Average N = 0.982
2021-03-26 05:44:40,753 - INFO: 21600 move(s) completed (33 accepted (0.1528 %)). Current N = 1. Average N = 0.982
2021-03-26 05:44:49,454 - INFO: 21650 move(s) completed (33 accepted (0.1524 %)). Current N = 1. Average N = 0.982
2021-03-26 05:44:58,216 - INFO: 21700 move(s) completed (33 accepted (0.1521 %)). Current N = 1. Average N = 0.982
2021-03-26 05:45:07,458 - INFO: 21750 move(s) completed (33 accepted (0.1517 %)). Current N = 1. Average N = 0.982
2021-03-26 05:45:16,656 - INFO: 21800 move(s) completed (33 accepted (0.1514 %)). Current N = 1. Average N = 0.982
2021-03-26 05:45:25,841 - INFO: 21850 move(s) completed (33 accepted (0.1510 %)). Current N = 1. Average N = 0.982
2021-03-26 05:45:34,570 - INFO: 21900 move(s) completed (33 accepted (0.1507 %)). Current N = 1. Average N = 0.982
2021-03-26 05:45:43,696 - INFO: 21950 move(s) completed (33 accepted (0.1503 %)). Current N = 1. Average N = 0.982
2021-03-26 05:45:52,845 - INFO: 22000 move(s) completed (33 accepted (0.1500 %)). Current N = 1. Average N = 0.982
2021-03-26 05:46:01,919 - INFO: 22050 move(s) completed (33 accepted (0.1497 %)). Current N = 1. Average N = 0.982
2021-03-26 05:46:11,171 - INFO: 22100 move(s) completed (33 accepted (0.1493 %)). Current N = 1. Average N = 0.982
2021-03-26 05:46:19,808 - INFO: 22150 move(s) completed (33 accepted (0.1490 %)). Current N = 1. Average N = 0.982
2021-03-26 05:46:28,738 - INFO: 22200 move(s) completed (33 accepted (0.1486 %)). Current N = 1. Average N = 0.982
2021-03-26 05:46:38,328 - INFO: 22250 move(s) completed (33 accepted (0.1483 %)). Current N = 1. Average N = 0.982
2021-03-26 05:46:47,081 - INFO: 22300 move(s) completed (33 accepted (0.1480 %)). Current N = 1. Average N = 0.982
2021-03-26 05:46:56,527 - INFO: 22350 move(s) completed (33 accepted (0.1477 %)). Current N = 1. Average N = 0.982
2021-03-26 05:47:05,342 - INFO: 22400 move(s) completed (33 accepted (0.1473 %)). Current N = 1. Average N = 0.982
2021-03-26 05:47:14,475 - INFO: 22450 move(s) completed (33 accepted (0.1470 %)). Current N = 1. Average N = 0.982
2021-03-26 05:47:23,035 - INFO: 22500 move(s) completed (33 accepted (0.1467 %)). Current N = 1. Average N = 0.982
2021-03-26 05:47:32,090 - INFO: 22550 move(s) completed (34 accepted (0.1508 %)). Current N = 2. Average N = 0.983
2021-03-26 05:47:41,590 - INFO: 22600 move(s) completed (35 accepted (0.1549 %)). Current N = 1. Average N = 0.983
2021-03-26 05:47:50,257 - INFO: 22650 move(s) completed (35 accepted (0.1545 %)). Current N = 1. Average N = 0.983
2021-03-26 05:47:59,307 - INFO: 22700 move(s) completed (35 accepted (0.1542 %)). Current N = 1. Average N = 0.983
2021-03-26 05:48:08,102 - INFO: 22750 move(s) completed (35 accepted (0.1538 %)). Current N = 1. Average N = 0.983
2021-03-26 05:48:17,261 - INFO: 22800 move(s) completed (35 accepted (0.1535 %)). Current N = 1. Average N = 0.983
2021-03-26 05:48:26,811 - INFO: 22850 move(s) completed (35 accepted (0.1532 %)). Current N = 1. Average N = 0.983
2021-03-26 05:48:35,978 - INFO: 22900 move(s) completed (35 accepted (0.1528 %)). Current N = 1. Average N = 0.983
2021-03-26 05:48:45,183 - INFO: 22950 move(s) completed (36 accepted (0.1569 %)). Current N = 2. Average N = 0.983
2021-03-26 05:48:53,723 - INFO: 23000 move(s) completed (37 accepted (0.1609 %)). Current N = 1. Average N = 0.983
2021-03-26 05:49:02,938 - INFO: 23050 move(s) completed (37 accepted (0.1605 %)). Current N = 1. Average N = 0.983
2021-03-26 05:49:12,601 - INFO: 23100 move(s) completed (37 accepted (0.1602 %)). Current N = 1. Average N = 0.983
2021-03-26 05:49:21,352 - INFO: 23150 move(s) completed (37 accepted (0.1598 %)). Current N = 1. Average N = 0.983
2021-03-26 05:49:30,722 - INFO: 23200 move(s) completed (37 accepted (0.1595 %)). Current N = 1. Average N = 0.983
2021-03-26 05:49:39,750 - INFO: 23250 move(s) completed (37 accepted (0.1591 %)). Current N = 1. Average N = 0.984
2021-03-26 05:49:48,847 - INFO: 23300 move(s) completed (37 accepted (0.1588 %)). Current N = 1. Average N = 0.984
2021-03-26 05:49:57,662 - INFO: 23350 move(s) completed (37 accepted (0.1585 %)). Current N = 1. Average N = 0.984
2021-03-26 05:50:06,716 - INFO: 23400 move(s) completed (37 accepted (0.1581 %)). Current N = 1. Average N = 0.984
2021-03-26 05:50:16,072 - INFO: 23450 move(s) completed (37 accepted (0.1578 %)). Current N = 1. Average N = 0.984
2021-03-26 05:50:24,902 - INFO: 23500 move(s) completed (37 accepted (0.1574 %)). Current N = 1. Average N = 0.984
2021-03-26 05:50:34,125 - INFO: 23550 move(s) completed (37 accepted (0.1571 %)). Current N = 1. Average N = 0.984
2021-03-26 05:50:42,905 - INFO: 23600 move(s) completed (37 accepted (0.1568 %)). Current N = 1. Average N = 0.984
2021-03-26 05:50:51,531 - INFO: 23650 move(s) completed (37 accepted (0.1564 %)). Current N = 1. Average N = 0.984
2021-03-26 05:51:00,922 - INFO: 23700 move(s) completed (37 accepted (0.1561 %)). Current N = 1. Average N = 0.984
2021-03-26 05:51:09,837 - INFO: 23750 move(s) completed (37 accepted (0.1558 %)). Current N = 1. Average N = 0.984
2021-03-26 05:51:19,245 - INFO: 23800 move(s) completed (37 accepted (0.1555 %)). Current N = 1. Average N = 0.984
2021-03-26 05:51:28,209 - INFO: 23850 move(s) completed (37 accepted (0.1551 %)). Current N = 1. Average N = 0.984
2021-03-26 05:51:37,277 - INFO: 23900 move(s) completed (37 accepted (0.1548 %)). Current N = 1. Average N = 0.984
2021-03-26 05:51:45,800 - INFO: 23950 move(s) completed (37 accepted (0.1545 %)). Current N = 1. Average N = 0.984
2021-03-26 05:51:54,737 - INFO: 24000 move(s) completed (37 accepted (0.1542 %)). Current N = 1. Average N = 0.984
2021-03-26 05:52:04,324 - INFO: 24050 move(s) completed (38 accepted (0.1580 %)). Current N = 2. Average N = 0.984
2021-03-26 05:52:13,188 - INFO: 24100 move(s) completed (38 accepted (0.1577 %)). Current N = 2. Average N = 0.986
2021-03-26 05:52:21,873 - INFO: 24150 move(s) completed (39 accepted (0.1615 %)). Current N = 1. Average N = 0.987
2021-03-26 05:52:30,722 - INFO: 24200 move(s) completed (39 accepted (0.1612 %)). Current N = 1. Average N = 0.987
2021-03-26 05:52:39,605 - INFO: 24250 move(s) completed (39 accepted (0.1608 %)). Current N = 1. Average N = 0.987
2021-03-26 05:52:49,062 - INFO: 24300 move(s) completed (39 accepted (0.1605 %)). Current N = 1. Average N = 0.987
2021-03-26 05:52:58,293 - INFO: 24350 move(s) completed (39 accepted (0.1602 %)). Current N = 1. Average N = 0.987
2021-03-26 05:53:07,488 - INFO: 24400 move(s) completed (39 accepted (0.1598 %)). Current N = 1. Average N = 0.987
2021-03-26 05:53:16,056 - INFO: 24450 move(s) completed (39 accepted (0.1595 %)). Current N = 1. Average N = 0.987
2021-03-26 05:53:25,450 - INFO: 24500 move(s) completed (39 accepted (0.1592 %)). Current N = 1. Average N = 0.987
2021-03-26 05:53:34,845 - INFO: 24550 move(s) completed (39 accepted (0.1589 %)). Current N = 1. Average N = 0.987
2021-03-26 05:53:43,819 - INFO: 24600 move(s) completed (39 accepted (0.1585 %)). Current N = 1. Average N = 0.987
2021-03-26 05:53:53,058 - INFO: 24650 move(s) completed (39 accepted (0.1582 %)). Current N = 1. Average N = 0.987
2021-03-26 05:54:01,990 - INFO: 24700 move(s) completed (39 accepted (0.1579 %)). Current N = 1. Average N = 0.987
2021-03-26 05:54:11,132 - INFO: 24750 move(s) completed (39 accepted (0.1576 %)). Current N = 1. Average N = 0.987
2021-03-26 05:54:19,781 - INFO: 24800 move(s) completed (39 accepted (0.1573 %)). Current N = 1. Average N = 0.987
2021-03-26 05:54:28,989 - INFO: 24850 move(s) completed (39 accepted (0.1569 %)). Current N = 1. Average N = 0.987
2021-03-26 05:54:38,580 - INFO: 24900 move(s) completed (39 accepted (0.1566 %)). Current N = 1. Average N = 0.987
2021-03-26 05:54:47,397 - INFO: 24950 move(s) completed (39 accepted (0.1563 %)). Current N = 1. Average N = 0.987
2021-03-26 05:54:56,916 - INFO: 25000 move(s) completed (39 accepted (0.1560 %)). Current N = 1. Average N = 0.987
2021-03-26 05:55:05,930 - INFO: 25050 move(s) completed (39 accepted (0.1557 %)). Current N = 1. Average N = 0.987
2021-03-26 05:55:15,166 - INFO: 25100 move(s) completed (39 accepted (0.1554 %)). Current N = 1. Average N = 0.987
2021-03-26 05:55:23,656 - INFO: 25150 move(s) completed (39 accepted (0.1551 %)). Current N = 1. Average N = 0.987
2021-03-26 05:55:32,749 - INFO: 25200 move(s) completed (39 accepted (0.1548 %)). Current N = 1. Average N = 0.987
2021-03-26 05:55:41,666 - INFO: 25250 move(s) completed (39 accepted (0.1545 %)). Current N = 1. Average N = 0.987
2021-03-26 05:55:50,775 - INFO: 25300 move(s) completed (39 accepted (0.1542 %)). Current N = 1. Average N = 0.987
2021-03-26 05:56:00,307 - INFO: 25350 move(s) completed (39 accepted (0.1538 %)). Current N = 1. Average N = 0.987
2021-03-26 05:56:09,171 - INFO: 25400 move(s) completed (41 accepted (0.1614 %)). Current N = 1. Average N = 0.989
2021-03-26 05:56:18,042 - INFO: 25450 move(s) completed (41 accepted (0.1611 %)). Current N = 1. Average N = 0.989
2021-03-26 05:56:27,616 - INFO: 25500 move(s) completed (41 accepted (0.1608 %)). Current N = 1. Average N = 0.989
2021-03-26 05:56:36,506 - INFO: 25550 move(s) completed (43 accepted (0.1683 %)). Current N = 1. Average N = 0.989
2021-03-26 05:56:45,943 - INFO: 25600 move(s) completed (43 accepted (0.1680 %)). Current N = 1. Average N = 0.989
2021-03-26 05:56:54,951 - INFO: 25650 move(s) completed (43 accepted (0.1676 %)). Current N = 1. Average N = 0.989
2021-03-26 05:57:04,298 - INFO: 25700 move(s) completed (43 accepted (0.1673 %)). Current N = 1. Average N = 0.989
2021-03-26 05:57:13,541 - INFO: 25750 move(s) completed (43 accepted (0.1670 %)). Current N = 1. Average N = 0.989
2021-03-26 05:57:22,261 - INFO: 25800 move(s) completed (43 accepted (0.1667 %)). Current N = 1. Average N = 0.989
2021-03-26 05:57:31,666 - INFO: 25850 move(s) completed (43 accepted (0.1663 %)). Current N = 1. Average N = 0.989
2021-03-26 05:57:40,404 - INFO: 25900 move(s) completed (43 accepted (0.1660 %)). Current N = 1. Average N = 0.989
2021-03-26 05:57:49,689 - INFO: 25950 move(s) completed (43 accepted (0.1657 %)). Current N = 1. Average N = 0.989
2021-03-26 05:57:58,445 - INFO: 26000 move(s) completed (43 accepted (0.1654 %)). Current N = 1. Average N = 0.989
2021-03-26 05:58:07,287 - INFO: 26050 move(s) completed (43 accepted (0.1651 %)). Current N = 1. Average N = 0.989
2021-03-26 05:58:16,761 - INFO: 26100 move(s) completed (43 accepted (0.1648 %)). Current N = 1. Average N = 0.989
2021-03-26 05:58:25,539 - INFO: 26150 move(s) completed (45 accepted (0.1721 %)). Current N = 1. Average N = 0.989
2021-03-26 05:58:35,086 - INFO: 26200 move(s) completed (45 accepted (0.1718 %)). Current N = 1. Average N = 0.989
2021-03-26 05:58:43,771 - INFO: 26250 move(s) completed (45 accepted (0.1714 %)). Current N = 1. Average N = 0.989
2021-03-26 05:58:53,045 - INFO: 26300 move(s) completed (45 accepted (0.1711 %)). Current N = 1. Average N = 0.989
2021-03-26 05:59:02,480 - INFO: 26350 move(s) completed (45 accepted (0.1708 %)). Current N = 1. Average N = 0.989
2021-03-26 05:59:11,337 - INFO: 26400 move(s) completed (45 accepted (0.1705 %)). Current N = 1. Average N = 0.989
2021-03-26 05:59:20,679 - INFO: 26450 move(s) completed (45 accepted (0.1701 %)). Current N = 1. Average N = 0.989
2021-03-26 05:59:29,605 - INFO: 26500 move(s) completed (45 accepted (0.1698 %)). Current N = 1. Average N = 0.989
2021-03-26 05:59:38,482 - INFO: 26550 move(s) completed (45 accepted (0.1695 %)). Current N = 1. Average N = 0.989
2021-03-26 05:59:46,900 - INFO: 26600 move(s) completed (45 accepted (0.1692 %)). Current N = 1. Average N = 0.989
2021-03-26 05:59:56,177 - INFO: 26650 move(s) completed (45 accepted (0.1689 %)). Current N = 1. Average N = 0.989
2021-03-26 06:00:05,239 - INFO: 26700 move(s) completed (47 accepted (0.1760 %)). Current N = 1. Average N = 0.990
2021-03-26 06:00:13,813 - INFO: 26750 move(s) completed (47 accepted (0.1757 %)). Current N = 1. Average N = 0.990
2021-03-26 06:00:23,044 - INFO: 26800 move(s) completed (47 accepted (0.1754 %)). Current N = 1. Average N = 0.990
2021-03-26 06:00:31,789 - INFO: 26850 move(s) completed (47 accepted (0.1750 %)). Current N = 1. Average N = 0.990
2021-03-26 06:00:40,608 - INFO: 26900 move(s) completed (47 accepted (0.1747 %)). Current N = 1. Average N = 0.990
2021-03-26 06:00:49,385 - INFO: 26950 move(s) completed (47 accepted (0.1744 %)). Current N = 1. Average N = 0.990
2021-03-26 06:00:58,421 - INFO: 27000 move(s) completed (47 accepted (0.1741 %)). Current N = 1. Average N = 0.990
2021-03-26 06:01:06,742 - INFO: 27050 move(s) completed (47 accepted (0.1738 %)). Current N = 1. Average N = 0.990
2021-03-26 06:01:15,758 - INFO: 27100 move(s) completed (47 accepted (0.1734 %)). Current N = 1. Average N = 0.990
2021-03-26 06:01:25,259 - INFO: 27150 move(s) completed (47 accepted (0.1731 %)). Current N = 1. Average N = 0.990
2021-03-26 06:01:34,064 - INFO: 27200 move(s) completed (47 accepted (0.1728 %)). Current N = 1. Average N = 0.990
2021-03-26 06:01:43,065 - INFO: 27250 move(s) completed (47 accepted (0.1725 %)). Current N = 1. Average N = 0.990
2021-03-26 06:01:51,891 - INFO: 27300 move(s) completed (47 accepted (0.1722 %)). Current N = 1. Average N = 0.990
2021-03-26 06:02:01,116 - INFO: 27350 move(s) completed (47 accepted (0.1718 %)). Current N = 1. Average N = 0.990
2021-03-26 06:02:10,709 - INFO: 27400 move(s) completed (47 accepted (0.1715 %)). Current N = 1. Average N = 0.990
2021-03-26 06:02:19,710 - INFO: 27450 move(s) completed (47 accepted (0.1712 %)). Current N = 1. Average N = 0.990
2021-03-26 06:02:28,787 - INFO: 27500 move(s) completed (47 accepted (0.1709 %)). Current N = 1. Average N = 0.990
2021-03-26 06:02:37,507 - INFO: 27550 move(s) completed (47 accepted (0.1706 %)). Current N = 1. Average N = 0.990
2021-03-26 06:02:46,852 - INFO: 27600 move(s) completed (47 accepted (0.1703 %)). Current N = 1. Average N = 0.990
2021-03-26 06:02:55,809 - INFO: 27650 move(s) completed (47 accepted (0.1700 %)). Current N = 1. Average N = 0.990
2021-03-26 06:03:04,815 - INFO: 27700 move(s) completed (47 accepted (0.1697 %)). Current N = 1. Average N = 0.990
2021-03-26 06:03:14,170 - INFO: 27750 move(s) completed (47 accepted (0.1694 %)). Current N = 1. Average N = 0.990
2021-03-26 06:03:23,197 - INFO: 27800 move(s) completed (47 accepted (0.1691 %)). Current N = 1. Average N = 0.990
2021-03-26 06:03:32,401 - INFO: 27850 move(s) completed (47 accepted (0.1688 %)). Current N = 1. Average N = 0.990
2021-03-26 06:03:40,850 - INFO: 27900 move(s) completed (47 accepted (0.1685 %)). Current N = 1. Average N = 0.990
2021-03-26 06:03:50,220 - INFO: 27950 move(s) completed (47 accepted (0.1682 %)). Current N = 1. Average N = 0.990
2021-03-26 06:03:58,947 - INFO: 28000 move(s) completed (47 accepted (0.1679 %)). Current N = 1. Average N = 0.990
2021-03-26 06:04:07,756 - INFO: 28050 move(s) completed (47 accepted (0.1676 %)). Current N = 1. Average N = 0.990
2021-03-26 06:04:17,205 - INFO: 28100 move(s) completed (47 accepted (0.1673 %)). Current N = 1. Average N = 0.990
2021-03-26 06:04:26,248 - INFO: 28150 move(s) completed (47 accepted (0.1670 %)). Current N = 1. Average N = 0.990
2021-03-26 06:04:35,249 - INFO: 28200 move(s) completed (49 accepted (0.1738 %)). Current N = 1. Average N = 0.991
2021-03-26 06:04:43,813 - INFO: 28250 move(s) completed (49 accepted (0.1735 %)). Current N = 1. Average N = 0.991
2021-03-26 06:04:53,097 - INFO: 28300 move(s) completed (49 accepted (0.1731 %)). Current N = 1. Average N = 0.991
2021-03-26 06:05:01,428 - INFO: 28350 move(s) completed (49 accepted (0.1728 %)). Current N = 1. Average N = 0.991
2021-03-26 06:05:10,787 - INFO: 28400 move(s) completed (49 accepted (0.1725 %)). Current N = 1. Average N = 0.991
2021-03-26 06:05:20,385 - INFO: 28450 move(s) completed (49 accepted (0.1722 %)). Current N = 1. Average N = 0.991
2021-03-26 06:05:28,941 - INFO: 28500 move(s) completed (49 accepted (0.1719 %)). Current N = 1. Average N = 0.991
2021-03-26 06:05:38,028 - INFO: 28550 move(s) completed (49 accepted (0.1716 %)). Current N = 1. Average N = 0.991
2021-03-26 06:05:47,380 - INFO: 28600 move(s) completed (49 accepted (0.1713 %)). Current N = 1. Average N = 0.991
2021-03-26 06:05:56,342 - INFO: 28650 move(s) completed (49 accepted (0.1710 %)). Current N = 1. Average N = 0.991
2021-03-26 06:06:05,686 - INFO: 28700 move(s) completed (49 accepted (0.1707 %)). Current N = 1. Average N = 0.991
2021-03-26 06:06:14,640 - INFO: 28750 move(s) completed (49 accepted (0.1704 %)). Current N = 1. Average N = 0.991
2021-03-26 06:06:23,791 - INFO: 28800 move(s) completed (51 accepted (0.1771 %)). Current N = 1. Average N = 0.991
2021-03-26 06:06:32,498 - INFO: 28850 move(s) completed (51 accepted (0.1768 %)). Current N = 1. Average N = 0.991
2021-03-26 06:06:41,435 - INFO: 28900 move(s) completed (51 accepted (0.1765 %)). Current N = 1. Average N = 0.991
2021-03-26 06:06:51,107 - INFO: 28950 move(s) completed (51 accepted (0.1762 %)). Current N = 1. Average N = 0.991
2021-03-26 06:07:00,048 - INFO: 29000 move(s) completed (51 accepted (0.1759 %)). Current N = 1. Average N = 0.991
2021-03-26 06:07:09,032 - INFO: 29050 move(s) completed (51 accepted (0.1756 %)). Current N = 1. Average N = 0.991
2021-03-26 06:07:17,718 - INFO: 29100 move(s) completed (51 accepted (0.1753 %)). Current N = 1. Average N = 0.991
2021-03-26 06:07:27,054 - INFO: 29150 move(s) completed (51 accepted (0.1750 %)). Current N = 1. Average N = 0.991
2021-03-26 06:07:35,536 - INFO: 29200 move(s) completed (51 accepted (0.1747 %)). Current N = 1. Average N = 0.991
2021-03-26 06:07:44,663 - INFO: 29250 move(s) completed (51 accepted (0.1744 %)). Current N = 1. Average N = 0.991
2021-03-26 06:07:54,099 - INFO: 29300 move(s) completed (51 accepted (0.1741 %)). Current N = 1. Average N = 0.991
2021-03-26 06:08:02,716 - INFO: 29350 move(s) completed (51 accepted (0.1738 %)). Current N = 1. Average N = 0.991
2021-03-26 06:08:12,038 - INFO: 29400 move(s) completed (53 accepted (0.1803 %)). Current N = 1. Average N = 0.991
2021-03-26 06:08:20,895 - INFO: 29450 move(s) completed (53 accepted (0.1800 %)). Current N = 1. Average N = 0.991
2021-03-26 06:08:29,861 - INFO: 29500 move(s) completed (53 accepted (0.1797 %)). Current N = 1. Average N = 0.991
2021-03-26 06:08:39,352 - INFO: 29550 move(s) completed (53 accepted (0.1794 %)). Current N = 1. Average N = 0.991
2021-03-26 06:08:48,489 - INFO: 29600 move(s) completed (53 accepted (0.1791 %)). Current N = 1. Average N = 0.991
2021-03-26 06:08:57,416 - INFO: 29650 move(s) completed (53 accepted (0.1788 %)). Current N = 1. Average N = 0.991
2021-03-26 06:09:06,093 - INFO: 29700 move(s) completed (53 accepted (0.1785 %)). Current N = 1. Average N = 0.991
2021-03-26 06:09:15,482 - INFO: 29750 move(s) completed (53 accepted (0.1782 %)). Current N = 1. Average N = 0.991
2021-03-26 06:09:24,158 - INFO: 29800 move(s) completed (53 accepted (0.1779 %)). Current N = 1. Average N = 0.991
2021-03-26 06:09:33,125 - INFO: 29850 move(s) completed (53 accepted (0.1776 %)). Current N = 1. Average N = 0.991
2021-03-26 06:09:42,617 - INFO: 29900 move(s) completed (53 accepted (0.1773 %)). Current N = 1. Average N = 0.991
2021-03-26 06:09:51,533 - INFO: 29950 move(s) completed (53 accepted (0.1770 %)). Current N = 1. Average N = 0.991
2021-03-26 06:10:00,724 - INFO: 30000 move(s) completed (53 accepted (0.1767 %)). Current N = 1. Average N = 0.991
2021-03-26 06:10:09,358 - INFO: 30050 move(s) completed (53 accepted (0.1764 %)). Current N = 1. Average N = 0.991
2021-03-26 06:10:18,647 - INFO: 30100 move(s) completed (53 accepted (0.1761 %)). Current N = 1. Average N = 0.991
2021-03-26 06:10:27,316 - INFO: 30150 move(s) completed (53 accepted (0.1758 %)). Current N = 1. Average N = 0.991
2021-03-26 06:10:36,416 - INFO: 30200 move(s) completed (53 accepted (0.1755 %)). Current N = 1. Average N = 0.991
2021-03-26 06:10:45,819 - INFO: 30250 move(s) completed (53 accepted (0.1752 %)). Current N = 1. Average N = 0.991
2021-03-26 06:10:54,679 - INFO: 30300 move(s) completed (53 accepted (0.1749 %)). Current N = 1. Average N = 0.991
2021-03-26 06:11:03,667 - INFO: 30350 move(s) completed (53 accepted (0.1746 %)). Current N = 1. Average N = 0.991
2021-03-26 06:11:12,448 - INFO: 30400 move(s) completed (53 accepted (0.1743 %)). Current N = 1. Average N = 0.991
2021-03-26 06:11:21,460 - INFO: 30450 move(s) completed (53 accepted (0.1741 %)). Current N = 1. Average N = 0.991
2021-03-26 06:11:30,162 - INFO: 30500 move(s) completed (53 accepted (0.1738 %)). Current N = 1. Average N = 0.991
2021-03-26 06:11:39,389 - INFO: 30550 move(s) completed (53 accepted (0.1735 %)). Current N = 1. Average N = 0.991
2021-03-26 06:11:48,914 - INFO: 30600 move(s) completed (53 accepted (0.1732 %)). Current N = 1. Average N = 0.991
2021-03-26 06:11:57,792 - INFO: 30650 move(s) completed (53 accepted (0.1729 %)). Current N = 1. Average N = 0.991
2021-03-26 06:12:07,192 - INFO: 30700 move(s) completed (53 accepted (0.1726 %)). Current N = 1. Average N = 0.991
2021-03-26 06:12:15,970 - INFO: 30750 move(s) completed (53 accepted (0.1724 %)). Current N = 1. Average N = 0.991
2021-03-26 06:12:24,958 - INFO: 30800 move(s) completed (53 accepted (0.1721 %)). Current N = 1. Average N = 0.991
2021-03-26 06:12:34,431 - INFO: 30850 move(s) completed (55 accepted (0.1783 %)). Current N = 1. Average N = 0.992
2021-03-26 06:12:43,360 - INFO: 30900 move(s) completed (55 accepted (0.1780 %)). Current N = 1. Average N = 0.992
2021-03-26 06:12:52,507 - INFO: 30950 move(s) completed (57 accepted (0.1842 %)). Current N = 1. Average N = 0.992
2021-03-26 06:13:00,981 - INFO: 31000 move(s) completed (57 accepted (0.1839 %)). Current N = 1. Average N = 0.992
2021-03-26 06:13:10,217 - INFO: 31050 move(s) completed (57 accepted (0.1836 %)). Current N = 1. Average N = 0.992
2021-03-26 06:13:18,749 - INFO: 31100 move(s) completed (57 accepted (0.1833 %)). Current N = 1. Average N = 0.992
2021-03-26 06:13:27,817 - INFO: 31150 move(s) completed (57 accepted (0.1830 %)). Current N = 1. Average N = 0.992
2021-03-26 06:13:37,355 - INFO: 31200 move(s) completed (57 accepted (0.1827 %)). Current N = 1. Average N = 0.992
2021-03-26 06:13:46,395 - INFO: 31250 move(s) completed (59 accepted (0.1888 %)). Current N = 1. Average N = 0.992
2021-03-26 06:13:55,089 - INFO: 31300 move(s) completed (59 accepted (0.1885 %)). Current N = 1. Average N = 0.992
2021-03-26 06:14:03,785 - INFO: 31350 move(s) completed (59 accepted (0.1882 %)). Current N = 1. Average N = 0.992
2021-03-26 06:14:12,874 - INFO: 31400 move(s) completed (59 accepted (0.1879 %)). Current N = 1. Average N = 0.992
2021-03-26 06:14:21,706 - INFO: 31450 move(s) completed (59 accepted (0.1876 %)). Current N = 1. Average N = 0.992
2021-03-26 06:14:30,796 - INFO: 31500 move(s) completed (59 accepted (0.1873 %)). Current N = 1. Average N = 0.992
2021-03-26 06:14:40,336 - INFO: 31550 move(s) completed (59 accepted (0.1870 %)). Current N = 1. Average N = 0.992
2021-03-26 06:14:49,198 - INFO: 31600 move(s) completed (59 accepted (0.1867 %)). Current N = 1. Average N = 0.992
2021-03-26 06:14:58,433 - INFO: 31650 move(s) completed (59 accepted (0.1864 %)). Current N = 1. Average N = 0.992
2021-03-26 06:15:07,393 - INFO: 31700 move(s) completed (59 accepted (0.1861 %)). Current N = 1. Average N = 0.992
2021-03-26 06:15:16,447 - INFO: 31750 move(s) completed (59 accepted (0.1858 %)). Current N = 1. Average N = 0.992
2021-03-26 06:15:25,638 - INFO: 31800 move(s) completed (59 accepted (0.1855 %)). Current N = 1. Average N = 0.992
2021-03-26 06:15:34,572 - INFO: 31850 move(s) completed (59 accepted (0.1852 %)). Current N = 1. Average N = 0.992
2021-03-26 06:15:43,814 - INFO: 31900 move(s) completed (59 accepted (0.1850 %)). Current N = 1. Average N = 0.992
2021-03-26 06:15:52,525 - INFO: 31950 move(s) completed (59 accepted (0.1847 %)). Current N = 1. Average N = 0.992
2021-03-26 06:16:01,985 - INFO: 32000 move(s) completed (59 accepted (0.1844 %)). Current N = 1. Average N = 0.992
2021-03-26 06:16:10,619 - INFO: 32050 move(s) completed (59 accepted (0.1841 %)). Current N = 1. Average N = 0.992
2021-03-26 06:16:19,619 - INFO: 32100 move(s) completed (59 accepted (0.1838 %)). Current N = 1. Average N = 0.992
2021-03-26 06:16:28,856 - INFO: 32150 move(s) completed (59 accepted (0.1835 %)). Current N = 1. Average N = 0.992
2021-03-26 06:16:37,687 - INFO: 32200 move(s) completed (59 accepted (0.1832 %)). Current N = 1. Average N = 0.992
2021-03-26 06:16:46,975 - INFO: 32250 move(s) completed (59 accepted (0.1829 %)). Current N = 1. Average N = 0.992
2021-03-26 06:16:55,571 - INFO: 32300 move(s) completed (59 accepted (0.1827 %)). Current N = 1. Average N = 0.992
2021-03-26 06:17:04,968 - INFO: 32350 move(s) completed (59 accepted (0.1824 %)). Current N = 1. Average N = 0.992
2021-03-26 06:17:13,756 - INFO: 32400 move(s) completed (59 accepted (0.1821 %)). Current N = 1. Average N = 0.992
2021-03-26 06:17:22,685 - INFO: 32450 move(s) completed (59 accepted (0.1818 %)). Current N = 1. Average N = 0.992
2021-03-26 06:17:32,205 - INFO: 32500 move(s) completed (61 accepted (0.1877 %)). Current N = 1. Average N = 0.992
2021-03-26 06:17:41,240 - INFO: 32550 move(s) completed (61 accepted (0.1874 %)). Current N = 1. Average N = 0.992
2021-03-26 06:17:50,430 - INFO: 32600 move(s) completed (61 accepted (0.1871 %)). Current N = 1. Average N = 0.992
2021-03-26 06:17:59,195 - INFO: 32650 move(s) completed (61 accepted (0.1868 %)). Current N = 1. Average N = 0.992
2021-03-26 06:18:08,450 - INFO: 32700 move(s) completed (61 accepted (0.1865 %)). Current N = 1. Average N = 0.992
2021-03-26 06:18:16,934 - INFO: 32750 move(s) completed (61 accepted (0.1863 %)). Current N = 1. Average N = 0.992
2021-03-26 06:18:26,049 - INFO: 32800 move(s) completed (61 accepted (0.1860 %)). Current N = 1. Average N = 0.992
2021-03-26 06:18:35,505 - INFO: 32850 move(s) completed (61 accepted (0.1857 %)). Current N = 1. Average N = 0.992
2021-03-26 06:18:44,477 - INFO: 32900 move(s) completed (61 accepted (0.1854 %)). Current N = 1. Average N = 0.992
2021-03-26 06:18:53,579 - INFO: 32950 move(s) completed (61 accepted (0.1851 %)). Current N = 1. Average N = 0.992
2021-03-26 06:19:02,247 - INFO: 33000 move(s) completed (61 accepted (0.1848 %)). Current N = 1. Average N = 0.992
2021-03-26 06:19:11,219 - INFO: 33050 move(s) completed (61 accepted (0.1846 %)). Current N = 1. Average N = 0.992
2021-03-26 06:19:20,518 - INFO: 33100 move(s) completed (61 accepted (0.1843 %)). Current N = 1. Average N = 0.992
2021-03-26 06:19:29,524 - INFO: 33150 move(s) completed (61 accepted (0.1840 %)). Current N = 1. Average N = 0.992
2021-03-26 06:19:39,236 - INFO: 33200 move(s) completed (61 accepted (0.1837 %)). Current N = 1. Average N = 0.992
2021-03-26 06:19:48,063 - INFO: 33250 move(s) completed (61 accepted (0.1835 %)). Current N = 1. Average N = 0.992
2021-03-26 06:19:57,282 - INFO: 33300 move(s) completed (61 accepted (0.1832 %)). Current N = 1. Average N = 0.992
2021-03-26 06:20:06,672 - INFO: 33350 move(s) completed (61 accepted (0.1829 %)). Current N = 1. Average N = 0.992
2021-03-26 06:20:15,212 - INFO: 33400 move(s) completed (61 accepted (0.1826 %)). Current N = 1. Average N = 0.992
2021-03-26 06:20:24,475 - INFO: 33450 move(s) completed (61 accepted (0.1824 %)). Current N = 1. Average N = 0.992
2021-03-26 06:20:33,166 - INFO: 33500 move(s) completed (61 accepted (0.1821 %)). Current N = 1. Average N = 0.992
2021-03-26 06:20:42,317 - INFO: 33550 move(s) completed (61 accepted (0.1818 %)). Current N = 1. Average N = 0.993
2021-03-26 06:20:51,688 - INFO: 33600 move(s) completed (61 accepted (0.1815 %)). Current N = 1. Average N = 0.993
2021-03-26 06:21:00,544 - INFO: 33650 move(s) completed (61 accepted (0.1813 %)). Current N = 1. Average N = 0.993
2021-03-26 06:21:10,097 - INFO: 33700 move(s) completed (61 accepted (0.1810 %)). Current N = 1. Average N = 0.993
2021-03-26 06:21:18,927 - INFO: 33750 move(s) completed (61 accepted (0.1807 %)). Current N = 1. Average N = 0.993
2021-03-26 06:21:28,295 - INFO: 33800 move(s) completed (61 accepted (0.1805 %)). Current N = 1. Average N = 0.993
2021-03-26 06:21:37,827 - INFO: 33850 move(s) completed (61 accepted (0.1802 %)). Current N = 1. Average N = 0.993
2021-03-26 06:21:46,805 - INFO: 33900 move(s) completed (61 accepted (0.1799 %)). Current N = 1. Average N = 0.993
2021-03-26 06:21:56,138 - INFO: 33950 move(s) completed (61 accepted (0.1797 %)). Current N = 1. Average N = 0.993
2021-03-26 06:22:05,373 - INFO: 34000 move(s) completed (61 accepted (0.1794 %)). Current N = 1. Average N = 0.993
2021-03-26 06:22:14,244 - INFO: 34050 move(s) completed (61 accepted (0.1791 %)). Current N = 1. Average N = 0.993
2021-03-26 06:22:23,020 - INFO: 34100 move(s) completed (61 accepted (0.1789 %)). Current N = 1. Average N = 0.993
2021-03-26 06:22:32,033 - INFO: 34150 move(s) completed (61 accepted (0.1786 %)). Current N = 1. Average N = 0.993
2021-03-26 06:22:41,412 - INFO: 34200 move(s) completed (61 accepted (0.1784 %)). Current N = 1. Average N = 0.993
2021-03-26 06:22:50,417 - INFO: 34250 move(s) completed (61 accepted (0.1781 %)). Current N = 1. Average N = 0.993
2021-03-26 06:22:59,751 - INFO: 34300 move(s) completed (62 accepted (0.1808 %)). Current N = 2. Average N = 0.994
2021-03-26 06:23:08,689 - INFO: 34350 move(s) completed (63 accepted (0.1834 %)). Current N = 1. Average N = 0.994
2021-03-26 06:23:17,584 - INFO: 34400 move(s) completed (63 accepted (0.1831 %)). Current N = 1. Average N = 0.994
2021-03-26 06:23:26,373 - INFO: 34450 move(s) completed (63 accepted (0.1829 %)). Current N = 1. Average N = 0.994
2021-03-26 06:23:35,554 - INFO: 34500 move(s) completed (63 accepted (0.1826 %)). Current N = 1. Average N = 0.994
2021-03-26 06:23:44,823 - INFO: 34550 move(s) completed (65 accepted (0.1881 %)). Current N = 1. Average N = 0.994
2021-03-26 06:23:53,568 - INFO: 34600 move(s) completed (65 accepted (0.1879 %)). Current N = 1. Average N = 0.994
2021-03-26 06:24:02,910 - INFO: 34650 move(s) completed (65 accepted (0.1876 %)). Current N = 1. Average N = 0.994
2021-03-26 06:24:11,344 - INFO: 34700 move(s) completed (65 accepted (0.1873 %)). Current N = 1. Average N = 0.994
2021-03-26 06:24:20,496 - INFO: 34750 move(s) completed (65 accepted (0.1871 %)). Current N = 1. Average N = 0.994
2021-03-26 06:24:29,328 - INFO: 34800 move(s) completed (65 accepted (0.1868 %)). Current N = 1. Average N = 0.994
2021-03-26 06:24:38,592 - INFO: 34850 move(s) completed (65 accepted (0.1865 %)). Current N = 1. Average N = 0.994
2021-03-26 06:24:47,760 - INFO: 34900 move(s) completed (65 accepted (0.1862 %)). Current N = 1. Average N = 0.994
2021-03-26 06:24:56,770 - INFO: 34950 move(s) completed (65 accepted (0.1860 %)). Current N = 1. Average N = 0.994
2021-03-26 06:25:06,200 - INFO: 35000 move(s) completed (65 accepted (0.1857 %)). Current N = 1. Average N = 0.994
2021-03-26 06:25:14,682 - INFO: 35050 move(s) completed (65 accepted (0.1854 %)). Current N = 1. Average N = 0.994
2021-03-26 06:25:23,634 - INFO: 35100 move(s) completed (65 accepted (0.1852 %)). Current N = 1. Average N = 0.994
2021-03-26 06:25:33,242 - INFO: 35150 move(s) completed (65 accepted (0.1849 %)). Current N = 1. Average N = 0.994
2021-03-26 06:25:42,159 - INFO: 35200 move(s) completed (65 accepted (0.1847 %)). Current N = 1. Average N = 0.994
2021-03-26 06:25:51,434 - INFO: 35250 move(s) completed (65 accepted (0.1844 %)). Current N = 1. Average N = 0.994
2021-03-26 06:26:00,161 - INFO: 35300 move(s) completed (67 accepted (0.1898 %)). Current N = 1. Average N = 0.994
2021-03-26 06:26:09,291 - INFO: 35350 move(s) completed (67 accepted (0.1895 %)). Current N = 1. Average N = 0.994
2021-03-26 06:26:17,741 - INFO: 35400 move(s) completed (67 accepted (0.1893 %)). Current N = 1. Average N = 0.994
2021-03-26 06:26:26,906 - INFO: 35450 move(s) completed (67 accepted (0.1890 %)). Current N = 1. Average N = 0.994
2021-03-26 06:26:36,492 - INFO: 35500 move(s) completed (67 accepted (0.1887 %)). Current N = 1. Average N = 0.994
2021-03-26 06:26:45,153 - INFO: 35550 move(s) completed (67 accepted (0.1885 %)). Current N = 1. Average N = 0.994
2021-03-26 06:26:54,507 - INFO: 35600 move(s) completed (67 accepted (0.1882 %)). Current N = 1. Average N = 0.994
2021-03-26 06:27:03,352 - INFO: 35650 move(s) completed (67 accepted (0.1879 %)). Current N = 1. Average N = 0.994
2021-03-26 06:27:12,169 - INFO: 35700 move(s) completed (67 accepted (0.1877 %)). Current N = 1. Average N = 0.994
2021-03-26 06:27:21,792 - INFO: 35750 move(s) completed (67 accepted (0.1874 %)). Current N = 1. Average N = 0.994
2021-03-26 06:27:30,905 - INFO: 35800 move(s) completed (67 accepted (0.1872 %)). Current N = 1. Average N = 0.994
2021-03-26 06:27:40,127 - INFO: 35850 move(s) completed (67 accepted (0.1869 %)). Current N = 1. Average N = 0.994
2021-03-26 06:27:48,817 - INFO: 35900 move(s) completed (67 accepted (0.1866 %)). Current N = 1. Average N = 0.994
2021-03-26 06:27:58,237 - INFO: 35950 move(s) completed (67 accepted (0.1864 %)). Current N = 1. Average N = 0.994
2021-03-26 06:28:06,802 - INFO: 36000 move(s) completed (67 accepted (0.1861 %)). Current N = 1. Average N = 0.994
2021-03-26 06:28:15,715 - INFO: 36050 move(s) completed (67 accepted (0.1859 %)). Current N = 1. Average N = 0.994
2021-03-26 06:28:25,247 - INFO: 36100 move(s) completed (67 accepted (0.1856 %)). Current N = 1. Average N = 0.994
2021-03-26 06:28:34,086 - INFO: 36150 move(s) completed (67 accepted (0.1853 %)). Current N = 1. Average N = 0.994
2021-03-26 06:28:43,404 - INFO: 36200 move(s) completed (67 accepted (0.1851 %)). Current N = 1. Average N = 0.994
2021-03-26 06:28:52,187 - INFO: 36250 move(s) completed (67 accepted (0.1848 %)). Current N = 1. Average N = 0.994
2021-03-26 06:29:01,248 - INFO: 36300 move(s) completed (67 accepted (0.1846 %)). Current N = 1. Average N = 0.994
2021-03-26 06:29:10,711 - INFO: 36350 move(s) completed (67 accepted (0.1843 %)). Current N = 1. Average N = 0.994
2021-03-26 06:29:19,596 - INFO: 36400 move(s) completed (67 accepted (0.1841 %)). Current N = 1. Average N = 0.994
2021-03-26 06:29:29,006 - INFO: 36450 move(s) completed (67 accepted (0.1838 %)). Current N = 1. Average N = 0.994
2021-03-26 06:29:37,660 - INFO: 36500 move(s) completed (67 accepted (0.1836 %)). Current N = 1. Average N = 0.994
2021-03-26 06:29:46,931 - INFO: 36550 move(s) completed (67 accepted (0.1833 %)). Current N = 1. Average N = 0.994
2021-03-26 06:29:55,728 - INFO: 36600 move(s) completed (67 accepted (0.1831 %)). Current N = 1. Average N = 0.994
2021-03-26 06:30:04,968 - INFO: 36650 move(s) completed (68 accepted (0.1855 %)). Current N = 2. Average N = 0.995
2021-03-26 06:30:13,866 - INFO: 36700 move(s) completed (69 accepted (0.1880 %)). Current N = 1. Average N = 0.996
2021-03-26 06:30:22,742 - INFO: 36750 move(s) completed (71 accepted (0.1932 %)). Current N = 1. Average N = 0.997
2021-03-26 06:30:32,188 - INFO: 36800 move(s) completed (71 accepted (0.1929 %)). Current N = 1. Average N = 0.997
2021-03-26 06:30:40,565 - INFO: 36850 move(s) completed (71 accepted (0.1927 %)). Current N = 1. Average N = 0.997
2021-03-26 06:30:49,818 - INFO: 36900 move(s) completed (71 accepted (0.1924 %)). Current N = 1. Average N = 0.997
2021-03-26 06:30:58,343 - INFO: 36950 move(s) completed (71 accepted (0.1922 %)). Current N = 1. Average N = 0.997
2021-03-26 06:31:07,343 - INFO: 37000 move(s) completed (71 accepted (0.1919 %)). Current N = 1. Average N = 0.997
2021-03-26 06:31:16,837 - INFO: 37050 move(s) completed (71 accepted (0.1916 %)). Current N = 1. Average N = 0.997
2021-03-26 06:31:25,921 - INFO: 37100 move(s) completed (71 accepted (0.1914 %)). Current N = 1. Average N = 0.997
2021-03-26 06:31:35,206 - INFO: 37150 move(s) completed (71 accepted (0.1911 %)). Current N = 1. Average N = 0.997
2021-03-26 06:31:44,002 - INFO: 37200 move(s) completed (71 accepted (0.1909 %)). Current N = 1. Average N = 0.997
2021-03-26 06:31:53,258 - INFO: 37250 move(s) completed (71 accepted (0.1906 %)). Current N = 1. Average N = 0.997
2021-03-26 06:32:02,039 - INFO: 37300 move(s) completed (71 accepted (0.1903 %)). Current N = 1. Average N = 0.997
2021-03-26 06:32:10,988 - INFO: 37350 move(s) completed (71 accepted (0.1901 %)). Current N = 1. Average N = 0.997
2021-03-26 06:32:20,573 - INFO: 37400 move(s) completed (71 accepted (0.1898 %)). Current N = 1. Average N = 0.997
2021-03-26 06:32:29,502 - INFO: 37450 move(s) completed (71 accepted (0.1896 %)). Current N = 1. Average N = 0.997
2021-03-26 06:32:38,525 - INFO: 37500 move(s) completed (71 accepted (0.1893 %)). Current N = 1. Average N = 0.997
2021-03-26 06:32:47,751 - INFO: 37550 move(s) completed (71 accepted (0.1891 %)). Current N = 1. Average N = 0.997
2021-03-26 06:32:56,995 - INFO: 37600 move(s) completed (71 accepted (0.1888 %)). Current N = 1. Average N = 0.997
2021-03-26 06:33:06,365 - INFO: 37650 move(s) completed (71 accepted (0.1886 %)). Current N = 1. Average N = 0.997
2021-03-26 06:33:15,278 - INFO: 37700 move(s) completed (71 accepted (0.1883 %)). Current N = 1. Average N = 0.997
2021-03-26 06:33:24,752 - INFO: 37750 move(s) completed (71 accepted (0.1881 %)). Current N = 1. Average N = 0.997
2021-03-26 06:33:33,605 - INFO: 37800 move(s) completed (71 accepted (0.1878 %)). Current N = 1. Average N = 0.997
2021-03-26 06:33:42,515 - INFO: 37850 move(s) completed (71 accepted (0.1876 %)). Current N = 1. Average N = 0.997
2021-03-26 06:33:51,134 - INFO: 37900 move(s) completed (71 accepted (0.1873 %)). Current N = 1. Average N = 0.997
2021-03-26 06:34:00,154 - INFO: 37950 move(s) completed (71 accepted (0.1871 %)). Current N = 1. Average N = 0.997
2021-03-26 06:34:09,400 - INFO: 38000 move(s) completed (71 accepted (0.1868 %)). Current N = 1. Average N = 0.997
2021-03-26 06:34:18,360 - INFO: 38050 move(s) completed (71 accepted (0.1866 %)). Current N = 1. Average N = 0.997
2021-03-26 06:34:27,716 - INFO: 38100 move(s) completed (71 accepted (0.1864 %)). Current N = 1. Average N = 0.997
2021-03-26 06:34:36,430 - INFO: 38150 move(s) completed (71 accepted (0.1861 %)). Current N = 1. Average N = 0.997
2021-03-26 06:34:45,586 - INFO: 38200 move(s) completed (71 accepted (0.1859 %)). Current N = 1. Average N = 0.997
2021-03-26 06:34:55,260 - INFO: 38250 move(s) completed (71 accepted (0.1856 %)). Current N = 1. Average N = 0.997
2021-03-26 06:35:04,101 - INFO: 38300 move(s) completed (71 accepted (0.1854 %)). Current N = 1. Average N = 0.997
2021-03-26 06:35:13,129 - INFO: 38350 move(s) completed (71 accepted (0.1851 %)). Current N = 1. Average N = 0.997
2021-03-26 06:35:21,911 - INFO: 38400 move(s) completed (71 accepted (0.1849 %)). Current N = 1. Average N = 0.997
2021-03-26 06:35:31,024 - INFO: 38450 move(s) completed (71 accepted (0.1847 %)). Current N = 1. Average N = 0.997
2021-03-26 06:35:39,891 - INFO: 38500 move(s) completed (71 accepted (0.1844 %)). Current N = 1. Average N = 0.997
2021-03-26 06:35:48,870 - INFO: 38550 move(s) completed (71 accepted (0.1842 %)). Current N = 1. Average N = 0.997
2021-03-26 06:35:57,463 - INFO: 38600 move(s) completed (73 accepted (0.1891 %)). Current N = 1. Average N = 0.997
2021-03-26 06:36:06,405 - INFO: 38650 move(s) completed (73 accepted (0.1889 %)). Current N = 1. Average N = 0.997
2021-03-26 06:36:15,933 - INFO: 38700 move(s) completed (73 accepted (0.1886 %)). Current N = 1. Average N = 0.997
2021-03-26 06:36:24,816 - INFO: 38750 move(s) completed (73 accepted (0.1884 %)). Current N = 1. Average N = 0.997
2021-03-26 06:36:34,236 - INFO: 38800 move(s) completed (73 accepted (0.1881 %)). Current N = 1. Average N = 0.997
2021-03-26 06:36:43,012 - INFO: 38850 move(s) completed (73 accepted (0.1879 %)). Current N = 1. Average N = 0.997
2021-03-26 06:36:52,279 - INFO: 38900 move(s) completed (73 accepted (0.1877 %)). Current N = 1. Average N = 0.997
2021-03-26 06:37:00,802 - INFO: 38950 move(s) completed (73 accepted (0.1874 %)). Current N = 1. Average N = 0.997
2021-03-26 06:37:09,757 - INFO: 39000 move(s) completed (73 accepted (0.1872 %)). Current N = 1. Average N = 0.997
2021-03-26 06:37:19,081 - INFO: 39050 move(s) completed (75 accepted (0.1921 %)). Current N = 1. Average N = 0.997
2021-03-26 06:37:28,016 - INFO: 39100 move(s) completed (75 accepted (0.1918 %)). Current N = 1. Average N = 0.997
2021-03-26 06:37:37,027 - INFO: 39150 move(s) completed (75 accepted (0.1916 %)). Current N = 1. Average N = 0.997
2021-03-26 06:37:45,831 - INFO: 39200 move(s) completed (75 accepted (0.1913 %)). Current N = 1. Average N = 0.997
2021-03-26 06:37:55,015 - INFO: 39250 move(s) completed (75 accepted (0.1911 %)). Current N = 1. Average N = 0.997
2021-03-26 06:38:03,739 - INFO: 39300 move(s) completed (75 accepted (0.1908 %)). Current N = 1. Average N = 0.997
2021-03-26 06:38:12,728 - INFO: 39350 move(s) completed (75 accepted (0.1906 %)). Current N = 1. Average N = 0.997
2021-03-26 06:38:22,116 - INFO: 39400 move(s) completed (75 accepted (0.1904 %)). Current N = 1. Average N = 0.997
2021-03-26 06:38:30,876 - INFO: 39450 move(s) completed (75 accepted (0.1901 %)). Current N = 1. Average N = 0.997
2021-03-26 06:38:39,844 - INFO: 39500 move(s) completed (75 accepted (0.1899 %)). Current N = 1. Average N = 0.997
2021-03-26 06:38:48,658 - INFO: 39550 move(s) completed (75 accepted (0.1896 %)). Current N = 1. Average N = 0.997
2021-03-26 06:38:57,828 - INFO: 39600 move(s) completed (75 accepted (0.1894 %)). Current N = 1. Average N = 0.997
2021-03-26 06:39:06,599 - INFO: 39650 move(s) completed (75 accepted (0.1892 %)). Current N = 1. Average N = 0.997
2021-03-26 06:39:15,665 - INFO: 39700 move(s) completed (77 accepted (0.1940 %)). Current N = 1. Average N = 0.997
2021-03-26 06:39:24,922 - INFO: 39750 move(s) completed (77 accepted (0.1937 %)). Current N = 1. Average N = 0.997
2021-03-26 06:39:33,492 - INFO: 39800 move(s) completed (77 accepted (0.1935 %)). Current N = 1. Average N = 0.997
2021-03-26 06:39:42,780 - INFO: 39850 move(s) completed (77 accepted (0.1932 %)). Current N = 1. Average N = 0.997
