2021-03-26 09:55:16,593 - INFO: kT = 0.5921875708469466 kcal/mol
2021-03-26 09:55:21,956 - INFO: BaseGrandCanonicalMonteCarloSampler object initialised
2021-03-26 09:55:21,956 - INFO: GCMC sphere is based on reference atom IDs: [887, 1837]
2021-03-26 09:55:21,956 - INFO: GCMC sphere radius is 6 A
2021-03-26 09:55:21,957 - INFO: Simulating at an Adams (B) value of -6.888845176169922
2021-03-26 09:55:21,957 - INFO: GCMCSphereSampler object initialised
2021-03-26 09:55:21,957 - INFO: StandardGCMCSphereSampler object initialised
2021-03-26 09:55:37,066 - INFO: 50 move(s) completed (0 accepted (0.0000 %)). Current N = 0. Average N = 0.000
2021-03-26 09:55:45,158 - INFO: 100 move(s) completed (0 accepted (0.0000 %)). Current N = 0. Average N = 0.000
2021-03-26 09:55:52,835 - INFO: 150 move(s) completed (0 accepted (0.0000 %)). Current N = 0. Average N = 0.000
2021-03-26 09:56:01,266 - INFO: 200 move(s) completed (0 accepted (0.0000 %)). Current N = 0. Average N = 0.000
2021-03-26 09:56:09,018 - INFO: 250 move(s) completed (0 accepted (0.0000 %)). Current N = 0. Average N = 0.000
2021-03-26 09:56:17,284 - INFO: 300 move(s) completed (0 accepted (0.0000 %)). Current N = 0. Average N = 0.000
2021-03-26 09:56:25,208 - INFO: 350 move(s) completed (0 accepted (0.0000 %)). Current N = 0. Average N = 0.000
2021-03-26 09:56:33,053 - INFO: 400 move(s) completed (2 accepted (0.5000 %)). Current N = 0. Average N = 0.018
2021-03-26 09:56:41,114 - INFO: 450 move(s) completed (2 accepted (0.4444 %)). Current N = 0. Average N = 0.016
2021-03-26 09:56:49,003 - INFO: 500 move(s) completed (2 accepted (0.4000 %)). Current N = 0. Average N = 0.014
2021-03-26 09:56:57,262 - INFO: 550 move(s) completed (2 accepted (0.3636 %)). Current N = 0. Average N = 0.013
2021-03-26 09:57:05,255 - INFO: 600 move(s) completed (2 accepted (0.3333 %)). Current N = 0. Average N = 0.012
2021-03-26 09:57:13,223 - INFO: 650 move(s) completed (2 accepted (0.3077 %)). Current N = 0. Average N = 0.011
2021-03-26 09:57:21,650 - INFO: 700 move(s) completed (3 accepted (0.4286 %)). Current N = 1. Average N = 0.033
2021-03-26 09:57:30,322 - INFO: 750 move(s) completed (3 accepted (0.4000 %)). Current N = 1. Average N = 0.097
2021-03-26 09:57:39,456 - INFO: 800 move(s) completed (3 accepted (0.3750 %)). Current N = 1. Average N = 0.154
2021-03-26 09:57:48,159 - INFO: 850 move(s) completed (3 accepted (0.3529 %)). Current N = 1. Average N = 0.203
2021-03-26 09:57:57,357 - INFO: 900 move(s) completed (3 accepted (0.3333 %)). Current N = 1. Average N = 0.248
2021-03-26 09:58:05,956 - INFO: 950 move(s) completed (3 accepted (0.3158 %)). Current N = 1. Average N = 0.287
2021-03-26 09:58:14,876 - INFO: 1000 move(s) completed (3 accepted (0.3000 %)). Current N = 1. Average N = 0.323
2021-03-26 09:58:24,134 - INFO: 1050 move(s) completed (3 accepted (0.2857 %)). Current N = 1. Average N = 0.355
2021-03-26 09:58:32,779 - INFO: 1100 move(s) completed (3 accepted (0.2727 %)). Current N = 1. Average N = 0.385
2021-03-26 09:58:41,927 - INFO: 1150 move(s) completed (3 accepted (0.2609 %)). Current N = 1. Average N = 0.411
2021-03-26 09:58:50,874 - INFO: 1200 move(s) completed (3 accepted (0.2500 %)). Current N = 1. Average N = 0.436
2021-03-26 09:59:00,007 - INFO: 1250 move(s) completed (3 accepted (0.2400 %)). Current N = 1. Average N = 0.458
2021-03-26 09:59:09,347 - INFO: 1300 move(s) completed (3 accepted (0.2308 %)). Current N = 1. Average N = 0.479
2021-03-26 09:59:18,136 - INFO: 1350 move(s) completed (3 accepted (0.2222 %)). Current N = 1. Average N = 0.498
2021-03-26 09:59:27,339 - INFO: 1400 move(s) completed (3 accepted (0.2143 %)). Current N = 1. Average N = 0.516
2021-03-26 09:59:36,222 - INFO: 1450 move(s) completed (3 accepted (0.2069 %)). Current N = 1. Average N = 0.533
2021-03-26 09:59:45,480 - INFO: 1500 move(s) completed (4 accepted (0.2667 %)). Current N = 2. Average N = 0.550
2021-03-26 09:59:54,154 - INFO: 1550 move(s) completed (4 accepted (0.2581 %)). Current N = 2. Average N = 0.597
2021-03-26 10:00:03,067 - INFO: 1600 move(s) completed (4 accepted (0.2500 %)). Current N = 2. Average N = 0.641
2021-03-26 10:00:12,399 - INFO: 1650 move(s) completed (4 accepted (0.2424 %)). Current N = 2. Average N = 0.682
2021-03-26 10:00:21,328 - INFO: 1700 move(s) completed (4 accepted (0.2353 %)). Current N = 2. Average N = 0.721
2021-03-26 10:00:30,346 - INFO: 1750 move(s) completed (4 accepted (0.2286 %)). Current N = 2. Average N = 0.757
2021-03-26 10:00:39,090 - INFO: 1800 move(s) completed (4 accepted (0.2222 %)). Current N = 2. Average N = 0.792
2021-03-26 10:00:48,161 - INFO: 1850 move(s) completed (4 accepted (0.2162 %)). Current N = 2. Average N = 0.824
2021-03-26 10:00:56,894 - INFO: 1900 move(s) completed (4 accepted (0.2105 %)). Current N = 2. Average N = 0.855
2021-03-26 10:01:05,826 - INFO: 1950 move(s) completed (4 accepted (0.2051 %)). Current N = 2. Average N = 0.885
2021-03-26 10:01:15,259 - INFO: 2000 move(s) completed (4 accepted (0.2000 %)). Current N = 2. Average N = 0.912
2021-03-26 10:01:23,915 - INFO: 2050 move(s) completed (4 accepted (0.1951 %)). Current N = 2. Average N = 0.939
2021-03-26 10:01:33,216 - INFO: 2100 move(s) completed (4 accepted (0.1905 %)). Current N = 2. Average N = 0.964
2021-03-26 10:01:41,928 - INFO: 2150 move(s) completed (4 accepted (0.1860 %)). Current N = 2. Average N = 0.988
2021-03-26 10:01:50,974 - INFO: 2200 move(s) completed (4 accepted (0.1818 %)). Current N = 2. Average N = 1.011
2021-03-26 10:02:00,513 - INFO: 2250 move(s) completed (4 accepted (0.1778 %)). Current N = 2. Average N = 1.033
2021-03-26 10:02:09,433 - INFO: 2300 move(s) completed (4 accepted (0.1739 %)). Current N = 2. Average N = 1.054
2021-03-26 10:02:18,551 - INFO: 2350 move(s) completed (4 accepted (0.1702 %)). Current N = 2. Average N = 1.075
2021-03-26 10:02:27,266 - INFO: 2400 move(s) completed (4 accepted (0.1667 %)). Current N = 2. Average N = 1.094
2021-03-26 10:02:36,353 - INFO: 2450 move(s) completed (4 accepted (0.1633 %)). Current N = 2. Average N = 1.112
2021-03-26 10:02:45,014 - INFO: 2500 move(s) completed (4 accepted (0.1600 %)). Current N = 2. Average N = 1.130
2021-03-26 10:02:53,800 - INFO: 2550 move(s) completed (4 accepted (0.1569 %)). Current N = 2. Average N = 1.147
2021-03-26 10:03:02,987 - INFO: 2600 move(s) completed (4 accepted (0.1538 %)). Current N = 2. Average N = 1.163
2021-03-26 10:03:11,891 - INFO: 2650 move(s) completed (4 accepted (0.1509 %)). Current N = 2. Average N = 1.179
2021-03-26 10:03:20,801 - INFO: 2700 move(s) completed (4 accepted (0.1481 %)). Current N = 2. Average N = 1.194
2021-03-26 10:03:29,449 - INFO: 2750 move(s) completed (4 accepted (0.1455 %)). Current N = 2. Average N = 1.209
2021-03-26 10:03:38,408 - INFO: 2800 move(s) completed (4 accepted (0.1429 %)). Current N = 2. Average N = 1.223
2021-03-26 10:03:47,115 - INFO: 2850 move(s) completed (4 accepted (0.1404 %)). Current N = 2. Average N = 1.237
2021-03-26 10:03:55,949 - INFO: 2900 move(s) completed (4 accepted (0.1379 %)). Current N = 2. Average N = 1.250
2021-03-26 10:04:05,375 - INFO: 2950 move(s) completed (4 accepted (0.1356 %)). Current N = 2. Average N = 1.263
2021-03-26 10:04:14,417 - INFO: 3000 move(s) completed (4 accepted (0.1333 %)). Current N = 2. Average N = 1.275
2021-03-26 10:04:23,400 - INFO: 3050 move(s) completed (4 accepted (0.1311 %)). Current N = 2. Average N = 1.287
2021-03-26 10:04:32,266 - INFO: 3100 move(s) completed (4 accepted (0.1290 %)). Current N = 2. Average N = 1.298
2021-03-26 10:04:41,405 - INFO: 3150 move(s) completed (4 accepted (0.1270 %)). Current N = 2. Average N = 1.310
2021-03-26 10:04:49,777 - INFO: 3200 move(s) completed (4 accepted (0.1250 %)). Current N = 2. Average N = 1.320
2021-03-26 10:04:58,878 - INFO: 3250 move(s) completed (4 accepted (0.1231 %)). Current N = 2. Average N = 1.331
2021-03-26 10:05:08,162 - INFO: 3300 move(s) completed (4 accepted (0.1212 %)). Current N = 2. Average N = 1.341
2021-03-26 10:05:17,069 - INFO: 3350 move(s) completed (4 accepted (0.1194 %)). Current N = 2. Average N = 1.351
2021-03-26 10:05:26,197 - INFO: 3400 move(s) completed (4 accepted (0.1176 %)). Current N = 2. Average N = 1.360
2021-03-26 10:05:34,737 - INFO: 3450 move(s) completed (4 accepted (0.1159 %)). Current N = 2. Average N = 1.370
2021-03-26 10:05:43,726 - INFO: 3500 move(s) completed (4 accepted (0.1143 %)). Current N = 2. Average N = 1.379
2021-03-26 10:05:52,896 - INFO: 3550 move(s) completed (4 accepted (0.1127 %)). Current N = 2. Average N = 1.387
2021-03-26 10:06:01,263 - INFO: 3600 move(s) completed (4 accepted (0.1111 %)). Current N = 2. Average N = 1.396
2021-03-26 10:06:10,470 - INFO: 3650 move(s) completed (4 accepted (0.1096 %)). Current N = 2. Average N = 1.404
2021-03-26 10:06:19,064 - INFO: 3700 move(s) completed (4 accepted (0.1081 %)). Current N = 2. Average N = 1.412
2021-03-26 10:06:28,273 - INFO: 3750 move(s) completed (4 accepted (0.1067 %)). Current N = 2. Average N = 1.420
2021-03-26 10:06:36,806 - INFO: 3800 move(s) completed (4 accepted (0.1053 %)). Current N = 2. Average N = 1.428
2021-03-26 10:06:45,632 - INFO: 3850 move(s) completed (4 accepted (0.1039 %)). Current N = 2. Average N = 1.435
2021-03-26 10:06:54,786 - INFO: 3900 move(s) completed (4 accepted (0.1026 %)). Current N = 2. Average N = 1.442
2021-03-26 10:07:03,429 - INFO: 3950 move(s) completed (4 accepted (0.1013 %)). Current N = 2. Average N = 1.449
2021-03-26 10:07:12,553 - INFO: 4000 move(s) completed (4 accepted (0.1000 %)). Current N = 2. Average N = 1.456
2021-03-26 10:07:21,168 - INFO: 4050 move(s) completed (4 accepted (0.0988 %)). Current N = 2. Average N = 1.463
2021-03-26 10:07:30,373 - INFO: 4100 move(s) completed (4 accepted (0.0976 %)). Current N = 2. Average N = 1.470
2021-03-26 10:07:38,832 - INFO: 4150 move(s) completed (4 accepted (0.0964 %)). Current N = 2. Average N = 1.476
2021-03-26 10:07:47,719 - INFO: 4200 move(s) completed (4 accepted (0.0952 %)). Current N = 2. Average N = 1.482
2021-03-26 10:07:57,113 - INFO: 4250 move(s) completed (4 accepted (0.0941 %)). Current N = 2. Average N = 1.488
2021-03-26 10:08:05,913 - INFO: 4300 move(s) completed (4 accepted (0.0930 %)). Current N = 2. Average N = 1.494
2021-03-26 10:08:15,007 - INFO: 4350 move(s) completed (4 accepted (0.0920 %)). Current N = 2. Average N = 1.500
2021-03-26 10:08:23,633 - INFO: 4400 move(s) completed (4 accepted (0.0909 %)). Current N = 2. Average N = 1.506
2021-03-26 10:08:32,582 - INFO: 4450 move(s) completed (4 accepted (0.0899 %)). Current N = 2. Average N = 1.511
2021-03-26 10:08:41,360 - INFO: 4500 move(s) completed (4 accepted (0.0889 %)). Current N = 2. Average N = 1.517
2021-03-26 10:08:50,321 - INFO: 4550 move(s) completed (4 accepted (0.0879 %)). Current N = 2. Average N = 1.522
2021-03-26 10:08:59,423 - INFO: 4600 move(s) completed (4 accepted (0.0870 %)). Current N = 2. Average N = 1.527
2021-03-26 10:09:08,255 - INFO: 4650 move(s) completed (4 accepted (0.0860 %)). Current N = 2. Average N = 1.532
2021-03-26 10:09:17,342 - INFO: 4700 move(s) completed (4 accepted (0.0851 %)). Current N = 2. Average N = 1.537
2021-03-26 10:09:25,810 - INFO: 4750 move(s) completed (4 accepted (0.0842 %)). Current N = 2. Average N = 1.542
2021-03-26 10:09:34,735 - INFO: 4800 move(s) completed (4 accepted (0.0833 %)). Current N = 2. Average N = 1.547
2021-03-26 10:09:44,222 - INFO: 4850 move(s) completed (4 accepted (0.0825 %)). Current N = 2. Average N = 1.552
2021-03-26 10:09:52,942 - INFO: 4900 move(s) completed (4 accepted (0.0816 %)). Current N = 2. Average N = 1.556
2021-03-26 10:10:02,181 - INFO: 4950 move(s) completed (4 accepted (0.0808 %)). Current N = 2. Average N = 1.561
2021-03-26 10:10:10,846 - INFO: 5000 move(s) completed (4 accepted (0.0800 %)). Current N = 2. Average N = 1.565
2021-03-26 10:10:19,910 - INFO: 5050 move(s) completed (4 accepted (0.0792 %)). Current N = 2. Average N = 1.569
2021-03-26 10:10:29,607 - INFO: 5100 move(s) completed (4 accepted (0.0784 %)). Current N = 2. Average N = 1.573
2021-03-26 10:10:38,351 - INFO: 5150 move(s) completed (4 accepted (0.0777 %)). Current N = 2. Average N = 1.578
2021-03-26 10:10:47,613 - INFO: 5200 move(s) completed (4 accepted (0.0769 %)). Current N = 2. Average N = 1.582
2021-03-26 10:10:56,206 - INFO: 5250 move(s) completed (4 accepted (0.0762 %)). Current N = 2. Average N = 1.586
2021-03-26 10:11:05,173 - INFO: 5300 move(s) completed (4 accepted (0.0755 %)). Current N = 2. Average N = 1.590
2021-03-26 10:11:14,383 - INFO: 5350 move(s) completed (4 accepted (0.0748 %)). Current N = 2. Average N = 1.593
2021-03-26 10:11:23,200 - INFO: 5400 move(s) completed (4 accepted (0.0741 %)). Current N = 2. Average N = 1.597
2021-03-26 10:11:32,546 - INFO: 5450 move(s) completed (4 accepted (0.0734 %)). Current N = 2. Average N = 1.601
2021-03-26 10:11:41,470 - INFO: 5500 move(s) completed (4 accepted (0.0727 %)). Current N = 2. Average N = 1.605
2021-03-26 10:11:50,732 - INFO: 5550 move(s) completed (4 accepted (0.0721 %)). Current N = 2. Average N = 1.608
2021-03-26 10:11:59,406 - INFO: 5600 move(s) completed (4 accepted (0.0714 %)). Current N = 2. Average N = 1.612
2021-03-26 10:12:08,256 - INFO: 5650 move(s) completed (4 accepted (0.0708 %)). Current N = 2. Average N = 1.615
2021-03-26 10:12:16,778 - INFO: 5700 move(s) completed (4 accepted (0.0702 %)). Current N = 2. Average N = 1.618
2021-03-26 10:12:25,829 - INFO: 5750 move(s) completed (4 accepted (0.0696 %)). Current N = 2. Average N = 1.622
2021-03-26 10:12:34,777 - INFO: 5800 move(s) completed (4 accepted (0.0690 %)). Current N = 2. Average N = 1.625
2021-03-26 10:12:43,265 - INFO: 5850 move(s) completed (4 accepted (0.0684 %)). Current N = 2. Average N = 1.628
2021-03-26 10:12:52,431 - INFO: 5900 move(s) completed (4 accepted (0.0678 %)). Current N = 2. Average N = 1.631
2021-03-26 10:13:01,004 - INFO: 5950 move(s) completed (4 accepted (0.0672 %)). Current N = 2. Average N = 1.635
2021-03-26 10:13:10,099 - INFO: 6000 move(s) completed (4 accepted (0.0667 %)). Current N = 2. Average N = 1.637
2021-03-26 10:13:19,349 - INFO: 6050 move(s) completed (4 accepted (0.0661 %)). Current N = 2. Average N = 1.641
2021-03-26 10:13:28,019 - INFO: 6100 move(s) completed (4 accepted (0.0656 %)). Current N = 2. Average N = 1.643
2021-03-26 10:13:37,332 - INFO: 6150 move(s) completed (4 accepted (0.0650 %)). Current N = 2. Average N = 1.646
2021-03-26 10:13:46,091 - INFO: 6200 move(s) completed (4 accepted (0.0645 %)). Current N = 2. Average N = 1.649
2021-03-26 10:13:55,232 - INFO: 6250 move(s) completed (4 accepted (0.0640 %)). Current N = 2. Average N = 1.652
2021-03-26 10:14:03,948 - INFO: 6300 move(s) completed (4 accepted (0.0635 %)). Current N = 2. Average N = 1.655
2021-03-26 10:14:13,036 - INFO: 6350 move(s) completed (4 accepted (0.0630 %)). Current N = 2. Average N = 1.657
2021-03-26 10:14:22,405 - INFO: 6400 move(s) completed (4 accepted (0.0625 %)). Current N = 2. Average N = 1.660
2021-03-26 10:14:31,204 - INFO: 6450 move(s) completed (4 accepted (0.0620 %)). Current N = 2. Average N = 1.663
2021-03-26 10:14:40,274 - INFO: 6500 move(s) completed (4 accepted (0.0615 %)). Current N = 2. Average N = 1.665
2021-03-26 10:14:48,866 - INFO: 6550 move(s) completed (4 accepted (0.0611 %)). Current N = 2. Average N = 1.668
2021-03-26 10:14:57,675 - INFO: 6600 move(s) completed (4 accepted (0.0606 %)). Current N = 2. Average N = 1.671
2021-03-26 10:15:06,268 - INFO: 6650 move(s) completed (4 accepted (0.0602 %)). Current N = 2. Average N = 1.673
2021-03-26 10:15:15,394 - INFO: 6700 move(s) completed (4 accepted (0.0597 %)). Current N = 2. Average N = 1.675
2021-03-26 10:15:24,669 - INFO: 6750 move(s) completed (4 accepted (0.0593 %)). Current N = 2. Average N = 1.678
2021-03-26 10:15:33,370 - INFO: 6800 move(s) completed (4 accepted (0.0588 %)). Current N = 2. Average N = 1.680
2021-03-26 10:15:42,542 - INFO: 6850 move(s) completed (4 accepted (0.0584 %)). Current N = 2. Average N = 1.683
2021-03-26 10:15:51,106 - INFO: 6900 move(s) completed (4 accepted (0.0580 %)). Current N = 2. Average N = 1.685
2021-03-26 10:16:00,163 - INFO: 6950 move(s) completed (4 accepted (0.0576 %)). Current N = 2. Average N = 1.687
2021-03-26 10:16:09,603 - INFO: 7000 move(s) completed (4 accepted (0.0571 %)). Current N = 2. Average N = 1.689
2021-03-26 10:16:18,505 - INFO: 7050 move(s) completed (4 accepted (0.0567 %)). Current N = 2. Average N = 1.692
2021-03-26 10:16:27,233 - INFO: 7100 move(s) completed (4 accepted (0.0563 %)). Current N = 2. Average N = 1.694
2021-03-26 10:16:36,004 - INFO: 7150 move(s) completed (4 accepted (0.0559 %)). Current N = 2. Average N = 1.696
2021-03-26 10:16:45,199 - INFO: 7200 move(s) completed (4 accepted (0.0556 %)). Current N = 2. Average N = 1.698
2021-03-26 10:16:54,549 - INFO: 7250 move(s) completed (4 accepted (0.0552 %)). Current N = 2. Average N = 1.700
2021-03-26 10:17:03,561 - INFO: 7300 move(s) completed (4 accepted (0.0548 %)). Current N = 2. Average N = 1.702
2021-03-26 10:17:12,643 - INFO: 7350 move(s) completed (4 accepted (0.0544 %)). Current N = 2. Average N = 1.704
2021-03-26 10:17:21,549 - INFO: 7400 move(s) completed (4 accepted (0.0541 %)). Current N = 2. Average N = 1.706
2021-03-26 10:17:30,545 - INFO: 7450 move(s) completed (4 accepted (0.0537 %)). Current N = 2. Average N = 1.708
2021-03-26 10:17:39,933 - INFO: 7500 move(s) completed (4 accepted (0.0533 %)). Current N = 2. Average N = 1.710
2021-03-26 10:17:48,871 - INFO: 7550 move(s) completed (4 accepted (0.0530 %)). Current N = 2. Average N = 1.712
2021-03-26 10:17:58,031 - INFO: 7600 move(s) completed (4 accepted (0.0526 %)). Current N = 2. Average N = 1.714
2021-03-26 10:18:06,731 - INFO: 7650 move(s) completed (4 accepted (0.0523 %)). Current N = 2. Average N = 1.716
2021-03-26 10:18:15,994 - INFO: 7700 move(s) completed (4 accepted (0.0519 %)). Current N = 2. Average N = 1.718
2021-03-26 10:18:24,913 - INFO: 7750 move(s) completed (4 accepted (0.0516 %)). Current N = 2. Average N = 1.719
2021-03-26 10:18:33,739 - INFO: 7800 move(s) completed (4 accepted (0.0513 %)). Current N = 2. Average N = 1.721
2021-03-26 10:18:42,970 - INFO: 7850 move(s) completed (4 accepted (0.0510 %)). Current N = 2. Average N = 1.723
2021-03-26 10:18:51,789 - INFO: 7900 move(s) completed (4 accepted (0.0506 %)). Current N = 2. Average N = 1.725
2021-03-26 10:19:01,131 - INFO: 7950 move(s) completed (4 accepted (0.0503 %)). Current N = 2. Average N = 1.726
2021-03-26 10:19:10,136 - INFO: 8000 move(s) completed (4 accepted (0.0500 %)). Current N = 2. Average N = 1.728
2021-03-26 10:19:18,986 - INFO: 8050 move(s) completed (4 accepted (0.0497 %)). Current N = 2. Average N = 1.730
2021-03-26 10:19:28,197 - INFO: 8100 move(s) completed (4 accepted (0.0494 %)). Current N = 2. Average N = 1.732
2021-03-26 10:19:37,197 - INFO: 8150 move(s) completed (4 accepted (0.0491 %)). Current N = 2. Average N = 1.733
2021-03-26 10:19:46,557 - INFO: 8200 move(s) completed (4 accepted (0.0488 %)). Current N = 2. Average N = 1.735
2021-03-26 10:19:55,213 - INFO: 8250 move(s) completed (4 accepted (0.0485 %)). Current N = 2. Average N = 1.736
2021-03-26 10:20:04,393 - INFO: 8300 move(s) completed (4 accepted (0.0482 %)). Current N = 2. Average N = 1.738
2021-03-26 10:20:13,672 - INFO: 8350 move(s) completed (4 accepted (0.0479 %)). Current N = 2. Average N = 1.740
2021-03-26 10:20:22,600 - INFO: 8400 move(s) completed (4 accepted (0.0476 %)). Current N = 2. Average N = 1.741
2021-03-26 10:20:31,826 - INFO: 8450 move(s) completed (4 accepted (0.0473 %)). Current N = 2. Average N = 1.743
2021-03-26 10:20:40,645 - INFO: 8500 move(s) completed (4 accepted (0.0471 %)). Current N = 2. Average N = 1.744
2021-03-26 10:20:49,853 - INFO: 8550 move(s) completed (4 accepted (0.0468 %)). Current N = 2. Average N = 1.746
2021-03-26 10:20:58,168 - INFO: 8600 move(s) completed (4 accepted (0.0465 %)). Current N = 2. Average N = 1.747
2021-03-26 10:21:06,988 - INFO: 8650 move(s) completed (4 accepted (0.0462 %)). Current N = 2. Average N = 1.749
2021-03-26 10:21:15,474 - INFO: 8700 move(s) completed (4 accepted (0.0460 %)). Current N = 2. Average N = 1.750
2021-03-26 10:21:24,614 - INFO: 8750 move(s) completed (4 accepted (0.0457 %)). Current N = 2. Average N = 1.751
2021-03-26 10:21:34,101 - INFO: 8800 move(s) completed (4 accepted (0.0455 %)). Current N = 2. Average N = 1.753
2021-03-26 10:21:42,984 - INFO: 8850 move(s) completed (4 accepted (0.0452 %)). Current N = 2. Average N = 1.754
2021-03-26 10:21:52,272 - INFO: 8900 move(s) completed (4 accepted (0.0449 %)). Current N = 2. Average N = 1.756
2021-03-26 10:22:00,785 - INFO: 8950 move(s) completed (4 accepted (0.0447 %)). Current N = 2. Average N = 1.757
2021-03-26 10:22:09,826 - INFO: 9000 move(s) completed (4 accepted (0.0444 %)). Current N = 2. Average N = 1.758
2021-03-26 10:22:18,443 - INFO: 9050 move(s) completed (4 accepted (0.0442 %)). Current N = 2. Average N = 1.760
2021-03-26 10:22:27,093 - INFO: 9100 move(s) completed (4 accepted (0.0440 %)). Current N = 2. Average N = 1.761
2021-03-26 10:22:36,460 - INFO: 9150 move(s) completed (4 accepted (0.0437 %)). Current N = 2. Average N = 1.762
2021-03-26 10:22:45,313 - INFO: 9200 move(s) completed (4 accepted (0.0435 %)). Current N = 2. Average N = 1.764
2021-03-26 10:22:54,473 - INFO: 9250 move(s) completed (4 accepted (0.0432 %)). Current N = 2. Average N = 1.765
2021-03-26 10:23:03,069 - INFO: 9300 move(s) completed (4 accepted (0.0430 %)). Current N = 2. Average N = 1.766
2021-03-26 10:23:12,344 - INFO: 9350 move(s) completed (4 accepted (0.0428 %)). Current N = 2. Average N = 1.767
2021-03-26 10:23:21,095 - INFO: 9400 move(s) completed (4 accepted (0.0426 %)). Current N = 2. Average N = 1.769
2021-03-26 10:23:29,866 - INFO: 9450 move(s) completed (4 accepted (0.0423 %)). Current N = 2. Average N = 1.770
2021-03-26 10:23:39,140 - INFO: 9500 move(s) completed (4 accepted (0.0421 %)). Current N = 2. Average N = 1.771
2021-03-26 10:23:47,783 - INFO: 9550 move(s) completed (4 accepted (0.0419 %)). Current N = 2. Average N = 1.772
2021-03-26 10:23:56,865 - INFO: 9600 move(s) completed (4 accepted (0.0417 %)). Current N = 2. Average N = 1.773
2021-03-26 10:24:05,627 - INFO: 9650 move(s) completed (4 accepted (0.0415 %)). Current N = 2. Average N = 1.775
2021-03-26 10:24:14,652 - INFO: 9700 move(s) completed (4 accepted (0.0412 %)). Current N = 2. Average N = 1.776
2021-03-26 10:24:24,210 - INFO: 9750 move(s) completed (4 accepted (0.0410 %)). Current N = 2. Average N = 1.777
2021-03-26 10:24:32,843 - INFO: 9800 move(s) completed (4 accepted (0.0408 %)). Current N = 2. Average N = 1.778
2021-03-26 10:24:42,252 - INFO: 9850 move(s) completed (4 accepted (0.0406 %)). Current N = 2. Average N = 1.779
2021-03-26 10:24:50,858 - INFO: 9900 move(s) completed (4 accepted (0.0404 %)). Current N = 2. Average N = 1.780
2021-03-26 10:25:00,028 - INFO: 9950 move(s) completed (4 accepted (0.0402 %)). Current N = 2. Average N = 1.781
2021-03-26 10:25:08,714 - INFO: 10000 move(s) completed (4 accepted (0.0400 %)). Current N = 2. Average N = 1.782
2021-03-26 10:25:17,655 - INFO: 10050 move(s) completed (4 accepted (0.0398 %)). Current N = 2. Average N = 1.784
2021-03-26 10:25:26,917 - INFO: 10100 move(s) completed (4 accepted (0.0396 %)). Current N = 2. Average N = 1.785
2021-03-26 10:25:35,544 - INFO: 10150 move(s) completed (4 accepted (0.0394 %)). Current N = 2. Average N = 1.786
2021-03-26 10:25:44,476 - INFO: 10200 move(s) completed (4 accepted (0.0392 %)). Current N = 2. Average N = 1.787
2021-03-26 10:25:53,023 - INFO: 10250 move(s) completed (4 accepted (0.0390 %)). Current N = 2. Average N = 1.788
2021-03-26 10:26:02,092 - INFO: 10300 move(s) completed (4 accepted (0.0388 %)). Current N = 2. Average N = 1.789
2021-03-26 10:26:10,647 - INFO: 10350 move(s) completed (4 accepted (0.0386 %)). Current N = 2. Average N = 1.790
2021-03-26 10:26:19,583 - INFO: 10400 move(s) completed (4 accepted (0.0385 %)). Current N = 2. Average N = 1.791
2021-03-26 10:26:29,130 - INFO: 10450 move(s) completed (4 accepted (0.0383 %)). Current N = 2. Average N = 1.792
2021-03-26 10:26:37,875 - INFO: 10500 move(s) completed (6 accepted (0.0571 %)). Current N = 2. Average N = 1.793
2021-03-26 10:26:47,033 - INFO: 10550 move(s) completed (6 accepted (0.0569 %)). Current N = 2. Average N = 1.794
2021-03-26 10:26:55,429 - INFO: 10600 move(s) completed (7 accepted (0.0660 %)). Current N = 3. Average N = 1.795
2021-03-26 10:27:04,398 - INFO: 10650 move(s) completed (7 accepted (0.0657 %)). Current N = 3. Average N = 1.801
2021-03-26 10:27:13,627 - INFO: 10700 move(s) completed (7 accepted (0.0654 %)). Current N = 3. Average N = 1.806
2021-03-26 10:27:22,399 - INFO: 10750 move(s) completed (8 accepted (0.0744 %)). Current N = 2. Average N = 1.810
2021-03-26 10:27:31,632 - INFO: 10800 move(s) completed (8 accepted (0.0741 %)). Current N = 2. Average N = 1.810
2021-03-26 10:27:40,431 - INFO: 10850 move(s) completed (8 accepted (0.0737 %)). Current N = 2. Average N = 1.811
2021-03-26 10:27:49,526 - INFO: 10900 move(s) completed (8 accepted (0.0734 %)). Current N = 2. Average N = 1.812
2021-03-26 10:27:57,993 - INFO: 10950 move(s) completed (8 accepted (0.0731 %)). Current N = 2. Average N = 1.813
2021-03-26 10:28:07,030 - INFO: 11000 move(s) completed (8 accepted (0.0727 %)). Current N = 2. Average N = 1.814
2021-03-26 10:28:16,414 - INFO: 11050 move(s) completed (8 accepted (0.0724 %)). Current N = 2. Average N = 1.815
2021-03-26 10:28:25,360 - INFO: 11100 move(s) completed (8 accepted (0.0721 %)). Current N = 2. Average N = 1.816
2021-03-26 10:28:34,399 - INFO: 11150 move(s) completed (8 accepted (0.0717 %)). Current N = 2. Average N = 1.816
2021-03-26 10:28:43,095 - INFO: 11200 move(s) completed (8 accepted (0.0714 %)). Current N = 2. Average N = 1.817
2021-03-26 10:28:52,053 - INFO: 11250 move(s) completed (8 accepted (0.0711 %)). Current N = 2. Average N = 1.818
2021-03-26 10:29:00,673 - INFO: 11300 move(s) completed (8 accepted (0.0708 %)). Current N = 2. Average N = 1.819
2021-03-26 10:29:09,669 - INFO: 11350 move(s) completed (8 accepted (0.0705 %)). Current N = 2. Average N = 1.820
2021-03-26 10:29:19,004 - INFO: 11400 move(s) completed (8 accepted (0.0702 %)). Current N = 2. Average N = 1.820
2021-03-26 10:29:27,834 - INFO: 11450 move(s) completed (8 accepted (0.0699 %)). Current N = 2. Average N = 1.821
2021-03-26 10:29:36,906 - INFO: 11500 move(s) completed (8 accepted (0.0696 %)). Current N = 2. Average N = 1.822
2021-03-26 10:29:45,636 - INFO: 11550 move(s) completed (8 accepted (0.0693 %)). Current N = 2. Average N = 1.823
2021-03-26 10:29:54,727 - INFO: 11600 move(s) completed (8 accepted (0.0690 %)). Current N = 2. Average N = 1.823
2021-03-26 10:30:04,062 - INFO: 11650 move(s) completed (8 accepted (0.0687 %)). Current N = 2. Average N = 1.824
2021-03-26 10:30:12,943 - INFO: 11700 move(s) completed (8 accepted (0.0684 %)). Current N = 2. Average N = 1.825
2021-03-26 10:30:22,142 - INFO: 11750 move(s) completed (8 accepted (0.0681 %)). Current N = 2. Average N = 1.826
2021-03-26 10:30:30,792 - INFO: 11800 move(s) completed (8 accepted (0.0678 %)). Current N = 2. Average N = 1.827
2021-03-26 10:30:39,983 - INFO: 11850 move(s) completed (8 accepted (0.0675 %)). Current N = 2. Average N = 1.827
2021-03-26 10:30:49,391 - INFO: 11900 move(s) completed (8 accepted (0.0672 %)). Current N = 2. Average N = 1.828
2021-03-26 10:30:58,379 - INFO: 11950 move(s) completed (8 accepted (0.0669 %)). Current N = 2. Average N = 1.829
2021-03-26 10:31:07,492 - INFO: 12000 move(s) completed (8 accepted (0.0667 %)). Current N = 2. Average N = 1.829
2021-03-26 10:31:16,294 - INFO: 12050 move(s) completed (8 accepted (0.0664 %)). Current N = 2. Average N = 1.830
2021-03-26 10:31:25,574 - INFO: 12100 move(s) completed (8 accepted (0.0661 %)). Current N = 2. Average N = 1.831
2021-03-26 10:31:34,998 - INFO: 12150 move(s) completed (8 accepted (0.0658 %)). Current N = 2. Average N = 1.831
2021-03-26 10:31:43,777 - INFO: 12200 move(s) completed (8 accepted (0.0656 %)). Current N = 2. Average N = 1.832
2021-03-26 10:31:53,070 - INFO: 12250 move(s) completed (8 accepted (0.0653 %)). Current N = 2. Average N = 1.833
2021-03-26 10:32:02,316 - INFO: 12300 move(s) completed (8 accepted (0.0650 %)). Current N = 2. Average N = 1.834
2021-03-26 10:32:11,484 - INFO: 12350 move(s) completed (8 accepted (0.0648 %)). Current N = 2. Average N = 1.834
2021-03-26 10:32:21,005 - INFO: 12400 move(s) completed (8 accepted (0.0645 %)). Current N = 2. Average N = 1.835
2021-03-26 10:32:29,648 - INFO: 12450 move(s) completed (8 accepted (0.0643 %)). Current N = 2. Average N = 1.836
2021-03-26 10:32:38,708 - INFO: 12500 move(s) completed (8 accepted (0.0640 %)). Current N = 2. Average N = 1.836
2021-03-26 10:32:47,118 - INFO: 12550 move(s) completed (9 accepted (0.0717 %)). Current N = 3. Average N = 1.841
2021-03-26 10:32:56,248 - INFO: 12600 move(s) completed (9 accepted (0.0714 %)). Current N = 3. Average N = 1.845
2021-03-26 10:33:05,561 - INFO: 12650 move(s) completed (9 accepted (0.0711 %)). Current N = 3. Average N = 1.850
2021-03-26 10:33:14,307 - INFO: 12700 move(s) completed (9 accepted (0.0709 %)). Current N = 3. Average N = 1.855
2021-03-26 10:33:23,511 - INFO: 12750 move(s) completed (10 accepted (0.0784 %)). Current N = 2. Average N = 1.855
2021-03-26 10:33:32,247 - INFO: 12800 move(s) completed (10 accepted (0.0781 %)). Current N = 2. Average N = 1.856
2021-03-26 10:33:41,382 - INFO: 12850 move(s) completed (10 accepted (0.0778 %)). Current N = 2. Average N = 1.857
2021-03-26 10:33:50,681 - INFO: 12900 move(s) completed (10 accepted (0.0775 %)). Current N = 2. Average N = 1.857
2021-03-26 10:33:59,382 - INFO: 12950 move(s) completed (10 accepted (0.0772 %)). Current N = 2. Average N = 1.858
2021-03-26 10:34:08,641 - INFO: 13000 move(s) completed (10 accepted (0.0769 %)). Current N = 2. Average N = 1.858
2021-03-26 10:34:17,426 - INFO: 13050 move(s) completed (10 accepted (0.0766 %)). Current N = 2. Average N = 1.859
2021-03-26 10:34:26,536 - INFO: 13100 move(s) completed (10 accepted (0.0763 %)). Current N = 2. Average N = 1.859
2021-03-26 10:34:35,888 - INFO: 13150 move(s) completed (10 accepted (0.0760 %)). Current N = 2. Average N = 1.860
2021-03-26 10:34:44,735 - INFO: 13200 move(s) completed (10 accepted (0.0758 %)). Current N = 2. Average N = 1.860
2021-03-26 10:34:53,903 - INFO: 13250 move(s) completed (10 accepted (0.0755 %)). Current N = 2. Average N = 1.861
2021-03-26 10:35:02,607 - INFO: 13300 move(s) completed (10 accepted (0.0752 %)). Current N = 2. Average N = 1.861
2021-03-26 10:35:11,797 - INFO: 13350 move(s) completed (10 accepted (0.0749 %)). Current N = 2. Average N = 1.862
2021-03-26 10:35:20,633 - INFO: 13400 move(s) completed (10 accepted (0.0746 %)). Current N = 2. Average N = 1.863
2021-03-26 10:35:29,547 - INFO: 13450 move(s) completed (10 accepted (0.0743 %)). Current N = 2. Average N = 1.863
2021-03-26 10:35:38,096 - INFO: 13500 move(s) completed (10 accepted (0.0741 %)). Current N = 2. Average N = 1.863
2021-03-26 10:35:46,912 - INFO: 13550 move(s) completed (10 accepted (0.0738 %)). Current N = 2. Average N = 1.864
2021-03-26 10:35:56,307 - INFO: 13600 move(s) completed (10 accepted (0.0735 %)). Current N = 2. Average N = 1.865
2021-03-26 10:36:05,178 - INFO: 13650 move(s) completed (10 accepted (0.0733 %)). Current N = 2. Average N = 1.865
2021-03-26 10:36:14,475 - INFO: 13700 move(s) completed (10 accepted (0.0730 %)). Current N = 2. Average N = 1.865
2021-03-26 10:36:23,236 - INFO: 13750 move(s) completed (10 accepted (0.0727 %)). Current N = 2. Average N = 1.866
2021-03-26 10:36:32,161 - INFO: 13800 move(s) completed (10 accepted (0.0725 %)). Current N = 2. Average N = 1.866
2021-03-26 10:36:41,477 - INFO: 13850 move(s) completed (10 accepted (0.0722 %)). Current N = 2. Average N = 1.867
2021-03-26 10:36:50,389 - INFO: 13900 move(s) completed (10 accepted (0.0719 %)). Current N = 2. Average N = 1.867
2021-03-26 10:36:59,319 - INFO: 13950 move(s) completed (10 accepted (0.0717 %)). Current N = 2. Average N = 1.868
2021-03-26 10:37:07,889 - INFO: 14000 move(s) completed (10 accepted (0.0714 %)). Current N = 2. Average N = 1.868
2021-03-26 10:37:17,063 - INFO: 14050 move(s) completed (10 accepted (0.0712 %)). Current N = 2. Average N = 1.869
2021-03-26 10:37:26,509 - INFO: 14100 move(s) completed (10 accepted (0.0709 %)). Current N = 2. Average N = 1.869
2021-03-26 10:37:35,564 - INFO: 14150 move(s) completed (10 accepted (0.0707 %)). Current N = 2. Average N = 1.870
2021-03-26 10:37:44,863 - INFO: 14200 move(s) completed (10 accepted (0.0704 %)). Current N = 2. Average N = 1.870
2021-03-26 10:37:53,389 - INFO: 14250 move(s) completed (10 accepted (0.0702 %)). Current N = 2. Average N = 1.871
2021-03-26 10:38:02,520 - INFO: 14300 move(s) completed (10 accepted (0.0699 %)). Current N = 2. Average N = 1.871
2021-03-26 10:38:10,847 - INFO: 14350 move(s) completed (10 accepted (0.0697 %)). Current N = 2. Average N = 1.872
2021-03-26 10:38:19,873 - INFO: 14400 move(s) completed (10 accepted (0.0694 %)). Current N = 2. Average N = 1.872
2021-03-26 10:38:29,138 - INFO: 14450 move(s) completed (11 accepted (0.0761 %)). Current N = 3. Average N = 1.873
2021-03-26 10:38:37,906 - INFO: 14500 move(s) completed (11 accepted (0.0759 %)). Current N = 3. Average N = 1.877
2021-03-26 10:38:47,122 - INFO: 14550 move(s) completed (11 accepted (0.0756 %)). Current N = 3. Average N = 1.881
2021-03-26 10:38:55,852 - INFO: 14600 move(s) completed (11 accepted (0.0753 %)). Current N = 3. Average N = 1.885
2021-03-26 10:39:04,958 - INFO: 14650 move(s) completed (11 accepted (0.0751 %)). Current N = 3. Average N = 1.889
2021-03-26 10:39:10,687 - INFO: Change in N of -1 between GCMC batches
2021-03-26 10:39:13,479 - INFO: 14700 move(s) completed (11 accepted (0.0748 %)). Current N = 2. Average N = 1.889
2021-03-26 10:39:19,560 - INFO: Change in N of +1 between GCMC batches
2021-03-26 10:39:22,447 - INFO: 14750 move(s) completed (11 accepted (0.0746 %)). Current N = 3. Average N = 1.893
2021-03-26 10:39:31,461 - INFO: 14800 move(s) completed (11 accepted (0.0743 %)). Current N = 3. Average N = 1.897
2021-03-26 10:39:40,033 - INFO: 14850 move(s) completed (11 accepted (0.0741 %)). Current N = 3. Average N = 1.901
2021-03-26 10:39:49,154 - INFO: 14900 move(s) completed (11 accepted (0.0738 %)). Current N = 3. Average N = 1.904
2021-03-26 10:39:57,813 - INFO: 14950 move(s) completed (11 accepted (0.0736 %)). Current N = 3. Average N = 1.908
2021-03-26 10:40:06,674 - INFO: 15000 move(s) completed (11 accepted (0.0733 %)). Current N = 3. Average N = 1.911
2021-03-26 10:40:16,097 - INFO: 15050 move(s) completed (12 accepted (0.0797 %)). Current N = 2. Average N = 1.912
2021-03-26 10:40:25,321 - INFO: 15100 move(s) completed (12 accepted (0.0795 %)). Current N = 2. Average N = 1.912
2021-03-26 10:40:34,405 - INFO: 15150 move(s) completed (12 accepted (0.0792 %)). Current N = 2. Average N = 1.912
2021-03-26 10:40:43,277 - INFO: 15200 move(s) completed (12 accepted (0.0789 %)). Current N = 2. Average N = 1.913
2021-03-26 10:40:52,638 - INFO: 15250 move(s) completed (12 accepted (0.0787 %)). Current N = 2. Average N = 1.913
2021-03-26 10:41:01,993 - INFO: 15300 move(s) completed (12 accepted (0.0784 %)). Current N = 2. Average N = 1.913
2021-03-26 10:41:10,634 - INFO: 15350 move(s) completed (12 accepted (0.0782 %)). Current N = 2. Average N = 1.914
2021-03-26 10:41:19,811 - INFO: 15400 move(s) completed (12 accepted (0.0779 %)). Current N = 2. Average N = 1.914
2021-03-26 10:41:28,698 - INFO: 15450 move(s) completed (12 accepted (0.0777 %)). Current N = 2. Average N = 1.914
2021-03-26 10:41:37,924 - INFO: 15500 move(s) completed (12 accepted (0.0774 %)). Current N = 2. Average N = 1.914
2021-03-26 10:41:47,337 - INFO: 15550 move(s) completed (12 accepted (0.0772 %)). Current N = 2. Average N = 1.915
2021-03-26 10:41:56,381 - INFO: 15600 move(s) completed (12 accepted (0.0769 %)). Current N = 2. Average N = 1.915
2021-03-26 10:42:05,272 - INFO: 15650 move(s) completed (12 accepted (0.0767 %)). Current N = 2. Average N = 1.915
2021-03-26 10:42:13,857 - INFO: 15700 move(s) completed (12 accepted (0.0764 %)). Current N = 2. Average N = 1.915
2021-03-26 10:42:22,755 - INFO: 15750 move(s) completed (12 accepted (0.0762 %)). Current N = 2. Average N = 1.916
2021-03-26 10:42:31,430 - INFO: 15800 move(s) completed (12 accepted (0.0759 %)). Current N = 2. Average N = 1.916
2021-03-26 10:42:40,516 - INFO: 15850 move(s) completed (12 accepted (0.0757 %)). Current N = 2. Average N = 1.916
2021-03-26 10:42:49,362 - INFO: 15900 move(s) completed (12 accepted (0.0755 %)). Current N = 2. Average N = 1.917
2021-03-26 10:42:58,225 - INFO: 15950 move(s) completed (12 accepted (0.0752 %)). Current N = 2. Average N = 1.917
2021-03-26 10:43:07,493 - INFO: 16000 move(s) completed (12 accepted (0.0750 %)). Current N = 2. Average N = 1.917
2021-03-26 10:43:15,940 - INFO: 16050 move(s) completed (12 accepted (0.0748 %)). Current N = 2. Average N = 1.917
2021-03-26 10:43:24,727 - INFO: 16100 move(s) completed (12 accepted (0.0745 %)). Current N = 2. Average N = 1.918
2021-03-26 10:43:34,134 - INFO: 16150 move(s) completed (12 accepted (0.0743 %)). Current N = 2. Average N = 1.918
2021-03-26 10:43:42,971 - INFO: 16200 move(s) completed (12 accepted (0.0741 %)). Current N = 2. Average N = 1.918
2021-03-26 10:43:52,294 - INFO: 16250 move(s) completed (12 accepted (0.0738 %)). Current N = 2. Average N = 1.918
2021-03-26 10:44:00,949 - INFO: 16300 move(s) completed (12 accepted (0.0736 %)). Current N = 2. Average N = 1.919
2021-03-26 10:44:09,909 - INFO: 16350 move(s) completed (12 accepted (0.0734 %)). Current N = 2. Average N = 1.919
2021-03-26 10:44:19,251 - INFO: 16400 move(s) completed (12 accepted (0.0732 %)). Current N = 2. Average N = 1.919
2021-03-26 10:44:27,956 - INFO: 16450 move(s) completed (12 accepted (0.0729 %)). Current N = 2. Average N = 1.919
2021-03-26 10:44:37,030 - INFO: 16500 move(s) completed (12 accepted (0.0727 %)). Current N = 2. Average N = 1.920
2021-03-26 10:44:45,474 - INFO: 16550 move(s) completed (12 accepted (0.0725 %)). Current N = 2. Average N = 1.920
2021-03-26 10:44:54,552 - INFO: 16600 move(s) completed (12 accepted (0.0723 %)). Current N = 2. Average N = 1.920
2021-03-26 10:45:03,167 - INFO: 16650 move(s) completed (12 accepted (0.0721 %)). Current N = 2. Average N = 1.920
2021-03-26 10:45:12,163 - INFO: 16700 move(s) completed (12 accepted (0.0719 %)). Current N = 2. Average N = 1.921
2021-03-26 10:45:21,679 - INFO: 16750 move(s) completed (12 accepted (0.0716 %)). Current N = 2. Average N = 1.921
2021-03-26 10:45:30,738 - INFO: 16800 move(s) completed (12 accepted (0.0714 %)). Current N = 2. Average N = 1.921
2021-03-26 10:45:39,718 - INFO: 16850 move(s) completed (12 accepted (0.0712 %)). Current N = 2. Average N = 1.921
2021-03-26 10:45:48,358 - INFO: 16900 move(s) completed (12 accepted (0.0710 %)). Current N = 2. Average N = 1.921
2021-03-26 10:45:57,459 - INFO: 16950 move(s) completed (12 accepted (0.0708 %)). Current N = 2. Average N = 1.922
2021-03-26 10:46:06,019 - INFO: 17000 move(s) completed (12 accepted (0.0706 %)). Current N = 2. Average N = 1.922
2021-03-26 10:46:14,920 - INFO: 17050 move(s) completed (14 accepted (0.0821 %)). Current N = 2. Average N = 1.922
2021-03-26 10:46:24,119 - INFO: 17100 move(s) completed (14 accepted (0.0819 %)). Current N = 2. Average N = 1.923
2021-03-26 10:46:32,874 - INFO: 17150 move(s) completed (14 accepted (0.0816 %)). Current N = 2. Average N = 1.923
2021-03-26 10:46:42,124 - INFO: 17200 move(s) completed (14 accepted (0.0814 %)). Current N = 2. Average N = 1.923
2021-03-26 10:46:50,509 - INFO: 17250 move(s) completed (14 accepted (0.0812 %)). Current N = 2. Average N = 1.923
2021-03-26 10:46:59,751 - INFO: 17300 move(s) completed (14 accepted (0.0809 %)). Current N = 2. Average N = 1.923
2021-03-26 10:47:08,479 - INFO: 17350 move(s) completed (14 accepted (0.0807 %)). Current N = 2. Average N = 1.924
2021-03-26 10:47:17,425 - INFO: 17400 move(s) completed (14 accepted (0.0805 %)). Current N = 2. Average N = 1.924
2021-03-26 10:47:26,819 - INFO: 17450 move(s) completed (14 accepted (0.0802 %)). Current N = 2. Average N = 1.924
2021-03-26 10:47:35,587 - INFO: 17500 move(s) completed (14 accepted (0.0800 %)). Current N = 2. Average N = 1.924
2021-03-26 10:47:44,844 - INFO: 17550 move(s) completed (14 accepted (0.0798 %)). Current N = 2. Average N = 1.924
2021-03-26 10:47:53,707 - INFO: 17600 move(s) completed (14 accepted (0.0795 %)). Current N = 2. Average N = 1.925
2021-03-26 10:48:02,699 - INFO: 17650 move(s) completed (14 accepted (0.0793 %)). Current N = 2. Average N = 1.925
2021-03-26 10:48:11,147 - INFO: 17700 move(s) completed (14 accepted (0.0791 %)). Current N = 2. Average N = 1.925
2021-03-26 10:48:20,346 - INFO: 17750 move(s) completed (14 accepted (0.0789 %)). Current N = 2. Average N = 1.925
2021-03-26 10:48:29,625 - INFO: 17800 move(s) completed (14 accepted (0.0787 %)). Current N = 2. Average N = 1.925
2021-03-26 10:48:38,234 - INFO: 17850 move(s) completed (14 accepted (0.0784 %)). Current N = 2. Average N = 1.926
2021-03-26 10:48:47,295 - INFO: 17900 move(s) completed (14 accepted (0.0782 %)). Current N = 2. Average N = 1.926
2021-03-26 10:48:56,039 - INFO: 17950 move(s) completed (14 accepted (0.0780 %)). Current N = 2. Average N = 1.926
2021-03-26 10:49:05,065 - INFO: 18000 move(s) completed (14 accepted (0.0778 %)). Current N = 2. Average N = 1.926
2021-03-26 10:49:13,767 - INFO: 18050 move(s) completed (14 accepted (0.0776 %)). Current N = 2. Average N = 1.927
2021-03-26 10:49:22,773 - INFO: 18100 move(s) completed (14 accepted (0.0773 %)). Current N = 2. Average N = 1.927
2021-03-26 10:49:32,083 - INFO: 18150 move(s) completed (14 accepted (0.0771 %)). Current N = 2. Average N = 1.927
2021-03-26 10:49:40,883 - INFO: 18200 move(s) completed (14 accepted (0.0769 %)). Current N = 2. Average N = 1.927
2021-03-26 10:49:49,891 - INFO: 18250 move(s) completed (14 accepted (0.0767 %)). Current N = 2. Average N = 1.927
2021-03-26 10:49:58,553 - INFO: 18300 move(s) completed (14 accepted (0.0765 %)). Current N = 2. Average N = 1.927
2021-03-26 10:50:07,565 - INFO: 18350 move(s) completed (14 accepted (0.0763 %)). Current N = 2. Average N = 1.928
2021-03-26 10:50:16,783 - INFO: 18400 move(s) completed (14 accepted (0.0761 %)). Current N = 2. Average N = 1.928
2021-03-26 10:50:25,709 - INFO: 18450 move(s) completed (14 accepted (0.0759 %)). Current N = 2. Average N = 1.928
2021-03-26 10:50:34,706 - INFO: 18500 move(s) completed (14 accepted (0.0757 %)). Current N = 2. Average N = 1.928
2021-03-26 10:50:43,583 - INFO: 18550 move(s) completed (14 accepted (0.0755 %)). Current N = 2. Average N = 1.929
2021-03-26 10:50:52,608 - INFO: 18600 move(s) completed (14 accepted (0.0753 %)). Current N = 2. Average N = 1.929
2021-03-26 10:51:01,857 - INFO: 18650 move(s) completed (14 accepted (0.0751 %)). Current N = 2. Average N = 1.929
2021-03-26 10:51:10,654 - INFO: 18700 move(s) completed (14 accepted (0.0749 %)). Current N = 2. Average N = 1.929
2021-03-26 10:51:19,994 - INFO: 18750 move(s) completed (14 accepted (0.0747 %)). Current N = 2. Average N = 1.929
2021-03-26 10:51:28,723 - INFO: 18800 move(s) completed (14 accepted (0.0745 %)). Current N = 2. Average N = 1.929
2021-03-26 10:51:37,800 - INFO: 18850 move(s) completed (14 accepted (0.0743 %)). Current N = 2. Average N = 1.930
2021-03-26 10:51:46,412 - INFO: 18900 move(s) completed (14 accepted (0.0741 %)). Current N = 2. Average N = 1.930
2021-03-26 10:51:55,203 - INFO: 18950 move(s) completed (14 accepted (0.0739 %)). Current N = 2. Average N = 1.930
2021-03-26 10:52:04,510 - INFO: 19000 move(s) completed (14 accepted (0.0737 %)). Current N = 2. Average N = 1.930
2021-03-26 10:52:13,320 - INFO: 19050 move(s) completed (14 accepted (0.0735 %)). Current N = 2. Average N = 1.930
2021-03-26 10:52:22,630 - INFO: 19100 move(s) completed (14 accepted (0.0733 %)). Current N = 2. Average N = 1.931
2021-03-26 10:52:31,114 - INFO: 19150 move(s) completed (14 accepted (0.0731 %)). Current N = 2. Average N = 1.931
2021-03-26 10:52:40,197 - INFO: 19200 move(s) completed (14 accepted (0.0729 %)). Current N = 2. Average N = 1.931
2021-03-26 10:52:48,772 - INFO: 19250 move(s) completed (14 accepted (0.0727 %)). Current N = 2. Average N = 1.931
2021-03-26 10:52:57,601 - INFO: 19300 move(s) completed (14 accepted (0.0725 %)). Current N = 2. Average N = 1.931
2021-03-26 10:53:06,894 - INFO: 19350 move(s) completed (14 accepted (0.0724 %)). Current N = 2. Average N = 1.931
2021-03-26 10:53:15,759 - INFO: 19400 move(s) completed (15 accepted (0.0773 %)). Current N = 3. Average N = 1.933
2021-03-26 10:53:24,840 - INFO: 19450 move(s) completed (16 accepted (0.0823 %)). Current N = 2. Average N = 1.933
2021-03-26 10:53:33,748 - INFO: 19500 move(s) completed (16 accepted (0.0821 %)). Current N = 2. Average N = 1.933
2021-03-26 10:53:42,582 - INFO: 19550 move(s) completed (16 accepted (0.0818 %)). Current N = 2. Average N = 1.933
2021-03-26 10:53:51,263 - INFO: 19600 move(s) completed (16 accepted (0.0816 %)). Current N = 2. Average N = 1.933
2021-03-26 10:54:00,411 - INFO: 19650 move(s) completed (16 accepted (0.0814 %)). Current N = 2. Average N = 1.934
2021-03-26 10:54:09,592 - INFO: 19700 move(s) completed (16 accepted (0.0812 %)). Current N = 2. Average N = 1.934
2021-03-26 10:54:18,216 - INFO: 19750 move(s) completed (16 accepted (0.0810 %)). Current N = 2. Average N = 1.934
2021-03-26 10:54:27,282 - INFO: 19800 move(s) completed (16 accepted (0.0808 %)). Current N = 2. Average N = 1.934
2021-03-26 10:54:35,895 - INFO: 19850 move(s) completed (16 accepted (0.0806 %)). Current N = 2. Average N = 1.934
2021-03-26 10:54:44,908 - INFO: 19900 move(s) completed (16 accepted (0.0804 %)). Current N = 2. Average N = 1.935
2021-03-26 10:54:53,684 - INFO: 19950 move(s) completed (16 accepted (0.0802 %)). Current N = 2. Average N = 1.935
2021-03-26 10:55:02,793 - INFO: 20000 move(s) completed (16 accepted (0.0800 %)). Current N = 2. Average N = 1.935
2021-03-26 10:55:12,136 - INFO: 20050 move(s) completed (16 accepted (0.0798 %)). Current N = 2. Average N = 1.935
2021-03-26 10:55:20,912 - INFO: 20100 move(s) completed (16 accepted (0.0796 %)). Current N = 2. Average N = 1.935
2021-03-26 10:55:30,173 - INFO: 20150 move(s) completed (16 accepted (0.0794 %)). Current N = 2. Average N = 1.935
2021-03-26 10:55:38,998 - INFO: 20200 move(s) completed (16 accepted (0.0792 %)). Current N = 2. Average N = 1.935
2021-03-26 10:55:47,968 - INFO: 20250 move(s) completed (16 accepted (0.0790 %)). Current N = 2. Average N = 1.936
2021-03-26 10:55:57,206 - INFO: 20300 move(s) completed (16 accepted (0.0788 %)). Current N = 2. Average N = 1.936
2021-03-26 10:56:05,742 - INFO: 20350 move(s) completed (16 accepted (0.0786 %)). Current N = 2. Average N = 1.936
2021-03-26 10:56:15,132 - INFO: 20400 move(s) completed (16 accepted (0.0784 %)). Current N = 2. Average N = 1.936
2021-03-26 10:56:24,727 - INFO: 20450 move(s) completed (16 accepted (0.0782 %)). Current N = 2. Average N = 1.936
2021-03-26 10:56:33,625 - INFO: 20500 move(s) completed (16 accepted (0.0780 %)). Current N = 2. Average N = 1.936
2021-03-26 10:56:42,750 - INFO: 20550 move(s) completed (16 accepted (0.0779 %)). Current N = 2. Average N = 1.937
2021-03-26 10:56:51,229 - INFO: 20600 move(s) completed (16 accepted (0.0777 %)). Current N = 2. Average N = 1.937
2021-03-26 10:57:00,397 - INFO: 20650 move(s) completed (18 accepted (0.0872 %)). Current N = 2. Average N = 1.937
2021-03-26 10:57:09,127 - INFO: 20700 move(s) completed (18 accepted (0.0870 %)). Current N = 2. Average N = 1.937
2021-03-26 10:57:18,174 - INFO: 20750 move(s) completed (18 accepted (0.0867 %)). Current N = 2. Average N = 1.937
2021-03-26 10:57:27,558 - INFO: 20800 move(s) completed (18 accepted (0.0865 %)). Current N = 2. Average N = 1.937
2021-03-26 10:57:36,175 - INFO: 20850 move(s) completed (18 accepted (0.0863 %)). Current N = 2. Average N = 1.938
2021-03-26 10:57:45,461 - INFO: 20900 move(s) completed (18 accepted (0.0861 %)). Current N = 2. Average N = 1.938
2021-03-26 10:57:54,405 - INFO: 20950 move(s) completed (18 accepted (0.0859 %)). Current N = 2. Average N = 1.938
2021-03-26 10:58:03,182 - INFO: 21000 move(s) completed (18 accepted (0.0857 %)). Current N = 2. Average N = 1.938
2021-03-26 10:58:11,645 - INFO: 21050 move(s) completed (18 accepted (0.0855 %)). Current N = 2. Average N = 1.938
2021-03-26 10:58:20,576 - INFO: 21100 move(s) completed (18 accepted (0.0853 %)). Current N = 2. Average N = 1.938
2021-03-26 10:58:29,881 - INFO: 21150 move(s) completed (18 accepted (0.0851 %)). Current N = 2. Average N = 1.938
2021-03-26 10:58:38,490 - INFO: 21200 move(s) completed (18 accepted (0.0849 %)). Current N = 2. Average N = 1.938
2021-03-26 10:58:47,583 - INFO: 21250 move(s) completed (18 accepted (0.0847 %)). Current N = 2. Average N = 1.939
2021-03-26 10:58:56,292 - INFO: 21300 move(s) completed (18 accepted (0.0845 %)). Current N = 2. Average N = 1.939
2021-03-26 10:59:05,270 - INFO: 21350 move(s) completed (18 accepted (0.0843 %)). Current N = 2. Average N = 1.939
2021-03-26 10:59:13,690 - INFO: 21400 move(s) completed (18 accepted (0.0841 %)). Current N = 2. Average N = 1.939
2021-03-26 10:59:22,692 - INFO: 21450 move(s) completed (18 accepted (0.0839 %)). Current N = 2. Average N = 1.939
2021-03-26 10:59:31,999 - INFO: 21500 move(s) completed (18 accepted (0.0837 %)). Current N = 2. Average N = 1.939
2021-03-26 10:59:40,778 - INFO: 21550 move(s) completed (18 accepted (0.0835 %)). Current N = 2. Average N = 1.940
2021-03-26 10:59:50,000 - INFO: 21600 move(s) completed (18 accepted (0.0833 %)). Current N = 2. Average N = 1.940
2021-03-26 10:59:58,603 - INFO: 21650 move(s) completed (18 accepted (0.0831 %)). Current N = 2. Average N = 1.940
2021-03-26 11:00:07,800 - INFO: 21700 move(s) completed (18 accepted (0.0829 %)). Current N = 2. Average N = 1.940
2021-03-26 11:00:17,075 - INFO: 21750 move(s) completed (18 accepted (0.0828 %)). Current N = 2. Average N = 1.940
2021-03-26 11:00:26,016 - INFO: 21800 move(s) completed (18 accepted (0.0826 %)). Current N = 2. Average N = 1.940
2021-03-26 11:00:35,032 - INFO: 21850 move(s) completed (18 accepted (0.0824 %)). Current N = 2. Average N = 1.940
2021-03-26 11:00:43,402 - INFO: 21900 move(s) completed (18 accepted (0.0822 %)). Current N = 2. Average N = 1.940
2021-03-26 11:00:52,977 - INFO: 21950 move(s) completed (18 accepted (0.0820 %)). Current N = 2. Average N = 1.941
2021-03-26 11:01:01,458 - INFO: 22000 move(s) completed (18 accepted (0.0818 %)). Current N = 2. Average N = 1.941
2021-03-26 11:01:10,549 - INFO: 22050 move(s) completed (18 accepted (0.0816 %)). Current N = 2. Average N = 1.941
2021-03-26 11:01:19,771 - INFO: 22100 move(s) completed (18 accepted (0.0814 %)). Current N = 2. Average N = 1.941
2021-03-26 11:01:28,510 - INFO: 22150 move(s) completed (18 accepted (0.0813 %)). Current N = 2. Average N = 1.941
2021-03-26 11:01:37,953 - INFO: 22200 move(s) completed (18 accepted (0.0811 %)). Current N = 2. Average N = 1.941
2021-03-26 11:01:46,928 - INFO: 22250 move(s) completed (20 accepted (0.0899 %)). Current N = 2. Average N = 1.942
2021-03-26 11:01:55,901 - INFO: 22300 move(s) completed (20 accepted (0.0897 %)). Current N = 2. Average N = 1.942
2021-03-26 11:02:05,136 - INFO: 22350 move(s) completed (20 accepted (0.0895 %)). Current N = 2. Average N = 1.942
2021-03-26 11:02:14,131 - INFO: 22400 move(s) completed (20 accepted (0.0893 %)). Current N = 2. Average N = 1.942
2021-03-26 11:02:23,525 - INFO: 22450 move(s) completed (20 accepted (0.0891 %)). Current N = 2. Average N = 1.942
2021-03-26 11:02:32,236 - INFO: 22500 move(s) completed (20 accepted (0.0889 %)). Current N = 2. Average N = 1.942
2021-03-26 11:02:41,429 - INFO: 22550 move(s) completed (20 accepted (0.0887 %)). Current N = 2. Average N = 1.942
2021-03-26 11:02:50,291 - INFO: 22600 move(s) completed (20 accepted (0.0885 %)). Current N = 2. Average N = 1.943
2021-03-26 11:02:59,052 - INFO: 22650 move(s) completed (20 accepted (0.0883 %)). Current N = 2. Average N = 1.943
2021-03-26 11:03:08,456 - INFO: 22700 move(s) completed (20 accepted (0.0881 %)). Current N = 2. Average N = 1.943
2021-03-26 11:03:17,368 - INFO: 22750 move(s) completed (20 accepted (0.0879 %)). Current N = 2. Average N = 1.943
2021-03-26 11:03:26,433 - INFO: 22800 move(s) completed (20 accepted (0.0877 %)). Current N = 2. Average N = 1.943
2021-03-26 11:03:35,006 - INFO: 22850 move(s) completed (20 accepted (0.0875 %)). Current N = 2. Average N = 1.943
2021-03-26 11:03:44,125 - INFO: 22900 move(s) completed (20 accepted (0.0873 %)). Current N = 2. Average N = 1.943
2021-03-26 11:03:52,847 - INFO: 22950 move(s) completed (20 accepted (0.0871 %)). Current N = 2. Average N = 1.944
2021-03-26 11:04:01,773 - INFO: 23000 move(s) completed (20 accepted (0.0870 %)). Current N = 2. Average N = 1.944
2021-03-26 11:04:10,269 - INFO: 23050 move(s) completed (20 accepted (0.0868 %)). Current N = 2. Average N = 1.944
2021-03-26 11:04:19,115 - INFO: 23100 move(s) completed (20 accepted (0.0866 %)). Current N = 2. Average N = 1.944
2021-03-26 11:04:28,397 - INFO: 23150 move(s) completed (20 accepted (0.0864 %)). Current N = 2. Average N = 1.944
2021-03-26 11:04:37,168 - INFO: 23200 move(s) completed (20 accepted (0.0862 %)). Current N = 2. Average N = 1.944
2021-03-26 11:04:46,416 - INFO: 23250 move(s) completed (20 accepted (0.0860 %)). Current N = 2. Average N = 1.944
2021-03-26 11:04:55,050 - INFO: 23300 move(s) completed (20 accepted (0.0858 %)). Current N = 2. Average N = 1.944
2021-03-26 11:05:03,979 - INFO: 23350 move(s) completed (20 accepted (0.0857 %)). Current N = 2. Average N = 1.944
2021-03-26 11:05:13,178 - INFO: 23400 move(s) completed (20 accepted (0.0855 %)). Current N = 2. Average N = 1.945
2021-03-26 11:05:22,313 - INFO: 23450 move(s) completed (20 accepted (0.0853 %)). Current N = 2. Average N = 1.945
2021-03-26 11:05:31,290 - INFO: 23500 move(s) completed (20 accepted (0.0851 %)). Current N = 2. Average N = 1.945
2021-03-26 11:05:40,176 - INFO: 23550 move(s) completed (20 accepted (0.0849 %)). Current N = 2. Average N = 1.945
2021-03-26 11:05:49,251 - INFO: 23600 move(s) completed (20 accepted (0.0847 %)). Current N = 2. Average N = 1.945
2021-03-26 11:05:58,605 - INFO: 23650 move(s) completed (20 accepted (0.0846 %)). Current N = 2. Average N = 1.945
2021-03-26 11:06:07,296 - INFO: 23700 move(s) completed (20 accepted (0.0844 %)). Current N = 2. Average N = 1.945
2021-03-26 11:06:16,591 - INFO: 23750 move(s) completed (20 accepted (0.0842 %)). Current N = 2. Average N = 1.945
2021-03-26 11:06:25,409 - INFO: 23800 move(s) completed (20 accepted (0.0840 %)). Current N = 2. Average N = 1.946
2021-03-26 11:06:34,312 - INFO: 23850 move(s) completed (20 accepted (0.0839 %)). Current N = 2. Average N = 1.946
2021-03-26 11:06:42,931 - INFO: 23900 move(s) completed (20 accepted (0.0837 %)). Current N = 2. Average N = 1.946
2021-03-26 11:06:51,958 - INFO: 23950 move(s) completed (20 accepted (0.0835 %)). Current N = 2. Average N = 1.946
2021-03-26 11:07:01,492 - INFO: 24000 move(s) completed (20 accepted (0.0833 %)). Current N = 2. Average N = 1.946
2021-03-26 11:07:10,393 - INFO: 24050 move(s) completed (20 accepted (0.0832 %)). Current N = 2. Average N = 1.946
2021-03-26 11:07:19,505 - INFO: 24100 move(s) completed (20 accepted (0.0830 %)). Current N = 2. Average N = 1.946
2021-03-26 11:07:28,224 - INFO: 24150 move(s) completed (20 accepted (0.0828 %)). Current N = 2. Average N = 1.946
2021-03-26 11:07:37,433 - INFO: 24200 move(s) completed (20 accepted (0.0826 %)). Current N = 2. Average N = 1.946
2021-03-26 11:07:46,944 - INFO: 24250 move(s) completed (20 accepted (0.0825 %)). Current N = 2. Average N = 1.946
2021-03-26 11:07:55,829 - INFO: 24300 move(s) completed (20 accepted (0.0823 %)). Current N = 2. Average N = 1.947
2021-03-26 11:08:05,129 - INFO: 24350 move(s) completed (20 accepted (0.0821 %)). Current N = 2. Average N = 1.947
2021-03-26 11:08:13,799 - INFO: 24400 move(s) completed (20 accepted (0.0820 %)). Current N = 2. Average N = 1.947
2021-03-26 11:08:22,916 - INFO: 24450 move(s) completed (20 accepted (0.0818 %)). Current N = 2. Average N = 1.947
2021-03-26 11:08:31,346 - INFO: 24500 move(s) completed (20 accepted (0.0816 %)). Current N = 2. Average N = 1.947
2021-03-26 11:08:40,399 - INFO: 24550 move(s) completed (20 accepted (0.0815 %)). Current N = 2. Average N = 1.947
2021-03-26 11:08:49,822 - INFO: 24600 move(s) completed (20 accepted (0.0813 %)). Current N = 2. Average N = 1.947
2021-03-26 11:08:58,658 - INFO: 24650 move(s) completed (20 accepted (0.0811 %)). Current N = 2. Average N = 1.947
2021-03-26 11:09:07,562 - INFO: 24700 move(s) completed (20 accepted (0.0810 %)). Current N = 2. Average N = 1.948
2021-03-26 11:09:16,445 - INFO: 24750 move(s) completed (20 accepted (0.0808 %)). Current N = 2. Average N = 1.948
2021-03-26 11:09:25,384 - INFO: 24800 move(s) completed (20 accepted (0.0806 %)). Current N = 2. Average N = 1.948
2021-03-26 11:09:34,049 - INFO: 24850 move(s) completed (20 accepted (0.0805 %)). Current N = 2. Average N = 1.948
2021-03-26 11:09:42,781 - INFO: 24900 move(s) completed (20 accepted (0.0803 %)). Current N = 2. Average N = 1.948
2021-03-26 11:09:51,941 - INFO: 24950 move(s) completed (20 accepted (0.0802 %)). Current N = 2. Average N = 1.948
2021-03-26 11:10:00,692 - INFO: 25000 move(s) completed (20 accepted (0.0800 %)). Current N = 2. Average N = 1.948
2021-03-26 11:10:09,900 - INFO: 25050 move(s) completed (20 accepted (0.0798 %)). Current N = 2. Average N = 1.948
2021-03-26 11:10:18,566 - INFO: 25100 move(s) completed (20 accepted (0.0797 %)). Current N = 2. Average N = 1.948
2021-03-26 11:10:27,724 - INFO: 25150 move(s) completed (20 accepted (0.0795 %)). Current N = 2. Average N = 1.948
2021-03-26 11:10:37,036 - INFO: 25200 move(s) completed (20 accepted (0.0794 %)). Current N = 2. Average N = 1.948
2021-03-26 11:10:45,751 - INFO: 25250 move(s) completed (20 accepted (0.0792 %)). Current N = 2. Average N = 1.949
2021-03-26 11:10:54,933 - INFO: 25300 move(s) completed (20 accepted (0.0791 %)). Current N = 2. Average N = 1.949
2021-03-26 11:11:03,558 - INFO: 25350 move(s) completed (20 accepted (0.0789 %)). Current N = 2. Average N = 1.949
2021-03-26 11:11:12,779 - INFO: 25400 move(s) completed (20 accepted (0.0787 %)). Current N = 2. Average N = 1.949
2021-03-26 11:11:21,311 - INFO: 25450 move(s) completed (20 accepted (0.0786 %)). Current N = 2. Average N = 1.949
2021-03-26 11:11:30,455 - INFO: 25500 move(s) completed (20 accepted (0.0784 %)). Current N = 2. Average N = 1.949
2021-03-26 11:11:39,146 - INFO: 25550 move(s) completed (20 accepted (0.0783 %)). Current N = 2. Average N = 1.949
2021-03-26 11:11:47,980 - INFO: 25600 move(s) completed (20 accepted (0.0781 %)). Current N = 2. Average N = 1.949
2021-03-26 11:11:57,279 - INFO: 25650 move(s) completed (20 accepted (0.0780 %)). Current N = 2. Average N = 1.949
2021-03-26 11:12:05,816 - INFO: 25700 move(s) completed (20 accepted (0.0778 %)). Current N = 2. Average N = 1.950
2021-03-26 11:12:14,934 - INFO: 25750 move(s) completed (20 accepted (0.0777 %)). Current N = 2. Average N = 1.950
2021-03-26 11:12:23,740 - INFO: 25800 move(s) completed (20 accepted (0.0775 %)). Current N = 2. Average N = 1.950
2021-03-26 11:12:32,912 - INFO: 25850 move(s) completed (20 accepted (0.0774 %)). Current N = 2. Average N = 1.950
2021-03-26 11:12:42,363 - INFO: 25900 move(s) completed (20 accepted (0.0772 %)). Current N = 2. Average N = 1.950
2021-03-26 11:12:51,306 - INFO: 25950 move(s) completed (20 accepted (0.0771 %)). Current N = 2. Average N = 1.950
2021-03-26 11:13:00,570 - INFO: 26000 move(s) completed (20 accepted (0.0769 %)). Current N = 2. Average N = 1.950
2021-03-26 11:13:09,457 - INFO: 26050 move(s) completed (20 accepted (0.0768 %)). Current N = 2. Average N = 1.950
2021-03-26 11:13:18,573 - INFO: 26100 move(s) completed (20 accepted (0.0766 %)). Current N = 2. Average N = 1.950
2021-03-26 11:13:28,043 - INFO: 26150 move(s) completed (20 accepted (0.0765 %)). Current N = 2. Average N = 1.950
2021-03-26 11:13:36,840 - INFO: 26200 move(s) completed (20 accepted (0.0763 %)). Current N = 2. Average N = 1.950
2021-03-26 11:13:45,961 - INFO: 26250 move(s) completed (20 accepted (0.0762 %)). Current N = 2. Average N = 1.951
2021-03-26 11:13:54,813 - INFO: 26300 move(s) completed (20 accepted (0.0760 %)). Current N = 2. Average N = 1.951
2021-03-26 11:14:04,183 - INFO: 26350 move(s) completed (20 accepted (0.0759 %)). Current N = 2. Average N = 1.951
2021-03-26 11:14:12,934 - INFO: 26400 move(s) completed (20 accepted (0.0758 %)). Current N = 2. Average N = 1.951
2021-03-26 11:14:22,064 - INFO: 26450 move(s) completed (20 accepted (0.0756 %)). Current N = 2. Average N = 1.951
2021-03-26 11:14:31,074 - INFO: 26500 move(s) completed (20 accepted (0.0755 %)). Current N = 2. Average N = 1.951
2021-03-26 11:14:40,044 - INFO: 26550 move(s) completed (20 accepted (0.0753 %)). Current N = 2. Average N = 1.951
2021-03-26 11:14:49,486 - INFO: 26600 move(s) completed (20 accepted (0.0752 %)). Current N = 2. Average N = 1.951
2021-03-26 11:14:58,130 - INFO: 26650 move(s) completed (20 accepted (0.0750 %)). Current N = 2. Average N = 1.951
2021-03-26 11:15:07,063 - INFO: 26700 move(s) completed (20 accepted (0.0749 %)). Current N = 2. Average N = 1.951
2021-03-26 11:15:15,809 - INFO: 26750 move(s) completed (20 accepted (0.0748 %)). Current N = 2. Average N = 1.952
2021-03-26 11:15:24,651 - INFO: 26800 move(s) completed (20 accepted (0.0746 %)). Current N = 2. Average N = 1.952
2021-03-26 11:15:33,089 - INFO: 26850 move(s) completed (20 accepted (0.0745 %)). Current N = 2. Average N = 1.952
2021-03-26 11:15:41,928 - INFO: 26900 move(s) completed (20 accepted (0.0743 %)). Current N = 2. Average N = 1.952
2021-03-26 11:15:51,292 - INFO: 26950 move(s) completed (20 accepted (0.0742 %)). Current N = 2. Average N = 1.952
2021-03-26 11:16:00,469 - INFO: 27000 move(s) completed (20 accepted (0.0741 %)). Current N = 2. Average N = 1.952
2021-03-26 11:16:09,756 - INFO: 27050 move(s) completed (20 accepted (0.0739 %)). Current N = 2. Average N = 1.952
2021-03-26 11:16:18,467 - INFO: 27100 move(s) completed (20 accepted (0.0738 %)). Current N = 2. Average N = 1.952
2021-03-26 11:16:27,500 - INFO: 27150 move(s) completed (20 accepted (0.0737 %)). Current N = 2. Average N = 1.952
2021-03-26 11:16:36,550 - INFO: 27200 move(s) completed (20 accepted (0.0735 %)). Current N = 2. Average N = 1.952
2021-03-26 11:16:45,329 - INFO: 27250 move(s) completed (20 accepted (0.0734 %)). Current N = 2. Average N = 1.952
2021-03-26 11:16:54,785 - INFO: 27300 move(s) completed (20 accepted (0.0733 %)). Current N = 2. Average N = 1.952
2021-03-26 11:17:03,238 - INFO: 27350 move(s) completed (20 accepted (0.0731 %)). Current N = 2. Average N = 1.953
2021-03-26 11:17:11,881 - INFO: 27400 move(s) completed (20 accepted (0.0730 %)). Current N = 2. Average N = 1.953
2021-03-26 11:17:21,042 - INFO: 27450 move(s) completed (20 accepted (0.0729 %)). Current N = 2. Average N = 1.953
2021-03-26 11:17:29,836 - INFO: 27500 move(s) completed (20 accepted (0.0727 %)). Current N = 2. Average N = 1.953
2021-03-26 11:17:38,802 - INFO: 27550 move(s) completed (20 accepted (0.0726 %)). Current N = 2. Average N = 1.953
2021-03-26 11:17:47,583 - INFO: 27600 move(s) completed (20 accepted (0.0725 %)). Current N = 2. Average N = 1.953
2021-03-26 11:17:56,743 - INFO: 27650 move(s) completed (20 accepted (0.0723 %)). Current N = 2. Average N = 1.953
2021-03-26 11:18:05,453 - INFO: 27700 move(s) completed (20 accepted (0.0722 %)). Current N = 2. Average N = 1.953
2021-03-26 11:18:14,236 - INFO: 27750 move(s) completed (20 accepted (0.0721 %)). Current N = 2. Average N = 1.953
2021-03-26 11:18:23,449 - INFO: 27800 move(s) completed (20 accepted (0.0719 %)). Current N = 2. Average N = 1.953
2021-03-26 11:18:32,210 - INFO: 27850 move(s) completed (20 accepted (0.0718 %)). Current N = 2. Average N = 1.953
2021-03-26 11:18:41,507 - INFO: 27900 move(s) completed (20 accepted (0.0717 %)). Current N = 2. Average N = 1.954
2021-03-26 11:18:50,101 - INFO: 27950 move(s) completed (20 accepted (0.0716 %)). Current N = 2. Average N = 1.954
2021-03-26 11:18:58,987 - INFO: 28000 move(s) completed (20 accepted (0.0714 %)). Current N = 2. Average N = 1.954
2021-03-26 11:19:08,500 - INFO: 28050 move(s) completed (20 accepted (0.0713 %)). Current N = 2. Average N = 1.954
2021-03-26 11:19:17,424 - INFO: 28100 move(s) completed (20 accepted (0.0712 %)). Current N = 2. Average N = 1.954
2021-03-26 11:19:26,797 - INFO: 28150 move(s) completed (20 accepted (0.0710 %)). Current N = 2. Average N = 1.954
2021-03-26 11:19:35,463 - INFO: 28200 move(s) completed (20 accepted (0.0709 %)). Current N = 2. Average N = 1.954
2021-03-26 11:19:44,486 - INFO: 28250 move(s) completed (20 accepted (0.0708 %)). Current N = 2. Average N = 1.954
2021-03-26 11:19:52,816 - INFO: 28300 move(s) completed (20 accepted (0.0707 %)). Current N = 2. Average N = 1.954
2021-03-26 11:20:01,554 - INFO: 28350 move(s) completed (20 accepted (0.0705 %)). Current N = 2. Average N = 1.954
2021-03-26 11:20:11,046 - INFO: 28400 move(s) completed (20 accepted (0.0704 %)). Current N = 2. Average N = 1.954
2021-03-26 11:20:19,959 - INFO: 28450 move(s) completed (20 accepted (0.0703 %)). Current N = 2. Average N = 1.954
2021-03-26 11:20:29,021 - INFO: 28500 move(s) completed (20 accepted (0.0702 %)). Current N = 2. Average N = 1.954
2021-03-26 11:20:37,725 - INFO: 28550 move(s) completed (20 accepted (0.0701 %)). Current N = 2. Average N = 1.955
2021-03-26 11:20:46,631 - INFO: 28600 move(s) completed (20 accepted (0.0699 %)). Current N = 2. Average N = 1.955
2021-03-26 11:20:55,176 - INFO: 28650 move(s) completed (20 accepted (0.0698 %)). Current N = 2. Average N = 1.955
2021-03-26 11:21:04,251 - INFO: 28700 move(s) completed (20 accepted (0.0697 %)). Current N = 2. Average N = 1.955
2021-03-26 11:21:13,511 - INFO: 28750 move(s) completed (20 accepted (0.0696 %)). Current N = 2. Average N = 1.955
2021-03-26 11:21:22,305 - INFO: 28800 move(s) completed (20 accepted (0.0694 %)). Current N = 2. Average N = 1.955
2021-03-26 11:21:31,291 - INFO: 28850 move(s) completed (20 accepted (0.0693 %)). Current N = 2. Average N = 1.955
2021-03-26 11:21:39,911 - INFO: 28900 move(s) completed (20 accepted (0.0692 %)). Current N = 2. Average N = 1.955
2021-03-26 11:21:49,009 - INFO: 28950 move(s) completed (20 accepted (0.0691 %)). Current N = 2. Average N = 1.955
2021-03-26 11:21:57,677 - INFO: 29000 move(s) completed (20 accepted (0.0690 %)). Current N = 2. Average N = 1.955
2021-03-26 11:22:06,634 - INFO: 29050 move(s) completed (20 accepted (0.0688 %)). Current N = 2. Average N = 1.955
2021-03-26 11:22:15,966 - INFO: 29100 move(s) completed (20 accepted (0.0687 %)). Current N = 2. Average N = 1.955
2021-03-26 11:22:24,927 - INFO: 29150 move(s) completed (20 accepted (0.0686 %)). Current N = 2. Average N = 1.956
2021-03-26 11:22:34,197 - INFO: 29200 move(s) completed (20 accepted (0.0685 %)). Current N = 2. Average N = 1.956
2021-03-26 11:22:43,449 - INFO: 29250 move(s) completed (22 accepted (0.0752 %)). Current N = 2. Average N = 1.956
2021-03-26 11:22:52,629 - INFO: 29300 move(s) completed (22 accepted (0.0751 %)). Current N = 2. Average N = 1.956
2021-03-26 11:23:01,859 - INFO: 29350 move(s) completed (22 accepted (0.0750 %)). Current N = 2. Average N = 1.956
2021-03-26 11:23:10,804 - INFO: 29400 move(s) completed (22 accepted (0.0748 %)). Current N = 2. Average N = 1.956
2021-03-26 11:23:19,831 - INFO: 29450 move(s) completed (22 accepted (0.0747 %)). Current N = 2. Average N = 1.956
2021-03-26 11:23:28,477 - INFO: 29500 move(s) completed (22 accepted (0.0746 %)). Current N = 2. Average N = 1.956
2021-03-26 11:23:37,511 - INFO: 29550 move(s) completed (22 accepted (0.0745 %)). Current N = 2. Average N = 1.956
2021-03-26 11:23:46,849 - INFO: 29600 move(s) completed (24 accepted (0.0811 %)). Current N = 2. Average N = 1.956
2021-03-26 11:23:55,553 - INFO: 29650 move(s) completed (24 accepted (0.0809 %)). Current N = 2. Average N = 1.956
2021-03-26 11:24:04,953 - INFO: 29700 move(s) completed (24 accepted (0.0808 %)). Current N = 2. Average N = 1.956
2021-03-26 11:24:13,559 - INFO: 29750 move(s) completed (24 accepted (0.0807 %)). Current N = 2. Average N = 1.957
2021-03-26 11:24:22,455 - INFO: 29800 move(s) completed (25 accepted (0.0839 %)). Current N = 3. Average N = 1.958
2021-03-26 11:24:31,629 - INFO: 29850 move(s) completed (25 accepted (0.0838 %)). Current N = 3. Average N = 1.960
2021-03-26 11:24:40,540 - INFO: 29900 move(s) completed (25 accepted (0.0836 %)). Current N = 3. Average N = 1.962
2021-03-26 11:24:49,998 - INFO: 29950 move(s) completed (25 accepted (0.0835 %)). Current N = 3. Average N = 1.963
2021-03-26 11:24:58,716 - INFO: 30000 move(s) completed (25 accepted (0.0833 %)). Current N = 3. Average N = 1.965
2021-03-26 11:25:07,790 - INFO: 30050 move(s) completed (26 accepted (0.0865 %)). Current N = 2. Average N = 1.965
2021-03-26 11:25:17,128 - INFO: 30100 move(s) completed (26 accepted (0.0864 %)). Current N = 2. Average N = 1.965
2021-03-26 11:25:25,926 - INFO: 30150 move(s) completed (26 accepted (0.0862 %)). Current N = 2. Average N = 1.966
2021-03-26 11:25:35,138 - INFO: 30200 move(s) completed (26 accepted (0.0861 %)). Current N = 2. Average N = 1.966
2021-03-26 11:25:43,884 - INFO: 30250 move(s) completed (26 accepted (0.0860 %)). Current N = 2. Average N = 1.966
2021-03-26 11:25:53,045 - INFO: 30300 move(s) completed (26 accepted (0.0858 %)). Current N = 2. Average N = 1.966
2021-03-26 11:26:02,243 - INFO: 30350 move(s) completed (26 accepted (0.0857 %)). Current N = 2. Average N = 1.966
2021-03-26 11:26:10,992 - INFO: 30400 move(s) completed (26 accepted (0.0855 %)). Current N = 2. Average N = 1.966
2021-03-26 11:26:20,227 - INFO: 30450 move(s) completed (26 accepted (0.0854 %)). Current N = 2. Average N = 1.966
2021-03-26 11:26:29,164 - INFO: 30500 move(s) completed (26 accepted (0.0852 %)). Current N = 2. Average N = 1.966
2021-03-26 11:26:38,197 - INFO: 30550 move(s) completed (26 accepted (0.0851 %)). Current N = 2. Average N = 1.966
2021-03-26 11:26:46,986 - INFO: 30600 move(s) completed (26 accepted (0.0850 %)). Current N = 2. Average N = 1.966
2021-03-26 11:26:55,903 - INFO: 30650 move(s) completed (26 accepted (0.0848 %)). Current N = 2. Average N = 1.966
2021-03-26 11:27:05,367 - INFO: 30700 move(s) completed (26 accepted (0.0847 %)). Current N = 2. Average N = 1.966
2021-03-26 11:27:14,216 - INFO: 30750 move(s) completed (26 accepted (0.0846 %)). Current N = 2. Average N = 1.966
2021-03-26 11:27:23,334 - INFO: 30800 move(s) completed (26 accepted (0.0844 %)). Current N = 2. Average N = 1.966
2021-03-26 11:27:32,213 - INFO: 30850 move(s) completed (26 accepted (0.0843 %)). Current N = 2. Average N = 1.966
2021-03-26 11:27:41,191 - INFO: 30900 move(s) completed (26 accepted (0.0841 %)). Current N = 2. Average N = 1.966
2021-03-26 11:27:50,161 - INFO: 30950 move(s) completed (26 accepted (0.0840 %)). Current N = 2. Average N = 1.966
2021-03-26 11:27:59,070 - INFO: 31000 move(s) completed (26 accepted (0.0839 %)). Current N = 2. Average N = 1.966
2021-03-26 11:28:08,458 - INFO: 31050 move(s) completed (26 accepted (0.0837 %)). Current N = 2. Average N = 1.966
2021-03-26 11:28:17,289 - INFO: 31100 move(s) completed (26 accepted (0.0836 %)). Current N = 2. Average N = 1.967
2021-03-26 11:28:26,512 - INFO: 31150 move(s) completed (26 accepted (0.0835 %)). Current N = 2. Average N = 1.967
2021-03-26 11:28:35,418 - INFO: 31200 move(s) completed (26 accepted (0.0833 %)). Current N = 2. Average N = 1.967
2021-03-26 11:28:44,638 - INFO: 31250 move(s) completed (26 accepted (0.0832 %)). Current N = 2. Average N = 1.967
2021-03-26 11:28:53,182 - INFO: 31300 move(s) completed (26 accepted (0.0831 %)). Current N = 2. Average N = 1.967
2021-03-26 11:29:02,340 - INFO: 31350 move(s) completed (26 accepted (0.0829 %)). Current N = 2. Average N = 1.967
2021-03-26 11:29:11,401 - INFO: 31400 move(s) completed (26 accepted (0.0828 %)). Current N = 2. Average N = 1.967
2021-03-26 11:29:20,505 - INFO: 31450 move(s) completed (26 accepted (0.0827 %)). Current N = 2. Average N = 1.967
2021-03-26 11:29:29,569 - INFO: 31500 move(s) completed (26 accepted (0.0825 %)). Current N = 2. Average N = 1.967
2021-03-26 11:29:38,235 - INFO: 31550 move(s) completed (26 accepted (0.0824 %)). Current N = 2. Average N = 1.967
2021-03-26 11:29:47,208 - INFO: 31600 move(s) completed (26 accepted (0.0823 %)). Current N = 2. Average N = 1.967
2021-03-26 11:29:56,571 - INFO: 31650 move(s) completed (26 accepted (0.0821 %)). Current N = 2. Average N = 1.967
2021-03-26 11:30:05,450 - INFO: 31700 move(s) completed (26 accepted (0.0820 %)). Current N = 2. Average N = 1.967
2021-03-26 11:30:14,541 - INFO: 31750 move(s) completed (26 accepted (0.0819 %)). Current N = 2. Average N = 1.967
2021-03-26 11:30:23,133 - INFO: 31800 move(s) completed (26 accepted (0.0818 %)). Current N = 2. Average N = 1.967
2021-03-26 11:30:32,404 - INFO: 31850 move(s) completed (26 accepted (0.0816 %)). Current N = 2. Average N = 1.967
2021-03-26 11:30:41,750 - INFO: 31900 move(s) completed (26 accepted (0.0815 %)). Current N = 2. Average N = 1.967
2021-03-26 11:30:50,662 - INFO: 31950 move(s) completed (26 accepted (0.0814 %)). Current N = 2. Average N = 1.967
2021-03-26 11:31:00,044 - INFO: 32000 move(s) completed (26 accepted (0.0812 %)). Current N = 2. Average N = 1.968
2021-03-26 11:31:08,654 - INFO: 32050 move(s) completed (26 accepted (0.0811 %)). Current N = 2. Average N = 1.968
2021-03-26 11:31:17,614 - INFO: 32100 move(s) completed (26 accepted (0.0810 %)). Current N = 2. Average N = 1.968
2021-03-26 11:31:26,330 - INFO: 32150 move(s) completed (26 accepted (0.0809 %)). Current N = 2. Average N = 1.968
2021-03-26 11:31:35,249 - INFO: 32200 move(s) completed (26 accepted (0.0807 %)). Current N = 2. Average N = 1.968
2021-03-26 11:31:44,700 - INFO: 32250 move(s) completed (26 accepted (0.0806 %)). Current N = 2. Average N = 1.968
2021-03-26 11:31:53,491 - INFO: 32300 move(s) completed (26 accepted (0.0805 %)). Current N = 2. Average N = 1.968
2021-03-26 11:32:02,468 - INFO: 32350 move(s) completed (26 accepted (0.0804 %)). Current N = 2. Average N = 1.968
2021-03-26 11:32:10,879 - INFO: 32400 move(s) completed (26 accepted (0.0802 %)). Current N = 2. Average N = 1.968
2021-03-26 11:32:20,187 - INFO: 32450 move(s) completed (26 accepted (0.0801 %)). Current N = 2. Average N = 1.968
2021-03-26 11:32:29,513 - INFO: 32500 move(s) completed (26 accepted (0.0800 %)). Current N = 2. Average N = 1.968
2021-03-26 11:32:38,157 - INFO: 32550 move(s) completed (26 accepted (0.0799 %)). Current N = 2. Average N = 1.968
2021-03-26 11:32:47,528 - INFO: 32600 move(s) completed (26 accepted (0.0798 %)). Current N = 2. Average N = 1.968
2021-03-26 11:32:56,285 - INFO: 32650 move(s) completed (26 accepted (0.0796 %)). Current N = 2. Average N = 1.968
2021-03-26 11:33:05,167 - INFO: 32700 move(s) completed (26 accepted (0.0795 %)). Current N = 2. Average N = 1.968
2021-03-26 11:33:14,798 - INFO: 32750 move(s) completed (26 accepted (0.0794 %)). Current N = 2. Average N = 1.968
2021-03-26 11:33:23,435 - INFO: 32800 move(s) completed (26 accepted (0.0793 %)). Current N = 2. Average N = 1.968
2021-03-26 11:33:32,476 - INFO: 32850 move(s) completed (26 accepted (0.0791 %)). Current N = 2. Average N = 1.968
2021-03-26 11:33:41,210 - INFO: 32900 move(s) completed (26 accepted (0.0790 %)). Current N = 2. Average N = 1.968
2021-03-26 11:33:50,071 - INFO: 32950 move(s) completed (26 accepted (0.0789 %)). Current N = 2. Average N = 1.968
2021-03-26 11:33:59,393 - INFO: 33000 move(s) completed (26 accepted (0.0788 %)). Current N = 2. Average N = 1.968
2021-03-26 11:34:08,311 - INFO: 33050 move(s) completed (26 accepted (0.0787 %)). Current N = 2. Average N = 1.968
2021-03-26 11:34:17,454 - INFO: 33100 move(s) completed (26 accepted (0.0785 %)). Current N = 2. Average N = 1.969
2021-03-26 11:34:26,107 - INFO: 33150 move(s) completed (28 accepted (0.0845 %)). Current N = 2. Average N = 1.969
2021-03-26 11:34:35,043 - INFO: 33200 move(s) completed (28 accepted (0.0843 %)). Current N = 2. Average N = 1.970
2021-03-26 11:34:44,514 - INFO: 33250 move(s) completed (28 accepted (0.0842 %)). Current N = 2. Average N = 1.970
2021-03-26 11:34:53,646 - INFO: 33300 move(s) completed (28 accepted (0.0841 %)). Current N = 2. Average N = 1.970
2021-03-26 11:35:02,633 - INFO: 33350 move(s) completed (28 accepted (0.0840 %)). Current N = 2. Average N = 1.970
2021-03-26 11:35:11,372 - INFO: 33400 move(s) completed (28 accepted (0.0838 %)). Current N = 2. Average N = 1.970
2021-03-26 11:35:20,392 - INFO: 33450 move(s) completed (28 accepted (0.0837 %)). Current N = 2. Average N = 1.970
2021-03-26 11:35:28,982 - INFO: 33500 move(s) completed (28 accepted (0.0836 %)). Current N = 2. Average N = 1.970
2021-03-26 11:35:38,027 - INFO: 33550 move(s) completed (28 accepted (0.0835 %)). Current N = 2. Average N = 1.970
2021-03-26 11:35:47,490 - INFO: 33600 move(s) completed (28 accepted (0.0833 %)). Current N = 2. Average N = 1.970
2021-03-26 11:35:56,247 - INFO: 33650 move(s) completed (28 accepted (0.0832 %)). Current N = 2. Average N = 1.970
2021-03-26 11:36:05,581 - INFO: 33700 move(s) completed (28 accepted (0.0831 %)). Current N = 2. Average N = 1.970
2021-03-26 11:36:14,487 - INFO: 33750 move(s) completed (28 accepted (0.0830 %)). Current N = 2. Average N = 1.970
2021-03-26 11:36:23,287 - INFO: 33800 move(s) completed (28 accepted (0.0828 %)). Current N = 2. Average N = 1.970
2021-03-26 11:36:32,520 - INFO: 33850 move(s) completed (28 accepted (0.0827 %)). Current N = 2. Average N = 1.970
2021-03-26 11:36:41,307 - INFO: 33900 move(s) completed (28 accepted (0.0826 %)). Current N = 2. Average N = 1.970
2021-03-26 11:36:50,332 - INFO: 33950 move(s) completed (28 accepted (0.0825 %)). Current N = 2. Average N = 1.970
2021-03-26 11:36:59,174 - INFO: 34000 move(s) completed (28 accepted (0.0824 %)). Current N = 2. Average N = 1.970
2021-03-26 11:37:08,128 - INFO: 34050 move(s) completed (28 accepted (0.0822 %)). Current N = 2. Average N = 1.970
2021-03-26 11:37:17,540 - INFO: 34100 move(s) completed (28 accepted (0.0821 %)). Current N = 2. Average N = 1.970
2021-03-26 11:37:26,464 - INFO: 34150 move(s) completed (28 accepted (0.0820 %)). Current N = 2. Average N = 1.970
2021-03-26 11:37:35,754 - INFO: 34200 move(s) completed (28 accepted (0.0819 %)). Current N = 2. Average N = 1.970
2021-03-26 11:37:44,461 - INFO: 34250 move(s) completed (28 accepted (0.0818 %)). Current N = 2. Average N = 1.970
2021-03-26 11:37:53,596 - INFO: 34300 move(s) completed (28 accepted (0.0816 %)). Current N = 2. Average N = 1.970
2021-03-26 11:38:02,171 - INFO: 34350 move(s) completed (28 accepted (0.0815 %)). Current N = 2. Average N = 1.970
2021-03-26 11:38:11,277 - INFO: 34400 move(s) completed (28 accepted (0.0814 %)). Current N = 2. Average N = 1.970
2021-03-26 11:38:20,633 - INFO: 34450 move(s) completed (28 accepted (0.0813 %)). Current N = 2. Average N = 1.971
2021-03-26 11:38:29,453 - INFO: 34500 move(s) completed (28 accepted (0.0812 %)). Current N = 2. Average N = 1.971
2021-03-26 11:38:38,758 - INFO: 34550 move(s) completed (28 accepted (0.0810 %)). Current N = 2. Average N = 1.971
2021-03-26 11:38:47,263 - INFO: 34600 move(s) completed (28 accepted (0.0809 %)). Current N = 2. Average N = 1.971
2021-03-26 11:38:56,409 - INFO: 34650 move(s) completed (28 accepted (0.0808 %)). Current N = 2. Average N = 1.971
2021-03-26 11:39:05,178 - INFO: 34700 move(s) completed (28 accepted (0.0807 %)). Current N = 2. Average N = 1.971
2021-03-26 11:39:14,308 - INFO: 34750 move(s) completed (28 accepted (0.0806 %)). Current N = 2. Average N = 1.971
2021-03-26 11:39:23,477 - INFO: 34800 move(s) completed (28 accepted (0.0805 %)). Current N = 2. Average N = 1.971
2021-03-26 11:39:32,335 - INFO: 34850 move(s) completed (28 accepted (0.0803 %)). Current N = 2. Average N = 1.971
2021-03-26 11:39:41,488 - INFO: 34900 move(s) completed (28 accepted (0.0802 %)). Current N = 2. Average N = 1.971
2021-03-26 11:39:50,164 - INFO: 34950 move(s) completed (28 accepted (0.0801 %)). Current N = 2. Average N = 1.971
2021-03-26 11:39:58,965 - INFO: 35000 move(s) completed (28 accepted (0.0800 %)). Current N = 2. Average N = 1.971
2021-03-26 11:40:08,465 - INFO: 35050 move(s) completed (28 accepted (0.0799 %)). Current N = 2. Average N = 1.971
2021-03-26 11:40:17,230 - INFO: 35100 move(s) completed (28 accepted (0.0798 %)). Current N = 2. Average N = 1.971
2021-03-26 11:40:26,449 - INFO: 35150 move(s) completed (28 accepted (0.0797 %)). Current N = 2. Average N = 1.971
2021-03-26 11:40:35,279 - INFO: 35200 move(s) completed (28 accepted (0.0795 %)). Current N = 2. Average N = 1.971
2021-03-26 11:40:44,634 - INFO: 35250 move(s) completed (28 accepted (0.0794 %)). Current N = 2. Average N = 1.971
2021-03-26 11:40:53,115 - INFO: 35300 move(s) completed (28 accepted (0.0793 %)). Current N = 2. Average N = 1.971
2021-03-26 11:41:02,027 - INFO: 35350 move(s) completed (28 accepted (0.0792 %)). Current N = 2. Average N = 1.971
2021-03-26 11:41:11,194 - INFO: 35400 move(s) completed (28 accepted (0.0791 %)). Current N = 2. Average N = 1.971
2021-03-26 11:41:19,845 - INFO: 35450 move(s) completed (28 accepted (0.0790 %)). Current N = 2. Average N = 1.971
2021-03-26 11:41:29,075 - INFO: 35500 move(s) completed (28 accepted (0.0789 %)). Current N = 2. Average N = 1.971
2021-03-26 11:41:37,746 - INFO: 35550 move(s) completed (28 accepted (0.0788 %)). Current N = 2. Average N = 1.972
2021-03-26 11:41:46,681 - INFO: 35600 move(s) completed (28 accepted (0.0787 %)). Current N = 2. Average N = 1.972
2021-03-26 11:41:55,514 - INFO: 35650 move(s) completed (28 accepted (0.0785 %)). Current N = 2. Average N = 1.972
2021-03-26 11:42:04,406 - INFO: 35700 move(s) completed (28 accepted (0.0784 %)). Current N = 2. Average N = 1.972
2021-03-26 11:42:13,980 - INFO: 35750 move(s) completed (28 accepted (0.0783 %)). Current N = 2. Average N = 1.972
2021-03-26 11:42:22,759 - INFO: 35800 move(s) completed (28 accepted (0.0782 %)). Current N = 2. Average N = 1.972
2021-03-26 11:42:31,804 - INFO: 35850 move(s) completed (28 accepted (0.0781 %)). Current N = 2. Average N = 1.972
2021-03-26 11:42:40,468 - INFO: 35900 move(s) completed (28 accepted (0.0780 %)). Current N = 2. Average N = 1.972
2021-03-26 11:42:49,688 - INFO: 35950 move(s) completed (28 accepted (0.0779 %)). Current N = 2. Average N = 1.972
2021-03-26 11:42:59,293 - INFO: 36000 move(s) completed (28 accepted (0.0778 %)). Current N = 2. Average N = 1.972
2021-03-26 11:43:08,196 - INFO: 36050 move(s) completed (28 accepted (0.0777 %)). Current N = 2. Average N = 1.972
2021-03-26 11:43:17,484 - INFO: 36100 move(s) completed (28 accepted (0.0776 %)). Current N = 2. Average N = 1.972
2021-03-26 11:43:26,012 - INFO: 36150 move(s) completed (28 accepted (0.0775 %)). Current N = 2. Average N = 1.972
2021-03-26 11:43:34,861 - INFO: 36200 move(s) completed (28 accepted (0.0773 %)). Current N = 2. Average N = 1.972
2021-03-26 11:43:44,371 - INFO: 36250 move(s) completed (28 accepted (0.0772 %)). Current N = 2. Average N = 1.972
2021-03-26 11:43:53,188 - INFO: 36300 move(s) completed (28 accepted (0.0771 %)). Current N = 2. Average N = 1.972
2021-03-26 11:44:02,298 - INFO: 36350 move(s) completed (28 accepted (0.0770 %)). Current N = 2. Average N = 1.972
2021-03-26 11:44:11,201 - INFO: 36400 move(s) completed (28 accepted (0.0769 %)). Current N = 2. Average N = 1.972
2021-03-26 11:44:20,440 - INFO: 36450 move(s) completed (28 accepted (0.0768 %)). Current N = 2. Average N = 1.972
2021-03-26 11:44:29,199 - INFO: 36500 move(s) completed (28 accepted (0.0767 %)). Current N = 2. Average N = 1.972
2021-03-26 11:44:38,123 - INFO: 36550 move(s) completed (28 accepted (0.0766 %)). Current N = 2. Average N = 1.972
2021-03-26 11:44:47,171 - INFO: 36600 move(s) completed (28 accepted (0.0765 %)). Current N = 2. Average N = 1.972
2021-03-26 11:44:56,208 - INFO: 36650 move(s) completed (28 accepted (0.0764 %)). Current N = 2. Average N = 1.972
2021-03-26 11:45:05,291 - INFO: 36700 move(s) completed (28 accepted (0.0763 %)). Current N = 2. Average N = 1.972
2021-03-26 11:45:13,995 - INFO: 36750 move(s) completed (28 accepted (0.0762 %)). Current N = 2. Average N = 1.972
2021-03-26 11:45:23,056 - INFO: 36800 move(s) completed (28 accepted (0.0761 %)). Current N = 2. Average N = 1.972
2021-03-26 11:45:31,693 - INFO: 36850 move(s) completed (28 accepted (0.0760 %)). Current N = 2. Average N = 1.972
2021-03-26 11:45:40,708 - INFO: 36900 move(s) completed (28 accepted (0.0759 %)). Current N = 2. Average N = 1.972
2021-03-26 11:45:49,831 - INFO: 36950 move(s) completed (28 accepted (0.0758 %)). Current N = 2. Average N = 1.973
2021-03-26 11:45:58,507 - INFO: 37000 move(s) completed (28 accepted (0.0757 %)). Current N = 2. Average N = 1.973
2021-03-26 11:46:07,581 - INFO: 37050 move(s) completed (28 accepted (0.0756 %)). Current N = 2. Average N = 1.973
2021-03-26 11:46:16,173 - INFO: 37100 move(s) completed (28 accepted (0.0755 %)). Current N = 2. Average N = 1.973
2021-03-26 11:46:24,958 - INFO: 37150 move(s) completed (28 accepted (0.0754 %)). Current N = 2. Average N = 1.973
2021-03-26 11:46:34,182 - INFO: 37200 move(s) completed (28 accepted (0.0753 %)). Current N = 2. Average N = 1.973
2021-03-26 11:46:43,093 - INFO: 37250 move(s) completed (28 accepted (0.0752 %)). Current N = 2. Average N = 1.973
2021-03-26 11:46:52,452 - INFO: 37300 move(s) completed (28 accepted (0.0751 %)). Current N = 2. Average N = 1.973
2021-03-26 11:47:00,921 - INFO: 37350 move(s) completed (28 accepted (0.0750 %)). Current N = 2. Average N = 1.973
2021-03-26 11:47:10,048 - INFO: 37400 move(s) completed (28 accepted (0.0749 %)). Current N = 2. Average N = 1.973
2021-03-26 11:47:18,476 - INFO: 37450 move(s) completed (28 accepted (0.0748 %)). Current N = 2. Average N = 1.973
2021-03-26 11:47:27,336 - INFO: 37500 move(s) completed (28 accepted (0.0747 %)). Current N = 2. Average N = 1.973
2021-03-26 11:47:36,943 - INFO: 37550 move(s) completed (28 accepted (0.0746 %)). Current N = 2. Average N = 1.973
2021-03-26 11:47:45,818 - INFO: 37600 move(s) completed (28 accepted (0.0745 %)). Current N = 2. Average N = 1.973
2021-03-26 11:47:54,674 - INFO: 37650 move(s) completed (28 accepted (0.0744 %)). Current N = 2. Average N = 1.973
2021-03-26 11:48:03,417 - INFO: 37700 move(s) completed (28 accepted (0.0743 %)). Current N = 2. Average N = 1.973
2021-03-26 11:48:12,523 - INFO: 37750 move(s) completed (28 accepted (0.0742 %)). Current N = 2. Average N = 1.973
2021-03-26 11:48:22,039 - INFO: 37800 move(s) completed (28 accepted (0.0741 %)). Current N = 2. Average N = 1.973
2021-03-26 11:48:30,924 - INFO: 37850 move(s) completed (28 accepted (0.0740 %)). Current N = 2. Average N = 1.973
2021-03-26 11:48:40,230 - INFO: 37900 move(s) completed (28 accepted (0.0739 %)). Current N = 2. Average N = 1.973
2021-03-26 11:48:48,688 - INFO: 37950 move(s) completed (28 accepted (0.0738 %)). Current N = 2. Average N = 1.973
2021-03-26 11:48:57,756 - INFO: 38000 move(s) completed (28 accepted (0.0737 %)). Current N = 2. Average N = 1.973
2021-03-26 11:49:07,082 - INFO: 38050 move(s) completed (28 accepted (0.0736 %)). Current N = 2. Average N = 1.973
2021-03-26 11:49:15,999 - INFO: 38100 move(s) completed (28 accepted (0.0735 %)). Current N = 2. Average N = 1.973
2021-03-26 11:49:25,165 - INFO: 38150 move(s) completed (28 accepted (0.0734 %)). Current N = 2. Average N = 1.973
2021-03-26 11:49:33,788 - INFO: 38200 move(s) completed (28 accepted (0.0733 %)). Current N = 2. Average N = 1.974
2021-03-26 11:49:42,651 - INFO: 38250 move(s) completed (28 accepted (0.0732 %)). Current N = 2. Average N = 1.974
2021-03-26 11:49:51,214 - INFO: 38300 move(s) completed (28 accepted (0.0731 %)). Current N = 2. Average N = 1.974
2021-03-26 11:50:00,340 - INFO: 38350 move(s) completed (28 accepted (0.0730 %)). Current N = 2. Average N = 1.974
2021-03-26 11:50:09,670 - INFO: 38400 move(s) completed (28 accepted (0.0729 %)). Current N = 2. Average N = 1.974
2021-03-26 11:50:18,540 - INFO: 38450 move(s) completed (28 accepted (0.0728 %)). Current N = 2. Average N = 1.974
2021-03-26 11:50:27,446 - INFO: 38500 move(s) completed (28 accepted (0.0727 %)). Current N = 2. Average N = 1.974
2021-03-26 11:50:36,359 - INFO: 38550 move(s) completed (28 accepted (0.0726 %)). Current N = 2. Average N = 1.974
2021-03-26 11:50:45,462 - INFO: 38600 move(s) completed (28 accepted (0.0725 %)). Current N = 2. Average N = 1.974
2021-03-26 11:50:54,167 - INFO: 38650 move(s) completed (28 accepted (0.0724 %)). Current N = 2. Average N = 1.974
2021-03-26 11:51:03,075 - INFO: 38700 move(s) completed (28 accepted (0.0724 %)). Current N = 2. Average N = 1.974
2021-03-26 11:51:12,290 - INFO: 38750 move(s) completed (28 accepted (0.0723 %)). Current N = 2. Average N = 1.974
2021-03-26 11:51:21,353 - INFO: 38800 move(s) completed (28 accepted (0.0722 %)). Current N = 2. Average N = 1.974
2021-03-26 11:51:30,283 - INFO: 38850 move(s) completed (28 accepted (0.0721 %)). Current N = 2. Average N = 1.974
2021-03-26 11:51:39,046 - INFO: 38900 move(s) completed (28 accepted (0.0720 %)). Current N = 2. Average N = 1.974
2021-03-26 11:51:48,018 - INFO: 38950 move(s) completed (28 accepted (0.0719 %)). Current N = 2. Average N = 1.974
2021-03-26 11:51:57,392 - INFO: 39000 move(s) completed (28 accepted (0.0718 %)). Current N = 2. Average N = 1.974
2021-03-26 11:52:06,167 - INFO: 39050 move(s) completed (28 accepted (0.0717 %)). Current N = 2. Average N = 1.974
2021-03-26 11:52:15,054 - INFO: 39100 move(s) completed (28 accepted (0.0716 %)). Current N = 2. Average N = 1.974
2021-03-26 11:52:23,708 - INFO: 39150 move(s) completed (28 accepted (0.0715 %)). Current N = 2. Average N = 1.974
2021-03-26 11:52:32,828 - INFO: 39200 move(s) completed (28 accepted (0.0714 %)). Current N = 2. Average N = 1.974
2021-03-26 11:52:41,408 - INFO: 39250 move(s) completed (28 accepted (0.0713 %)). Current N = 2. Average N = 1.974
2021-03-26 11:52:50,358 - INFO: 39300 move(s) completed (28 accepted (0.0712 %)). Current N = 2. Average N = 1.974
2021-03-26 11:52:59,638 - INFO: 39350 move(s) completed (28 accepted (0.0712 %)). Current N = 2. Average N = 1.974
2021-03-26 11:53:08,455 - INFO: 39400 move(s) completed (28 accepted (0.0711 %)). Current N = 2. Average N = 1.974
2021-03-26 11:53:17,516 - INFO: 39450 move(s) completed (28 accepted (0.0710 %)). Current N = 2. Average N = 1.974
2021-03-26 11:53:26,349 - INFO: 39500 move(s) completed (28 accepted (0.0709 %)). Current N = 2. Average N = 1.974
2021-03-26 11:53:35,119 - INFO: 39550 move(s) completed (28 accepted (0.0708 %)). Current N = 2. Average N = 1.974
2021-03-26 11:53:44,588 - INFO: 39600 move(s) completed (28 accepted (0.0707 %)). Current N = 2. Average N = 1.974
2021-03-26 11:53:53,295 - INFO: 39650 move(s) completed (28 accepted (0.0706 %)). Current N = 2. Average N = 1.974
2021-03-26 11:54:02,531 - INFO: 39700 move(s) completed (28 accepted (0.0705 %)). Current N = 2. Average N = 1.974
2021-03-26 11:54:11,149 - INFO: 39750 move(s) completed (28 accepted (0.0704 %)). Current N = 2. Average N = 1.974
2021-03-26 11:54:20,459 - INFO: 39800 move(s) completed (28 accepted (0.0704 %)). Current N = 2. Average N = 1.974
2021-03-26 11:54:29,029 - INFO: 39850 move(s) completed (28 accepted (0.0703 %)). Current N = 2. Average N = 1.975
2021-03-26 11:54:38,241 - INFO: 39900 move(s) completed (28 accepted (0.0702 %)). Current N = 2. Average N = 1.975
2021-03-26 11:54:47,245 - INFO: 39950 move(s) completed (28 accepted (0.0701 %)). Current N = 2. Average N = 1.975
2021-03-26 11:54:56,256 - INFO: 40000 move(s) completed (28 accepted (0.0700 %)). Current N = 2. Average N = 1.975
2021-03-26 11:55:05,456 - INFO: 40050 move(s) completed (28 accepted (0.0699 %)). Current N = 2. Average N = 1.975
2021-03-26 11:55:13,918 - INFO: 40100 move(s) completed (28 accepted (0.0698 %)). Current N = 2. Average N = 1.975
2021-03-26 11:55:23,021 - INFO: 40150 move(s) completed (28 accepted (0.0697 %)). Current N = 2. Average N = 1.975
2021-03-26 11:55:31,587 - INFO: 40200 move(s) completed (28 accepted (0.0697 %)). Current N = 2. Average N = 1.975
