2021-03-24 15:27:00,531 - INFO: kT = 0.5921875708469466 kcal/mol
2021-03-24 15:27:05,779 - INFO: BaseGrandCanonicalMonteCarloSampler object initialised
2021-03-24 15:27:05,780 - INFO: GCMC sphere is based on reference atom IDs: [887, 1837]
2021-03-24 15:27:05,780 - INFO: GCMC sphere radius is 6 A
2021-03-24 15:27:05,780 - INFO: Simulating at an Adams (B) value of -6.888845176169922
2021-03-24 15:27:05,780 - INFO: GCMCSphereSampler object initialised
2021-03-24 15:27:05,781 - INFO: Each NCMC move will be executed over a total of 5.0 ps
2021-03-24 15:27:05,781 - INFO: NonequilibriumGCMCSphereSampler object initialised
2021-03-24 15:27:18,494 - INFO: 1 move(s) completed (0 accepted (0.0000 %)). Current N = 0. Average N = 0.000
2021-03-24 15:27:33,820 - INFO: Move rejected due to water leaving the GCMC sphere
2021-03-24 15:27:37,372 - INFO: 2 move(s) completed (0 accepted (0.0000 %)). Current N = 0. Average N = 0.000
2021-03-24 15:27:56,166 - INFO: 3 move(s) completed (0 accepted (0.0000 %)). Current N = 0. Average N = 0.000
2021-03-24 15:28:01,836 - INFO: 4 move(s) completed (0 accepted (0.0000 %)). Current N = 0. Average N = 0.000
2021-03-24 15:28:07,555 - INFO: 5 move(s) completed (0 accepted (0.0000 %)). Current N = 0. Average N = 0.000
2021-03-24 15:28:23,032 - INFO: Move rejected due to water leaving the GCMC sphere
2021-03-24 15:28:26,598 - INFO: 6 move(s) completed (0 accepted (0.0000 %)). Current N = 0. Average N = 0.000
2021-03-24 15:28:42,079 - INFO: Move rejected due to water leaving the GCMC sphere
2021-03-24 15:28:45,581 - INFO: 7 move(s) completed (0 accepted (0.0000 %)). Current N = 0. Average N = 0.000
2021-03-24 15:28:51,344 - INFO: 8 move(s) completed (0 accepted (0.0000 %)). Current N = 0. Average N = 0.000
2021-03-24 15:28:57,251 - INFO: 9 move(s) completed (0 accepted (0.0000 %)). Current N = 0. Average N = 0.000
2021-03-24 15:29:15,433 - INFO: 10 move(s) completed (1 accepted (10.0000 %)). Current N = 1. Average N = 0.100
2021-03-24 15:29:33,753 - INFO: 11 move(s) completed (1 accepted (9.0909 %)). Current N = 1. Average N = 0.182
2021-03-24 15:29:51,942 - INFO: 12 move(s) completed (1 accepted (8.3333 %)). Current N = 1. Average N = 0.250
2021-03-24 15:30:10,551 - INFO: 13 move(s) completed (1 accepted (7.6923 %)). Current N = 1. Average N = 0.308
2021-03-24 15:30:25,591 - INFO: Move rejected due to water leaving the GCMC sphere
2021-03-24 15:30:29,304 - INFO: 14 move(s) completed (1 accepted (7.1429 %)). Current N = 1. Average N = 0.357
2021-03-24 15:30:47,623 - INFO: 15 move(s) completed (1 accepted (6.6667 %)). Current N = 1. Average N = 0.400
2021-03-24 15:31:05,738 - INFO: 16 move(s) completed (1 accepted (6.2500 %)). Current N = 1. Average N = 0.438
2021-03-24 15:31:23,676 - INFO: 17 move(s) completed (1 accepted (5.8824 %)). Current N = 1. Average N = 0.471
2021-03-24 15:31:38,597 - INFO: Move rejected due to water leaving the GCMC sphere
2021-03-24 15:31:42,200 - INFO: 18 move(s) completed (1 accepted (5.5556 %)). Current N = 1. Average N = 0.500
2021-03-24 15:31:57,210 - INFO: Move rejected due to water leaving the GCMC sphere
2021-03-24 15:32:00,720 - INFO: 19 move(s) completed (1 accepted (5.2632 %)). Current N = 1. Average N = 0.526
2021-03-24 15:32:19,077 - INFO: 20 move(s) completed (1 accepted (5.0000 %)). Current N = 1. Average N = 0.550
2021-03-24 15:32:37,900 - INFO: 21 move(s) completed (1 accepted (4.7619 %)). Current N = 1. Average N = 0.571
2021-03-24 15:32:53,243 - INFO: Move rejected due to water leaving the GCMC sphere
2021-03-24 15:32:56,696 - INFO: 22 move(s) completed (1 accepted (4.5455 %)). Current N = 1. Average N = 0.591
2021-03-24 15:33:11,949 - INFO: Move rejected due to water leaving the GCMC sphere
2021-03-24 15:33:15,422 - INFO: 23 move(s) completed (1 accepted (4.3478 %)). Current N = 1. Average N = 0.609
2021-03-24 15:33:34,275 - INFO: 24 move(s) completed (1 accepted (4.1667 %)). Current N = 1. Average N = 0.625
2021-03-24 15:33:49,650 - INFO: Move rejected due to water leaving the GCMC sphere
2021-03-24 15:33:53,290 - INFO: 25 move(s) completed (1 accepted (4.0000 %)). Current N = 1. Average N = 0.640
2021-03-24 15:34:08,427 - INFO: Move rejected due to water leaving the GCMC sphere
2021-03-24 15:34:11,945 - INFO: 26 move(s) completed (1 accepted (3.8462 %)). Current N = 1. Average N = 0.654
2021-03-24 15:34:30,778 - INFO: 27 move(s) completed (1 accepted (3.7037 %)). Current N = 1. Average N = 0.667
2021-03-24 15:34:49,812 - INFO: 28 move(s) completed (1 accepted (3.5714 %)). Current N = 1. Average N = 0.679
2021-03-24 15:35:07,958 - INFO: 29 move(s) completed (1 accepted (3.4483 %)). Current N = 1. Average N = 0.690
2021-03-24 15:35:27,040 - INFO: 30 move(s) completed (1 accepted (3.3333 %)). Current N = 1. Average N = 0.700
2021-03-24 15:35:45,853 - INFO: 31 move(s) completed (1 accepted (3.2258 %)). Current N = 1. Average N = 0.710
2021-03-24 15:36:03,894 - INFO: 32 move(s) completed (1 accepted (3.1250 %)). Current N = 1. Average N = 0.719
2021-03-24 15:36:22,082 - INFO: 33 move(s) completed (1 accepted (3.0303 %)). Current N = 1. Average N = 0.727
2021-03-24 15:36:36,539 - INFO: Move rejected due to water leaving the GCMC sphere
2021-03-24 15:36:40,175 - INFO: 34 move(s) completed (1 accepted (2.9412 %)). Current N = 1. Average N = 0.735
2021-03-24 15:36:54,999 - INFO: Move rejected due to water leaving the GCMC sphere
2021-03-24 15:36:58,585 - INFO: 35 move(s) completed (1 accepted (2.8571 %)). Current N = 1. Average N = 0.743
2021-03-24 15:37:13,547 - INFO: Move rejected due to water leaving the GCMC sphere
2021-03-24 15:37:17,136 - INFO: 36 move(s) completed (1 accepted (2.7778 %)). Current N = 1. Average N = 0.750
2021-03-24 15:37:35,297 - INFO: 37 move(s) completed (1 accepted (2.7027 %)). Current N = 1. Average N = 0.757
2021-03-24 15:37:50,434 - INFO: Move rejected due to water leaving the GCMC sphere
2021-03-24 15:37:53,970 - INFO: 38 move(s) completed (1 accepted (2.6316 %)). Current N = 1. Average N = 0.763
2021-03-24 15:38:12,238 - INFO: 39 move(s) completed (1 accepted (2.5641 %)). Current N = 1. Average N = 0.769
2021-03-24 15:38:27,084 - INFO: Move rejected due to water leaving the GCMC sphere
2021-03-24 15:38:30,693 - INFO: 40 move(s) completed (1 accepted (2.5000 %)). Current N = 1. Average N = 0.775
2021-03-24 15:38:49,180 - INFO: 41 move(s) completed (1 accepted (2.4390 %)). Current N = 1. Average N = 0.780
2021-03-24 15:39:07,578 - INFO: 42 move(s) completed (1 accepted (2.3810 %)). Current N = 1. Average N = 0.786
2021-03-24 15:39:22,797 - INFO: Move rejected due to water leaving the GCMC sphere
2021-03-24 15:39:26,424 - INFO: 43 move(s) completed (1 accepted (2.3256 %)). Current N = 1. Average N = 0.791
2021-03-24 15:39:45,280 - INFO: 44 move(s) completed (1 accepted (2.2727 %)). Current N = 1. Average N = 0.795
2021-03-24 15:40:03,936 - INFO: 45 move(s) completed (1 accepted (2.2222 %)). Current N = 1. Average N = 0.800
2021-03-24 15:40:22,146 - INFO: 46 move(s) completed (1 accepted (2.1739 %)). Current N = 1. Average N = 0.804
2021-03-24 15:40:40,041 - INFO: 47 move(s) completed (1 accepted (2.1277 %)). Current N = 1. Average N = 0.808
2021-03-24 15:40:58,892 - INFO: 48 move(s) completed (1 accepted (2.0833 %)). Current N = 1. Average N = 0.812
2021-03-24 15:41:17,651 - INFO: 49 move(s) completed (1 accepted (2.0408 %)). Current N = 1. Average N = 0.816
2021-03-24 15:41:35,749 - INFO: 50 move(s) completed (1 accepted (2.0000 %)). Current N = 1. Average N = 0.820
2021-03-24 15:41:53,877 - INFO: 51 move(s) completed (1 accepted (1.9608 %)). Current N = 1. Average N = 0.824
2021-03-24 15:42:13,083 - INFO: 52 move(s) completed (1 accepted (1.9231 %)). Current N = 1. Average N = 0.827
2021-03-24 15:42:31,306 - INFO: 53 move(s) completed (1 accepted (1.8868 %)). Current N = 1. Average N = 0.830
2021-03-24 15:42:49,496 - INFO: 54 move(s) completed (1 accepted (1.8519 %)). Current N = 1. Average N = 0.833
2021-03-24 15:43:04,184 - INFO: Move rejected due to water leaving the GCMC sphere
2021-03-24 15:43:07,711 - INFO: 55 move(s) completed (1 accepted (1.8182 %)). Current N = 1. Average N = 0.836
2021-03-24 15:43:25,857 - INFO: 56 move(s) completed (1 accepted (1.7857 %)). Current N = 1. Average N = 0.839
2021-03-24 15:43:43,660 - INFO: 57 move(s) completed (1 accepted (1.7544 %)). Current N = 1. Average N = 0.842
2021-03-24 15:44:01,880 - INFO: 58 move(s) completed (1 accepted (1.7241 %)). Current N = 1. Average N = 0.845
2021-03-24 15:44:19,874 - INFO: 59 move(s) completed (1 accepted (1.6949 %)). Current N = 1. Average N = 0.848
2021-03-24 15:44:37,923 - INFO: 60 move(s) completed (1 accepted (1.6667 %)). Current N = 1. Average N = 0.850
2021-03-24 15:44:55,912 - INFO: 61 move(s) completed (1 accepted (1.6393 %)). Current N = 1. Average N = 0.853
2021-03-24 15:45:14,175 - INFO: 62 move(s) completed (1 accepted (1.6129 %)). Current N = 1. Average N = 0.855
2021-03-24 15:45:32,276 - INFO: 63 move(s) completed (1 accepted (1.5873 %)). Current N = 1. Average N = 0.857
2021-03-24 15:45:50,975 - INFO: 64 move(s) completed (1 accepted (1.5625 %)). Current N = 1. Average N = 0.859
2021-03-24 15:46:09,876 - INFO: 65 move(s) completed (1 accepted (1.5385 %)). Current N = 1. Average N = 0.862
2021-03-24 15:46:25,120 - INFO: Move rejected due to water leaving the GCMC sphere
2021-03-24 15:46:28,570 - INFO: 66 move(s) completed (1 accepted (1.5152 %)). Current N = 1. Average N = 0.864
2021-03-24 15:46:47,257 - INFO: 67 move(s) completed (1 accepted (1.4925 %)). Current N = 1. Average N = 0.866
2021-03-24 15:47:02,650 - INFO: Move rejected due to water leaving the GCMC sphere
2021-03-24 15:47:06,250 - INFO: 68 move(s) completed (1 accepted (1.4706 %)). Current N = 1. Average N = 0.868
2021-03-24 15:47:21,545 - INFO: Move rejected due to water leaving the GCMC sphere
2021-03-24 15:47:25,263 - INFO: 69 move(s) completed (1 accepted (1.4493 %)). Current N = 1. Average N = 0.870
2021-03-24 15:47:44,066 - INFO: 70 move(s) completed (1 accepted (1.4286 %)). Current N = 1. Average N = 0.871
2021-03-24 15:47:59,572 - INFO: Move rejected due to water leaving the GCMC sphere
2021-03-24 15:48:03,104 - INFO: 71 move(s) completed (1 accepted (1.4085 %)). Current N = 1. Average N = 0.873
2021-03-24 15:48:18,239 - INFO: Move rejected due to water leaving the GCMC sphere
2021-03-24 15:48:21,811 - INFO: 72 move(s) completed (1 accepted (1.3889 %)). Current N = 1. Average N = 0.875
2021-03-24 15:48:40,629 - INFO: 73 move(s) completed (1 accepted (1.3699 %)). Current N = 1. Average N = 0.877
2021-03-24 15:48:58,719 - INFO: 74 move(s) completed (1 accepted (1.3514 %)). Current N = 1. Average N = 0.878
2021-03-24 15:49:13,352 - INFO: Move rejected due to water leaving the GCMC sphere
2021-03-24 15:49:17,053 - INFO: 75 move(s) completed (1 accepted (1.3333 %)). Current N = 1. Average N = 0.880
2021-03-24 15:49:35,387 - INFO: 76 move(s) completed (1 accepted (1.3158 %)). Current N = 1. Average N = 0.882
2021-03-24 15:49:53,657 - INFO: 77 move(s) completed (1 accepted (1.2987 %)). Current N = 1. Average N = 0.883
2021-03-24 15:50:12,037 - INFO: 78 move(s) completed (1 accepted (1.2821 %)). Current N = 1. Average N = 0.885
2021-03-24 15:50:30,392 - INFO: 79 move(s) completed (1 accepted (1.2658 %)). Current N = 1. Average N = 0.886
2021-03-24 15:50:45,339 - INFO: Move rejected due to water leaving the GCMC sphere
2021-03-24 15:50:49,038 - INFO: 80 move(s) completed (1 accepted (1.2500 %)). Current N = 1. Average N = 0.887
2021-03-24 15:51:07,397 - INFO: 81 move(s) completed (1 accepted (1.2346 %)). Current N = 1. Average N = 0.889
2021-03-24 15:51:25,472 - INFO: 82 move(s) completed (1 accepted (1.2195 %)). Current N = 1. Average N = 0.890
2021-03-24 15:51:43,531 - INFO: 83 move(s) completed (1 accepted (1.2048 %)). Current N = 1. Average N = 0.892
2021-03-24 15:51:58,213 - INFO: Move rejected due to water leaving the GCMC sphere
2021-03-24 15:52:01,858 - INFO: 84 move(s) completed (1 accepted (1.1905 %)). Current N = 1. Average N = 0.893
2021-03-24 15:52:20,251 - INFO: 85 move(s) completed (1 accepted (1.1765 %)). Current N = 1. Average N = 0.894
2021-03-24 15:52:35,651 - INFO: Move rejected due to water leaving the GCMC sphere
2021-03-24 15:52:39,231 - INFO: 86 move(s) completed (1 accepted (1.1628 %)). Current N = 1. Average N = 0.895
2021-03-24 15:52:57,503 - INFO: 87 move(s) completed (1 accepted (1.1494 %)). Current N = 1. Average N = 0.897
2021-03-24 15:53:12,664 - INFO: Move rejected due to water leaving the GCMC sphere
2021-03-24 15:53:16,162 - INFO: 88 move(s) completed (1 accepted (1.1364 %)). Current N = 1. Average N = 0.898
2021-03-24 15:53:35,093 - INFO: 89 move(s) completed (1 accepted (1.1236 %)). Current N = 1. Average N = 0.899
2021-03-24 15:53:53,942 - INFO: 90 move(s) completed (1 accepted (1.1111 %)). Current N = 1. Average N = 0.900
2021-03-24 15:54:09,072 - INFO: Move rejected due to water leaving the GCMC sphere
2021-03-24 15:54:12,664 - INFO: 91 move(s) completed (1 accepted (1.0989 %)). Current N = 1. Average N = 0.901
2021-03-24 15:54:27,946 - INFO: Move rejected due to water leaving the GCMC sphere
2021-03-24 15:54:31,440 - INFO: 92 move(s) completed (1 accepted (1.0870 %)). Current N = 1. Average N = 0.902
2021-03-24 15:54:50,174 - INFO: 93 move(s) completed (1 accepted (1.0753 %)). Current N = 1. Average N = 0.903
2021-03-24 15:55:09,220 - INFO: 94 move(s) completed (1 accepted (1.0638 %)). Current N = 1. Average N = 0.904
2021-03-24 15:55:28,181 - INFO: 95 move(s) completed (1 accepted (1.0526 %)). Current N = 1. Average N = 0.905
2021-03-24 15:55:46,301 - INFO: 96 move(s) completed (1 accepted (1.0417 %)). Current N = 1. Average N = 0.906
2021-03-24 15:56:04,316 - INFO: 97 move(s) completed (1 accepted (1.0309 %)). Current N = 1. Average N = 0.907
2021-03-24 15:56:22,183 - INFO: 98 move(s) completed (1 accepted (1.0204 %)). Current N = 1. Average N = 0.908
2021-03-24 15:56:40,157 - INFO: 99 move(s) completed (1 accepted (1.0101 %)). Current N = 1. Average N = 0.909
2021-03-24 15:56:58,496 - INFO: 100 move(s) completed (1 accepted (1.0000 %)). Current N = 1. Average N = 0.910
2021-03-24 15:57:16,574 - INFO: 101 move(s) completed (1 accepted (0.9901 %)). Current N = 1. Average N = 0.911
2021-03-24 15:57:31,183 - INFO: Move rejected due to water leaving the GCMC sphere
2021-03-24 15:57:34,740 - INFO: 102 move(s) completed (1 accepted (0.9804 %)). Current N = 1. Average N = 0.912
2021-03-24 15:57:49,799 - INFO: Move rejected due to water leaving the GCMC sphere
2021-03-24 15:57:53,262 - INFO: 103 move(s) completed (1 accepted (0.9709 %)). Current N = 1. Average N = 0.913
2021-03-24 15:58:11,726 - INFO: 104 move(s) completed (1 accepted (0.9615 %)). Current N = 1. Average N = 0.913
2021-03-24 15:58:26,822 - INFO: Move rejected due to water leaving the GCMC sphere
2021-03-24 15:58:30,275 - INFO: 105 move(s) completed (1 accepted (0.9524 %)). Current N = 1. Average N = 0.914
2021-03-24 15:58:45,397 - INFO: Move rejected due to water leaving the GCMC sphere
2021-03-24 15:58:48,941 - INFO: 106 move(s) completed (1 accepted (0.9434 %)). Current N = 1. Average N = 0.915
2021-03-24 15:59:04,111 - INFO: Move rejected due to water leaving the GCMC sphere
2021-03-24 15:59:07,675 - INFO: 107 move(s) completed (1 accepted (0.9346 %)). Current N = 1. Average N = 0.916
2021-03-24 15:59:26,510 - INFO: 108 move(s) completed (1 accepted (0.9259 %)). Current N = 1. Average N = 0.917
2021-03-24 15:59:45,220 - INFO: 109 move(s) completed (1 accepted (0.9174 %)). Current N = 1. Average N = 0.917
2021-03-24 16:00:00,417 - INFO: Move rejected due to water leaving the GCMC sphere
2021-03-24 16:00:03,900 - INFO: 110 move(s) completed (1 accepted (0.9091 %)). Current N = 1. Average N = 0.918
2021-03-24 16:00:22,756 - INFO: 111 move(s) completed (1 accepted (0.9009 %)). Current N = 1. Average N = 0.919
2021-03-24 16:00:40,827 - INFO: 112 move(s) completed (1 accepted (0.8929 %)). Current N = 1. Average N = 0.920
2021-03-24 16:00:59,729 - INFO: 113 move(s) completed (1 accepted (0.8850 %)). Current N = 1. Average N = 0.920
2021-03-24 16:01:18,836 - INFO: 114 move(s) completed (1 accepted (0.8772 %)). Current N = 1. Average N = 0.921
2021-03-24 16:01:36,968 - INFO: 115 move(s) completed (1 accepted (0.8696 %)). Current N = 1. Average N = 0.922
2021-03-24 16:01:55,096 - INFO: 116 move(s) completed (1 accepted (0.8621 %)). Current N = 1. Average N = 0.922
2021-03-24 16:02:13,132 - INFO: 117 move(s) completed (1 accepted (0.8547 %)). Current N = 1. Average N = 0.923
2021-03-24 16:02:31,495 - INFO: 118 move(s) completed (1 accepted (0.8475 %)). Current N = 1. Average N = 0.924
2021-03-24 16:02:49,978 - INFO: 119 move(s) completed (1 accepted (0.8403 %)). Current N = 1. Average N = 0.924
2021-03-24 16:03:04,666 - INFO: Move rejected due to water leaving the GCMC sphere
2021-03-24 16:03:08,158 - INFO: 120 move(s) completed (1 accepted (0.8333 %)). Current N = 1. Average N = 0.925
2021-03-24 16:03:26,478 - INFO: 121 move(s) completed (1 accepted (0.8264 %)). Current N = 1. Average N = 0.926
2021-03-24 16:03:41,296 - INFO: Move rejected due to water leaving the GCMC sphere
2021-03-24 16:03:44,817 - INFO: 122 move(s) completed (1 accepted (0.8197 %)). Current N = 1. Average N = 0.926
2021-03-24 16:04:03,469 - INFO: 123 move(s) completed (1 accepted (0.8130 %)). Current N = 1. Average N = 0.927
2021-03-24 16:04:21,896 - INFO: 124 move(s) completed (1 accepted (0.8065 %)). Current N = 1. Average N = 0.927
2021-03-24 16:04:39,879 - INFO: 125 move(s) completed (1 accepted (0.8000 %)). Current N = 1. Average N = 0.928
2021-03-24 16:04:58,194 - INFO: 126 move(s) completed (1 accepted (0.7937 %)). Current N = 1. Average N = 0.929
2021-03-24 16:05:17,079 - INFO: 127 move(s) completed (1 accepted (0.7874 %)). Current N = 1. Average N = 0.929
2021-03-24 16:05:35,698 - INFO: 128 move(s) completed (1 accepted (0.7812 %)). Current N = 1. Average N = 0.930
2021-03-24 16:05:54,482 - INFO: 129 move(s) completed (1 accepted (0.7752 %)). Current N = 1. Average N = 0.930
2021-03-24 16:06:12,609 - INFO: 130 move(s) completed (1 accepted (0.7692 %)). Current N = 1. Average N = 0.931
2021-03-24 16:06:31,337 - INFO: 131 move(s) completed (1 accepted (0.7634 %)). Current N = 1. Average N = 0.931
2021-03-24 16:06:46,645 - INFO: Move rejected due to water leaving the GCMC sphere
2021-03-24 16:06:50,342 - INFO: 132 move(s) completed (1 accepted (0.7576 %)). Current N = 1. Average N = 0.932
2021-03-24 16:07:08,365 - INFO: 133 move(s) completed (1 accepted (0.7519 %)). Current N = 1. Average N = 0.932
2021-03-24 16:07:27,527 - INFO: 134 move(s) completed (1 accepted (0.7463 %)). Current N = 1. Average N = 0.933
2021-03-24 16:07:42,980 - INFO: Move rejected due to water leaving the GCMC sphere
2021-03-24 16:07:46,546 - INFO: 135 move(s) completed (1 accepted (0.7407 %)). Current N = 1. Average N = 0.933
2021-03-24 16:08:05,639 - INFO: 136 move(s) completed (1 accepted (0.7353 %)). Current N = 1. Average N = 0.934
2021-03-24 16:08:23,950 - INFO: 137 move(s) completed (1 accepted (0.7299 %)). Current N = 1. Average N = 0.934
2021-03-24 16:08:38,643 - INFO: Move rejected due to water leaving the GCMC sphere
2021-03-24 16:08:42,242 - INFO: 138 move(s) completed (1 accepted (0.7246 %)). Current N = 1. Average N = 0.935
2021-03-24 16:08:56,698 - INFO: Move rejected due to water leaving the GCMC sphere
2021-03-24 16:09:00,379 - INFO: 139 move(s) completed (1 accepted (0.7194 %)). Current N = 1. Average N = 0.935
2021-03-24 16:09:18,945 - INFO: 140 move(s) completed (1 accepted (0.7143 %)). Current N = 1. Average N = 0.936
2021-03-24 16:09:33,698 - INFO: Move rejected due to water leaving the GCMC sphere
2021-03-24 16:09:37,222 - INFO: 141 move(s) completed (1 accepted (0.7092 %)). Current N = 1. Average N = 0.936
2021-03-24 16:09:55,494 - INFO: 142 move(s) completed (1 accepted (0.7042 %)). Current N = 1. Average N = 0.937
2021-03-24 16:10:10,532 - INFO: Move rejected due to water leaving the GCMC sphere
2021-03-24 16:10:14,200 - INFO: 143 move(s) completed (1 accepted (0.6993 %)). Current N = 1. Average N = 0.937
2021-03-24 16:10:32,434 - INFO: 144 move(s) completed (1 accepted (0.6944 %)). Current N = 1. Average N = 0.938
2021-03-24 16:10:47,049 - INFO: Move rejected due to water leaving the GCMC sphere
2021-03-24 16:10:50,658 - INFO: 145 move(s) completed (1 accepted (0.6897 %)). Current N = 1. Average N = 0.938
2021-03-24 16:11:08,594 - INFO: 146 move(s) completed (1 accepted (0.6849 %)). Current N = 1. Average N = 0.938
2021-03-24 16:11:27,361 - INFO: 147 move(s) completed (1 accepted (0.6803 %)). Current N = 1. Average N = 0.939
2021-03-24 16:11:46,076 - INFO: 148 move(s) completed (1 accepted (0.6757 %)). Current N = 1. Average N = 0.939
2021-03-24 16:12:01,224 - INFO: Move rejected due to water leaving the GCMC sphere
2021-03-24 16:12:04,699 - INFO: 149 move(s) completed (1 accepted (0.6711 %)). Current N = 1. Average N = 0.940
2021-03-24 16:12:23,441 - INFO: 150 move(s) completed (1 accepted (0.6667 %)). Current N = 1. Average N = 0.940
2021-03-24 16:12:41,853 - INFO: 151 move(s) completed (1 accepted (0.6623 %)). Current N = 1. Average N = 0.940
2021-03-24 16:12:59,796 - INFO: 152 move(s) completed (1 accepted (0.6579 %)). Current N = 1. Average N = 0.941
2021-03-24 16:13:15,059 - INFO: Move rejected due to water leaving the GCMC sphere
2021-03-24 16:13:18,501 - INFO: 153 move(s) completed (1 accepted (0.6536 %)). Current N = 1. Average N = 0.941
2021-03-24 16:13:37,555 - INFO: 154 move(s) completed (1 accepted (0.6494 %)). Current N = 1. Average N = 0.942
2021-03-24 16:13:51,914 - INFO: Move rejected due to water leaving the GCMC sphere
2021-03-24 16:13:55,529 - INFO: 155 move(s) completed (1 accepted (0.6452 %)). Current N = 1. Average N = 0.942
2021-03-24 16:14:13,734 - INFO: 156 move(s) completed (1 accepted (0.6410 %)). Current N = 1. Average N = 0.942
2021-03-24 16:14:31,761 - INFO: 157 move(s) completed (1 accepted (0.6369 %)). Current N = 1. Average N = 0.943
2021-03-24 16:14:50,035 - INFO: 158 move(s) completed (1 accepted (0.6329 %)). Current N = 1. Average N = 0.943
2021-03-24 16:15:08,131 - INFO: 159 move(s) completed (1 accepted (0.6289 %)). Current N = 1. Average N = 0.943
2021-03-24 16:15:26,420 - INFO: 160 move(s) completed (1 accepted (0.6250 %)). Current N = 1. Average N = 0.944
2021-03-24 16:15:44,864 - INFO: 161 move(s) completed (1 accepted (0.6211 %)). Current N = 1. Average N = 0.944
2021-03-24 16:15:59,657 - INFO: Move rejected due to water leaving the GCMC sphere
2021-03-24 16:16:03,098 - INFO: 162 move(s) completed (1 accepted (0.6173 %)). Current N = 1. Average N = 0.944
2021-03-24 16:16:17,672 - INFO: Move rejected due to water leaving the GCMC sphere
2021-03-24 16:16:21,303 - INFO: 163 move(s) completed (1 accepted (0.6135 %)). Current N = 1. Average N = 0.945
2021-03-24 16:16:35,781 - INFO: Move rejected due to water leaving the GCMC sphere
2021-03-24 16:16:39,306 - INFO: 164 move(s) completed (1 accepted (0.6098 %)). Current N = 1. Average N = 0.945
2021-03-24 16:16:57,945 - INFO: 165 move(s) completed (1 accepted (0.6061 %)). Current N = 1. Average N = 0.946
2021-03-24 16:17:13,118 - INFO: Move rejected due to water leaving the GCMC sphere
2021-03-24 16:17:16,684 - INFO: 166 move(s) completed (1 accepted (0.6024 %)). Current N = 1. Average N = 0.946
2021-03-24 16:17:35,284 - INFO: 167 move(s) completed (1 accepted (0.5988 %)). Current N = 1. Average N = 0.946
2021-03-24 16:17:53,815 - INFO: 168 move(s) completed (1 accepted (0.5952 %)). Current N = 1. Average N = 0.946
2021-03-24 16:18:12,183 - INFO: 169 move(s) completed (1 accepted (0.5917 %)). Current N = 1. Average N = 0.947
2021-03-24 16:18:30,275 - INFO: 170 move(s) completed (1 accepted (0.5882 %)). Current N = 1. Average N = 0.947
2021-03-24 16:18:48,216 - INFO: 171 move(s) completed (1 accepted (0.5848 %)). Current N = 1. Average N = 0.947
2021-03-24 16:19:07,080 - INFO: 172 move(s) completed (1 accepted (0.5814 %)). Current N = 1. Average N = 0.948
2021-03-24 16:19:25,839 - INFO: 173 move(s) completed (1 accepted (0.5780 %)). Current N = 1. Average N = 0.948
2021-03-24 16:19:43,767 - INFO: 174 move(s) completed (1 accepted (0.5747 %)). Current N = 1. Average N = 0.948
2021-03-24 16:20:02,658 - INFO: 175 move(s) completed (1 accepted (0.5714 %)). Current N = 1. Average N = 0.949
2021-03-24 16:20:21,573 - INFO: 176 move(s) completed (1 accepted (0.5682 %)). Current N = 1. Average N = 0.949
2021-03-24 16:20:37,098 - INFO: Move rejected due to water leaving the GCMC sphere
2021-03-24 16:20:40,575 - INFO: 177 move(s) completed (1 accepted (0.5650 %)). Current N = 1. Average N = 0.949
2021-03-24 16:20:56,080 - INFO: Move rejected due to water leaving the GCMC sphere
2021-03-24 16:20:59,622 - INFO: 178 move(s) completed (1 accepted (0.5618 %)). Current N = 1. Average N = 0.949
2021-03-24 16:21:18,488 - INFO: 179 move(s) completed (1 accepted (0.5587 %)). Current N = 1. Average N = 0.950
2021-03-24 16:21:36,537 - INFO: 180 move(s) completed (1 accepted (0.5556 %)). Current N = 1. Average N = 0.950
2021-03-24 16:21:51,173 - INFO: Move rejected due to water leaving the GCMC sphere
2021-03-24 16:21:54,786 - INFO: 181 move(s) completed (1 accepted (0.5525 %)). Current N = 1. Average N = 0.950
2021-03-24 16:22:09,282 - INFO: Move rejected due to water leaving the GCMC sphere
2021-03-24 16:22:12,796 - INFO: 182 move(s) completed (1 accepted (0.5495 %)). Current N = 1. Average N = 0.951
2021-03-24 16:22:31,034 - INFO: 183 move(s) completed (1 accepted (0.5464 %)). Current N = 1. Average N = 0.951
2021-03-24 16:22:49,385 - INFO: 184 move(s) completed (1 accepted (0.5435 %)). Current N = 1. Average N = 0.951
2021-03-24 16:23:03,923 - INFO: Move rejected due to water leaving the GCMC sphere
2021-03-24 16:23:07,355 - INFO: 185 move(s) completed (1 accepted (0.5405 %)). Current N = 1. Average N = 0.951
2021-03-24 16:23:22,263 - INFO: Move rejected due to water leaving the GCMC sphere
2021-03-24 16:23:25,774 - INFO: 186 move(s) completed (1 accepted (0.5376 %)). Current N = 1. Average N = 0.952
2021-03-24 16:23:40,578 - INFO: Move rejected due to water leaving the GCMC sphere
2021-03-24 16:23:44,068 - INFO: 187 move(s) completed (1 accepted (0.5348 %)). Current N = 1. Average N = 0.952
2021-03-24 16:23:58,818 - INFO: Move rejected due to water leaving the GCMC sphere
2021-03-24 16:24:02,337 - INFO: 188 move(s) completed (1 accepted (0.5319 %)). Current N = 1. Average N = 0.952
2021-03-24 16:24:17,361 - INFO: Move rejected due to water leaving the GCMC sphere
2021-03-24 16:24:20,946 - INFO: 189 move(s) completed (1 accepted (0.5291 %)). Current N = 1. Average N = 0.952
2021-03-24 16:24:39,231 - INFO: 190 move(s) completed (1 accepted (0.5263 %)). Current N = 1. Average N = 0.953
2021-03-24 16:24:54,340 - INFO: Move rejected due to water leaving the GCMC sphere
2021-03-24 16:24:57,907 - INFO: 191 move(s) completed (1 accepted (0.5236 %)). Current N = 1. Average N = 0.953
2021-03-24 16:25:16,520 - INFO: 192 move(s) completed (1 accepted (0.5208 %)). Current N = 1. Average N = 0.953
2021-03-24 16:25:31,848 - INFO: Move rejected due to water leaving the GCMC sphere
2021-03-24 16:25:35,396 - INFO: 193 move(s) completed (1 accepted (0.5181 %)). Current N = 1. Average N = 0.953
2021-03-24 16:25:54,417 - INFO: 194 move(s) completed (1 accepted (0.5155 %)). Current N = 1. Average N = 0.954
2021-03-24 16:26:13,162 - INFO: 195 move(s) completed (1 accepted (0.5128 %)). Current N = 1. Average N = 0.954
2021-03-24 16:26:28,480 - INFO: Move rejected due to water leaving the GCMC sphere
2021-03-24 16:26:32,042 - INFO: 196 move(s) completed (1 accepted (0.5102 %)). Current N = 1. Average N = 0.954
2021-03-24 16:26:50,825 - INFO: 197 move(s) completed (1 accepted (0.5076 %)). Current N = 1. Average N = 0.954
2021-03-24 16:27:08,973 - INFO: 198 move(s) completed (1 accepted (0.5051 %)). Current N = 1. Average N = 0.955
2021-03-24 16:27:24,303 - INFO: Move rejected due to water leaving the GCMC sphere
2021-03-24 16:27:27,813 - INFO: 199 move(s) completed (1 accepted (0.5025 %)). Current N = 1. Average N = 0.955
2021-03-24 16:27:47,002 - INFO: 200 move(s) completed (1 accepted (0.5000 %)). Current N = 1. Average N = 0.955
2021-03-24 16:28:05,069 - INFO: 201 move(s) completed (1 accepted (0.4975 %)). Current N = 1. Average N = 0.955
2021-03-24 16:28:23,201 - INFO: 202 move(s) completed (1 accepted (0.4950 %)). Current N = 1. Average N = 0.955
2021-03-24 16:28:37,836 - INFO: Move rejected due to water leaving the GCMC sphere
2021-03-24 16:28:41,452 - INFO: 203 move(s) completed (1 accepted (0.4926 %)). Current N = 1. Average N = 0.956
2021-03-24 16:28:56,046 - INFO: Move rejected due to water leaving the GCMC sphere
2021-03-24 16:28:59,646 - INFO: 204 move(s) completed (1 accepted (0.4902 %)). Current N = 1. Average N = 0.956
2021-03-24 16:29:18,162 - INFO: 205 move(s) completed (1 accepted (0.4878 %)). Current N = 1. Average N = 0.956
2021-03-24 16:29:32,838 - INFO: Move rejected due to water leaving the GCMC sphere
2021-03-24 16:29:36,331 - INFO: 206 move(s) completed (1 accepted (0.4854 %)). Current N = 1. Average N = 0.956
2021-03-24 16:29:54,931 - INFO: 207 move(s) completed (1 accepted (0.4831 %)). Current N = 1. Average N = 0.957
2021-03-24 16:30:09,733 - INFO: Move rejected due to water leaving the GCMC sphere
2021-03-24 16:30:13,336 - INFO: 208 move(s) completed (1 accepted (0.4808 %)). Current N = 1. Average N = 0.957
2021-03-24 16:30:31,989 - INFO: 209 move(s) completed (1 accepted (0.4785 %)). Current N = 1. Average N = 0.957
2021-03-24 16:30:50,724 - INFO: 210 move(s) completed (1 accepted (0.4762 %)). Current N = 1. Average N = 0.957
2021-03-24 16:31:09,036 - INFO: 211 move(s) completed (1 accepted (0.4739 %)). Current N = 1. Average N = 0.957
2021-03-24 16:31:23,644 - INFO: Move rejected due to water leaving the GCMC sphere
2021-03-24 16:31:27,261 - INFO: 212 move(s) completed (1 accepted (0.4717 %)). Current N = 1. Average N = 0.958
2021-03-24 16:31:42,402 - INFO: Move rejected due to water leaving the GCMC sphere
2021-03-24 16:31:46,054 - INFO: 213 move(s) completed (1 accepted (0.4695 %)). Current N = 1. Average N = 0.958
2021-03-24 16:32:01,247 - INFO: Move rejected due to water leaving the GCMC sphere
2021-03-24 16:32:04,821 - INFO: 214 move(s) completed (1 accepted (0.4673 %)). Current N = 1. Average N = 0.958
2021-03-24 16:32:23,851 - INFO: 215 move(s) completed (1 accepted (0.4651 %)). Current N = 1. Average N = 0.958
2021-03-24 16:32:39,394 - INFO: Move rejected due to water leaving the GCMC sphere
2021-03-24 16:32:42,982 - INFO: 216 move(s) completed (1 accepted (0.4630 %)). Current N = 1. Average N = 0.958
2021-03-24 16:33:02,030 - INFO: 217 move(s) completed (1 accepted (0.4608 %)). Current N = 1. Average N = 0.959
2021-03-24 16:33:20,869 - INFO: 218 move(s) completed (1 accepted (0.4587 %)). Current N = 1. Average N = 0.959
2021-03-24 16:33:39,048 - INFO: 219 move(s) completed (1 accepted (0.4566 %)). Current N = 1. Average N = 0.959
2021-03-24 16:33:54,461 - INFO: Move rejected due to water leaving the GCMC sphere
2021-03-24 16:33:58,101 - INFO: 220 move(s) completed (1 accepted (0.4545 %)). Current N = 1. Average N = 0.959
2021-03-24 16:34:17,118 - INFO: 221 move(s) completed (1 accepted (0.4525 %)). Current N = 1. Average N = 0.959
2021-03-24 16:34:31,848 - INFO: Move rejected due to water leaving the GCMC sphere
2021-03-24 16:34:35,407 - INFO: 222 move(s) completed (1 accepted (0.4505 %)). Current N = 1. Average N = 0.960
2021-03-24 16:34:50,240 - INFO: Move rejected due to water leaving the GCMC sphere
2021-03-24 16:34:53,796 - INFO: 223 move(s) completed (1 accepted (0.4484 %)). Current N = 1. Average N = 0.960
2021-03-24 16:35:11,959 - INFO: 224 move(s) completed (1 accepted (0.4464 %)). Current N = 1. Average N = 0.960
2021-03-24 16:35:30,175 - INFO: 225 move(s) completed (1 accepted (0.4444 %)). Current N = 1. Average N = 0.960
2021-03-24 16:35:48,000 - INFO: 226 move(s) completed (1 accepted (0.4425 %)). Current N = 1. Average N = 0.960
2021-03-24 16:36:02,584 - INFO: Move rejected due to water leaving the GCMC sphere
2021-03-24 16:36:06,097 - INFO: 227 move(s) completed (1 accepted (0.4405 %)). Current N = 1. Average N = 0.960
2021-03-24 16:36:24,753 - INFO: 228 move(s) completed (1 accepted (0.4386 %)). Current N = 1. Average N = 0.961
2021-03-24 16:36:43,064 - INFO: 229 move(s) completed (1 accepted (0.4367 %)). Current N = 1. Average N = 0.961
2021-03-24 16:37:01,179 - INFO: 230 move(s) completed (1 accepted (0.4348 %)). Current N = 1. Average N = 0.961
2021-03-24 16:37:19,184 - INFO: 231 move(s) completed (1 accepted (0.4329 %)). Current N = 1. Average N = 0.961
2021-03-24 16:37:34,333 - INFO: Move rejected due to water leaving the GCMC sphere
2021-03-24 16:37:37,921 - INFO: 232 move(s) completed (1 accepted (0.4310 %)). Current N = 1. Average N = 0.961
2021-03-24 16:37:56,546 - INFO: 233 move(s) completed (1 accepted (0.4292 %)). Current N = 1. Average N = 0.961
2021-03-24 16:38:15,238 - INFO: 234 move(s) completed (1 accepted (0.4274 %)). Current N = 1. Average N = 0.962
2021-03-24 16:38:33,471 - INFO: 235 move(s) completed (1 accepted (0.4255 %)). Current N = 1. Average N = 0.962
2021-03-24 16:38:48,596 - INFO: Move rejected due to water leaving the GCMC sphere
2021-03-24 16:38:52,144 - INFO: 236 move(s) completed (1 accepted (0.4237 %)). Current N = 1. Average N = 0.962
2021-03-24 16:39:10,821 - INFO: 237 move(s) completed (1 accepted (0.4219 %)). Current N = 1. Average N = 0.962
2021-03-24 16:39:29,107 - INFO: 238 move(s) completed (1 accepted (0.4202 %)). Current N = 1. Average N = 0.962
2021-03-24 16:39:47,342 - INFO: 239 move(s) completed (1 accepted (0.4184 %)). Current N = 1. Average N = 0.962
2021-03-24 16:40:05,787 - INFO: 240 move(s) completed (1 accepted (0.4167 %)). Current N = 1. Average N = 0.963
2021-03-24 16:40:23,793 - INFO: 241 move(s) completed (1 accepted (0.4149 %)). Current N = 1. Average N = 0.963
2021-03-24 16:40:41,827 - INFO: 242 move(s) completed (1 accepted (0.4132 %)). Current N = 1. Average N = 0.963
2021-03-24 16:40:59,927 - INFO: 243 move(s) completed (1 accepted (0.4115 %)). Current N = 1. Average N = 0.963
2021-03-24 16:41:18,190 - INFO: 244 move(s) completed (1 accepted (0.4098 %)). Current N = 1. Average N = 0.963
2021-03-24 16:41:36,216 - INFO: 245 move(s) completed (1 accepted (0.4082 %)). Current N = 1. Average N = 0.963
2021-03-24 16:41:54,608 - INFO: 246 move(s) completed (1 accepted (0.4065 %)). Current N = 1. Average N = 0.963
2021-03-24 16:42:12,902 - INFO: 247 move(s) completed (1 accepted (0.4049 %)). Current N = 1. Average N = 0.964
2021-03-24 16:42:31,119 - INFO: 248 move(s) completed (1 accepted (0.4032 %)). Current N = 1. Average N = 0.964
2021-03-24 16:42:49,111 - INFO: 249 move(s) completed (1 accepted (0.4016 %)). Current N = 1. Average N = 0.964
2021-03-24 16:43:07,564 - INFO: 250 move(s) completed (1 accepted (0.4000 %)). Current N = 1. Average N = 0.964
2021-03-24 16:43:22,551 - INFO: Move rejected due to water leaving the GCMC sphere
2021-03-24 16:43:26,164 - INFO: 251 move(s) completed (1 accepted (0.3984 %)). Current N = 1. Average N = 0.964
2021-03-24 16:43:44,618 - INFO: 252 move(s) completed (1 accepted (0.3968 %)). Current N = 1. Average N = 0.964
2021-03-24 16:44:02,861 - INFO: 253 move(s) completed (1 accepted (0.3953 %)). Current N = 1. Average N = 0.964
2021-03-24 16:44:20,992 - INFO: 254 move(s) completed (1 accepted (0.3937 %)). Current N = 1. Average N = 0.965
2021-03-24 16:44:39,621 - INFO: 255 move(s) completed (1 accepted (0.3922 %)). Current N = 1. Average N = 0.965
2021-03-24 16:44:58,434 - INFO: 256 move(s) completed (1 accepted (0.3906 %)). Current N = 1. Average N = 0.965
2021-03-24 16:45:13,593 - INFO: Move rejected due to water leaving the GCMC sphere
2021-03-24 16:45:17,212 - INFO: 257 move(s) completed (1 accepted (0.3891 %)). Current N = 1. Average N = 0.965
2021-03-24 16:45:32,563 - INFO: Move rejected due to water leaving the GCMC sphere
2021-03-24 16:45:36,070 - INFO: 258 move(s) completed (1 accepted (0.3876 %)). Current N = 1. Average N = 0.965
2021-03-24 16:45:51,488 - INFO: Move rejected due to water leaving the GCMC sphere
2021-03-24 16:45:54,987 - INFO: 259 move(s) completed (1 accepted (0.3861 %)). Current N = 1. Average N = 0.965
2021-03-24 16:46:13,876 - INFO: 260 move(s) completed (1 accepted (0.3846 %)). Current N = 1. Average N = 0.965
2021-03-24 16:46:31,676 - INFO: 261 move(s) completed (1 accepted (0.3831 %)). Current N = 1. Average N = 0.966
2021-03-24 16:46:49,958 - INFO: 262 move(s) completed (1 accepted (0.3817 %)). Current N = 1. Average N = 0.966
2021-03-24 16:47:07,972 - INFO: 263 move(s) completed (1 accepted (0.3802 %)). Current N = 1. Average N = 0.966
2021-03-24 16:47:22,693 - INFO: Move rejected due to water leaving the GCMC sphere
2021-03-24 16:47:26,327 - INFO: 264 move(s) completed (1 accepted (0.3788 %)). Current N = 1. Average N = 0.966
2021-03-24 16:47:40,936 - INFO: Move rejected due to water leaving the GCMC sphere
2021-03-24 16:47:44,487 - INFO: 265 move(s) completed (1 accepted (0.3774 %)). Current N = 1. Average N = 0.966
2021-03-24 16:48:02,358 - INFO: 266 move(s) completed (1 accepted (0.3759 %)). Current N = 1. Average N = 0.966
2021-03-24 16:48:20,499 - INFO: 267 move(s) completed (1 accepted (0.3745 %)). Current N = 1. Average N = 0.966
2021-03-24 16:48:38,850 - INFO: 268 move(s) completed (1 accepted (0.3731 %)). Current N = 1. Average N = 0.966
2021-03-24 16:48:56,781 - INFO: 269 move(s) completed (1 accepted (0.3717 %)). Current N = 1. Average N = 0.967
2021-03-24 16:49:15,255 - INFO: 270 move(s) completed (1 accepted (0.3704 %)). Current N = 1. Average N = 0.967
2021-03-24 16:49:33,665 - INFO: 271 move(s) completed (1 accepted (0.3690 %)). Current N = 1. Average N = 0.967
2021-03-24 16:49:48,443 - INFO: Move rejected due to water leaving the GCMC sphere
2021-03-24 16:49:51,956 - INFO: 272 move(s) completed (1 accepted (0.3676 %)). Current N = 1. Average N = 0.967
2021-03-24 16:50:10,518 - INFO: 273 move(s) completed (1 accepted (0.3663 %)). Current N = 1. Average N = 0.967
2021-03-24 16:50:29,226 - INFO: 274 move(s) completed (1 accepted (0.3650 %)). Current N = 1. Average N = 0.967
2021-03-24 16:50:48,949 - INFO: 275 move(s) completed (1 accepted (0.3636 %)). Current N = 1. Average N = 0.967
2021-03-24 16:51:07,268 - INFO: 276 move(s) completed (1 accepted (0.3623 %)). Current N = 1. Average N = 0.967
2021-03-24 16:51:22,502 - INFO: Move rejected due to water leaving the GCMC sphere
2021-03-24 16:51:26,113 - INFO: 277 move(s) completed (1 accepted (0.3610 %)). Current N = 1. Average N = 0.968
2021-03-24 16:51:41,269 - INFO: Move rejected due to water leaving the GCMC sphere
2021-03-24 16:51:44,618 - INFO: 278 move(s) completed (1 accepted (0.3597 %)). Current N = 1. Average N = 0.968
2021-03-24 16:52:03,424 - INFO: 279 move(s) completed (1 accepted (0.3584 %)). Current N = 1. Average N = 0.968
2021-03-24 16:52:21,615 - INFO: 280 move(s) completed (1 accepted (0.3571 %)). Current N = 1. Average N = 0.968
2021-03-24 16:52:40,385 - INFO: 281 move(s) completed (1 accepted (0.3559 %)). Current N = 1. Average N = 0.968
2021-03-24 16:52:59,353 - INFO: 282 move(s) completed (1 accepted (0.3546 %)). Current N = 1. Average N = 0.968
2021-03-24 16:53:18,544 - INFO: 283 move(s) completed (1 accepted (0.3534 %)). Current N = 1. Average N = 0.968
2021-03-24 16:53:37,704 - INFO: 284 move(s) completed (1 accepted (0.3521 %)). Current N = 1. Average N = 0.968
2021-03-24 16:53:56,668 - INFO: 285 move(s) completed (1 accepted (0.3509 %)). Current N = 1. Average N = 0.968
2021-03-24 16:54:14,661 - INFO: 286 move(s) completed (1 accepted (0.3497 %)). Current N = 1. Average N = 0.969
2021-03-24 16:54:32,857 - INFO: 287 move(s) completed (1 accepted (0.3484 %)). Current N = 1. Average N = 0.969
2021-03-24 16:54:51,083 - INFO: 288 move(s) completed (1 accepted (0.3472 %)). Current N = 1. Average N = 0.969
2021-03-24 16:55:09,338 - INFO: 289 move(s) completed (1 accepted (0.3460 %)). Current N = 1. Average N = 0.969
2021-03-24 16:55:27,609 - INFO: 290 move(s) completed (1 accepted (0.3448 %)). Current N = 1. Average N = 0.969
2021-03-24 16:55:42,626 - INFO: Move rejected due to water leaving the GCMC sphere
2021-03-24 16:55:46,274 - INFO: 291 move(s) completed (1 accepted (0.3436 %)). Current N = 1. Average N = 0.969
2021-03-24 16:56:01,232 - INFO: Move rejected due to water leaving the GCMC sphere
2021-03-24 16:56:04,690 - INFO: 292 move(s) completed (1 accepted (0.3425 %)). Current N = 1. Average N = 0.969
2021-03-24 16:56:23,251 - INFO: 293 move(s) completed (1 accepted (0.3413 %)). Current N = 1. Average N = 0.969
2021-03-24 16:56:41,988 - INFO: 294 move(s) completed (1 accepted (0.3401 %)). Current N = 1. Average N = 0.969
2021-03-24 16:57:00,443 - INFO: 295 move(s) completed (1 accepted (0.3390 %)). Current N = 1. Average N = 0.970
2021-03-24 16:57:18,648 - INFO: 296 move(s) completed (1 accepted (0.3378 %)). Current N = 1. Average N = 0.970
2021-03-24 16:57:37,431 - INFO: 297 move(s) completed (1 accepted (0.3367 %)). Current N = 1. Average N = 0.970
2021-03-24 16:57:56,289 - INFO: 298 move(s) completed (1 accepted (0.3356 %)). Current N = 1. Average N = 0.970
2021-03-24 16:58:15,053 - INFO: 299 move(s) completed (1 accepted (0.3344 %)). Current N = 1. Average N = 0.970
2021-03-24 16:58:33,845 - INFO: 300 move(s) completed (1 accepted (0.3333 %)). Current N = 1. Average N = 0.970
2021-03-24 16:58:51,828 - INFO: 301 move(s) completed (1 accepted (0.3322 %)). Current N = 1. Average N = 0.970
2021-03-24 16:59:10,645 - INFO: 302 move(s) completed (1 accepted (0.3311 %)). Current N = 1. Average N = 0.970
2021-03-24 16:59:29,556 - INFO: 303 move(s) completed (1 accepted (0.3300 %)). Current N = 1. Average N = 0.970
2021-03-24 16:59:47,597 - INFO: 304 move(s) completed (1 accepted (0.3289 %)). Current N = 1. Average N = 0.970
2021-03-24 17:00:06,677 - INFO: 305 move(s) completed (1 accepted (0.3279 %)). Current N = 1. Average N = 0.971
2021-03-24 17:00:22,231 - INFO: Move rejected due to water leaving the GCMC sphere
2021-03-24 17:00:25,919 - INFO: 306 move(s) completed (1 accepted (0.3268 %)). Current N = 1. Average N = 0.971
2021-03-24 17:00:40,501 - INFO: Move rejected due to water leaving the GCMC sphere
2021-03-24 17:00:43,992 - INFO: 307 move(s) completed (1 accepted (0.3257 %)). Current N = 1. Average N = 0.971
2021-03-24 17:01:02,361 - INFO: 308 move(s) completed (1 accepted (0.3247 %)). Current N = 1. Average N = 0.971
2021-03-24 17:01:21,136 - INFO: 309 move(s) completed (1 accepted (0.3236 %)). Current N = 1. Average N = 0.971
2021-03-24 17:01:35,819 - INFO: Move rejected due to water leaving the GCMC sphere
2021-03-24 17:01:39,427 - INFO: 310 move(s) completed (1 accepted (0.3226 %)). Current N = 1. Average N = 0.971
2021-03-24 17:01:54,300 - INFO: Move rejected due to water leaving the GCMC sphere
2021-03-24 17:01:57,917 - INFO: 311 move(s) completed (1 accepted (0.3215 %)). Current N = 1. Average N = 0.971
2021-03-24 17:02:16,137 - INFO: 312 move(s) completed (1 accepted (0.3205 %)). Current N = 1. Average N = 0.971
2021-03-24 17:02:34,667 - INFO: 313 move(s) completed (1 accepted (0.3195 %)). Current N = 1. Average N = 0.971
2021-03-24 17:02:53,232 - INFO: 314 move(s) completed (1 accepted (0.3185 %)). Current N = 1. Average N = 0.971
2021-03-24 17:03:11,436 - INFO: 315 move(s) completed (1 accepted (0.3175 %)). Current N = 1. Average N = 0.971
2021-03-24 17:03:26,421 - INFO: Move rejected due to water leaving the GCMC sphere
2021-03-24 17:03:29,897 - INFO: 316 move(s) completed (1 accepted (0.3165 %)). Current N = 1. Average N = 0.972
2021-03-24 17:03:44,784 - INFO: Move rejected due to water leaving the GCMC sphere
2021-03-24 17:03:48,363 - INFO: 317 move(s) completed (1 accepted (0.3155 %)). Current N = 1. Average N = 0.972
2021-03-24 17:04:06,568 - INFO: 318 move(s) completed (1 accepted (0.3145 %)). Current N = 1. Average N = 0.972
2021-03-24 17:04:21,604 - INFO: Move rejected due to water leaving the GCMC sphere
2021-03-24 17:04:25,244 - INFO: 319 move(s) completed (1 accepted (0.3135 %)). Current N = 1. Average N = 0.972
2021-03-24 17:04:40,224 - INFO: Move rejected due to water leaving the GCMC sphere
2021-03-24 17:04:43,741 - INFO: 320 move(s) completed (1 accepted (0.3125 %)). Current N = 1. Average N = 0.972
2021-03-24 17:04:58,997 - INFO: Move rejected due to water leaving the GCMC sphere
2021-03-24 17:05:02,502 - INFO: 321 move(s) completed (1 accepted (0.3115 %)). Current N = 1. Average N = 0.972
2021-03-24 17:05:21,265 - INFO: 322 move(s) completed (1 accepted (0.3106 %)). Current N = 1. Average N = 0.972
2021-03-24 17:05:36,666 - INFO: Move rejected due to water leaving the GCMC sphere
2021-03-24 17:05:40,129 - INFO: 323 move(s) completed (1 accepted (0.3096 %)). Current N = 1. Average N = 0.972
2021-03-24 17:05:58,396 - INFO: 324 move(s) completed (1 accepted (0.3086 %)). Current N = 1. Average N = 0.972
2021-03-24 17:06:17,507 - INFO: 325 move(s) completed (1 accepted (0.3077 %)). Current N = 1. Average N = 0.972
2021-03-24 17:06:31,943 - INFO: Move rejected due to water leaving the GCMC sphere
2021-03-24 17:06:35,532 - INFO: 326 move(s) completed (1 accepted (0.3067 %)). Current N = 1. Average N = 0.972
2021-03-24 17:06:54,700 - INFO: 327 move(s) completed (1 accepted (0.3058 %)). Current N = 1. Average N = 0.973
2021-03-24 17:07:13,887 - INFO: 328 move(s) completed (1 accepted (0.3049 %)). Current N = 1. Average N = 0.973
2021-03-24 17:07:28,286 - INFO: Move rejected due to water leaving the GCMC sphere
2021-03-24 17:07:31,721 - INFO: 329 move(s) completed (1 accepted (0.3040 %)). Current N = 1. Average N = 0.973
2021-03-24 17:07:50,190 - INFO: 330 move(s) completed (1 accepted (0.3030 %)). Current N = 1. Average N = 0.973
2021-03-24 17:08:08,165 - INFO: 331 move(s) completed (1 accepted (0.3021 %)). Current N = 1. Average N = 0.973
2021-03-24 17:08:26,496 - INFO: 332 move(s) completed (1 accepted (0.3012 %)). Current N = 1. Average N = 0.973
2021-03-24 17:08:41,562 - INFO: Move rejected due to water leaving the GCMC sphere
2021-03-24 17:08:45,115 - INFO: 333 move(s) completed (1 accepted (0.3003 %)). Current N = 1. Average N = 0.973
2021-03-24 17:09:03,176 - INFO: 334 move(s) completed (1 accepted (0.2994 %)). Current N = 1. Average N = 0.973
2021-03-24 17:09:18,116 - INFO: Move rejected due to water leaving the GCMC sphere
2021-03-24 17:09:21,768 - INFO: 335 move(s) completed (1 accepted (0.2985 %)). Current N = 1. Average N = 0.973
2021-03-24 17:09:36,602 - INFO: Move rejected due to water leaving the GCMC sphere
2021-03-24 17:09:40,018 - INFO: 336 move(s) completed (1 accepted (0.2976 %)). Current N = 1. Average N = 0.973
2021-03-24 17:09:58,613 - INFO: 337 move(s) completed (1 accepted (0.2967 %)). Current N = 1. Average N = 0.973
2021-03-24 17:10:16,987 - INFO: 338 move(s) completed (1 accepted (0.2959 %)). Current N = 1. Average N = 0.973
2021-03-24 17:10:35,617 - INFO: 339 move(s) completed (1 accepted (0.2950 %)). Current N = 1. Average N = 0.974
2021-03-24 17:10:54,187 - INFO: 340 move(s) completed (1 accepted (0.2941 %)). Current N = 1. Average N = 0.974
2021-03-24 17:11:12,694 - INFO: 341 move(s) completed (1 accepted (0.2933 %)). Current N = 1. Average N = 0.974
2021-03-24 17:11:31,392 - INFO: 342 move(s) completed (1 accepted (0.2924 %)). Current N = 1. Average N = 0.974
2021-03-24 17:11:50,369 - INFO: 343 move(s) completed (1 accepted (0.2915 %)). Current N = 1. Average N = 0.974
2021-03-24 17:12:05,463 - INFO: Move rejected due to water leaving the GCMC sphere
2021-03-24 17:12:09,108 - INFO: 344 move(s) completed (1 accepted (0.2907 %)). Current N = 1. Average N = 0.974
2021-03-24 17:12:27,906 - INFO: 345 move(s) completed (1 accepted (0.2899 %)). Current N = 1. Average N = 0.974
2021-03-24 17:12:46,758 - INFO: 346 move(s) completed (1 accepted (0.2890 %)). Current N = 1. Average N = 0.974
2021-03-24 17:13:05,681 - INFO: 347 move(s) completed (1 accepted (0.2882 %)). Current N = 1. Average N = 0.974
2021-03-24 17:13:24,542 - INFO: 348 move(s) completed (1 accepted (0.2874 %)). Current N = 1. Average N = 0.974
2021-03-24 17:13:43,446 - INFO: 349 move(s) completed (1 accepted (0.2865 %)). Current N = 1. Average N = 0.974
2021-03-24 17:14:02,579 - INFO: 350 move(s) completed (1 accepted (0.2857 %)). Current N = 1. Average N = 0.974
2021-03-24 17:14:17,311 - INFO: Move rejected due to water leaving the GCMC sphere
2021-03-24 17:14:20,775 - INFO: 351 move(s) completed (1 accepted (0.2849 %)). Current N = 1. Average N = 0.974
2021-03-24 17:14:35,456 - INFO: Move rejected due to water leaving the GCMC sphere
2021-03-24 17:14:38,908 - INFO: 352 move(s) completed (1 accepted (0.2841 %)). Current N = 1. Average N = 0.974
2021-03-24 17:14:53,430 - INFO: Move rejected due to water leaving the GCMC sphere
2021-03-24 17:14:56,865 - INFO: 353 move(s) completed (1 accepted (0.2833 %)). Current N = 1. Average N = 0.975
2021-03-24 17:15:11,559 - INFO: Move rejected due to water leaving the GCMC sphere
2021-03-24 17:15:15,052 - INFO: 354 move(s) completed (1 accepted (0.2825 %)). Current N = 1. Average N = 0.975
2021-03-24 17:15:33,338 - INFO: 355 move(s) completed (1 accepted (0.2817 %)). Current N = 1. Average N = 0.975
2021-03-24 17:15:51,401 - INFO: 356 move(s) completed (1 accepted (0.2809 %)). Current N = 1. Average N = 0.975
2021-03-24 17:16:09,700 - INFO: 357 move(s) completed (1 accepted (0.2801 %)). Current N = 1. Average N = 0.975
2021-03-24 17:16:28,044 - INFO: 358 move(s) completed (1 accepted (0.2793 %)). Current N = 1. Average N = 0.975
2021-03-24 17:16:46,065 - INFO: 359 move(s) completed (1 accepted (0.2786 %)). Current N = 1. Average N = 0.975
2021-03-24 17:17:01,136 - INFO: Move rejected due to water leaving the GCMC sphere
2021-03-24 17:17:04,609 - INFO: 360 move(s) completed (1 accepted (0.2778 %)). Current N = 1. Average N = 0.975
2021-03-24 17:17:23,301 - INFO: 361 move(s) completed (1 accepted (0.2770 %)). Current N = 1. Average N = 0.975
2021-03-24 17:17:41,993 - INFO: 362 move(s) completed (1 accepted (0.2762 %)). Current N = 1. Average N = 0.975
2021-03-24 17:17:57,094 - INFO: Move rejected due to water leaving the GCMC sphere
2021-03-24 17:18:00,577 - INFO: 363 move(s) completed (1 accepted (0.2755 %)). Current N = 1. Average N = 0.975
2021-03-24 17:18:15,678 - INFO: Move rejected due to water leaving the GCMC sphere
2021-03-24 17:18:19,350 - INFO: 364 move(s) completed (1 accepted (0.2747 %)). Current N = 1. Average N = 0.975
2021-03-24 17:18:34,579 - INFO: Move rejected due to water leaving the GCMC sphere
2021-03-24 17:18:38,206 - INFO: 365 move(s) completed (1 accepted (0.2740 %)). Current N = 1. Average N = 0.975
2021-03-24 17:18:56,881 - INFO: 366 move(s) completed (1 accepted (0.2732 %)). Current N = 1. Average N = 0.975
2021-03-24 17:19:15,800 - INFO: 367 move(s) completed (1 accepted (0.2725 %)). Current N = 1. Average N = 0.976
2021-03-24 17:19:31,322 - INFO: Move rejected due to water leaving the GCMC sphere
2021-03-24 17:19:34,797 - INFO: 368 move(s) completed (1 accepted (0.2717 %)). Current N = 1. Average N = 0.976
2021-03-24 17:19:50,020 - INFO: Move rejected due to water leaving the GCMC sphere
2021-03-24 17:19:53,455 - INFO: 369 move(s) completed (1 accepted (0.2710 %)). Current N = 1. Average N = 0.976
2021-03-24 17:20:11,367 - INFO: 370 move(s) completed (1 accepted (0.2703 %)). Current N = 1. Average N = 0.976
2021-03-24 17:20:30,228 - INFO: 371 move(s) completed (1 accepted (0.2695 %)). Current N = 1. Average N = 0.976
2021-03-24 17:20:49,150 - INFO: 372 move(s) completed (1 accepted (0.2688 %)). Current N = 1. Average N = 0.976
2021-03-24 17:21:03,686 - INFO: Move rejected due to water leaving the GCMC sphere
2021-03-24 17:21:07,266 - INFO: 373 move(s) completed (1 accepted (0.2681 %)). Current N = 1. Average N = 0.976
2021-03-24 17:21:21,996 - INFO: Move rejected due to water leaving the GCMC sphere
2021-03-24 17:21:25,475 - INFO: 374 move(s) completed (1 accepted (0.2674 %)). Current N = 1. Average N = 0.976
2021-03-24 17:21:43,542 - INFO: 375 move(s) completed (1 accepted (0.2667 %)). Current N = 1. Average N = 0.976
2021-03-24 17:21:58,503 - INFO: Move rejected due to water leaving the GCMC sphere
2021-03-24 17:22:02,121 - INFO: 376 move(s) completed (1 accepted (0.2660 %)). Current N = 1. Average N = 0.976
2021-03-24 17:22:20,271 - INFO: 377 move(s) completed (1 accepted (0.2653 %)). Current N = 1. Average N = 0.976
2021-03-24 17:22:35,189 - INFO: Move rejected due to water leaving the GCMC sphere
2021-03-24 17:22:38,723 - INFO: 378 move(s) completed (1 accepted (0.2646 %)). Current N = 1. Average N = 0.976
2021-03-24 17:22:57,299 - INFO: 379 move(s) completed (1 accepted (0.2639 %)). Current N = 1. Average N = 0.976
2021-03-24 17:23:15,351 - INFO: 380 move(s) completed (1 accepted (0.2632 %)). Current N = 1. Average N = 0.976
2021-03-24 17:23:33,606 - INFO: 381 move(s) completed (1 accepted (0.2625 %)). Current N = 1. Average N = 0.976
2021-03-24 17:23:51,950 - INFO: 382 move(s) completed (1 accepted (0.2618 %)). Current N = 1. Average N = 0.976
2021-03-24 17:24:10,534 - INFO: 383 move(s) completed (1 accepted (0.2611 %)). Current N = 1. Average N = 0.977
2021-03-24 17:24:28,654 - INFO: 384 move(s) completed (1 accepted (0.2604 %)). Current N = 1. Average N = 0.977
2021-03-24 17:24:47,313 - INFO: 385 move(s) completed (1 accepted (0.2597 %)). Current N = 1. Average N = 0.977
2021-03-24 17:25:02,731 - INFO: Move rejected due to water leaving the GCMC sphere
2021-03-24 17:25:06,322 - INFO: 386 move(s) completed (1 accepted (0.2591 %)). Current N = 1. Average N = 0.977
2021-03-24 17:25:21,536 - INFO: Move rejected due to water leaving the GCMC sphere
2021-03-24 17:25:25,092 - INFO: 387 move(s) completed (1 accepted (0.2584 %)). Current N = 1. Average N = 0.977
2021-03-24 17:25:43,771 - INFO: 388 move(s) completed (1 accepted (0.2577 %)). Current N = 1. Average N = 0.977
2021-03-24 17:26:02,574 - INFO: 389 move(s) completed (1 accepted (0.2571 %)). Current N = 1. Average N = 0.977
2021-03-24 17:26:18,023 - INFO: Move rejected due to water leaving the GCMC sphere
2021-03-24 17:26:21,692 - INFO: 390 move(s) completed (1 accepted (0.2564 %)). Current N = 1. Average N = 0.977
2021-03-24 17:26:36,960 - INFO: Move rejected due to water leaving the GCMC sphere
2021-03-24 17:26:40,401 - INFO: 391 move(s) completed (1 accepted (0.2558 %)). Current N = 1. Average N = 0.977
2021-03-24 17:26:59,376 - INFO: 392 move(s) completed (1 accepted (0.2551 %)). Current N = 1. Average N = 0.977
2021-03-24 17:27:14,614 - INFO: Move rejected due to water leaving the GCMC sphere
2021-03-24 17:27:18,206 - INFO: 393 move(s) completed (1 accepted (0.2545 %)). Current N = 1. Average N = 0.977
