2021-03-26 06:39:53,462 - INFO: kT = 0.5921875708469466 kcal/mol
2021-03-26 06:39:58,760 - INFO: BaseGrandCanonicalMonteCarloSampler object initialised
2021-03-26 06:39:58,761 - INFO: GCMC sphere is based on reference atom IDs: [887, 1837]
2021-03-26 06:39:58,761 - INFO: GCMC sphere radius is 6 A
2021-03-26 06:39:58,761 - INFO: Simulating at an Adams (B) value of -6.888845176169922
2021-03-26 06:39:58,761 - INFO: GCMCSphereSampler object initialised
2021-03-26 06:39:58,761 - INFO: StandardGCMCSphereSampler object initialised
2021-03-26 06:40:13,652 - INFO: 50 move(s) completed (0 accepted (0.0000 %)). Current N = 0. Average N = 0.000
2021-03-26 06:40:21,980 - INFO: 100 move(s) completed (0 accepted (0.0000 %)). Current N = 0. Average N = 0.000
2021-03-26 06:40:29,488 - INFO: 150 move(s) completed (0 accepted (0.0000 %)). Current N = 0. Average N = 0.000
2021-03-26 06:40:37,888 - INFO: 200 move(s) completed (0 accepted (0.0000 %)). Current N = 0. Average N = 0.000
2021-03-26 06:40:45,665 - INFO: 250 move(s) completed (0 accepted (0.0000 %)). Current N = 0. Average N = 0.000
2021-03-26 06:40:53,649 - INFO: 300 move(s) completed (0 accepted (0.0000 %)). Current N = 0. Average N = 0.000
2021-03-26 06:41:01,878 - INFO: 350 move(s) completed (0 accepted (0.0000 %)). Current N = 0. Average N = 0.000
2021-03-26 06:41:09,115 - INFO: 400 move(s) completed (0 accepted (0.0000 %)). Current N = 0. Average N = 0.000
2021-03-26 06:41:17,629 - INFO: 450 move(s) completed (0 accepted (0.0000 %)). Current N = 0. Average N = 0.000
2021-03-26 06:41:25,487 - INFO: 500 move(s) completed (0 accepted (0.0000 %)). Current N = 0. Average N = 0.000
2021-03-26 06:41:33,862 - INFO: 550 move(s) completed (0 accepted (0.0000 %)). Current N = 0. Average N = 0.000
2021-03-26 06:41:42,418 - INFO: 600 move(s) completed (0 accepted (0.0000 %)). Current N = 0. Average N = 0.000
2021-03-26 06:41:50,380 - INFO: 650 move(s) completed (0 accepted (0.0000 %)). Current N = 0. Average N = 0.000
2021-03-26 06:41:58,968 - INFO: 700 move(s) completed (2 accepted (0.2857 %)). Current N = 0. Average N = 0.024
2021-03-26 06:42:06,521 - INFO: 750 move(s) completed (4 accepted (0.5333 %)). Current N = 0. Average N = 0.025
2021-03-26 06:42:14,643 - INFO: 800 move(s) completed (4 accepted (0.5000 %)). Current N = 0. Average N = 0.024
2021-03-26 06:42:22,735 - INFO: 850 move(s) completed (4 accepted (0.4706 %)). Current N = 0. Average N = 0.022
2021-03-26 06:42:30,110 - INFO: 900 move(s) completed (4 accepted (0.4444 %)). Current N = 0. Average N = 0.021
2021-03-26 06:42:38,556 - INFO: 950 move(s) completed (4 accepted (0.4211 %)). Current N = 0. Average N = 0.020
2021-03-26 06:42:46,807 - INFO: 1000 move(s) completed (4 accepted (0.4000 %)). Current N = 0. Average N = 0.019
2021-03-26 06:42:54,221 - INFO: 1050 move(s) completed (4 accepted (0.3810 %)). Current N = 0. Average N = 0.018
2021-03-26 06:43:02,367 - INFO: 1100 move(s) completed (4 accepted (0.3636 %)). Current N = 0. Average N = 0.017
2021-03-26 06:43:10,018 - INFO: 1150 move(s) completed (4 accepted (0.3478 %)). Current N = 0. Average N = 0.017
2021-03-26 06:43:17,852 - INFO: 1200 move(s) completed (4 accepted (0.3333 %)). Current N = 0. Average N = 0.016
2021-03-26 06:43:25,698 - INFO: 1250 move(s) completed (4 accepted (0.3200 %)). Current N = 0. Average N = 0.015
2021-03-26 06:43:33,944 - INFO: 1300 move(s) completed (4 accepted (0.3077 %)). Current N = 0. Average N = 0.015
2021-03-26 06:43:42,085 - INFO: 1350 move(s) completed (4 accepted (0.2963 %)). Current N = 0. Average N = 0.014
2021-03-26 06:43:49,899 - INFO: 1400 move(s) completed (4 accepted (0.2857 %)). Current N = 0. Average N = 0.014
2021-03-26 06:43:57,426 - INFO: 1450 move(s) completed (4 accepted (0.2759 %)). Current N = 0. Average N = 0.013
2021-03-26 06:44:05,583 - INFO: 1500 move(s) completed (4 accepted (0.2667 %)). Current N = 0. Average N = 0.013
2021-03-26 06:44:13,574 - INFO: 1550 move(s) completed (4 accepted (0.2581 %)). Current N = 0. Average N = 0.012
2021-03-26 06:44:21,105 - INFO: 1600 move(s) completed (4 accepted (0.2500 %)). Current N = 0. Average N = 0.012
2021-03-26 06:44:29,662 - INFO: 1650 move(s) completed (4 accepted (0.2424 %)). Current N = 0. Average N = 0.011
2021-03-26 06:44:37,714 - INFO: 1700 move(s) completed (4 accepted (0.2353 %)). Current N = 0. Average N = 0.011
2021-03-26 06:44:45,254 - INFO: 1750 move(s) completed (4 accepted (0.2286 %)). Current N = 0. Average N = 0.011
2021-03-26 06:44:53,289 - INFO: 1800 move(s) completed (4 accepted (0.2222 %)). Current N = 0. Average N = 0.011
2021-03-26 06:45:01,016 - INFO: 1850 move(s) completed (4 accepted (0.2162 %)). Current N = 0. Average N = 0.010
2021-03-26 06:45:09,473 - INFO: 1900 move(s) completed (6 accepted (0.3158 %)). Current N = 0. Average N = 0.011
2021-03-26 06:45:17,359 - INFO: 1950 move(s) completed (6 accepted (0.3077 %)). Current N = 0. Average N = 0.011
2021-03-26 06:45:24,549 - INFO: 2000 move(s) completed (6 accepted (0.3000 %)). Current N = 0. Average N = 0.011
2021-03-26 06:45:32,703 - INFO: 2050 move(s) completed (6 accepted (0.2927 %)). Current N = 0. Average N = 0.010
2021-03-26 06:45:40,410 - INFO: 2100 move(s) completed (6 accepted (0.2857 %)). Current N = 0. Average N = 0.010
2021-03-26 06:45:48,014 - INFO: 2150 move(s) completed (6 accepted (0.2791 %)). Current N = 0. Average N = 0.010
2021-03-26 06:45:55,923 - INFO: 2200 move(s) completed (6 accepted (0.2727 %)). Current N = 0. Average N = 0.009
2021-03-26 06:46:04,616 - INFO: 2250 move(s) completed (7 accepted (0.3111 %)). Current N = 1. Average N = 0.027
2021-03-26 06:46:14,162 - INFO: 2300 move(s) completed (7 accepted (0.3043 %)). Current N = 1. Average N = 0.048
2021-03-26 06:46:23,034 - INFO: 2350 move(s) completed (7 accepted (0.2979 %)). Current N = 1. Average N = 0.069
2021-03-26 06:46:31,967 - INFO: 2400 move(s) completed (7 accepted (0.2917 %)). Current N = 1. Average N = 0.088
2021-03-26 06:46:40,625 - INFO: 2450 move(s) completed (7 accepted (0.2857 %)). Current N = 1. Average N = 0.106
2021-03-26 06:46:49,702 - INFO: 2500 move(s) completed (7 accepted (0.2800 %)). Current N = 1. Average N = 0.124
2021-03-26 06:46:58,926 - INFO: 2550 move(s) completed (7 accepted (0.2745 %)). Current N = 1. Average N = 0.142
2021-03-26 06:47:07,834 - INFO: 2600 move(s) completed (9 accepted (0.3462 %)). Current N = 1. Average N = 0.159
2021-03-26 06:47:17,097 - INFO: 2650 move(s) completed (9 accepted (0.3396 %)). Current N = 1. Average N = 0.174
2021-03-26 06:47:25,625 - INFO: 2700 move(s) completed (11 accepted (0.4074 %)). Current N = 1. Average N = 0.194
2021-03-26 06:47:34,853 - INFO: 2750 move(s) completed (11 accepted (0.4000 %)). Current N = 1. Average N = 0.208
2021-03-26 06:47:44,304 - INFO: 2800 move(s) completed (11 accepted (0.3929 %)). Current N = 1. Average N = 0.223
2021-03-26 06:47:53,139 - INFO: 2850 move(s) completed (11 accepted (0.3860 %)). Current N = 1. Average N = 0.236
2021-03-26 06:48:02,487 - INFO: 2900 move(s) completed (11 accepted (0.3793 %)). Current N = 1. Average N = 0.249
2021-03-26 06:48:11,342 - INFO: 2950 move(s) completed (11 accepted (0.3729 %)). Current N = 1. Average N = 0.262
2021-03-26 06:48:20,293 - INFO: 3000 move(s) completed (11 accepted (0.3667 %)). Current N = 1. Average N = 0.274
2021-03-26 06:48:28,955 - INFO: 3050 move(s) completed (11 accepted (0.3607 %)). Current N = 1. Average N = 0.286
2021-03-26 06:48:37,977 - INFO: 3100 move(s) completed (11 accepted (0.3548 %)). Current N = 1. Average N = 0.298
2021-03-26 06:48:47,488 - INFO: 3150 move(s) completed (11 accepted (0.3492 %)). Current N = 1. Average N = 0.309
2021-03-26 06:48:56,275 - INFO: 3200 move(s) completed (11 accepted (0.3438 %)). Current N = 1. Average N = 0.320
2021-03-26 06:49:05,586 - INFO: 3250 move(s) completed (13 accepted (0.4000 %)). Current N = 1. Average N = 0.331
2021-03-26 06:49:14,509 - INFO: 3300 move(s) completed (13 accepted (0.3939 %)). Current N = 1. Average N = 0.341
2021-03-26 06:49:23,459 - INFO: 3350 move(s) completed (13 accepted (0.3881 %)). Current N = 1. Average N = 0.350
2021-03-26 06:49:32,283 - INFO: 3400 move(s) completed (13 accepted (0.3824 %)). Current N = 1. Average N = 0.360
2021-03-26 06:49:41,532 - INFO: 3450 move(s) completed (13 accepted (0.3768 %)). Current N = 1. Average N = 0.369
2021-03-26 06:49:50,746 - INFO: 3500 move(s) completed (13 accepted (0.3714 %)). Current N = 1. Average N = 0.378
2021-03-26 06:49:59,342 - INFO: 3550 move(s) completed (13 accepted (0.3662 %)). Current N = 1. Average N = 0.387
2021-03-26 06:50:08,597 - INFO: 3600 move(s) completed (13 accepted (0.3611 %)). Current N = 1. Average N = 0.396
2021-03-26 06:50:17,629 - INFO: 3650 move(s) completed (13 accepted (0.3562 %)). Current N = 1. Average N = 0.404
2021-03-26 06:50:26,813 - INFO: 3700 move(s) completed (13 accepted (0.3514 %)). Current N = 1. Average N = 0.412
2021-03-26 06:50:35,530 - INFO: 3750 move(s) completed (13 accepted (0.3467 %)). Current N = 1. Average N = 0.420
2021-03-26 06:50:44,467 - INFO: 3800 move(s) completed (13 accepted (0.3421 %)). Current N = 1. Average N = 0.427
2021-03-26 06:50:53,516 - INFO: 3850 move(s) completed (13 accepted (0.3377 %)). Current N = 1. Average N = 0.435
2021-03-26 06:51:02,554 - INFO: 3900 move(s) completed (13 accepted (0.3333 %)). Current N = 1. Average N = 0.442
2021-03-26 06:51:11,651 - INFO: 3950 move(s) completed (13 accepted (0.3291 %)). Current N = 1. Average N = 0.449
2021-03-26 06:51:20,153 - INFO: 4000 move(s) completed (13 accepted (0.3250 %)). Current N = 1. Average N = 0.456
2021-03-26 06:51:29,036 - INFO: 4050 move(s) completed (13 accepted (0.3210 %)). Current N = 1. Average N = 0.463
2021-03-26 06:51:38,299 - INFO: 4100 move(s) completed (13 accepted (0.3171 %)). Current N = 1. Average N = 0.469
2021-03-26 06:51:47,206 - INFO: 4150 move(s) completed (13 accepted (0.3133 %)). Current N = 1. Average N = 0.476
2021-03-26 06:51:56,480 - INFO: 4200 move(s) completed (13 accepted (0.3095 %)). Current N = 1. Average N = 0.482
2021-03-26 06:52:05,284 - INFO: 4250 move(s) completed (13 accepted (0.3059 %)). Current N = 1. Average N = 0.488
2021-03-26 06:52:14,610 - INFO: 4300 move(s) completed (13 accepted (0.3023 %)). Current N = 1. Average N = 0.494
2021-03-26 06:52:23,357 - INFO: 4350 move(s) completed (13 accepted (0.2989 %)). Current N = 1. Average N = 0.500
2021-03-26 06:52:32,485 - INFO: 4400 move(s) completed (13 accepted (0.2955 %)). Current N = 1. Average N = 0.505
2021-03-26 06:52:42,075 - INFO: 4450 move(s) completed (13 accepted (0.2921 %)). Current N = 1. Average N = 0.511
2021-03-26 06:52:50,793 - INFO: 4500 move(s) completed (13 accepted (0.2889 %)). Current N = 1. Average N = 0.516
2021-03-26 06:53:00,080 - INFO: 4550 move(s) completed (13 accepted (0.2857 %)). Current N = 1. Average N = 0.522
2021-03-26 06:53:08,849 - INFO: 4600 move(s) completed (13 accepted (0.2826 %)). Current N = 1. Average N = 0.527
2021-03-26 06:53:17,859 - INFO: 4650 move(s) completed (13 accepted (0.2796 %)). Current N = 1. Average N = 0.532
2021-03-26 06:53:26,588 - INFO: 4700 move(s) completed (13 accepted (0.2766 %)). Current N = 1. Average N = 0.537
2021-03-26 06:53:35,676 - INFO: 4750 move(s) completed (13 accepted (0.2737 %)). Current N = 1. Average N = 0.542
2021-03-26 06:53:45,198 - INFO: 4800 move(s) completed (13 accepted (0.2708 %)). Current N = 1. Average N = 0.547
2021-03-26 06:53:54,008 - INFO: 4850 move(s) completed (13 accepted (0.2680 %)). Current N = 1. Average N = 0.551
2021-03-26 06:54:03,503 - INFO: 4900 move(s) completed (13 accepted (0.2653 %)). Current N = 1. Average N = 0.556
2021-03-26 06:54:12,285 - INFO: 4950 move(s) completed (13 accepted (0.2626 %)). Current N = 1. Average N = 0.560
2021-03-26 06:54:21,346 - INFO: 5000 move(s) completed (13 accepted (0.2600 %)). Current N = 1. Average N = 0.565
2021-03-26 06:54:30,945 - INFO: 5050 move(s) completed (13 accepted (0.2574 %)). Current N = 1. Average N = 0.569
2021-03-26 06:54:40,042 - INFO: 5100 move(s) completed (13 accepted (0.2549 %)). Current N = 1. Average N = 0.573
2021-03-26 06:54:49,349 - INFO: 5150 move(s) completed (13 accepted (0.2524 %)). Current N = 1. Average N = 0.578
2021-03-26 06:54:58,057 - INFO: 5200 move(s) completed (13 accepted (0.2500 %)). Current N = 1. Average N = 0.582
2021-03-26 06:55:07,274 - INFO: 5250 move(s) completed (13 accepted (0.2476 %)). Current N = 1. Average N = 0.586
2021-03-26 06:55:16,508 - INFO: 5300 move(s) completed (13 accepted (0.2453 %)). Current N = 1. Average N = 0.589
2021-03-26 06:55:25,129 - INFO: 5350 move(s) completed (13 accepted (0.2430 %)). Current N = 1. Average N = 0.593
2021-03-26 06:55:34,368 - INFO: 5400 move(s) completed (13 accepted (0.2407 %)). Current N = 1. Average N = 0.597
2021-03-26 06:55:43,330 - INFO: 5450 move(s) completed (13 accepted (0.2385 %)). Current N = 1. Average N = 0.601
2021-03-26 06:55:52,255 - INFO: 5500 move(s) completed (13 accepted (0.2364 %)). Current N = 1. Average N = 0.604
2021-03-26 06:56:00,958 - INFO: 5550 move(s) completed (13 accepted (0.2342 %)). Current N = 1. Average N = 0.608
2021-03-26 06:56:10,114 - INFO: 5600 move(s) completed (13 accepted (0.2321 %)). Current N = 1. Average N = 0.611
2021-03-26 06:56:18,739 - INFO: 5650 move(s) completed (13 accepted (0.2301 %)). Current N = 1. Average N = 0.615
2021-03-26 06:56:27,752 - INFO: 5700 move(s) completed (13 accepted (0.2281 %)). Current N = 1. Average N = 0.618
2021-03-26 06:56:37,194 - INFO: 5750 move(s) completed (13 accepted (0.2261 %)). Current N = 1. Average N = 0.622
2021-03-26 06:56:45,760 - INFO: 5800 move(s) completed (13 accepted (0.2241 %)). Current N = 1. Average N = 0.625
2021-03-26 06:56:55,131 - INFO: 5850 move(s) completed (13 accepted (0.2222 %)). Current N = 1. Average N = 0.628
2021-03-26 06:57:04,020 - INFO: 5900 move(s) completed (15 accepted (0.2542 %)). Current N = 1. Average N = 0.632
2021-03-26 06:57:13,109 - INFO: 5950 move(s) completed (15 accepted (0.2521 %)). Current N = 1. Average N = 0.635
2021-03-26 06:57:22,153 - INFO: 6000 move(s) completed (15 accepted (0.2500 %)). Current N = 1. Average N = 0.638
2021-03-26 06:57:31,272 - INFO: 6050 move(s) completed (15 accepted (0.2479 %)). Current N = 1. Average N = 0.641
2021-03-26 06:57:40,535 - INFO: 6100 move(s) completed (15 accepted (0.2459 %)). Current N = 1. Average N = 0.644
2021-03-26 06:57:48,963 - INFO: 6150 move(s) completed (15 accepted (0.2439 %)). Current N = 1. Average N = 0.647
2021-03-26 06:57:58,292 - INFO: 6200 move(s) completed (15 accepted (0.2419 %)). Current N = 1. Average N = 0.649
2021-03-26 06:58:07,121 - INFO: 6250 move(s) completed (15 accepted (0.2400 %)). Current N = 1. Average N = 0.652
2021-03-26 06:58:16,024 - INFO: 6300 move(s) completed (15 accepted (0.2381 %)). Current N = 1. Average N = 0.655
2021-03-26 06:58:25,340 - INFO: 6350 move(s) completed (15 accepted (0.2362 %)). Current N = 1. Average N = 0.658
2021-03-26 06:58:34,271 - INFO: 6400 move(s) completed (17 accepted (0.2656 %)). Current N = 1. Average N = 0.661
2021-03-26 06:58:43,357 - INFO: 6450 move(s) completed (17 accepted (0.2636 %)). Current N = 1. Average N = 0.663
2021-03-26 06:58:52,039 - INFO: 6500 move(s) completed (19 accepted (0.2923 %)). Current N = 1. Average N = 0.667
2021-03-26 06:59:01,013 - INFO: 6550 move(s) completed (19 accepted (0.2901 %)). Current N = 1. Average N = 0.669
2021-03-26 06:59:09,570 - INFO: 6600 move(s) completed (19 accepted (0.2879 %)). Current N = 1. Average N = 0.672
2021-03-26 06:59:18,560 - INFO: 6650 move(s) completed (19 accepted (0.2857 %)). Current N = 1. Average N = 0.674
2021-03-26 06:59:27,947 - INFO: 6700 move(s) completed (19 accepted (0.2836 %)). Current N = 1. Average N = 0.677
2021-03-26 06:59:37,123 - INFO: 6750 move(s) completed (19 accepted (0.2815 %)). Current N = 1. Average N = 0.679
2021-03-26 06:59:45,786 - INFO: 6800 move(s) completed (19 accepted (0.2794 %)). Current N = 1. Average N = 0.682
2021-03-26 06:59:54,403 - INFO: 6850 move(s) completed (19 accepted (0.2774 %)). Current N = 1. Average N = 0.684
2021-03-26 07:00:03,574 - INFO: 6900 move(s) completed (21 accepted (0.3043 %)). Current N = 1. Average N = 0.687
2021-03-26 07:00:11,922 - INFO: 6950 move(s) completed (21 accepted (0.3022 %)). Current N = 1. Average N = 0.689
2021-03-26 07:00:20,614 - INFO: 7000 move(s) completed (21 accepted (0.3000 %)). Current N = 1. Average N = 0.691
2021-03-26 07:00:30,185 - INFO: 7050 move(s) completed (21 accepted (0.2979 %)). Current N = 1. Average N = 0.694
2021-03-26 07:00:39,098 - INFO: 7100 move(s) completed (21 accepted (0.2958 %)). Current N = 1. Average N = 0.696
2021-03-26 07:00:48,194 - INFO: 7150 move(s) completed (21 accepted (0.2937 %)). Current N = 1. Average N = 0.698
2021-03-26 07:00:56,779 - INFO: 7200 move(s) completed (21 accepted (0.2917 %)). Current N = 1. Average N = 0.700
2021-03-26 07:01:05,906 - INFO: 7250 move(s) completed (21 accepted (0.2897 %)). Current N = 1. Average N = 0.702
2021-03-26 07:01:15,343 - INFO: 7300 move(s) completed (21 accepted (0.2877 %)). Current N = 1. Average N = 0.704
2021-03-26 07:01:24,322 - INFO: 7350 move(s) completed (21 accepted (0.2857 %)). Current N = 1. Average N = 0.706
2021-03-26 07:01:33,827 - INFO: 7400 move(s) completed (21 accepted (0.2838 %)). Current N = 1. Average N = 0.708
2021-03-26 07:01:42,581 - INFO: 7450 move(s) completed (21 accepted (0.2819 %)). Current N = 1. Average N = 0.710
2021-03-26 07:01:51,737 - INFO: 7500 move(s) completed (21 accepted (0.2800 %)). Current N = 1. Average N = 0.712
2021-03-26 07:02:01,525 - INFO: 7550 move(s) completed (21 accepted (0.2781 %)). Current N = 1. Average N = 0.714
2021-03-26 07:02:10,062 - INFO: 7600 move(s) completed (21 accepted (0.2763 %)). Current N = 1. Average N = 0.716
2021-03-26 07:02:19,173 - INFO: 7650 move(s) completed (21 accepted (0.2745 %)). Current N = 1. Average N = 0.718
2021-03-26 07:02:27,994 - INFO: 7700 move(s) completed (23 accepted (0.2987 %)). Current N = 1. Average N = 0.720
2021-03-26 07:02:37,069 - INFO: 7750 move(s) completed (23 accepted (0.2968 %)). Current N = 1. Average N = 0.722
2021-03-26 07:02:45,389 - INFO: 7800 move(s) completed (23 accepted (0.2949 %)). Current N = 1. Average N = 0.724
2021-03-26 07:02:54,442 - INFO: 7850 move(s) completed (23 accepted (0.2930 %)). Current N = 1. Average N = 0.726
2021-03-26 07:03:03,953 - INFO: 7900 move(s) completed (23 accepted (0.2911 %)). Current N = 1. Average N = 0.727
2021-03-26 07:03:12,550 - INFO: 7950 move(s) completed (23 accepted (0.2893 %)). Current N = 1. Average N = 0.729
2021-03-26 07:03:21,964 - INFO: 8000 move(s) completed (23 accepted (0.2875 %)). Current N = 1. Average N = 0.731
2021-03-26 07:03:30,792 - INFO: 8050 move(s) completed (23 accepted (0.2857 %)). Current N = 1. Average N = 0.732
2021-03-26 07:03:39,680 - INFO: 8100 move(s) completed (23 accepted (0.2840 %)). Current N = 1. Average N = 0.734
2021-03-26 07:03:47,986 - INFO: 8150 move(s) completed (23 accepted (0.2822 %)). Current N = 1. Average N = 0.736
2021-03-26 07:03:56,923 - INFO: 8200 move(s) completed (23 accepted (0.2805 %)). Current N = 1. Average N = 0.737
2021-03-26 07:04:06,459 - INFO: 8250 move(s) completed (23 accepted (0.2788 %)). Current N = 1. Average N = 0.739
2021-03-26 07:04:15,389 - INFO: 8300 move(s) completed (23 accepted (0.2771 %)). Current N = 1. Average N = 0.741
2021-03-26 07:04:24,684 - INFO: 8350 move(s) completed (23 accepted (0.2754 %)). Current N = 1. Average N = 0.742
2021-03-26 07:04:33,324 - INFO: 8400 move(s) completed (24 accepted (0.2857 %)). Current N = 2. Average N = 0.744
2021-03-26 07:04:42,452 - INFO: 8450 move(s) completed (24 accepted (0.2840 %)). Current N = 2. Average N = 0.751
2021-03-26 07:04:51,343 - INFO: 8500 move(s) completed (24 accepted (0.2824 %)). Current N = 2. Average N = 0.758
2021-03-26 07:05:00,419 - INFO: 8550 move(s) completed (25 accepted (0.2924 %)). Current N = 1. Average N = 0.765
2021-03-26 07:05:09,403 - INFO: 8600 move(s) completed (25 accepted (0.2907 %)). Current N = 1. Average N = 0.766
2021-03-26 07:05:18,095 - INFO: 8650 move(s) completed (27 accepted (0.3121 %)). Current N = 1. Average N = 0.768
2021-03-26 07:05:27,499 - INFO: 8700 move(s) completed (27 accepted (0.3103 %)). Current N = 1. Average N = 0.769
2021-03-26 07:05:36,037 - INFO: 8750 move(s) completed (27 accepted (0.3086 %)). Current N = 1. Average N = 0.770
2021-03-26 07:05:44,830 - INFO: 8800 move(s) completed (27 accepted (0.3068 %)). Current N = 1. Average N = 0.772
2021-03-26 07:05:54,215 - INFO: 8850 move(s) completed (27 accepted (0.3051 %)). Current N = 1. Average N = 0.773
2021-03-26 07:06:03,200 - INFO: 8900 move(s) completed (27 accepted (0.3034 %)). Current N = 1. Average N = 0.774
2021-03-26 07:06:12,083 - INFO: 8950 move(s) completed (27 accepted (0.3017 %)). Current N = 1. Average N = 0.775
2021-03-26 07:06:21,096 - INFO: 9000 move(s) completed (27 accepted (0.3000 %)). Current N = 1. Average N = 0.777
2021-03-26 07:06:30,397 - INFO: 9050 move(s) completed (27 accepted (0.2983 %)). Current N = 1. Average N = 0.778
2021-03-26 07:06:38,886 - INFO: 9100 move(s) completed (27 accepted (0.2967 %)). Current N = 1. Average N = 0.779
2021-03-26 07:06:47,852 - INFO: 9150 move(s) completed (27 accepted (0.2951 %)). Current N = 1. Average N = 0.780
2021-03-26 07:06:57,235 - INFO: 9200 move(s) completed (27 accepted (0.2935 %)). Current N = 1. Average N = 0.781
2021-03-26 07:07:06,123 - INFO: 9250 move(s) completed (27 accepted (0.2919 %)). Current N = 1. Average N = 0.783
2021-03-26 07:07:15,377 - INFO: 9300 move(s) completed (27 accepted (0.2903 %)). Current N = 1. Average N = 0.784
2021-03-26 07:07:24,091 - INFO: 9350 move(s) completed (27 accepted (0.2888 %)). Current N = 1. Average N = 0.785
2021-03-26 07:07:33,141 - INFO: 9400 move(s) completed (27 accepted (0.2872 %)). Current N = 1. Average N = 0.786
2021-03-26 07:07:42,725 - INFO: 9450 move(s) completed (27 accepted (0.2857 %)). Current N = 1. Average N = 0.787
2021-03-26 07:07:51,687 - INFO: 9500 move(s) completed (27 accepted (0.2842 %)). Current N = 1. Average N = 0.788
2021-03-26 07:08:00,885 - INFO: 9550 move(s) completed (29 accepted (0.3037 %)). Current N = 1. Average N = 0.790
2021-03-26 07:08:09,519 - INFO: 9600 move(s) completed (29 accepted (0.3021 %)). Current N = 1. Average N = 0.791
2021-03-26 07:08:18,916 - INFO: 9650 move(s) completed (29 accepted (0.3005 %)). Current N = 1. Average N = 0.792
2021-03-26 07:08:28,246 - INFO: 9700 move(s) completed (29 accepted (0.2990 %)). Current N = 1. Average N = 0.793
2021-03-26 07:08:36,780 - INFO: 9750 move(s) completed (29 accepted (0.2974 %)). Current N = 1. Average N = 0.794
2021-03-26 07:08:45,948 - INFO: 9800 move(s) completed (29 accepted (0.2959 %)). Current N = 1. Average N = 0.795
2021-03-26 07:08:54,478 - INFO: 9850 move(s) completed (29 accepted (0.2944 %)). Current N = 1. Average N = 0.796
2021-03-26 07:09:03,726 - INFO: 9900 move(s) completed (29 accepted (0.2929 %)). Current N = 1. Average N = 0.797
2021-03-26 07:09:12,163 - INFO: 9950 move(s) completed (29 accepted (0.2915 %)). Current N = 1. Average N = 0.798
2021-03-26 07:09:21,141 - INFO: 10000 move(s) completed (29 accepted (0.2900 %)). Current N = 1. Average N = 0.799
2021-03-26 07:09:30,511 - INFO: 10050 move(s) completed (29 accepted (0.2886 %)). Current N = 1. Average N = 0.800
2021-03-26 07:09:39,398 - INFO: 10100 move(s) completed (29 accepted (0.2871 %)). Current N = 1. Average N = 0.801
2021-03-26 07:09:48,640 - INFO: 10150 move(s) completed (29 accepted (0.2857 %)). Current N = 1. Average N = 0.802
2021-03-26 07:09:57,209 - INFO: 10200 move(s) completed (29 accepted (0.2843 %)). Current N = 1. Average N = 0.803
2021-03-26 07:10:05,897 - INFO: 10250 move(s) completed (29 accepted (0.2829 %)). Current N = 1. Average N = 0.804
2021-03-26 07:10:15,390 - INFO: 10300 move(s) completed (29 accepted (0.2816 %)). Current N = 1. Average N = 0.805
2021-03-26 07:10:24,536 - INFO: 10350 move(s) completed (29 accepted (0.2802 %)). Current N = 1. Average N = 0.806
2021-03-26 07:10:33,638 - INFO: 10400 move(s) completed (29 accepted (0.2788 %)). Current N = 1. Average N = 0.807
2021-03-26 07:10:42,469 - INFO: 10450 move(s) completed (29 accepted (0.2775 %)). Current N = 1. Average N = 0.808
2021-03-26 07:10:51,759 - INFO: 10500 move(s) completed (29 accepted (0.2762 %)). Current N = 1. Average N = 0.809
2021-03-26 07:11:00,407 - INFO: 10550 move(s) completed (29 accepted (0.2749 %)). Current N = 1. Average N = 0.810
2021-03-26 07:11:09,171 - INFO: 10600 move(s) completed (29 accepted (0.2736 %)). Current N = 1. Average N = 0.811
2021-03-26 07:11:18,664 - INFO: 10650 move(s) completed (29 accepted (0.2723 %)). Current N = 1. Average N = 0.812
2021-03-26 07:11:27,603 - INFO: 10700 move(s) completed (29 accepted (0.2710 %)). Current N = 1. Average N = 0.812
2021-03-26 07:11:36,505 - INFO: 10750 move(s) completed (29 accepted (0.2698 %)). Current N = 1. Average N = 0.813
2021-03-26 07:11:45,287 - INFO: 10800 move(s) completed (29 accepted (0.2685 %)). Current N = 1. Average N = 0.814
2021-03-26 07:11:54,274 - INFO: 10850 move(s) completed (29 accepted (0.2673 %)). Current N = 1. Average N = 0.815
2021-03-26 07:12:03,582 - INFO: 10900 move(s) completed (29 accepted (0.2661 %)). Current N = 1. Average N = 0.816
2021-03-26 07:12:12,225 - INFO: 10950 move(s) completed (29 accepted (0.2648 %)). Current N = 1. Average N = 0.817
2021-03-26 07:12:21,690 - INFO: 11000 move(s) completed (29 accepted (0.2636 %)). Current N = 1. Average N = 0.818
2021-03-26 07:12:30,230 - INFO: 11050 move(s) completed (29 accepted (0.2624 %)). Current N = 1. Average N = 0.819
2021-03-26 07:12:39,248 - INFO: 11100 move(s) completed (29 accepted (0.2613 %)). Current N = 1. Average N = 0.819
2021-03-26 07:12:48,669 - INFO: 11150 move(s) completed (29 accepted (0.2601 %)). Current N = 1. Average N = 0.820
2021-03-26 07:12:57,440 - INFO: 11200 move(s) completed (29 accepted (0.2589 %)). Current N = 1. Average N = 0.821
2021-03-26 07:13:06,584 - INFO: 11250 move(s) completed (29 accepted (0.2578 %)). Current N = 1. Average N = 0.822
2021-03-26 07:13:15,607 - INFO: 11300 move(s) completed (29 accepted (0.2566 %)). Current N = 1. Average N = 0.823
2021-03-26 07:13:24,754 - INFO: 11350 move(s) completed (29 accepted (0.2555 %)). Current N = 1. Average N = 0.823
2021-03-26 07:13:33,817 - INFO: 11400 move(s) completed (29 accepted (0.2544 %)). Current N = 1. Average N = 0.824
2021-03-26 07:13:42,897 - INFO: 11450 move(s) completed (29 accepted (0.2533 %)). Current N = 1. Average N = 0.825
2021-03-26 07:13:52,236 - INFO: 11500 move(s) completed (29 accepted (0.2522 %)). Current N = 1. Average N = 0.826
2021-03-26 07:14:00,745 - INFO: 11550 move(s) completed (29 accepted (0.2511 %)). Current N = 1. Average N = 0.826
2021-03-26 07:14:09,500 - INFO: 11600 move(s) completed (29 accepted (0.2500 %)). Current N = 1. Average N = 0.827
2021-03-26 07:14:18,239 - INFO: 11650 move(s) completed (29 accepted (0.2489 %)). Current N = 1. Average N = 0.828
2021-03-26 07:14:27,250 - INFO: 11700 move(s) completed (29 accepted (0.2479 %)). Current N = 1. Average N = 0.829
2021-03-26 07:14:36,550 - INFO: 11750 move(s) completed (29 accepted (0.2468 %)). Current N = 1. Average N = 0.829
2021-03-26 07:14:45,636 - INFO: 11800 move(s) completed (29 accepted (0.2458 %)). Current N = 1. Average N = 0.830
2021-03-26 07:14:54,904 - INFO: 11850 move(s) completed (29 accepted (0.2447 %)). Current N = 1. Average N = 0.831
2021-03-26 07:15:03,738 - INFO: 11900 move(s) completed (29 accepted (0.2437 %)). Current N = 1. Average N = 0.831
2021-03-26 07:15:13,025 - INFO: 11950 move(s) completed (29 accepted (0.2427 %)). Current N = 1. Average N = 0.832
2021-03-26 07:15:21,804 - INFO: 12000 move(s) completed (29 accepted (0.2417 %)). Current N = 1. Average N = 0.833
2021-03-26 07:15:30,734 - INFO: 12050 move(s) completed (29 accepted (0.2407 %)). Current N = 1. Average N = 0.834
2021-03-26 07:15:40,111 - INFO: 12100 move(s) completed (29 accepted (0.2397 %)). Current N = 1. Average N = 0.834
2021-03-26 07:15:49,072 - INFO: 12150 move(s) completed (29 accepted (0.2387 %)). Current N = 1. Average N = 0.835
2021-03-26 07:15:58,068 - INFO: 12200 move(s) completed (29 accepted (0.2377 %)). Current N = 1. Average N = 0.836
2021-03-26 07:16:06,425 - INFO: 12250 move(s) completed (29 accepted (0.2367 %)). Current N = 1. Average N = 0.836
2021-03-26 07:16:15,472 - INFO: 12300 move(s) completed (29 accepted (0.2358 %)). Current N = 1. Average N = 0.837
2021-03-26 07:16:24,935 - INFO: 12350 move(s) completed (29 accepted (0.2348 %)). Current N = 1. Average N = 0.838
2021-03-26 07:16:33,820 - INFO: 12400 move(s) completed (31 accepted (0.2500 %)). Current N = 1. Average N = 0.841
2021-03-26 07:16:43,097 - INFO: 12450 move(s) completed (31 accepted (0.2490 %)). Current N = 1. Average N = 0.842
2021-03-26 07:16:51,951 - INFO: 12500 move(s) completed (31 accepted (0.2480 %)). Current N = 1. Average N = 0.843
2021-03-26 07:17:00,891 - INFO: 12550 move(s) completed (31 accepted (0.2470 %)). Current N = 1. Average N = 0.843
2021-03-26 07:17:10,025 - INFO: 12600 move(s) completed (31 accepted (0.2460 %)). Current N = 1. Average N = 0.844
2021-03-26 07:17:19,030 - INFO: 12650 move(s) completed (31 accepted (0.2451 %)). Current N = 1. Average N = 0.844
2021-03-26 07:17:28,307 - INFO: 12700 move(s) completed (31 accepted (0.2441 %)). Current N = 1. Average N = 0.845
2021-03-26 07:17:36,912 - INFO: 12750 move(s) completed (31 accepted (0.2431 %)). Current N = 1. Average N = 0.846
2021-03-26 07:17:46,228 - INFO: 12800 move(s) completed (31 accepted (0.2422 %)). Current N = 1. Average N = 0.846
2021-03-26 07:17:54,775 - INFO: 12850 move(s) completed (32 accepted (0.2490 %)). Current N = 2. Average N = 0.847
2021-03-26 07:18:03,918 - INFO: 12900 move(s) completed (32 accepted (0.2481 %)). Current N = 2. Average N = 0.852
2021-03-26 07:18:13,373 - INFO: 12950 move(s) completed (33 accepted (0.2548 %)). Current N = 1. Average N = 0.852
2021-03-26 07:18:22,354 - INFO: 13000 move(s) completed (33 accepted (0.2538 %)). Current N = 1. Average N = 0.853
2021-03-26 07:18:31,351 - INFO: 13050 move(s) completed (33 accepted (0.2529 %)). Current N = 1. Average N = 0.854
2021-03-26 07:18:40,350 - INFO: 13100 move(s) completed (34 accepted (0.2595 %)). Current N = 2. Average N = 0.856
2021-03-26 07:18:49,428 - INFO: 13150 move(s) completed (35 accepted (0.2662 %)). Current N = 1. Average N = 0.858
2021-03-26 07:18:57,715 - INFO: 13200 move(s) completed (35 accepted (0.2652 %)). Current N = 1. Average N = 0.859
2021-03-26 07:19:06,695 - INFO: 13250 move(s) completed (35 accepted (0.2642 %)). Current N = 1. Average N = 0.859
2021-03-26 07:19:15,884 - INFO: 13300 move(s) completed (35 accepted (0.2632 %)). Current N = 1. Average N = 0.860
2021-03-26 07:19:24,961 - INFO: 13350 move(s) completed (35 accepted (0.2622 %)). Current N = 1. Average N = 0.860
2021-03-26 07:19:34,252 - INFO: 13400 move(s) completed (35 accepted (0.2612 %)). Current N = 1. Average N = 0.861
2021-03-26 07:19:43,189 - INFO: 13450 move(s) completed (35 accepted (0.2602 %)). Current N = 1. Average N = 0.861
2021-03-26 07:19:52,331 - INFO: 13500 move(s) completed (35 accepted (0.2593 %)). Current N = 1. Average N = 0.862
2021-03-26 07:20:00,733 - INFO: 13550 move(s) completed (35 accepted (0.2583 %)). Current N = 1. Average N = 0.862
2021-03-26 07:20:09,940 - INFO: 13600 move(s) completed (35 accepted (0.2574 %)). Current N = 1. Average N = 0.863
2021-03-26 07:20:19,249 - INFO: 13650 move(s) completed (35 accepted (0.2564 %)). Current N = 1. Average N = 0.863
2021-03-26 07:20:27,857 - INFO: 13700 move(s) completed (35 accepted (0.2555 %)). Current N = 1. Average N = 0.864
2021-03-26 07:20:37,079 - INFO: 13750 move(s) completed (35 accepted (0.2545 %)). Current N = 1. Average N = 0.864
2021-03-26 07:20:45,695 - INFO: 13800 move(s) completed (35 accepted (0.2536 %)). Current N = 1. Average N = 0.865
2021-03-26 07:20:54,929 - INFO: 13850 move(s) completed (35 accepted (0.2527 %)). Current N = 1. Average N = 0.865
2021-03-26 07:21:04,154 - INFO: 13900 move(s) completed (35 accepted (0.2518 %)). Current N = 1. Average N = 0.866
2021-03-26 07:21:13,110 - INFO: 13950 move(s) completed (35 accepted (0.2509 %)). Current N = 1. Average N = 0.866
2021-03-26 07:21:22,420 - INFO: 14000 move(s) completed (35 accepted (0.2500 %)). Current N = 1. Average N = 0.867
2021-03-26 07:21:31,096 - INFO: 14050 move(s) completed (35 accepted (0.2491 %)). Current N = 1. Average N = 0.867
2021-03-26 07:21:40,254 - INFO: 14100 move(s) completed (35 accepted (0.2482 %)). Current N = 1. Average N = 0.868
2021-03-26 07:21:49,336 - INFO: 14150 move(s) completed (35 accepted (0.2473 %)). Current N = 1. Average N = 0.868
2021-03-26 07:21:57,981 - INFO: 14200 move(s) completed (36 accepted (0.2535 %)). Current N = 2. Average N = 0.871
2021-03-26 07:22:07,401 - INFO: 14250 move(s) completed (37 accepted (0.2596 %)). Current N = 1. Average N = 0.872
2021-03-26 07:22:16,363 - INFO: 14300 move(s) completed (37 accepted (0.2587 %)). Current N = 1. Average N = 0.873
2021-03-26 07:22:25,566 - INFO: 14350 move(s) completed (37 accepted (0.2578 %)). Current N = 1. Average N = 0.873
2021-03-26 07:22:34,274 - INFO: 14400 move(s) completed (37 accepted (0.2569 %)). Current N = 1. Average N = 0.874
2021-03-26 07:22:43,582 - INFO: 14450 move(s) completed (37 accepted (0.2561 %)). Current N = 1. Average N = 0.874
2021-03-26 07:22:52,537 - INFO: 14500 move(s) completed (37 accepted (0.2552 %)). Current N = 1. Average N = 0.875
2021-03-26 07:23:01,323 - INFO: 14550 move(s) completed (37 accepted (0.2543 %)). Current N = 1. Average N = 0.875
2021-03-26 07:23:10,877 - INFO: 14600 move(s) completed (37 accepted (0.2534 %)). Current N = 1. Average N = 0.875
2021-03-26 07:23:19,765 - INFO: 14650 move(s) completed (37 accepted (0.2526 %)). Current N = 1. Average N = 0.876
2021-03-26 07:23:28,545 - INFO: 14700 move(s) completed (37 accepted (0.2517 %)). Current N = 1. Average N = 0.876
2021-03-26 07:23:37,310 - INFO: 14750 move(s) completed (37 accepted (0.2508 %)). Current N = 1. Average N = 0.877
2021-03-26 07:23:46,420 - INFO: 14800 move(s) completed (37 accepted (0.2500 %)). Current N = 1. Average N = 0.877
2021-03-26 07:23:55,602 - INFO: 14850 move(s) completed (37 accepted (0.2492 %)). Current N = 1. Average N = 0.878
2021-03-26 07:24:04,730 - INFO: 14900 move(s) completed (37 accepted (0.2483 %)). Current N = 1. Average N = 0.878
2021-03-26 07:24:14,191 - INFO: 14950 move(s) completed (37 accepted (0.2475 %)). Current N = 1. Average N = 0.878
2021-03-26 07:24:22,722 - INFO: 15000 move(s) completed (37 accepted (0.2467 %)). Current N = 1. Average N = 0.879
2021-03-26 07:24:31,865 - INFO: 15050 move(s) completed (37 accepted (0.2458 %)). Current N = 1. Average N = 0.879
2021-03-26 07:24:41,285 - INFO: 15100 move(s) completed (37 accepted (0.2450 %)). Current N = 1. Average N = 0.880
2021-03-26 07:24:50,355 - INFO: 15150 move(s) completed (37 accepted (0.2442 %)). Current N = 1. Average N = 0.880
2021-03-26 07:24:59,513 - INFO: 15200 move(s) completed (37 accepted (0.2434 %)). Current N = 1. Average N = 0.880
2021-03-26 07:25:08,387 - INFO: 15250 move(s) completed (37 accepted (0.2426 %)). Current N = 1. Average N = 0.881
2021-03-26 07:25:17,494 - INFO: 15300 move(s) completed (37 accepted (0.2418 %)). Current N = 1. Average N = 0.881
2021-03-26 07:25:25,809 - INFO: 15350 move(s) completed (37 accepted (0.2410 %)). Current N = 1. Average N = 0.882
2021-03-26 07:25:34,699 - INFO: 15400 move(s) completed (39 accepted (0.2532 %)). Current N = 1. Average N = 0.883
2021-03-26 07:25:44,106 - INFO: 15450 move(s) completed (39 accepted (0.2524 %)). Current N = 1. Average N = 0.883
2021-03-26 07:25:52,672 - INFO: 15500 move(s) completed (39 accepted (0.2516 %)). Current N = 1. Average N = 0.884
2021-03-26 07:26:01,934 - INFO: 15550 move(s) completed (39 accepted (0.2508 %)). Current N = 1. Average N = 0.884
2021-03-26 07:26:10,837 - INFO: 15600 move(s) completed (39 accepted (0.2500 %)). Current N = 1. Average N = 0.885
2021-03-26 07:26:19,956 - INFO: 15650 move(s) completed (39 accepted (0.2492 %)). Current N = 1. Average N = 0.885
2021-03-26 07:26:28,590 - INFO: 15700 move(s) completed (39 accepted (0.2484 %)). Current N = 1. Average N = 0.885
2021-03-26 07:26:37,640 - INFO: 15750 move(s) completed (39 accepted (0.2476 %)). Current N = 1. Average N = 0.886
2021-03-26 07:26:46,401 - INFO: 15800 move(s) completed (39 accepted (0.2468 %)). Current N = 1. Average N = 0.886
2021-03-26 07:26:55,093 - INFO: 15850 move(s) completed (39 accepted (0.2461 %)). Current N = 1. Average N = 0.886
2021-03-26 07:27:04,469 - INFO: 15900 move(s) completed (39 accepted (0.2453 %)). Current N = 1. Average N = 0.887
2021-03-26 07:27:13,504 - INFO: 15950 move(s) completed (39 accepted (0.2445 %)). Current N = 1. Average N = 0.887
2021-03-26 07:27:22,619 - INFO: 16000 move(s) completed (39 accepted (0.2438 %)). Current N = 1. Average N = 0.887
2021-03-26 07:27:31,208 - INFO: 16050 move(s) completed (39 accepted (0.2430 %)). Current N = 1. Average N = 0.888
2021-03-26 07:27:40,098 - INFO: 16100 move(s) completed (39 accepted (0.2422 %)). Current N = 1. Average N = 0.888
2021-03-26 07:27:49,106 - INFO: 16150 move(s) completed (39 accepted (0.2415 %)). Current N = 1. Average N = 0.888
2021-03-26 07:27:58,219 - INFO: 16200 move(s) completed (39 accepted (0.2407 %)). Current N = 1. Average N = 0.889
2021-03-26 07:28:07,584 - INFO: 16250 move(s) completed (39 accepted (0.2400 %)). Current N = 1. Average N = 0.889
2021-03-26 07:28:16,329 - INFO: 16300 move(s) completed (41 accepted (0.2515 %)). Current N = 1. Average N = 0.890
2021-03-26 07:28:25,477 - INFO: 16350 move(s) completed (41 accepted (0.2508 %)). Current N = 1. Average N = 0.890
2021-03-26 07:28:35,033 - INFO: 16400 move(s) completed (41 accepted (0.2500 %)). Current N = 1. Average N = 0.890
2021-03-26 07:28:43,907 - INFO: 16450 move(s) completed (41 accepted (0.2492 %)). Current N = 1. Average N = 0.891
2021-03-26 07:28:53,040 - INFO: 16500 move(s) completed (41 accepted (0.2485 %)). Current N = 1. Average N = 0.891
2021-03-26 07:29:01,833 - INFO: 16550 move(s) completed (41 accepted (0.2477 %)). Current N = 1. Average N = 0.891
2021-03-26 07:29:10,922 - INFO: 16600 move(s) completed (41 accepted (0.2470 %)). Current N = 1. Average N = 0.892
2021-03-26 07:29:19,519 - INFO: 16650 move(s) completed (41 accepted (0.2462 %)). Current N = 1. Average N = 0.892
2021-03-26 07:29:28,395 - INFO: 16700 move(s) completed (41 accepted (0.2455 %)). Current N = 1. Average N = 0.892
2021-03-26 07:29:37,961 - INFO: 16750 move(s) completed (41 accepted (0.2448 %)). Current N = 1. Average N = 0.893
2021-03-26 07:29:46,863 - INFO: 16800 move(s) completed (41 accepted (0.2440 %)). Current N = 1. Average N = 0.893
2021-03-26 07:29:56,037 - INFO: 16850 move(s) completed (41 accepted (0.2433 %)). Current N = 1. Average N = 0.893
2021-03-26 07:30:04,758 - INFO: 16900 move(s) completed (41 accepted (0.2426 %)). Current N = 1. Average N = 0.894
2021-03-26 07:30:13,558 - INFO: 16950 move(s) completed (41 accepted (0.2419 %)). Current N = 1. Average N = 0.894
2021-03-26 07:30:22,433 - INFO: 17000 move(s) completed (41 accepted (0.2412 %)). Current N = 1. Average N = 0.894
2021-03-26 07:30:32,695 - INFO: 17050 move(s) completed (41 accepted (0.2405 %)). Current N = 1. Average N = 0.895
2021-03-26 07:30:41,871 - INFO: 17100 move(s) completed (41 accepted (0.2398 %)). Current N = 1. Average N = 0.895
2021-03-26 07:30:50,610 - INFO: 17150 move(s) completed (41 accepted (0.2391 %)). Current N = 1. Average N = 0.895
2021-03-26 07:30:59,820 - INFO: 17200 move(s) completed (41 accepted (0.2384 %)). Current N = 1. Average N = 0.896
2021-03-26 07:31:08,715 - INFO: 17250 move(s) completed (41 accepted (0.2377 %)). Current N = 1. Average N = 0.896
2021-03-26 07:31:17,643 - INFO: 17300 move(s) completed (41 accepted (0.2370 %)). Current N = 1. Average N = 0.896
2021-03-26 07:31:27,038 - INFO: 17350 move(s) completed (41 accepted (0.2363 %)). Current N = 1. Average N = 0.896
2021-03-26 07:31:35,902 - INFO: 17400 move(s) completed (41 accepted (0.2356 %)). Current N = 1. Average N = 0.897
2021-03-26 07:31:45,044 - INFO: 17450 move(s) completed (41 accepted (0.2350 %)). Current N = 1. Average N = 0.897
2021-03-26 07:31:53,541 - INFO: 17500 move(s) completed (41 accepted (0.2343 %)). Current N = 1. Average N = 0.897
2021-03-26 07:32:02,773 - INFO: 17550 move(s) completed (41 accepted (0.2336 %)). Current N = 1. Average N = 0.898
2021-03-26 07:32:11,643 - INFO: 17600 move(s) completed (41 accepted (0.2330 %)). Current N = 1. Average N = 0.898
2021-03-26 07:32:20,916 - INFO: 17650 move(s) completed (41 accepted (0.2323 %)). Current N = 1. Average N = 0.898
2021-03-26 07:32:30,284 - INFO: 17700 move(s) completed (41 accepted (0.2316 %)). Current N = 1. Average N = 0.898
2021-03-26 07:32:39,077 - INFO: 17750 move(s) completed (41 accepted (0.2310 %)). Current N = 1. Average N = 0.899
2021-03-26 07:32:48,426 - INFO: 17800 move(s) completed (41 accepted (0.2303 %)). Current N = 1. Average N = 0.899
2021-03-26 07:32:57,008 - INFO: 17850 move(s) completed (41 accepted (0.2297 %)). Current N = 1. Average N = 0.899
2021-03-26 07:33:06,055 - INFO: 17900 move(s) completed (41 accepted (0.2291 %)). Current N = 1. Average N = 0.900
2021-03-26 07:33:14,716 - INFO: 17950 move(s) completed (43 accepted (0.2396 %)). Current N = 1. Average N = 0.901
2021-03-26 07:33:23,851 - INFO: 18000 move(s) completed (43 accepted (0.2389 %)). Current N = 1. Average N = 0.901
2021-03-26 07:33:33,267 - INFO: 18050 move(s) completed (43 accepted (0.2382 %)). Current N = 1. Average N = 0.901
2021-03-26 07:33:41,657 - INFO: 18100 move(s) completed (43 accepted (0.2376 %)). Current N = 1. Average N = 0.901
2021-03-26 07:33:50,324 - INFO: 18150 move(s) completed (43 accepted (0.2369 %)). Current N = 1. Average N = 0.902
2021-03-26 07:33:58,892 - INFO: 18200 move(s) completed (43 accepted (0.2363 %)). Current N = 1. Average N = 0.902
2021-03-26 07:34:08,043 - INFO: 18250 move(s) completed (43 accepted (0.2356 %)). Current N = 1. Average N = 0.902
2021-03-26 07:34:17,023 - INFO: 18300 move(s) completed (43 accepted (0.2350 %)). Current N = 1. Average N = 0.902
2021-03-26 07:34:25,595 - INFO: 18350 move(s) completed (43 accepted (0.2343 %)). Current N = 1. Average N = 0.903
2021-03-26 07:34:34,938 - INFO: 18400 move(s) completed (43 accepted (0.2337 %)). Current N = 1. Average N = 0.903
2021-03-26 07:34:43,848 - INFO: 18450 move(s) completed (43 accepted (0.2331 %)). Current N = 1. Average N = 0.903
2021-03-26 07:34:52,962 - INFO: 18500 move(s) completed (45 accepted (0.2432 %)). Current N = 1. Average N = 0.905
2021-03-26 07:35:01,688 - INFO: 18550 move(s) completed (45 accepted (0.2426 %)). Current N = 1. Average N = 0.905
2021-03-26 07:35:10,568 - INFO: 18600 move(s) completed (45 accepted (0.2419 %)). Current N = 1. Average N = 0.905
2021-03-26 07:35:19,848 - INFO: 18650 move(s) completed (45 accepted (0.2413 %)). Current N = 1. Average N = 0.905
2021-03-26 07:35:28,885 - INFO: 18700 move(s) completed (45 accepted (0.2406 %)). Current N = 1. Average N = 0.906
2021-03-26 07:35:37,748 - INFO: 18750 move(s) completed (45 accepted (0.2400 %)). Current N = 1. Average N = 0.906
2021-03-26 07:35:46,402 - INFO: 18800 move(s) completed (45 accepted (0.2394 %)). Current N = 1. Average N = 0.906
2021-03-26 07:35:55,580 - INFO: 18850 move(s) completed (45 accepted (0.2387 %)). Current N = 1. Average N = 0.906
2021-03-26 07:36:04,957 - INFO: 18900 move(s) completed (45 accepted (0.2381 %)). Current N = 1. Average N = 0.907
2021-03-26 07:36:13,548 - INFO: 18950 move(s) completed (45 accepted (0.2375 %)). Current N = 1. Average N = 0.907
2021-03-26 07:36:22,885 - INFO: 19000 move(s) completed (45 accepted (0.2368 %)). Current N = 1. Average N = 0.907
2021-03-26 07:36:31,616 - INFO: 19050 move(s) completed (45 accepted (0.2362 %)). Current N = 1. Average N = 0.907
2021-03-26 07:36:40,721 - INFO: 19100 move(s) completed (45 accepted (0.2356 %)). Current N = 1. Average N = 0.908
2021-03-26 07:36:49,281 - INFO: 19150 move(s) completed (45 accepted (0.2350 %)). Current N = 1. Average N = 0.908
2021-03-26 07:36:58,347 - INFO: 19200 move(s) completed (45 accepted (0.2344 %)). Current N = 1. Average N = 0.908
2021-03-26 07:37:07,267 - INFO: 19250 move(s) completed (45 accepted (0.2338 %)). Current N = 1. Average N = 0.908
2021-03-26 07:37:16,339 - INFO: 19300 move(s) completed (45 accepted (0.2332 %)). Current N = 1. Average N = 0.909
2021-03-26 07:37:25,546 - INFO: 19350 move(s) completed (45 accepted (0.2326 %)). Current N = 1. Average N = 0.909
2021-03-26 07:37:34,673 - INFO: 19400 move(s) completed (45 accepted (0.2320 %)). Current N = 1. Average N = 0.909
2021-03-26 07:37:43,948 - INFO: 19450 move(s) completed (45 accepted (0.2314 %)). Current N = 1. Average N = 0.909
2021-03-26 07:37:52,534 - INFO: 19500 move(s) completed (45 accepted (0.2308 %)). Current N = 1. Average N = 0.910
2021-03-26 07:38:01,528 - INFO: 19550 move(s) completed (45 accepted (0.2302 %)). Current N = 1. Average N = 0.910
2021-03-26 07:38:10,901 - INFO: 19600 move(s) completed (45 accepted (0.2296 %)). Current N = 1. Average N = 0.910
2021-03-26 07:38:19,573 - INFO: 19650 move(s) completed (45 accepted (0.2290 %)). Current N = 1. Average N = 0.910
2021-03-26 07:38:28,967 - INFO: 19700 move(s) completed (45 accepted (0.2284 %)). Current N = 1. Average N = 0.910
2021-03-26 07:38:37,797 - INFO: 19750 move(s) completed (45 accepted (0.2278 %)). Current N = 1. Average N = 0.911
2021-03-26 07:38:46,963 - INFO: 19800 move(s) completed (45 accepted (0.2273 %)). Current N = 1. Average N = 0.911
2021-03-26 07:38:55,652 - INFO: 19850 move(s) completed (45 accepted (0.2267 %)). Current N = 1. Average N = 0.911
2021-03-26 07:39:04,715 - INFO: 19900 move(s) completed (45 accepted (0.2261 %)). Current N = 1. Average N = 0.911
2021-03-26 07:39:12,998 - INFO: 19950 move(s) completed (45 accepted (0.2256 %)). Current N = 1. Average N = 0.912
2021-03-26 07:39:21,822 - INFO: 20000 move(s) completed (45 accepted (0.2250 %)). Current N = 1. Average N = 0.912
2021-03-26 07:39:31,367 - INFO: 20050 move(s) completed (45 accepted (0.2244 %)). Current N = 1. Average N = 0.912
2021-03-26 07:39:39,932 - INFO: 20100 move(s) completed (47 accepted (0.2338 %)). Current N = 1. Average N = 0.912
2021-03-26 07:39:49,116 - INFO: 20150 move(s) completed (47 accepted (0.2333 %)). Current N = 1. Average N = 0.913
2021-03-26 07:39:57,970 - INFO: 20200 move(s) completed (47 accepted (0.2327 %)). Current N = 1. Average N = 0.913
2021-03-26 07:40:07,217 - INFO: 20250 move(s) completed (47 accepted (0.2321 %)). Current N = 1. Average N = 0.913
2021-03-26 07:40:15,599 - INFO: 20300 move(s) completed (47 accepted (0.2315 %)). Current N = 1. Average N = 0.913
2021-03-26 07:40:24,769 - INFO: 20350 move(s) completed (47 accepted (0.2310 %)). Current N = 1. Average N = 0.913
2021-03-26 07:40:34,134 - INFO: 20400 move(s) completed (47 accepted (0.2304 %)). Current N = 1. Average N = 0.914
2021-03-26 07:40:42,849 - INFO: 20450 move(s) completed (47 accepted (0.2298 %)). Current N = 1. Average N = 0.914
2021-03-26 07:40:52,112 - INFO: 20500 move(s) completed (47 accepted (0.2293 %)). Current N = 1. Average N = 0.914
2021-03-26 07:41:00,945 - INFO: 20550 move(s) completed (47 accepted (0.2287 %)). Current N = 1. Average N = 0.914
2021-03-26 07:41:09,629 - INFO: 20600 move(s) completed (47 accepted (0.2282 %)). Current N = 1. Average N = 0.915
2021-03-26 07:41:19,000 - INFO: 20650 move(s) completed (47 accepted (0.2276 %)). Current N = 1. Average N = 0.915
2021-03-26 07:41:28,070 - INFO: 20700 move(s) completed (47 accepted (0.2271 %)). Current N = 1. Average N = 0.915
2021-03-26 07:41:37,094 - INFO: 20750 move(s) completed (47 accepted (0.2265 %)). Current N = 1. Average N = 0.915
2021-03-26 07:41:45,534 - INFO: 20800 move(s) completed (47 accepted (0.2260 %)). Current N = 1. Average N = 0.915
2021-03-26 07:41:54,625 - INFO: 20850 move(s) completed (47 accepted (0.2254 %)). Current N = 1. Average N = 0.916
2021-03-26 07:42:03,410 - INFO: 20900 move(s) completed (47 accepted (0.2249 %)). Current N = 1. Average N = 0.916
2021-03-26 07:42:12,271 - INFO: 20950 move(s) completed (47 accepted (0.2243 %)). Current N = 1. Average N = 0.916
2021-03-26 07:42:21,520 - INFO: 21000 move(s) completed (47 accepted (0.2238 %)). Current N = 1. Average N = 0.916
2021-03-26 07:42:30,478 - INFO: 21050 move(s) completed (47 accepted (0.2233 %)). Current N = 1. Average N = 0.916
2021-03-26 07:42:39,344 - INFO: 21100 move(s) completed (47 accepted (0.2227 %)). Current N = 1. Average N = 0.917
2021-03-26 07:42:47,947 - INFO: 21150 move(s) completed (47 accepted (0.2222 %)). Current N = 1. Average N = 0.917
2021-03-26 07:42:57,008 - INFO: 21200 move(s) completed (47 accepted (0.2217 %)). Current N = 1. Average N = 0.917
2021-03-26 07:43:06,372 - INFO: 21250 move(s) completed (47 accepted (0.2212 %)). Current N = 1. Average N = 0.917
2021-03-26 07:43:15,265 - INFO: 21300 move(s) completed (47 accepted (0.2207 %)). Current N = 1. Average N = 0.917
2021-03-26 07:43:24,873 - INFO: 21350 move(s) completed (47 accepted (0.2201 %)). Current N = 1. Average N = 0.918
2021-03-26 07:43:33,750 - INFO: 21400 move(s) completed (51 accepted (0.2383 %)). Current N = 1. Average N = 0.919
2021-03-26 07:43:42,558 - INFO: 21450 move(s) completed (53 accepted (0.2471 %)). Current N = 1. Average N = 0.919
2021-03-26 07:43:51,330 - INFO: 21500 move(s) completed (53 accepted (0.2465 %)). Current N = 1. Average N = 0.919
2021-03-26 07:44:00,632 - INFO: 21550 move(s) completed (53 accepted (0.2459 %)). Current N = 1. Average N = 0.919
2021-03-26 07:44:09,266 - INFO: 21600 move(s) completed (53 accepted (0.2454 %)). Current N = 1. Average N = 0.919
2021-03-26 07:44:18,096 - INFO: 21650 move(s) completed (53 accepted (0.2448 %)). Current N = 1. Average N = 0.920
2021-03-26 07:44:27,438 - INFO: 21700 move(s) completed (53 accepted (0.2442 %)). Current N = 1. Average N = 0.920
2021-03-26 07:44:36,085 - INFO: 21750 move(s) completed (53 accepted (0.2437 %)). Current N = 1. Average N = 0.920
2021-03-26 07:44:45,233 - INFO: 21800 move(s) completed (53 accepted (0.2431 %)). Current N = 1. Average N = 0.920
2021-03-26 07:44:54,007 - INFO: 21850 move(s) completed (53 accepted (0.2426 %)). Current N = 1. Average N = 0.920
2021-03-26 07:45:03,031 - INFO: 21900 move(s) completed (53 accepted (0.2420 %)). Current N = 1. Average N = 0.921
2021-03-26 07:45:12,164 - INFO: 21950 move(s) completed (55 accepted (0.2506 %)). Current N = 1. Average N = 0.921
2021-03-26 07:45:21,133 - INFO: 22000 move(s) completed (55 accepted (0.2500 %)). Current N = 1. Average N = 0.921
2021-03-26 07:45:30,515 - INFO: 22050 move(s) completed (55 accepted (0.2494 %)). Current N = 1. Average N = 0.921
2021-03-26 07:45:39,157 - INFO: 22100 move(s) completed (55 accepted (0.2489 %)). Current N = 1. Average N = 0.922
2021-03-26 07:45:48,459 - INFO: 22150 move(s) completed (55 accepted (0.2483 %)). Current N = 1. Average N = 0.922
2021-03-26 07:45:57,081 - INFO: 22200 move(s) completed (55 accepted (0.2477 %)). Current N = 1. Average N = 0.922
2021-03-26 07:46:05,934 - INFO: 22250 move(s) completed (55 accepted (0.2472 %)). Current N = 1. Average N = 0.922
2021-03-26 07:46:15,493 - INFO: 22300 move(s) completed (55 accepted (0.2466 %)). Current N = 1. Average N = 0.922
2021-03-26 07:46:24,458 - INFO: 22350 move(s) completed (55 accepted (0.2461 %)). Current N = 1. Average N = 0.922
2021-03-26 07:46:33,378 - INFO: 22400 move(s) completed (55 accepted (0.2455 %)). Current N = 1. Average N = 0.923
2021-03-26 07:46:41,857 - INFO: 22450 move(s) completed (55 accepted (0.2450 %)). Current N = 1. Average N = 0.923
2021-03-26 07:46:50,689 - INFO: 22500 move(s) completed (55 accepted (0.2444 %)). Current N = 1. Average N = 0.923
2021-03-26 07:47:00,161 - INFO: 22550 move(s) completed (55 accepted (0.2439 %)). Current N = 1. Average N = 0.923
2021-03-26 07:47:09,031 - INFO: 22600 move(s) completed (55 accepted (0.2434 %)). Current N = 1. Average N = 0.923
2021-03-26 07:47:18,265 - INFO: 22650 move(s) completed (55 accepted (0.2428 %)). Current N = 1. Average N = 0.923
2021-03-26 07:47:26,951 - INFO: 22700 move(s) completed (55 accepted (0.2423 %)). Current N = 1. Average N = 0.924
2021-03-26 07:47:35,953 - INFO: 22750 move(s) completed (55 accepted (0.2418 %)). Current N = 1. Average N = 0.924
2021-03-26 07:47:44,542 - INFO: 22800 move(s) completed (55 accepted (0.2412 %)). Current N = 1. Average N = 0.924
2021-03-26 07:47:53,742 - INFO: 22850 move(s) completed (55 accepted (0.2407 %)). Current N = 1. Average N = 0.924
2021-03-26 07:48:02,869 - INFO: 22900 move(s) completed (55 accepted (0.2402 %)). Current N = 1. Average N = 0.924
2021-03-26 07:48:11,740 - INFO: 22950 move(s) completed (55 accepted (0.2397 %)). Current N = 1. Average N = 0.924
2021-03-26 07:48:21,095 - INFO: 23000 move(s) completed (55 accepted (0.2391 %)). Current N = 1. Average N = 0.925
2021-03-26 07:48:29,754 - INFO: 23050 move(s) completed (55 accepted (0.2386 %)). Current N = 1. Average N = 0.925
2021-03-26 07:48:38,931 - INFO: 23100 move(s) completed (55 accepted (0.2381 %)). Current N = 1. Average N = 0.925
2021-03-26 07:48:48,326 - INFO: 23150 move(s) completed (55 accepted (0.2376 %)). Current N = 1. Average N = 0.925
2021-03-26 07:48:57,292 - INFO: 23200 move(s) completed (55 accepted (0.2371 %)). Current N = 1. Average N = 0.925
2021-03-26 07:49:06,546 - INFO: 23250 move(s) completed (55 accepted (0.2366 %)). Current N = 1. Average N = 0.925
2021-03-26 07:49:15,295 - INFO: 23300 move(s) completed (55 accepted (0.2361 %)). Current N = 1. Average N = 0.926
2021-03-26 07:49:24,474 - INFO: 23350 move(s) completed (55 accepted (0.2355 %)). Current N = 1. Average N = 0.926
2021-03-26 07:49:33,556 - INFO: 23400 move(s) completed (55 accepted (0.2350 %)). Current N = 1. Average N = 0.926
2021-03-26 07:49:42,434 - INFO: 23450 move(s) completed (55 accepted (0.2345 %)). Current N = 1. Average N = 0.926
2021-03-26 07:49:51,761 - INFO: 23500 move(s) completed (55 accepted (0.2340 %)). Current N = 1. Average N = 0.926
2021-03-26 07:50:00,512 - INFO: 23550 move(s) completed (55 accepted (0.2335 %)). Current N = 1. Average N = 0.926
2021-03-26 07:50:09,418 - INFO: 23600 move(s) completed (55 accepted (0.2331 %)). Current N = 1. Average N = 0.927
2021-03-26 07:50:18,040 - INFO: 23650 move(s) completed (55 accepted (0.2326 %)). Current N = 1. Average N = 0.927
2021-03-26 07:50:27,188 - INFO: 23700 move(s) completed (55 accepted (0.2321 %)). Current N = 1. Average N = 0.927
2021-03-26 07:50:36,568 - INFO: 23750 move(s) completed (55 accepted (0.2316 %)). Current N = 1. Average N = 0.927
2021-03-26 07:50:45,255 - INFO: 23800 move(s) completed (55 accepted (0.2311 %)). Current N = 1. Average N = 0.927
2021-03-26 07:50:54,620 - INFO: 23850 move(s) completed (55 accepted (0.2306 %)). Current N = 1. Average N = 0.927
2021-03-26 07:51:03,371 - INFO: 23900 move(s) completed (57 accepted (0.2385 %)). Current N = 1. Average N = 0.928
2021-03-26 07:51:12,511 - INFO: 23950 move(s) completed (57 accepted (0.2380 %)). Current N = 1. Average N = 0.928
2021-03-26 07:51:21,926 - INFO: 24000 move(s) completed (57 accepted (0.2375 %)). Current N = 1. Average N = 0.928
2021-03-26 07:51:30,854 - INFO: 24050 move(s) completed (57 accepted (0.2370 %)). Current N = 1. Average N = 0.929
2021-03-26 07:51:39,944 - INFO: 24100 move(s) completed (57 accepted (0.2365 %)). Current N = 1. Average N = 0.929
2021-03-26 07:51:48,990 - INFO: 24150 move(s) completed (57 accepted (0.2360 %)). Current N = 1. Average N = 0.929
2021-03-26 07:51:58,075 - INFO: 24200 move(s) completed (57 accepted (0.2355 %)). Current N = 1. Average N = 0.929
2021-03-26 07:52:06,505 - INFO: 24250 move(s) completed (57 accepted (0.2351 %)). Current N = 1. Average N = 0.929
2021-03-26 07:52:15,396 - INFO: 24300 move(s) completed (57 accepted (0.2346 %)). Current N = 1. Average N = 0.929
2021-03-26 07:52:24,859 - INFO: 24350 move(s) completed (57 accepted (0.2341 %)). Current N = 1. Average N = 0.929
2021-03-26 07:52:33,707 - INFO: 24400 move(s) completed (57 accepted (0.2336 %)). Current N = 1. Average N = 0.930
2021-03-26 07:52:42,976 - INFO: 24450 move(s) completed (57 accepted (0.2331 %)). Current N = 1. Average N = 0.930
2021-03-26 07:52:51,694 - INFO: 24500 move(s) completed (57 accepted (0.2327 %)). Current N = 1. Average N = 0.930
2021-03-26 07:53:00,888 - INFO: 24550 move(s) completed (57 accepted (0.2322 %)). Current N = 1. Average N = 0.930
2021-03-26 07:53:10,147 - INFO: 24600 move(s) completed (57 accepted (0.2317 %)). Current N = 1. Average N = 0.930
2021-03-26 07:53:19,173 - INFO: 24650 move(s) completed (57 accepted (0.2312 %)). Current N = 1. Average N = 0.930
2021-03-26 07:53:28,233 - INFO: 24700 move(s) completed (57 accepted (0.2308 %)). Current N = 1. Average N = 0.930
2021-03-26 07:53:36,784 - INFO: 24750 move(s) completed (57 accepted (0.2303 %)). Current N = 1. Average N = 0.931
2021-03-26 07:53:45,843 - INFO: 24800 move(s) completed (57 accepted (0.2298 %)). Current N = 1. Average N = 0.931
2021-03-26 07:53:54,685 - INFO: 24850 move(s) completed (57 accepted (0.2294 %)). Current N = 1. Average N = 0.931
2021-03-26 07:54:03,734 - INFO: 24900 move(s) completed (57 accepted (0.2289 %)). Current N = 1. Average N = 0.931
2021-03-26 07:54:13,146 - INFO: 24950 move(s) completed (57 accepted (0.2285 %)). Current N = 1. Average N = 0.931
2021-03-26 07:54:21,909 - INFO: 25000 move(s) completed (57 accepted (0.2280 %)). Current N = 1. Average N = 0.931
2021-03-26 07:54:31,296 - INFO: 25050 move(s) completed (57 accepted (0.2275 %)). Current N = 1. Average N = 0.931
2021-03-26 07:54:40,012 - INFO: 25100 move(s) completed (57 accepted (0.2271 %)). Current N = 1. Average N = 0.932
2021-03-26 07:54:49,192 - INFO: 25150 move(s) completed (57 accepted (0.2266 %)). Current N = 1. Average N = 0.932
2021-03-26 07:54:58,256 - INFO: 25200 move(s) completed (57 accepted (0.2262 %)). Current N = 1. Average N = 0.932
2021-03-26 07:55:06,776 - INFO: 25250 move(s) completed (57 accepted (0.2257 %)). Current N = 1. Average N = 0.932
2021-03-26 07:55:16,089 - INFO: 25300 move(s) completed (57 accepted (0.2253 %)). Current N = 1. Average N = 0.932
2021-03-26 07:55:24,948 - INFO: 25350 move(s) completed (57 accepted (0.2249 %)). Current N = 1. Average N = 0.932
2021-03-26 07:55:33,691 - INFO: 25400 move(s) completed (57 accepted (0.2244 %)). Current N = 1. Average N = 0.932
2021-03-26 07:55:42,260 - INFO: 25450 move(s) completed (57 accepted (0.2240 %)). Current N = 1. Average N = 0.932
2021-03-26 07:55:51,453 - INFO: 25500 move(s) completed (57 accepted (0.2235 %)). Current N = 1. Average N = 0.933
2021-03-26 07:56:00,602 - INFO: 25550 move(s) completed (57 accepted (0.2231 %)). Current N = 1. Average N = 0.933
2021-03-26 07:56:09,424 - INFO: 25600 move(s) completed (57 accepted (0.2227 %)). Current N = 1. Average N = 0.933
2021-03-26 07:56:18,909 - INFO: 25650 move(s) completed (57 accepted (0.2222 %)). Current N = 1. Average N = 0.933
2021-03-26 07:56:27,398 - INFO: 25700 move(s) completed (57 accepted (0.2218 %)). Current N = 1. Average N = 0.933
2021-03-26 07:56:36,231 - INFO: 25750 move(s) completed (57 accepted (0.2214 %)). Current N = 1. Average N = 0.933
2021-03-26 07:56:44,877 - INFO: 25800 move(s) completed (57 accepted (0.2209 %)). Current N = 1. Average N = 0.933
2021-03-26 07:56:53,999 - INFO: 25850 move(s) completed (57 accepted (0.2205 %)). Current N = 1. Average N = 0.933
2021-03-26 07:57:03,408 - INFO: 25900 move(s) completed (57 accepted (0.2201 %)). Current N = 1. Average N = 0.934
2021-03-26 07:57:12,404 - INFO: 25950 move(s) completed (57 accepted (0.2197 %)). Current N = 1. Average N = 0.934
2021-03-26 07:57:21,753 - INFO: 26000 move(s) completed (57 accepted (0.2192 %)). Current N = 1. Average N = 0.934
2021-03-26 07:57:30,325 - INFO: 26050 move(s) completed (57 accepted (0.2188 %)). Current N = 1. Average N = 0.934
2021-03-26 07:57:39,313 - INFO: 26100 move(s) completed (57 accepted (0.2184 %)). Current N = 1. Average N = 0.934
2021-03-26 07:57:47,889 - INFO: 26150 move(s) completed (57 accepted (0.2180 %)). Current N = 1. Average N = 0.934
2021-03-26 07:57:56,905 - INFO: 26200 move(s) completed (57 accepted (0.2176 %)). Current N = 1. Average N = 0.934
2021-03-26 07:58:06,114 - INFO: 26250 move(s) completed (57 accepted (0.2171 %)). Current N = 1. Average N = 0.935
2021-03-26 07:58:15,090 - INFO: 26300 move(s) completed (57 accepted (0.2167 %)). Current N = 1. Average N = 0.935
2021-03-26 07:58:24,002 - INFO: 26350 move(s) completed (57 accepted (0.2163 %)). Current N = 1. Average N = 0.935
2021-03-26 07:58:32,608 - INFO: 26400 move(s) completed (57 accepted (0.2159 %)). Current N = 1. Average N = 0.935
2021-03-26 07:58:41,822 - INFO: 26450 move(s) completed (57 accepted (0.2155 %)). Current N = 1. Average N = 0.935
2021-03-26 07:58:51,397 - INFO: 26500 move(s) completed (57 accepted (0.2151 %)). Current N = 1. Average N = 0.935
2021-03-26 07:59:00,231 - INFO: 26550 move(s) completed (57 accepted (0.2147 %)). Current N = 1. Average N = 0.935
2021-03-26 07:59:09,223 - INFO: 26600 move(s) completed (57 accepted (0.2143 %)). Current N = 1. Average N = 0.935
2021-03-26 07:59:17,807 - INFO: 26650 move(s) completed (57 accepted (0.2139 %)). Current N = 1. Average N = 0.935
2021-03-26 07:59:26,800 - INFO: 26700 move(s) completed (57 accepted (0.2135 %)). Current N = 1. Average N = 0.936
2021-03-26 07:59:35,413 - INFO: 26750 move(s) completed (57 accepted (0.2131 %)). Current N = 1. Average N = 0.936
2021-03-26 07:59:44,564 - INFO: 26800 move(s) completed (57 accepted (0.2127 %)). Current N = 1. Average N = 0.936
2021-03-26 07:59:53,639 - INFO: 26850 move(s) completed (57 accepted (0.2123 %)). Current N = 1. Average N = 0.936
2021-03-26 08:00:02,415 - INFO: 26900 move(s) completed (57 accepted (0.2119 %)). Current N = 1. Average N = 0.936
2021-03-26 08:00:11,720 - INFO: 26950 move(s) completed (57 accepted (0.2115 %)). Current N = 1. Average N = 0.936
2021-03-26 08:00:21,243 - INFO: 27000 move(s) completed (57 accepted (0.2111 %)). Current N = 1. Average N = 0.936
2021-03-26 08:00:30,226 - INFO: 27050 move(s) completed (57 accepted (0.2107 %)). Current N = 1. Average N = 0.936
2021-03-26 08:00:39,654 - INFO: 27100 move(s) completed (59 accepted (0.2177 %)). Current N = 1. Average N = 0.937
2021-03-26 08:00:48,594 - INFO: 27150 move(s) completed (59 accepted (0.2173 %)). Current N = 1. Average N = 0.937
2021-03-26 08:00:57,710 - INFO: 27200 move(s) completed (59 accepted (0.2169 %)). Current N = 1. Average N = 0.937
2021-03-26 08:01:07,226 - INFO: 27250 move(s) completed (59 accepted (0.2165 %)). Current N = 1. Average N = 0.937
2021-03-26 08:01:16,144 - INFO: 27300 move(s) completed (59 accepted (0.2161 %)). Current N = 1. Average N = 0.937
2021-03-26 08:01:25,212 - INFO: 27350 move(s) completed (59 accepted (0.2157 %)). Current N = 1. Average N = 0.937
2021-03-26 08:01:33,911 - INFO: 27400 move(s) completed (59 accepted (0.2153 %)). Current N = 1. Average N = 0.937
2021-03-26 08:01:43,123 - INFO: 27450 move(s) completed (59 accepted (0.2149 %)). Current N = 1. Average N = 0.938
2021-03-26 08:01:51,556 - INFO: 27500 move(s) completed (59 accepted (0.2145 %)). Current N = 1. Average N = 0.938
2021-03-26 08:02:00,350 - INFO: 27550 move(s) completed (59 accepted (0.2142 %)). Current N = 1. Average N = 0.938
2021-03-26 08:02:09,529 - INFO: 27600 move(s) completed (59 accepted (0.2138 %)). Current N = 1. Average N = 0.938
2021-03-26 08:02:18,576 - INFO: 27650 move(s) completed (59 accepted (0.2134 %)). Current N = 1. Average N = 0.938
2021-03-26 08:02:27,710 - INFO: 27700 move(s) completed (59 accepted (0.2130 %)). Current N = 1. Average N = 0.938
2021-03-26 08:02:36,502 - INFO: 27750 move(s) completed (59 accepted (0.2126 %)). Current N = 1. Average N = 0.938
2021-03-26 08:02:45,850 - INFO: 27800 move(s) completed (59 accepted (0.2122 %)). Current N = 1. Average N = 0.938
2021-03-26 08:02:55,207 - INFO: 27850 move(s) completed (59 accepted (0.2118 %)). Current N = 1. Average N = 0.939
2021-03-26 08:03:04,209 - INFO: 27900 move(s) completed (59 accepted (0.2115 %)). Current N = 1. Average N = 0.939
2021-03-26 08:03:13,732 - INFO: 27950 move(s) completed (59 accepted (0.2111 %)). Current N = 1. Average N = 0.939
2021-03-26 08:03:22,339 - INFO: 28000 move(s) completed (59 accepted (0.2107 %)). Current N = 1. Average N = 0.939
2021-03-26 08:03:31,562 - INFO: 28050 move(s) completed (59 accepted (0.2103 %)). Current N = 1. Average N = 0.939
2021-03-26 08:03:40,152 - INFO: 28100 move(s) completed (59 accepted (0.2100 %)). Current N = 1. Average N = 0.939
2021-03-26 08:03:48,890 - INFO: 28150 move(s) completed (59 accepted (0.2096 %)). Current N = 1. Average N = 0.939
2021-03-26 08:03:58,127 - INFO: 28200 move(s) completed (59 accepted (0.2092 %)). Current N = 1. Average N = 0.939
2021-03-26 08:04:07,228 - INFO: 28250 move(s) completed (59 accepted (0.2088 %)). Current N = 1. Average N = 0.939
2021-03-26 08:04:16,529 - INFO: 28300 move(s) completed (59 accepted (0.2085 %)). Current N = 1. Average N = 0.939
2021-03-26 08:04:25,101 - INFO: 28350 move(s) completed (59 accepted (0.2081 %)). Current N = 1. Average N = 0.940
2021-03-26 08:04:34,257 - INFO: 28400 move(s) completed (59 accepted (0.2077 %)). Current N = 1. Average N = 0.940
2021-03-26 08:04:42,837 - INFO: 28450 move(s) completed (59 accepted (0.2074 %)). Current N = 1. Average N = 0.940
2021-03-26 08:04:51,754 - INFO: 28500 move(s) completed (59 accepted (0.2070 %)). Current N = 1. Average N = 0.940
2021-03-26 08:05:00,946 - INFO: 28550 move(s) completed (59 accepted (0.2067 %)). Current N = 1. Average N = 0.940
2021-03-26 08:05:10,004 - INFO: 28600 move(s) completed (59 accepted (0.2063 %)). Current N = 1. Average N = 0.940
2021-03-26 08:05:19,158 - INFO: 28650 move(s) completed (59 accepted (0.2059 %)). Current N = 1. Average N = 0.940
2021-03-26 08:05:27,890 - INFO: 28700 move(s) completed (59 accepted (0.2056 %)). Current N = 1. Average N = 0.940
2021-03-26 08:05:37,070 - INFO: 28750 move(s) completed (59 accepted (0.2052 %)). Current N = 1. Average N = 0.940
2021-03-26 08:05:45,746 - INFO: 28800 move(s) completed (59 accepted (0.2049 %)). Current N = 1. Average N = 0.941
2021-03-26 08:05:54,721 - INFO: 28850 move(s) completed (59 accepted (0.2045 %)). Current N = 1. Average N = 0.941
2021-03-26 08:06:04,294 - INFO: 28900 move(s) completed (59 accepted (0.2042 %)). Current N = 1. Average N = 0.941
2021-03-26 08:06:13,262 - INFO: 28950 move(s) completed (59 accepted (0.2038 %)). Current N = 1. Average N = 0.941
2021-03-26 08:06:22,458 - INFO: 29000 move(s) completed (59 accepted (0.2034 %)). Current N = 1. Average N = 0.941
2021-03-26 08:06:31,322 - INFO: 29050 move(s) completed (59 accepted (0.2031 %)). Current N = 1. Average N = 0.941
2021-03-26 08:06:40,296 - INFO: 29100 move(s) completed (59 accepted (0.2027 %)). Current N = 1. Average N = 0.941
2021-03-26 08:06:49,443 - INFO: 29150 move(s) completed (59 accepted (0.2024 %)). Current N = 1. Average N = 0.941
2021-03-26 08:06:58,139 - INFO: 29200 move(s) completed (59 accepted (0.2021 %)). Current N = 1. Average N = 0.941
2021-03-26 08:07:07,596 - INFO: 29250 move(s) completed (59 accepted (0.2017 %)). Current N = 1. Average N = 0.941
2021-03-26 08:07:16,144 - INFO: 29300 move(s) completed (59 accepted (0.2014 %)). Current N = 1. Average N = 0.942
2021-03-26 08:07:25,147 - INFO: 29350 move(s) completed (59 accepted (0.2010 %)). Current N = 1. Average N = 0.942
2021-03-26 08:07:34,428 - INFO: 29400 move(s) completed (59 accepted (0.2007 %)). Current N = 1. Average N = 0.942
2021-03-26 08:07:43,403 - INFO: 29450 move(s) completed (59 accepted (0.2003 %)). Current N = 1. Average N = 0.942
2021-03-26 08:07:52,779 - INFO: 29500 move(s) completed (59 accepted (0.2000 %)). Current N = 1. Average N = 0.942
2021-03-26 08:08:01,704 - INFO: 29550 move(s) completed (59 accepted (0.1997 %)). Current N = 1. Average N = 0.942
2021-03-26 08:08:10,558 - INFO: 29600 move(s) completed (59 accepted (0.1993 %)). Current N = 1. Average N = 0.942
2021-03-26 08:08:19,140 - INFO: 29650 move(s) completed (61 accepted (0.2057 %)). Current N = 1. Average N = 0.942
2021-03-26 08:08:28,308 - INFO: 29700 move(s) completed (61 accepted (0.2054 %)). Current N = 1. Average N = 0.942
2021-03-26 08:08:37,786 - INFO: 29750 move(s) completed (61 accepted (0.2050 %)). Current N = 1. Average N = 0.943
2021-03-26 08:08:46,596 - INFO: 29800 move(s) completed (61 accepted (0.2047 %)). Current N = 1. Average N = 0.943
2021-03-26 08:08:55,879 - INFO: 29850 move(s) completed (61 accepted (0.2044 %)). Current N = 1. Average N = 0.943
2021-03-26 08:09:04,594 - INFO: 29900 move(s) completed (61 accepted (0.2040 %)). Current N = 1. Average N = 0.943
2021-03-26 08:09:13,460 - INFO: 29950 move(s) completed (61 accepted (0.2037 %)). Current N = 1. Average N = 0.943
2021-03-26 08:09:21,930 - INFO: 30000 move(s) completed (61 accepted (0.2033 %)). Current N = 1. Average N = 0.943
2021-03-26 08:09:30,871 - INFO: 30050 move(s) completed (61 accepted (0.2030 %)). Current N = 1. Average N = 0.943
2021-03-26 08:09:40,531 - INFO: 30100 move(s) completed (61 accepted (0.2027 %)). Current N = 1. Average N = 0.943
2021-03-26 08:09:49,186 - INFO: 30150 move(s) completed (61 accepted (0.2023 %)). Current N = 1. Average N = 0.943
2021-03-26 08:09:58,617 - INFO: 30200 move(s) completed (61 accepted (0.2020 %)). Current N = 1. Average N = 0.943
2021-03-26 08:10:07,327 - INFO: 30250 move(s) completed (61 accepted (0.2017 %)). Current N = 1. Average N = 0.943
2021-03-26 08:10:16,054 - INFO: 30300 move(s) completed (61 accepted (0.2013 %)). Current N = 1. Average N = 0.944
2021-03-26 08:10:25,302 - INFO: 30350 move(s) completed (61 accepted (0.2010 %)). Current N = 1. Average N = 0.944
2021-03-26 08:10:34,150 - INFO: 30400 move(s) completed (63 accepted (0.2072 %)). Current N = 1. Average N = 0.944
2021-03-26 08:10:43,310 - INFO: 30450 move(s) completed (63 accepted (0.2069 %)). Current N = 1. Average N = 0.944
2021-03-26 08:10:52,161 - INFO: 30500 move(s) completed (63 accepted (0.2066 %)). Current N = 1. Average N = 0.944
2021-03-26 08:11:01,379 - INFO: 30550 move(s) completed (63 accepted (0.2062 %)). Current N = 1. Average N = 0.944
2021-03-26 08:11:10,809 - INFO: 30600 move(s) completed (63 accepted (0.2059 %)). Current N = 1. Average N = 0.944
2021-03-26 08:11:19,684 - INFO: 30650 move(s) completed (63 accepted (0.2055 %)). Current N = 1. Average N = 0.944
2021-03-26 08:11:29,053 - INFO: 30700 move(s) completed (63 accepted (0.2052 %)). Current N = 1. Average N = 0.944
2021-03-26 08:11:38,140 - INFO: 30750 move(s) completed (63 accepted (0.2049 %)). Current N = 1. Average N = 0.945
2021-03-26 08:11:47,061 - INFO: 30800 move(s) completed (63 accepted (0.2045 %)). Current N = 1. Average N = 0.945
2021-03-26 08:11:55,757 - INFO: 30850 move(s) completed (63 accepted (0.2042 %)). Current N = 1. Average N = 0.945
2021-03-26 08:12:04,845 - INFO: 30900 move(s) completed (63 accepted (0.2039 %)). Current N = 1. Average N = 0.945
2021-03-26 08:12:13,935 - INFO: 30950 move(s) completed (63 accepted (0.2036 %)). Current N = 1. Average N = 0.945
2021-03-26 08:12:22,728 - INFO: 31000 move(s) completed (63 accepted (0.2032 %)). Current N = 1. Average N = 0.945
2021-03-26 08:12:31,929 - INFO: 31050 move(s) completed (63 accepted (0.2029 %)). Current N = 1. Average N = 0.945
2021-03-26 08:12:40,581 - INFO: 31100 move(s) completed (63 accepted (0.2026 %)). Current N = 1. Average N = 0.945
2021-03-26 08:12:49,381 - INFO: 31150 move(s) completed (63 accepted (0.2022 %)). Current N = 1. Average N = 0.945
2021-03-26 08:12:57,928 - INFO: 31200 move(s) completed (63 accepted (0.2019 %)). Current N = 1. Average N = 0.945
2021-03-26 08:13:07,123 - INFO: 31250 move(s) completed (63 accepted (0.2016 %)). Current N = 1. Average N = 0.945
2021-03-26 08:13:16,166 - INFO: 31300 move(s) completed (63 accepted (0.2013 %)). Current N = 1. Average N = 0.945
2021-03-26 08:13:25,110 - INFO: 31350 move(s) completed (63 accepted (0.2010 %)). Current N = 1. Average N = 0.946
2021-03-26 08:13:34,331 - INFO: 31400 move(s) completed (63 accepted (0.2006 %)). Current N = 1. Average N = 0.946
2021-03-26 08:13:42,974 - INFO: 31450 move(s) completed (63 accepted (0.2003 %)). Current N = 1. Average N = 0.946
2021-03-26 08:13:52,142 - INFO: 31500 move(s) completed (63 accepted (0.2000 %)). Current N = 1. Average N = 0.946
2021-03-26 08:14:00,844 - INFO: 31550 move(s) completed (63 accepted (0.1997 %)). Current N = 1. Average N = 0.946
2021-03-26 08:14:09,689 - INFO: 31600 move(s) completed (63 accepted (0.1994 %)). Current N = 1. Average N = 0.946
2021-03-26 08:14:18,794 - INFO: 31650 move(s) completed (63 accepted (0.1991 %)). Current N = 1. Average N = 0.946
2021-03-26 08:14:27,707 - INFO: 31700 move(s) completed (63 accepted (0.1987 %)). Current N = 1. Average N = 0.946
2021-03-26 08:14:37,252 - INFO: 31750 move(s) completed (63 accepted (0.1984 %)). Current N = 1. Average N = 0.946
2021-03-26 08:14:45,843 - INFO: 31800 move(s) completed (63 accepted (0.1981 %)). Current N = 1. Average N = 0.946
2021-03-26 08:14:54,988 - INFO: 31850 move(s) completed (63 accepted (0.1978 %)). Current N = 1. Average N = 0.946
2021-03-26 08:15:04,475 - INFO: 31900 move(s) completed (63 accepted (0.1975 %)). Current N = 1. Average N = 0.947
2021-03-26 08:15:13,108 - INFO: 31950 move(s) completed (63 accepted (0.1972 %)). Current N = 1. Average N = 0.947
2021-03-26 08:15:22,450 - INFO: 32000 move(s) completed (63 accepted (0.1969 %)). Current N = 1. Average N = 0.947
2021-03-26 08:15:31,361 - INFO: 32050 move(s) completed (63 accepted (0.1966 %)). Current N = 1. Average N = 0.947
2021-03-26 08:15:40,517 - INFO: 32100 move(s) completed (63 accepted (0.1963 %)). Current N = 1. Average N = 0.947
2021-03-26 08:15:48,821 - INFO: 32150 move(s) completed (63 accepted (0.1960 %)). Current N = 1. Average N = 0.947
2021-03-26 08:15:58,013 - INFO: 32200 move(s) completed (63 accepted (0.1957 %)). Current N = 1. Average N = 0.947
2021-03-26 08:16:07,518 - INFO: 32250 move(s) completed (63 accepted (0.1953 %)). Current N = 1. Average N = 0.947
2021-03-26 08:16:16,272 - INFO: 32300 move(s) completed (63 accepted (0.1950 %)). Current N = 1. Average N = 0.947
2021-03-26 08:16:25,621 - INFO: 32350 move(s) completed (63 accepted (0.1947 %)). Current N = 1. Average N = 0.947
2021-03-26 08:16:34,219 - INFO: 32400 move(s) completed (63 accepted (0.1944 %)). Current N = 1. Average N = 0.947
2021-03-26 08:16:43,497 - INFO: 32450 move(s) completed (63 accepted (0.1941 %)). Current N = 1. Average N = 0.947
2021-03-26 08:16:52,856 - INFO: 32500 move(s) completed (63 accepted (0.1938 %)). Current N = 1. Average N = 0.947
2021-03-26 08:17:01,855 - INFO: 32550 move(s) completed (63 accepted (0.1935 %)). Current N = 1. Average N = 0.948
2021-03-26 08:17:11,282 - INFO: 32600 move(s) completed (63 accepted (0.1933 %)). Current N = 1. Average N = 0.948
2021-03-26 08:17:20,071 - INFO: 32650 move(s) completed (63 accepted (0.1930 %)). Current N = 1. Average N = 0.948
2021-03-26 08:17:29,226 - INFO: 32700 move(s) completed (63 accepted (0.1927 %)). Current N = 1. Average N = 0.948
2021-03-26 08:17:37,533 - INFO: 32750 move(s) completed (63 accepted (0.1924 %)). Current N = 1. Average N = 0.948
2021-03-26 08:17:46,566 - INFO: 32800 move(s) completed (63 accepted (0.1921 %)). Current N = 1. Average N = 0.948
2021-03-26 08:17:55,274 - INFO: 32850 move(s) completed (63 accepted (0.1918 %)). Current N = 1. Average N = 0.948
2021-03-26 08:18:04,375 - INFO: 32900 move(s) completed (63 accepted (0.1915 %)). Current N = 1. Average N = 0.948
2021-03-26 08:18:13,562 - INFO: 32950 move(s) completed (63 accepted (0.1912 %)). Current N = 1. Average N = 0.948
2021-03-26 08:18:22,662 - INFO: 33000 move(s) completed (63 accepted (0.1909 %)). Current N = 1. Average N = 0.948
2021-03-26 08:18:32,018 - INFO: 33050 move(s) completed (63 accepted (0.1906 %)). Current N = 1. Average N = 0.948
2021-03-26 08:18:40,569 - INFO: 33100 move(s) completed (63 accepted (0.1903 %)). Current N = 1. Average N = 0.948
2021-03-26 08:18:49,652 - INFO: 33150 move(s) completed (63 accepted (0.1900 %)). Current N = 1. Average N = 0.949
2021-03-26 08:18:59,265 - INFO: 33200 move(s) completed (63 accepted (0.1898 %)). Current N = 1. Average N = 0.949
2021-03-26 08:19:08,044 - INFO: 33250 move(s) completed (63 accepted (0.1895 %)). Current N = 1. Average N = 0.949
2021-03-26 08:19:17,228 - INFO: 33300 move(s) completed (63 accepted (0.1892 %)). Current N = 1. Average N = 0.949
2021-03-26 08:19:25,991 - INFO: 33350 move(s) completed (63 accepted (0.1889 %)). Current N = 1. Average N = 0.949
2021-03-26 08:19:35,070 - INFO: 33400 move(s) completed (63 accepted (0.1886 %)). Current N = 1. Average N = 0.949
2021-03-26 08:19:44,079 - INFO: 33450 move(s) completed (63 accepted (0.1883 %)). Current N = 1. Average N = 0.949
2021-03-26 08:19:53,219 - INFO: 33500 move(s) completed (63 accepted (0.1881 %)). Current N = 1. Average N = 0.949
2021-03-26 08:20:03,586 - INFO: 33550 move(s) completed (63 accepted (0.1878 %)). Current N = 1. Average N = 0.949
2021-03-26 08:20:12,259 - INFO: 33600 move(s) completed (63 accepted (0.1875 %)). Current N = 1. Average N = 0.949
2021-03-26 08:20:21,325 - INFO: 33650 move(s) completed (63 accepted (0.1872 %)). Current N = 1. Average N = 0.949
2021-03-26 08:20:30,035 - INFO: 33700 move(s) completed (63 accepted (0.1869 %)). Current N = 1. Average N = 0.949
2021-03-26 08:20:38,970 - INFO: 33750 move(s) completed (63 accepted (0.1867 %)). Current N = 1. Average N = 0.949
2021-03-26 08:20:48,441 - INFO: 33800 move(s) completed (63 accepted (0.1864 %)). Current N = 1. Average N = 0.950
2021-03-26 08:20:57,429 - INFO: 33850 move(s) completed (63 accepted (0.1861 %)). Current N = 1. Average N = 0.950
2021-03-26 08:21:06,678 - INFO: 33900 move(s) completed (63 accepted (0.1858 %)). Current N = 1. Average N = 0.950
2021-03-26 08:21:15,710 - INFO: 33950 move(s) completed (63 accepted (0.1856 %)). Current N = 1. Average N = 0.950
2021-03-26 08:21:24,898 - INFO: 34000 move(s) completed (63 accepted (0.1853 %)). Current N = 1. Average N = 0.950
2021-03-26 08:21:34,216 - INFO: 34050 move(s) completed (63 accepted (0.1850 %)). Current N = 1. Average N = 0.950
2021-03-26 08:21:43,013 - INFO: 34100 move(s) completed (63 accepted (0.1848 %)). Current N = 1. Average N = 0.950
2021-03-26 08:21:52,236 - INFO: 34150 move(s) completed (63 accepted (0.1845 %)). Current N = 1. Average N = 0.950
2021-03-26 08:22:01,192 - INFO: 34200 move(s) completed (63 accepted (0.1842 %)). Current N = 1. Average N = 0.950
2021-03-26 08:22:10,181 - INFO: 34250 move(s) completed (63 accepted (0.1839 %)). Current N = 1. Average N = 0.950
2021-03-26 08:22:19,149 - INFO: 34300 move(s) completed (63 accepted (0.1837 %)). Current N = 1. Average N = 0.950
2021-03-26 08:22:28,352 - INFO: 34350 move(s) completed (63 accepted (0.1834 %)). Current N = 1. Average N = 0.950
2021-03-26 08:22:37,274 - INFO: 34400 move(s) completed (63 accepted (0.1831 %)). Current N = 1. Average N = 0.950
2021-03-26 08:22:46,105 - INFO: 34450 move(s) completed (63 accepted (0.1829 %)). Current N = 1. Average N = 0.950
2021-03-26 08:22:55,293 - INFO: 34500 move(s) completed (63 accepted (0.1826 %)). Current N = 1. Average N = 0.951
2021-03-26 08:23:03,882 - INFO: 34550 move(s) completed (63 accepted (0.1823 %)). Current N = 1. Average N = 0.951
2021-03-26 08:23:12,969 - INFO: 34600 move(s) completed (63 accepted (0.1821 %)). Current N = 1. Average N = 0.951
2021-03-26 08:23:21,501 - INFO: 34650 move(s) completed (63 accepted (0.1818 %)). Current N = 1. Average N = 0.951
2021-03-26 08:23:30,518 - INFO: 34700 move(s) completed (63 accepted (0.1816 %)). Current N = 1. Average N = 0.951
2021-03-26 08:23:39,878 - INFO: 34750 move(s) completed (63 accepted (0.1813 %)). Current N = 1. Average N = 0.951
2021-03-26 08:23:48,934 - INFO: 34800 move(s) completed (63 accepted (0.1810 %)). Current N = 1. Average N = 0.951
2021-03-26 08:23:58,290 - INFO: 34850 move(s) completed (63 accepted (0.1808 %)). Current N = 1. Average N = 0.951
2021-03-26 08:24:07,042 - INFO: 34900 move(s) completed (63 accepted (0.1805 %)). Current N = 1. Average N = 0.951
2021-03-26 08:24:16,369 - INFO: 34950 move(s) completed (63 accepted (0.1803 %)). Current N = 1. Average N = 0.951
2021-03-26 08:24:25,198 - INFO: 35000 move(s) completed (63 accepted (0.1800 %)). Current N = 1. Average N = 0.951
2021-03-26 08:24:33,919 - INFO: 35050 move(s) completed (63 accepted (0.1797 %)). Current N = 1. Average N = 0.951
2021-03-26 08:24:43,256 - INFO: 35100 move(s) completed (63 accepted (0.1795 %)). Current N = 1. Average N = 0.951
2021-03-26 08:24:52,256 - INFO: 35150 move(s) completed (63 accepted (0.1792 %)). Current N = 1. Average N = 0.951
2021-03-26 08:25:01,436 - INFO: 35200 move(s) completed (63 accepted (0.1790 %)). Current N = 1. Average N = 0.952
2021-03-26 08:25:09,764 - INFO: 35250 move(s) completed (63 accepted (0.1787 %)). Current N = 1. Average N = 0.952
2021-03-26 08:25:18,862 - INFO: 35300 move(s) completed (63 accepted (0.1785 %)). Current N = 1. Average N = 0.952
2021-03-26 08:25:28,416 - INFO: 35350 move(s) completed (63 accepted (0.1782 %)). Current N = 1. Average N = 0.952
2021-03-26 08:25:37,368 - INFO: 35400 move(s) completed (63 accepted (0.1780 %)). Current N = 1. Average N = 0.952
2021-03-26 08:25:46,908 - INFO: 35450 move(s) completed (63 accepted (0.1777 %)). Current N = 1. Average N = 0.952
2021-03-26 08:25:55,770 - INFO: 35500 move(s) completed (63 accepted (0.1775 %)). Current N = 1. Average N = 0.952
2021-03-26 08:26:04,381 - INFO: 35550 move(s) completed (63 accepted (0.1772 %)). Current N = 1. Average N = 0.952
2021-03-26 08:26:13,238 - INFO: 35600 move(s) completed (63 accepted (0.1770 %)). Current N = 1. Average N = 0.952
2021-03-26 08:26:22,331 - INFO: 35650 move(s) completed (65 accepted (0.1823 %)). Current N = 1. Average N = 0.952
2021-03-26 08:26:31,734 - INFO: 35700 move(s) completed (65 accepted (0.1821 %)). Current N = 1. Average N = 0.952
2021-03-26 08:26:40,559 - INFO: 35750 move(s) completed (65 accepted (0.1818 %)). Current N = 1. Average N = 0.952
2021-03-26 08:26:49,599 - INFO: 35800 move(s) completed (65 accepted (0.1816 %)). Current N = 1. Average N = 0.952
2021-03-26 08:26:59,010 - INFO: 35850 move(s) completed (65 accepted (0.1813 %)). Current N = 1. Average N = 0.953
2021-03-26 08:27:07,925 - INFO: 35900 move(s) completed (65 accepted (0.1811 %)). Current N = 1. Average N = 0.953
2021-03-26 08:27:17,424 - INFO: 35950 move(s) completed (65 accepted (0.1808 %)). Current N = 1. Average N = 0.953
2021-03-26 08:27:26,289 - INFO: 36000 move(s) completed (65 accepted (0.1806 %)). Current N = 1. Average N = 0.953
2021-03-26 08:27:35,352 - INFO: 36050 move(s) completed (65 accepted (0.1803 %)). Current N = 1. Average N = 0.953
2021-03-26 08:27:44,971 - INFO: 36100 move(s) completed (65 accepted (0.1801 %)). Current N = 1. Average N = 0.953
2021-03-26 08:27:54,037 - INFO: 36150 move(s) completed (65 accepted (0.1798 %)). Current N = 1. Average N = 0.953
2021-03-26 08:28:03,285 - INFO: 36200 move(s) completed (65 accepted (0.1796 %)). Current N = 1. Average N = 0.953
2021-03-26 08:28:11,958 - INFO: 36250 move(s) completed (65 accepted (0.1793 %)). Current N = 1. Average N = 0.953
2021-03-26 08:28:21,298 - INFO: 36300 move(s) completed (65 accepted (0.1791 %)). Current N = 1. Average N = 0.953
2021-03-26 08:28:29,835 - INFO: 36350 move(s) completed (65 accepted (0.1788 %)). Current N = 1. Average N = 0.953
2021-03-26 08:28:38,948 - INFO: 36400 move(s) completed (65 accepted (0.1786 %)). Current N = 1. Average N = 0.953
2021-03-26 08:28:48,292 - INFO: 36450 move(s) completed (65 accepted (0.1783 %)). Current N = 1. Average N = 0.953
2021-03-26 08:28:57,142 - INFO: 36500 move(s) completed (65 accepted (0.1781 %)). Current N = 1. Average N = 0.953
2021-03-26 08:29:06,357 - INFO: 36550 move(s) completed (65 accepted (0.1778 %)). Current N = 1. Average N = 0.953
2021-03-26 08:29:14,901 - INFO: 36600 move(s) completed (65 accepted (0.1776 %)). Current N = 1. Average N = 0.953
2021-03-26 08:29:24,204 - INFO: 36650 move(s) completed (65 accepted (0.1774 %)). Current N = 1. Average N = 0.954
2021-03-26 08:29:33,512 - INFO: 36700 move(s) completed (65 accepted (0.1771 %)). Current N = 1. Average N = 0.954
2021-03-26 08:29:42,969 - INFO: 36750 move(s) completed (65 accepted (0.1769 %)). Current N = 1. Average N = 0.954
2021-03-26 08:29:52,251 - INFO: 36800 move(s) completed (65 accepted (0.1766 %)). Current N = 1. Average N = 0.954
2021-03-26 08:30:00,474 - INFO: 36850 move(s) completed (67 accepted (0.1818 %)). Current N = 1. Average N = 0.954
2021-03-26 08:30:09,514 - INFO: 36900 move(s) completed (67 accepted (0.1816 %)). Current N = 1. Average N = 0.954
2021-03-26 08:30:18,412 - INFO: 36950 move(s) completed (67 accepted (0.1813 %)). Current N = 1. Average N = 0.954
2021-03-26 08:30:27,237 - INFO: 37000 move(s) completed (67 accepted (0.1811 %)). Current N = 1. Average N = 0.955
2021-03-26 08:30:36,589 - INFO: 37050 move(s) completed (67 accepted (0.1808 %)). Current N = 1. Average N = 0.955
2021-03-26 08:30:45,514 - INFO: 37100 move(s) completed (67 accepted (0.1806 %)). Current N = 1. Average N = 0.955
2021-03-26 08:30:54,800 - INFO: 37150 move(s) completed (67 accepted (0.1803 %)). Current N = 1. Average N = 0.955
2021-03-26 08:31:03,193 - INFO: 37200 move(s) completed (67 accepted (0.1801 %)). Current N = 1. Average N = 0.955
2021-03-26 08:31:12,378 - INFO: 37250 move(s) completed (67 accepted (0.1799 %)). Current N = 1. Average N = 0.955
2021-03-26 08:31:21,936 - INFO: 37300 move(s) completed (67 accepted (0.1796 %)). Current N = 1. Average N = 0.955
2021-03-26 08:31:31,059 - INFO: 37350 move(s) completed (67 accepted (0.1794 %)). Current N = 1. Average N = 0.955
2021-03-26 08:31:40,399 - INFO: 37400 move(s) completed (67 accepted (0.1791 %)). Current N = 1. Average N = 0.955
2021-03-26 08:31:49,225 - INFO: 37450 move(s) completed (67 accepted (0.1789 %)). Current N = 1. Average N = 0.955
2021-03-26 08:31:58,183 - INFO: 37500 move(s) completed (69 accepted (0.1840 %)). Current N = 1. Average N = 0.955
2021-03-26 08:32:06,732 - INFO: 37550 move(s) completed (69 accepted (0.1838 %)). Current N = 1. Average N = 0.955
2021-03-26 08:32:15,637 - INFO: 37600 move(s) completed (69 accepted (0.1835 %)). Current N = 1. Average N = 0.955
2021-03-26 08:32:25,031 - INFO: 37650 move(s) completed (71 accepted (0.1886 %)). Current N = 1. Average N = 0.955
2021-03-26 08:32:34,200 - INFO: 37700 move(s) completed (71 accepted (0.1883 %)). Current N = 1. Average N = 0.955
2021-03-26 08:32:43,375 - INFO: 37750 move(s) completed (71 accepted (0.1881 %)). Current N = 1. Average N = 0.955
2021-03-26 08:32:52,092 - INFO: 37800 move(s) completed (71 accepted (0.1878 %)). Current N = 1. Average N = 0.956
2021-03-26 08:33:00,856 - INFO: 37850 move(s) completed (71 accepted (0.1876 %)). Current N = 1. Average N = 0.956
2021-03-26 08:33:10,383 - INFO: 37900 move(s) completed (71 accepted (0.1873 %)). Current N = 1. Average N = 0.956
2021-03-26 08:33:19,390 - INFO: 37950 move(s) completed (71 accepted (0.1871 %)). Current N = 1. Average N = 0.956
2021-03-26 08:33:28,625 - INFO: 38000 move(s) completed (71 accepted (0.1868 %)). Current N = 1. Average N = 0.956
2021-03-26 08:33:37,419 - INFO: 38050 move(s) completed (71 accepted (0.1866 %)). Current N = 1. Average N = 0.956
2021-03-26 08:33:46,573 - INFO: 38100 move(s) completed (71 accepted (0.1864 %)). Current N = 1. Average N = 0.956
2021-03-26 08:33:55,448 - INFO: 38150 move(s) completed (71 accepted (0.1861 %)). Current N = 1. Average N = 0.956
2021-03-26 08:34:04,280 - INFO: 38200 move(s) completed (71 accepted (0.1859 %)). Current N = 1. Average N = 0.956
2021-03-26 08:34:13,784 - INFO: 38250 move(s) completed (71 accepted (0.1856 %)). Current N = 1. Average N = 0.956
2021-03-26 08:34:22,416 - INFO: 38300 move(s) completed (71 accepted (0.1854 %)). Current N = 1. Average N = 0.956
2021-03-26 08:34:31,545 - INFO: 38350 move(s) completed (71 accepted (0.1851 %)). Current N = 1. Average N = 0.956
2021-03-26 08:34:40,446 - INFO: 38400 move(s) completed (71 accepted (0.1849 %)). Current N = 1. Average N = 0.956
2021-03-26 08:34:49,494 - INFO: 38450 move(s) completed (71 accepted (0.1847 %)). Current N = 1. Average N = 0.956
2021-03-26 08:34:58,733 - INFO: 38500 move(s) completed (71 accepted (0.1844 %)). Current N = 1. Average N = 0.956
2021-03-26 08:35:07,684 - INFO: 38550 move(s) completed (71 accepted (0.1842 %)). Current N = 1. Average N = 0.956
2021-03-26 08:35:17,022 - INFO: 38600 move(s) completed (71 accepted (0.1839 %)). Current N = 1. Average N = 0.956
2021-03-26 08:35:25,682 - INFO: 38650 move(s) completed (71 accepted (0.1837 %)). Current N = 1. Average N = 0.957
2021-03-26 08:35:34,755 - INFO: 38700 move(s) completed (71 accepted (0.1835 %)). Current N = 1. Average N = 0.957
2021-03-26 08:35:43,519 - INFO: 38750 move(s) completed (71 accepted (0.1832 %)). Current N = 1. Average N = 0.957
2021-03-26 08:35:52,377 - INFO: 38800 move(s) completed (71 accepted (0.1830 %)). Current N = 1. Average N = 0.957
2021-03-26 08:36:01,441 - INFO: 38850 move(s) completed (71 accepted (0.1828 %)). Current N = 1. Average N = 0.957
2021-03-26 08:36:10,413 - INFO: 38900 move(s) completed (71 accepted (0.1825 %)). Current N = 1. Average N = 0.957
2021-03-26 08:36:19,832 - INFO: 38950 move(s) completed (71 accepted (0.1823 %)). Current N = 1. Average N = 0.957
2021-03-26 08:36:28,465 - INFO: 39000 move(s) completed (71 accepted (0.1821 %)). Current N = 1. Average N = 0.957
2021-03-26 08:36:37,424 - INFO: 39050 move(s) completed (71 accepted (0.1818 %)). Current N = 1. Average N = 0.957
2021-03-26 08:36:46,805 - INFO: 39100 move(s) completed (71 accepted (0.1816 %)). Current N = 1. Average N = 0.957
2021-03-26 08:36:55,581 - INFO: 39150 move(s) completed (71 accepted (0.1814 %)). Current N = 1. Average N = 0.957
2021-03-26 08:37:05,086 - INFO: 39200 move(s) completed (71 accepted (0.1811 %)). Current N = 1. Average N = 0.957
2021-03-26 08:37:13,991 - INFO: 39250 move(s) completed (71 accepted (0.1809 %)). Current N = 1. Average N = 0.957
2021-03-26 08:37:23,054 - INFO: 39300 move(s) completed (71 accepted (0.1807 %)). Current N = 1. Average N = 0.957
2021-03-26 08:37:31,693 - INFO: 39350 move(s) completed (71 accepted (0.1804 %)). Current N = 1. Average N = 0.957
2021-03-26 08:37:41,016 - INFO: 39400 move(s) completed (71 accepted (0.1802 %)). Current N = 1. Average N = 0.957
2021-03-26 08:37:50,579 - INFO: 39450 move(s) completed (71 accepted (0.1800 %)). Current N = 1. Average N = 0.957
2021-03-26 08:37:59,400 - INFO: 39500 move(s) completed (71 accepted (0.1797 %)). Current N = 1. Average N = 0.957
2021-03-26 08:38:08,652 - INFO: 39550 move(s) completed (71 accepted (0.1795 %)). Current N = 1. Average N = 0.958
2021-03-26 08:38:17,352 - INFO: 39600 move(s) completed (71 accepted (0.1793 %)). Current N = 1. Average N = 0.958
2021-03-26 08:38:26,269 - INFO: 39650 move(s) completed (71 accepted (0.1791 %)). Current N = 1. Average N = 0.958
2021-03-26 08:38:35,828 - INFO: 39700 move(s) completed (71 accepted (0.1788 %)). Current N = 1. Average N = 0.958
2021-03-26 08:38:44,931 - INFO: 39750 move(s) completed (71 accepted (0.1786 %)). Current N = 1. Average N = 0.958
2021-03-26 08:38:54,336 - INFO: 39800 move(s) completed (71 accepted (0.1784 %)). Current N = 1. Average N = 0.958
2021-03-26 08:39:02,984 - INFO: 39850 move(s) completed (71 accepted (0.1782 %)). Current N = 1. Average N = 0.958
2021-03-26 08:39:12,208 - INFO: 39900 move(s) completed (71 accepted (0.1779 %)). Current N = 1. Average N = 0.958
2021-03-26 08:39:21,454 - INFO: 39950 move(s) completed (71 accepted (0.1777 %)). Current N = 1. Average N = 0.958
2021-03-26 08:39:30,033 - INFO: 40000 move(s) completed (71 accepted (0.1775 %)). Current N = 1. Average N = 0.958
2021-03-26 08:39:39,198 - INFO: 40050 move(s) completed (71 accepted (0.1773 %)). Current N = 1. Average N = 0.958
2021-03-26 08:39:47,763 - INFO: 40100 move(s) completed (71 accepted (0.1771 %)). Current N = 1. Average N = 0.958
2021-03-26 08:39:56,722 - INFO: 40150 move(s) completed (71 accepted (0.1768 %)). Current N = 1. Average N = 0.958
2021-03-26 08:40:05,502 - INFO: 40200 move(s) completed (71 accepted (0.1766 %)). Current N = 1. Average N = 0.958
