2021-03-25 03:41:35,510 - INFO: kT = 0.5921875708469466 kcal/mol
2021-03-25 03:41:40,991 - INFO: BaseGrandCanonicalMonteCarloSampler object initialised
2021-03-25 03:41:40,992 - INFO: GCMC sphere is based on reference atom IDs: [887, 1837]
2021-03-25 03:41:40,992 - INFO: GCMC sphere radius is 6 A
2021-03-25 03:41:40,993 - INFO: Simulating at an Adams (B) value of -6.888845176169922
2021-03-25 03:41:40,993 - INFO: GCMCSphereSampler object initialised
2021-03-25 03:41:40,993 - INFO: Each NCMC move will be executed over a total of 13.0 ps
2021-03-25 03:41:40,993 - INFO: NonequilibriumGCMCSphereSampler object initialised
2021-03-25 03:41:54,293 - INFO: 1 move(s) completed (0 accepted (0.0000 %)). Current N = 0. Average N = 0.000
2021-03-25 03:41:59,891 - INFO: 2 move(s) completed (0 accepted (0.0000 %)). Current N = 0. Average N = 0.000
2021-03-25 03:42:24,004 - INFO: Move rejected due to water leaving the GCMC sphere
2021-03-25 03:42:27,717 - INFO: 3 move(s) completed (0 accepted (0.0000 %)). Current N = 0. Average N = 0.000
2021-03-25 03:42:33,426 - INFO: 4 move(s) completed (0 accepted (0.0000 %)). Current N = 0. Average N = 0.000
2021-03-25 03:42:39,184 - INFO: 5 move(s) completed (0 accepted (0.0000 %)). Current N = 0. Average N = 0.000
2021-03-25 03:42:44,729 - INFO: 6 move(s) completed (0 accepted (0.0000 %)). Current N = 0. Average N = 0.000
2021-03-25 03:42:50,427 - INFO: 7 move(s) completed (0 accepted (0.0000 %)). Current N = 0. Average N = 0.000
2021-03-25 03:43:14,483 - INFO: Move rejected due to water leaving the GCMC sphere
2021-03-25 03:43:18,112 - INFO: 8 move(s) completed (0 accepted (0.0000 %)). Current N = 0. Average N = 0.000
2021-03-25 03:43:24,131 - INFO: 9 move(s) completed (0 accepted (0.0000 %)). Current N = 0. Average N = 0.000
2021-03-25 03:43:29,962 - INFO: 10 move(s) completed (0 accepted (0.0000 %)). Current N = 0. Average N = 0.000
2021-03-25 03:43:35,874 - INFO: 11 move(s) completed (0 accepted (0.0000 %)). Current N = 0. Average N = 0.000
2021-03-25 03:44:02,929 - INFO: 12 move(s) completed (0 accepted (0.0000 %)). Current N = 0. Average N = 0.000
2021-03-25 03:44:08,595 - INFO: 13 move(s) completed (0 accepted (0.0000 %)). Current N = 0. Average N = 0.000
2021-03-25 03:44:32,019 - INFO: Move rejected due to water leaving the GCMC sphere
2021-03-25 03:44:35,722 - INFO: 14 move(s) completed (0 accepted (0.0000 %)). Current N = 0. Average N = 0.000
2021-03-25 03:44:59,327 - INFO: Move rejected due to water leaving the GCMC sphere
2021-03-25 03:45:03,101 - INFO: 15 move(s) completed (0 accepted (0.0000 %)). Current N = 0. Average N = 0.000
2021-03-25 03:45:26,996 - INFO: Move rejected due to water leaving the GCMC sphere
2021-03-25 03:45:30,632 - INFO: 16 move(s) completed (0 accepted (0.0000 %)). Current N = 0. Average N = 0.000
2021-03-25 03:45:36,650 - INFO: 17 move(s) completed (0 accepted (0.0000 %)). Current N = 0. Average N = 0.000
2021-03-25 03:45:42,548 - INFO: 18 move(s) completed (0 accepted (0.0000 %)). Current N = 0. Average N = 0.000
2021-03-25 03:45:48,166 - INFO: 19 move(s) completed (0 accepted (0.0000 %)). Current N = 0. Average N = 0.000
2021-03-25 03:45:54,017 - INFO: 20 move(s) completed (0 accepted (0.0000 %)). Current N = 0. Average N = 0.000
2021-03-25 03:45:59,708 - INFO: 21 move(s) completed (0 accepted (0.0000 %)). Current N = 0. Average N = 0.000
2021-03-25 03:46:27,185 - INFO: 22 move(s) completed (1 accepted (4.5455 %)). Current N = 1. Average N = 0.045
2021-03-25 03:46:50,514 - INFO: Move rejected due to water leaving the GCMC sphere
2021-03-25 03:46:54,144 - INFO: 23 move(s) completed (1 accepted (4.3478 %)). Current N = 1. Average N = 0.087
2021-03-25 03:47:21,801 - INFO: 24 move(s) completed (1 accepted (4.1667 %)). Current N = 1. Average N = 0.125
2021-03-25 03:47:49,710 - INFO: 25 move(s) completed (1 accepted (4.0000 %)). Current N = 1. Average N = 0.160
2021-03-25 03:48:16,824 - INFO: 26 move(s) completed (1 accepted (3.8462 %)). Current N = 1. Average N = 0.192
2021-03-25 03:48:40,417 - INFO: Move rejected due to water leaving the GCMC sphere
2021-03-25 03:48:44,224 - INFO: 27 move(s) completed (1 accepted (3.7037 %)). Current N = 1. Average N = 0.222
2021-03-25 03:49:11,615 - INFO: 28 move(s) completed (1 accepted (3.5714 %)). Current N = 1. Average N = 0.250
2021-03-25 03:49:38,834 - INFO: 29 move(s) completed (1 accepted (3.4483 %)). Current N = 1. Average N = 0.276
2021-03-25 03:50:02,826 - INFO: Move rejected due to water leaving the GCMC sphere
2021-03-25 03:50:06,535 - INFO: 30 move(s) completed (1 accepted (3.3333 %)). Current N = 1. Average N = 0.300
2021-03-25 03:50:30,631 - INFO: Move rejected due to water leaving the GCMC sphere
2021-03-25 03:50:34,395 - INFO: 31 move(s) completed (1 accepted (3.2258 %)). Current N = 1. Average N = 0.323
2021-03-25 03:50:58,399 - INFO: Move rejected due to water leaving the GCMC sphere
2021-03-25 03:51:02,207 - INFO: 32 move(s) completed (1 accepted (3.1250 %)). Current N = 1. Average N = 0.344
2021-03-25 03:51:26,480 - INFO: Move rejected due to water leaving the GCMC sphere
2021-03-25 03:51:30,157 - INFO: 33 move(s) completed (1 accepted (3.0303 %)). Current N = 1. Average N = 0.364
2021-03-25 03:51:54,399 - INFO: Move rejected due to water leaving the GCMC sphere
2021-03-25 03:51:58,010 - INFO: 34 move(s) completed (1 accepted (2.9412 %)). Current N = 1. Average N = 0.382
2021-03-25 03:52:25,117 - INFO: 35 move(s) completed (1 accepted (2.8571 %)). Current N = 1. Average N = 0.400
2021-03-25 03:52:52,047 - INFO: 36 move(s) completed (1 accepted (2.7778 %)). Current N = 1. Average N = 0.417
2021-03-25 03:53:15,111 - INFO: Move rejected due to water leaving the GCMC sphere
2021-03-25 03:53:18,701 - INFO: 37 move(s) completed (1 accepted (2.7027 %)). Current N = 1. Average N = 0.432
2021-03-25 03:53:42,092 - INFO: Move rejected due to water leaving the GCMC sphere
2021-03-25 03:53:45,843 - INFO: 38 move(s) completed (1 accepted (2.6316 %)). Current N = 1. Average N = 0.447
2021-03-25 03:54:09,243 - INFO: Move rejected due to water leaving the GCMC sphere
2021-03-25 03:54:12,955 - INFO: 39 move(s) completed (1 accepted (2.5641 %)). Current N = 1. Average N = 0.462
2021-03-25 03:54:40,730 - INFO: 40 move(s) completed (1 accepted (2.5000 %)). Current N = 1. Average N = 0.475
2021-03-25 03:55:04,966 - INFO: Move rejected due to water leaving the GCMC sphere
2021-03-25 03:55:08,667 - INFO: 41 move(s) completed (1 accepted (2.4390 %)). Current N = 1. Average N = 0.488
2021-03-25 03:55:32,757 - INFO: Move rejected due to water leaving the GCMC sphere
2021-03-25 03:55:36,574 - INFO: 42 move(s) completed (1 accepted (2.3810 %)). Current N = 1. Average N = 0.500
2021-03-25 03:56:00,778 - INFO: Move rejected due to water leaving the GCMC sphere
2021-03-25 03:56:04,494 - INFO: 43 move(s) completed (1 accepted (2.3256 %)). Current N = 1. Average N = 0.512
2021-03-25 03:56:31,764 - INFO: 44 move(s) completed (1 accepted (2.2727 %)). Current N = 1. Average N = 0.523
2021-03-25 03:56:59,021 - INFO: 45 move(s) completed (1 accepted (2.2222 %)). Current N = 1. Average N = 0.533
2021-03-25 03:57:22,613 - INFO: Move rejected due to water leaving the GCMC sphere
2021-03-25 03:57:26,262 - INFO: 46 move(s) completed (1 accepted (2.1739 %)). Current N = 1. Average N = 0.543
2021-03-25 03:57:53,317 - INFO: 47 move(s) completed (1 accepted (2.1277 %)). Current N = 1. Average N = 0.553
2021-03-25 03:58:17,313 - INFO: Move rejected due to water leaving the GCMC sphere
2021-03-25 03:58:20,992 - INFO: 48 move(s) completed (1 accepted (2.0833 %)). Current N = 1. Average N = 0.562
2021-03-25 03:58:44,806 - INFO: Move rejected due to water leaving the GCMC sphere
2021-03-25 03:58:48,410 - INFO: 49 move(s) completed (1 accepted (2.0408 %)). Current N = 1. Average N = 0.571
2021-03-25 03:59:12,293 - INFO: Move rejected due to water leaving the GCMC sphere
2021-03-25 03:59:15,786 - INFO: 50 move(s) completed (1 accepted (2.0000 %)). Current N = 1. Average N = 0.580
2021-03-25 03:59:39,857 - INFO: Move rejected due to water leaving the GCMC sphere
2021-03-25 03:59:43,334 - INFO: 51 move(s) completed (1 accepted (1.9608 %)). Current N = 1. Average N = 0.588
2021-03-25 04:00:07,599 - INFO: Move rejected due to water leaving the GCMC sphere
2021-03-25 04:00:11,150 - INFO: 52 move(s) completed (1 accepted (1.9231 %)). Current N = 1. Average N = 0.596
2021-03-25 04:00:34,682 - INFO: Move rejected due to water leaving the GCMC sphere
2021-03-25 04:00:38,397 - INFO: 53 move(s) completed (1 accepted (1.8868 %)). Current N = 1. Average N = 0.604
2021-03-25 04:01:01,798 - INFO: Move rejected due to water leaving the GCMC sphere
2021-03-25 04:01:05,509 - INFO: 54 move(s) completed (1 accepted (1.8519 %)). Current N = 1. Average N = 0.611
2021-03-25 04:01:29,021 - INFO: Move rejected due to water leaving the GCMC sphere
2021-03-25 04:01:32,721 - INFO: 55 move(s) completed (1 accepted (1.8182 %)). Current N = 1. Average N = 0.618
2021-03-25 04:01:56,054 - INFO: Move rejected due to water leaving the GCMC sphere
2021-03-25 04:01:59,874 - INFO: 56 move(s) completed (1 accepted (1.7857 %)). Current N = 1. Average N = 0.625
2021-03-25 04:02:23,414 - INFO: Move rejected due to water leaving the GCMC sphere
2021-03-25 04:02:27,118 - INFO: 57 move(s) completed (1 accepted (1.7544 %)). Current N = 1. Average N = 0.632
2021-03-25 04:02:51,180 - INFO: Move rejected due to water leaving the GCMC sphere
2021-03-25 04:02:54,900 - INFO: 58 move(s) completed (1 accepted (1.7241 %)). Current N = 1. Average N = 0.638
2021-03-25 04:03:18,953 - INFO: Move rejected due to water leaving the GCMC sphere
2021-03-25 04:03:22,658 - INFO: 59 move(s) completed (1 accepted (1.6949 %)). Current N = 1. Average N = 0.644
2021-03-25 04:03:46,005 - INFO: Move rejected due to water leaving the GCMC sphere
2021-03-25 04:03:49,514 - INFO: 60 move(s) completed (1 accepted (1.6667 %)). Current N = 1. Average N = 0.650
2021-03-25 04:04:12,965 - INFO: Move rejected due to water leaving the GCMC sphere
2021-03-25 04:04:16,476 - INFO: 61 move(s) completed (1 accepted (1.6393 %)). Current N = 1. Average N = 0.656
2021-03-25 04:04:43,194 - INFO: 62 move(s) completed (1 accepted (1.6129 %)). Current N = 1. Average N = 0.661
2021-03-25 04:05:06,707 - INFO: Move rejected due to water leaving the GCMC sphere
2021-03-25 04:05:10,202 - INFO: 63 move(s) completed (1 accepted (1.5873 %)). Current N = 1. Average N = 0.667
2021-03-25 04:05:33,679 - INFO: Move rejected due to water leaving the GCMC sphere
2021-03-25 04:05:37,298 - INFO: 64 move(s) completed (1 accepted (1.5625 %)). Current N = 1. Average N = 0.672
2021-03-25 04:06:01,076 - INFO: Move rejected due to water leaving the GCMC sphere
2021-03-25 04:06:04,518 - INFO: 65 move(s) completed (1 accepted (1.5385 %)). Current N = 1. Average N = 0.677
2021-03-25 04:06:32,069 - INFO: 66 move(s) completed (1 accepted (1.5152 %)). Current N = 1. Average N = 0.682
2021-03-25 04:06:59,332 - INFO: 67 move(s) completed (1 accepted (1.4925 %)). Current N = 1. Average N = 0.687
2021-03-25 04:07:27,276 - INFO: 68 move(s) completed (1 accepted (1.4706 %)). Current N = 1. Average N = 0.691
2021-03-25 04:07:55,054 - INFO: 69 move(s) completed (1 accepted (1.4493 %)). Current N = 1. Average N = 0.696
2021-03-25 04:08:22,279 - INFO: 70 move(s) completed (1 accepted (1.4286 %)). Current N = 1. Average N = 0.700
2021-03-25 04:08:45,744 - INFO: Move rejected due to water leaving the GCMC sphere
2021-03-25 04:08:49,458 - INFO: 71 move(s) completed (1 accepted (1.4085 %)). Current N = 1. Average N = 0.704
2021-03-25 04:09:16,680 - INFO: 72 move(s) completed (1 accepted (1.3889 %)). Current N = 1. Average N = 0.708
2021-03-25 04:09:40,161 - INFO: Move rejected due to water leaving the GCMC sphere
2021-03-25 04:09:43,744 - INFO: 73 move(s) completed (1 accepted (1.3699 %)). Current N = 1. Average N = 0.712
2021-03-25 04:10:07,558 - INFO: Move rejected due to water leaving the GCMC sphere
2021-03-25 04:10:11,018 - INFO: 74 move(s) completed (1 accepted (1.3514 %)). Current N = 1. Average N = 0.716
2021-03-25 04:10:34,947 - INFO: Move rejected due to water leaving the GCMC sphere
2021-03-25 04:10:38,427 - INFO: 75 move(s) completed (1 accepted (1.3333 %)). Current N = 1. Average N = 0.720
2021-03-25 04:11:05,801 - INFO: 76 move(s) completed (1 accepted (1.3158 %)). Current N = 1. Average N = 0.724
2021-03-25 04:11:29,201 - INFO: Move rejected due to water leaving the GCMC sphere
2021-03-25 04:11:32,771 - INFO: 77 move(s) completed (1 accepted (1.2987 %)). Current N = 1. Average N = 0.727
2021-03-25 04:11:59,582 - INFO: 78 move(s) completed (1 accepted (1.2821 %)). Current N = 1. Average N = 0.731
2021-03-25 04:12:27,682 - INFO: 79 move(s) completed (1 accepted (1.2658 %)). Current N = 1. Average N = 0.734
2021-03-25 04:12:51,097 - INFO: Move rejected due to water leaving the GCMC sphere
2021-03-25 04:12:54,807 - INFO: 80 move(s) completed (1 accepted (1.2500 %)). Current N = 1. Average N = 0.738
2021-03-25 04:13:18,247 - INFO: Move rejected due to water leaving the GCMC sphere
2021-03-25 04:13:22,036 - INFO: 81 move(s) completed (1 accepted (1.2346 %)). Current N = 1. Average N = 0.741
2021-03-25 04:13:49,003 - INFO: 82 move(s) completed (1 accepted (1.2195 %)). Current N = 1. Average N = 0.744
2021-03-25 04:14:16,539 - INFO: 83 move(s) completed (1 accepted (1.2048 %)). Current N = 1. Average N = 0.747
2021-03-25 04:14:44,367 - INFO: 84 move(s) completed (1 accepted (1.1905 %)). Current N = 1. Average N = 0.750
2021-03-25 04:15:08,634 - INFO: Move rejected due to water leaving the GCMC sphere
2021-03-25 04:15:12,347 - INFO: 85 move(s) completed (1 accepted (1.1765 %)). Current N = 1. Average N = 0.753
2021-03-25 04:15:39,390 - INFO: 86 move(s) completed (1 accepted (1.1628 %)). Current N = 1. Average N = 0.756
2021-03-25 04:16:03,377 - INFO: Move rejected due to water leaving the GCMC sphere
2021-03-25 04:16:07,051 - INFO: 87 move(s) completed (1 accepted (1.1494 %)). Current N = 1. Average N = 0.759
2021-03-25 04:16:31,266 - INFO: Move rejected due to water leaving the GCMC sphere
2021-03-25 04:16:34,641 - INFO: 88 move(s) completed (1 accepted (1.1364 %)). Current N = 1. Average N = 0.761
2021-03-25 04:16:58,241 - INFO: Move rejected due to water leaving the GCMC sphere
2021-03-25 04:17:01,803 - INFO: 89 move(s) completed (1 accepted (1.1236 %)). Current N = 1. Average N = 0.764
2021-03-25 04:17:25,381 - INFO: Move rejected due to water leaving the GCMC sphere
2021-03-25 04:17:28,883 - INFO: 90 move(s) completed (1 accepted (1.1111 %)). Current N = 1. Average N = 0.767
2021-03-25 04:17:52,526 - INFO: Move rejected due to water leaving the GCMC sphere
2021-03-25 04:17:55,930 - INFO: 91 move(s) completed (1 accepted (1.0989 %)). Current N = 1. Average N = 0.769
2021-03-25 04:18:19,853 - INFO: Move rejected due to water leaving the GCMC sphere
2021-03-25 04:18:23,525 - INFO: 92 move(s) completed (1 accepted (1.0870 %)). Current N = 1. Average N = 0.772
2021-03-25 04:18:51,100 - INFO: 93 move(s) completed (1 accepted (1.0753 %)). Current N = 1. Average N = 0.774
2021-03-25 04:19:18,736 - INFO: 94 move(s) completed (1 accepted (1.0638 %)). Current N = 1. Average N = 0.777
2021-03-25 04:19:42,685 - INFO: Move rejected due to water leaving the GCMC sphere
2021-03-25 04:19:46,392 - INFO: 95 move(s) completed (1 accepted (1.0526 %)). Current N = 1. Average N = 0.779
2021-03-25 04:20:10,465 - INFO: Move rejected due to water leaving the GCMC sphere
2021-03-25 04:20:14,181 - INFO: 96 move(s) completed (1 accepted (1.0417 %)). Current N = 1. Average N = 0.781
2021-03-25 04:20:38,386 - INFO: Move rejected due to water leaving the GCMC sphere
2021-03-25 04:20:42,200 - INFO: 97 move(s) completed (1 accepted (1.0309 %)). Current N = 1. Average N = 0.783
2021-03-25 04:21:05,708 - INFO: Move rejected due to water leaving the GCMC sphere
2021-03-25 04:21:09,422 - INFO: 98 move(s) completed (1 accepted (1.0204 %)). Current N = 1. Average N = 0.786
2021-03-25 04:21:33,332 - INFO: Move rejected due to water leaving the GCMC sphere
2021-03-25 04:21:37,148 - INFO: 99 move(s) completed (1 accepted (1.0101 %)). Current N = 1. Average N = 0.788
2021-03-25 04:22:04,507 - INFO: 100 move(s) completed (1 accepted (1.0000 %)). Current N = 1. Average N = 0.790
2021-03-25 04:22:28,176 - INFO: Move rejected due to water leaving the GCMC sphere
2021-03-25 04:22:31,887 - INFO: 101 move(s) completed (1 accepted (0.9901 %)). Current N = 1. Average N = 0.792
2021-03-25 04:22:59,122 - INFO: 102 move(s) completed (1 accepted (0.9804 %)). Current N = 1. Average N = 0.794
2021-03-25 04:23:23,169 - INFO: Move rejected due to water leaving the GCMC sphere
2021-03-25 04:23:26,734 - INFO: 103 move(s) completed (1 accepted (0.9709 %)). Current N = 1. Average N = 0.796
2021-03-25 04:23:50,776 - INFO: Move rejected due to water leaving the GCMC sphere
2021-03-25 04:23:54,333 - INFO: 104 move(s) completed (1 accepted (0.9615 %)). Current N = 1. Average N = 0.798
2021-03-25 04:24:21,333 - INFO: 105 move(s) completed (1 accepted (0.9524 %)). Current N = 1. Average N = 0.800
2021-03-25 04:24:44,675 - INFO: Move rejected due to water leaving the GCMC sphere
2021-03-25 04:24:48,240 - INFO: 106 move(s) completed (1 accepted (0.9434 %)). Current N = 1. Average N = 0.802
2021-03-25 04:25:15,088 - INFO: 107 move(s) completed (1 accepted (0.9346 %)). Current N = 1. Average N = 0.804
2021-03-25 04:25:42,100 - INFO: 108 move(s) completed (1 accepted (0.9259 %)). Current N = 1. Average N = 0.806
2021-03-25 04:26:09,300 - INFO: 109 move(s) completed (1 accepted (0.9174 %)). Current N = 1. Average N = 0.807
2021-03-25 04:26:36,374 - INFO: 110 move(s) completed (1 accepted (0.9091 %)). Current N = 1. Average N = 0.809
2021-03-25 04:27:03,602 - INFO: 111 move(s) completed (1 accepted (0.9009 %)). Current N = 1. Average N = 0.811
2021-03-25 04:27:31,515 - INFO: 112 move(s) completed (1 accepted (0.8929 %)). Current N = 1. Average N = 0.812
2021-03-25 04:27:58,701 - INFO: 113 move(s) completed (1 accepted (0.8850 %)). Current N = 1. Average N = 0.814
2021-03-25 04:28:22,833 - INFO: Move rejected due to water leaving the GCMC sphere
2021-03-25 04:28:26,497 - INFO: 114 move(s) completed (1 accepted (0.8772 %)). Current N = 1. Average N = 0.816
2021-03-25 04:28:50,784 - INFO: Move rejected due to water leaving the GCMC sphere
2021-03-25 04:28:54,455 - INFO: 115 move(s) completed (1 accepted (0.8696 %)). Current N = 1. Average N = 0.817
2021-03-25 04:29:17,825 - INFO: Move rejected due to water leaving the GCMC sphere
2021-03-25 04:29:21,463 - INFO: 116 move(s) completed (1 accepted (0.8621 %)). Current N = 1. Average N = 0.819
2021-03-25 04:29:45,121 - INFO: Move rejected due to water leaving the GCMC sphere
2021-03-25 04:29:48,665 - INFO: 117 move(s) completed (1 accepted (0.8547 %)). Current N = 1. Average N = 0.821
2021-03-25 04:30:15,526 - INFO: 118 move(s) completed (1 accepted (0.8475 %)). Current N = 1. Average N = 0.822
2021-03-25 04:30:42,653 - INFO: 119 move(s) completed (1 accepted (0.8403 %)). Current N = 1. Average N = 0.824
2021-03-25 04:31:10,009 - INFO: 120 move(s) completed (1 accepted (0.8333 %)). Current N = 1. Average N = 0.825
2021-03-25 04:31:37,102 - INFO: 121 move(s) completed (1 accepted (0.8264 %)). Current N = 1. Average N = 0.826
2021-03-25 04:32:01,110 - INFO: Move rejected due to water leaving the GCMC sphere
2021-03-25 04:32:04,819 - INFO: 122 move(s) completed (1 accepted (0.8197 %)). Current N = 1. Average N = 0.828
2021-03-25 04:32:28,888 - INFO: Move rejected due to water leaving the GCMC sphere
2021-03-25 04:32:32,596 - INFO: 123 move(s) completed (1 accepted (0.8130 %)). Current N = 1. Average N = 0.829
2021-03-25 04:33:00,497 - INFO: 124 move(s) completed (1 accepted (0.8065 %)). Current N = 1. Average N = 0.831
2021-03-25 04:33:23,893 - INFO: Move rejected due to water leaving the GCMC sphere
2021-03-25 04:33:27,705 - INFO: 125 move(s) completed (1 accepted (0.8000 %)). Current N = 1. Average N = 0.832
2021-03-25 04:33:51,461 - INFO: Move rejected due to water leaving the GCMC sphere
2021-03-25 04:33:55,251 - INFO: 126 move(s) completed (1 accepted (0.7937 %)). Current N = 1. Average N = 0.833
2021-03-25 04:34:22,924 - INFO: 127 move(s) completed (1 accepted (0.7874 %)). Current N = 1. Average N = 0.835
2021-03-25 04:34:46,754 - INFO: Move rejected due to water leaving the GCMC sphere
2021-03-25 04:34:50,466 - INFO: 128 move(s) completed (1 accepted (0.7812 %)). Current N = 1. Average N = 0.836
2021-03-25 04:35:13,850 - INFO: Move rejected due to water leaving the GCMC sphere
2021-03-25 04:35:17,630 - INFO: 129 move(s) completed (1 accepted (0.7752 %)). Current N = 1. Average N = 0.837
2021-03-25 04:35:44,441 - INFO: 130 move(s) completed (1 accepted (0.7692 %)). Current N = 1. Average N = 0.839
2021-03-25 04:36:11,334 - INFO: 131 move(s) completed (1 accepted (0.7634 %)). Current N = 1. Average N = 0.840
2021-03-25 04:36:35,380 - INFO: Move rejected due to water leaving the GCMC sphere
2021-03-25 04:36:38,977 - INFO: 132 move(s) completed (1 accepted (0.7576 %)). Current N = 1. Average N = 0.841
2021-03-25 04:37:02,850 - INFO: Move rejected due to water leaving the GCMC sphere
2021-03-25 04:37:06,382 - INFO: 133 move(s) completed (1 accepted (0.7519 %)). Current N = 1. Average N = 0.842
2021-03-25 04:37:29,886 - INFO: Move rejected due to water leaving the GCMC sphere
2021-03-25 04:37:33,498 - INFO: 134 move(s) completed (1 accepted (0.7463 %)). Current N = 1. Average N = 0.843
2021-03-25 04:38:00,744 - INFO: 135 move(s) completed (1 accepted (0.7407 %)). Current N = 1. Average N = 0.844
2021-03-25 04:38:24,451 - INFO: Move rejected due to water leaving the GCMC sphere
2021-03-25 04:38:28,158 - INFO: 136 move(s) completed (1 accepted (0.7353 %)). Current N = 1. Average N = 0.846
2021-03-25 04:38:51,912 - INFO: Move rejected due to water leaving the GCMC sphere
2021-03-25 04:38:55,609 - INFO: 137 move(s) completed (1 accepted (0.7299 %)). Current N = 1. Average N = 0.847
2021-03-25 04:39:22,594 - INFO: 138 move(s) completed (1 accepted (0.7246 %)). Current N = 1. Average N = 0.848
2021-03-25 04:39:49,862 - INFO: 139 move(s) completed (1 accepted (0.7194 %)). Current N = 1. Average N = 0.849
2021-03-25 04:40:14,046 - INFO: Move rejected due to water leaving the GCMC sphere
2021-03-25 04:40:17,749 - INFO: 140 move(s) completed (1 accepted (0.7143 %)). Current N = 1. Average N = 0.850
2021-03-25 04:40:41,951 - INFO: Move rejected due to water leaving the GCMC sphere
2021-03-25 04:40:45,655 - INFO: 141 move(s) completed (1 accepted (0.7092 %)). Current N = 1. Average N = 0.851
2021-03-25 04:41:08,814 - INFO: Move rejected due to water leaving the GCMC sphere
2021-03-25 04:41:12,362 - INFO: 142 move(s) completed (1 accepted (0.7042 %)). Current N = 1. Average N = 0.852
2021-03-25 04:41:35,777 - INFO: Move rejected due to water leaving the GCMC sphere
2021-03-25 04:41:39,258 - INFO: 143 move(s) completed (1 accepted (0.6993 %)). Current N = 1. Average N = 0.853
2021-03-25 04:42:02,678 - INFO: Move rejected due to water leaving the GCMC sphere
2021-03-25 04:42:06,360 - INFO: 144 move(s) completed (1 accepted (0.6944 %)). Current N = 1. Average N = 0.854
2021-03-25 04:42:29,820 - INFO: Move rejected due to water leaving the GCMC sphere
2021-03-25 04:42:33,228 - INFO: 145 move(s) completed (1 accepted (0.6897 %)). Current N = 1. Average N = 0.855
2021-03-25 04:42:56,902 - INFO: Move rejected due to water leaving the GCMC sphere
2021-03-25 04:43:00,292 - INFO: 146 move(s) completed (1 accepted (0.6849 %)). Current N = 1. Average N = 0.856
2021-03-25 04:43:23,669 - INFO: Move rejected due to water leaving the GCMC sphere
2021-03-25 04:43:27,144 - INFO: 147 move(s) completed (1 accepted (0.6803 %)). Current N = 1. Average N = 0.857
2021-03-25 04:43:51,139 - INFO: Move rejected due to water leaving the GCMC sphere
2021-03-25 04:43:54,709 - INFO: 148 move(s) completed (1 accepted (0.6757 %)). Current N = 1. Average N = 0.858
2021-03-25 04:44:18,664 - INFO: Move rejected due to water leaving the GCMC sphere
2021-03-25 04:44:22,360 - INFO: 149 move(s) completed (1 accepted (0.6711 %)). Current N = 1. Average N = 0.859
2021-03-25 04:44:50,141 - INFO: 150 move(s) completed (1 accepted (0.6667 %)). Current N = 1. Average N = 0.860
2021-03-25 04:45:17,878 - INFO: 151 move(s) completed (1 accepted (0.6623 %)). Current N = 1. Average N = 0.861
2021-03-25 04:45:44,902 - INFO: 152 move(s) completed (1 accepted (0.6579 %)). Current N = 1. Average N = 0.862
2021-03-25 04:46:12,203 - INFO: 153 move(s) completed (1 accepted (0.6536 %)). Current N = 1. Average N = 0.863
2021-03-25 04:46:39,624 - INFO: 154 move(s) completed (1 accepted (0.6494 %)). Current N = 1. Average N = 0.864
2021-03-25 04:47:03,274 - INFO: Move rejected due to water leaving the GCMC sphere
2021-03-25 04:47:06,979 - INFO: 155 move(s) completed (1 accepted (0.6452 %)). Current N = 1. Average N = 0.865
2021-03-25 04:47:30,733 - INFO: Move rejected due to water leaving the GCMC sphere
2021-03-25 04:47:34,494 - INFO: 156 move(s) completed (1 accepted (0.6410 %)). Current N = 1. Average N = 0.865
2021-03-25 04:48:02,095 - INFO: 157 move(s) completed (1 accepted (0.6369 %)). Current N = 1. Average N = 0.866
2021-03-25 04:48:26,181 - INFO: Move rejected due to water leaving the GCMC sphere
2021-03-25 04:48:29,668 - INFO: 158 move(s) completed (1 accepted (0.6329 %)). Current N = 1. Average N = 0.867
2021-03-25 04:48:57,476 - INFO: 159 move(s) completed (1 accepted (0.6289 %)). Current N = 1. Average N = 0.868
2021-03-25 04:49:21,639 - INFO: Move rejected due to water leaving the GCMC sphere
2021-03-25 04:49:25,007 - INFO: 160 move(s) completed (1 accepted (0.6250 %)). Current N = 1. Average N = 0.869
2021-03-25 04:49:48,334 - INFO: Move rejected due to water leaving the GCMC sphere
2021-03-25 04:49:51,846 - INFO: 161 move(s) completed (1 accepted (0.6211 %)). Current N = 1. Average N = 0.870
2021-03-25 04:50:15,413 - INFO: Move rejected due to water leaving the GCMC sphere
2021-03-25 04:50:19,042 - INFO: 162 move(s) completed (1 accepted (0.6173 %)). Current N = 1. Average N = 0.870
2021-03-25 04:50:46,208 - INFO: 163 move(s) completed (1 accepted (0.6135 %)). Current N = 1. Average N = 0.871
2021-03-25 04:51:09,878 - INFO: Move rejected due to water leaving the GCMC sphere
2021-03-25 04:51:13,692 - INFO: 164 move(s) completed (1 accepted (0.6098 %)). Current N = 1. Average N = 0.872
2021-03-25 04:51:41,284 - INFO: 165 move(s) completed (1 accepted (0.6061 %)). Current N = 1. Average N = 0.873
2021-03-25 04:52:08,950 - INFO: 166 move(s) completed (1 accepted (0.6024 %)). Current N = 1. Average N = 0.874
2021-03-25 04:52:32,535 - INFO: Move rejected due to water leaving the GCMC sphere
2021-03-25 04:52:36,230 - INFO: 167 move(s) completed (1 accepted (0.5988 %)). Current N = 1. Average N = 0.874
2021-03-25 04:53:04,250 - INFO: 168 move(s) completed (1 accepted (0.5952 %)). Current N = 1. Average N = 0.875
2021-03-25 04:53:28,451 - INFO: Move rejected due to water leaving the GCMC sphere
2021-03-25 04:53:32,166 - INFO: 169 move(s) completed (1 accepted (0.5917 %)). Current N = 1. Average N = 0.876
2021-03-25 04:53:59,079 - INFO: 170 move(s) completed (1 accepted (0.5882 %)). Current N = 1. Average N = 0.876
2021-03-25 04:54:22,662 - INFO: Move rejected due to water leaving the GCMC sphere
2021-03-25 04:54:26,225 - INFO: 171 move(s) completed (1 accepted (0.5848 %)). Current N = 1. Average N = 0.877
2021-03-25 04:54:49,722 - INFO: Move rejected due to water leaving the GCMC sphere
2021-03-25 04:54:53,478 - INFO: 172 move(s) completed (1 accepted (0.5814 %)). Current N = 1. Average N = 0.878
2021-03-25 04:55:20,715 - INFO: 173 move(s) completed (1 accepted (0.5780 %)). Current N = 1. Average N = 0.879
2021-03-25 04:55:44,424 - INFO: Move rejected due to water leaving the GCMC sphere
2021-03-25 04:55:47,924 - INFO: 174 move(s) completed (1 accepted (0.5747 %)). Current N = 1. Average N = 0.879
2021-03-25 04:56:11,863 - INFO: Move rejected due to water leaving the GCMC sphere
2021-03-25 04:56:15,326 - INFO: 175 move(s) completed (1 accepted (0.5714 %)). Current N = 1. Average N = 0.880
2021-03-25 04:56:39,376 - INFO: Move rejected due to water leaving the GCMC sphere
2021-03-25 04:56:42,930 - INFO: 176 move(s) completed (1 accepted (0.5682 %)). Current N = 1. Average N = 0.881
2021-03-25 04:57:06,984 - INFO: Move rejected due to water leaving the GCMC sphere
2021-03-25 04:57:10,670 - INFO: 177 move(s) completed (1 accepted (0.5650 %)). Current N = 1. Average N = 0.881
2021-03-25 04:57:37,762 - INFO: 178 move(s) completed (1 accepted (0.5618 %)). Current N = 1. Average N = 0.882
2021-03-25 04:58:01,068 - INFO: Move rejected due to water leaving the GCMC sphere
2021-03-25 04:58:04,777 - INFO: 179 move(s) completed (1 accepted (0.5587 %)). Current N = 1. Average N = 0.883
2021-03-25 04:58:31,757 - INFO: 180 move(s) completed (1 accepted (0.5556 %)). Current N = 1. Average N = 0.883
2021-03-25 04:58:55,583 - INFO: Move rejected due to water leaving the GCMC sphere
2021-03-25 04:58:59,286 - INFO: 181 move(s) completed (1 accepted (0.5525 %)). Current N = 1. Average N = 0.884
2021-03-25 04:59:23,149 - INFO: Move rejected due to water leaving the GCMC sphere
2021-03-25 04:59:26,861 - INFO: 182 move(s) completed (1 accepted (0.5495 %)). Current N = 1. Average N = 0.885
2021-03-25 04:59:50,128 - INFO: Move rejected due to water leaving the GCMC sphere
2021-03-25 04:59:53,817 - INFO: 183 move(s) completed (1 accepted (0.5464 %)). Current N = 1. Average N = 0.885
2021-03-25 05:00:17,914 - INFO: Move rejected due to water leaving the GCMC sphere
2021-03-25 05:00:21,558 - INFO: 184 move(s) completed (1 accepted (0.5435 %)). Current N = 1. Average N = 0.886
2021-03-25 05:00:49,393 - INFO: 185 move(s) completed (1 accepted (0.5405 %)). Current N = 1. Average N = 0.886
2021-03-25 05:01:16,205 - INFO: 186 move(s) completed (1 accepted (0.5376 %)). Current N = 1. Average N = 0.887
2021-03-25 05:01:39,517 - INFO: Move rejected due to water leaving the GCMC sphere
2021-03-25 05:01:43,053 - INFO: 187 move(s) completed (1 accepted (0.5348 %)). Current N = 1. Average N = 0.888
2021-03-25 05:02:06,225 - INFO: Move rejected due to water leaving the GCMC sphere
2021-03-25 05:02:09,855 - INFO: 188 move(s) completed (1 accepted (0.5319 %)). Current N = 1. Average N = 0.888
2021-03-25 05:02:33,315 - INFO: Move rejected due to water leaving the GCMC sphere
2021-03-25 05:02:36,914 - INFO: 189 move(s) completed (1 accepted (0.5291 %)). Current N = 1. Average N = 0.889
2021-03-25 05:03:04,251 - INFO: 190 move(s) completed (1 accepted (0.5263 %)). Current N = 1. Average N = 0.889
2021-03-25 05:03:27,983 - INFO: Move rejected due to water leaving the GCMC sphere
2021-03-25 05:03:31,681 - INFO: 191 move(s) completed (1 accepted (0.5236 %)). Current N = 1. Average N = 0.890
2021-03-25 05:03:59,125 - INFO: 192 move(s) completed (1 accepted (0.5208 %)). Current N = 1. Average N = 0.891
2021-03-25 05:04:26,935 - INFO: 193 move(s) completed (1 accepted (0.5181 %)). Current N = 1. Average N = 0.891
2021-03-25 05:04:54,758 - INFO: 194 move(s) completed (1 accepted (0.5155 %)). Current N = 1. Average N = 0.892
2021-03-25 05:05:19,139 - INFO: Move rejected due to water leaving the GCMC sphere
2021-03-25 05:05:22,848 - INFO: 195 move(s) completed (1 accepted (0.5128 %)). Current N = 1. Average N = 0.892
2021-03-25 05:05:46,953 - INFO: Move rejected due to water leaving the GCMC sphere
2021-03-25 05:05:50,657 - INFO: 196 move(s) completed (1 accepted (0.5102 %)). Current N = 1. Average N = 0.893
2021-03-25 05:06:14,966 - INFO: Move rejected due to water leaving the GCMC sphere
2021-03-25 05:06:18,581 - INFO: 197 move(s) completed (1 accepted (0.5076 %)). Current N = 1. Average N = 0.893
2021-03-25 05:06:45,713 - INFO: 198 move(s) completed (1 accepted (0.5051 %)). Current N = 1. Average N = 0.894
2021-03-25 05:07:09,389 - INFO: Move rejected due to water leaving the GCMC sphere
2021-03-25 05:07:13,106 - INFO: 199 move(s) completed (1 accepted (0.5025 %)). Current N = 1. Average N = 0.894
2021-03-25 05:07:36,599 - INFO: Move rejected due to water leaving the GCMC sphere
2021-03-25 05:07:40,056 - INFO: 200 move(s) completed (1 accepted (0.5000 %)). Current N = 1. Average N = 0.895
2021-03-25 05:08:07,687 - INFO: 201 move(s) completed (1 accepted (0.4975 %)). Current N = 1. Average N = 0.895
2021-03-25 05:08:31,534 - INFO: Move rejected due to water leaving the GCMC sphere
2021-03-25 05:08:35,059 - INFO: 202 move(s) completed (1 accepted (0.4950 %)). Current N = 1. Average N = 0.896
2021-03-25 05:08:59,108 - INFO: Move rejected due to water leaving the GCMC sphere
2021-03-25 05:09:02,664 - INFO: 203 move(s) completed (1 accepted (0.4926 %)). Current N = 1. Average N = 0.897
2021-03-25 05:09:30,354 - INFO: 204 move(s) completed (1 accepted (0.4902 %)). Current N = 1. Average N = 0.897
2021-03-25 05:09:54,644 - INFO: Move rejected due to water leaving the GCMC sphere
2021-03-25 05:09:58,359 - INFO: 205 move(s) completed (1 accepted (0.4878 %)). Current N = 1. Average N = 0.898
2021-03-25 05:10:22,438 - INFO: Move rejected due to water leaving the GCMC sphere
2021-03-25 05:10:26,145 - INFO: 206 move(s) completed (1 accepted (0.4854 %)). Current N = 1. Average N = 0.898
2021-03-25 05:10:49,727 - INFO: Move rejected due to water leaving the GCMC sphere
2021-03-25 05:10:53,444 - INFO: 207 move(s) completed (1 accepted (0.4831 %)). Current N = 1. Average N = 0.899
2021-03-25 05:11:20,696 - INFO: 208 move(s) completed (1 accepted (0.4808 %)). Current N = 1. Average N = 0.899
2021-03-25 05:11:44,035 - INFO: Move rejected due to water leaving the GCMC sphere
2021-03-25 05:11:47,742 - INFO: 209 move(s) completed (1 accepted (0.4785 %)). Current N = 1. Average N = 0.899
2021-03-25 05:12:15,185 - INFO: 210 move(s) completed (1 accepted (0.4762 %)). Current N = 1. Average N = 0.900
2021-03-25 05:12:42,739 - INFO: 211 move(s) completed (1 accepted (0.4739 %)). Current N = 1. Average N = 0.900
2021-03-25 05:13:06,795 - INFO: Move rejected due to water leaving the GCMC sphere
2021-03-25 05:13:10,329 - INFO: 212 move(s) completed (1 accepted (0.4717 %)). Current N = 1. Average N = 0.901
2021-03-25 05:13:34,421 - INFO: Move rejected due to water leaving the GCMC sphere
2021-03-25 05:13:38,058 - INFO: 213 move(s) completed (1 accepted (0.4695 %)). Current N = 1. Average N = 0.901
2021-03-25 05:14:05,747 - INFO: 214 move(s) completed (1 accepted (0.4673 %)). Current N = 1. Average N = 0.902
2021-03-25 05:14:28,968 - INFO: Move rejected due to water leaving the GCMC sphere
2021-03-25 05:14:32,471 - INFO: 215 move(s) completed (1 accepted (0.4651 %)). Current N = 1. Average N = 0.902
2021-03-25 05:14:59,259 - INFO: 216 move(s) completed (1 accepted (0.4630 %)). Current N = 1. Average N = 0.903
2021-03-25 05:15:26,742 - INFO: 217 move(s) completed (1 accepted (0.4608 %)). Current N = 1. Average N = 0.903
2021-03-25 05:15:54,093 - INFO: 218 move(s) completed (1 accepted (0.4587 %)). Current N = 1. Average N = 0.904
2021-03-25 05:16:17,887 - INFO: Move rejected due to water leaving the GCMC sphere
2021-03-25 05:16:21,590 - INFO: 219 move(s) completed (1 accepted (0.4566 %)). Current N = 1. Average N = 0.904
2021-03-25 05:16:45,383 - INFO: Move rejected due to water leaving the GCMC sphere
2021-03-25 05:16:49,099 - INFO: 220 move(s) completed (1 accepted (0.4545 %)). Current N = 1. Average N = 0.904
2021-03-25 05:17:17,113 - INFO: 221 move(s) completed (1 accepted (0.4525 %)). Current N = 1. Average N = 0.905
2021-03-25 05:17:45,149 - INFO: 222 move(s) completed (1 accepted (0.4505 %)). Current N = 1. Average N = 0.905
2021-03-25 05:18:13,080 - INFO: 223 move(s) completed (1 accepted (0.4484 %)). Current N = 1. Average N = 0.906
2021-03-25 05:18:36,253 - INFO: Move rejected due to water leaving the GCMC sphere
2021-03-25 05:18:39,963 - INFO: 224 move(s) completed (1 accepted (0.4464 %)). Current N = 1. Average N = 0.906
2021-03-25 05:19:03,516 - INFO: Move rejected due to water leaving the GCMC sphere
2021-03-25 05:19:07,146 - INFO: 225 move(s) completed (1 accepted (0.4444 %)). Current N = 1. Average N = 0.907
2021-03-25 05:19:34,369 - INFO: 226 move(s) completed (1 accepted (0.4425 %)). Current N = 1. Average N = 0.907
2021-03-25 05:19:57,883 - INFO: Move rejected due to water leaving the GCMC sphere
2021-03-25 05:20:01,428 - INFO: 227 move(s) completed (1 accepted (0.4405 %)). Current N = 1. Average N = 0.907
2021-03-25 05:20:25,142 - INFO: Move rejected due to water leaving the GCMC sphere
2021-03-25 05:20:28,535 - INFO: 228 move(s) completed (1 accepted (0.4386 %)). Current N = 1. Average N = 0.908
2021-03-25 05:20:56,226 - INFO: 229 move(s) completed (1 accepted (0.4367 %)). Current N = 1. Average N = 0.908
2021-03-25 05:21:20,219 - INFO: Move rejected due to water leaving the GCMC sphere
2021-03-25 05:21:23,707 - INFO: 230 move(s) completed (1 accepted (0.4348 %)). Current N = 1. Average N = 0.909
2021-03-25 05:21:48,041 - INFO: Move rejected due to water leaving the GCMC sphere
2021-03-25 05:21:51,429 - INFO: 231 move(s) completed (1 accepted (0.4329 %)). Current N = 1. Average N = 0.909
2021-03-25 05:22:15,535 - INFO: Move rejected due to water leaving the GCMC sphere
2021-03-25 05:22:19,111 - INFO: 232 move(s) completed (1 accepted (0.4310 %)). Current N = 1. Average N = 0.909
2021-03-25 05:22:43,150 - INFO: Move rejected due to water leaving the GCMC sphere
2021-03-25 05:22:46,857 - INFO: 233 move(s) completed (1 accepted (0.4292 %)). Current N = 1. Average N = 0.910
2021-03-25 05:23:10,386 - INFO: Move rejected due to water leaving the GCMC sphere
2021-03-25 05:23:14,088 - INFO: 234 move(s) completed (1 accepted (0.4274 %)). Current N = 1. Average N = 0.910
2021-03-25 05:23:37,694 - INFO: Move rejected due to water leaving the GCMC sphere
2021-03-25 05:23:41,391 - INFO: 235 move(s) completed (1 accepted (0.4255 %)). Current N = 1. Average N = 0.911
2021-03-25 05:24:05,289 - INFO: Move rejected due to water leaving the GCMC sphere
2021-03-25 05:24:08,988 - INFO: 236 move(s) completed (1 accepted (0.4237 %)). Current N = 1. Average N = 0.911
2021-03-25 05:24:36,571 - INFO: 237 move(s) completed (1 accepted (0.4219 %)). Current N = 1. Average N = 0.911
2021-03-25 05:25:00,498 - INFO: Move rejected due to water leaving the GCMC sphere
2021-03-25 05:25:04,319 - INFO: 238 move(s) completed (1 accepted (0.4202 %)). Current N = 1. Average N = 0.912
2021-03-25 05:25:31,956 - INFO: 239 move(s) completed (1 accepted (0.4184 %)). Current N = 1. Average N = 0.912
2021-03-25 05:25:56,107 - INFO: Move rejected due to water leaving the GCMC sphere
2021-03-25 05:25:59,778 - INFO: 240 move(s) completed (1 accepted (0.4167 %)). Current N = 1. Average N = 0.912
2021-03-25 05:26:23,819 - INFO: Move rejected due to water leaving the GCMC sphere
2021-03-25 05:26:27,314 - INFO: 241 move(s) completed (1 accepted (0.4149 %)). Current N = 1. Average N = 0.913
2021-03-25 05:26:54,942 - INFO: 242 move(s) completed (1 accepted (0.4132 %)). Current N = 1. Average N = 0.913
2021-03-25 05:27:18,537 - INFO: Move rejected due to water leaving the GCMC sphere
2021-03-25 05:27:22,101 - INFO: 243 move(s) completed (1 accepted (0.4115 %)). Current N = 1. Average N = 0.914
2021-03-25 05:27:45,531 - INFO: Move rejected due to water leaving the GCMC sphere
2021-03-25 05:27:49,094 - INFO: 244 move(s) completed (1 accepted (0.4098 %)). Current N = 1. Average N = 0.914
2021-03-25 05:28:12,844 - INFO: Move rejected due to water leaving the GCMC sphere
2021-03-25 05:28:16,226 - INFO: 245 move(s) completed (1 accepted (0.4082 %)). Current N = 1. Average N = 0.914
2021-03-25 05:28:39,768 - INFO: Move rejected due to water leaving the GCMC sphere
2021-03-25 05:28:43,424 - INFO: 246 move(s) completed (1 accepted (0.4065 %)). Current N = 1. Average N = 0.915
2021-03-25 05:29:06,855 - INFO: Move rejected due to water leaving the GCMC sphere
2021-03-25 05:29:10,566 - INFO: 247 move(s) completed (1 accepted (0.4049 %)). Current N = 1. Average N = 0.915
2021-03-25 05:29:34,719 - INFO: Move rejected due to water leaving the GCMC sphere
2021-03-25 05:29:38,428 - INFO: 248 move(s) completed (1 accepted (0.4032 %)). Current N = 1. Average N = 0.915
2021-03-25 05:30:02,312 - INFO: Move rejected due to water leaving the GCMC sphere
2021-03-25 05:30:06,110 - INFO: 249 move(s) completed (1 accepted (0.4016 %)). Current N = 1. Average N = 0.916
2021-03-25 05:30:33,235 - INFO: 250 move(s) completed (1 accepted (0.4000 %)). Current N = 1. Average N = 0.916
2021-03-25 05:30:56,600 - INFO: Move rejected due to water leaving the GCMC sphere
2021-03-25 05:31:00,306 - INFO: 251 move(s) completed (1 accepted (0.3984 %)). Current N = 1. Average N = 0.916
2021-03-25 05:31:27,075 - INFO: 252 move(s) completed (1 accepted (0.3968 %)). Current N = 1. Average N = 0.917
2021-03-25 05:31:50,455 - INFO: Move rejected due to water leaving the GCMC sphere
2021-03-25 05:31:54,093 - INFO: 253 move(s) completed (1 accepted (0.3953 %)). Current N = 1. Average N = 0.917
2021-03-25 05:32:20,662 - INFO: 254 move(s) completed (1 accepted (0.3937 %)). Current N = 1. Average N = 0.917
2021-03-25 05:32:47,995 - INFO: 255 move(s) completed (1 accepted (0.3922 %)). Current N = 1. Average N = 0.918
2021-03-25 05:33:15,082 - INFO: 256 move(s) completed (1 accepted (0.3906 %)). Current N = 1. Average N = 0.918
2021-03-25 05:33:38,844 - INFO: Move rejected due to water leaving the GCMC sphere
2021-03-25 05:33:42,493 - INFO: 257 move(s) completed (1 accepted (0.3891 %)). Current N = 1. Average N = 0.918
2021-03-25 05:34:06,640 - INFO: Move rejected due to water leaving the GCMC sphere
2021-03-25 05:34:10,105 - INFO: 258 move(s) completed (1 accepted (0.3876 %)). Current N = 1. Average N = 0.919
2021-03-25 05:34:34,210 - INFO: Move rejected due to water leaving the GCMC sphere
2021-03-25 05:34:37,974 - INFO: 259 move(s) completed (1 accepted (0.3861 %)). Current N = 1. Average N = 0.919
2021-03-25 05:35:02,048 - INFO: Move rejected due to water leaving the GCMC sphere
2021-03-25 05:35:05,757 - INFO: 260 move(s) completed (1 accepted (0.3846 %)). Current N = 1. Average N = 0.919
2021-03-25 05:35:29,220 - INFO: Move rejected due to water leaving the GCMC sphere
2021-03-25 05:35:33,037 - INFO: 261 move(s) completed (1 accepted (0.3831 %)). Current N = 1. Average N = 0.919
2021-03-25 05:35:56,624 - INFO: Move rejected due to water leaving the GCMC sphere
2021-03-25 05:36:00,346 - INFO: 262 move(s) completed (1 accepted (0.3817 %)). Current N = 1. Average N = 0.920
2021-03-25 05:36:27,554 - INFO: 263 move(s) completed (1 accepted (0.3802 %)). Current N = 1. Average N = 0.920
2021-03-25 05:36:55,124 - INFO: 264 move(s) completed (1 accepted (0.3788 %)). Current N = 1. Average N = 0.920
2021-03-25 05:37:19,141 - INFO: Move rejected due to water leaving the GCMC sphere
2021-03-25 05:37:22,844 - INFO: 265 move(s) completed (1 accepted (0.3774 %)). Current N = 1. Average N = 0.921
2021-03-25 05:37:46,681 - INFO: Move rejected due to water leaving the GCMC sphere
2021-03-25 05:37:50,338 - INFO: 266 move(s) completed (1 accepted (0.3759 %)). Current N = 1. Average N = 0.921
2021-03-25 05:38:14,382 - INFO: Move rejected due to water leaving the GCMC sphere
2021-03-25 05:38:18,053 - INFO: 267 move(s) completed (1 accepted (0.3745 %)). Current N = 1. Average N = 0.921
2021-03-25 05:38:42,309 - INFO: Move rejected due to water leaving the GCMC sphere
2021-03-25 05:38:45,940 - INFO: 268 move(s) completed (1 accepted (0.3731 %)). Current N = 1. Average N = 0.922
2021-03-25 05:39:13,785 - INFO: 269 move(s) completed (1 accepted (0.3717 %)). Current N = 1. Average N = 0.922
2021-03-25 05:39:37,297 - INFO: Move rejected due to water leaving the GCMC sphere
2021-03-25 05:39:40,783 - INFO: 270 move(s) completed (1 accepted (0.3704 %)). Current N = 1. Average N = 0.922
2021-03-25 05:40:04,202 - INFO: Move rejected due to water leaving the GCMC sphere
2021-03-25 05:40:07,721 - INFO: 271 move(s) completed (1 accepted (0.3690 %)). Current N = 1. Average N = 0.922
2021-03-25 05:40:31,141 - INFO: Move rejected due to water leaving the GCMC sphere
2021-03-25 05:40:34,695 - INFO: 272 move(s) completed (1 accepted (0.3676 %)). Current N = 1. Average N = 0.923
2021-03-25 05:41:02,137 - INFO: 273 move(s) completed (1 accepted (0.3663 %)). Current N = 1. Average N = 0.923
2021-03-25 05:41:29,716 - INFO: 274 move(s) completed (1 accepted (0.3650 %)). Current N = 1. Average N = 0.923
2021-03-25 05:41:56,908 - INFO: 275 move(s) completed (1 accepted (0.3636 %)). Current N = 1. Average N = 0.924
