2021-03-26 03:53:58,568 - INFO: kT = 0.5921875708469466 kcal/mol
2021-03-26 03:54:03,909 - INFO: BaseGrandCanonicalMonteCarloSampler object initialised
2021-03-26 03:54:03,909 - INFO: GCMC sphere is based on reference atom IDs: [887, 1837]
2021-03-26 03:54:03,909 - INFO: GCMC sphere radius is 6 A
2021-03-26 03:54:03,910 - INFO: Simulating at an Adams (B) value of -6.888845176169922
2021-03-26 03:54:03,910 - INFO: GCMCSphereSampler object initialised
2021-03-26 03:54:03,910 - INFO: StandardGCMCSphereSampler object initialised
2021-03-26 03:54:19,464 - INFO: 50 move(s) completed (0 accepted (0.0000 %)). Current N = 0. Average N = 0.000
2021-03-26 03:54:27,272 - INFO: 100 move(s) completed (2 accepted (2.0000 %)). Current N = 0. Average N = 0.040
2021-03-26 03:54:35,291 - INFO: 150 move(s) completed (4 accepted (2.6667 %)). Current N = 0. Average N = 0.080
2021-03-26 03:54:43,954 - INFO: 200 move(s) completed (4 accepted (2.0000 %)). Current N = 0. Average N = 0.060
2021-03-26 03:54:51,515 - INFO: 250 move(s) completed (4 accepted (1.6000 %)). Current N = 0. Average N = 0.048
2021-03-26 03:54:59,361 - INFO: 300 move(s) completed (6 accepted (2.0000 %)). Current N = 0. Average N = 0.047
2021-03-26 03:55:07,154 - INFO: 350 move(s) completed (8 accepted (2.2857 %)). Current N = 0. Average N = 0.043
2021-03-26 03:55:15,311 - INFO: 400 move(s) completed (9 accepted (2.2500 %)). Current N = 1. Average N = 0.087
2021-03-26 03:55:24,300 - INFO: 450 move(s) completed (9 accepted (2.0000 %)). Current N = 1. Average N = 0.189
2021-03-26 03:55:33,211 - INFO: 500 move(s) completed (9 accepted (1.8000 %)). Current N = 1. Average N = 0.270
2021-03-26 03:55:42,247 - INFO: 550 move(s) completed (9 accepted (1.6364 %)). Current N = 1. Average N = 0.336
2021-03-26 03:55:51,774 - INFO: 600 move(s) completed (9 accepted (1.5000 %)). Current N = 1. Average N = 0.392
2021-03-26 03:56:00,472 - INFO: 650 move(s) completed (9 accepted (1.3846 %)). Current N = 1. Average N = 0.439
2021-03-26 03:56:09,307 - INFO: 700 move(s) completed (9 accepted (1.2857 %)). Current N = 1. Average N = 0.479
2021-03-26 03:56:18,575 - INFO: 750 move(s) completed (9 accepted (1.2000 %)). Current N = 1. Average N = 0.513
2021-03-26 03:56:27,549 - INFO: 800 move(s) completed (9 accepted (1.1250 %)). Current N = 1. Average N = 0.544
2021-03-26 03:56:37,029 - INFO: 850 move(s) completed (9 accepted (1.0588 %)). Current N = 1. Average N = 0.571
2021-03-26 03:56:45,669 - INFO: 900 move(s) completed (10 accepted (1.1111 %)). Current N = 2. Average N = 0.633
2021-03-26 03:56:54,875 - INFO: 950 move(s) completed (10 accepted (1.0526 %)). Current N = 2. Average N = 0.705
2021-03-26 03:57:03,305 - INFO: 1000 move(s) completed (10 accepted (1.0000 %)). Current N = 2. Average N = 0.770
2021-03-26 03:57:12,160 - INFO: 1050 move(s) completed (12 accepted (1.1429 %)). Current N = 2. Average N = 0.834
2021-03-26 03:57:21,635 - INFO: 1100 move(s) completed (12 accepted (1.0909 %)). Current N = 2. Average N = 0.887
2021-03-26 03:57:30,648 - INFO: 1150 move(s) completed (12 accepted (1.0435 %)). Current N = 2. Average N = 0.936
2021-03-26 03:57:39,708 - INFO: 1200 move(s) completed (12 accepted (1.0000 %)). Current N = 2. Average N = 0.980
2021-03-26 03:57:48,465 - INFO: 1250 move(s) completed (12 accepted (0.9600 %)). Current N = 2. Average N = 1.021
2021-03-26 03:57:57,543 - INFO: 1300 move(s) completed (12 accepted (0.9231 %)). Current N = 2. Average N = 1.058
2021-03-26 03:58:06,593 - INFO: 1350 move(s) completed (12 accepted (0.8889 %)). Current N = 2. Average N = 1.093
2021-03-26 03:58:15,478 - INFO: 1400 move(s) completed (12 accepted (0.8571 %)). Current N = 2. Average N = 1.126
2021-03-26 03:58:23,852 - INFO: 1450 move(s) completed (12 accepted (0.8276 %)). Current N = 2. Average N = 1.156
2021-03-26 03:58:32,927 - INFO: 1500 move(s) completed (12 accepted (0.8000 %)). Current N = 2. Average N = 1.184
2021-03-26 03:58:42,314 - INFO: 1550 move(s) completed (12 accepted (0.7742 %)). Current N = 2. Average N = 1.210
2021-03-26 03:58:50,958 - INFO: 1600 move(s) completed (12 accepted (0.7500 %)). Current N = 2. Average N = 1.235
2021-03-26 03:59:00,124 - INFO: 1650 move(s) completed (12 accepted (0.7273 %)). Current N = 2. Average N = 1.258
2021-03-26 03:59:09,027 - INFO: 1700 move(s) completed (12 accepted (0.7059 %)). Current N = 2. Average N = 1.280
2021-03-26 03:59:18,094 - INFO: 1750 move(s) completed (12 accepted (0.6857 %)). Current N = 2. Average N = 1.301
2021-03-26 03:59:26,759 - INFO: 1800 move(s) completed (12 accepted (0.6667 %)). Current N = 2. Average N = 1.320
2021-03-26 03:59:35,739 - INFO: 1850 move(s) completed (12 accepted (0.6486 %)). Current N = 2. Average N = 1.338
2021-03-26 03:59:45,024 - INFO: 1900 move(s) completed (12 accepted (0.6316 %)). Current N = 2. Average N = 1.356
2021-03-26 03:59:53,940 - INFO: 1950 move(s) completed (12 accepted (0.6154 %)). Current N = 2. Average N = 1.372
2021-03-26 04:00:03,272 - INFO: 2000 move(s) completed (12 accepted (0.6000 %)). Current N = 2. Average N = 1.388
2021-03-26 04:00:11,736 - INFO: 2050 move(s) completed (12 accepted (0.5854 %)). Current N = 2. Average N = 1.403
2021-03-26 04:00:20,675 - INFO: 2100 move(s) completed (12 accepted (0.5714 %)). Current N = 2. Average N = 1.417
2021-03-26 04:00:29,345 - INFO: 2150 move(s) completed (12 accepted (0.5581 %)). Current N = 2. Average N = 1.431
2021-03-26 04:00:38,303 - INFO: 2200 move(s) completed (12 accepted (0.5455 %)). Current N = 2. Average N = 1.444
2021-03-26 04:00:47,395 - INFO: 2250 move(s) completed (12 accepted (0.5333 %)). Current N = 2. Average N = 1.456
2021-03-26 04:00:56,303 - INFO: 2300 move(s) completed (12 accepted (0.5217 %)). Current N = 2. Average N = 1.468
2021-03-26 04:01:05,365 - INFO: 2350 move(s) completed (12 accepted (0.5106 %)). Current N = 2. Average N = 1.479
2021-03-26 04:01:14,013 - INFO: 2400 move(s) completed (12 accepted (0.5000 %)). Current N = 2. Average N = 1.490
2021-03-26 04:01:23,093 - INFO: 2450 move(s) completed (12 accepted (0.4898 %)). Current N = 2. Average N = 1.500
2021-03-26 04:01:32,533 - INFO: 2500 move(s) completed (12 accepted (0.4800 %)). Current N = 2. Average N = 1.510
2021-03-26 04:01:41,113 - INFO: 2550 move(s) completed (12 accepted (0.4706 %)). Current N = 2. Average N = 1.520
2021-03-26 04:01:50,257 - INFO: 2600 move(s) completed (12 accepted (0.4615 %)). Current N = 2. Average N = 1.529
2021-03-26 04:01:59,025 - INFO: 2650 move(s) completed (12 accepted (0.4528 %)). Current N = 2. Average N = 1.538
2021-03-26 04:02:07,966 - INFO: 2700 move(s) completed (12 accepted (0.4444 %)). Current N = 2. Average N = 1.547
2021-03-26 04:02:16,536 - INFO: 2750 move(s) completed (12 accepted (0.4364 %)). Current N = 2. Average N = 1.555
2021-03-26 04:02:25,488 - INFO: 2800 move(s) completed (12 accepted (0.4286 %)). Current N = 2. Average N = 1.563
2021-03-26 04:02:34,780 - INFO: 2850 move(s) completed (12 accepted (0.4211 %)). Current N = 2. Average N = 1.571
2021-03-26 04:02:43,259 - INFO: 2900 move(s) completed (12 accepted (0.4138 %)). Current N = 2. Average N = 1.578
2021-03-26 04:02:52,473 - INFO: 2950 move(s) completed (12 accepted (0.4068 %)). Current N = 2. Average N = 1.585
2021-03-26 04:03:01,146 - INFO: 3000 move(s) completed (12 accepted (0.4000 %)). Current N = 2. Average N = 1.592
2021-03-26 04:03:10,419 - INFO: 3050 move(s) completed (12 accepted (0.3934 %)). Current N = 2. Average N = 1.599
2021-03-26 04:03:18,681 - INFO: 3100 move(s) completed (12 accepted (0.3871 %)). Current N = 2. Average N = 1.605
2021-03-26 04:03:27,935 - INFO: 3150 move(s) completed (12 accepted (0.3810 %)). Current N = 2. Average N = 1.611
2021-03-26 04:03:37,290 - INFO: 3200 move(s) completed (12 accepted (0.3750 %)). Current N = 2. Average N = 1.617
2021-03-26 04:03:46,048 - INFO: 3250 move(s) completed (12 accepted (0.3692 %)). Current N = 2. Average N = 1.623
2021-03-26 04:03:55,321 - INFO: 3300 move(s) completed (12 accepted (0.3636 %)). Current N = 2. Average N = 1.629
2021-03-26 04:04:04,243 - INFO: 3350 move(s) completed (12 accepted (0.3582 %)). Current N = 2. Average N = 1.635
2021-03-26 04:04:13,550 - INFO: 3400 move(s) completed (12 accepted (0.3529 %)). Current N = 2. Average N = 1.640
2021-03-26 04:04:22,003 - INFO: 3450 move(s) completed (12 accepted (0.3478 %)). Current N = 2. Average N = 1.645
2021-03-26 04:04:31,121 - INFO: 3500 move(s) completed (12 accepted (0.3429 %)). Current N = 2. Average N = 1.650
2021-03-26 04:04:40,587 - INFO: 3550 move(s) completed (12 accepted (0.3380 %)). Current N = 2. Average N = 1.655
2021-03-26 04:04:49,202 - INFO: 3600 move(s) completed (13 accepted (0.3611 %)). Current N = 3. Average N = 1.666
2021-03-26 04:04:58,191 - INFO: 3650 move(s) completed (13 accepted (0.3562 %)). Current N = 3. Average N = 1.684
2021-03-26 04:05:06,523 - INFO: 3700 move(s) completed (13 accepted (0.3514 %)). Current N = 3. Average N = 1.702
2021-03-26 04:05:15,423 - INFO: 3750 move(s) completed (13 accepted (0.3467 %)). Current N = 3. Average N = 1.719
2021-03-26 04:05:24,801 - INFO: 3800 move(s) completed (13 accepted (0.3421 %)). Current N = 3. Average N = 1.736
2021-03-26 04:05:33,729 - INFO: 3850 move(s) completed (13 accepted (0.3377 %)). Current N = 3. Average N = 1.752
2021-03-26 04:05:43,041 - INFO: 3900 move(s) completed (13 accepted (0.3333 %)). Current N = 3. Average N = 1.768
2021-03-26 04:05:51,253 - INFO: 3950 move(s) completed (13 accepted (0.3291 %)). Current N = 3. Average N = 1.784
2021-03-26 04:06:00,364 - INFO: 4000 move(s) completed (13 accepted (0.3250 %)). Current N = 3. Average N = 1.799
2021-03-26 04:06:09,879 - INFO: 4050 move(s) completed (13 accepted (0.3210 %)). Current N = 3. Average N = 1.814
2021-03-26 04:06:18,697 - INFO: 4100 move(s) completed (14 accepted (0.3415 %)). Current N = 2. Average N = 1.816
2021-03-26 04:06:27,797 - INFO: 4150 move(s) completed (14 accepted (0.3373 %)). Current N = 2. Average N = 1.818
2021-03-26 04:06:36,560 - INFO: 4200 move(s) completed (14 accepted (0.3333 %)). Current N = 2. Average N = 1.821
2021-03-26 04:06:45,376 - INFO: 4250 move(s) completed (14 accepted (0.3294 %)). Current N = 2. Average N = 1.823
2021-03-26 04:06:54,006 - INFO: 4300 move(s) completed (14 accepted (0.3256 %)). Current N = 2. Average N = 1.825
2021-03-26 04:07:02,972 - INFO: 4350 move(s) completed (14 accepted (0.3218 %)). Current N = 2. Average N = 1.827
2021-03-26 04:07:12,521 - INFO: 4400 move(s) completed (14 accepted (0.3182 %)). Current N = 2. Average N = 1.829
2021-03-26 04:07:21,299 - INFO: 4450 move(s) completed (14 accepted (0.3146 %)). Current N = 2. Average N = 1.831
2021-03-26 04:07:30,377 - INFO: 4500 move(s) completed (14 accepted (0.3111 %)). Current N = 2. Average N = 1.832
2021-03-26 04:07:39,128 - INFO: 4550 move(s) completed (14 accepted (0.3077 %)). Current N = 2. Average N = 1.834
2021-03-26 04:07:48,521 - INFO: 4600 move(s) completed (14 accepted (0.3043 %)). Current N = 2. Average N = 1.836
2021-03-26 04:07:57,847 - INFO: 4650 move(s) completed (14 accepted (0.3011 %)). Current N = 2. Average N = 1.838
2021-03-26 04:08:06,629 - INFO: 4700 move(s) completed (14 accepted (0.2979 %)). Current N = 2. Average N = 1.840
2021-03-26 04:08:15,846 - INFO: 4750 move(s) completed (14 accepted (0.2947 %)). Current N = 2. Average N = 1.841
2021-03-26 04:08:24,880 - INFO: 4800 move(s) completed (14 accepted (0.2917 %)). Current N = 2. Average N = 1.843
2021-03-26 04:08:33,956 - INFO: 4850 move(s) completed (14 accepted (0.2887 %)). Current N = 2. Average N = 1.845
2021-03-26 04:08:42,441 - INFO: 4900 move(s) completed (14 accepted (0.2857 %)). Current N = 2. Average N = 1.846
2021-03-26 04:08:51,452 - INFO: 4950 move(s) completed (14 accepted (0.2828 %)). Current N = 2. Average N = 1.848
2021-03-26 04:09:00,900 - INFO: 5000 move(s) completed (14 accepted (0.2800 %)). Current N = 2. Average N = 1.849
2021-03-26 04:09:09,880 - INFO: 5050 move(s) completed (14 accepted (0.2772 %)). Current N = 2. Average N = 1.851
2021-03-26 04:09:18,899 - INFO: 5100 move(s) completed (14 accepted (0.2745 %)). Current N = 2. Average N = 1.852
2021-03-26 04:09:27,688 - INFO: 5150 move(s) completed (14 accepted (0.2718 %)). Current N = 2. Average N = 1.854
2021-03-26 04:09:36,823 - INFO: 5200 move(s) completed (14 accepted (0.2692 %)). Current N = 2. Average N = 1.855
2021-03-26 04:09:45,314 - INFO: 5250 move(s) completed (14 accepted (0.2667 %)). Current N = 2. Average N = 1.856
2021-03-26 04:09:54,314 - INFO: 5300 move(s) completed (14 accepted (0.2642 %)). Current N = 2. Average N = 1.858
2021-03-26 04:10:03,673 - INFO: 5350 move(s) completed (14 accepted (0.2617 %)). Current N = 2. Average N = 1.859
2021-03-26 04:10:12,617 - INFO: 5400 move(s) completed (14 accepted (0.2593 %)). Current N = 2. Average N = 1.860
2021-03-26 04:10:21,557 - INFO: 5450 move(s) completed (14 accepted (0.2569 %)). Current N = 2. Average N = 1.862
2021-03-26 04:10:30,110 - INFO: 5500 move(s) completed (14 accepted (0.2545 %)). Current N = 2. Average N = 1.863
2021-03-26 04:10:39,043 - INFO: 5550 move(s) completed (14 accepted (0.2523 %)). Current N = 2. Average N = 1.864
2021-03-26 04:10:48,536 - INFO: 5600 move(s) completed (14 accepted (0.2500 %)). Current N = 2. Average N = 1.865
2021-03-26 04:10:57,399 - INFO: 5650 move(s) completed (14 accepted (0.2478 %)). Current N = 2. Average N = 1.867
2021-03-26 04:11:06,278 - INFO: 5700 move(s) completed (14 accepted (0.2456 %)). Current N = 2. Average N = 1.868
2021-03-26 04:11:14,916 - INFO: 5750 move(s) completed (14 accepted (0.2435 %)). Current N = 2. Average N = 1.869
2021-03-26 04:11:24,031 - INFO: 5800 move(s) completed (14 accepted (0.2414 %)). Current N = 2. Average N = 1.870
2021-03-26 04:11:32,647 - INFO: 5850 move(s) completed (14 accepted (0.2393 %)). Current N = 2. Average N = 1.871
2021-03-26 04:11:41,679 - INFO: 5900 move(s) completed (14 accepted (0.2373 %)). Current N = 2. Average N = 1.872
2021-03-26 04:11:51,171 - INFO: 5950 move(s) completed (14 accepted (0.2353 %)). Current N = 2. Average N = 1.873
2021-03-26 04:12:00,142 - INFO: 6000 move(s) completed (14 accepted (0.2333 %)). Current N = 2. Average N = 1.874
2021-03-26 04:12:09,488 - INFO: 6050 move(s) completed (14 accepted (0.2314 %)). Current N = 2. Average N = 1.875
2021-03-26 04:12:17,960 - INFO: 6100 move(s) completed (14 accepted (0.2295 %)). Current N = 2. Average N = 1.876
2021-03-26 04:12:26,943 - INFO: 6150 move(s) completed (14 accepted (0.2276 %)). Current N = 2. Average N = 1.877
2021-03-26 04:12:36,233 - INFO: 6200 move(s) completed (14 accepted (0.2258 %)). Current N = 2. Average N = 1.878
2021-03-26 04:12:45,143 - INFO: 6250 move(s) completed (14 accepted (0.2240 %)). Current N = 2. Average N = 1.879
2021-03-26 04:12:54,650 - INFO: 6300 move(s) completed (14 accepted (0.2222 %)). Current N = 2. Average N = 1.880
2021-03-26 04:13:03,159 - INFO: 6350 move(s) completed (14 accepted (0.2205 %)). Current N = 2. Average N = 1.881
2021-03-26 04:13:12,210 - INFO: 6400 move(s) completed (14 accepted (0.2188 %)). Current N = 2. Average N = 1.882
2021-03-26 04:13:21,425 - INFO: 6450 move(s) completed (14 accepted (0.2171 %)). Current N = 2. Average N = 1.883
2021-03-26 04:13:30,099 - INFO: 6500 move(s) completed (14 accepted (0.2154 %)). Current N = 2. Average N = 1.884
2021-03-26 04:13:39,122 - INFO: 6550 move(s) completed (14 accepted (0.2137 %)). Current N = 2. Average N = 1.885
2021-03-26 04:13:47,963 - INFO: 6600 move(s) completed (14 accepted (0.2121 %)). Current N = 2. Average N = 1.886
2021-03-26 04:13:57,003 - INFO: 6650 move(s) completed (14 accepted (0.2105 %)). Current N = 2. Average N = 1.887
2021-03-26 04:14:05,709 - INFO: 6700 move(s) completed (14 accepted (0.2090 %)). Current N = 2. Average N = 1.887
2021-03-26 04:14:14,645 - INFO: 6750 move(s) completed (14 accepted (0.2074 %)). Current N = 2. Average N = 1.888
2021-03-26 04:14:23,038 - INFO: 6800 move(s) completed (14 accepted (0.2059 %)). Current N = 2. Average N = 1.889
2021-03-26 04:14:32,160 - INFO: 6850 move(s) completed (14 accepted (0.2044 %)). Current N = 2. Average N = 1.890
2021-03-26 04:14:41,594 - INFO: 6900 move(s) completed (14 accepted (0.2029 %)). Current N = 2. Average N = 1.891
2021-03-26 04:14:50,402 - INFO: 6950 move(s) completed (14 accepted (0.2014 %)). Current N = 2. Average N = 1.891
2021-03-26 04:14:59,283 - INFO: 7000 move(s) completed (14 accepted (0.2000 %)). Current N = 2. Average N = 1.892
2021-03-26 04:15:07,911 - INFO: 7050 move(s) completed (14 accepted (0.1986 %)). Current N = 2. Average N = 1.893
2021-03-26 04:15:16,545 - INFO: 7100 move(s) completed (14 accepted (0.1972 %)). Current N = 2. Average N = 1.894
2021-03-26 04:15:26,080 - INFO: 7150 move(s) completed (14 accepted (0.1958 %)). Current N = 2. Average N = 1.895
2021-03-26 04:15:34,671 - INFO: 7200 move(s) completed (14 accepted (0.1944 %)). Current N = 2. Average N = 1.895
2021-03-26 04:15:43,398 - INFO: 7250 move(s) completed (14 accepted (0.1931 %)). Current N = 2. Average N = 1.896
2021-03-26 04:15:52,240 - INFO: 7300 move(s) completed (14 accepted (0.1918 %)). Current N = 2. Average N = 1.897
2021-03-26 04:16:01,348 - INFO: 7350 move(s) completed (14 accepted (0.1905 %)). Current N = 2. Average N = 1.897
2021-03-26 04:16:10,691 - INFO: 7400 move(s) completed (14 accepted (0.1892 %)). Current N = 2. Average N = 1.898
2021-03-26 04:16:19,388 - INFO: 7450 move(s) completed (16 accepted (0.2148 %)). Current N = 2. Average N = 1.899
2021-03-26 04:16:28,554 - INFO: 7500 move(s) completed (16 accepted (0.2133 %)). Current N = 2. Average N = 1.900
2021-03-26 04:16:37,211 - INFO: 7550 move(s) completed (16 accepted (0.2119 %)). Current N = 2. Average N = 1.901
2021-03-26 04:16:46,354 - INFO: 7600 move(s) completed (16 accepted (0.2105 %)). Current N = 2. Average N = 1.901
2021-03-26 04:16:55,123 - INFO: 7650 move(s) completed (16 accepted (0.2092 %)). Current N = 2. Average N = 1.902
2021-03-26 04:17:04,301 - INFO: 7700 move(s) completed (16 accepted (0.2078 %)). Current N = 2. Average N = 1.903
2021-03-26 04:17:13,683 - INFO: 7750 move(s) completed (16 accepted (0.2065 %)). Current N = 2. Average N = 1.903
2021-03-26 04:17:22,579 - INFO: 7800 move(s) completed (16 accepted (0.2051 %)). Current N = 2. Average N = 1.904
2021-03-26 04:17:31,845 - INFO: 7850 move(s) completed (16 accepted (0.2038 %)). Current N = 2. Average N = 1.905
2021-03-26 04:17:40,489 - INFO: 7900 move(s) completed (16 accepted (0.2025 %)). Current N = 2. Average N = 1.905
2021-03-26 04:17:49,413 - INFO: 7950 move(s) completed (16 accepted (0.2013 %)). Current N = 2. Average N = 1.906
2021-03-26 04:17:58,062 - INFO: 8000 move(s) completed (16 accepted (0.2000 %)). Current N = 2. Average N = 1.906
2021-03-26 04:18:06,877 - INFO: 8050 move(s) completed (16 accepted (0.1988 %)). Current N = 2. Average N = 1.907
2021-03-26 04:18:16,182 - INFO: 8100 move(s) completed (16 accepted (0.1975 %)). Current N = 2. Average N = 1.907
2021-03-26 04:18:24,914 - INFO: 8150 move(s) completed (16 accepted (0.1963 %)). Current N = 2. Average N = 1.908
2021-03-26 04:18:34,046 - INFO: 8200 move(s) completed (16 accepted (0.1951 %)). Current N = 2. Average N = 1.909
2021-03-26 04:18:42,733 - INFO: 8250 move(s) completed (16 accepted (0.1939 %)). Current N = 2. Average N = 1.909
2021-03-26 04:18:51,732 - INFO: 8300 move(s) completed (16 accepted (0.1928 %)). Current N = 2. Average N = 1.910
2021-03-26 04:19:01,084 - INFO: 8350 move(s) completed (16 accepted (0.1916 %)). Current N = 2. Average N = 1.910
2021-03-26 04:19:09,876 - INFO: 8400 move(s) completed (16 accepted (0.1905 %)). Current N = 2. Average N = 1.911
2021-03-26 04:19:19,010 - INFO: 8450 move(s) completed (16 accepted (0.1893 %)). Current N = 2. Average N = 1.911
2021-03-26 04:19:27,791 - INFO: 8500 move(s) completed (16 accepted (0.1882 %)). Current N = 2. Average N = 1.912
2021-03-26 04:19:37,005 - INFO: 8550 move(s) completed (16 accepted (0.1871 %)). Current N = 2. Average N = 1.912
2021-03-26 04:19:45,462 - INFO: 8600 move(s) completed (16 accepted (0.1860 %)). Current N = 2. Average N = 1.913
2021-03-26 04:19:54,269 - INFO: 8650 move(s) completed (16 accepted (0.1850 %)). Current N = 2. Average N = 1.913
2021-03-26 04:20:02,811 - INFO: 8700 move(s) completed (16 accepted (0.1839 %)). Current N = 2. Average N = 1.914
2021-03-26 04:20:11,522 - INFO: 8750 move(s) completed (16 accepted (0.1829 %)). Current N = 2. Average N = 1.914
2021-03-26 04:20:20,850 - INFO: 8800 move(s) completed (16 accepted (0.1818 %)). Current N = 2. Average N = 1.915
2021-03-26 04:20:29,657 - INFO: 8850 move(s) completed (16 accepted (0.1808 %)). Current N = 2. Average N = 1.915
2021-03-26 04:20:38,956 - INFO: 8900 move(s) completed (16 accepted (0.1798 %)). Current N = 2. Average N = 1.916
2021-03-26 04:20:47,816 - INFO: 8950 move(s) completed (16 accepted (0.1788 %)). Current N = 2. Average N = 1.916
2021-03-26 04:20:56,866 - INFO: 9000 move(s) completed (16 accepted (0.1778 %)). Current N = 2. Average N = 1.917
2021-03-26 04:21:05,957 - INFO: 9050 move(s) completed (16 accepted (0.1768 %)). Current N = 2. Average N = 1.917
2021-03-26 04:21:14,846 - INFO: 9100 move(s) completed (16 accepted (0.1758 %)). Current N = 2. Average N = 1.918
2021-03-26 04:21:24,217 - INFO: 9150 move(s) completed (16 accepted (0.1749 %)). Current N = 2. Average N = 1.918
2021-03-26 04:21:33,074 - INFO: 9200 move(s) completed (16 accepted (0.1739 %)). Current N = 2. Average N = 1.919
2021-03-26 04:21:42,082 - INFO: 9250 move(s) completed (16 accepted (0.1730 %)). Current N = 2. Average N = 1.919
2021-03-26 04:21:51,184 - INFO: 9300 move(s) completed (16 accepted (0.1720 %)). Current N = 2. Average N = 1.919
2021-03-26 04:22:00,246 - INFO: 9350 move(s) completed (16 accepted (0.1711 %)). Current N = 2. Average N = 1.920
2021-03-26 04:22:09,236 - INFO: 9400 move(s) completed (18 accepted (0.1915 %)). Current N = 2. Average N = 1.922
2021-03-26 04:22:17,815 - INFO: 9450 move(s) completed (18 accepted (0.1905 %)). Current N = 2. Average N = 1.922
2021-03-26 04:22:26,898 - INFO: 9500 move(s) completed (18 accepted (0.1895 %)). Current N = 2. Average N = 1.922
2021-03-26 04:22:35,181 - INFO: 9550 move(s) completed (18 accepted (0.1885 %)). Current N = 2. Average N = 1.923
2021-03-26 04:22:44,328 - INFO: 9600 move(s) completed (18 accepted (0.1875 %)). Current N = 2. Average N = 1.923
2021-03-26 04:22:53,991 - INFO: 9650 move(s) completed (19 accepted (0.1969 %)). Current N = 3. Average N = 1.926
2021-03-26 04:23:02,688 - INFO: 9700 move(s) completed (19 accepted (0.1959 %)). Current N = 3. Average N = 1.932
2021-03-26 04:23:11,965 - INFO: 9750 move(s) completed (19 accepted (0.1949 %)). Current N = 3. Average N = 1.937
2021-03-26 04:23:20,622 - INFO: 9800 move(s) completed (19 accepted (0.1939 %)). Current N = 3. Average N = 1.943
2021-03-26 04:23:29,670 - INFO: 9850 move(s) completed (19 accepted (0.1929 %)). Current N = 3. Average N = 1.948
2021-03-26 04:23:38,918 - INFO: 9900 move(s) completed (19 accepted (0.1919 %)). Current N = 3. Average N = 1.953
2021-03-26 04:23:47,784 - INFO: 9950 move(s) completed (20 accepted (0.2010 %)). Current N = 2. Average N = 1.954
2021-03-26 04:23:57,067 - INFO: 10000 move(s) completed (20 accepted (0.2000 %)). Current N = 2. Average N = 1.954
2021-03-26 04:24:05,856 - INFO: 10050 move(s) completed (20 accepted (0.1990 %)). Current N = 2. Average N = 1.954
2021-03-26 04:24:14,887 - INFO: 10100 move(s) completed (20 accepted (0.1980 %)). Current N = 2. Average N = 1.954
2021-03-26 04:24:23,410 - INFO: 10150 move(s) completed (20 accepted (0.1970 %)). Current N = 2. Average N = 1.954
2021-03-26 04:24:32,643 - INFO: 10200 move(s) completed (20 accepted (0.1961 %)). Current N = 2. Average N = 1.955
2021-03-26 04:24:42,034 - INFO: 10250 move(s) completed (20 accepted (0.1951 %)). Current N = 2. Average N = 1.955
2021-03-26 04:24:50,888 - INFO: 10300 move(s) completed (20 accepted (0.1942 %)). Current N = 2. Average N = 1.955
2021-03-26 04:25:00,229 - INFO: 10350 move(s) completed (20 accepted (0.1932 %)). Current N = 2. Average N = 1.955
2021-03-26 04:25:08,896 - INFO: 10400 move(s) completed (20 accepted (0.1923 %)). Current N = 2. Average N = 1.956
2021-03-26 04:25:17,978 - INFO: 10450 move(s) completed (20 accepted (0.1914 %)). Current N = 2. Average N = 1.956
2021-03-26 04:25:26,480 - INFO: 10500 move(s) completed (20 accepted (0.1905 %)). Current N = 2. Average N = 1.956
2021-03-26 04:25:35,332 - INFO: 10550 move(s) completed (20 accepted (0.1896 %)). Current N = 2. Average N = 1.956
2021-03-26 04:25:44,606 - INFO: 10600 move(s) completed (20 accepted (0.1887 %)). Current N = 2. Average N = 1.956
2021-03-26 04:25:53,318 - INFO: 10650 move(s) completed (20 accepted (0.1878 %)). Current N = 2. Average N = 1.957
2021-03-26 04:26:02,466 - INFO: 10700 move(s) completed (20 accepted (0.1869 %)). Current N = 2. Average N = 1.957
2021-03-26 04:26:11,306 - INFO: 10750 move(s) completed (20 accepted (0.1860 %)). Current N = 2. Average N = 1.957
2021-03-26 04:26:20,487 - INFO: 10800 move(s) completed (20 accepted (0.1852 %)). Current N = 2. Average N = 1.957
2021-03-26 04:26:29,898 - INFO: 10850 move(s) completed (20 accepted (0.1843 %)). Current N = 2. Average N = 1.957
2021-03-26 04:26:38,872 - INFO: 10900 move(s) completed (20 accepted (0.1835 %)). Current N = 2. Average N = 1.958
2021-03-26 04:26:48,151 - INFO: 10950 move(s) completed (20 accepted (0.1826 %)). Current N = 2. Average N = 1.958
2021-03-26 04:26:56,841 - INFO: 11000 move(s) completed (20 accepted (0.1818 %)). Current N = 2. Average N = 1.958
2021-03-26 04:27:05,619 - INFO: 11050 move(s) completed (20 accepted (0.1810 %)). Current N = 2. Average N = 1.958
2021-03-26 04:27:14,072 - INFO: 11100 move(s) completed (20 accepted (0.1802 %)). Current N = 2. Average N = 1.958
2021-03-26 04:27:23,162 - INFO: 11150 move(s) completed (20 accepted (0.1794 %)). Current N = 2. Average N = 1.959
2021-03-26 04:27:32,562 - INFO: 11200 move(s) completed (20 accepted (0.1786 %)). Current N = 2. Average N = 1.959
2021-03-26 04:27:41,287 - INFO: 11250 move(s) completed (20 accepted (0.1778 %)). Current N = 2. Average N = 1.959
2021-03-26 04:27:50,356 - INFO: 11300 move(s) completed (20 accepted (0.1770 %)). Current N = 2. Average N = 1.959
2021-03-26 04:27:59,097 - INFO: 11350 move(s) completed (20 accepted (0.1762 %)). Current N = 2. Average N = 1.959
2021-03-26 04:28:08,325 - INFO: 11400 move(s) completed (20 accepted (0.1754 %)). Current N = 2. Average N = 1.960
2021-03-26 04:28:16,871 - INFO: 11450 move(s) completed (20 accepted (0.1747 %)). Current N = 2. Average N = 1.960
2021-03-26 04:28:25,904 - INFO: 11500 move(s) completed (20 accepted (0.1739 %)). Current N = 2. Average N = 1.960
2021-03-26 04:28:35,284 - INFO: 11550 move(s) completed (20 accepted (0.1732 %)). Current N = 2. Average N = 1.960
2021-03-26 04:28:44,249 - INFO: 11600 move(s) completed (20 accepted (0.1724 %)). Current N = 2. Average N = 1.960
2021-03-26 04:28:53,588 - INFO: 11650 move(s) completed (20 accepted (0.1717 %)). Current N = 2. Average N = 1.960
2021-03-26 04:29:02,209 - INFO: 11700 move(s) completed (20 accepted (0.1709 %)). Current N = 2. Average N = 1.960
2021-03-26 04:29:11,032 - INFO: 11750 move(s) completed (20 accepted (0.1702 %)). Current N = 2. Average N = 1.961
2021-03-26 04:29:19,352 - INFO: 11800 move(s) completed (20 accepted (0.1695 %)). Current N = 2. Average N = 1.961
2021-03-26 04:29:28,498 - INFO: 11850 move(s) completed (20 accepted (0.1688 %)). Current N = 2. Average N = 1.961
2021-03-26 04:29:37,895 - INFO: 11900 move(s) completed (20 accepted (0.1681 %)). Current N = 2. Average N = 1.961
2021-03-26 04:29:46,398 - INFO: 11950 move(s) completed (20 accepted (0.1674 %)). Current N = 2. Average N = 1.961
2021-03-26 04:29:55,647 - INFO: 12000 move(s) completed (20 accepted (0.1667 %)). Current N = 2. Average N = 1.962
2021-03-26 04:30:04,314 - INFO: 12050 move(s) completed (20 accepted (0.1660 %)). Current N = 2. Average N = 1.962
2021-03-26 04:30:13,347 - INFO: 12100 move(s) completed (20 accepted (0.1653 %)). Current N = 2. Average N = 1.962
2021-03-26 04:30:22,450 - INFO: 12150 move(s) completed (20 accepted (0.1646 %)). Current N = 2. Average N = 1.962
2021-03-26 04:30:31,236 - INFO: 12200 move(s) completed (20 accepted (0.1639 %)). Current N = 2. Average N = 1.962
2021-03-26 04:30:40,335 - INFO: 12250 move(s) completed (20 accepted (0.1633 %)). Current N = 2. Average N = 1.962
2021-03-26 04:30:49,188 - INFO: 12300 move(s) completed (20 accepted (0.1626 %)). Current N = 2. Average N = 1.962
2021-03-26 04:30:58,254 - INFO: 12350 move(s) completed (20 accepted (0.1619 %)). Current N = 2. Average N = 1.963
2021-03-26 04:31:06,742 - INFO: 12400 move(s) completed (20 accepted (0.1613 %)). Current N = 2. Average N = 1.963
2021-03-26 04:31:15,802 - INFO: 12450 move(s) completed (20 accepted (0.1606 %)). Current N = 2. Average N = 1.963
2021-03-26 04:31:25,319 - INFO: 12500 move(s) completed (20 accepted (0.1600 %)). Current N = 2. Average N = 1.963
2021-03-26 04:31:34,181 - INFO: 12550 move(s) completed (20 accepted (0.1594 %)). Current N = 2. Average N = 1.963
2021-03-26 04:31:43,407 - INFO: 12600 move(s) completed (22 accepted (0.1746 %)). Current N = 2. Average N = 1.965
2021-03-26 04:31:52,242 - INFO: 12650 move(s) completed (22 accepted (0.1739 %)). Current N = 2. Average N = 1.965
2021-03-26 04:32:01,312 - INFO: 12700 move(s) completed (22 accepted (0.1732 %)). Current N = 2. Average N = 1.965
2021-03-26 04:32:09,907 - INFO: 12750 move(s) completed (22 accepted (0.1725 %)). Current N = 2. Average N = 1.965
2021-03-26 04:32:19,188 - INFO: 12800 move(s) completed (22 accepted (0.1719 %)). Current N = 2. Average N = 1.965
2021-03-26 04:32:28,517 - INFO: 12850 move(s) completed (22 accepted (0.1712 %)). Current N = 2. Average N = 1.965
2021-03-26 04:32:36,995 - INFO: 12900 move(s) completed (22 accepted (0.1705 %)). Current N = 2. Average N = 1.965
2021-03-26 04:32:46,307 - INFO: 12950 move(s) completed (22 accepted (0.1699 %)). Current N = 2. Average N = 1.966
2021-03-26 04:32:54,991 - INFO: 13000 move(s) completed (22 accepted (0.1692 %)). Current N = 2. Average N = 1.966
2021-03-26 04:33:04,102 - INFO: 13050 move(s) completed (22 accepted (0.1686 %)). Current N = 2. Average N = 1.966
2021-03-26 04:33:12,555 - INFO: 13100 move(s) completed (22 accepted (0.1679 %)). Current N = 2. Average N = 1.966
2021-03-26 04:33:21,270 - INFO: 13150 move(s) completed (22 accepted (0.1673 %)). Current N = 2. Average N = 1.966
2021-03-26 04:33:30,551 - INFO: 13200 move(s) completed (22 accepted (0.1667 %)). Current N = 2. Average N = 1.966
2021-03-26 04:33:39,110 - INFO: 13250 move(s) completed (22 accepted (0.1660 %)). Current N = 2. Average N = 1.966
2021-03-26 04:33:48,443 - INFO: 13300 move(s) completed (22 accepted (0.1654 %)). Current N = 2. Average N = 1.966
2021-03-26 04:33:57,084 - INFO: 13350 move(s) completed (22 accepted (0.1648 %)). Current N = 2. Average N = 1.967
2021-03-26 04:34:06,429 - INFO: 13400 move(s) completed (22 accepted (0.1642 %)). Current N = 2. Average N = 1.967
2021-03-26 04:34:14,927 - INFO: 13450 move(s) completed (22 accepted (0.1636 %)). Current N = 2. Average N = 1.967
2021-03-26 04:34:24,045 - INFO: 13500 move(s) completed (22 accepted (0.1630 %)). Current N = 2. Average N = 1.967
2021-03-26 04:34:32,485 - INFO: 13550 move(s) completed (22 accepted (0.1624 %)). Current N = 2. Average N = 1.967
2021-03-26 04:34:41,479 - INFO: 13600 move(s) completed (22 accepted (0.1618 %)). Current N = 2. Average N = 1.967
2021-03-26 04:34:50,813 - INFO: 13650 move(s) completed (22 accepted (0.1612 %)). Current N = 2. Average N = 1.967
2021-03-26 04:34:59,627 - INFO: 13700 move(s) completed (22 accepted (0.1606 %)). Current N = 2. Average N = 1.967
2021-03-26 04:35:08,712 - INFO: 13750 move(s) completed (22 accepted (0.1600 %)). Current N = 2. Average N = 1.968
2021-03-26 04:35:17,292 - INFO: 13800 move(s) completed (22 accepted (0.1594 %)). Current N = 2. Average N = 1.968
2021-03-26 04:35:26,261 - INFO: 13850 move(s) completed (22 accepted (0.1588 %)). Current N = 2. Average N = 1.968
2021-03-26 04:35:35,715 - INFO: 13900 move(s) completed (22 accepted (0.1583 %)). Current N = 2. Average N = 1.968
2021-03-26 04:35:44,350 - INFO: 13950 move(s) completed (22 accepted (0.1577 %)). Current N = 2. Average N = 1.968
2021-03-26 04:35:53,541 - INFO: 14000 move(s) completed (22 accepted (0.1571 %)). Current N = 2. Average N = 1.968
2021-03-26 04:36:02,203 - INFO: 14050 move(s) completed (22 accepted (0.1566 %)). Current N = 2. Average N = 1.968
2021-03-26 04:36:11,483 - INFO: 14100 move(s) completed (22 accepted (0.1560 %)). Current N = 2. Average N = 1.968
2021-03-26 04:36:20,374 - INFO: 14150 move(s) completed (22 accepted (0.1555 %)). Current N = 2. Average N = 1.968
2021-03-26 04:36:29,286 - INFO: 14200 move(s) completed (22 accepted (0.1549 %)). Current N = 2. Average N = 1.969
2021-03-26 04:36:38,620 - INFO: 14250 move(s) completed (22 accepted (0.1544 %)). Current N = 2. Average N = 1.969
2021-03-26 04:36:47,536 - INFO: 14300 move(s) completed (22 accepted (0.1538 %)). Current N = 2. Average N = 1.969
2021-03-26 04:36:56,660 - INFO: 14350 move(s) completed (22 accepted (0.1533 %)). Current N = 2. Average N = 1.969
2021-03-26 04:37:05,476 - INFO: 14400 move(s) completed (22 accepted (0.1528 %)). Current N = 2. Average N = 1.969
2021-03-26 04:37:14,154 - INFO: 14450 move(s) completed (22 accepted (0.1522 %)). Current N = 2. Average N = 1.969
2021-03-26 04:37:23,090 - INFO: 14500 move(s) completed (22 accepted (0.1517 %)). Current N = 2. Average N = 1.969
2021-03-26 04:37:31,640 - INFO: 14550 move(s) completed (22 accepted (0.1512 %)). Current N = 2. Average N = 1.969
2021-03-26 04:37:40,927 - INFO: 14600 move(s) completed (22 accepted (0.1507 %)). Current N = 2. Average N = 1.970
2021-03-26 04:37:49,715 - INFO: 14650 move(s) completed (22 accepted (0.1502 %)). Current N = 2. Average N = 1.970
2021-03-26 04:37:58,597 - INFO: 14700 move(s) completed (22 accepted (0.1497 %)). Current N = 2. Average N = 1.970
2021-03-26 04:38:07,234 - INFO: 14750 move(s) completed (22 accepted (0.1492 %)). Current N = 2. Average N = 1.970
2021-03-26 04:38:16,099 - INFO: 14800 move(s) completed (22 accepted (0.1486 %)). Current N = 2. Average N = 1.970
2021-03-26 04:38:25,382 - INFO: 14850 move(s) completed (22 accepted (0.1481 %)). Current N = 2. Average N = 1.970
2021-03-26 04:38:34,029 - INFO: 14900 move(s) completed (22 accepted (0.1477 %)). Current N = 2. Average N = 1.970
2021-03-26 04:38:43,194 - INFO: 14950 move(s) completed (22 accepted (0.1472 %)). Current N = 2. Average N = 1.970
2021-03-26 04:38:51,859 - INFO: 15000 move(s) completed (22 accepted (0.1467 %)). Current N = 2. Average N = 1.970
2021-03-26 04:39:00,933 - INFO: 15050 move(s) completed (22 accepted (0.1462 %)). Current N = 2. Average N = 1.970
2021-03-26 04:39:10,331 - INFO: 15100 move(s) completed (22 accepted (0.1457 %)). Current N = 2. Average N = 1.970
2021-03-26 04:39:19,364 - INFO: 15150 move(s) completed (22 accepted (0.1452 %)). Current N = 2. Average N = 1.971
2021-03-26 04:39:28,749 - INFO: 15200 move(s) completed (22 accepted (0.1447 %)). Current N = 2. Average N = 1.971
2021-03-26 04:39:37,332 - INFO: 15250 move(s) completed (22 accepted (0.1443 %)). Current N = 2. Average N = 1.971
2021-03-26 04:39:46,191 - INFO: 15300 move(s) completed (22 accepted (0.1438 %)). Current N = 2. Average N = 1.971
2021-03-26 04:39:54,810 - INFO: 15350 move(s) completed (22 accepted (0.1433 %)). Current N = 2. Average N = 1.971
2021-03-26 04:40:03,806 - INFO: 15400 move(s) completed (22 accepted (0.1429 %)). Current N = 2. Average N = 1.971
2021-03-26 04:40:13,257 - INFO: 15450 move(s) completed (22 accepted (0.1424 %)). Current N = 2. Average N = 1.971
2021-03-26 04:40:21,889 - INFO: 15500 move(s) completed (22 accepted (0.1419 %)). Current N = 2. Average N = 1.971
2021-03-26 04:40:31,101 - INFO: 15550 move(s) completed (22 accepted (0.1415 %)). Current N = 2. Average N = 1.971
2021-03-26 04:40:39,602 - INFO: 15600 move(s) completed (22 accepted (0.1410 %)). Current N = 2. Average N = 1.971
2021-03-26 04:40:48,660 - INFO: 15650 move(s) completed (22 accepted (0.1406 %)). Current N = 2. Average N = 1.972
2021-03-26 04:40:57,939 - INFO: 15700 move(s) completed (22 accepted (0.1401 %)). Current N = 2. Average N = 1.972
2021-03-26 04:41:06,850 - INFO: 15750 move(s) completed (22 accepted (0.1397 %)). Current N = 2. Average N = 1.972
2021-03-26 04:41:16,039 - INFO: 15800 move(s) completed (22 accepted (0.1392 %)). Current N = 2. Average N = 1.972
2021-03-26 04:41:24,564 - INFO: 15850 move(s) completed (22 accepted (0.1388 %)). Current N = 2. Average N = 1.972
2021-03-26 04:41:33,501 - INFO: 15900 move(s) completed (22 accepted (0.1384 %)). Current N = 2. Average N = 1.972
2021-03-26 04:41:42,764 - INFO: 15950 move(s) completed (22 accepted (0.1379 %)). Current N = 2. Average N = 1.972
2021-03-26 04:41:51,179 - INFO: 16000 move(s) completed (22 accepted (0.1375 %)). Current N = 2. Average N = 1.972
2021-03-26 04:42:00,445 - INFO: 16050 move(s) completed (22 accepted (0.1371 %)). Current N = 2. Average N = 1.972
2021-03-26 04:42:09,124 - INFO: 16100 move(s) completed (22 accepted (0.1366 %)). Current N = 2. Average N = 1.972
2021-03-26 04:42:18,318 - INFO: 16150 move(s) completed (24 accepted (0.1486 %)). Current N = 2. Average N = 1.973
2021-03-26 04:42:26,983 - INFO: 16200 move(s) completed (24 accepted (0.1481 %)). Current N = 2. Average N = 1.973
2021-03-26 04:42:35,975 - INFO: 16250 move(s) completed (24 accepted (0.1477 %)). Current N = 2. Average N = 1.973
2021-03-26 04:42:45,404 - INFO: 16300 move(s) completed (24 accepted (0.1472 %)). Current N = 2. Average N = 1.973
2021-03-26 04:42:54,263 - INFO: 16350 move(s) completed (24 accepted (0.1468 %)). Current N = 2. Average N = 1.973
2021-03-26 04:43:03,387 - INFO: 16400 move(s) completed (24 accepted (0.1463 %)). Current N = 2. Average N = 1.973
2021-03-26 04:43:12,194 - INFO: 16450 move(s) completed (24 accepted (0.1459 %)). Current N = 2. Average N = 1.973
2021-03-26 04:43:21,219 - INFO: 16500 move(s) completed (24 accepted (0.1455 %)). Current N = 2. Average N = 1.973
2021-03-26 04:43:29,941 - INFO: 16550 move(s) completed (24 accepted (0.1450 %)). Current N = 2. Average N = 1.974
2021-03-26 04:43:38,830 - INFO: 16600 move(s) completed (24 accepted (0.1446 %)). Current N = 2. Average N = 1.974
2021-03-26 04:43:48,176 - INFO: 16650 move(s) completed (24 accepted (0.1441 %)). Current N = 2. Average N = 1.974
2021-03-26 04:43:56,850 - INFO: 16700 move(s) completed (24 accepted (0.1437 %)). Current N = 2. Average N = 1.974
2021-03-26 04:44:05,989 - INFO: 16750 move(s) completed (24 accepted (0.1433 %)). Current N = 2. Average N = 1.974
2021-03-26 04:44:14,575 - INFO: 16800 move(s) completed (24 accepted (0.1429 %)). Current N = 2. Average N = 1.974
2021-03-26 04:44:23,508 - INFO: 16850 move(s) completed (24 accepted (0.1424 %)). Current N = 2. Average N = 1.974
2021-03-26 04:44:31,933 - INFO: 16900 move(s) completed (24 accepted (0.1420 %)). Current N = 2. Average N = 1.974
2021-03-26 04:44:40,780 - INFO: 16950 move(s) completed (24 accepted (0.1416 %)). Current N = 2. Average N = 1.974
2021-03-26 04:44:49,897 - INFO: 17000 move(s) completed (24 accepted (0.1412 %)). Current N = 2. Average N = 1.974
2021-03-26 04:44:58,880 - INFO: 17050 move(s) completed (24 accepted (0.1408 %)). Current N = 2. Average N = 1.974
2021-03-26 04:45:07,967 - INFO: 17100 move(s) completed (24 accepted (0.1404 %)). Current N = 2. Average N = 1.974
2021-03-26 04:45:16,670 - INFO: 17150 move(s) completed (24 accepted (0.1399 %)). Current N = 2. Average N = 1.974
2021-03-26 04:45:25,654 - INFO: 17200 move(s) completed (24 accepted (0.1395 %)). Current N = 2. Average N = 1.974
2021-03-26 04:45:34,177 - INFO: 17250 move(s) completed (24 accepted (0.1391 %)). Current N = 2. Average N = 1.975
2021-03-26 04:45:42,997 - INFO: 17300 move(s) completed (24 accepted (0.1387 %)). Current N = 2. Average N = 1.975
2021-03-26 04:45:52,441 - INFO: 17350 move(s) completed (24 accepted (0.1383 %)). Current N = 2. Average N = 1.975
2021-03-26 04:46:01,032 - INFO: 17400 move(s) completed (24 accepted (0.1379 %)). Current N = 2. Average N = 1.975
2021-03-26 04:46:10,283 - INFO: 17450 move(s) completed (24 accepted (0.1375 %)). Current N = 2. Average N = 1.975
2021-03-26 04:46:19,119 - INFO: 17500 move(s) completed (24 accepted (0.1371 %)). Current N = 2. Average N = 1.975
2021-03-26 04:46:28,298 - INFO: 17550 move(s) completed (24 accepted (0.1368 %)). Current N = 2. Average N = 1.975
2021-03-26 04:46:37,014 - INFO: 17600 move(s) completed (24 accepted (0.1364 %)). Current N = 2. Average N = 1.975
2021-03-26 04:46:45,624 - INFO: 17650 move(s) completed (24 accepted (0.1360 %)). Current N = 2. Average N = 1.975
2021-03-26 04:46:54,854 - INFO: 17700 move(s) completed (24 accepted (0.1356 %)). Current N = 2. Average N = 1.975
2021-03-26 04:47:03,693 - INFO: 17750 move(s) completed (24 accepted (0.1352 %)). Current N = 2. Average N = 1.975
2021-03-26 04:47:12,878 - INFO: 17800 move(s) completed (24 accepted (0.1348 %)). Current N = 2. Average N = 1.975
2021-03-26 04:47:21,662 - INFO: 17850 move(s) completed (24 accepted (0.1345 %)). Current N = 2. Average N = 1.975
2021-03-26 04:47:30,618 - INFO: 17900 move(s) completed (24 accepted (0.1341 %)). Current N = 2. Average N = 1.976
2021-03-26 04:47:39,027 - INFO: 17950 move(s) completed (24 accepted (0.1337 %)). Current N = 2. Average N = 1.976
2021-03-26 04:47:48,030 - INFO: 18000 move(s) completed (24 accepted (0.1333 %)). Current N = 2. Average N = 1.976
2021-03-26 04:47:56,538 - INFO: 18050 move(s) completed (24 accepted (0.1330 %)). Current N = 2. Average N = 1.976
2021-03-26 04:48:05,495 - INFO: 18100 move(s) completed (24 accepted (0.1326 %)). Current N = 2. Average N = 1.976
2021-03-26 04:48:15,031 - INFO: 18150 move(s) completed (24 accepted (0.1322 %)). Current N = 2. Average N = 1.976
2021-03-26 04:48:23,896 - INFO: 18200 move(s) completed (24 accepted (0.1319 %)). Current N = 2. Average N = 1.976
2021-03-26 04:48:33,006 - INFO: 18250 move(s) completed (24 accepted (0.1315 %)). Current N = 2. Average N = 1.976
2021-03-26 04:48:41,665 - INFO: 18300 move(s) completed (24 accepted (0.1311 %)). Current N = 2. Average N = 1.976
2021-03-26 04:48:50,643 - INFO: 18350 move(s) completed (24 accepted (0.1308 %)). Current N = 2. Average N = 1.976
2021-03-26 04:49:00,142 - INFO: 18400 move(s) completed (24 accepted (0.1304 %)). Current N = 2. Average N = 1.976
2021-03-26 04:49:09,104 - INFO: 18450 move(s) completed (24 accepted (0.1301 %)). Current N = 2. Average N = 1.976
2021-03-26 04:49:18,421 - INFO: 18500 move(s) completed (24 accepted (0.1297 %)). Current N = 2. Average N = 1.976
2021-03-26 04:49:27,107 - INFO: 18550 move(s) completed (24 accepted (0.1294 %)). Current N = 2. Average N = 1.976
2021-03-26 04:49:36,131 - INFO: 18600 move(s) completed (24 accepted (0.1290 %)). Current N = 2. Average N = 1.976
2021-03-26 04:49:44,707 - INFO: 18650 move(s) completed (24 accepted (0.1287 %)). Current N = 2. Average N = 1.976
2021-03-26 04:49:53,847 - INFO: 18700 move(s) completed (24 accepted (0.1283 %)). Current N = 2. Average N = 1.976
2021-03-26 04:50:03,052 - INFO: 18750 move(s) completed (24 accepted (0.1280 %)). Current N = 2. Average N = 1.977
2021-03-26 04:50:12,063 - INFO: 18800 move(s) completed (24 accepted (0.1277 %)). Current N = 2. Average N = 1.977
2021-03-26 04:50:21,060 - INFO: 18850 move(s) completed (24 accepted (0.1273 %)). Current N = 2. Average N = 1.977
2021-03-26 04:50:29,714 - INFO: 18900 move(s) completed (24 accepted (0.1270 %)). Current N = 2. Average N = 1.977
2021-03-26 04:50:38,788 - INFO: 18950 move(s) completed (24 accepted (0.1266 %)). Current N = 2. Average N = 1.977
2021-03-26 04:50:47,962 - INFO: 19000 move(s) completed (24 accepted (0.1263 %)). Current N = 2. Average N = 1.977
2021-03-26 04:50:56,869 - INFO: 19050 move(s) completed (24 accepted (0.1260 %)). Current N = 2. Average N = 1.977
2021-03-26 04:51:06,176 - INFO: 19100 move(s) completed (24 accepted (0.1257 %)). Current N = 2. Average N = 1.977
2021-03-26 04:51:14,750 - INFO: 19150 move(s) completed (24 accepted (0.1253 %)). Current N = 2. Average N = 1.977
2021-03-26 04:51:23,928 - INFO: 19200 move(s) completed (24 accepted (0.1250 %)). Current N = 2. Average N = 1.977
2021-03-26 04:51:32,471 - INFO: 19250 move(s) completed (24 accepted (0.1247 %)). Current N = 2. Average N = 1.977
2021-03-26 04:51:41,560 - INFO: 19300 move(s) completed (24 accepted (0.1244 %)). Current N = 2. Average N = 1.977
2021-03-26 04:51:50,819 - INFO: 19350 move(s) completed (24 accepted (0.1240 %)). Current N = 2. Average N = 1.977
2021-03-26 04:51:59,713 - INFO: 19400 move(s) completed (24 accepted (0.1237 %)). Current N = 2. Average N = 1.977
2021-03-26 04:52:08,792 - INFO: 19450 move(s) completed (24 accepted (0.1234 %)). Current N = 2. Average N = 1.977
2021-03-26 04:52:17,438 - INFO: 19500 move(s) completed (24 accepted (0.1231 %)). Current N = 2. Average N = 1.978
2021-03-26 04:52:26,743 - INFO: 19550 move(s) completed (24 accepted (0.1228 %)). Current N = 2. Average N = 1.978
2021-03-26 04:52:36,101 - INFO: 19600 move(s) completed (25 accepted (0.1276 %)). Current N = 3. Average N = 1.979
2021-03-26 04:52:45,167 - INFO: 19650 move(s) completed (25 accepted (0.1272 %)). Current N = 3. Average N = 1.981
2021-03-26 04:52:54,329 - INFO: 19700 move(s) completed (25 accepted (0.1269 %)). Current N = 3. Average N = 1.984
2021-03-26 04:53:02,826 - INFO: 19750 move(s) completed (25 accepted (0.1266 %)). Current N = 3. Average N = 1.987
2021-03-26 04:53:11,866 - INFO: 19800 move(s) completed (25 accepted (0.1263 %)). Current N = 3. Average N = 1.989
2021-03-26 04:53:21,322 - INFO: 19850 move(s) completed (25 accepted (0.1259 %)). Current N = 3. Average N = 1.992
2021-03-26 04:53:30,131 - INFO: 19900 move(s) completed (25 accepted (0.1256 %)). Current N = 3. Average N = 1.994
2021-03-26 04:53:39,218 - INFO: 19950 move(s) completed (25 accepted (0.1253 %)). Current N = 3. Average N = 1.997
2021-03-26 04:53:47,949 - INFO: 20000 move(s) completed (25 accepted (0.1250 %)). Current N = 3. Average N = 1.999
2021-03-26 04:53:57,014 - INFO: 20050 move(s) completed (26 accepted (0.1297 %)). Current N = 2. Average N = 2.000
2021-03-26 04:54:05,795 - INFO: 20100 move(s) completed (26 accepted (0.1294 %)). Current N = 2. Average N = 2.000
2021-03-26 04:54:14,906 - INFO: 20150 move(s) completed (26 accepted (0.1290 %)). Current N = 2. Average N = 2.000
2021-03-26 04:54:23,954 - INFO: 20200 move(s) completed (26 accepted (0.1287 %)). Current N = 2. Average N = 2.000
2021-03-26 04:54:32,537 - INFO: 20250 move(s) completed (26 accepted (0.1284 %)). Current N = 2. Average N = 2.000
2021-03-26 04:54:41,708 - INFO: 20300 move(s) completed (26 accepted (0.1281 %)). Current N = 2. Average N = 2.000
2021-03-26 04:54:50,329 - INFO: 20350 move(s) completed (26 accepted (0.1278 %)). Current N = 2. Average N = 2.000
2021-03-26 04:54:59,264 - INFO: 20400 move(s) completed (26 accepted (0.1275 %)). Current N = 2. Average N = 2.000
2021-03-26 04:55:08,874 - INFO: 20450 move(s) completed (26 accepted (0.1271 %)). Current N = 2. Average N = 2.000
2021-03-26 04:55:17,575 - INFO: 20500 move(s) completed (26 accepted (0.1268 %)). Current N = 2. Average N = 2.000
2021-03-26 04:55:26,777 - INFO: 20550 move(s) completed (26 accepted (0.1265 %)). Current N = 2. Average N = 2.000
2021-03-26 04:55:35,390 - INFO: 20600 move(s) completed (26 accepted (0.1262 %)). Current N = 2. Average N = 2.000
2021-03-26 04:55:44,394 - INFO: 20650 move(s) completed (26 accepted (0.1259 %)). Current N = 2. Average N = 2.000
2021-03-26 04:55:52,674 - INFO: 20700 move(s) completed (26 accepted (0.1256 %)). Current N = 2. Average N = 2.000
2021-03-26 04:56:01,600 - INFO: 20750 move(s) completed (26 accepted (0.1253 %)). Current N = 2. Average N = 2.000
2021-03-26 04:56:10,947 - INFO: 20800 move(s) completed (26 accepted (0.1250 %)). Current N = 2. Average N = 2.000
2021-03-26 04:56:19,974 - INFO: 20850 move(s) completed (26 accepted (0.1247 %)). Current N = 2. Average N = 2.000
2021-03-26 04:56:29,086 - INFO: 20900 move(s) completed (26 accepted (0.1244 %)). Current N = 2. Average N = 2.000
2021-03-26 04:56:37,820 - INFO: 20950 move(s) completed (26 accepted (0.1241 %)). Current N = 2. Average N = 2.000
2021-03-26 04:56:46,629 - INFO: 21000 move(s) completed (26 accepted (0.1238 %)). Current N = 2. Average N = 2.000
2021-03-26 04:56:56,204 - INFO: 21050 move(s) completed (26 accepted (0.1235 %)). Current N = 2. Average N = 2.000
2021-03-26 04:57:05,034 - INFO: 21100 move(s) completed (26 accepted (0.1232 %)). Current N = 2. Average N = 2.000
2021-03-26 04:57:14,063 - INFO: 21150 move(s) completed (26 accepted (0.1229 %)). Current N = 2. Average N = 2.000
2021-03-26 04:57:22,750 - INFO: 21200 move(s) completed (26 accepted (0.1226 %)). Current N = 2. Average N = 2.000
2021-03-26 04:57:31,486 - INFO: 21250 move(s) completed (26 accepted (0.1224 %)). Current N = 2. Average N = 2.000
2021-03-26 04:57:40,127 - INFO: 21300 move(s) completed (26 accepted (0.1221 %)). Current N = 2. Average N = 2.000
2021-03-26 04:57:48,989 - INFO: 21350 move(s) completed (26 accepted (0.1218 %)). Current N = 2. Average N = 2.000
2021-03-26 04:57:58,122 - INFO: 21400 move(s) completed (26 accepted (0.1215 %)). Current N = 2. Average N = 2.000
2021-03-26 04:58:06,861 - INFO: 21450 move(s) completed (26 accepted (0.1212 %)). Current N = 2. Average N = 2.000
2021-03-26 04:58:15,910 - INFO: 21500 move(s) completed (26 accepted (0.1209 %)). Current N = 2. Average N = 2.000
2021-03-26 04:58:24,500 - INFO: 21550 move(s) completed (26 accepted (0.1206 %)). Current N = 2. Average N = 2.000
2021-03-26 04:58:33,583 - INFO: 21600 move(s) completed (26 accepted (0.1204 %)). Current N = 2. Average N = 2.000
2021-03-26 04:58:42,773 - INFO: 21650 move(s) completed (26 accepted (0.1201 %)). Current N = 2. Average N = 2.000
2021-03-26 04:58:51,693 - INFO: 21700 move(s) completed (26 accepted (0.1198 %)). Current N = 2. Average N = 2.000
2021-03-26 04:59:00,829 - INFO: 21750 move(s) completed (26 accepted (0.1195 %)). Current N = 2. Average N = 2.000
2021-03-26 04:59:09,359 - INFO: 21800 move(s) completed (26 accepted (0.1193 %)). Current N = 2. Average N = 2.000
2021-03-26 04:59:18,348 - INFO: 21850 move(s) completed (26 accepted (0.1190 %)). Current N = 2. Average N = 2.000
2021-03-26 04:59:27,061 - INFO: 21900 move(s) completed (26 accepted (0.1187 %)). Current N = 2. Average N = 2.000
2021-03-26 04:59:36,182 - INFO: 21950 move(s) completed (26 accepted (0.1185 %)). Current N = 2. Average N = 2.000
2021-03-26 04:59:45,564 - INFO: 22000 move(s) completed (26 accepted (0.1182 %)). Current N = 2. Average N = 2.000
2021-03-26 04:59:54,347 - INFO: 22050 move(s) completed (26 accepted (0.1179 %)). Current N = 2. Average N = 2.000
2021-03-26 05:00:03,630 - INFO: 22100 move(s) completed (26 accepted (0.1176 %)). Current N = 2. Average N = 2.000
2021-03-26 05:00:12,260 - INFO: 22150 move(s) completed (26 accepted (0.1174 %)). Current N = 2. Average N = 2.000
2021-03-26 05:00:21,200 - INFO: 22200 move(s) completed (26 accepted (0.1171 %)). Current N = 2. Average N = 2.000
2021-03-26 05:00:30,556 - INFO: 22250 move(s) completed (26 accepted (0.1169 %)). Current N = 2. Average N = 2.000
2021-03-26 05:00:39,200 - INFO: 22300 move(s) completed (26 accepted (0.1166 %)). Current N = 2. Average N = 2.000
2021-03-26 05:00:48,480 - INFO: 22350 move(s) completed (26 accepted (0.1163 %)). Current N = 2. Average N = 2.000
2021-03-26 05:00:57,300 - INFO: 22400 move(s) completed (26 accepted (0.1161 %)). Current N = 2. Average N = 2.000
2021-03-26 05:01:06,373 - INFO: 22450 move(s) completed (26 accepted (0.1158 %)). Current N = 2. Average N = 2.000
2021-03-26 05:01:15,042 - INFO: 22500 move(s) completed (26 accepted (0.1156 %)). Current N = 2. Average N = 2.000
2021-03-26 05:01:24,082 - INFO: 22550 move(s) completed (26 accepted (0.1153 %)). Current N = 2. Average N = 2.000
2021-03-26 05:01:32,690 - INFO: 22600 move(s) completed (26 accepted (0.1150 %)). Current N = 2. Average N = 2.000
2021-03-26 05:01:41,678 - INFO: 22650 move(s) completed (26 accepted (0.1148 %)). Current N = 2. Average N = 2.000
2021-03-26 05:01:51,067 - INFO: 22700 move(s) completed (26 accepted (0.1145 %)). Current N = 2. Average N = 2.000
2021-03-26 05:01:59,823 - INFO: 22750 move(s) completed (26 accepted (0.1143 %)). Current N = 2. Average N = 2.000
2021-03-26 05:02:08,929 - INFO: 22800 move(s) completed (26 accepted (0.1140 %)). Current N = 2. Average N = 2.000
2021-03-26 05:02:17,559 - INFO: 22850 move(s) completed (26 accepted (0.1138 %)). Current N = 2. Average N = 2.000
2021-03-26 05:02:26,461 - INFO: 22900 move(s) completed (26 accepted (0.1135 %)). Current N = 2. Average N = 2.000
2021-03-26 05:02:35,745 - INFO: 22950 move(s) completed (26 accepted (0.1133 %)). Current N = 2. Average N = 2.000
2021-03-26 05:02:44,629 - INFO: 23000 move(s) completed (26 accepted (0.1130 %)). Current N = 2. Average N = 2.000
2021-03-26 05:02:53,666 - INFO: 23050 move(s) completed (26 accepted (0.1128 %)). Current N = 2. Average N = 2.000
2021-03-26 05:03:02,395 - INFO: 23100 move(s) completed (26 accepted (0.1126 %)). Current N = 2. Average N = 2.000
2021-03-26 05:03:11,571 - INFO: 23150 move(s) completed (26 accepted (0.1123 %)). Current N = 2. Average N = 2.000
2021-03-26 05:03:20,325 - INFO: 23200 move(s) completed (26 accepted (0.1121 %)). Current N = 2. Average N = 2.000
2021-03-26 05:03:29,369 - INFO: 23250 move(s) completed (26 accepted (0.1118 %)). Current N = 2. Average N = 2.000
2021-03-26 05:03:38,532 - INFO: 23300 move(s) completed (26 accepted (0.1116 %)). Current N = 2. Average N = 2.000
2021-03-26 05:03:47,179 - INFO: 23350 move(s) completed (26 accepted (0.1113 %)). Current N = 2. Average N = 2.000
2021-03-26 05:03:56,361 - INFO: 23400 move(s) completed (26 accepted (0.1111 %)). Current N = 2. Average N = 2.000
2021-03-26 05:04:05,099 - INFO: 23450 move(s) completed (26 accepted (0.1109 %)). Current N = 2. Average N = 2.000
2021-03-26 05:04:13,882 - INFO: 23500 move(s) completed (26 accepted (0.1106 %)). Current N = 2. Average N = 2.000
2021-03-26 05:04:22,177 - INFO: 23550 move(s) completed (26 accepted (0.1104 %)). Current N = 2. Average N = 2.000
2021-03-26 05:04:30,867 - INFO: 23600 move(s) completed (26 accepted (0.1102 %)). Current N = 2. Average N = 2.000
2021-03-26 05:04:40,321 - INFO: 23650 move(s) completed (26 accepted (0.1099 %)). Current N = 2. Average N = 2.000
2021-03-26 05:04:49,059 - INFO: 23700 move(s) completed (26 accepted (0.1097 %)). Current N = 2. Average N = 2.000
2021-03-26 05:04:58,336 - INFO: 23750 move(s) completed (26 accepted (0.1095 %)). Current N = 2. Average N = 2.000
2021-03-26 05:05:06,949 - INFO: 23800 move(s) completed (26 accepted (0.1092 %)). Current N = 2. Average N = 2.000
2021-03-26 05:05:16,203 - INFO: 23850 move(s) completed (26 accepted (0.1090 %)). Current N = 2. Average N = 2.000
2021-03-26 05:05:24,575 - INFO: 23900 move(s) completed (26 accepted (0.1088 %)). Current N = 2. Average N = 2.000
2021-03-26 05:05:33,485 - INFO: 23950 move(s) completed (26 accepted (0.1086 %)). Current N = 2. Average N = 2.000
2021-03-26 05:05:42,628 - INFO: 24000 move(s) completed (26 accepted (0.1083 %)). Current N = 2. Average N = 2.000
2021-03-26 05:05:51,299 - INFO: 24050 move(s) completed (26 accepted (0.1081 %)). Current N = 2. Average N = 2.000
2021-03-26 05:06:00,631 - INFO: 24100 move(s) completed (26 accepted (0.1079 %)). Current N = 2. Average N = 2.000
2021-03-26 05:06:09,111 - INFO: 24150 move(s) completed (26 accepted (0.1077 %)). Current N = 2. Average N = 2.000
2021-03-26 05:06:18,206 - INFO: 24200 move(s) completed (26 accepted (0.1074 %)). Current N = 2. Average N = 2.000
2021-03-26 05:06:27,437 - INFO: 24250 move(s) completed (26 accepted (0.1072 %)). Current N = 2. Average N = 2.000
2021-03-26 05:06:36,430 - INFO: 24300 move(s) completed (26 accepted (0.1070 %)). Current N = 2. Average N = 2.000
2021-03-26 05:06:45,499 - INFO: 24350 move(s) completed (26 accepted (0.1068 %)). Current N = 2. Average N = 2.000
2021-03-26 05:06:54,258 - INFO: 24400 move(s) completed (26 accepted (0.1066 %)). Current N = 2. Average N = 2.000
2021-03-26 05:07:03,551 - INFO: 24450 move(s) completed (26 accepted (0.1063 %)). Current N = 2. Average N = 2.000
2021-03-26 05:07:12,025 - INFO: 24500 move(s) completed (26 accepted (0.1061 %)). Current N = 2. Average N = 2.000
2021-03-26 05:07:20,769 - INFO: 24550 move(s) completed (26 accepted (0.1059 %)). Current N = 2. Average N = 2.000
2021-03-26 05:07:30,240 - INFO: 24600 move(s) completed (26 accepted (0.1057 %)). Current N = 2. Average N = 2.000
2021-03-26 05:07:38,747 - INFO: 24650 move(s) completed (26 accepted (0.1055 %)). Current N = 2. Average N = 2.000
2021-03-26 05:07:47,825 - INFO: 24700 move(s) completed (26 accepted (0.1053 %)). Current N = 2. Average N = 2.000
2021-03-26 05:07:56,544 - INFO: 24750 move(s) completed (26 accepted (0.1051 %)). Current N = 2. Average N = 2.000
2021-03-26 05:08:05,504 - INFO: 24800 move(s) completed (26 accepted (0.1048 %)). Current N = 2. Average N = 2.000
2021-03-26 05:08:13,929 - INFO: 24850 move(s) completed (26 accepted (0.1046 %)). Current N = 2. Average N = 2.000
2021-03-26 05:08:22,896 - INFO: 24900 move(s) completed (26 accepted (0.1044 %)). Current N = 2. Average N = 2.000
2021-03-26 05:08:32,046 - INFO: 24950 move(s) completed (26 accepted (0.1042 %)). Current N = 2. Average N = 2.000
2021-03-26 05:08:40,867 - INFO: 25000 move(s) completed (26 accepted (0.1040 %)). Current N = 2. Average N = 2.000
2021-03-26 05:08:50,038 - INFO: 25050 move(s) completed (26 accepted (0.1038 %)). Current N = 2. Average N = 2.000
2021-03-26 05:08:58,778 - INFO: 25100 move(s) completed (26 accepted (0.1036 %)). Current N = 2. Average N = 2.000
2021-03-26 05:09:07,718 - INFO: 25150 move(s) completed (26 accepted (0.1034 %)). Current N = 2. Average N = 2.000
2021-03-26 05:09:17,137 - INFO: 25200 move(s) completed (26 accepted (0.1032 %)). Current N = 2. Average N = 2.000
2021-03-26 05:09:25,829 - INFO: 25250 move(s) completed (26 accepted (0.1030 %)). Current N = 2. Average N = 2.000
2021-03-26 05:09:35,015 - INFO: 25300 move(s) completed (28 accepted (0.1107 %)). Current N = 2. Average N = 2.000
2021-03-26 05:09:43,634 - INFO: 25350 move(s) completed (28 accepted (0.1105 %)). Current N = 2. Average N = 2.000
2021-03-26 05:09:52,722 - INFO: 25400 move(s) completed (28 accepted (0.1102 %)). Current N = 2. Average N = 2.000
2021-03-26 05:10:01,385 - INFO: 25450 move(s) completed (28 accepted (0.1100 %)). Current N = 2. Average N = 2.000
2021-03-26 05:10:10,425 - INFO: 25500 move(s) completed (28 accepted (0.1098 %)). Current N = 2. Average N = 2.000
2021-03-26 05:10:19,604 - INFO: 25550 move(s) completed (28 accepted (0.1096 %)). Current N = 2. Average N = 2.000
2021-03-26 05:10:28,534 - INFO: 25600 move(s) completed (28 accepted (0.1094 %)). Current N = 2. Average N = 2.000
2021-03-26 05:10:37,738 - INFO: 25650 move(s) completed (28 accepted (0.1092 %)). Current N = 2. Average N = 2.000
2021-03-26 05:10:46,500 - INFO: 25700 move(s) completed (28 accepted (0.1089 %)). Current N = 2. Average N = 2.000
2021-03-26 05:10:55,622 - INFO: 25750 move(s) completed (28 accepted (0.1087 %)). Current N = 2. Average N = 2.000
2021-03-26 05:11:05,007 - INFO: 25800 move(s) completed (28 accepted (0.1085 %)). Current N = 2. Average N = 2.000
2021-03-26 05:11:13,791 - INFO: 25850 move(s) completed (28 accepted (0.1083 %)). Current N = 2. Average N = 2.000
2021-03-26 05:11:22,913 - INFO: 25900 move(s) completed (28 accepted (0.1081 %)). Current N = 2. Average N = 2.000
2021-03-26 05:11:31,456 - INFO: 25950 move(s) completed (28 accepted (0.1079 %)). Current N = 2. Average N = 2.000
2021-03-26 05:11:40,813 - INFO: 26000 move(s) completed (28 accepted (0.1077 %)). Current N = 2. Average N = 2.000
2021-03-26 05:11:49,338 - INFO: 26050 move(s) completed (28 accepted (0.1075 %)). Current N = 2. Average N = 2.000
2021-03-26 05:11:58,194 - INFO: 26100 move(s) completed (28 accepted (0.1073 %)). Current N = 2. Average N = 2.000
2021-03-26 05:12:07,492 - INFO: 26150 move(s) completed (29 accepted (0.1109 %)). Current N = 3. Average N = 2.002
2021-03-26 05:12:16,176 - INFO: 26200 move(s) completed (29 accepted (0.1107 %)). Current N = 3. Average N = 2.004
2021-03-26 05:12:25,303 - INFO: 26250 move(s) completed (29 accepted (0.1105 %)). Current N = 3. Average N = 2.006
2021-03-26 05:12:33,789 - INFO: 26300 move(s) completed (29 accepted (0.1103 %)). Current N = 3. Average N = 2.008
2021-03-26 05:12:42,607 - INFO: 26350 move(s) completed (29 accepted (0.1101 %)). Current N = 3. Average N = 2.010
2021-03-26 05:12:51,168 - INFO: 26400 move(s) completed (29 accepted (0.1098 %)). Current N = 3. Average N = 2.011
2021-03-26 05:13:00,034 - INFO: 26450 move(s) completed (30 accepted (0.1134 %)). Current N = 2. Average N = 2.012
2021-03-26 05:13:09,006 - INFO: 26500 move(s) completed (30 accepted (0.1132 %)). Current N = 2. Average N = 2.012
2021-03-26 05:13:17,866 - INFO: 26550 move(s) completed (30 accepted (0.1130 %)). Current N = 2. Average N = 2.012
2021-03-26 05:13:27,073 - INFO: 26600 move(s) completed (30 accepted (0.1128 %)). Current N = 2. Average N = 2.012
2021-03-26 05:13:35,693 - INFO: 26650 move(s) completed (30 accepted (0.1126 %)). Current N = 2. Average N = 2.012
2021-03-26 05:13:44,833 - INFO: 26700 move(s) completed (30 accepted (0.1124 %)). Current N = 2. Average N = 2.012
2021-03-26 05:13:54,047 - INFO: 26750 move(s) completed (30 accepted (0.1121 %)). Current N = 2. Average N = 2.012
2021-03-26 05:14:02,921 - INFO: 26800 move(s) completed (30 accepted (0.1119 %)). Current N = 2. Average N = 2.012
2021-03-26 05:14:12,099 - INFO: 26850 move(s) completed (30 accepted (0.1117 %)). Current N = 2. Average N = 2.012
2021-03-26 05:14:20,640 - INFO: 26900 move(s) completed (30 accepted (0.1115 %)). Current N = 2. Average N = 2.012
2021-03-26 05:14:29,706 - INFO: 26950 move(s) completed (30 accepted (0.1113 %)). Current N = 2. Average N = 2.012
2021-03-26 05:14:38,477 - INFO: 27000 move(s) completed (30 accepted (0.1111 %)). Current N = 2. Average N = 2.012
2021-03-26 05:14:47,444 - INFO: 27050 move(s) completed (30 accepted (0.1109 %)). Current N = 2. Average N = 2.012
2021-03-26 05:14:56,487 - INFO: 27100 move(s) completed (30 accepted (0.1107 %)). Current N = 2. Average N = 2.012
2021-03-26 05:15:05,207 - INFO: 27150 move(s) completed (30 accepted (0.1105 %)). Current N = 2. Average N = 2.012
2021-03-26 05:15:14,321 - INFO: 27200 move(s) completed (30 accepted (0.1103 %)). Current N = 2. Average N = 2.012
2021-03-26 05:15:22,887 - INFO: 27250 move(s) completed (30 accepted (0.1101 %)). Current N = 2. Average N = 2.012
2021-03-26 05:15:32,189 - INFO: 27300 move(s) completed (30 accepted (0.1099 %)). Current N = 2. Average N = 2.012
2021-03-26 05:15:41,541 - INFO: 27350 move(s) completed (30 accepted (0.1097 %)). Current N = 2. Average N = 2.012
2021-03-26 05:15:50,339 - INFO: 27400 move(s) completed (30 accepted (0.1095 %)). Current N = 2. Average N = 2.012
2021-03-26 05:15:59,388 - INFO: 27450 move(s) completed (30 accepted (0.1093 %)). Current N = 2. Average N = 2.012
2021-03-26 05:16:07,787 - INFO: 27500 move(s) completed (30 accepted (0.1091 %)). Current N = 2. Average N = 2.012
2021-03-26 05:16:16,918 - INFO: 27550 move(s) completed (30 accepted (0.1089 %)). Current N = 2. Average N = 2.012
2021-03-26 05:16:25,591 - INFO: 27600 move(s) completed (30 accepted (0.1087 %)). Current N = 2. Average N = 2.012
2021-03-26 05:16:34,404 - INFO: 27650 move(s) completed (30 accepted (0.1085 %)). Current N = 2. Average N = 2.012
2021-03-26 05:16:43,409 - INFO: 27700 move(s) completed (30 accepted (0.1083 %)). Current N = 2. Average N = 2.012
2021-03-26 05:16:52,369 - INFO: 27750 move(s) completed (30 accepted (0.1081 %)). Current N = 2. Average N = 2.012
2021-03-26 05:17:01,429 - INFO: 27800 move(s) completed (30 accepted (0.1079 %)). Current N = 2. Average N = 2.012
2021-03-26 05:17:10,259 - INFO: 27850 move(s) completed (30 accepted (0.1077 %)). Current N = 2. Average N = 2.012
2021-03-26 05:17:19,166 - INFO: 27900 move(s) completed (30 accepted (0.1075 %)). Current N = 2. Average N = 2.012
2021-03-26 05:17:28,377 - INFO: 27950 move(s) completed (30 accepted (0.1073 %)). Current N = 2. Average N = 2.012
2021-03-26 05:17:37,234 - INFO: 28000 move(s) completed (30 accepted (0.1071 %)). Current N = 2. Average N = 2.011
2021-03-26 05:17:46,441 - INFO: 28050 move(s) completed (30 accepted (0.1070 %)). Current N = 2. Average N = 2.011
2021-03-26 05:17:55,000 - INFO: 28100 move(s) completed (30 accepted (0.1068 %)). Current N = 2. Average N = 2.011
2021-03-26 05:18:04,117 - INFO: 28150 move(s) completed (30 accepted (0.1066 %)). Current N = 2. Average N = 2.011
2021-03-26 05:18:13,551 - INFO: 28200 move(s) completed (30 accepted (0.1064 %)). Current N = 2. Average N = 2.011
2021-03-26 05:18:22,433 - INFO: 28250 move(s) completed (30 accepted (0.1062 %)). Current N = 2. Average N = 2.011
2021-03-26 05:18:31,530 - INFO: 28300 move(s) completed (30 accepted (0.1060 %)). Current N = 2. Average N = 2.011
2021-03-26 05:18:40,228 - INFO: 28350 move(s) completed (30 accepted (0.1058 %)). Current N = 2. Average N = 2.011
2021-03-26 05:18:49,316 - INFO: 28400 move(s) completed (30 accepted (0.1056 %)). Current N = 2. Average N = 2.011
2021-03-26 05:18:57,885 - INFO: 28450 move(s) completed (30 accepted (0.1054 %)). Current N = 2. Average N = 2.011
2021-03-26 05:19:06,863 - INFO: 28500 move(s) completed (30 accepted (0.1053 %)). Current N = 2. Average N = 2.011
2021-03-26 05:19:16,114 - INFO: 28550 move(s) completed (30 accepted (0.1051 %)). Current N = 2. Average N = 2.011
2021-03-26 05:19:25,142 - INFO: 28600 move(s) completed (30 accepted (0.1049 %)). Current N = 2. Average N = 2.011
2021-03-26 05:19:34,362 - INFO: 28650 move(s) completed (30 accepted (0.1047 %)). Current N = 2. Average N = 2.011
2021-03-26 05:19:43,257 - INFO: 28700 move(s) completed (30 accepted (0.1045 %)). Current N = 2. Average N = 2.011
2021-03-26 05:19:52,295 - INFO: 28750 move(s) completed (32 accepted (0.1113 %)). Current N = 2. Average N = 2.011
2021-03-26 05:20:01,541 - INFO: 28800 move(s) completed (32 accepted (0.1111 %)). Current N = 2. Average N = 2.011
2021-03-26 05:20:10,698 - INFO: 28850 move(s) completed (32 accepted (0.1109 %)). Current N = 2. Average N = 2.011
2021-03-26 05:20:20,098 - INFO: 28900 move(s) completed (32 accepted (0.1107 %)). Current N = 2. Average N = 2.011
2021-03-26 05:20:28,713 - INFO: 28950 move(s) completed (32 accepted (0.1105 %)). Current N = 2. Average N = 2.011
2021-03-26 05:20:37,485 - INFO: 29000 move(s) completed (32 accepted (0.1103 %)). Current N = 2. Average N = 2.011
2021-03-26 05:20:46,060 - INFO: 29050 move(s) completed (32 accepted (0.1102 %)). Current N = 2. Average N = 2.011
2021-03-26 05:20:55,004 - INFO: 29100 move(s) completed (32 accepted (0.1100 %)). Current N = 2. Average N = 2.011
2021-03-26 05:21:04,316 - INFO: 29150 move(s) completed (32 accepted (0.1098 %)). Current N = 2. Average N = 2.011
2021-03-26 05:21:13,257 - INFO: 29200 move(s) completed (32 accepted (0.1096 %)). Current N = 2. Average N = 2.011
2021-03-26 05:21:22,071 - INFO: 29250 move(s) completed (32 accepted (0.1094 %)). Current N = 2. Average N = 2.011
2021-03-26 05:21:30,637 - INFO: 29300 move(s) completed (32 accepted (0.1092 %)). Current N = 2. Average N = 2.011
2021-03-26 05:21:39,472 - INFO: 29350 move(s) completed (32 accepted (0.1090 %)). Current N = 2. Average N = 2.011
2021-03-26 05:21:48,823 - INFO: 29400 move(s) completed (32 accepted (0.1088 %)). Current N = 2. Average N = 2.011
2021-03-26 05:21:57,518 - INFO: 29450 move(s) completed (32 accepted (0.1087 %)). Current N = 2. Average N = 2.011
2021-03-26 05:22:06,521 - INFO: 29500 move(s) completed (32 accepted (0.1085 %)). Current N = 2. Average N = 2.011
2021-03-26 05:22:15,227 - INFO: 29550 move(s) completed (32 accepted (0.1083 %)). Current N = 2. Average N = 2.011
2021-03-26 05:22:24,408 - INFO: 29600 move(s) completed (32 accepted (0.1081 %)). Current N = 2. Average N = 2.011
2021-03-26 05:22:32,701 - INFO: 29650 move(s) completed (32 accepted (0.1079 %)). Current N = 2. Average N = 2.011
2021-03-26 05:22:41,603 - INFO: 29700 move(s) completed (32 accepted (0.1077 %)). Current N = 2. Average N = 2.011
2021-03-26 05:22:51,041 - INFO: 29750 move(s) completed (32 accepted (0.1076 %)). Current N = 2. Average N = 2.011
2021-03-26 05:22:59,971 - INFO: 29800 move(s) completed (32 accepted (0.1074 %)). Current N = 2. Average N = 2.011
2021-03-26 05:23:09,099 - INFO: 29850 move(s) completed (32 accepted (0.1072 %)). Current N = 2. Average N = 2.011
2021-03-26 05:23:17,937 - INFO: 29900 move(s) completed (32 accepted (0.1070 %)). Current N = 2. Average N = 2.011
2021-03-26 05:23:26,811 - INFO: 29950 move(s) completed (32 accepted (0.1068 %)). Current N = 2. Average N = 2.011
2021-03-26 05:23:35,444 - INFO: 30000 move(s) completed (32 accepted (0.1067 %)). Current N = 2. Average N = 2.011
2021-03-26 05:23:44,165 - INFO: 30050 move(s) completed (32 accepted (0.1065 %)). Current N = 2. Average N = 2.011
2021-03-26 05:23:53,491 - INFO: 30100 move(s) completed (32 accepted (0.1063 %)). Current N = 2. Average N = 2.011
2021-03-26 05:24:02,461 - INFO: 30150 move(s) completed (34 accepted (0.1128 %)). Current N = 2. Average N = 2.011
2021-03-26 05:24:11,388 - INFO: 30200 move(s) completed (34 accepted (0.1126 %)). Current N = 2. Average N = 2.011
2021-03-26 05:24:20,071 - INFO: 30250 move(s) completed (34 accepted (0.1124 %)). Current N = 2. Average N = 2.011
2021-03-26 05:24:29,064 - INFO: 30300 move(s) completed (36 accepted (0.1188 %)). Current N = 2. Average N = 2.011
2021-03-26 05:24:38,585 - INFO: 30350 move(s) completed (36 accepted (0.1186 %)). Current N = 2. Average N = 2.011
2021-03-26 05:24:47,309 - INFO: 30400 move(s) completed (36 accepted (0.1184 %)). Current N = 2. Average N = 2.011
2021-03-26 05:24:56,602 - INFO: 30450 move(s) completed (36 accepted (0.1182 %)). Current N = 2. Average N = 2.011
2021-03-26 05:25:05,205 - INFO: 30500 move(s) completed (36 accepted (0.1180 %)). Current N = 2. Average N = 2.011
2021-03-26 05:25:14,203 - INFO: 30550 move(s) completed (36 accepted (0.1178 %)). Current N = 2. Average N = 2.011
2021-03-26 05:25:23,630 - INFO: 30600 move(s) completed (36 accepted (0.1176 %)). Current N = 2. Average N = 2.011
2021-03-26 05:25:32,738 - INFO: 30650 move(s) completed (36 accepted (0.1175 %)). Current N = 2. Average N = 2.011
2021-03-26 05:25:41,973 - INFO: 30700 move(s) completed (36 accepted (0.1173 %)). Current N = 2. Average N = 2.011
2021-03-26 05:25:50,380 - INFO: 30750 move(s) completed (36 accepted (0.1171 %)). Current N = 2. Average N = 2.011
2021-03-26 05:25:59,304 - INFO: 30800 move(s) completed (36 accepted (0.1169 %)). Current N = 2. Average N = 2.011
2021-03-26 05:26:08,474 - INFO: 30850 move(s) completed (36 accepted (0.1167 %)). Current N = 2. Average N = 2.011
2021-03-26 05:26:17,384 - INFO: 30900 move(s) completed (37 accepted (0.1197 %)). Current N = 3. Average N = 2.012
2021-03-26 05:26:26,682 - INFO: 30950 move(s) completed (37 accepted (0.1195 %)). Current N = 3. Average N = 2.013
2021-03-26 05:26:35,476 - INFO: 31000 move(s) completed (37 accepted (0.1194 %)). Current N = 3. Average N = 2.015
2021-03-26 05:26:44,525 - INFO: 31050 move(s) completed (37 accepted (0.1192 %)). Current N = 3. Average N = 2.017
2021-03-26 05:26:53,076 - INFO: 31100 move(s) completed (37 accepted (0.1190 %)). Current N = 3. Average N = 2.018
2021-03-26 05:27:02,014 - INFO: 31150 move(s) completed (37 accepted (0.1188 %)). Current N = 3. Average N = 2.020
2021-03-26 05:27:11,232 - INFO: 31200 move(s) completed (37 accepted (0.1186 %)). Current N = 3. Average N = 2.021
2021-03-26 05:27:19,976 - INFO: 31250 move(s) completed (37 accepted (0.1184 %)). Current N = 3. Average N = 2.023
2021-03-26 05:27:29,281 - INFO: 31300 move(s) completed (37 accepted (0.1182 %)). Current N = 3. Average N = 2.025
2021-03-26 05:27:37,962 - INFO: 31350 move(s) completed (37 accepted (0.1180 %)). Current N = 3. Average N = 2.026
2021-03-26 05:27:46,887 - INFO: 31400 move(s) completed (37 accepted (0.1178 %)). Current N = 3. Average N = 2.028
2021-03-26 05:27:56,618 - INFO: 31450 move(s) completed (37 accepted (0.1176 %)). Current N = 3. Average N = 2.029
2021-03-26 05:28:05,393 - INFO: 31500 move(s) completed (37 accepted (0.1175 %)). Current N = 3. Average N = 2.031
2021-03-26 05:28:14,403 - INFO: 31550 move(s) completed (37 accepted (0.1173 %)). Current N = 3. Average N = 2.032
2021-03-26 05:28:22,883 - INFO: 31600 move(s) completed (37 accepted (0.1171 %)). Current N = 3. Average N = 2.034
2021-03-26 05:28:31,884 - INFO: 31650 move(s) completed (37 accepted (0.1169 %)). Current N = 3. Average N = 2.035
2021-03-26 05:28:41,274 - INFO: 31700 move(s) completed (37 accepted (0.1167 %)). Current N = 3. Average N = 2.037
2021-03-26 05:28:50,198 - INFO: 31750 move(s) completed (37 accepted (0.1165 %)). Current N = 3. Average N = 2.038
2021-03-26 05:28:59,140 - INFO: 31800 move(s) completed (37 accepted (0.1164 %)). Current N = 3. Average N = 2.040
2021-03-26 05:29:07,980 - INFO: 31850 move(s) completed (37 accepted (0.1162 %)). Current N = 3. Average N = 2.041
2021-03-26 05:29:17,040 - INFO: 31900 move(s) completed (37 accepted (0.1160 %)). Current N = 3. Average N = 2.043
2021-03-26 05:29:25,809 - INFO: 31950 move(s) completed (37 accepted (0.1158 %)). Current N = 3. Average N = 2.044
2021-03-26 05:29:34,739 - INFO: 32000 move(s) completed (37 accepted (0.1156 %)). Current N = 3. Average N = 2.046
2021-03-26 05:29:44,102 - INFO: 32050 move(s) completed (37 accepted (0.1154 %)). Current N = 3. Average N = 2.047
2021-03-26 05:29:52,928 - INFO: 32100 move(s) completed (38 accepted (0.1184 %)). Current N = 2. Average N = 2.047
2021-03-26 05:30:01,986 - INFO: 32150 move(s) completed (38 accepted (0.1182 %)). Current N = 2. Average N = 2.047
2021-03-26 05:30:10,598 - INFO: 32200 move(s) completed (38 accepted (0.1180 %)). Current N = 2. Average N = 2.047
2021-03-26 05:30:19,591 - INFO: 32250 move(s) completed (38 accepted (0.1178 %)). Current N = 2. Average N = 2.047
2021-03-26 05:30:28,919 - INFO: 32300 move(s) completed (38 accepted (0.1176 %)). Current N = 2. Average N = 2.047
2021-03-26 05:30:38,205 - INFO: 32350 move(s) completed (38 accepted (0.1175 %)). Current N = 2. Average N = 2.047
2021-03-26 05:30:47,306 - INFO: 32400 move(s) completed (38 accepted (0.1173 %)). Current N = 2. Average N = 2.047
2021-03-26 05:30:55,999 - INFO: 32450 move(s) completed (38 accepted (0.1171 %)). Current N = 2. Average N = 2.047
2021-03-26 05:31:04,908 - INFO: 32500 move(s) completed (38 accepted (0.1169 %)). Current N = 2. Average N = 2.047
2021-03-26 05:31:14,141 - INFO: 32550 move(s) completed (38 accepted (0.1167 %)). Current N = 2. Average N = 2.047
2021-03-26 05:31:22,794 - INFO: 32600 move(s) completed (38 accepted (0.1166 %)). Current N = 2. Average N = 2.046
2021-03-26 05:31:31,586 - INFO: 32650 move(s) completed (38 accepted (0.1164 %)). Current N = 2. Average N = 2.046
2021-03-26 05:31:40,286 - INFO: 32700 move(s) completed (38 accepted (0.1162 %)). Current N = 2. Average N = 2.046
2021-03-26 05:31:49,133 - INFO: 32750 move(s) completed (38 accepted (0.1160 %)). Current N = 2. Average N = 2.046
2021-03-26 05:31:58,541 - INFO: 32800 move(s) completed (38 accepted (0.1159 %)). Current N = 2. Average N = 2.046
2021-03-26 05:32:07,421 - INFO: 32850 move(s) completed (38 accepted (0.1157 %)). Current N = 2. Average N = 2.046
2021-03-26 05:32:16,854 - INFO: 32900 move(s) completed (38 accepted (0.1155 %)). Current N = 2. Average N = 2.046
2021-03-26 05:32:25,535 - INFO: 32950 move(s) completed (38 accepted (0.1153 %)). Current N = 2. Average N = 2.046
2021-03-26 05:32:34,741 - INFO: 33000 move(s) completed (38 accepted (0.1152 %)). Current N = 2. Average N = 2.046
2021-03-26 05:32:43,454 - INFO: 33050 move(s) completed (38 accepted (0.1150 %)). Current N = 2. Average N = 2.046
2021-03-26 05:32:52,328 - INFO: 33100 move(s) completed (38 accepted (0.1148 %)). Current N = 2. Average N = 2.046
2021-03-26 05:33:01,558 - INFO: 33150 move(s) completed (40 accepted (0.1207 %)). Current N = 2. Average N = 2.046
2021-03-26 05:33:10,332 - INFO: 33200 move(s) completed (40 accepted (0.1205 %)). Current N = 2. Average N = 2.046
2021-03-26 05:33:19,503 - INFO: 33250 move(s) completed (40 accepted (0.1203 %)). Current N = 2. Average N = 2.046
2021-03-26 05:33:28,136 - INFO: 33300 move(s) completed (40 accepted (0.1201 %)). Current N = 2. Average N = 2.046
2021-03-26 05:33:37,080 - INFO: 33350 move(s) completed (40 accepted (0.1199 %)). Current N = 2. Average N = 2.046
2021-03-26 05:33:45,790 - INFO: 33400 move(s) completed (40 accepted (0.1198 %)). Current N = 2. Average N = 2.045
2021-03-26 05:33:54,739 - INFO: 33450 move(s) completed (40 accepted (0.1196 %)). Current N = 2. Average N = 2.045
2021-03-26 05:34:04,200 - INFO: 33500 move(s) completed (40 accepted (0.1194 %)). Current N = 2. Average N = 2.045
2021-03-26 05:34:13,153 - INFO: 33550 move(s) completed (40 accepted (0.1192 %)). Current N = 2. Average N = 2.045
2021-03-26 05:34:22,099 - INFO: 33600 move(s) completed (40 accepted (0.1190 %)). Current N = 2. Average N = 2.045
2021-03-26 05:34:30,808 - INFO: 33650 move(s) completed (40 accepted (0.1189 %)). Current N = 2. Average N = 2.045
2021-03-26 05:34:39,925 - INFO: 33700 move(s) completed (40 accepted (0.1187 %)). Current N = 2. Average N = 2.045
2021-03-26 05:34:49,305 - INFO: 33750 move(s) completed (40 accepted (0.1185 %)). Current N = 2. Average N = 2.045
2021-03-26 05:34:58,137 - INFO: 33800 move(s) completed (40 accepted (0.1183 %)). Current N = 2. Average N = 2.045
2021-03-26 05:35:07,232 - INFO: 33850 move(s) completed (40 accepted (0.1182 %)). Current N = 2. Average N = 2.045
2021-03-26 05:35:16,002 - INFO: 33900 move(s) completed (40 accepted (0.1180 %)). Current N = 2. Average N = 2.045
2021-03-26 05:35:25,147 - INFO: 33950 move(s) completed (40 accepted (0.1178 %)). Current N = 2. Average N = 2.045
2021-03-26 05:35:34,484 - INFO: 34000 move(s) completed (40 accepted (0.1176 %)). Current N = 2. Average N = 2.045
2021-03-26 05:35:43,342 - INFO: 34050 move(s) completed (40 accepted (0.1175 %)). Current N = 2. Average N = 2.045
2021-03-26 05:35:52,645 - INFO: 34100 move(s) completed (40 accepted (0.1173 %)). Current N = 2. Average N = 2.045
2021-03-26 05:36:01,119 - INFO: 34150 move(s) completed (40 accepted (0.1171 %)). Current N = 2. Average N = 2.044
2021-03-26 05:36:10,249 - INFO: 34200 move(s) completed (40 accepted (0.1170 %)). Current N = 2. Average N = 2.044
2021-03-26 05:36:18,896 - INFO: 34250 move(s) completed (40 accepted (0.1168 %)). Current N = 2. Average N = 2.044
2021-03-26 05:36:27,799 - INFO: 34300 move(s) completed (40 accepted (0.1166 %)). Current N = 2. Average N = 2.044
2021-03-26 05:36:37,214 - INFO: 34350 move(s) completed (40 accepted (0.1164 %)). Current N = 2. Average N = 2.044
2021-03-26 05:36:46,204 - INFO: 34400 move(s) completed (40 accepted (0.1163 %)). Current N = 2. Average N = 2.044
2021-03-26 05:36:55,123 - INFO: 34450 move(s) completed (40 accepted (0.1161 %)). Current N = 2. Average N = 2.044
2021-03-26 05:37:03,544 - INFO: 34500 move(s) completed (40 accepted (0.1159 %)). Current N = 2. Average N = 2.044
2021-03-26 05:37:12,525 - INFO: 34550 move(s) completed (40 accepted (0.1158 %)). Current N = 2. Average N = 2.044
2021-03-26 05:37:21,107 - INFO: 34600 move(s) completed (40 accepted (0.1156 %)). Current N = 2. Average N = 2.044
2021-03-26 05:37:29,933 - INFO: 34650 move(s) completed (40 accepted (0.1154 %)). Current N = 2. Average N = 2.044
2021-03-26 05:37:38,963 - INFO: 34700 move(s) completed (40 accepted (0.1153 %)). Current N = 2. Average N = 2.044
2021-03-26 05:37:47,695 - INFO: 34750 move(s) completed (40 accepted (0.1151 %)). Current N = 2. Average N = 2.044
2021-03-26 05:37:56,797 - INFO: 34800 move(s) completed (40 accepted (0.1149 %)). Current N = 2. Average N = 2.044
2021-03-26 05:38:05,545 - INFO: 34850 move(s) completed (40 accepted (0.1148 %)). Current N = 2. Average N = 2.043
2021-03-26 05:38:14,269 - INFO: 34900 move(s) completed (40 accepted (0.1146 %)). Current N = 2. Average N = 2.043
2021-03-26 05:38:23,489 - INFO: 34950 move(s) completed (40 accepted (0.1144 %)). Current N = 2. Average N = 2.043
2021-03-26 05:38:32,539 - INFO: 35000 move(s) completed (40 accepted (0.1143 %)). Current N = 2. Average N = 2.043
2021-03-26 05:38:41,768 - INFO: 35050 move(s) completed (40 accepted (0.1141 %)). Current N = 2. Average N = 2.043
2021-03-26 05:38:50,437 - INFO: 35100 move(s) completed (40 accepted (0.1140 %)). Current N = 2. Average N = 2.043
2021-03-26 05:38:59,499 - INFO: 35150 move(s) completed (40 accepted (0.1138 %)). Current N = 2. Average N = 2.043
2021-03-26 05:39:08,748 - INFO: 35200 move(s) completed (42 accepted (0.1193 %)). Current N = 2. Average N = 2.043
2021-03-26 05:39:17,597 - INFO: 35250 move(s) completed (42 accepted (0.1191 %)). Current N = 2. Average N = 2.043
2021-03-26 05:39:26,885 - INFO: 35300 move(s) completed (42 accepted (0.1190 %)). Current N = 2. Average N = 2.043
2021-03-26 05:39:35,502 - INFO: 35350 move(s) completed (42 accepted (0.1188 %)). Current N = 2. Average N = 2.043
2021-03-26 05:39:44,407 - INFO: 35400 move(s) completed (42 accepted (0.1186 %)). Current N = 2. Average N = 2.043
2021-03-26 05:39:52,926 - INFO: 35450 move(s) completed (42 accepted (0.1185 %)). Current N = 2. Average N = 2.043
2021-03-26 05:40:01,679 - INFO: 35500 move(s) completed (42 accepted (0.1183 %)). Current N = 2. Average N = 2.043
2021-03-26 05:40:10,735 - INFO: 35550 move(s) completed (42 accepted (0.1181 %)). Current N = 2. Average N = 2.043
2021-03-26 05:40:19,658 - INFO: 35600 move(s) completed (42 accepted (0.1180 %)). Current N = 2. Average N = 2.043
2021-03-26 05:40:28,789 - INFO: 35650 move(s) completed (42 accepted (0.1178 %)). Current N = 2. Average N = 2.043
2021-03-26 05:40:37,550 - INFO: 35700 move(s) completed (42 accepted (0.1176 %)). Current N = 2. Average N = 2.043
2021-03-26 05:40:46,592 - INFO: 35750 move(s) completed (42 accepted (0.1175 %)). Current N = 2. Average N = 2.042
2021-03-26 05:40:55,898 - INFO: 35800 move(s) completed (42 accepted (0.1173 %)). Current N = 2. Average N = 2.042
2021-03-26 05:41:04,819 - INFO: 35850 move(s) completed (42 accepted (0.1172 %)). Current N = 2. Average N = 2.042
2021-03-26 05:41:13,994 - INFO: 35900 move(s) completed (42 accepted (0.1170 %)). Current N = 2. Average N = 2.042
2021-03-26 05:41:22,688 - INFO: 35950 move(s) completed (42 accepted (0.1168 %)). Current N = 2. Average N = 2.042
2021-03-26 05:41:31,938 - INFO: 36000 move(s) completed (42 accepted (0.1167 %)). Current N = 2. Average N = 2.042
2021-03-26 05:41:40,462 - INFO: 36050 move(s) completed (42 accepted (0.1165 %)). Current N = 2. Average N = 2.042
2021-03-26 05:41:49,526 - INFO: 36100 move(s) completed (42 accepted (0.1163 %)). Current N = 2. Average N = 2.042
2021-03-26 05:41:58,802 - INFO: 36150 move(s) completed (42 accepted (0.1162 %)). Current N = 2. Average N = 2.042
2021-03-26 05:42:07,539 - INFO: 36200 move(s) completed (42 accepted (0.1160 %)). Current N = 2. Average N = 2.042
2021-03-26 05:42:16,699 - INFO: 36250 move(s) completed (42 accepted (0.1159 %)). Current N = 2. Average N = 2.042
2021-03-26 05:42:25,169 - INFO: 36300 move(s) completed (42 accepted (0.1157 %)). Current N = 2. Average N = 2.042
2021-03-26 05:42:34,143 - INFO: 36350 move(s) completed (42 accepted (0.1155 %)). Current N = 2. Average N = 2.042
2021-03-26 05:42:43,326 - INFO: 36400 move(s) completed (42 accepted (0.1154 %)). Current N = 2. Average N = 2.042
2021-03-26 05:42:52,371 - INFO: 36450 move(s) completed (42 accepted (0.1152 %)). Current N = 2. Average N = 2.042
2021-03-26 05:43:01,507 - INFO: 36500 move(s) completed (42 accepted (0.1151 %)). Current N = 2. Average N = 2.042
2021-03-26 05:43:09,872 - INFO: 36550 move(s) completed (42 accepted (0.1149 %)). Current N = 2. Average N = 2.042
2021-03-26 05:43:18,915 - INFO: 36600 move(s) completed (42 accepted (0.1148 %)). Current N = 2. Average N = 2.042
2021-03-26 05:43:28,129 - INFO: 36650 move(s) completed (42 accepted (0.1146 %)). Current N = 2. Average N = 2.042
2021-03-26 05:43:37,080 - INFO: 36700 move(s) completed (42 accepted (0.1144 %)). Current N = 2. Average N = 2.041
2021-03-26 05:43:46,174 - INFO: 36750 move(s) completed (42 accepted (0.1143 %)). Current N = 2. Average N = 2.041
2021-03-26 05:43:54,978 - INFO: 36800 move(s) completed (42 accepted (0.1141 %)). Current N = 2. Average N = 2.041
2021-03-26 05:44:04,370 - INFO: 36850 move(s) completed (42 accepted (0.1140 %)). Current N = 2. Average N = 2.041
2021-03-26 05:44:13,213 - INFO: 36900 move(s) completed (42 accepted (0.1138 %)). Current N = 2. Average N = 2.041
2021-03-26 05:44:22,218 - INFO: 36950 move(s) completed (42 accepted (0.1137 %)). Current N = 2. Average N = 2.041
2021-03-26 05:44:31,433 - INFO: 37000 move(s) completed (42 accepted (0.1135 %)). Current N = 2. Average N = 2.041
2021-03-26 05:44:40,183 - INFO: 37050 move(s) completed (42 accepted (0.1134 %)). Current N = 2. Average N = 2.041
2021-03-26 05:44:49,309 - INFO: 37100 move(s) completed (42 accepted (0.1132 %)). Current N = 2. Average N = 2.041
2021-03-26 05:44:58,012 - INFO: 37150 move(s) completed (42 accepted (0.1131 %)). Current N = 2. Average N = 2.041
2021-03-26 05:45:06,982 - INFO: 37200 move(s) completed (42 accepted (0.1129 %)). Current N = 2. Average N = 2.041
2021-03-26 05:45:16,413 - INFO: 37250 move(s) completed (42 accepted (0.1128 %)). Current N = 2. Average N = 2.041
2021-03-26 05:45:25,238 - INFO: 37300 move(s) completed (42 accepted (0.1126 %)). Current N = 2. Average N = 2.041
2021-03-26 05:45:34,430 - INFO: 37350 move(s) completed (42 accepted (0.1124 %)). Current N = 2. Average N = 2.041
2021-03-26 05:45:43,237 - INFO: 37400 move(s) completed (42 accepted (0.1123 %)). Current N = 2. Average N = 2.041
2021-03-26 05:45:52,450 - INFO: 37450 move(s) completed (42 accepted (0.1121 %)). Current N = 2. Average N = 2.041
2021-03-26 05:46:01,242 - INFO: 37500 move(s) completed (42 accepted (0.1120 %)). Current N = 2. Average N = 2.041
2021-03-26 05:46:10,148 - INFO: 37550 move(s) completed (42 accepted (0.1119 %)). Current N = 2. Average N = 2.041
2021-03-26 05:46:19,834 - INFO: 37600 move(s) completed (42 accepted (0.1117 %)). Current N = 2. Average N = 2.040
2021-03-26 05:46:28,666 - INFO: 37650 move(s) completed (42 accepted (0.1116 %)). Current N = 2. Average N = 2.040
2021-03-26 05:46:37,821 - INFO: 37700 move(s) completed (42 accepted (0.1114 %)). Current N = 2. Average N = 2.040
2021-03-26 05:46:46,402 - INFO: 37750 move(s) completed (42 accepted (0.1113 %)). Current N = 2. Average N = 2.040
2021-03-26 05:46:55,399 - INFO: 37800 move(s) completed (42 accepted (0.1111 %)). Current N = 2. Average N = 2.040
2021-03-26 05:47:05,003 - INFO: 37850 move(s) completed (42 accepted (0.1110 %)). Current N = 2. Average N = 2.040
2021-03-26 05:47:14,042 - INFO: 37900 move(s) completed (42 accepted (0.1108 %)). Current N = 2. Average N = 2.040
2021-03-26 05:47:23,152 - INFO: 37950 move(s) completed (42 accepted (0.1107 %)). Current N = 2. Average N = 2.040
2021-03-26 05:47:31,902 - INFO: 38000 move(s) completed (42 accepted (0.1105 %)). Current N = 2. Average N = 2.040
2021-03-26 05:47:40,847 - INFO: 38050 move(s) completed (42 accepted (0.1104 %)). Current N = 2. Average N = 2.040
2021-03-26 05:47:49,395 - INFO: 38100 move(s) completed (42 accepted (0.1102 %)). Current N = 2. Average N = 2.040
2021-03-26 05:47:58,324 - INFO: 38150 move(s) completed (42 accepted (0.1101 %)). Current N = 2. Average N = 2.040
2021-03-26 05:48:07,674 - INFO: 38200 move(s) completed (42 accepted (0.1099 %)). Current N = 2. Average N = 2.040
2021-03-26 05:48:16,463 - INFO: 38250 move(s) completed (42 accepted (0.1098 %)). Current N = 2. Average N = 2.040
2021-03-26 05:48:25,603 - INFO: 38300 move(s) completed (42 accepted (0.1097 %)). Current N = 2. Average N = 2.040
2021-03-26 05:48:34,175 - INFO: 38350 move(s) completed (42 accepted (0.1095 %)). Current N = 2. Average N = 2.040
2021-03-26 05:48:43,085 - INFO: 38400 move(s) completed (42 accepted (0.1094 %)). Current N = 2. Average N = 2.040
2021-03-26 05:48:52,395 - INFO: 38450 move(s) completed (42 accepted (0.1092 %)). Current N = 2. Average N = 2.039
2021-03-26 05:49:01,156 - INFO: 38500 move(s) completed (42 accepted (0.1091 %)). Current N = 2. Average N = 2.039
2021-03-26 05:49:10,098 - INFO: 38550 move(s) completed (42 accepted (0.1089 %)). Current N = 2. Average N = 2.039
2021-03-26 05:49:18,617 - INFO: 38600 move(s) completed (42 accepted (0.1088 %)). Current N = 2. Average N = 2.039
2021-03-26 05:49:27,660 - INFO: 38650 move(s) completed (44 accepted (0.1138 %)). Current N = 2. Average N = 2.039
2021-03-26 05:49:36,889 - INFO: 38700 move(s) completed (44 accepted (0.1137 %)). Current N = 2. Average N = 2.039
2021-03-26 05:49:45,605 - INFO: 38750 move(s) completed (44 accepted (0.1135 %)). Current N = 2. Average N = 2.039
2021-03-26 05:49:54,815 - INFO: 38800 move(s) completed (44 accepted (0.1134 %)). Current N = 2. Average N = 2.039
2021-03-26 05:50:03,333 - INFO: 38850 move(s) completed (44 accepted (0.1133 %)). Current N = 2. Average N = 2.039
2021-03-26 05:50:12,642 - INFO: 38900 move(s) completed (44 accepted (0.1131 %)). Current N = 2. Average N = 2.039
2021-03-26 05:50:21,189 - INFO: 38950 move(s) completed (44 accepted (0.1130 %)). Current N = 2. Average N = 2.039
2021-03-26 05:50:30,139 - INFO: 39000 move(s) completed (44 accepted (0.1128 %)). Current N = 2. Average N = 2.039
2021-03-26 05:50:38,704 - INFO: 39050 move(s) completed (44 accepted (0.1127 %)). Current N = 2. Average N = 2.039
2021-03-26 05:50:47,532 - INFO: 39100 move(s) completed (44 accepted (0.1125 %)). Current N = 2. Average N = 2.039
2021-03-26 05:50:56,946 - INFO: 39150 move(s) completed (44 accepted (0.1124 %)). Current N = 2. Average N = 2.039
2021-03-26 05:51:05,747 - INFO: 39200 move(s) completed (44 accepted (0.1122 %)). Current N = 2. Average N = 2.039
2021-03-26 05:51:14,881 - INFO: 39250 move(s) completed (44 accepted (0.1121 %)). Current N = 2. Average N = 2.039
2021-03-26 05:51:23,315 - INFO: 39300 move(s) completed (44 accepted (0.1120 %)). Current N = 2. Average N = 2.039
2021-03-26 05:51:32,347 - INFO: 39350 move(s) completed (44 accepted (0.1118 %)). Current N = 2. Average N = 2.039
2021-03-26 05:51:40,931 - INFO: 39400 move(s) completed (44 accepted (0.1117 %)). Current N = 2. Average N = 2.039
2021-03-26 05:51:49,865 - INFO: 39450 move(s) completed (44 accepted (0.1115 %)). Current N = 2. Average N = 2.039
2021-03-26 05:51:59,253 - INFO: 39500 move(s) completed (44 accepted (0.1114 %)). Current N = 2. Average N = 2.038
2021-03-26 05:52:08,176 - INFO: 39550 move(s) completed (44 accepted (0.1113 %)). Current N = 2. Average N = 2.038
2021-03-26 05:52:17,201 - INFO: 39600 move(s) completed (44 accepted (0.1111 %)). Current N = 2. Average N = 2.038
2021-03-26 05:52:25,857 - INFO: 39650 move(s) completed (44 accepted (0.1110 %)). Current N = 2. Average N = 2.038
2021-03-26 05:52:34,699 - INFO: 39700 move(s) completed (44 accepted (0.1108 %)). Current N = 2. Average N = 2.038
2021-03-26 05:52:44,063 - INFO: 39750 move(s) completed (44 accepted (0.1107 %)). Current N = 2. Average N = 2.038
2021-03-26 05:52:52,710 - INFO: 39800 move(s) completed (44 accepted (0.1106 %)). Current N = 2. Average N = 2.038
2021-03-26 05:53:01,819 - INFO: 39850 move(s) completed (44 accepted (0.1104 %)). Current N = 2. Average N = 2.038
2021-03-26 05:53:10,456 - INFO: 39900 move(s) completed (44 accepted (0.1103 %)). Current N = 2. Average N = 2.038
2021-03-26 05:53:19,800 - INFO: 39950 move(s) completed (44 accepted (0.1101 %)). Current N = 2. Average N = 2.038
2021-03-26 05:53:29,193 - INFO: 40000 move(s) completed (44 accepted (0.1100 %)). Current N = 2. Average N = 2.038
2021-03-26 05:53:38,212 - INFO: 40050 move(s) completed (44 accepted (0.1099 %)). Current N = 2. Average N = 2.038
2021-03-26 05:53:47,470 - INFO: 40100 move(s) completed (44 accepted (0.1097 %)). Current N = 2. Average N = 2.038
2021-03-26 05:53:56,240 - INFO: 40150 move(s) completed (44 accepted (0.1096 %)). Current N = 2. Average N = 2.038
2021-03-26 05:54:05,086 - INFO: 40200 move(s) completed (44 accepted (0.1095 %)). Current N = 2. Average N = 2.038
2021-03-26 05:54:14,417 - INFO: 40250 move(s) completed (44 accepted (0.1093 %)). Current N = 2. Average N = 2.038
