2021-03-25 17:07:23,036 - INFO: kT = 0.5921875708469466 kcal/mol
2021-03-25 17:07:28,406 - INFO: BaseGrandCanonicalMonteCarloSampler object initialised
2021-03-25 17:07:28,407 - INFO: GCMC sphere is based on reference atom IDs: [887, 1837]
2021-03-25 17:07:28,407 - INFO: GCMC sphere radius is 6 A
2021-03-25 17:07:28,408 - INFO: Simulating at an Adams (B) value of -6.888845176169922
2021-03-25 17:07:28,408 - INFO: GCMCSphereSampler object initialised
2021-03-25 17:07:28,408 - INFO: Each NCMC move will be executed over a total of 7.0 ps
2021-03-25 17:07:28,409 - INFO: NonequilibriumGCMCSphereSampler object initialised
2021-03-25 17:07:41,473 - INFO: 1 move(s) completed (0 accepted (0.0000 %)). Current N = 0. Average N = 0.000
2021-03-25 17:07:47,412 - INFO: 2 move(s) completed (0 accepted (0.0000 %)). Current N = 0. Average N = 0.000
2021-03-25 17:08:04,778 - INFO: Move rejected due to water leaving the GCMC sphere
2021-03-25 17:08:08,486 - INFO: 3 move(s) completed (0 accepted (0.0000 %)). Current N = 0. Average N = 0.000
2021-03-25 17:08:14,391 - INFO: 4 move(s) completed (0 accepted (0.0000 %)). Current N = 0. Average N = 0.000
2021-03-25 17:08:20,266 - INFO: 5 move(s) completed (0 accepted (0.0000 %)). Current N = 0. Average N = 0.000
2021-03-25 17:08:26,069 - INFO: 6 move(s) completed (0 accepted (0.0000 %)). Current N = 0. Average N = 0.000
2021-03-25 17:08:43,885 - INFO: Move rejected due to water leaving the GCMC sphere
2021-03-25 17:08:47,552 - INFO: 7 move(s) completed (0 accepted (0.0000 %)). Current N = 0. Average N = 0.000
2021-03-25 17:08:53,388 - INFO: 8 move(s) completed (0 accepted (0.0000 %)). Current N = 0. Average N = 0.000
2021-03-25 17:09:14,700 - INFO: 9 move(s) completed (1 accepted (11.1111 %)). Current N = 1. Average N = 0.111
2021-03-25 17:09:31,621 - INFO: Move rejected due to water leaving the GCMC sphere
2021-03-25 17:09:35,312 - INFO: 10 move(s) completed (1 accepted (10.0000 %)). Current N = 1. Average N = 0.200
2021-03-25 17:09:52,364 - INFO: Move rejected due to water leaving the GCMC sphere
2021-03-25 17:09:56,024 - INFO: 11 move(s) completed (1 accepted (9.0909 %)). Current N = 1. Average N = 0.273
2021-03-25 17:10:13,124 - INFO: Move rejected due to water leaving the GCMC sphere
2021-03-25 17:10:16,819 - INFO: 12 move(s) completed (1 accepted (8.3333 %)). Current N = 1. Average N = 0.333
2021-03-25 17:10:37,602 - INFO: 13 move(s) completed (1 accepted (7.6923 %)). Current N = 1. Average N = 0.385
2021-03-25 17:10:54,844 - INFO: Move rejected due to water leaving the GCMC sphere
2021-03-25 17:10:58,566 - INFO: 14 move(s) completed (1 accepted (7.1429 %)). Current N = 1. Average N = 0.429
2021-03-25 17:11:19,356 - INFO: 15 move(s) completed (1 accepted (6.6667 %)). Current N = 1. Average N = 0.467
2021-03-25 17:11:40,080 - INFO: 16 move(s) completed (1 accepted (6.2500 %)). Current N = 1. Average N = 0.500
2021-03-25 17:12:00,710 - INFO: 17 move(s) completed (1 accepted (5.8824 %)). Current N = 1. Average N = 0.529
2021-03-25 17:12:21,203 - INFO: 18 move(s) completed (1 accepted (5.5556 %)). Current N = 1. Average N = 0.556
2021-03-25 17:12:38,792 - INFO: Move rejected due to water leaving the GCMC sphere
2021-03-25 17:12:42,265 - INFO: 19 move(s) completed (1 accepted (5.2632 %)). Current N = 1. Average N = 0.579
2021-03-25 17:12:59,857 - INFO: Move rejected due to water leaving the GCMC sphere
2021-03-25 17:13:03,557 - INFO: 20 move(s) completed (1 accepted (5.0000 %)). Current N = 1. Average N = 0.600
2021-03-25 17:13:24,652 - INFO: 21 move(s) completed (1 accepted (4.7619 %)). Current N = 1. Average N = 0.619
2021-03-25 17:13:46,098 - INFO: 22 move(s) completed (1 accepted (4.5455 %)). Current N = 1. Average N = 0.636
2021-03-25 17:14:07,397 - INFO: 23 move(s) completed (1 accepted (4.3478 %)). Current N = 1. Average N = 0.652
2021-03-25 17:14:25,142 - INFO: Move rejected due to water leaving the GCMC sphere
2021-03-25 17:14:28,898 - INFO: 24 move(s) completed (1 accepted (4.1667 %)). Current N = 1. Average N = 0.667
2021-03-25 17:14:45,824 - INFO: Move rejected due to water leaving the GCMC sphere
2021-03-25 17:14:49,382 - INFO: 25 move(s) completed (1 accepted (4.0000 %)). Current N = 1. Average N = 0.680
2021-03-25 17:15:10,004 - INFO: 26 move(s) completed (1 accepted (3.8462 %)). Current N = 1. Average N = 0.692
2021-03-25 17:15:27,099 - INFO: Move rejected due to water leaving the GCMC sphere
2021-03-25 17:15:30,785 - INFO: 27 move(s) completed (1 accepted (3.7037 %)). Current N = 1. Average N = 0.704
2021-03-25 17:15:47,801 - INFO: Move rejected due to water leaving the GCMC sphere
2021-03-25 17:15:51,291 - INFO: 28 move(s) completed (1 accepted (3.5714 %)). Current N = 1. Average N = 0.714
2021-03-25 17:16:08,578 - INFO: Move rejected due to water leaving the GCMC sphere
2021-03-25 17:16:12,224 - INFO: 29 move(s) completed (1 accepted (3.4483 %)). Current N = 1. Average N = 0.724
2021-03-25 17:16:32,986 - INFO: 30 move(s) completed (1 accepted (3.3333 %)). Current N = 1. Average N = 0.733
2021-03-25 17:16:49,930 - INFO: Move rejected due to water leaving the GCMC sphere
2021-03-25 17:16:53,512 - INFO: 31 move(s) completed (1 accepted (3.2258 %)). Current N = 1. Average N = 0.742
2021-03-25 17:17:10,962 - INFO: Move rejected due to water leaving the GCMC sphere
2021-03-25 17:17:14,485 - INFO: 32 move(s) completed (1 accepted (3.1250 %)). Current N = 1. Average N = 0.750
2021-03-25 17:17:31,922 - INFO: Move rejected due to water leaving the GCMC sphere
2021-03-25 17:17:35,609 - INFO: 33 move(s) completed (1 accepted (3.0303 %)). Current N = 1. Average N = 0.758
2021-03-25 17:17:53,082 - INFO: Move rejected due to water leaving the GCMC sphere
2021-03-25 17:17:56,701 - INFO: 34 move(s) completed (1 accepted (2.9412 %)). Current N = 1. Average N = 0.765
2021-03-25 17:18:17,601 - INFO: 35 move(s) completed (1 accepted (2.8571 %)). Current N = 1. Average N = 0.771
2021-03-25 17:18:38,901 - INFO: 36 move(s) completed (1 accepted (2.7778 %)). Current N = 1. Average N = 0.778
2021-03-25 17:18:56,457 - INFO: Move rejected due to water leaving the GCMC sphere
2021-03-25 17:19:00,161 - INFO: 37 move(s) completed (1 accepted (2.7027 %)). Current N = 1. Average N = 0.784
2021-03-25 17:19:21,388 - INFO: 38 move(s) completed (1 accepted (2.6316 %)). Current N = 1. Average N = 0.789
2021-03-25 17:19:42,090 - INFO: 39 move(s) completed (1 accepted (2.5641 %)). Current N = 1. Average N = 0.795
2021-03-25 17:19:59,033 - INFO: Move rejected due to water leaving the GCMC sphere
2021-03-25 17:20:02,796 - INFO: 40 move(s) completed (1 accepted (2.5000 %)). Current N = 1. Average N = 0.800
2021-03-25 17:20:20,890 - INFO: Move rejected due to water leaving the GCMC sphere
2021-03-25 17:20:24,504 - INFO: 41 move(s) completed (1 accepted (2.4390 %)). Current N = 1. Average N = 0.805
2021-03-25 17:20:41,562 - INFO: Move rejected due to water leaving the GCMC sphere
2021-03-25 17:20:45,160 - INFO: 42 move(s) completed (1 accepted (2.3810 %)). Current N = 1. Average N = 0.809
2021-03-25 17:21:05,663 - INFO: 43 move(s) completed (1 accepted (2.3256 %)). Current N = 1. Average N = 0.814
2021-03-25 17:21:22,613 - INFO: Move rejected due to water leaving the GCMC sphere
2021-03-25 17:21:26,193 - INFO: 44 move(s) completed (1 accepted (2.2727 %)). Current N = 1. Average N = 0.818
2021-03-25 17:21:46,805 - INFO: 45 move(s) completed (1 accepted (2.2222 %)). Current N = 1. Average N = 0.822
2021-03-25 17:22:04,180 - INFO: Move rejected due to water leaving the GCMC sphere
2021-03-25 17:22:07,876 - INFO: 46 move(s) completed (1 accepted (2.1739 %)). Current N = 1. Average N = 0.826
2021-03-25 17:22:28,855 - INFO: 47 move(s) completed (1 accepted (2.1277 %)). Current N = 1. Average N = 0.830
2021-03-25 17:22:46,155 - INFO: Move rejected due to water leaving the GCMC sphere
2021-03-25 17:22:49,816 - INFO: 48 move(s) completed (1 accepted (2.0833 %)). Current N = 1. Average N = 0.833
2021-03-25 17:23:10,889 - INFO: 49 move(s) completed (1 accepted (2.0408 %)). Current N = 1. Average N = 0.837
2021-03-25 17:23:31,569 - INFO: 50 move(s) completed (1 accepted (2.0000 %)). Current N = 1. Average N = 0.840
2021-03-25 17:23:48,573 - INFO: Move rejected due to water leaving the GCMC sphere
2021-03-25 17:23:52,090 - INFO: 51 move(s) completed (1 accepted (1.9608 %)). Current N = 1. Average N = 0.843
2021-03-25 17:24:12,791 - INFO: 52 move(s) completed (1 accepted (1.9231 %)). Current N = 1. Average N = 0.846
2021-03-25 17:24:30,460 - INFO: Move rejected due to water leaving the GCMC sphere
2021-03-25 17:24:34,158 - INFO: 53 move(s) completed (1 accepted (1.8868 %)). Current N = 1. Average N = 0.849
2021-03-25 17:24:55,528 - INFO: 54 move(s) completed (1 accepted (1.8519 %)). Current N = 1. Average N = 0.852
2021-03-25 17:25:12,533 - INFO: Move rejected due to water leaving the GCMC sphere
2021-03-25 17:25:16,207 - INFO: 55 move(s) completed (1 accepted (1.8182 %)). Current N = 1. Average N = 0.855
2021-03-25 17:25:36,839 - INFO: 56 move(s) completed (1 accepted (1.7857 %)). Current N = 1. Average N = 0.857
2021-03-25 17:25:57,380 - INFO: 57 move(s) completed (1 accepted (1.7544 %)). Current N = 1. Average N = 0.860
2021-03-25 17:26:18,000 - INFO: 58 move(s) completed (1 accepted (1.7241 %)). Current N = 1. Average N = 0.862
2021-03-25 17:26:38,686 - INFO: 59 move(s) completed (1 accepted (1.6949 %)). Current N = 1. Average N = 0.864
2021-03-25 17:26:59,506 - INFO: 60 move(s) completed (1 accepted (1.6667 %)). Current N = 1. Average N = 0.867
2021-03-25 17:27:20,306 - INFO: 61 move(s) completed (1 accepted (1.6393 %)). Current N = 1. Average N = 0.869
2021-03-25 17:27:37,500 - INFO: Move rejected due to water leaving the GCMC sphere
2021-03-25 17:27:41,196 - INFO: 62 move(s) completed (1 accepted (1.6129 %)). Current N = 1. Average N = 0.871
2021-03-25 17:27:58,474 - INFO: Move rejected due to water leaving the GCMC sphere
2021-03-25 17:28:02,171 - INFO: 63 move(s) completed (1 accepted (1.5873 %)). Current N = 1. Average N = 0.873
2021-03-25 17:28:23,234 - INFO: 64 move(s) completed (1 accepted (1.5625 %)). Current N = 1. Average N = 0.875
2021-03-25 17:28:40,693 - INFO: Move rejected due to water leaving the GCMC sphere
2021-03-25 17:28:44,393 - INFO: 65 move(s) completed (1 accepted (1.5385 %)). Current N = 1. Average N = 0.877
2021-03-25 17:29:01,975 - INFO: Move rejected due to water leaving the GCMC sphere
2021-03-25 17:29:05,669 - INFO: 66 move(s) completed (1 accepted (1.5152 %)). Current N = 1. Average N = 0.879
2021-03-25 17:29:23,120 - INFO: Move rejected due to water leaving the GCMC sphere
2021-03-25 17:29:26,797 - INFO: 67 move(s) completed (1 accepted (1.4925 %)). Current N = 1. Average N = 0.881
2021-03-25 17:29:44,566 - INFO: Move rejected due to water leaving the GCMC sphere
2021-03-25 17:29:48,238 - INFO: 68 move(s) completed (1 accepted (1.4706 %)). Current N = 1. Average N = 0.882
2021-03-25 17:30:09,510 - INFO: 69 move(s) completed (1 accepted (1.4493 %)). Current N = 1. Average N = 0.884
2021-03-25 17:30:30,923 - INFO: 70 move(s) completed (1 accepted (1.4286 %)). Current N = 1. Average N = 0.886
2021-03-25 17:30:48,659 - INFO: Move rejected due to water leaving the GCMC sphere
2021-03-25 17:30:52,212 - INFO: 71 move(s) completed (1 accepted (1.4085 %)). Current N = 1. Average N = 0.887
2021-03-25 17:31:09,894 - INFO: Move rejected due to water leaving the GCMC sphere
2021-03-25 17:31:13,588 - INFO: 72 move(s) completed (1 accepted (1.3889 %)). Current N = 1. Average N = 0.889
2021-03-25 17:31:30,360 - INFO: Move rejected due to water leaving the GCMC sphere
2021-03-25 17:31:34,047 - INFO: 73 move(s) completed (1 accepted (1.3699 %)). Current N = 1. Average N = 0.890
2021-03-25 17:31:50,887 - INFO: Move rejected due to water leaving the GCMC sphere
2021-03-25 17:31:54,380 - INFO: 74 move(s) completed (1 accepted (1.3514 %)). Current N = 1. Average N = 0.892
2021-03-25 17:32:15,293 - INFO: 75 move(s) completed (1 accepted (1.3333 %)). Current N = 1. Average N = 0.893
2021-03-25 17:32:32,335 - INFO: Move rejected due to water leaving the GCMC sphere
2021-03-25 17:32:36,033 - INFO: 76 move(s) completed (1 accepted (1.3158 %)). Current N = 1. Average N = 0.895
2021-03-25 17:32:53,222 - INFO: Move rejected due to water leaving the GCMC sphere
2021-03-25 17:32:56,739 - INFO: 77 move(s) completed (1 accepted (1.2987 %)). Current N = 1. Average N = 0.896
2021-03-25 17:33:13,971 - INFO: Move rejected due to water leaving the GCMC sphere
2021-03-25 17:33:17,673 - INFO: 78 move(s) completed (1 accepted (1.2821 %)). Current N = 1. Average N = 0.897
2021-03-25 17:33:38,735 - INFO: 79 move(s) completed (1 accepted (1.2658 %)). Current N = 1. Average N = 0.899
2021-03-25 17:33:55,799 - INFO: Move rejected due to water leaving the GCMC sphere
2021-03-25 17:33:59,505 - INFO: 80 move(s) completed (1 accepted (1.2500 %)). Current N = 1. Average N = 0.900
2021-03-25 17:34:20,193 - INFO: 81 move(s) completed (1 accepted (1.2346 %)). Current N = 1. Average N = 0.901
2021-03-25 17:34:37,707 - INFO: Move rejected due to water leaving the GCMC sphere
2021-03-25 17:34:41,404 - INFO: 82 move(s) completed (1 accepted (1.2195 %)). Current N = 1. Average N = 0.902
2021-03-25 17:35:02,563 - INFO: 83 move(s) completed (1 accepted (1.2048 %)). Current N = 1. Average N = 0.904
2021-03-25 17:35:19,625 - INFO: Move rejected due to water leaving the GCMC sphere
2021-03-25 17:35:23,135 - INFO: 84 move(s) completed (1 accepted (1.1905 %)). Current N = 1. Average N = 0.905
2021-03-25 17:35:44,624 - INFO: 85 move(s) completed (1 accepted (1.1765 %)). Current N = 1. Average N = 0.906
2021-03-25 17:36:02,218 - INFO: Move rejected due to water leaving the GCMC sphere
2021-03-25 17:36:05,942 - INFO: 86 move(s) completed (1 accepted (1.1628 %)). Current N = 1. Average N = 0.907
2021-03-25 17:36:23,722 - INFO: Move rejected due to water leaving the GCMC sphere
2021-03-25 17:36:27,382 - INFO: 87 move(s) completed (1 accepted (1.1494 %)). Current N = 1. Average N = 0.908
2021-03-25 17:36:45,214 - INFO: Move rejected due to water leaving the GCMC sphere
2021-03-25 17:36:48,911 - INFO: 88 move(s) completed (1 accepted (1.1364 %)). Current N = 1. Average N = 0.909
2021-03-25 17:37:09,289 - INFO: 89 move(s) completed (1 accepted (1.1236 %)). Current N = 1. Average N = 0.910
2021-03-25 17:37:26,232 - INFO: Move rejected due to water leaving the GCMC sphere
2021-03-25 17:37:29,638 - INFO: 90 move(s) completed (1 accepted (1.1111 %)). Current N = 1. Average N = 0.911
2021-03-25 17:37:46,734 - INFO: Move rejected due to water leaving the GCMC sphere
2021-03-25 17:37:50,418 - INFO: 91 move(s) completed (1 accepted (1.0989 %)). Current N = 1. Average N = 0.912
2021-03-25 17:38:11,271 - INFO: 92 move(s) completed (2 accepted (2.1739 %)). Current N = 2. Average N = 0.924
2021-03-25 17:38:32,149 - INFO: 93 move(s) completed (2 accepted (2.1505 %)). Current N = 2. Average N = 0.935
2021-03-25 17:38:53,020 - INFO: 94 move(s) completed (2 accepted (2.1277 %)). Current N = 2. Average N = 0.947
2021-03-25 17:39:13,873 - INFO: 95 move(s) completed (2 accepted (2.1053 %)). Current N = 2. Average N = 0.958
2021-03-25 17:39:34,652 - INFO: 96 move(s) completed (2 accepted (2.0833 %)). Current N = 2. Average N = 0.969
2021-03-25 17:39:52,254 - INFO: Move rejected due to water leaving the GCMC sphere
2021-03-25 17:39:55,944 - INFO: 97 move(s) completed (2 accepted (2.0619 %)). Current N = 2. Average N = 0.979
2021-03-25 17:40:17,029 - INFO: 98 move(s) completed (2 accepted (2.0408 %)). Current N = 2. Average N = 0.990
2021-03-25 17:40:38,291 - INFO: 99 move(s) completed (2 accepted (2.0202 %)). Current N = 2. Average N = 1.000
2021-03-25 17:40:59,600 - INFO: 100 move(s) completed (2 accepted (2.0000 %)). Current N = 2. Average N = 1.010
2021-03-25 17:41:20,262 - INFO: 101 move(s) completed (2 accepted (1.9802 %)). Current N = 2. Average N = 1.020
2021-03-25 17:41:37,947 - INFO: Move rejected due to water leaving the GCMC sphere
2021-03-25 17:41:41,650 - INFO: 102 move(s) completed (2 accepted (1.9608 %)). Current N = 2. Average N = 1.029
2021-03-25 17:41:59,353 - INFO: Move rejected due to water leaving the GCMC sphere
2021-03-25 17:42:02,956 - INFO: 103 move(s) completed (2 accepted (1.9417 %)). Current N = 2. Average N = 1.039
2021-03-25 17:42:20,939 - INFO: Move rejected due to water leaving the GCMC sphere
2021-03-25 17:42:24,567 - INFO: 104 move(s) completed (2 accepted (1.9231 %)). Current N = 2. Average N = 1.048
2021-03-25 17:42:41,454 - INFO: Move rejected due to water leaving the GCMC sphere
2021-03-25 17:42:45,149 - INFO: 105 move(s) completed (2 accepted (1.9048 %)). Current N = 2. Average N = 1.057
2021-03-25 17:43:05,620 - INFO: 106 move(s) completed (2 accepted (1.8868 %)). Current N = 2. Average N = 1.066
2021-03-25 17:43:26,317 - INFO: 107 move(s) completed (2 accepted (1.8692 %)). Current N = 2. Average N = 1.075
2021-03-25 17:43:47,040 - INFO: 108 move(s) completed (2 accepted (1.8519 %)). Current N = 2. Average N = 1.083
2021-03-25 17:44:07,859 - INFO: 109 move(s) completed (2 accepted (1.8349 %)). Current N = 2. Average N = 1.092
2021-03-25 17:44:28,786 - INFO: 110 move(s) completed (2 accepted (1.8182 %)). Current N = 2. Average N = 1.100
2021-03-25 17:44:46,045 - INFO: Move rejected due to water leaving the GCMC sphere
2021-03-25 17:44:49,741 - INFO: 111 move(s) completed (2 accepted (1.8018 %)). Current N = 2. Average N = 1.108
2021-03-25 17:45:10,349 - INFO: 112 move(s) completed (2 accepted (1.7857 %)). Current N = 2. Average N = 1.116
2021-03-25 17:45:31,305 - INFO: 113 move(s) completed (2 accepted (1.7699 %)). Current N = 2. Average N = 1.124
2021-03-25 17:45:52,529 - INFO: 114 move(s) completed (2 accepted (1.7544 %)). Current N = 2. Average N = 1.132
2021-03-25 17:46:13,542 - INFO: 115 move(s) completed (2 accepted (1.7391 %)). Current N = 2. Average N = 1.139
2021-03-25 17:46:34,552 - INFO: 116 move(s) completed (2 accepted (1.7241 %)). Current N = 2. Average N = 1.147
2021-03-25 17:46:52,196 - INFO: Move rejected due to water leaving the GCMC sphere
2021-03-25 17:46:55,876 - INFO: 117 move(s) completed (2 accepted (1.7094 %)). Current N = 2. Average N = 1.154
2021-03-25 17:47:13,501 - INFO: Move rejected due to water leaving the GCMC sphere
2021-03-25 17:47:17,202 - INFO: 118 move(s) completed (2 accepted (1.6949 %)). Current N = 2. Average N = 1.161
2021-03-25 17:47:38,454 - INFO: 119 move(s) completed (2 accepted (1.6807 %)). Current N = 2. Average N = 1.168
2021-03-25 17:47:55,437 - INFO: Move rejected due to water leaving the GCMC sphere
2021-03-25 17:47:59,126 - INFO: 120 move(s) completed (2 accepted (1.6667 %)). Current N = 2. Average N = 1.175
2021-03-25 17:48:19,919 - INFO: 121 move(s) completed (2 accepted (1.6529 %)). Current N = 2. Average N = 1.182
2021-03-25 17:48:40,363 - INFO: 122 move(s) completed (2 accepted (1.6393 %)). Current N = 2. Average N = 1.188
2021-03-25 17:49:00,993 - INFO: 123 move(s) completed (2 accepted (1.6260 %)). Current N = 2. Average N = 1.195
2021-03-25 17:49:21,614 - INFO: 124 move(s) completed (2 accepted (1.6129 %)). Current N = 2. Average N = 1.202
2021-03-25 17:49:38,656 - INFO: Move rejected due to water leaving the GCMC sphere
2021-03-25 17:49:42,206 - INFO: 125 move(s) completed (2 accepted (1.6000 %)). Current N = 2. Average N = 1.208
2021-03-25 17:49:59,517 - INFO: Move rejected due to water leaving the GCMC sphere
2021-03-25 17:50:03,044 - INFO: 126 move(s) completed (2 accepted (1.5873 %)). Current N = 2. Average N = 1.214
2021-03-25 17:50:20,399 - INFO: Move rejected due to water leaving the GCMC sphere
2021-03-25 17:50:24,235 - INFO: 127 move(s) completed (2 accepted (1.5748 %)). Current N = 2. Average N = 1.220
2021-03-25 17:50:45,364 - INFO: 128 move(s) completed (2 accepted (1.5625 %)). Current N = 2. Average N = 1.227
2021-03-25 17:51:06,117 - INFO: 129 move(s) completed (2 accepted (1.5504 %)). Current N = 2. Average N = 1.233
2021-03-25 17:51:27,438 - INFO: 130 move(s) completed (2 accepted (1.5385 %)). Current N = 2. Average N = 1.238
2021-03-25 17:51:45,011 - INFO: Move rejected due to water leaving the GCMC sphere
2021-03-25 17:51:48,694 - INFO: 131 move(s) completed (2 accepted (1.5267 %)). Current N = 2. Average N = 1.244
2021-03-25 17:52:06,379 - INFO: Move rejected due to water leaving the GCMC sphere
2021-03-25 17:52:10,023 - INFO: 132 move(s) completed (2 accepted (1.5152 %)). Current N = 2. Average N = 1.250
2021-03-25 17:52:31,368 - INFO: 133 move(s) completed (2 accepted (1.5038 %)). Current N = 2. Average N = 1.256
2021-03-25 17:52:52,628 - INFO: 134 move(s) completed (2 accepted (1.4925 %)). Current N = 2. Average N = 1.261
2021-03-25 17:53:14,091 - INFO: 135 move(s) completed (2 accepted (1.4815 %)). Current N = 2. Average N = 1.267
2021-03-25 17:53:34,450 - INFO: 136 move(s) completed (2 accepted (1.4706 %)). Current N = 2. Average N = 1.272
2021-03-25 17:53:51,449 - INFO: Move rejected due to water leaving the GCMC sphere
2021-03-25 17:53:55,152 - INFO: 137 move(s) completed (2 accepted (1.4599 %)). Current N = 2. Average N = 1.277
2021-03-25 17:54:12,199 - INFO: Move rejected due to water leaving the GCMC sphere
2021-03-25 17:54:15,898 - INFO: 138 move(s) completed (2 accepted (1.4493 %)). Current N = 2. Average N = 1.283
2021-03-25 17:54:36,634 - INFO: 139 move(s) completed (2 accepted (1.4388 %)). Current N = 2. Average N = 1.288
2021-03-25 17:54:53,830 - INFO: Move rejected due to water leaving the GCMC sphere
2021-03-25 17:54:57,512 - INFO: 140 move(s) completed (2 accepted (1.4286 %)). Current N = 2. Average N = 1.293
2021-03-25 17:55:18,233 - INFO: 141 move(s) completed (2 accepted (1.4184 %)). Current N = 2. Average N = 1.298
2021-03-25 17:55:35,211 - INFO: Move rejected due to water leaving the GCMC sphere
2021-03-25 17:55:38,703 - INFO: 142 move(s) completed (2 accepted (1.4085 %)). Current N = 2. Average N = 1.303
2021-03-25 17:55:56,177 - INFO: Move rejected due to water leaving the GCMC sphere
2021-03-25 17:55:59,873 - INFO: 143 move(s) completed (2 accepted (1.3986 %)). Current N = 2. Average N = 1.308
2021-03-25 17:56:20,895 - INFO: 144 move(s) completed (2 accepted (1.3889 %)). Current N = 2. Average N = 1.312
2021-03-25 17:56:38,363 - INFO: Move rejected due to water leaving the GCMC sphere
2021-03-25 17:56:41,938 - INFO: 145 move(s) completed (2 accepted (1.3793 %)). Current N = 2. Average N = 1.317
2021-03-25 17:56:59,570 - INFO: Move rejected due to water leaving the GCMC sphere
2021-03-25 17:57:03,162 - INFO: 146 move(s) completed (2 accepted (1.3699 %)). Current N = 2. Average N = 1.322
2021-03-25 17:57:24,452 - INFO: 147 move(s) completed (2 accepted (1.3605 %)). Current N = 2. Average N = 1.327
2021-03-25 17:57:41,445 - INFO: Move rejected due to water leaving the GCMC sphere
2021-03-25 17:57:45,136 - INFO: 148 move(s) completed (2 accepted (1.3514 %)). Current N = 2. Average N = 1.331
2021-03-25 17:58:02,758 - INFO: Move rejected due to water leaving the GCMC sphere
2021-03-25 17:58:06,332 - INFO: 149 move(s) completed (2 accepted (1.3423 %)). Current N = 2. Average N = 1.336
2021-03-25 17:58:23,993 - INFO: Move rejected due to water leaving the GCMC sphere
2021-03-25 17:58:27,692 - INFO: 150 move(s) completed (2 accepted (1.3333 %)). Current N = 2. Average N = 1.340
2021-03-25 17:58:49,074 - INFO: 151 move(s) completed (2 accepted (1.3245 %)). Current N = 2. Average N = 1.344
2021-03-25 17:59:06,883 - INFO: Move rejected due to water leaving the GCMC sphere
2021-03-25 17:59:10,456 - INFO: 152 move(s) completed (2 accepted (1.3158 %)). Current N = 2. Average N = 1.349
2021-03-25 17:59:31,129 - INFO: 153 move(s) completed (2 accepted (1.3072 %)). Current N = 2. Average N = 1.353
2021-03-25 17:59:51,635 - INFO: 154 move(s) completed (2 accepted (1.2987 %)). Current N = 2. Average N = 1.357
2021-03-25 18:00:12,484 - INFO: 155 move(s) completed (2 accepted (1.2903 %)). Current N = 2. Average N = 1.361
2021-03-25 18:00:33,410 - INFO: 156 move(s) completed (2 accepted (1.2821 %)). Current N = 2. Average N = 1.365
2021-03-25 18:00:54,256 - INFO: 157 move(s) completed (2 accepted (1.2739 %)). Current N = 2. Average N = 1.369
2021-03-25 18:01:14,955 - INFO: 158 move(s) completed (2 accepted (1.2658 %)). Current N = 2. Average N = 1.373
2021-03-25 18:01:36,016 - INFO: 159 move(s) completed (2 accepted (1.2579 %)). Current N = 2. Average N = 1.377
2021-03-25 18:01:57,289 - INFO: 160 move(s) completed (2 accepted (1.2500 %)). Current N = 2. Average N = 1.381
2021-03-25 18:02:18,238 - INFO: 161 move(s) completed (2 accepted (1.2422 %)). Current N = 2. Average N = 1.385
2021-03-25 18:02:35,921 - INFO: Move rejected due to water leaving the GCMC sphere
2021-03-25 18:02:39,452 - INFO: 162 move(s) completed (2 accepted (1.2346 %)). Current N = 2. Average N = 1.389
2021-03-25 18:03:00,694 - INFO: 163 move(s) completed (2 accepted (1.2270 %)). Current N = 2. Average N = 1.393
2021-03-25 18:03:18,260 - INFO: Move rejected due to water leaving the GCMC sphere
2021-03-25 18:03:21,957 - INFO: 164 move(s) completed (2 accepted (1.2195 %)). Current N = 2. Average N = 1.396
2021-03-25 18:03:43,419 - INFO: 165 move(s) completed (2 accepted (1.2121 %)). Current N = 2. Average N = 1.400
2021-03-25 18:04:04,817 - INFO: 166 move(s) completed (2 accepted (1.2048 %)). Current N = 2. Average N = 1.404
2021-03-25 18:04:22,386 - INFO: Move rejected due to water leaving the GCMC sphere
2021-03-25 18:04:26,086 - INFO: 167 move(s) completed (2 accepted (1.1976 %)). Current N = 2. Average N = 1.407
2021-03-25 18:04:43,960 - INFO: Move rejected due to water leaving the GCMC sphere
2021-03-25 18:04:47,538 - INFO: 168 move(s) completed (2 accepted (1.1905 %)). Current N = 2. Average N = 1.411
2021-03-25 18:05:04,561 - INFO: Move rejected due to water leaving the GCMC sphere
2021-03-25 18:05:08,071 - INFO: 169 move(s) completed (2 accepted (1.1834 %)). Current N = 2. Average N = 1.414
2021-03-25 18:05:25,042 - INFO: Move rejected due to water leaving the GCMC sphere
2021-03-25 18:05:28,737 - INFO: 170 move(s) completed (2 accepted (1.1765 %)). Current N = 2. Average N = 1.418
2021-03-25 18:05:49,489 - INFO: 171 move(s) completed (2 accepted (1.1696 %)). Current N = 2. Average N = 1.421
2021-03-25 18:06:09,980 - INFO: 172 move(s) completed (2 accepted (1.1628 %)). Current N = 2. Average N = 1.424
2021-03-25 18:06:30,910 - INFO: 173 move(s) completed (2 accepted (1.1561 %)). Current N = 2. Average N = 1.428
2021-03-25 18:06:51,759 - INFO: 174 move(s) completed (2 accepted (1.1494 %)). Current N = 2. Average N = 1.431
2021-03-25 18:07:09,063 - INFO: Move rejected due to water leaving the GCMC sphere
2021-03-25 18:07:12,707 - INFO: 175 move(s) completed (2 accepted (1.1429 %)). Current N = 2. Average N = 1.434
2021-03-25 18:07:33,904 - INFO: 176 move(s) completed (2 accepted (1.1364 %)). Current N = 2. Average N = 1.438
2021-03-25 18:07:55,097 - INFO: 177 move(s) completed (2 accepted (1.1299 %)). Current N = 2. Average N = 1.441
2021-03-25 18:08:15,929 - INFO: 178 move(s) completed (2 accepted (1.1236 %)). Current N = 2. Average N = 1.444
2021-03-25 18:08:33,643 - INFO: Move rejected due to water leaving the GCMC sphere
2021-03-25 18:08:37,344 - INFO: 179 move(s) completed (2 accepted (1.1173 %)). Current N = 2. Average N = 1.447
2021-03-25 18:08:58,514 - INFO: 180 move(s) completed (2 accepted (1.1111 %)). Current N = 2. Average N = 1.450
2021-03-25 18:09:16,301 - INFO: Move rejected due to water leaving the GCMC sphere
2021-03-25 18:09:20,005 - INFO: 181 move(s) completed (2 accepted (1.1050 %)). Current N = 2. Average N = 1.453
2021-03-25 18:09:40,655 - INFO: 182 move(s) completed (2 accepted (1.0989 %)). Current N = 2. Average N = 1.456
2021-03-25 18:09:58,453 - INFO: Move rejected due to water leaving the GCMC sphere
2021-03-25 18:10:02,246 - INFO: 183 move(s) completed (2 accepted (1.0929 %)). Current N = 2. Average N = 1.459
2021-03-25 18:10:23,741 - INFO: 184 move(s) completed (2 accepted (1.0870 %)). Current N = 2. Average N = 1.462
2021-03-25 18:10:44,317 - INFO: 185 move(s) completed (2 accepted (1.0811 %)). Current N = 2. Average N = 1.465
2021-03-25 18:11:04,940 - INFO: 186 move(s) completed (2 accepted (1.0753 %)). Current N = 2. Average N = 1.468
2021-03-25 18:11:25,597 - INFO: 187 move(s) completed (2 accepted (1.0695 %)). Current N = 2. Average N = 1.471
2021-03-25 18:11:46,123 - INFO: 188 move(s) completed (2 accepted (1.0638 %)). Current N = 2. Average N = 1.473
2021-03-25 18:12:07,062 - INFO: 189 move(s) completed (2 accepted (1.0582 %)). Current N = 2. Average N = 1.476
2021-03-25 18:12:24,313 - INFO: Move rejected due to water leaving the GCMC sphere
2021-03-25 18:12:27,997 - INFO: 190 move(s) completed (2 accepted (1.0526 %)). Current N = 2. Average N = 1.479
2021-03-25 18:12:48,861 - INFO: 191 move(s) completed (2 accepted (1.0471 %)). Current N = 2. Average N = 1.482
2021-03-25 18:13:09,840 - INFO: 192 move(s) completed (2 accepted (1.0417 %)). Current N = 2. Average N = 1.484
2021-03-25 18:13:30,584 - INFO: 193 move(s) completed (2 accepted (1.0363 %)). Current N = 2. Average N = 1.487
2021-03-25 18:13:48,064 - INFO: Move rejected due to water leaving the GCMC sphere
2021-03-25 18:13:51,764 - INFO: 194 move(s) completed (2 accepted (1.0309 %)). Current N = 2. Average N = 1.490
2021-03-25 18:14:12,927 - INFO: 195 move(s) completed (2 accepted (1.0256 %)). Current N = 2. Average N = 1.492
2021-03-25 18:14:29,880 - INFO: Move rejected due to water leaving the GCMC sphere
2021-03-25 18:14:33,580 - INFO: 196 move(s) completed (2 accepted (1.0204 %)). Current N = 2. Average N = 1.495
2021-03-25 18:14:54,071 - INFO: 197 move(s) completed (2 accepted (1.0152 %)). Current N = 2. Average N = 1.498
2021-03-25 18:15:15,505 - INFO: 198 move(s) completed (2 accepted (1.0101 %)). Current N = 2. Average N = 1.500
2021-03-25 18:15:36,836 - INFO: 199 move(s) completed (2 accepted (1.0050 %)). Current N = 2. Average N = 1.502
2021-03-25 18:15:57,355 - INFO: 200 move(s) completed (2 accepted (1.0000 %)). Current N = 2. Average N = 1.505
2021-03-25 18:16:14,332 - INFO: Move rejected due to water leaving the GCMC sphere
2021-03-25 18:16:17,889 - INFO: 201 move(s) completed (2 accepted (0.9950 %)). Current N = 2. Average N = 1.508
2021-03-25 18:16:34,934 - INFO: Move rejected due to water leaving the GCMC sphere
2021-03-25 18:16:38,630 - INFO: 202 move(s) completed (2 accepted (0.9901 %)). Current N = 2. Average N = 1.510
2021-03-25 18:16:59,320 - INFO: 203 move(s) completed (2 accepted (0.9852 %)). Current N = 2. Average N = 1.512
2021-03-25 18:17:16,492 - INFO: Move rejected due to water leaving the GCMC sphere
2021-03-25 18:17:20,160 - INFO: 204 move(s) completed (2 accepted (0.9804 %)). Current N = 2. Average N = 1.515
2021-03-25 18:17:37,419 - INFO: Move rejected due to water leaving the GCMC sphere
2021-03-25 18:17:41,141 - INFO: 205 move(s) completed (2 accepted (0.9756 %)). Current N = 2. Average N = 1.517
2021-03-25 18:17:58,289 - INFO: Move rejected due to water leaving the GCMC sphere
2021-03-25 18:18:01,988 - INFO: 206 move(s) completed (2 accepted (0.9709 %)). Current N = 2. Average N = 1.519
2021-03-25 18:18:22,609 - INFO: 207 move(s) completed (2 accepted (0.9662 %)). Current N = 2. Average N = 1.522
2021-03-25 18:18:40,034 - INFO: Move rejected due to water leaving the GCMC sphere
2021-03-25 18:18:43,585 - INFO: 208 move(s) completed (2 accepted (0.9615 %)). Current N = 2. Average N = 1.524
2021-03-25 18:19:01,042 - INFO: Move rejected due to water leaving the GCMC sphere
2021-03-25 18:19:04,738 - INFO: 209 move(s) completed (2 accepted (0.9569 %)). Current N = 2. Average N = 1.526
2021-03-25 18:19:25,802 - INFO: 210 move(s) completed (2 accepted (0.9524 %)). Current N = 2. Average N = 1.529
2021-03-25 18:19:47,067 - INFO: 211 move(s) completed (2 accepted (0.9479 %)). Current N = 2. Average N = 1.531
2021-03-25 18:20:04,657 - INFO: Move rejected due to water leaving the GCMC sphere
2021-03-25 18:20:08,346 - INFO: 212 move(s) completed (2 accepted (0.9434 %)). Current N = 2. Average N = 1.533
2021-03-25 18:20:25,880 - INFO: Move rejected due to water leaving the GCMC sphere
2021-03-25 18:20:29,581 - INFO: 213 move(s) completed (2 accepted (0.9390 %)). Current N = 2. Average N = 1.535
2021-03-25 18:20:50,743 - INFO: 214 move(s) completed (2 accepted (0.9346 %)). Current N = 2. Average N = 1.537
2021-03-25 18:21:12,233 - INFO: 215 move(s) completed (2 accepted (0.9302 %)). Current N = 2. Average N = 1.540
2021-03-25 18:21:32,795 - INFO: 216 move(s) completed (2 accepted (0.9259 %)). Current N = 2. Average N = 1.542
2021-03-25 18:21:53,279 - INFO: 217 move(s) completed (2 accepted (0.9217 %)). Current N = 2. Average N = 1.544
2021-03-25 18:22:10,431 - INFO: Move rejected due to water leaving the GCMC sphere
2021-03-25 18:22:14,022 - INFO: 218 move(s) completed (2 accepted (0.9174 %)). Current N = 2. Average N = 1.546
2021-03-25 18:22:34,710 - INFO: 219 move(s) completed (2 accepted (0.9132 %)). Current N = 2. Average N = 1.548
2021-03-25 18:22:55,504 - INFO: 220 move(s) completed (2 accepted (0.9091 %)). Current N = 2. Average N = 1.550
2021-03-25 18:23:16,454 - INFO: 221 move(s) completed (2 accepted (0.9050 %)). Current N = 2. Average N = 1.552
2021-03-25 18:23:37,011 - INFO: 222 move(s) completed (2 accepted (0.9009 %)). Current N = 2. Average N = 1.554
2021-03-25 18:23:57,879 - INFO: 223 move(s) completed (2 accepted (0.8969 %)). Current N = 2. Average N = 1.556
2021-03-25 18:24:18,827 - INFO: 224 move(s) completed (2 accepted (0.8929 %)). Current N = 2. Average N = 1.558
2021-03-25 18:24:39,990 - INFO: 225 move(s) completed (2 accepted (0.8889 %)). Current N = 2. Average N = 1.560
2021-03-25 18:25:01,127 - INFO: 226 move(s) completed (2 accepted (0.8850 %)). Current N = 2. Average N = 1.562
2021-03-25 18:25:22,180 - INFO: 227 move(s) completed (2 accepted (0.8811 %)). Current N = 2. Average N = 1.564
2021-03-25 18:25:43,471 - INFO: 228 move(s) completed (2 accepted (0.8772 %)). Current N = 2. Average N = 1.566
2021-03-25 18:26:01,174 - INFO: Move rejected due to water leaving the GCMC sphere
2021-03-25 18:26:04,855 - INFO: 229 move(s) completed (2 accepted (0.8734 %)). Current N = 2. Average N = 1.568
2021-03-25 18:26:26,023 - INFO: 230 move(s) completed (2 accepted (0.8696 %)). Current N = 2. Average N = 1.570
2021-03-25 18:26:47,390 - INFO: 231 move(s) completed (2 accepted (0.8658 %)). Current N = 2. Average N = 1.571
2021-03-25 18:27:05,263 - INFO: Move rejected due to water leaving the GCMC sphere
2021-03-25 18:27:08,958 - INFO: 232 move(s) completed (2 accepted (0.8621 %)). Current N = 2. Average N = 1.573
2021-03-25 18:27:30,381 - INFO: 233 move(s) completed (2 accepted (0.8584 %)). Current N = 2. Average N = 1.575
2021-03-25 18:27:51,005 - INFO: 234 move(s) completed (2 accepted (0.8547 %)). Current N = 2. Average N = 1.577
2021-03-25 18:28:11,774 - INFO: 235 move(s) completed (2 accepted (0.8511 %)). Current N = 2. Average N = 1.579
2021-03-25 18:28:28,778 - INFO: Move rejected due to water leaving the GCMC sphere
2021-03-25 18:28:32,428 - INFO: 236 move(s) completed (2 accepted (0.8475 %)). Current N = 2. Average N = 1.581
2021-03-25 18:28:53,099 - INFO: 237 move(s) completed (2 accepted (0.8439 %)). Current N = 2. Average N = 1.582
2021-03-25 18:29:10,286 - INFO: Move rejected due to water leaving the GCMC sphere
2021-03-25 18:29:13,973 - INFO: 238 move(s) completed (2 accepted (0.8403 %)). Current N = 2. Average N = 1.584
2021-03-25 18:29:34,842 - INFO: 239 move(s) completed (2 accepted (0.8368 %)). Current N = 2. Average N = 1.586
2021-03-25 18:29:52,263 - INFO: Move rejected due to water leaving the GCMC sphere
2021-03-25 18:29:55,799 - INFO: 240 move(s) completed (2 accepted (0.8333 %)). Current N = 2. Average N = 1.587
2021-03-25 18:30:16,907 - INFO: 241 move(s) completed (2 accepted (0.8299 %)). Current N = 2. Average N = 1.589
2021-03-25 18:30:38,115 - INFO: 242 move(s) completed (2 accepted (0.8264 %)). Current N = 2. Average N = 1.591
2021-03-25 18:30:59,346 - INFO: 243 move(s) completed (2 accepted (0.8230 %)). Current N = 2. Average N = 1.593
2021-03-25 18:31:20,698 - INFO: 244 move(s) completed (2 accepted (0.8197 %)). Current N = 2. Average N = 1.594
2021-03-25 18:31:42,058 - INFO: 245 move(s) completed (2 accepted (0.8163 %)). Current N = 2. Average N = 1.596
2021-03-25 18:31:59,823 - INFO: Move rejected due to water leaving the GCMC sphere
2021-03-25 18:32:03,278 - INFO: 246 move(s) completed (2 accepted (0.8130 %)). Current N = 2. Average N = 1.598
2021-03-25 18:32:21,025 - INFO: Move rejected due to water leaving the GCMC sphere
2021-03-25 18:32:24,561 - INFO: 247 move(s) completed (2 accepted (0.8097 %)). Current N = 2. Average N = 1.599
2021-03-25 18:32:41,408 - INFO: Move rejected due to water leaving the GCMC sphere
2021-03-25 18:32:45,108 - INFO: 248 move(s) completed (2 accepted (0.8065 %)). Current N = 2. Average N = 1.601
2021-03-25 18:33:03,031 - INFO: Move rejected due to water leaving the GCMC sphere
2021-03-25 18:33:06,731 - INFO: 249 move(s) completed (2 accepted (0.8032 %)). Current N = 2. Average N = 1.602
2021-03-25 18:33:27,179 - INFO: 250 move(s) completed (2 accepted (0.8000 %)). Current N = 2. Average N = 1.604
2021-03-25 18:33:44,262 - INFO: Move rejected due to water leaving the GCMC sphere
2021-03-25 18:33:47,954 - INFO: 251 move(s) completed (2 accepted (0.7968 %)). Current N = 2. Average N = 1.606
2021-03-25 18:34:05,025 - INFO: Move rejected due to water leaving the GCMC sphere
2021-03-25 18:34:08,723 - INFO: 252 move(s) completed (2 accepted (0.7937 %)). Current N = 2. Average N = 1.607
2021-03-25 18:34:25,912 - INFO: Move rejected due to water leaving the GCMC sphere
2021-03-25 18:34:29,601 - INFO: 253 move(s) completed (2 accepted (0.7905 %)). Current N = 2. Average N = 1.609
2021-03-25 18:34:50,347 - INFO: 254 move(s) completed (2 accepted (0.7874 %)). Current N = 2. Average N = 1.610
2021-03-25 18:35:11,392 - INFO: 255 move(s) completed (2 accepted (0.7843 %)). Current N = 2. Average N = 1.612
2021-03-25 18:35:28,751 - INFO: Move rejected due to water leaving the GCMC sphere
2021-03-25 18:35:32,424 - INFO: 256 move(s) completed (2 accepted (0.7812 %)). Current N = 2. Average N = 1.613
2021-03-25 18:35:53,226 - INFO: 257 move(s) completed (2 accepted (0.7782 %)). Current N = 2. Average N = 1.615
2021-03-25 18:36:10,615 - INFO: Move rejected due to water leaving the GCMC sphere
2021-03-25 18:36:14,316 - INFO: 258 move(s) completed (2 accepted (0.7752 %)). Current N = 2. Average N = 1.616
2021-03-25 18:36:35,470 - INFO: 259 move(s) completed (2 accepted (0.7722 %)). Current N = 2. Average N = 1.618
2021-03-25 18:36:56,198 - INFO: 260 move(s) completed (2 accepted (0.7692 %)). Current N = 2. Average N = 1.619
2021-03-25 18:37:16,905 - INFO: 261 move(s) completed (2 accepted (0.7663 %)). Current N = 2. Average N = 1.621
2021-03-25 18:37:38,106 - INFO: 262 move(s) completed (2 accepted (0.7634 %)). Current N = 2. Average N = 1.622
2021-03-25 18:37:59,490 - INFO: 263 move(s) completed (2 accepted (0.7605 %)). Current N = 2. Average N = 1.624
2021-03-25 18:38:20,926 - INFO: 264 move(s) completed (3 accepted (1.1364 %)). Current N = 3. Average N = 1.629
2021-03-25 18:38:38,561 - INFO: Move rejected due to water leaving the GCMC sphere
2021-03-25 18:38:42,264 - INFO: 265 move(s) completed (3 accepted (1.1321 %)). Current N = 3. Average N = 1.634
2021-03-25 18:39:02,663 - INFO: 266 move(s) completed (3 accepted (1.1278 %)). Current N = 3. Average N = 1.639
2021-03-25 18:39:23,436 - INFO: 267 move(s) completed (3 accepted (1.1236 %)). Current N = 3. Average N = 1.644
2021-03-25 18:39:44,221 - INFO: 268 move(s) completed (3 accepted (1.1194 %)). Current N = 3. Average N = 1.649
2021-03-25 18:40:01,092 - INFO: Move rejected due to water leaving the GCMC sphere
2021-03-25 18:40:04,771 - INFO: 269 move(s) completed (3 accepted (1.1152 %)). Current N = 3. Average N = 1.654
2021-03-25 18:40:25,771 - INFO: 270 move(s) completed (3 accepted (1.1111 %)). Current N = 3. Average N = 1.659
2021-03-25 18:40:46,859 - INFO: 271 move(s) completed (3 accepted (1.1070 %)). Current N = 3. Average N = 1.664
2021-03-25 18:41:07,935 - INFO: 272 move(s) completed (3 accepted (1.1029 %)). Current N = 3. Average N = 1.669
2021-03-25 18:41:29,081 - INFO: 273 move(s) completed (3 accepted (1.0989 %)). Current N = 3. Average N = 1.674
2021-03-25 18:41:46,016 - INFO: Move rejected due to water leaving the GCMC sphere
2021-03-25 18:41:49,708 - INFO: 274 move(s) completed (3 accepted (1.0949 %)). Current N = 3. Average N = 1.679
2021-03-25 18:42:10,861 - INFO: 275 move(s) completed (3 accepted (1.0909 %)). Current N = 3. Average N = 1.684
2021-03-25 18:42:32,228 - INFO: 276 move(s) completed (3 accepted (1.0870 %)). Current N = 3. Average N = 1.688
2021-03-25 18:42:53,520 - INFO: 277 move(s) completed (3 accepted (1.0830 %)). Current N = 3. Average N = 1.693
2021-03-25 18:43:11,281 - INFO: Move rejected due to water leaving the GCMC sphere
2021-03-25 18:43:14,983 - INFO: 278 move(s) completed (3 accepted (1.0791 %)). Current N = 3. Average N = 1.698
2021-03-25 18:43:32,731 - INFO: Move rejected due to water leaving the GCMC sphere
2021-03-25 18:43:36,425 - INFO: 279 move(s) completed (3 accepted (1.0753 %)). Current N = 3. Average N = 1.702
2021-03-25 18:43:57,977 - INFO: 280 move(s) completed (3 accepted (1.0714 %)). Current N = 3. Average N = 1.707
2021-03-25 18:44:19,633 - INFO: 281 move(s) completed (3 accepted (1.0676 %)). Current N = 3. Average N = 1.712
2021-03-25 18:44:40,234 - INFO: 282 move(s) completed (3 accepted (1.0638 %)). Current N = 3. Average N = 1.716
2021-03-25 18:44:57,421 - INFO: Move rejected due to water leaving the GCMC sphere
2021-03-25 18:45:00,976 - INFO: 283 move(s) completed (3 accepted (1.0601 %)). Current N = 3. Average N = 1.721
2021-03-25 18:45:21,707 - INFO: 284 move(s) completed (3 accepted (1.0563 %)). Current N = 3. Average N = 1.725
2021-03-25 18:45:42,241 - INFO: 285 move(s) completed (3 accepted (1.0526 %)). Current N = 3. Average N = 1.730
2021-03-25 18:46:03,064 - INFO: 286 move(s) completed (3 accepted (1.0490 %)). Current N = 3. Average N = 1.734
2021-03-25 18:46:24,248 - INFO: 287 move(s) completed (3 accepted (1.0453 %)). Current N = 3. Average N = 1.739
2021-03-25 18:46:41,715 - INFO: Move rejected due to water leaving the GCMC sphere
2021-03-25 18:46:45,406 - INFO: 288 move(s) completed (3 accepted (1.0417 %)). Current N = 3. Average N = 1.743
2021-03-25 18:47:02,204 - INFO: Move rejected due to water leaving the GCMC sphere
2021-03-25 18:47:05,749 - INFO: 289 move(s) completed (3 accepted (1.0381 %)). Current N = 3. Average N = 1.747
2021-03-25 18:47:27,035 - INFO: 290 move(s) completed (3 accepted (1.0345 %)). Current N = 3. Average N = 1.752
2021-03-25 18:47:48,234 - INFO: 291 move(s) completed (3 accepted (1.0309 %)). Current N = 3. Average N = 1.756
2021-03-25 18:48:05,809 - INFO: Move rejected due to water leaving the GCMC sphere
2021-03-25 18:48:09,339 - INFO: 292 move(s) completed (3 accepted (1.0274 %)). Current N = 3. Average N = 1.760
2021-03-25 18:48:27,057 - INFO: Move rejected due to water leaving the GCMC sphere
2021-03-25 18:48:30,759 - INFO: 293 move(s) completed (3 accepted (1.0239 %)). Current N = 3. Average N = 1.764
2021-03-25 18:48:52,249 - INFO: 294 move(s) completed (3 accepted (1.0204 %)). Current N = 3. Average N = 1.769
2021-03-25 18:49:13,616 - INFO: 295 move(s) completed (3 accepted (1.0169 %)). Current N = 3. Average N = 1.773
2021-03-25 18:49:34,990 - INFO: 296 move(s) completed (3 accepted (1.0135 %)). Current N = 3. Average N = 1.777
2021-03-25 18:49:52,926 - INFO: Move rejected due to water leaving the GCMC sphere
2021-03-25 18:49:56,631 - INFO: 297 move(s) completed (3 accepted (1.0101 %)). Current N = 3. Average N = 1.781
2021-03-25 18:50:13,443 - INFO: Move rejected due to water leaving the GCMC sphere
2021-03-25 18:50:17,123 - INFO: 298 move(s) completed (3 accepted (1.0067 %)). Current N = 3. Average N = 1.785
2021-03-25 18:50:37,662 - INFO: 299 move(s) completed (3 accepted (1.0033 %)). Current N = 3. Average N = 1.789
2021-03-25 18:50:58,522 - INFO: 300 move(s) completed (3 accepted (1.0000 %)). Current N = 3. Average N = 1.793
2021-03-25 18:51:15,294 - INFO: Move rejected due to water leaving the GCMC sphere
2021-03-25 18:51:18,996 - INFO: 301 move(s) completed (3 accepted (0.9967 %)). Current N = 3. Average N = 1.797
2021-03-25 18:51:39,997 - INFO: 302 move(s) completed (3 accepted (0.9934 %)). Current N = 3. Average N = 1.801
2021-03-25 18:51:57,285 - INFO: Move rejected due to water leaving the GCMC sphere
2021-03-25 18:52:00,980 - INFO: 303 move(s) completed (3 accepted (0.9901 %)). Current N = 3. Average N = 1.805
2021-03-25 18:52:18,220 - INFO: Move rejected due to water leaving the GCMC sphere
2021-03-25 18:52:21,906 - INFO: 304 move(s) completed (3 accepted (0.9868 %)). Current N = 3. Average N = 1.809
2021-03-25 18:52:42,894 - INFO: 305 move(s) completed (3 accepted (0.9836 %)). Current N = 3. Average N = 1.813
2021-03-25 18:53:00,358 - INFO: Move rejected due to water leaving the GCMC sphere
2021-03-25 18:53:04,056 - INFO: 306 move(s) completed (3 accepted (0.9804 %)). Current N = 3. Average N = 1.817
2021-03-25 18:53:25,204 - INFO: 307 move(s) completed (3 accepted (0.9772 %)). Current N = 3. Average N = 1.821
2021-03-25 18:53:42,903 - INFO: Move rejected due to water leaving the GCMC sphere
2021-03-25 18:53:46,455 - INFO: 308 move(s) completed (3 accepted (0.9740 %)). Current N = 3. Average N = 1.825
2021-03-25 18:54:07,105 - INFO: 309 move(s) completed (3 accepted (0.9709 %)). Current N = 3. Average N = 1.829
2021-03-25 18:54:28,594 - INFO: 310 move(s) completed (3 accepted (0.9677 %)). Current N = 3. Average N = 1.832
2021-03-25 18:54:49,899 - INFO: 311 move(s) completed (3 accepted (0.9646 %)). Current N = 3. Average N = 1.836
2021-03-25 18:55:07,749 - INFO: Move rejected due to water leaving the GCMC sphere
2021-03-25 18:55:11,215 - INFO: 312 move(s) completed (3 accepted (0.9615 %)). Current N = 3. Average N = 1.840
2021-03-25 18:55:32,707 - INFO: 313 move(s) completed (3 accepted (0.9585 %)). Current N = 3. Average N = 1.843
2021-03-25 18:55:53,421 - INFO: 314 move(s) completed (3 accepted (0.9554 %)). Current N = 3. Average N = 1.847
2021-03-25 18:56:13,987 - INFO: 315 move(s) completed (3 accepted (0.9524 %)). Current N = 3. Average N = 1.851
2021-03-25 18:56:31,224 - INFO: Move rejected due to water leaving the GCMC sphere
2021-03-25 18:56:34,924 - INFO: 316 move(s) completed (3 accepted (0.9494 %)). Current N = 3. Average N = 1.854
2021-03-25 18:56:55,759 - INFO: 317 move(s) completed (3 accepted (0.9464 %)). Current N = 3. Average N = 1.858
2021-03-25 18:57:16,336 - INFO: 318 move(s) completed (3 accepted (0.9434 %)). Current N = 3. Average N = 1.862
2021-03-25 18:57:37,333 - INFO: 319 move(s) completed (3 accepted (0.9404 %)). Current N = 3. Average N = 1.865
2021-03-25 18:57:54,809 - INFO: Move rejected due to water leaving the GCMC sphere
2021-03-25 18:57:58,509 - INFO: 320 move(s) completed (3 accepted (0.9375 %)). Current N = 3. Average N = 1.869
2021-03-25 18:58:16,033 - INFO: Move rejected due to water leaving the GCMC sphere
2021-03-25 18:58:19,597 - INFO: 321 move(s) completed (3 accepted (0.9346 %)). Current N = 3. Average N = 1.872
2021-03-25 18:58:37,090 - INFO: Move rejected due to water leaving the GCMC sphere
2021-03-25 18:58:40,715 - INFO: 322 move(s) completed (3 accepted (0.9317 %)). Current N = 3. Average N = 1.876
2021-03-25 18:59:01,906 - INFO: 323 move(s) completed (3 accepted (0.9288 %)). Current N = 3. Average N = 1.879
2021-03-25 18:59:22,871 - INFO: 324 move(s) completed (3 accepted (0.9259 %)). Current N = 3. Average N = 1.883
2021-03-25 18:59:40,596 - INFO: Move rejected due to water leaving the GCMC sphere
2021-03-25 18:59:44,105 - INFO: 325 move(s) completed (3 accepted (0.9231 %)). Current N = 3. Average N = 1.886
2021-03-25 19:00:05,409 - INFO: 326 move(s) completed (3 accepted (0.9202 %)). Current N = 3. Average N = 1.890
2021-03-25 19:00:23,019 - INFO: Move rejected due to water leaving the GCMC sphere
2021-03-25 19:00:26,718 - INFO: 327 move(s) completed (3 accepted (0.9174 %)). Current N = 3. Average N = 1.893
2021-03-25 19:00:48,036 - INFO: 328 move(s) completed (3 accepted (0.9146 %)). Current N = 3. Average N = 1.896
2021-03-25 19:01:09,446 - INFO: 329 move(s) completed (3 accepted (0.9119 %)). Current N = 3. Average N = 1.900
2021-03-25 19:01:29,961 - INFO: 330 move(s) completed (3 accepted (0.9091 %)). Current N = 3. Average N = 1.903
2021-03-25 19:01:47,063 - INFO: Move rejected due to water leaving the GCMC sphere
2021-03-25 19:01:50,608 - INFO: 331 move(s) completed (3 accepted (0.9063 %)). Current N = 3. Average N = 1.906
2021-03-25 19:02:07,834 - INFO: Move rejected due to water leaving the GCMC sphere
2021-03-25 19:02:11,345 - INFO: 332 move(s) completed (3 accepted (0.9036 %)). Current N = 3. Average N = 1.910
2021-03-25 19:02:28,660 - INFO: Move rejected due to water leaving the GCMC sphere
2021-03-25 19:02:32,363 - INFO: 333 move(s) completed (3 accepted (0.9009 %)). Current N = 3. Average N = 1.913
2021-03-25 19:02:49,449 - INFO: Move rejected due to water leaving the GCMC sphere
2021-03-25 19:02:53,150 - INFO: 334 move(s) completed (3 accepted (0.8982 %)). Current N = 3. Average N = 1.916
2021-03-25 19:03:10,384 - INFO: Move rejected due to water leaving the GCMC sphere
2021-03-25 19:03:13,878 - INFO: 335 move(s) completed (3 accepted (0.8955 %)). Current N = 3. Average N = 1.919
2021-03-25 19:03:31,301 - INFO: Move rejected due to water leaving the GCMC sphere
2021-03-25 19:03:34,998 - INFO: 336 move(s) completed (3 accepted (0.8929 %)). Current N = 3. Average N = 1.923
2021-03-25 19:03:56,069 - INFO: 337 move(s) completed (3 accepted (0.8902 %)). Current N = 3. Average N = 1.926
2021-03-25 19:04:17,157 - INFO: 338 move(s) completed (4 accepted (1.1834 %)). Current N = 2. Average N = 1.926
2021-03-25 19:04:38,270 - INFO: 339 move(s) completed (4 accepted (1.1799 %)). Current N = 2. Average N = 1.926
2021-03-25 19:04:59,601 - INFO: 340 move(s) completed (4 accepted (1.1765 %)). Current N = 2. Average N = 1.927
2021-03-25 19:05:20,915 - INFO: 341 move(s) completed (4 accepted (1.1730 %)). Current N = 2. Average N = 1.927
2021-03-25 19:05:38,733 - INFO: Move rejected due to water leaving the GCMC sphere
2021-03-25 19:05:42,167 - INFO: 342 move(s) completed (4 accepted (1.1696 %)). Current N = 2. Average N = 1.927
2021-03-25 19:06:03,652 - INFO: 343 move(s) completed (4 accepted (1.1662 %)). Current N = 2. Average N = 1.927
2021-03-25 19:06:21,311 - INFO: Move rejected due to water leaving the GCMC sphere
2021-03-25 19:06:25,016 - INFO: 344 move(s) completed (4 accepted (1.1628 %)). Current N = 2. Average N = 1.927
2021-03-25 19:06:46,590 - INFO: 345 move(s) completed (4 accepted (1.1594 %)). Current N = 2. Average N = 1.927
2021-03-25 19:07:03,605 - INFO: Move rejected due to water leaving the GCMC sphere
2021-03-25 19:07:07,310 - INFO: 346 move(s) completed (4 accepted (1.1561 %)). Current N = 2. Average N = 1.928
2021-03-25 19:07:24,328 - INFO: Move rejected due to water leaving the GCMC sphere
2021-03-25 19:07:28,007 - INFO: 347 move(s) completed (4 accepted (1.1527 %)). Current N = 2. Average N = 1.928
2021-03-25 19:07:48,582 - INFO: 348 move(s) completed (4 accepted (1.1494 %)). Current N = 2. Average N = 1.928
