2021-03-25 19:07:59,087 - INFO: kT = 0.5921875708469466 kcal/mol
2021-03-25 19:08:04,637 - INFO: BaseGrandCanonicalMonteCarloSampler object initialised
2021-03-25 19:08:04,638 - INFO: GCMC sphere is based on reference atom IDs: [887, 1837]
2021-03-25 19:08:04,638 - INFO: GCMC sphere radius is 6 A
2021-03-25 19:08:04,638 - INFO: Simulating at an Adams (B) value of -6.888845176169922
2021-03-25 19:08:04,638 - INFO: GCMCSphereSampler object initialised
2021-03-25 19:08:04,639 - INFO: Each NCMC move will be executed over a total of 7.0 ps
2021-03-25 19:08:04,639 - INFO: NonequilibriumGCMCSphereSampler object initialised
2021-03-25 19:08:17,862 - INFO: 1 move(s) completed (0 accepted (0.0000 %)). Current N = 0. Average N = 0.000
2021-03-25 19:08:35,534 - INFO: Move rejected due to water leaving the GCMC sphere
2021-03-25 19:08:39,228 - INFO: 2 move(s) completed (0 accepted (0.0000 %)). Current N = 0. Average N = 0.000
2021-03-25 19:08:56,754 - INFO: Move rejected due to water leaving the GCMC sphere
2021-03-25 19:09:00,375 - INFO: 3 move(s) completed (0 accepted (0.0000 %)). Current N = 0. Average N = 0.000
2021-03-25 19:09:21,830 - INFO: 4 move(s) completed (0 accepted (0.0000 %)). Current N = 0. Average N = 0.000
2021-03-25 19:09:39,648 - INFO: Move rejected due to water leaving the GCMC sphere
2021-03-25 19:09:43,331 - INFO: 5 move(s) completed (0 accepted (0.0000 %)). Current N = 0. Average N = 0.000
2021-03-25 19:10:04,451 - INFO: 6 move(s) completed (0 accepted (0.0000 %)). Current N = 0. Average N = 0.000
2021-03-25 19:10:25,180 - INFO: 7 move(s) completed (0 accepted (0.0000 %)). Current N = 0. Average N = 0.000
2021-03-25 19:10:31,104 - INFO: 8 move(s) completed (0 accepted (0.0000 %)). Current N = 0. Average N = 0.000
2021-03-25 19:10:51,921 - INFO: 9 move(s) completed (0 accepted (0.0000 %)). Current N = 0. Average N = 0.000
2021-03-25 19:10:57,775 - INFO: 10 move(s) completed (0 accepted (0.0000 %)). Current N = 0. Average N = 0.000
2021-03-25 19:11:15,043 - INFO: Move rejected due to water leaving the GCMC sphere
2021-03-25 19:11:18,732 - INFO: 11 move(s) completed (0 accepted (0.0000 %)). Current N = 0. Average N = 0.000
2021-03-25 19:11:39,522 - INFO: 12 move(s) completed (1 accepted (8.3333 %)). Current N = 1. Average N = 0.083
2021-03-25 19:12:00,526 - INFO: 13 move(s) completed (1 accepted (7.6923 %)). Current N = 1. Average N = 0.154
2021-03-25 19:12:21,418 - INFO: 14 move(s) completed (1 accepted (7.1429 %)). Current N = 1. Average N = 0.214
2021-03-25 19:12:41,834 - INFO: 15 move(s) completed (1 accepted (6.6667 %)). Current N = 1. Average N = 0.267
2021-03-25 19:12:58,706 - INFO: Move rejected due to water leaving the GCMC sphere
2021-03-25 19:13:02,299 - INFO: 16 move(s) completed (1 accepted (6.2500 %)). Current N = 1. Average N = 0.312
2021-03-25 19:13:23,562 - INFO: 17 move(s) completed (1 accepted (5.8824 %)). Current N = 1. Average N = 0.353
2021-03-25 19:13:41,242 - INFO: Move rejected due to water leaving the GCMC sphere
2021-03-25 19:13:44,933 - INFO: 18 move(s) completed (1 accepted (5.5556 %)). Current N = 1. Average N = 0.389
2021-03-25 19:14:06,256 - INFO: 19 move(s) completed (1 accepted (5.2632 %)). Current N = 1. Average N = 0.421
2021-03-25 19:14:24,043 - INFO: Move rejected due to water leaving the GCMC sphere
2021-03-25 19:14:27,734 - INFO: 20 move(s) completed (1 accepted (5.0000 %)). Current N = 1. Average N = 0.450
2021-03-25 19:14:49,040 - INFO: 21 move(s) completed (1 accepted (4.7619 %)). Current N = 1. Average N = 0.476
2021-03-25 19:15:06,707 - INFO: Move rejected due to water leaving the GCMC sphere
2021-03-25 19:15:10,400 - INFO: 22 move(s) completed (1 accepted (4.5455 %)). Current N = 1. Average N = 0.500
2021-03-25 19:15:28,266 - INFO: Move rejected due to water leaving the GCMC sphere
2021-03-25 19:15:31,879 - INFO: 23 move(s) completed (1 accepted (4.3478 %)). Current N = 1. Average N = 0.522
2021-03-25 19:15:48,839 - INFO: Move rejected due to water leaving the GCMC sphere
2021-03-25 19:15:52,540 - INFO: 24 move(s) completed (1 accepted (4.1667 %)). Current N = 1. Average N = 0.542
2021-03-25 19:16:09,604 - INFO: Move rejected due to water leaving the GCMC sphere
2021-03-25 19:16:13,305 - INFO: 25 move(s) completed (1 accepted (4.0000 %)). Current N = 1. Average N = 0.560
2021-03-25 19:16:30,450 - INFO: Move rejected due to water leaving the GCMC sphere
2021-03-25 19:16:34,015 - INFO: 26 move(s) completed (1 accepted (3.8462 %)). Current N = 1. Average N = 0.577
2021-03-25 19:16:51,261 - INFO: Move rejected due to water leaving the GCMC sphere
2021-03-25 19:16:54,954 - INFO: 27 move(s) completed (1 accepted (3.7037 %)). Current N = 1. Average N = 0.593
2021-03-25 19:17:15,493 - INFO: 28 move(s) completed (1 accepted (3.5714 %)). Current N = 1. Average N = 0.607
2021-03-25 19:17:36,078 - INFO: 29 move(s) completed (1 accepted (3.4483 %)). Current N = 1. Average N = 0.621
2021-03-25 19:17:56,716 - INFO: 30 move(s) completed (1 accepted (3.3333 %)). Current N = 1. Average N = 0.633
2021-03-25 19:18:17,946 - INFO: 31 move(s) completed (1 accepted (3.2258 %)). Current N = 1. Average N = 0.645
2021-03-25 19:18:39,044 - INFO: 32 move(s) completed (1 accepted (3.1250 %)). Current N = 1. Average N = 0.656
2021-03-25 19:18:56,088 - INFO: Move rejected due to water leaving the GCMC sphere
2021-03-25 19:18:59,811 - INFO: 33 move(s) completed (1 accepted (3.0303 %)). Current N = 1. Average N = 0.667
2021-03-25 19:19:20,896 - INFO: 34 move(s) completed (1 accepted (2.9412 %)). Current N = 1. Average N = 0.676
2021-03-25 19:19:42,167 - INFO: 35 move(s) completed (1 accepted (2.8571 %)). Current N = 1. Average N = 0.686
2021-03-25 19:19:59,811 - INFO: Move rejected due to water leaving the GCMC sphere
2021-03-25 19:20:03,505 - INFO: 36 move(s) completed (1 accepted (2.7778 %)). Current N = 1. Average N = 0.694
2021-03-25 19:20:21,285 - INFO: Move rejected due to water leaving the GCMC sphere
2021-03-25 19:20:24,983 - INFO: 37 move(s) completed (1 accepted (2.7027 %)). Current N = 1. Average N = 0.703
2021-03-25 19:20:46,361 - INFO: 38 move(s) completed (1 accepted (2.6316 %)). Current N = 1. Average N = 0.711
2021-03-25 19:21:07,935 - INFO: 39 move(s) completed (1 accepted (2.5641 %)). Current N = 1. Average N = 0.718
2021-03-25 19:21:28,487 - INFO: 40 move(s) completed (1 accepted (2.5000 %)). Current N = 1. Average N = 0.725
2021-03-25 19:21:49,088 - INFO: 41 move(s) completed (1 accepted (2.4390 %)). Current N = 1. Average N = 0.732
2021-03-25 19:22:09,830 - INFO: 42 move(s) completed (1 accepted (2.3810 %)). Current N = 1. Average N = 0.738
2021-03-25 19:22:30,569 - INFO: 43 move(s) completed (1 accepted (2.3256 %)). Current N = 1. Average N = 0.744
2021-03-25 19:22:51,462 - INFO: 44 move(s) completed (1 accepted (2.2727 %)). Current N = 1. Average N = 0.750
2021-03-25 19:23:12,386 - INFO: 45 move(s) completed (1 accepted (2.2222 %)). Current N = 1. Average N = 0.756
2021-03-25 19:23:29,719 - INFO: Move rejected due to water leaving the GCMC sphere
2021-03-25 19:23:33,339 - INFO: 46 move(s) completed (1 accepted (2.1739 %)). Current N = 1. Average N = 0.761
2021-03-25 19:23:54,453 - INFO: 47 move(s) completed (1 accepted (2.1277 %)). Current N = 1. Average N = 0.766
2021-03-25 19:24:14,838 - INFO: 48 move(s) completed (1 accepted (2.0833 %)). Current N = 1. Average N = 0.771
2021-03-25 19:24:36,118 - INFO: 49 move(s) completed (1 accepted (2.0408 %)). Current N = 1. Average N = 0.775
2021-03-25 19:24:57,683 - INFO: 50 move(s) completed (1 accepted (2.0000 %)). Current N = 1. Average N = 0.780
2021-03-25 19:25:19,149 - INFO: 51 move(s) completed (1 accepted (1.9608 %)). Current N = 1. Average N = 0.784
2021-03-25 19:25:36,865 - INFO: Move rejected due to water leaving the GCMC sphere
2021-03-25 19:25:40,408 - INFO: 52 move(s) completed (1 accepted (1.9231 %)). Current N = 1. Average N = 0.788
2021-03-25 19:26:01,911 - INFO: 53 move(s) completed (1 accepted (1.8868 %)). Current N = 1. Average N = 0.792
2021-03-25 19:26:19,684 - INFO: Move rejected due to water leaving the GCMC sphere
2021-03-25 19:26:23,381 - INFO: 54 move(s) completed (1 accepted (1.8519 %)). Current N = 1. Average N = 0.796
2021-03-25 19:26:44,795 - INFO: 55 move(s) completed (1 accepted (1.8182 %)). Current N = 1. Average N = 0.800
2021-03-25 19:27:05,373 - INFO: 56 move(s) completed (1 accepted (1.7857 %)). Current N = 1. Average N = 0.804
2021-03-25 19:27:25,958 - INFO: 57 move(s) completed (1 accepted (1.7544 %)). Current N = 1. Average N = 0.807
2021-03-25 19:27:42,957 - INFO: Move rejected due to water leaving the GCMC sphere
2021-03-25 19:27:46,654 - INFO: 58 move(s) completed (1 accepted (1.7241 %)). Current N = 1. Average N = 0.810
2021-03-25 19:28:03,851 - INFO: Move rejected due to water leaving the GCMC sphere
2021-03-25 19:28:07,395 - INFO: 59 move(s) completed (1 accepted (1.6949 %)). Current N = 1. Average N = 0.814
2021-03-25 19:28:28,409 - INFO: 60 move(s) completed (1 accepted (1.6667 %)). Current N = 1. Average N = 0.817
2021-03-25 19:28:49,376 - INFO: 61 move(s) completed (1 accepted (1.6393 %)). Current N = 1. Average N = 0.820
2021-03-25 19:29:06,384 - INFO: Move rejected due to water leaving the GCMC sphere
2021-03-25 19:29:09,917 - INFO: 62 move(s) completed (1 accepted (1.6129 %)). Current N = 1. Average N = 0.823
2021-03-25 19:29:26,999 - INFO: Move rejected due to water leaving the GCMC sphere
2021-03-25 19:29:30,690 - INFO: 63 move(s) completed (1 accepted (1.5873 %)). Current N = 1. Average N = 0.825
2021-03-25 19:29:51,395 - INFO: 64 move(s) completed (1 accepted (1.5625 %)). Current N = 1. Average N = 0.828
2021-03-25 19:30:12,469 - INFO: 65 move(s) completed (1 accepted (1.5385 %)). Current N = 1. Average N = 0.831
2021-03-25 19:30:30,153 - INFO: Move rejected due to water leaving the GCMC sphere
2021-03-25 19:30:33,750 - INFO: 66 move(s) completed (1 accepted (1.5152 %)). Current N = 1. Average N = 0.833
2021-03-25 19:30:55,171 - INFO: 67 move(s) completed (1 accepted (1.4925 %)). Current N = 1. Average N = 0.836
2021-03-25 19:31:16,573 - INFO: 68 move(s) completed (1 accepted (1.4706 %)). Current N = 1. Average N = 0.838
2021-03-25 19:31:34,206 - INFO: Move rejected due to water leaving the GCMC sphere
2021-03-25 19:31:37,795 - INFO: 69 move(s) completed (1 accepted (1.4493 %)). Current N = 1. Average N = 0.841
2021-03-25 19:31:58,514 - INFO: 70 move(s) completed (1 accepted (1.4286 %)). Current N = 1. Average N = 0.843
2021-03-25 19:32:19,951 - INFO: 71 move(s) completed (1 accepted (1.4085 %)). Current N = 1. Average N = 0.845
2021-03-25 19:32:40,387 - INFO: 72 move(s) completed (1 accepted (1.3889 %)). Current N = 1. Average N = 0.847
2021-03-25 19:33:01,043 - INFO: 73 move(s) completed (1 accepted (1.3699 %)). Current N = 1. Average N = 0.849
2021-03-25 19:33:21,659 - INFO: 74 move(s) completed (1 accepted (1.3514 %)). Current N = 1. Average N = 0.851
2021-03-25 19:33:38,569 - INFO: Move rejected due to water leaving the GCMC sphere
2021-03-25 19:33:42,145 - INFO: 75 move(s) completed (1 accepted (1.3333 %)). Current N = 1. Average N = 0.853
2021-03-25 19:33:59,373 - INFO: Move rejected due to water leaving the GCMC sphere
2021-03-25 19:34:02,991 - INFO: 76 move(s) completed (1 accepted (1.3158 %)). Current N = 1. Average N = 0.855
2021-03-25 19:34:24,000 - INFO: 77 move(s) completed (2 accepted (2.5974 %)). Current N = 2. Average N = 0.870
2021-03-25 19:34:41,369 - INFO: Move rejected due to water leaving the GCMC sphere
2021-03-25 19:34:45,031 - INFO: 78 move(s) completed (2 accepted (2.5641 %)). Current N = 2. Average N = 0.885
2021-03-25 19:35:02,509 - INFO: Move rejected due to water leaving the GCMC sphere
2021-03-25 19:35:06,105 - INFO: 79 move(s) completed (2 accepted (2.5316 %)). Current N = 2. Average N = 0.899
2021-03-25 19:35:27,350 - INFO: 80 move(s) completed (2 accepted (2.5000 %)). Current N = 2. Average N = 0.912
2021-03-25 19:35:48,414 - INFO: 81 move(s) completed (2 accepted (2.4691 %)). Current N = 2. Average N = 0.926
2021-03-25 19:36:09,501 - INFO: 82 move(s) completed (2 accepted (2.4390 %)). Current N = 2. Average N = 0.939
2021-03-25 19:36:27,190 - INFO: Move rejected due to water leaving the GCMC sphere
2021-03-25 19:36:31,043 - INFO: 83 move(s) completed (2 accepted (2.4096 %)). Current N = 2. Average N = 0.952
2021-03-25 19:36:48,863 - INFO: Move rejected due to water leaving the GCMC sphere
2021-03-25 19:36:52,559 - INFO: 84 move(s) completed (2 accepted (2.3810 %)). Current N = 2. Average N = 0.964
2021-03-25 19:37:13,691 - INFO: 85 move(s) completed (2 accepted (2.3529 %)). Current N = 2. Average N = 0.977
2021-03-25 19:37:35,123 - INFO: 86 move(s) completed (3 accepted (3.4884 %)). Current N = 3. Average N = 1.000
2021-03-25 19:37:56,604 - INFO: 87 move(s) completed (3 accepted (3.4483 %)). Current N = 3. Average N = 1.023
2021-03-25 19:38:17,212 - INFO: 88 move(s) completed (4 accepted (4.5455 %)). Current N = 2. Average N = 1.034
2021-03-25 19:38:37,863 - INFO: 89 move(s) completed (4 accepted (4.4944 %)). Current N = 2. Average N = 1.045
2021-03-25 19:38:58,451 - INFO: 90 move(s) completed (4 accepted (4.4444 %)). Current N = 2. Average N = 1.056
2021-03-25 19:39:15,425 - INFO: Move rejected due to water leaving the GCMC sphere
2021-03-25 19:39:19,118 - INFO: 91 move(s) completed (4 accepted (4.3956 %)). Current N = 2. Average N = 1.066
2021-03-25 19:39:36,468 - INFO: Move rejected due to water leaving the GCMC sphere
2021-03-25 19:39:40,033 - INFO: 92 move(s) completed (4 accepted (4.3478 %)). Current N = 2. Average N = 1.076
2021-03-25 19:39:57,237 - INFO: Move rejected due to water leaving the GCMC sphere
2021-03-25 19:40:00,922 - INFO: 93 move(s) completed (4 accepted (4.3011 %)). Current N = 2. Average N = 1.086
2021-03-25 19:40:21,839 - INFO: 94 move(s) completed (4 accepted (4.2553 %)). Current N = 2. Average N = 1.096
2021-03-25 19:40:38,752 - INFO: Move rejected due to water leaving the GCMC sphere
2021-03-25 19:40:42,291 - INFO: 95 move(s) completed (4 accepted (4.2105 %)). Current N = 2. Average N = 1.105
2021-03-25 19:40:59,728 - INFO: Move rejected due to water leaving the GCMC sphere
2021-03-25 19:41:03,427 - INFO: 96 move(s) completed (4 accepted (4.1667 %)). Current N = 2. Average N = 1.115
2021-03-25 19:41:24,733 - INFO: 97 move(s) completed (4 accepted (4.1237 %)). Current N = 2. Average N = 1.124
2021-03-25 19:41:42,315 - INFO: Move rejected due to water leaving the GCMC sphere
2021-03-25 19:41:45,794 - INFO: 98 move(s) completed (4 accepted (4.0816 %)). Current N = 2. Average N = 1.133
2021-03-25 19:42:07,050 - INFO: 99 move(s) completed (4 accepted (4.0404 %)). Current N = 2. Average N = 1.141
2021-03-25 19:42:28,441 - INFO: 100 move(s) completed (4 accepted (4.0000 %)). Current N = 2. Average N = 1.150
2021-03-25 19:42:49,921 - INFO: 101 move(s) completed (4 accepted (3.9604 %)). Current N = 2. Average N = 1.158
2021-03-25 19:43:07,746 - INFO: Move rejected due to water leaving the GCMC sphere
2021-03-25 19:43:11,385 - INFO: 102 move(s) completed (4 accepted (3.9216 %)). Current N = 2. Average N = 1.167
2021-03-25 19:43:32,953 - INFO: 103 move(s) completed (4 accepted (3.8835 %)). Current N = 2. Average N = 1.175
2021-03-25 19:43:53,461 - INFO: 104 move(s) completed (4 accepted (3.8462 %)). Current N = 2. Average N = 1.183
2021-03-25 19:44:13,882 - INFO: 105 move(s) completed (4 accepted (3.8095 %)). Current N = 2. Average N = 1.190
2021-03-25 19:44:34,777 - INFO: 106 move(s) completed (4 accepted (3.7736 %)). Current N = 2. Average N = 1.198
2021-03-25 19:44:55,409 - INFO: 107 move(s) completed (4 accepted (3.7383 %)). Current N = 2. Average N = 1.206
2021-03-25 19:45:16,316 - INFO: 108 move(s) completed (4 accepted (3.7037 %)). Current N = 2. Average N = 1.213
2021-03-25 19:45:37,387 - INFO: 109 move(s) completed (4 accepted (3.6697 %)). Current N = 2. Average N = 1.220
2021-03-25 19:45:58,410 - INFO: 110 move(s) completed (4 accepted (3.6364 %)). Current N = 2. Average N = 1.227
2021-03-25 19:46:19,050 - INFO: 111 move(s) completed (4 accepted (3.6036 %)). Current N = 2. Average N = 1.234
2021-03-25 19:46:36,603 - INFO: Move rejected due to water leaving the GCMC sphere
2021-03-25 19:46:40,140 - INFO: 112 move(s) completed (4 accepted (3.5714 %)). Current N = 2. Average N = 1.241
2021-03-25 19:46:57,791 - INFO: Move rejected due to water leaving the GCMC sphere
2021-03-25 19:47:01,483 - INFO: 113 move(s) completed (4 accepted (3.5398 %)). Current N = 2. Average N = 1.248
2021-03-25 19:47:18,420 - INFO: Move rejected due to water leaving the GCMC sphere
2021-03-25 19:47:22,041 - INFO: 114 move(s) completed (4 accepted (3.5088 %)). Current N = 2. Average N = 1.254
2021-03-25 19:47:39,706 - INFO: Move rejected due to water leaving the GCMC sphere
2021-03-25 19:47:43,159 - INFO: 115 move(s) completed (4 accepted (3.4783 %)). Current N = 2. Average N = 1.261
2021-03-25 19:48:00,934 - INFO: Move rejected due to water leaving the GCMC sphere
2021-03-25 19:48:04,638 - INFO: 116 move(s) completed (4 accepted (3.4483 %)). Current N = 2. Average N = 1.267
2021-03-25 19:48:22,133 - INFO: Move rejected due to water leaving the GCMC sphere
2021-03-25 19:48:25,830 - INFO: 117 move(s) completed (4 accepted (3.4188 %)). Current N = 2. Average N = 1.274
2021-03-25 19:48:47,162 - INFO: 118 move(s) completed (4 accepted (3.3898 %)). Current N = 2. Average N = 1.280
2021-03-25 19:49:07,857 - INFO: 119 move(s) completed (4 accepted (3.3613 %)). Current N = 2. Average N = 1.286
2021-03-25 19:49:28,414 - INFO: 120 move(s) completed (4 accepted (3.3333 %)). Current N = 2. Average N = 1.292
2021-03-25 19:49:45,470 - INFO: Move rejected due to water leaving the GCMC sphere
2021-03-25 19:49:49,065 - INFO: 121 move(s) completed (4 accepted (3.3058 %)). Current N = 2. Average N = 1.298
2021-03-25 19:50:09,806 - INFO: 122 move(s) completed (4 accepted (3.2787 %)). Current N = 2. Average N = 1.303
2021-03-25 19:50:30,782 - INFO: 123 move(s) completed (4 accepted (3.2520 %)). Current N = 2. Average N = 1.309
2021-03-25 19:50:47,802 - INFO: Move rejected due to water leaving the GCMC sphere
2021-03-25 19:50:51,398 - INFO: 124 move(s) completed (4 accepted (3.2258 %)). Current N = 2. Average N = 1.315
2021-03-25 19:51:08,762 - INFO: Move rejected due to water leaving the GCMC sphere
2021-03-25 19:51:12,368 - INFO: 125 move(s) completed (4 accepted (3.2000 %)). Current N = 2. Average N = 1.320
2021-03-25 19:51:33,404 - INFO: 126 move(s) completed (4 accepted (3.1746 %)). Current N = 2. Average N = 1.325
2021-03-25 19:51:54,019 - INFO: 127 move(s) completed (4 accepted (3.1496 %)). Current N = 2. Average N = 1.331
2021-03-25 19:52:14,419 - INFO: 128 move(s) completed (4 accepted (3.1250 %)). Current N = 2. Average N = 1.336
2021-03-25 19:52:35,019 - INFO: 129 move(s) completed (4 accepted (3.1008 %)). Current N = 2. Average N = 1.341
2021-03-25 19:52:56,325 - INFO: 130 move(s) completed (4 accepted (3.0769 %)). Current N = 2. Average N = 1.346
2021-03-25 19:53:13,870 - INFO: Move rejected due to water leaving the GCMC sphere
2021-03-25 19:53:17,464 - INFO: 131 move(s) completed (4 accepted (3.0534 %)). Current N = 2. Average N = 1.351
2021-03-25 19:53:35,199 - INFO: Move rejected due to water leaving the GCMC sphere
2021-03-25 19:53:38,910 - INFO: 132 move(s) completed (4 accepted (3.0303 %)). Current N = 2. Average N = 1.356
2021-03-25 19:54:00,356 - INFO: 133 move(s) completed (4 accepted (3.0075 %)). Current N = 2. Average N = 1.361
2021-03-25 19:54:18,103 - INFO: Move rejected due to water leaving the GCMC sphere
2021-03-25 19:54:21,609 - INFO: 134 move(s) completed (4 accepted (2.9851 %)). Current N = 2. Average N = 1.366
2021-03-25 19:54:39,496 - INFO: Move rejected due to water leaving the GCMC sphere
2021-03-25 19:54:42,995 - INFO: 135 move(s) completed (4 accepted (2.9630 %)). Current N = 2. Average N = 1.370
2021-03-25 19:54:59,855 - INFO: Move rejected due to water leaving the GCMC sphere
2021-03-25 19:55:03,542 - INFO: 136 move(s) completed (4 accepted (2.9412 %)). Current N = 2. Average N = 1.375
2021-03-25 19:55:24,329 - INFO: 137 move(s) completed (4 accepted (2.9197 %)). Current N = 2. Average N = 1.380
2021-03-25 19:55:45,024 - INFO: 138 move(s) completed (4 accepted (2.8986 %)). Current N = 2. Average N = 1.384
2021-03-25 19:56:05,873 - INFO: 139 move(s) completed (4 accepted (2.8777 %)). Current N = 2. Average N = 1.389
2021-03-25 19:56:23,215 - INFO: Move rejected due to water leaving the GCMC sphere
2021-03-25 19:56:26,906 - INFO: 140 move(s) completed (4 accepted (2.8571 %)). Current N = 2. Average N = 1.393
2021-03-25 19:56:47,840 - INFO: 141 move(s) completed (4 accepted (2.8369 %)). Current N = 2. Average N = 1.397
2021-03-25 19:57:04,787 - INFO: Move rejected due to water leaving the GCMC sphere
2021-03-25 19:57:08,489 - INFO: 142 move(s) completed (4 accepted (2.8169 %)). Current N = 2. Average N = 1.401
2021-03-25 19:57:29,604 - INFO: 143 move(s) completed (4 accepted (2.7972 %)). Current N = 2. Average N = 1.406
2021-03-25 19:57:50,032 - INFO: 144 move(s) completed (4 accepted (2.7778 %)). Current N = 2. Average N = 1.410
2021-03-25 19:58:07,714 - INFO: Move rejected due to water leaving the GCMC sphere
2021-03-25 19:58:11,435 - INFO: 145 move(s) completed (4 accepted (2.7586 %)). Current N = 2. Average N = 1.414
2021-03-25 19:58:29,043 - INFO: Move rejected due to water leaving the GCMC sphere
2021-03-25 19:58:32,731 - INFO: 146 move(s) completed (4 accepted (2.7397 %)). Current N = 2. Average N = 1.418
2021-03-25 19:58:54,067 - INFO: 147 move(s) completed (4 accepted (2.7211 %)). Current N = 2. Average N = 1.422
2021-03-25 19:59:15,518 - INFO: 148 move(s) completed (4 accepted (2.7027 %)). Current N = 2. Average N = 1.426
2021-03-25 19:59:33,295 - INFO: Move rejected due to water leaving the GCMC sphere
2021-03-25 19:59:36,999 - INFO: 149 move(s) completed (4 accepted (2.6846 %)). Current N = 2. Average N = 1.429
2021-03-25 19:59:54,745 - INFO: Move rejected due to water leaving the GCMC sphere
2021-03-25 19:59:58,443 - INFO: 150 move(s) completed (4 accepted (2.6667 %)). Current N = 2. Average N = 1.433
2021-03-25 20:00:18,782 - INFO: 151 move(s) completed (4 accepted (2.6490 %)). Current N = 2. Average N = 1.437
2021-03-25 20:00:35,936 - INFO: Move rejected due to water leaving the GCMC sphere
2021-03-25 20:00:39,619 - INFO: 152 move(s) completed (4 accepted (2.6316 %)). Current N = 2. Average N = 1.441
2021-03-25 20:00:56,593 - INFO: Move rejected due to water leaving the GCMC sphere
2021-03-25 20:01:00,272 - INFO: 153 move(s) completed (4 accepted (2.6144 %)). Current N = 2. Average N = 1.444
2021-03-25 20:01:17,389 - INFO: Move rejected due to water leaving the GCMC sphere
2021-03-25 20:01:20,945 - INFO: 154 move(s) completed (4 accepted (2.5974 %)). Current N = 2. Average N = 1.448
2021-03-25 20:01:41,591 - INFO: 155 move(s) completed (4 accepted (2.5806 %)). Current N = 2. Average N = 1.452
2021-03-25 20:01:58,761 - INFO: Move rejected due to water leaving the GCMC sphere
2021-03-25 20:02:02,458 - INFO: 156 move(s) completed (4 accepted (2.5641 %)). Current N = 2. Average N = 1.455
2021-03-25 20:02:23,511 - INFO: 157 move(s) completed (4 accepted (2.5478 %)). Current N = 2. Average N = 1.459
2021-03-25 20:02:40,965 - INFO: Move rejected due to water leaving the GCMC sphere
2021-03-25 20:02:44,484 - INFO: 158 move(s) completed (4 accepted (2.5316 %)). Current N = 2. Average N = 1.462
2021-03-25 20:03:05,564 - INFO: 159 move(s) completed (4 accepted (2.5157 %)). Current N = 2. Average N = 1.465
2021-03-25 20:03:26,638 - INFO: 160 move(s) completed (4 accepted (2.5000 %)). Current N = 2. Average N = 1.469
2021-03-25 20:03:47,726 - INFO: 161 move(s) completed (4 accepted (2.4845 %)). Current N = 2. Average N = 1.472
2021-03-25 20:04:05,266 - INFO: Move rejected due to water leaving the GCMC sphere
2021-03-25 20:04:08,961 - INFO: 162 move(s) completed (4 accepted (2.4691 %)). Current N = 2. Average N = 1.475
2021-03-25 20:04:25,753 - INFO: Move rejected due to water leaving the GCMC sphere
2021-03-25 20:04:29,450 - INFO: 163 move(s) completed (4 accepted (2.4540 %)). Current N = 2. Average N = 1.478
2021-03-25 20:04:47,032 - INFO: Move rejected due to water leaving the GCMC sphere
2021-03-25 20:04:50,577 - INFO: 164 move(s) completed (4 accepted (2.4390 %)). Current N = 2. Average N = 1.482
2021-03-25 20:05:12,025 - INFO: 165 move(s) completed (4 accepted (2.4242 %)). Current N = 2. Average N = 1.485
2021-03-25 20:05:29,868 - INFO: Move rejected due to water leaving the GCMC sphere
2021-03-25 20:05:33,558 - INFO: 166 move(s) completed (4 accepted (2.4096 %)). Current N = 2. Average N = 1.488
2021-03-25 20:05:54,819 - INFO: 167 move(s) completed (4 accepted (2.3952 %)). Current N = 2. Average N = 1.491
2021-03-25 20:06:15,486 - INFO: 168 move(s) completed (4 accepted (2.3810 %)). Current N = 2. Average N = 1.494
2021-03-25 20:06:36,190 - INFO: 169 move(s) completed (4 accepted (2.3669 %)). Current N = 2. Average N = 1.497
2021-03-25 20:06:53,159 - INFO: Move rejected due to water leaving the GCMC sphere
2021-03-25 20:06:56,832 - INFO: 170 move(s) completed (4 accepted (2.3529 %)). Current N = 2. Average N = 1.500
2021-03-25 20:07:17,670 - INFO: 171 move(s) completed (4 accepted (2.3392 %)). Current N = 2. Average N = 1.503
2021-03-25 20:07:38,496 - INFO: 172 move(s) completed (4 accepted (2.3256 %)). Current N = 2. Average N = 1.506
2021-03-25 20:07:55,744 - INFO: Move rejected due to water leaving the GCMC sphere
2021-03-25 20:07:59,429 - INFO: 173 move(s) completed (4 accepted (2.3121 %)). Current N = 2. Average N = 1.509
2021-03-25 20:08:20,415 - INFO: 174 move(s) completed (4 accepted (2.2989 %)). Current N = 2. Average N = 1.512
2021-03-25 20:08:37,663 - INFO: Move rejected due to water leaving the GCMC sphere
2021-03-25 20:08:41,367 - INFO: 175 move(s) completed (4 accepted (2.2857 %)). Current N = 2. Average N = 1.514
2021-03-25 20:09:02,476 - INFO: 176 move(s) completed (4 accepted (2.2727 %)). Current N = 2. Average N = 1.517
2021-03-25 20:09:20,023 - INFO: Move rejected due to water leaving the GCMC sphere
2021-03-25 20:09:23,718 - INFO: 177 move(s) completed (4 accepted (2.2599 %)). Current N = 2. Average N = 1.520
2021-03-25 20:09:41,452 - INFO: Move rejected due to water leaving the GCMC sphere
2021-03-25 20:09:45,085 - INFO: 178 move(s) completed (4 accepted (2.2472 %)). Current N = 2. Average N = 1.522
2021-03-25 20:10:02,666 - INFO: Move rejected due to water leaving the GCMC sphere
2021-03-25 20:10:06,359 - INFO: 179 move(s) completed (4 accepted (2.2346 %)). Current N = 2. Average N = 1.525
2021-03-25 20:10:26,746 - INFO: 180 move(s) completed (4 accepted (2.2222 %)). Current N = 2. Average N = 1.528
2021-03-25 20:10:44,487 - INFO: Move rejected due to water leaving the GCMC sphere
2021-03-25 20:10:48,139 - INFO: 181 move(s) completed (4 accepted (2.2099 %)). Current N = 2. Average N = 1.530
2021-03-25 20:11:05,028 - INFO: Move rejected due to water leaving the GCMC sphere
2021-03-25 20:11:08,712 - INFO: 182 move(s) completed (4 accepted (2.1978 %)). Current N = 2. Average N = 1.533
2021-03-25 20:11:29,264 - INFO: 183 move(s) completed (4 accepted (2.1858 %)). Current N = 2. Average N = 1.536
2021-03-25 20:11:50,037 - INFO: 184 move(s) completed (4 accepted (2.1739 %)). Current N = 2. Average N = 1.538
2021-03-25 20:12:07,124 - INFO: Move rejected due to water leaving the GCMC sphere
2021-03-25 20:12:10,811 - INFO: 185 move(s) completed (4 accepted (2.1622 %)). Current N = 2. Average N = 1.540
2021-03-25 20:12:27,906 - INFO: Move rejected due to water leaving the GCMC sphere
2021-03-25 20:12:31,560 - INFO: 186 move(s) completed (4 accepted (2.1505 %)). Current N = 2. Average N = 1.543
2021-03-25 20:12:52,082 - INFO: 187 move(s) completed (4 accepted (2.1390 %)). Current N = 2. Average N = 1.546
2021-03-25 20:13:13,042 - INFO: 188 move(s) completed (4 accepted (2.1277 %)). Current N = 2. Average N = 1.548
2021-03-25 20:13:33,975 - INFO: 189 move(s) completed (4 accepted (2.1164 %)). Current N = 2. Average N = 1.550
2021-03-25 20:13:51,362 - INFO: Move rejected due to water leaving the GCMC sphere
2021-03-25 20:13:54,878 - INFO: 190 move(s) completed (4 accepted (2.1053 %)). Current N = 2. Average N = 1.553
2021-03-25 20:14:15,970 - INFO: 191 move(s) completed (4 accepted (2.0942 %)). Current N = 2. Average N = 1.555
2021-03-25 20:14:33,408 - INFO: Move rejected due to water leaving the GCMC sphere
2021-03-25 20:14:37,108 - INFO: 192 move(s) completed (4 accepted (2.0833 %)). Current N = 2. Average N = 1.557
2021-03-25 20:14:54,497 - INFO: Move rejected due to water leaving the GCMC sphere
2021-03-25 20:14:58,146 - INFO: 193 move(s) completed (4 accepted (2.0725 %)). Current N = 2. Average N = 1.560
2021-03-25 20:15:19,448 - INFO: 194 move(s) completed (4 accepted (2.0619 %)). Current N = 2. Average N = 1.562
2021-03-25 20:15:40,942 - INFO: 195 move(s) completed (4 accepted (2.0513 %)). Current N = 2. Average N = 1.564
2021-03-25 20:15:58,638 - INFO: Move rejected due to water leaving the GCMC sphere
2021-03-25 20:16:02,219 - INFO: 196 move(s) completed (4 accepted (2.0408 %)). Current N = 2. Average N = 1.566
2021-03-25 20:16:23,614 - INFO: 197 move(s) completed (4 accepted (2.0305 %)). Current N = 2. Average N = 1.569
2021-03-25 20:16:45,071 - INFO: 198 move(s) completed (4 accepted (2.0202 %)). Current N = 2. Average N = 1.571
2021-03-25 20:17:06,462 - INFO: 199 move(s) completed (4 accepted (2.0101 %)). Current N = 2. Average N = 1.573
2021-03-25 20:17:23,523 - INFO: Move rejected due to water leaving the GCMC sphere
2021-03-25 20:17:27,062 - INFO: 200 move(s) completed (4 accepted (2.0000 %)). Current N = 2. Average N = 1.575
2021-03-25 20:17:47,843 - INFO: 201 move(s) completed (4 accepted (1.9900 %)). Current N = 2. Average N = 1.577
2021-03-25 20:18:08,629 - INFO: 202 move(s) completed (4 accepted (1.9802 %)). Current N = 2. Average N = 1.579
2021-03-25 20:18:25,780 - INFO: Move rejected due to water leaving the GCMC sphere
2021-03-25 20:18:29,327 - INFO: 203 move(s) completed (4 accepted (1.9704 %)). Current N = 2. Average N = 1.581
2021-03-25 20:18:46,651 - INFO: Move rejected due to water leaving the GCMC sphere
2021-03-25 20:18:50,346 - INFO: 204 move(s) completed (4 accepted (1.9608 %)). Current N = 2. Average N = 1.583
2021-03-25 20:19:07,771 - INFO: Move rejected due to water leaving the GCMC sphere
2021-03-25 20:19:11,474 - INFO: 205 move(s) completed (4 accepted (1.9512 %)). Current N = 2. Average N = 1.585
2021-03-25 20:19:28,866 - INFO: Move rejected due to water leaving the GCMC sphere
2021-03-25 20:19:32,517 - INFO: 206 move(s) completed (4 accepted (1.9417 %)). Current N = 2. Average N = 1.587
2021-03-25 20:19:53,657 - INFO: 207 move(s) completed (4 accepted (1.9324 %)). Current N = 2. Average N = 1.589
2021-03-25 20:20:10,941 - INFO: Move rejected due to water leaving the GCMC sphere
2021-03-25 20:20:14,644 - INFO: 208 move(s) completed (4 accepted (1.9231 %)). Current N = 2. Average N = 1.591
2021-03-25 20:20:35,961 - INFO: 209 move(s) completed (4 accepted (1.9139 %)). Current N = 2. Average N = 1.593
2021-03-25 20:20:56,597 - INFO: 210 move(s) completed (4 accepted (1.9048 %)). Current N = 2. Average N = 1.595
2021-03-25 20:21:18,016 - INFO: 211 move(s) completed (4 accepted (1.8957 %)). Current N = 2. Average N = 1.597
2021-03-25 20:21:38,500 - INFO: 212 move(s) completed (4 accepted (1.8868 %)). Current N = 2. Average N = 1.599
2021-03-25 20:21:59,937 - INFO: 213 move(s) completed (4 accepted (1.8779 %)). Current N = 2. Average N = 1.601
2021-03-25 20:22:21,427 - INFO: 214 move(s) completed (4 accepted (1.8692 %)). Current N = 2. Average N = 1.603
2021-03-25 20:22:42,868 - INFO: 215 move(s) completed (4 accepted (1.8605 %)). Current N = 2. Average N = 1.605
2021-03-25 20:22:59,955 - INFO: Move rejected due to water leaving the GCMC sphere
2021-03-25 20:23:03,551 - INFO: 216 move(s) completed (4 accepted (1.8519 %)). Current N = 2. Average N = 1.607
2021-03-25 20:23:24,382 - INFO: 217 move(s) completed (4 accepted (1.8433 %)). Current N = 2. Average N = 1.608
2021-03-25 20:23:45,177 - INFO: 218 move(s) completed (4 accepted (1.8349 %)). Current N = 2. Average N = 1.610
2021-03-25 20:24:02,351 - INFO: Move rejected due to water leaving the GCMC sphere
2021-03-25 20:24:05,906 - INFO: 219 move(s) completed (4 accepted (1.8265 %)). Current N = 2. Average N = 1.612
2021-03-25 20:24:23,217 - INFO: Move rejected due to water leaving the GCMC sphere
2021-03-25 20:24:26,585 - INFO: 220 move(s) completed (4 accepted (1.8182 %)). Current N = 2. Average N = 1.614
2021-03-25 20:24:47,473 - INFO: 221 move(s) completed (4 accepted (1.8100 %)). Current N = 2. Average N = 1.615
2021-03-25 20:25:04,775 - INFO: Move rejected due to water leaving the GCMC sphere
2021-03-25 20:25:08,417 - INFO: 222 move(s) completed (4 accepted (1.8018 %)). Current N = 2. Average N = 1.617
2021-03-25 20:25:25,947 - INFO: Move rejected due to water leaving the GCMC sphere
2021-03-25 20:25:29,443 - INFO: 223 move(s) completed (4 accepted (1.7937 %)). Current N = 2. Average N = 1.619
2021-03-25 20:25:46,929 - INFO: Move rejected due to water leaving the GCMC sphere
2021-03-25 20:25:50,624 - INFO: 224 move(s) completed (4 accepted (1.7857 %)). Current N = 2. Average N = 1.621
2021-03-25 20:26:11,580 - INFO: 225 move(s) completed (4 accepted (1.7778 %)). Current N = 2. Average N = 1.622
2021-03-25 20:26:32,248 - INFO: 226 move(s) completed (4 accepted (1.7699 %)). Current N = 2. Average N = 1.624
2021-03-25 20:26:49,971 - INFO: Move rejected due to water leaving the GCMC sphere
2021-03-25 20:26:53,672 - INFO: 227 move(s) completed (4 accepted (1.7621 %)). Current N = 2. Average N = 1.626
2021-03-25 20:27:15,056 - INFO: 228 move(s) completed (4 accepted (1.7544 %)). Current N = 2. Average N = 1.627
2021-03-25 20:27:32,821 - INFO: Move rejected due to water leaving the GCMC sphere
2021-03-25 20:27:36,359 - INFO: 229 move(s) completed (4 accepted (1.7467 %)). Current N = 2. Average N = 1.629
2021-03-25 20:27:57,808 - INFO: 230 move(s) completed (4 accepted (1.7391 %)). Current N = 2. Average N = 1.630
2021-03-25 20:28:15,781 - INFO: Move rejected due to water leaving the GCMC sphere
2021-03-25 20:28:19,486 - INFO: 231 move(s) completed (4 accepted (1.7316 %)). Current N = 2. Average N = 1.632
2021-03-25 20:28:40,210 - INFO: 232 move(s) completed (4 accepted (1.7241 %)). Current N = 2. Average N = 1.634
2021-03-25 20:29:01,018 - INFO: 233 move(s) completed (4 accepted (1.7167 %)). Current N = 2. Average N = 1.635
2021-03-25 20:29:21,486 - INFO: 234 move(s) completed (4 accepted (1.7094 %)). Current N = 2. Average N = 1.637
2021-03-25 20:29:42,196 - INFO: 235 move(s) completed (4 accepted (1.7021 %)). Current N = 2. Average N = 1.638
2021-03-25 20:30:03,066 - INFO: 236 move(s) completed (4 accepted (1.6949 %)). Current N = 2. Average N = 1.640
2021-03-25 20:30:24,062 - INFO: 237 move(s) completed (5 accepted (2.1097 %)). Current N = 3. Average N = 1.646
2021-03-25 20:30:41,398 - INFO: Move rejected due to water leaving the GCMC sphere
2021-03-25 20:30:45,109 - INFO: 238 move(s) completed (5 accepted (2.1008 %)). Current N = 3. Average N = 1.651
2021-03-25 20:31:06,124 - INFO: 239 move(s) completed (5 accepted (2.0921 %)). Current N = 3. Average N = 1.657
2021-03-25 20:31:27,218 - INFO: 240 move(s) completed (5 accepted (2.0833 %)). Current N = 3. Average N = 1.663
2021-03-25 20:31:47,769 - INFO: 241 move(s) completed (5 accepted (2.0747 %)). Current N = 3. Average N = 1.668
2021-03-25 20:32:05,370 - INFO: Move rejected due to water leaving the GCMC sphere
2021-03-25 20:32:08,936 - INFO: 242 move(s) completed (5 accepted (2.0661 %)). Current N = 3. Average N = 1.674
2021-03-25 20:32:26,756 - INFO: Move rejected due to water leaving the GCMC sphere
2021-03-25 20:32:30,451 - INFO: 243 move(s) completed (5 accepted (2.0576 %)). Current N = 3. Average N = 1.679
2021-03-25 20:32:52,199 - INFO: 244 move(s) completed (5 accepted (2.0492 %)). Current N = 3. Average N = 1.684
2021-03-25 20:33:13,618 - INFO: 245 move(s) completed (6 accepted (2.4490 %)). Current N = 2. Average N = 1.686
2021-03-25 20:33:31,539 - INFO: Move rejected due to water leaving the GCMC sphere
2021-03-25 20:33:35,045 - INFO: 246 move(s) completed (6 accepted (2.4390 %)). Current N = 2. Average N = 1.687
2021-03-25 20:33:56,612 - INFO: 247 move(s) completed (6 accepted (2.4291 %)). Current N = 2. Average N = 1.688
2021-03-25 20:34:17,323 - INFO: 248 move(s) completed (6 accepted (2.4194 %)). Current N = 2. Average N = 1.690
2021-03-25 20:34:37,752 - INFO: 249 move(s) completed (6 accepted (2.4096 %)). Current N = 2. Average N = 1.691
2021-03-25 20:34:58,691 - INFO: 250 move(s) completed (6 accepted (2.4000 %)). Current N = 2. Average N = 1.692
2021-03-25 20:35:15,817 - INFO: Move rejected due to water leaving the GCMC sphere
2021-03-25 20:35:19,517 - INFO: 251 move(s) completed (6 accepted (2.3904 %)). Current N = 2. Average N = 1.693
2021-03-25 20:35:36,685 - INFO: Move rejected due to water leaving the GCMC sphere
2021-03-25 20:35:40,300 - INFO: 252 move(s) completed (6 accepted (2.3810 %)). Current N = 2. Average N = 1.694
2021-03-25 20:36:01,340 - INFO: 253 move(s) completed (6 accepted (2.3715 %)). Current N = 2. Average N = 1.696
2021-03-25 20:36:22,294 - INFO: 254 move(s) completed (6 accepted (2.3622 %)). Current N = 2. Average N = 1.697
2021-03-25 20:36:42,702 - INFO: 255 move(s) completed (6 accepted (2.3529 %)). Current N = 2. Average N = 1.698
2021-03-25 20:37:00,257 - INFO: Move rejected due to water leaving the GCMC sphere
2021-03-25 20:37:03,965 - INFO: 256 move(s) completed (6 accepted (2.3438 %)). Current N = 2. Average N = 1.699
2021-03-25 20:37:21,451 - INFO: Move rejected due to water leaving the GCMC sphere
2021-03-25 20:37:25,150 - INFO: 257 move(s) completed (6 accepted (2.3346 %)). Current N = 2. Average N = 1.700
2021-03-25 20:37:42,828 - INFO: Move rejected due to water leaving the GCMC sphere
2021-03-25 20:37:46,380 - INFO: 258 move(s) completed (6 accepted (2.3256 %)). Current N = 2. Average N = 1.702
2021-03-25 20:38:04,136 - INFO: Move rejected due to water leaving the GCMC sphere
2021-03-25 20:38:07,794 - INFO: 259 move(s) completed (6 accepted (2.3166 %)). Current N = 2. Average N = 1.703
2021-03-25 20:38:29,307 - INFO: 260 move(s) completed (6 accepted (2.3077 %)). Current N = 2. Average N = 1.704
2021-03-25 20:38:46,766 - INFO: Move rejected due to water leaving the GCMC sphere
2021-03-25 20:38:50,471 - INFO: 261 move(s) completed (6 accepted (2.2989 %)). Current N = 2. Average N = 1.705
2021-03-25 20:39:08,278 - INFO: Move rejected due to water leaving the GCMC sphere
2021-03-25 20:39:11,990 - INFO: 262 move(s) completed (6 accepted (2.2901 %)). Current N = 2. Average N = 1.706
2021-03-25 20:39:32,592 - INFO: 263 move(s) completed (6 accepted (2.2814 %)). Current N = 2. Average N = 1.707
2021-03-25 20:39:49,519 - INFO: Move rejected due to water leaving the GCMC sphere
2021-03-25 20:39:53,227 - INFO: 264 move(s) completed (6 accepted (2.2727 %)). Current N = 2. Average N = 1.708
2021-03-25 20:40:13,853 - INFO: 265 move(s) completed (6 accepted (2.2642 %)). Current N = 2. Average N = 1.709
2021-03-25 20:40:34,498 - INFO: 266 move(s) completed (6 accepted (2.2556 %)). Current N = 2. Average N = 1.710
2021-03-25 20:40:55,346 - INFO: 267 move(s) completed (6 accepted (2.2472 %)). Current N = 2. Average N = 1.712
2021-03-25 20:41:16,278 - INFO: 268 move(s) completed (6 accepted (2.2388 %)). Current N = 2. Average N = 1.713
2021-03-25 20:41:33,630 - INFO: Move rejected due to water leaving the GCMC sphere
2021-03-25 20:41:37,249 - INFO: 269 move(s) completed (6 accepted (2.2305 %)). Current N = 2. Average N = 1.714
2021-03-25 20:41:54,601 - INFO: Move rejected due to water leaving the GCMC sphere
2021-03-25 20:41:58,289 - INFO: 270 move(s) completed (6 accepted (2.2222 %)). Current N = 2. Average N = 1.715
2021-03-25 20:42:19,425 - INFO: 271 move(s) completed (6 accepted (2.2140 %)). Current N = 2. Average N = 1.716
2021-03-25 20:42:36,980 - INFO: Move rejected due to water leaving the GCMC sphere
2021-03-25 20:42:40,566 - INFO: 272 move(s) completed (6 accepted (2.2059 %)). Current N = 2. Average N = 1.717
2021-03-25 20:43:01,740 - INFO: 273 move(s) completed (6 accepted (2.1978 %)). Current N = 2. Average N = 1.718
2021-03-25 20:43:23,019 - INFO: 274 move(s) completed (6 accepted (2.1898 %)). Current N = 2. Average N = 1.719
2021-03-25 20:43:44,108 - INFO: 275 move(s) completed (6 accepted (2.1818 %)). Current N = 2. Average N = 1.720
2021-03-25 20:44:05,594 - INFO: 276 move(s) completed (6 accepted (2.1739 %)). Current N = 2. Average N = 1.721
2021-03-25 20:44:27,124 - INFO: 277 move(s) completed (6 accepted (2.1661 %)). Current N = 2. Average N = 1.722
2021-03-25 20:44:48,358 - INFO: 278 move(s) completed (6 accepted (2.1583 %)). Current N = 2. Average N = 1.723
2021-03-25 20:45:06,260 - INFO: Move rejected due to water leaving the GCMC sphere
2021-03-25 20:45:09,678 - INFO: 279 move(s) completed (6 accepted (2.1505 %)). Current N = 2. Average N = 1.724
2021-03-25 20:45:26,613 - INFO: Move rejected due to water leaving the GCMC sphere
2021-03-25 20:45:30,310 - INFO: 280 move(s) completed (6 accepted (2.1429 %)). Current N = 2. Average N = 1.725
2021-03-25 20:45:47,367 - INFO: Move rejected due to water leaving the GCMC sphere
2021-03-25 20:45:51,025 - INFO: 281 move(s) completed (6 accepted (2.1352 %)). Current N = 2. Average N = 1.726
2021-03-25 20:46:08,204 - INFO: Move rejected due to water leaving the GCMC sphere
2021-03-25 20:46:11,694 - INFO: 282 move(s) completed (6 accepted (2.1277 %)). Current N = 2. Average N = 1.727
2021-03-25 20:46:28,846 - INFO: Move rejected due to water leaving the GCMC sphere
2021-03-25 20:46:32,540 - INFO: 283 move(s) completed (6 accepted (2.1201 %)). Current N = 2. Average N = 1.728
2021-03-25 20:46:53,211 - INFO: 284 move(s) completed (6 accepted (2.1127 %)). Current N = 2. Average N = 1.729
2021-03-25 20:47:13,873 - INFO: 285 move(s) completed (6 accepted (2.1053 %)). Current N = 2. Average N = 1.730
2021-03-25 20:47:31,332 - INFO: Move rejected due to water leaving the GCMC sphere
2021-03-25 20:47:35,017 - INFO: 286 move(s) completed (6 accepted (2.0979 %)). Current N = 2. Average N = 1.731
2021-03-25 20:47:52,322 - INFO: Move rejected due to water leaving the GCMC sphere
2021-03-25 20:47:56,010 - INFO: 287 move(s) completed (6 accepted (2.0906 %)). Current N = 2. Average N = 1.732
2021-03-25 20:48:16,558 - INFO: 288 move(s) completed (6 accepted (2.0833 %)). Current N = 2. Average N = 1.733
2021-03-25 20:48:34,173 - INFO: Move rejected due to water leaving the GCMC sphere
2021-03-25 20:48:37,856 - INFO: 289 move(s) completed (6 accepted (2.0761 %)). Current N = 2. Average N = 1.734
2021-03-25 20:48:55,431 - INFO: Move rejected due to water leaving the GCMC sphere
2021-03-25 20:48:59,129 - INFO: 290 move(s) completed (6 accepted (2.0690 %)). Current N = 2. Average N = 1.734
2021-03-25 20:49:20,484 - INFO: 291 move(s) completed (6 accepted (2.0619 %)). Current N = 2. Average N = 1.735
2021-03-25 20:49:38,192 - INFO: Move rejected due to water leaving the GCMC sphere
2021-03-25 20:49:41,818 - INFO: 292 move(s) completed (6 accepted (2.0548 %)). Current N = 2. Average N = 1.736
2021-03-25 20:50:03,245 - INFO: 293 move(s) completed (6 accepted (2.0478 %)). Current N = 2. Average N = 1.737
2021-03-25 20:50:24,662 - INFO: 294 move(s) completed (6 accepted (2.0408 %)). Current N = 2. Average N = 1.738
2021-03-25 20:50:41,501 - INFO: Move rejected due to water leaving the GCMC sphere
2021-03-25 20:50:45,172 - INFO: 295 move(s) completed (6 accepted (2.0339 %)). Current N = 2. Average N = 1.739
2021-03-25 20:51:05,605 - INFO: 296 move(s) completed (6 accepted (2.0270 %)). Current N = 2. Average N = 1.740
2021-03-25 20:51:26,300 - INFO: 297 move(s) completed (6 accepted (2.0202 %)). Current N = 2. Average N = 1.741
2021-03-25 20:51:43,365 - INFO: Move rejected due to water leaving the GCMC sphere
2021-03-25 20:51:46,905 - INFO: 298 move(s) completed (6 accepted (2.0134 %)). Current N = 2. Average N = 1.742
2021-03-25 20:52:03,915 - INFO: Move rejected due to water leaving the GCMC sphere
2021-03-25 20:52:07,614 - INFO: 299 move(s) completed (6 accepted (2.0067 %)). Current N = 2. Average N = 1.742
2021-03-25 20:52:28,427 - INFO: 300 move(s) completed (6 accepted (2.0000 %)). Current N = 2. Average N = 1.743
2021-03-25 20:52:45,672 - INFO: Move rejected due to water leaving the GCMC sphere
2021-03-25 20:52:49,269 - INFO: 301 move(s) completed (6 accepted (1.9934 %)). Current N = 2. Average N = 1.744
2021-03-25 20:53:06,627 - INFO: Move rejected due to water leaving the GCMC sphere
2021-03-25 20:53:10,330 - INFO: 302 move(s) completed (6 accepted (1.9868 %)). Current N = 2. Average N = 1.745
2021-03-25 20:53:31,508 - INFO: 303 move(s) completed (6 accepted (1.9802 %)). Current N = 2. Average N = 1.746
2021-03-25 20:53:52,576 - INFO: 304 move(s) completed (6 accepted (1.9737 %)). Current N = 2. Average N = 1.747
2021-03-25 20:54:13,748 - INFO: 305 move(s) completed (6 accepted (1.9672 %)). Current N = 2. Average N = 1.748
2021-03-25 20:54:31,222 - INFO: Move rejected due to water leaving the GCMC sphere
2021-03-25 20:54:35,057 - INFO: 306 move(s) completed (6 accepted (1.9608 %)). Current N = 2. Average N = 1.748
2021-03-25 20:54:52,167 - INFO: Move rejected due to water leaving the GCMC sphere
2021-03-25 20:54:55,860 - INFO: 307 move(s) completed (6 accepted (1.9544 %)). Current N = 2. Average N = 1.749
2021-03-25 20:55:16,464 - INFO: 308 move(s) completed (6 accepted (1.9481 %)). Current N = 2. Average N = 1.750
2021-03-25 20:55:37,966 - INFO: 309 move(s) completed (6 accepted (1.9417 %)). Current N = 2. Average N = 1.751
2021-03-25 20:55:55,812 - INFO: Move rejected due to water leaving the GCMC sphere
2021-03-25 20:55:59,514 - INFO: 310 move(s) completed (6 accepted (1.9355 %)). Current N = 2. Average N = 1.752
2021-03-25 20:56:17,292 - INFO: Move rejected due to water leaving the GCMC sphere
2021-03-25 20:56:20,911 - INFO: 311 move(s) completed (6 accepted (1.9293 %)). Current N = 2. Average N = 1.752
2021-03-25 20:56:37,895 - INFO: Move rejected due to water leaving the GCMC sphere
2021-03-25 20:56:41,602 - INFO: 312 move(s) completed (6 accepted (1.9231 %)). Current N = 2. Average N = 1.753
2021-03-25 20:56:58,553 - INFO: Move rejected due to water leaving the GCMC sphere
2021-03-25 20:57:02,266 - INFO: 313 move(s) completed (6 accepted (1.9169 %)). Current N = 2. Average N = 1.754
2021-03-25 20:57:23,015 - INFO: 314 move(s) completed (6 accepted (1.9108 %)). Current N = 2. Average N = 1.755
2021-03-25 20:57:43,886 - INFO: 315 move(s) completed (6 accepted (1.9048 %)). Current N = 2. Average N = 1.756
2021-03-25 20:58:00,874 - INFO: Move rejected due to water leaving the GCMC sphere
2021-03-25 20:58:04,556 - INFO: 316 move(s) completed (6 accepted (1.8987 %)). Current N = 2. Average N = 1.756
2021-03-25 20:58:25,313 - INFO: 317 move(s) completed (6 accepted (1.8927 %)). Current N = 2. Average N = 1.757
2021-03-25 20:58:42,695 - INFO: Move rejected due to water leaving the GCMC sphere
2021-03-25 20:58:46,247 - INFO: 318 move(s) completed (6 accepted (1.8868 %)). Current N = 2. Average N = 1.758
2021-03-25 20:59:07,357 - INFO: 319 move(s) completed (6 accepted (1.8809 %)). Current N = 2. Average N = 1.759
2021-03-25 20:59:24,734 - INFO: Move rejected due to water leaving the GCMC sphere
2021-03-25 20:59:28,431 - INFO: 320 move(s) completed (6 accepted (1.8750 %)). Current N = 2. Average N = 1.759
2021-03-25 20:59:45,852 - INFO: Move rejected due to water leaving the GCMC sphere
2021-03-25 20:59:49,381 - INFO: 321 move(s) completed (6 accepted (1.8692 %)). Current N = 2. Average N = 1.760
2021-03-25 21:00:06,985 - INFO: Move rejected due to water leaving the GCMC sphere
2021-03-25 21:00:10,685 - INFO: 322 move(s) completed (6 accepted (1.8634 %)). Current N = 2. Average N = 1.761
2021-03-25 21:00:31,907 - INFO: 323 move(s) completed (6 accepted (1.8576 %)). Current N = 2. Average N = 1.762
2021-03-25 21:00:53,119 - INFO: 324 move(s) completed (6 accepted (1.8519 %)). Current N = 2. Average N = 1.762
2021-03-25 21:01:14,444 - INFO: 325 move(s) completed (7 accepted (2.1538 %)). Current N = 3. Average N = 1.766
2021-03-25 21:01:34,986 - INFO: 326 move(s) completed (8 accepted (2.4540 %)). Current N = 2. Average N = 1.767
2021-03-25 21:01:56,516 - INFO: 327 move(s) completed (8 accepted (2.4465 %)). Current N = 2. Average N = 1.768
2021-03-25 21:02:17,113 - INFO: 328 move(s) completed (8 accepted (2.4390 %)). Current N = 2. Average N = 1.768
2021-03-25 21:02:37,568 - INFO: 329 move(s) completed (8 accepted (2.4316 %)). Current N = 2. Average N = 1.769
2021-03-25 21:02:54,691 - INFO: Move rejected due to water leaving the GCMC sphere
2021-03-25 21:02:58,322 - INFO: 330 move(s) completed (8 accepted (2.4242 %)). Current N = 2. Average N = 1.770
2021-03-25 21:03:15,531 - INFO: Move rejected due to water leaving the GCMC sphere
2021-03-25 21:03:19,062 - INFO: 331 move(s) completed (8 accepted (2.4169 %)). Current N = 2. Average N = 1.770
2021-03-25 21:03:36,330 - INFO: Move rejected due to water leaving the GCMC sphere
2021-03-25 21:03:40,031 - INFO: 332 move(s) completed (8 accepted (2.4096 %)). Current N = 2. Average N = 1.771
2021-03-25 21:04:00,922 - INFO: 333 move(s) completed (8 accepted (2.4024 %)). Current N = 2. Average N = 1.772
2021-03-25 21:04:21,767 - INFO: 334 move(s) completed (8 accepted (2.3952 %)). Current N = 2. Average N = 1.772
2021-03-25 21:04:39,269 - INFO: Move rejected due to water leaving the GCMC sphere
2021-03-25 21:04:42,971 - INFO: 335 move(s) completed (8 accepted (2.3881 %)). Current N = 2. Average N = 1.773
2021-03-25 21:05:00,070 - INFO: Move rejected due to water leaving the GCMC sphere
2021-03-25 21:05:03,766 - INFO: 336 move(s) completed (8 accepted (2.3810 %)). Current N = 2. Average N = 1.774
2021-03-25 21:05:24,917 - INFO: 337 move(s) completed (8 accepted (2.3739 %)). Current N = 2. Average N = 1.774
2021-03-25 21:05:42,568 - INFO: Move rejected due to water leaving the GCMC sphere
2021-03-25 21:05:46,266 - INFO: 338 move(s) completed (8 accepted (2.3669 %)). Current N = 2. Average N = 1.775
2021-03-25 21:06:07,621 - INFO: 339 move(s) completed (8 accepted (2.3599 %)). Current N = 2. Average N = 1.776
2021-03-25 21:06:28,742 - INFO: 340 move(s) completed (8 accepted (2.3529 %)). Current N = 2. Average N = 1.776
2021-03-25 21:06:46,539 - INFO: Move rejected due to water leaving the GCMC sphere
2021-03-25 21:06:50,108 - INFO: 341 move(s) completed (8 accepted (2.3460 %)). Current N = 2. Average N = 1.777
2021-03-25 21:07:11,611 - INFO: 342 move(s) completed (8 accepted (2.3392 %)). Current N = 2. Average N = 1.778
2021-03-25 21:07:29,342 - INFO: Move rejected due to water leaving the GCMC sphere
2021-03-25 21:07:33,027 - INFO: 343 move(s) completed (8 accepted (2.3324 %)). Current N = 2. Average N = 1.778
2021-03-25 21:07:50,715 - INFO: Move rejected due to water leaving the GCMC sphere
2021-03-25 21:07:54,347 - INFO: 344 move(s) completed (8 accepted (2.3256 %)). Current N = 2. Average N = 1.779
2021-03-25 21:08:14,682 - INFO: 345 move(s) completed (8 accepted (2.3188 %)). Current N = 2. Average N = 1.780
