2021-03-25 19:53:15,716 - INFO: kT = 0.5921875708469466 kcal/mol
2021-03-25 19:53:21,142 - INFO: BaseGrandCanonicalMonteCarloSampler object initialised
2021-03-25 19:53:21,142 - INFO: GCMC sphere is based on reference atom IDs: [887, 1837]
2021-03-25 19:53:21,142 - INFO: GCMC sphere radius is 6 A
2021-03-25 19:53:21,143 - INFO: Simulating at an Adams (B) value of -6.888845176169922
2021-03-25 19:53:21,143 - INFO: GCMCSphereSampler object initialised
2021-03-25 19:53:21,143 - INFO: Each NCMC move will be executed over a total of 13.0 ps
2021-03-25 19:53:21,144 - INFO: NonequilibriumGCMCSphereSampler object initialised
2021-03-25 19:53:52,507 - INFO: Move rejected due to water leaving the GCMC sphere
2021-03-25 19:53:56,083 - INFO: 1 move(s) completed (0 accepted (0.0000 %)). Current N = 0. Average N = 0.000
2021-03-25 19:54:01,901 - INFO: 2 move(s) completed (0 accepted (0.0000 %)). Current N = 0. Average N = 0.000
2021-03-25 19:54:25,991 - INFO: Move rejected due to water leaving the GCMC sphere
2021-03-25 19:54:29,653 - INFO: 3 move(s) completed (0 accepted (0.0000 %)). Current N = 0. Average N = 0.000
2021-03-25 19:54:35,519 - INFO: 4 move(s) completed (0 accepted (0.0000 %)). Current N = 0. Average N = 0.000
2021-03-25 19:55:03,131 - INFO: 5 move(s) completed (1 accepted (20.0000 %)). Current N = 1. Average N = 0.200
2021-03-25 19:55:30,199 - INFO: 6 move(s) completed (1 accepted (16.6667 %)). Current N = 1. Average N = 0.333
2021-03-25 19:55:54,182 - INFO: Move rejected due to water leaving the GCMC sphere
2021-03-25 19:55:57,837 - INFO: 7 move(s) completed (1 accepted (14.2857 %)). Current N = 1. Average N = 0.429
2021-03-25 19:56:21,618 - INFO: Move rejected due to water leaving the GCMC sphere
2021-03-25 19:56:25,249 - INFO: 8 move(s) completed (1 accepted (12.5000 %)). Current N = 1. Average N = 0.500
2021-03-25 19:56:52,108 - INFO: 9 move(s) completed (1 accepted (11.1111 %)). Current N = 1. Average N = 0.556
2021-03-25 19:57:15,954 - INFO: Move rejected due to water leaving the GCMC sphere
2021-03-25 19:57:19,559 - INFO: 10 move(s) completed (1 accepted (10.0000 %)). Current N = 1. Average N = 0.600
2021-03-25 19:57:43,639 - INFO: Move rejected due to water leaving the GCMC sphere
2021-03-25 19:57:47,184 - INFO: 11 move(s) completed (1 accepted (9.0909 %)). Current N = 1. Average N = 0.636
2021-03-25 19:58:11,276 - INFO: Move rejected due to water leaving the GCMC sphere
2021-03-25 19:58:14,914 - INFO: 12 move(s) completed (1 accepted (8.3333 %)). Current N = 1. Average N = 0.667
2021-03-25 19:58:39,051 - INFO: Move rejected due to water leaving the GCMC sphere
2021-03-25 19:58:42,738 - INFO: 13 move(s) completed (1 accepted (7.6923 %)). Current N = 1. Average N = 0.692
2021-03-25 19:59:06,982 - INFO: Move rejected due to water leaving the GCMC sphere
2021-03-25 19:59:10,593 - INFO: 14 move(s) completed (1 accepted (7.1429 %)). Current N = 1. Average N = 0.714
2021-03-25 19:59:37,680 - INFO: 15 move(s) completed (1 accepted (6.6667 %)). Current N = 1. Average N = 0.733
2021-03-25 20:00:01,104 - INFO: Move rejected due to water leaving the GCMC sphere
2021-03-25 20:00:04,679 - INFO: 16 move(s) completed (1 accepted (6.2500 %)). Current N = 1. Average N = 0.750
2021-03-25 20:00:31,993 - INFO: 17 move(s) completed (1 accepted (5.8824 %)). Current N = 1. Average N = 0.765
2021-03-25 20:00:55,976 - INFO: Move rejected due to water leaving the GCMC sphere
2021-03-25 20:00:59,513 - INFO: 18 move(s) completed (1 accepted (5.5556 %)). Current N = 1. Average N = 0.778
2021-03-25 20:01:23,615 - INFO: Move rejected due to water leaving the GCMC sphere
2021-03-25 20:01:27,228 - INFO: 19 move(s) completed (1 accepted (5.2632 %)). Current N = 1. Average N = 0.789
2021-03-25 20:01:50,819 - INFO: Move rejected due to water leaving the GCMC sphere
2021-03-25 20:01:54,444 - INFO: 20 move(s) completed (1 accepted (5.0000 %)). Current N = 1. Average N = 0.800
2021-03-25 20:02:21,626 - INFO: 21 move(s) completed (1 accepted (4.7619 %)). Current N = 1. Average N = 0.809
2021-03-25 20:02:48,749 - INFO: 22 move(s) completed (1 accepted (4.5455 %)). Current N = 1. Average N = 0.818
2021-03-25 20:03:13,329 - INFO: Move rejected due to water leaving the GCMC sphere
2021-03-25 20:03:16,871 - INFO: 23 move(s) completed (1 accepted (4.3478 %)). Current N = 1. Average N = 0.826
2021-03-25 20:03:40,565 - INFO: Move rejected due to water leaving the GCMC sphere
2021-03-25 20:03:44,116 - INFO: 24 move(s) completed (1 accepted (4.1667 %)). Current N = 1. Average N = 0.833
2021-03-25 20:04:07,942 - INFO: Move rejected due to water leaving the GCMC sphere
2021-03-25 20:04:11,609 - INFO: 25 move(s) completed (1 accepted (4.0000 %)). Current N = 1. Average N = 0.840
2021-03-25 20:04:35,488 - INFO: Move rejected due to water leaving the GCMC sphere
2021-03-25 20:04:39,010 - INFO: 26 move(s) completed (1 accepted (3.8462 %)). Current N = 1. Average N = 0.846
2021-03-25 20:05:06,235 - INFO: 27 move(s) completed (1 accepted (3.7037 %)). Current N = 1. Average N = 0.852
2021-03-25 20:05:30,344 - INFO: Move rejected due to water leaving the GCMC sphere
2021-03-25 20:05:33,899 - INFO: 28 move(s) completed (1 accepted (3.5714 %)). Current N = 1. Average N = 0.857
2021-03-25 20:06:01,592 - INFO: 29 move(s) completed (1 accepted (3.4483 %)). Current N = 1. Average N = 0.862
2021-03-25 20:06:25,894 - INFO: Move rejected due to water leaving the GCMC sphere
2021-03-25 20:06:29,430 - INFO: 30 move(s) completed (1 accepted (3.3333 %)). Current N = 1. Average N = 0.867
2021-03-25 20:06:53,761 - INFO: Move rejected due to water leaving the GCMC sphere
2021-03-25 20:06:57,331 - INFO: 31 move(s) completed (1 accepted (3.2258 %)). Current N = 1. Average N = 0.871
2021-03-25 20:07:25,168 - INFO: 32 move(s) completed (1 accepted (3.1250 %)). Current N = 1. Average N = 0.875
2021-03-25 20:07:48,375 - INFO: Move rejected due to water leaving the GCMC sphere
2021-03-25 20:07:51,989 - INFO: 33 move(s) completed (1 accepted (3.0303 %)). Current N = 1. Average N = 0.879
2021-03-25 20:08:15,423 - INFO: Move rejected due to water leaving the GCMC sphere
2021-03-25 20:08:19,092 - INFO: 34 move(s) completed (1 accepted (2.9412 %)). Current N = 1. Average N = 0.882
2021-03-25 20:08:46,398 - INFO: 35 move(s) completed (2 accepted (5.7143 %)). Current N = 2. Average N = 0.914
2021-03-25 20:09:10,147 - INFO: Move rejected due to water leaving the GCMC sphere
2021-03-25 20:09:13,804 - INFO: 36 move(s) completed (2 accepted (5.5556 %)). Current N = 2. Average N = 0.944
2021-03-25 20:09:37,992 - INFO: Move rejected due to water leaving the GCMC sphere
2021-03-25 20:09:41,638 - INFO: 37 move(s) completed (2 accepted (5.4054 %)). Current N = 2. Average N = 0.973
2021-03-25 20:10:08,924 - INFO: 38 move(s) completed (2 accepted (5.2632 %)). Current N = 2. Average N = 1.000
2021-03-25 20:10:36,002 - INFO: 39 move(s) completed (2 accepted (5.1282 %)). Current N = 2. Average N = 1.026
2021-03-25 20:11:00,365 - INFO: Move rejected due to water leaving the GCMC sphere
2021-03-25 20:11:03,975 - INFO: 40 move(s) completed (2 accepted (5.0000 %)). Current N = 2. Average N = 1.050
2021-03-25 20:11:31,119 - INFO: 41 move(s) completed (2 accepted (4.8780 %)). Current N = 2. Average N = 1.073
2021-03-25 20:11:58,344 - INFO: 42 move(s) completed (2 accepted (4.7619 %)). Current N = 2. Average N = 1.095
2021-03-25 20:12:22,082 - INFO: Move rejected due to water leaving the GCMC sphere
2021-03-25 20:12:25,572 - INFO: 43 move(s) completed (2 accepted (4.6512 %)). Current N = 2. Average N = 1.116
2021-03-25 20:12:49,468 - INFO: Move rejected due to water leaving the GCMC sphere
2021-03-25 20:12:53,107 - INFO: 44 move(s) completed (2 accepted (4.5455 %)). Current N = 2. Average N = 1.136
2021-03-25 20:13:20,686 - INFO: 45 move(s) completed (2 accepted (4.4444 %)). Current N = 2. Average N = 1.156
2021-03-25 20:13:44,745 - INFO: Move rejected due to water leaving the GCMC sphere
2021-03-25 20:13:48,292 - INFO: 46 move(s) completed (2 accepted (4.3478 %)). Current N = 2. Average N = 1.174
2021-03-25 20:14:12,559 - INFO: Move rejected due to water leaving the GCMC sphere
2021-03-25 20:14:16,121 - INFO: 47 move(s) completed (2 accepted (4.2553 %)). Current N = 2. Average N = 1.192
2021-03-25 20:14:43,837 - INFO: 48 move(s) completed (2 accepted (4.1667 %)). Current N = 2. Average N = 1.208
2021-03-25 20:15:10,961 - INFO: 49 move(s) completed (2 accepted (4.0816 %)). Current N = 2. Average N = 1.224
2021-03-25 20:15:34,281 - INFO: Move rejected due to water leaving the GCMC sphere
2021-03-25 20:15:37,944 - INFO: 50 move(s) completed (2 accepted (4.0000 %)). Current N = 2. Average N = 1.240
2021-03-25 20:16:01,291 - INFO: Move rejected due to water leaving the GCMC sphere
2021-03-25 20:16:04,899 - INFO: 51 move(s) completed (2 accepted (3.9216 %)). Current N = 2. Average N = 1.255
2021-03-25 20:16:32,276 - INFO: 52 move(s) completed (2 accepted (3.8462 %)). Current N = 2. Average N = 1.269
2021-03-25 20:16:56,098 - INFO: Move rejected due to water leaving the GCMC sphere
2021-03-25 20:16:59,736 - INFO: 53 move(s) completed (2 accepted (3.7736 %)). Current N = 2. Average N = 1.283
2021-03-25 20:17:27,130 - INFO: 54 move(s) completed (2 accepted (3.7037 %)). Current N = 2. Average N = 1.296
2021-03-25 20:17:50,641 - INFO: Move rejected due to water leaving the GCMC sphere
2021-03-25 20:17:54,265 - INFO: 55 move(s) completed (2 accepted (3.6364 %)). Current N = 2. Average N = 1.309
2021-03-25 20:18:18,358 - INFO: Move rejected due to water leaving the GCMC sphere
2021-03-25 20:18:22,014 - INFO: 56 move(s) completed (2 accepted (3.5714 %)). Current N = 2. Average N = 1.321
2021-03-25 20:18:46,403 - INFO: Move rejected due to water leaving the GCMC sphere
2021-03-25 20:18:49,922 - INFO: 57 move(s) completed (2 accepted (3.5088 %)). Current N = 2. Average N = 1.333
2021-03-25 20:19:17,729 - INFO: 58 move(s) completed (2 accepted (3.4483 %)). Current N = 2. Average N = 1.345
2021-03-25 20:19:45,661 - INFO: 59 move(s) completed (2 accepted (3.3898 %)). Current N = 2. Average N = 1.356
2021-03-25 20:20:12,727 - INFO: 60 move(s) completed (2 accepted (3.3333 %)). Current N = 2. Average N = 1.367
2021-03-25 20:20:40,007 - INFO: 61 move(s) completed (2 accepted (3.2787 %)). Current N = 2. Average N = 1.377
2021-03-25 20:21:03,834 - INFO: Move rejected due to water leaving the GCMC sphere
2021-03-25 20:21:07,335 - INFO: 62 move(s) completed (2 accepted (3.2258 %)). Current N = 2. Average N = 1.387
2021-03-25 20:21:31,257 - INFO: Move rejected due to water leaving the GCMC sphere
2021-03-25 20:21:34,863 - INFO: 63 move(s) completed (2 accepted (3.1746 %)). Current N = 2. Average N = 1.397
2021-03-25 20:21:58,845 - INFO: Move rejected due to water leaving the GCMC sphere
2021-03-25 20:22:02,432 - INFO: 64 move(s) completed (2 accepted (3.1250 %)). Current N = 2. Average N = 1.406
2021-03-25 20:22:26,438 - INFO: Move rejected due to water leaving the GCMC sphere
2021-03-25 20:22:30,060 - INFO: 65 move(s) completed (2 accepted (3.0769 %)). Current N = 2. Average N = 1.415
2021-03-25 20:22:54,189 - INFO: Move rejected due to water leaving the GCMC sphere
2021-03-25 20:22:57,798 - INFO: 66 move(s) completed (2 accepted (3.0303 %)). Current N = 2. Average N = 1.424
2021-03-25 20:23:22,035 - INFO: Move rejected due to water leaving the GCMC sphere
2021-03-25 20:23:25,634 - INFO: 67 move(s) completed (2 accepted (2.9851 %)). Current N = 2. Average N = 1.433
2021-03-25 20:23:49,821 - INFO: Move rejected due to water leaving the GCMC sphere
2021-03-25 20:23:53,480 - INFO: 68 move(s) completed (2 accepted (2.9412 %)). Current N = 2. Average N = 1.441
2021-03-25 20:24:16,833 - INFO: Move rejected due to water leaving the GCMC sphere
2021-03-25 20:24:20,512 - INFO: 69 move(s) completed (2 accepted (2.8986 %)). Current N = 2. Average N = 1.449
2021-03-25 20:24:47,789 - INFO: 70 move(s) completed (2 accepted (2.8571 %)). Current N = 2. Average N = 1.457
2021-03-25 20:25:11,591 - INFO: Move rejected due to water leaving the GCMC sphere
2021-03-25 20:25:15,151 - INFO: 71 move(s) completed (2 accepted (2.8169 %)). Current N = 2. Average N = 1.465
2021-03-25 20:25:42,681 - INFO: 72 move(s) completed (2 accepted (2.7778 %)). Current N = 2. Average N = 1.472
2021-03-25 20:26:10,287 - INFO: 73 move(s) completed (2 accepted (2.7397 %)). Current N = 2. Average N = 1.480
2021-03-25 20:26:34,388 - INFO: Move rejected due to water leaving the GCMC sphere
2021-03-25 20:26:37,960 - INFO: 74 move(s) completed (2 accepted (2.7027 %)). Current N = 2. Average N = 1.486
2021-03-25 20:27:05,878 - INFO: 75 move(s) completed (2 accepted (2.6667 %)). Current N = 2. Average N = 1.493
2021-03-25 20:27:30,001 - INFO: Move rejected due to water leaving the GCMC sphere
2021-03-25 20:27:33,607 - INFO: 76 move(s) completed (2 accepted (2.6316 %)). Current N = 2. Average N = 1.500
2021-03-25 20:28:01,457 - INFO: 77 move(s) completed (2 accepted (2.5974 %)). Current N = 2. Average N = 1.506
2021-03-25 20:28:28,329 - INFO: 78 move(s) completed (2 accepted (2.5641 %)). Current N = 2. Average N = 1.513
2021-03-25 20:28:51,868 - INFO: Move rejected due to water leaving the GCMC sphere
2021-03-25 20:28:55,424 - INFO: 79 move(s) completed (2 accepted (2.5316 %)). Current N = 2. Average N = 1.519
2021-03-25 20:29:22,533 - INFO: 80 move(s) completed (2 accepted (2.5000 %)). Current N = 2. Average N = 1.525
2021-03-25 20:29:46,512 - INFO: Move rejected due to water leaving the GCMC sphere
2021-03-25 20:29:50,146 - INFO: 81 move(s) completed (2 accepted (2.4691 %)). Current N = 2. Average N = 1.531
2021-03-25 20:30:17,610 - INFO: 82 move(s) completed (2 accepted (2.4390 %)). Current N = 2. Average N = 1.537
2021-03-25 20:30:45,190 - INFO: 83 move(s) completed (3 accepted (3.6145 %)). Current N = 3. Average N = 1.554
2021-03-25 20:31:09,327 - INFO: Move rejected due to water leaving the GCMC sphere
2021-03-25 20:31:12,828 - INFO: 84 move(s) completed (3 accepted (3.5714 %)). Current N = 3. Average N = 1.571
2021-03-25 20:31:37,117 - INFO: Move rejected due to water leaving the GCMC sphere
2021-03-25 20:31:40,735 - INFO: 85 move(s) completed (3 accepted (3.5294 %)). Current N = 3. Average N = 1.588
2021-03-25 20:32:08,523 - INFO: 86 move(s) completed (3 accepted (3.4884 %)). Current N = 3. Average N = 1.605
2021-03-25 20:32:35,624 - INFO: 87 move(s) completed (3 accepted (3.4483 %)). Current N = 3. Average N = 1.621
2021-03-25 20:33:02,686 - INFO: 88 move(s) completed (3 accepted (3.4091 %)). Current N = 3. Average N = 1.636
2021-03-25 20:33:29,881 - INFO: 89 move(s) completed (3 accepted (3.3708 %)). Current N = 3. Average N = 1.652
2021-03-25 20:33:53,590 - INFO: Move rejected due to water leaving the GCMC sphere
2021-03-25 20:33:57,190 - INFO: 90 move(s) completed (3 accepted (3.3333 %)). Current N = 3. Average N = 1.667
2021-03-25 20:34:21,162 - INFO: Move rejected due to water leaving the GCMC sphere
2021-03-25 20:34:24,797 - INFO: 91 move(s) completed (3 accepted (3.2967 %)). Current N = 3. Average N = 1.681
2021-03-25 20:34:48,269 - INFO: Move rejected due to water leaving the GCMC sphere
2021-03-25 20:34:51,799 - INFO: 92 move(s) completed (3 accepted (3.2609 %)). Current N = 3. Average N = 1.696
2021-03-25 20:35:16,148 - INFO: Move rejected due to water leaving the GCMC sphere
2021-03-25 20:35:19,759 - INFO: 93 move(s) completed (3 accepted (3.2258 %)). Current N = 3. Average N = 1.710
2021-03-25 20:35:47,765 - INFO: 94 move(s) completed (4 accepted (4.2553 %)). Current N = 2. Average N = 1.713
2021-03-25 20:36:12,181 - INFO: Move rejected due to water leaving the GCMC sphere
2021-03-25 20:36:15,700 - INFO: 95 move(s) completed (4 accepted (4.2105 %)). Current N = 2. Average N = 1.716
2021-03-25 20:36:39,303 - INFO: Move rejected due to water leaving the GCMC sphere
2021-03-25 20:36:42,893 - INFO: 96 move(s) completed (4 accepted (4.1667 %)). Current N = 2. Average N = 1.719
2021-03-25 20:37:06,452 - INFO: Move rejected due to water leaving the GCMC sphere
2021-03-25 20:37:09,943 - INFO: 97 move(s) completed (4 accepted (4.1237 %)). Current N = 2. Average N = 1.722
2021-03-25 20:37:33,647 - INFO: Move rejected due to water leaving the GCMC sphere
2021-03-25 20:37:37,285 - INFO: 98 move(s) completed (4 accepted (4.0816 %)). Current N = 2. Average N = 1.724
2021-03-25 20:38:01,164 - INFO: Move rejected due to water leaving the GCMC sphere
2021-03-25 20:38:04,827 - INFO: 99 move(s) completed (4 accepted (4.0404 %)). Current N = 2. Average N = 1.727
2021-03-25 20:38:32,231 - INFO: 100 move(s) completed (4 accepted (4.0000 %)). Current N = 2. Average N = 1.730
2021-03-25 20:38:56,378 - INFO: Move rejected due to water leaving the GCMC sphere
2021-03-25 20:38:59,873 - INFO: 101 move(s) completed (4 accepted (3.9604 %)). Current N = 2. Average N = 1.733
2021-03-25 20:39:27,537 - INFO: 102 move(s) completed (4 accepted (3.9216 %)). Current N = 2. Average N = 1.735
2021-03-25 20:39:51,885 - INFO: Move rejected due to water leaving the GCMC sphere
2021-03-25 20:39:55,519 - INFO: 103 move(s) completed (4 accepted (3.8835 %)). Current N = 2. Average N = 1.738
2021-03-25 20:40:23,533 - INFO: 104 move(s) completed (4 accepted (3.8462 %)). Current N = 2. Average N = 1.740
2021-03-25 20:40:47,037 - INFO: Move rejected due to water leaving the GCMC sphere
2021-03-25 20:40:50,640 - INFO: 105 move(s) completed (4 accepted (3.8095 %)). Current N = 2. Average N = 1.743
2021-03-25 20:41:17,796 - INFO: 106 move(s) completed (4 accepted (3.7736 %)). Current N = 2. Average N = 1.745
2021-03-25 20:41:41,493 - INFO: Move rejected due to water leaving the GCMC sphere
2021-03-25 20:41:45,184 - INFO: 107 move(s) completed (4 accepted (3.7383 %)). Current N = 2. Average N = 1.748
2021-03-25 20:42:12,486 - INFO: 108 move(s) completed (4 accepted (3.7037 %)). Current N = 2. Average N = 1.750
2021-03-25 20:42:36,201 - INFO: Move rejected due to water leaving the GCMC sphere
2021-03-25 20:42:39,803 - INFO: 109 move(s) completed (4 accepted (3.6697 %)). Current N = 2. Average N = 1.752
2021-03-25 20:43:07,469 - INFO: 110 move(s) completed (4 accepted (3.6364 %)). Current N = 2. Average N = 1.754
2021-03-25 20:43:31,721 - INFO: Move rejected due to water leaving the GCMC sphere
2021-03-25 20:43:35,280 - INFO: 111 move(s) completed (4 accepted (3.6036 %)). Current N = 2. Average N = 1.757
2021-03-25 20:43:58,807 - INFO: Move rejected due to water leaving the GCMC sphere
2021-03-25 20:44:02,384 - INFO: 112 move(s) completed (4 accepted (3.5714 %)). Current N = 2. Average N = 1.759
2021-03-25 20:44:26,641 - INFO: Move rejected due to water leaving the GCMC sphere
2021-03-25 20:44:30,263 - INFO: 113 move(s) completed (4 accepted (3.5398 %)). Current N = 2. Average N = 1.761
2021-03-25 20:44:57,394 - INFO: 114 move(s) completed (4 accepted (3.5088 %)). Current N = 2. Average N = 1.763
2021-03-25 20:45:24,385 - INFO: 115 move(s) completed (4 accepted (3.4783 %)). Current N = 2. Average N = 1.765
2021-03-25 20:45:51,752 - INFO: 116 move(s) completed (4 accepted (3.4483 %)). Current N = 2. Average N = 1.767
2021-03-25 20:46:19,324 - INFO: 117 move(s) completed (4 accepted (3.4188 %)). Current N = 2. Average N = 1.769
2021-03-25 20:46:43,399 - INFO: Move rejected due to water leaving the GCMC sphere
2021-03-25 20:46:46,981 - INFO: 118 move(s) completed (4 accepted (3.3898 %)). Current N = 2. Average N = 1.771
2021-03-25 20:47:11,034 - INFO: Move rejected due to water leaving the GCMC sphere
2021-03-25 20:47:14,582 - INFO: 119 move(s) completed (4 accepted (3.3613 %)). Current N = 2. Average N = 1.773
2021-03-25 20:47:38,659 - INFO: Move rejected due to water leaving the GCMC sphere
2021-03-25 20:47:42,249 - INFO: 120 move(s) completed (4 accepted (3.3333 %)). Current N = 2. Average N = 1.775
2021-03-25 20:48:06,397 - INFO: Move rejected due to water leaving the GCMC sphere
2021-03-25 20:48:09,916 - INFO: 121 move(s) completed (4 accepted (3.3058 %)). Current N = 2. Average N = 1.777
2021-03-25 20:48:36,682 - INFO: 122 move(s) completed (4 accepted (3.2787 %)). Current N = 2. Average N = 1.779
2021-03-25 20:49:01,206 - INFO: Move rejected due to water leaving the GCMC sphere
2021-03-25 20:49:04,729 - INFO: 123 move(s) completed (4 accepted (3.2520 %)). Current N = 2. Average N = 1.780
2021-03-25 20:49:28,254 - INFO: Move rejected due to water leaving the GCMC sphere
2021-03-25 20:49:31,845 - INFO: 124 move(s) completed (4 accepted (3.2258 %)). Current N = 2. Average N = 1.782
2021-03-25 20:49:55,490 - INFO: Move rejected due to water leaving the GCMC sphere
2021-03-25 20:49:59,055 - INFO: 125 move(s) completed (4 accepted (3.2000 %)). Current N = 2. Average N = 1.784
2021-03-25 20:50:26,511 - INFO: 126 move(s) completed (4 accepted (3.1746 %)). Current N = 2. Average N = 1.786
2021-03-25 20:50:50,447 - INFO: Move rejected due to water leaving the GCMC sphere
2021-03-25 20:50:54,115 - INFO: 127 move(s) completed (4 accepted (3.1496 %)). Current N = 2. Average N = 1.787
2021-03-25 20:51:18,145 - INFO: Move rejected due to water leaving the GCMC sphere
2021-03-25 20:51:21,825 - INFO: 128 move(s) completed (4 accepted (3.1250 %)). Current N = 2. Average N = 1.789
2021-03-25 20:51:46,050 - INFO: Move rejected due to water leaving the GCMC sphere
2021-03-25 20:51:49,703 - INFO: 129 move(s) completed (4 accepted (3.1008 %)). Current N = 2. Average N = 1.791
2021-03-25 20:52:13,738 - INFO: Move rejected due to water leaving the GCMC sphere
2021-03-25 20:52:17,406 - INFO: 130 move(s) completed (4 accepted (3.0769 %)). Current N = 2. Average N = 1.792
2021-03-25 20:52:41,598 - INFO: Move rejected due to water leaving the GCMC sphere
2021-03-25 20:52:45,286 - INFO: 131 move(s) completed (4 accepted (3.0534 %)). Current N = 2. Average N = 1.794
2021-03-25 20:53:09,657 - INFO: Move rejected due to water leaving the GCMC sphere
2021-03-25 20:53:13,358 - INFO: 132 move(s) completed (4 accepted (3.0303 %)). Current N = 2. Average N = 1.796
2021-03-25 20:53:37,080 - INFO: Move rejected due to water leaving the GCMC sphere
2021-03-25 20:53:40,650 - INFO: 133 move(s) completed (4 accepted (3.0075 %)). Current N = 2. Average N = 1.797
2021-03-25 20:54:04,309 - INFO: Move rejected due to water leaving the GCMC sphere
2021-03-25 20:54:07,952 - INFO: 134 move(s) completed (4 accepted (2.9851 %)). Current N = 2. Average N = 1.798
2021-03-25 20:54:31,920 - INFO: Move rejected due to water leaving the GCMC sphere
2021-03-25 20:54:35,457 - INFO: 135 move(s) completed (4 accepted (2.9630 %)). Current N = 2. Average N = 1.800
2021-03-25 20:54:59,515 - INFO: Move rejected due to water leaving the GCMC sphere
2021-03-25 20:55:03,152 - INFO: 136 move(s) completed (4 accepted (2.9412 %)). Current N = 2. Average N = 1.802
2021-03-25 20:55:30,768 - INFO: 137 move(s) completed (4 accepted (2.9197 %)). Current N = 2. Average N = 1.803
2021-03-25 20:55:55,008 - INFO: Move rejected due to water leaving the GCMC sphere
2021-03-25 20:55:58,650 - INFO: 138 move(s) completed (4 accepted (2.8986 %)). Current N = 2. Average N = 1.804
2021-03-25 20:56:26,430 - INFO: 139 move(s) completed (4 accepted (2.8777 %)). Current N = 2. Average N = 1.806
2021-03-25 20:56:49,820 - INFO: Move rejected due to water leaving the GCMC sphere
2021-03-25 20:56:53,432 - INFO: 140 move(s) completed (4 accepted (2.8571 %)). Current N = 2. Average N = 1.807
2021-03-25 20:57:17,860 - INFO: Move rejected due to water leaving the GCMC sphere
2021-03-25 20:57:21,555 - INFO: 141 move(s) completed (4 accepted (2.8369 %)). Current N = 2. Average N = 1.808
2021-03-25 20:57:48,695 - INFO: 142 move(s) completed (4 accepted (2.8169 %)). Current N = 2. Average N = 1.810
2021-03-25 20:58:16,053 - INFO: 143 move(s) completed (4 accepted (2.7972 %)). Current N = 2. Average N = 1.811
2021-03-25 20:58:43,393 - INFO: 144 move(s) completed (4 accepted (2.7778 %)). Current N = 2. Average N = 1.812
2021-03-25 20:59:07,243 - INFO: Move rejected due to water leaving the GCMC sphere
2021-03-25 20:59:10,914 - INFO: 145 move(s) completed (4 accepted (2.7586 %)). Current N = 2. Average N = 1.814
2021-03-25 20:59:34,760 - INFO: Move rejected due to water leaving the GCMC sphere
2021-03-25 20:59:38,395 - INFO: 146 move(s) completed (4 accepted (2.7397 %)). Current N = 2. Average N = 1.815
2021-03-25 21:00:02,560 - INFO: Move rejected due to water leaving the GCMC sphere
2021-03-25 21:00:06,171 - INFO: 147 move(s) completed (4 accepted (2.7211 %)). Current N = 2. Average N = 1.816
2021-03-25 21:00:34,179 - INFO: 148 move(s) completed (4 accepted (2.7027 %)). Current N = 2. Average N = 1.818
2021-03-25 21:01:02,180 - INFO: 149 move(s) completed (4 accepted (2.6846 %)). Current N = 2. Average N = 1.819
2021-03-25 21:01:26,535 - INFO: Move rejected due to water leaving the GCMC sphere
2021-03-25 21:01:30,147 - INFO: 150 move(s) completed (4 accepted (2.6667 %)). Current N = 2. Average N = 1.820
2021-03-25 21:01:53,817 - INFO: Move rejected due to water leaving the GCMC sphere
2021-03-25 21:01:57,520 - INFO: 151 move(s) completed (4 accepted (2.6490 %)). Current N = 2. Average N = 1.821
2021-03-25 21:02:21,168 - INFO: Move rejected due to water leaving the GCMC sphere
2021-03-25 21:02:24,760 - INFO: 152 move(s) completed (4 accepted (2.6316 %)). Current N = 2. Average N = 1.822
2021-03-25 21:02:52,083 - INFO: 153 move(s) completed (4 accepted (2.6144 %)). Current N = 2. Average N = 1.823
2021-03-25 21:03:19,405 - INFO: 154 move(s) completed (4 accepted (2.5974 %)). Current N = 2. Average N = 1.825
2021-03-25 21:03:43,520 - INFO: Move rejected due to water leaving the GCMC sphere
2021-03-25 21:03:47,134 - INFO: 155 move(s) completed (4 accepted (2.5806 %)). Current N = 2. Average N = 1.826
2021-03-25 21:04:14,770 - INFO: 156 move(s) completed (4 accepted (2.5641 %)). Current N = 2. Average N = 1.827
2021-03-25 21:04:38,981 - INFO: Move rejected due to water leaving the GCMC sphere
2021-03-25 21:04:42,653 - INFO: 157 move(s) completed (4 accepted (2.5478 %)). Current N = 2. Average N = 1.828
2021-03-25 21:05:06,868 - INFO: Move rejected due to water leaving the GCMC sphere
2021-03-25 21:05:10,536 - INFO: 158 move(s) completed (4 accepted (2.5316 %)). Current N = 2. Average N = 1.829
2021-03-25 21:05:38,421 - INFO: 159 move(s) completed (4 accepted (2.5157 %)). Current N = 2. Average N = 1.830
2021-03-25 21:06:01,904 - INFO: Move rejected due to water leaving the GCMC sphere
2021-03-25 21:06:05,511 - INFO: 160 move(s) completed (4 accepted (2.5000 %)). Current N = 2. Average N = 1.831
2021-03-25 21:06:29,151 - INFO: Move rejected due to water leaving the GCMC sphere
2021-03-25 21:06:32,814 - INFO: 161 move(s) completed (4 accepted (2.4845 %)). Current N = 2. Average N = 1.832
2021-03-25 21:07:00,120 - INFO: 162 move(s) completed (4 accepted (2.4691 %)). Current N = 2. Average N = 1.833
2021-03-25 21:07:23,967 - INFO: Move rejected due to water leaving the GCMC sphere
2021-03-25 21:07:27,513 - INFO: 163 move(s) completed (4 accepted (2.4540 %)). Current N = 2. Average N = 1.834
2021-03-25 21:07:54,564 - INFO: 164 move(s) completed (4 accepted (2.4390 %)). Current N = 2. Average N = 1.835
2021-03-25 21:08:18,843 - INFO: Move rejected due to water leaving the GCMC sphere
2021-03-25 21:08:22,405 - INFO: 165 move(s) completed (4 accepted (2.4242 %)). Current N = 2. Average N = 1.836
2021-03-25 21:08:50,362 - INFO: 166 move(s) completed (4 accepted (2.4096 %)). Current N = 2. Average N = 1.837
2021-03-25 21:09:14,693 - INFO: Move rejected due to water leaving the GCMC sphere
2021-03-25 21:09:18,311 - INFO: 167 move(s) completed (4 accepted (2.3952 %)). Current N = 2. Average N = 1.838
2021-03-25 21:09:42,691 - INFO: Move rejected due to water leaving the GCMC sphere
2021-03-25 21:09:46,258 - INFO: 168 move(s) completed (4 accepted (2.3810 %)). Current N = 2. Average N = 1.839
2021-03-25 21:10:09,919 - INFO: Move rejected due to water leaving the GCMC sphere
2021-03-25 21:10:13,613 - INFO: 169 move(s) completed (4 accepted (2.3669 %)). Current N = 2. Average N = 1.840
2021-03-25 21:10:37,181 - INFO: Move rejected due to water leaving the GCMC sphere
2021-03-25 21:10:40,817 - INFO: 170 move(s) completed (4 accepted (2.3529 %)). Current N = 2. Average N = 1.841
2021-03-25 21:11:04,628 - INFO: Move rejected due to water leaving the GCMC sphere
2021-03-25 21:11:08,137 - INFO: 171 move(s) completed (4 accepted (2.3392 %)). Current N = 2. Average N = 1.842
2021-03-25 21:11:32,079 - INFO: Move rejected due to water leaving the GCMC sphere
2021-03-25 21:11:35,659 - INFO: 172 move(s) completed (4 accepted (2.3256 %)). Current N = 2. Average N = 1.843
2021-03-25 21:11:59,619 - INFO: Move rejected due to water leaving the GCMC sphere
2021-03-25 21:12:03,232 - INFO: 173 move(s) completed (4 accepted (2.3121 %)). Current N = 2. Average N = 1.844
2021-03-25 21:12:27,243 - INFO: Move rejected due to water leaving the GCMC sphere
2021-03-25 21:12:30,918 - INFO: 174 move(s) completed (4 accepted (2.2989 %)). Current N = 2. Average N = 1.845
2021-03-25 21:12:54,473 - INFO: Move rejected due to water leaving the GCMC sphere
2021-03-25 21:12:58,104 - INFO: 175 move(s) completed (4 accepted (2.2857 %)). Current N = 2. Average N = 1.846
2021-03-25 21:13:22,260 - INFO: Move rejected due to water leaving the GCMC sphere
2021-03-25 21:13:25,877 - INFO: 176 move(s) completed (4 accepted (2.2727 %)). Current N = 2. Average N = 1.847
2021-03-25 21:13:52,923 - INFO: 177 move(s) completed (4 accepted (2.2599 %)). Current N = 2. Average N = 1.847
2021-03-25 21:14:19,939 - INFO: 178 move(s) completed (4 accepted (2.2472 %)). Current N = 2. Average N = 1.848
2021-03-25 21:14:47,359 - INFO: 179 move(s) completed (4 accepted (2.2346 %)). Current N = 2. Average N = 1.849
2021-03-25 21:15:10,983 - INFO: Move rejected due to water leaving the GCMC sphere
2021-03-25 21:15:14,651 - INFO: 180 move(s) completed (4 accepted (2.2222 %)). Current N = 2. Average N = 1.850
2021-03-25 21:15:42,120 - INFO: 181 move(s) completed (4 accepted (2.2099 %)). Current N = 2. Average N = 1.851
2021-03-25 21:16:05,878 - INFO: Move rejected due to water leaving the GCMC sphere
2021-03-25 21:16:09,529 - INFO: 182 move(s) completed (4 accepted (2.1978 %)). Current N = 2. Average N = 1.852
2021-03-25 21:16:33,501 - INFO: Move rejected due to water leaving the GCMC sphere
2021-03-25 21:16:37,066 - INFO: 183 move(s) completed (4 accepted (2.1858 %)). Current N = 2. Average N = 1.853
2021-03-25 21:17:00,604 - INFO: Move rejected due to water leaving the GCMC sphere
2021-03-25 21:17:04,272 - INFO: 184 move(s) completed (4 accepted (2.1739 %)). Current N = 2. Average N = 1.853
2021-03-25 21:17:28,518 - INFO: Move rejected due to water leaving the GCMC sphere
2021-03-25 21:17:32,062 - INFO: 185 move(s) completed (4 accepted (2.1622 %)). Current N = 2. Average N = 1.854
2021-03-25 21:17:56,393 - INFO: Move rejected due to water leaving the GCMC sphere
2021-03-25 21:17:59,996 - INFO: 186 move(s) completed (4 accepted (2.1505 %)). Current N = 2. Average N = 1.855
2021-03-25 21:18:23,665 - INFO: Move rejected due to water leaving the GCMC sphere
2021-03-25 21:18:27,331 - INFO: 187 move(s) completed (4 accepted (2.1390 %)). Current N = 2. Average N = 1.856
2021-03-25 21:18:54,632 - INFO: 188 move(s) completed (4 accepted (2.1277 %)). Current N = 2. Average N = 1.856
2021-03-25 21:19:18,506 - INFO: Move rejected due to water leaving the GCMC sphere
2021-03-25 21:19:22,126 - INFO: 189 move(s) completed (4 accepted (2.1164 %)). Current N = 2. Average N = 1.857
2021-03-25 21:19:49,656 - INFO: 190 move(s) completed (4 accepted (2.1053 %)). Current N = 2. Average N = 1.858
2021-03-25 21:20:17,309 - INFO: 191 move(s) completed (4 accepted (2.0942 %)). Current N = 2. Average N = 1.859
2021-03-25 21:20:44,182 - INFO: 192 move(s) completed (4 accepted (2.0833 %)). Current N = 2. Average N = 1.859
2021-03-25 21:21:08,528 - INFO: Move rejected due to water leaving the GCMC sphere
2021-03-25 21:21:12,034 - INFO: 193 move(s) completed (4 accepted (2.0725 %)). Current N = 2. Average N = 1.860
2021-03-25 21:21:36,189 - INFO: Move rejected due to water leaving the GCMC sphere
2021-03-25 21:21:39,742 - INFO: 194 move(s) completed (4 accepted (2.0619 %)). Current N = 2. Average N = 1.861
2021-03-25 21:22:07,671 - INFO: 195 move(s) completed (4 accepted (2.0513 %)). Current N = 2. Average N = 1.861
2021-03-25 21:22:31,144 - INFO: Move rejected due to water leaving the GCMC sphere
2021-03-25 21:22:34,667 - INFO: 196 move(s) completed (4 accepted (2.0408 %)). Current N = 2. Average N = 1.862
2021-03-25 21:22:58,207 - INFO: Move rejected due to water leaving the GCMC sphere
2021-03-25 21:23:01,793 - INFO: 197 move(s) completed (4 accepted (2.0305 %)). Current N = 2. Average N = 1.863
2021-03-25 21:23:29,209 - INFO: 198 move(s) completed (4 accepted (2.0202 %)). Current N = 2. Average N = 1.864
2021-03-25 21:23:52,736 - INFO: Move rejected due to water leaving the GCMC sphere
2021-03-25 21:23:56,325 - INFO: 199 move(s) completed (4 accepted (2.0101 %)). Current N = 2. Average N = 1.864
2021-03-25 21:24:19,906 - INFO: Move rejected due to water leaving the GCMC sphere
2021-03-25 21:24:23,557 - INFO: 200 move(s) completed (4 accepted (2.0000 %)). Current N = 2. Average N = 1.865
2021-03-25 21:24:47,707 - INFO: Move rejected due to water leaving the GCMC sphere
2021-03-25 21:24:51,353 - INFO: 201 move(s) completed (4 accepted (1.9900 %)). Current N = 2. Average N = 1.866
2021-03-25 21:25:15,622 - INFO: Move rejected due to water leaving the GCMC sphere
2021-03-25 21:25:19,256 - INFO: 202 move(s) completed (4 accepted (1.9802 %)). Current N = 2. Average N = 1.866
2021-03-25 21:25:43,675 - INFO: Move rejected due to water leaving the GCMC sphere
2021-03-25 21:25:47,329 - INFO: 203 move(s) completed (4 accepted (1.9704 %)). Current N = 2. Average N = 1.867
2021-03-25 21:26:15,231 - INFO: 204 move(s) completed (4 accepted (1.9608 %)). Current N = 2. Average N = 1.868
2021-03-25 21:26:42,472 - INFO: 205 move(s) completed (4 accepted (1.9512 %)). Current N = 2. Average N = 1.868
2021-03-25 21:27:05,915 - INFO: Move rejected due to water leaving the GCMC sphere
2021-03-25 21:27:09,501 - INFO: 206 move(s) completed (4 accepted (1.9417 %)). Current N = 2. Average N = 1.869
2021-03-25 21:27:33,228 - INFO: Move rejected due to water leaving the GCMC sphere
2021-03-25 21:27:36,879 - INFO: 207 move(s) completed (4 accepted (1.9324 %)). Current N = 2. Average N = 1.870
2021-03-25 21:28:03,798 - INFO: 208 move(s) completed (4 accepted (1.9231 %)). Current N = 2. Average N = 1.870
2021-03-25 21:28:31,606 - INFO: 209 move(s) completed (4 accepted (1.9139 %)). Current N = 2. Average N = 1.871
2021-03-25 21:28:59,331 - INFO: 210 move(s) completed (4 accepted (1.9048 %)). Current N = 2. Average N = 1.871
2021-03-25 21:29:23,739 - INFO: Move rejected due to water leaving the GCMC sphere
2021-03-25 21:29:27,312 - INFO: 211 move(s) completed (4 accepted (1.8957 %)). Current N = 2. Average N = 1.872
2021-03-25 21:29:51,673 - INFO: Move rejected due to water leaving the GCMC sphere
2021-03-25 21:29:55,203 - INFO: 212 move(s) completed (4 accepted (1.8868 %)). Current N = 2. Average N = 1.873
2021-03-25 21:30:23,104 - INFO: 213 move(s) completed (4 accepted (1.8779 %)). Current N = 2. Average N = 1.873
2021-03-25 21:30:50,173 - INFO: 214 move(s) completed (4 accepted (1.8692 %)). Current N = 2. Average N = 1.874
2021-03-25 21:31:13,724 - INFO: Move rejected due to water leaving the GCMC sphere
2021-03-25 21:31:17,536 - INFO: 215 move(s) completed (4 accepted (1.8605 %)). Current N = 2. Average N = 1.874
2021-03-25 21:31:41,232 - INFO: Move rejected due to water leaving the GCMC sphere
2021-03-25 21:31:44,729 - INFO: 216 move(s) completed (4 accepted (1.8519 %)). Current N = 2. Average N = 1.875
2021-03-25 21:32:08,564 - INFO: Move rejected due to water leaving the GCMC sphere
2021-03-25 21:32:12,103 - INFO: 217 move(s) completed (4 accepted (1.8433 %)). Current N = 2. Average N = 1.876
2021-03-25 21:32:39,763 - INFO: 218 move(s) completed (4 accepted (1.8349 %)). Current N = 2. Average N = 1.876
2021-03-25 21:33:07,594 - INFO: 219 move(s) completed (4 accepted (1.8265 %)). Current N = 2. Average N = 1.877
2021-03-25 21:33:35,457 - INFO: 220 move(s) completed (4 accepted (1.8182 %)). Current N = 2. Average N = 1.877
2021-03-25 21:33:59,863 - INFO: Move rejected due to water leaving the GCMC sphere
2021-03-25 21:34:03,485 - INFO: 221 move(s) completed (4 accepted (1.8100 %)). Current N = 2. Average N = 1.878
2021-03-25 21:34:27,709 - INFO: Move rejected due to water leaving the GCMC sphere
2021-03-25 21:34:31,345 - INFO: 222 move(s) completed (4 accepted (1.8018 %)). Current N = 2. Average N = 1.878
2021-03-25 21:34:55,043 - INFO: Move rejected due to water leaving the GCMC sphere
2021-03-25 21:34:58,621 - INFO: 223 move(s) completed (4 accepted (1.7937 %)). Current N = 2. Average N = 1.879
2021-03-25 21:35:25,795 - INFO: 224 move(s) completed (4 accepted (1.7857 %)). Current N = 2. Average N = 1.879
2021-03-25 21:35:49,634 - INFO: Move rejected due to water leaving the GCMC sphere
2021-03-25 21:35:53,320 - INFO: 225 move(s) completed (4 accepted (1.7778 %)). Current N = 2. Average N = 1.880
2021-03-25 21:36:17,193 - INFO: Move rejected due to water leaving the GCMC sphere
2021-03-25 21:36:20,688 - INFO: 226 move(s) completed (4 accepted (1.7699 %)). Current N = 2. Average N = 1.881
2021-03-25 21:36:48,249 - INFO: 227 move(s) completed (4 accepted (1.7621 %)). Current N = 2. Average N = 1.881
2021-03-25 21:37:16,108 - INFO: 228 move(s) completed (4 accepted (1.7544 %)). Current N = 2. Average N = 1.882
2021-03-25 21:37:43,407 - INFO: 229 move(s) completed (4 accepted (1.7467 %)). Current N = 2. Average N = 1.882
2021-03-25 21:38:07,733 - INFO: Move rejected due to water leaving the GCMC sphere
2021-03-25 21:38:11,266 - INFO: 230 move(s) completed (4 accepted (1.7391 %)). Current N = 2. Average N = 1.883
2021-03-25 21:38:35,611 - INFO: Move rejected due to water leaving the GCMC sphere
2021-03-25 21:38:39,158 - INFO: 231 move(s) completed (4 accepted (1.7316 %)). Current N = 2. Average N = 1.883
2021-03-25 21:39:02,766 - INFO: Move rejected due to water leaving the GCMC sphere
2021-03-25 21:39:06,311 - INFO: 232 move(s) completed (4 accepted (1.7241 %)). Current N = 2. Average N = 1.884
2021-03-25 21:39:29,898 - INFO: Move rejected due to water leaving the GCMC sphere
2021-03-25 21:39:33,436 - INFO: 233 move(s) completed (4 accepted (1.7167 %)). Current N = 2. Average N = 1.884
2021-03-25 21:39:57,039 - INFO: Move rejected due to water leaving the GCMC sphere
2021-03-25 21:40:00,623 - INFO: 234 move(s) completed (4 accepted (1.7094 %)). Current N = 2. Average N = 1.885
2021-03-25 21:40:27,755 - INFO: 235 move(s) completed (4 accepted (1.7021 %)). Current N = 2. Average N = 1.885
2021-03-25 21:40:55,289 - INFO: 236 move(s) completed (4 accepted (1.6949 %)). Current N = 2. Average N = 1.886
2021-03-25 21:41:22,832 - INFO: 237 move(s) completed (5 accepted (2.1097 %)). Current N = 3. Average N = 1.890
2021-03-25 21:41:46,918 - INFO: Move rejected due to water leaving the GCMC sphere
2021-03-25 21:41:50,602 - INFO: 238 move(s) completed (5 accepted (2.1008 %)). Current N = 3. Average N = 1.895
2021-03-25 21:42:18,419 - INFO: 239 move(s) completed (5 accepted (2.0921 %)). Current N = 3. Average N = 1.900
2021-03-25 21:42:46,284 - INFO: 240 move(s) completed (5 accepted (2.0833 %)). Current N = 3. Average N = 1.904
2021-03-25 21:43:14,289 - INFO: 241 move(s) completed (5 accepted (2.0747 %)). Current N = 3. Average N = 1.909
2021-03-25 21:43:37,923 - INFO: Move rejected due to water leaving the GCMC sphere
2021-03-25 21:43:41,440 - INFO: 242 move(s) completed (5 accepted (2.0661 %)). Current N = 3. Average N = 1.913
2021-03-25 21:44:05,253 - INFO: Move rejected due to water leaving the GCMC sphere
2021-03-25 21:44:08,914 - INFO: 243 move(s) completed (5 accepted (2.0576 %)). Current N = 3. Average N = 1.918
2021-03-25 21:44:32,523 - INFO: Move rejected due to water leaving the GCMC sphere
2021-03-25 21:44:36,102 - INFO: 244 move(s) completed (5 accepted (2.0492 %)). Current N = 3. Average N = 1.922
2021-03-25 21:45:00,128 - INFO: Move rejected due to water leaving the GCMC sphere
2021-03-25 21:45:03,675 - INFO: 245 move(s) completed (5 accepted (2.0408 %)). Current N = 3. Average N = 1.927
2021-03-25 21:45:27,796 - INFO: Move rejected due to water leaving the GCMC sphere
2021-03-25 21:45:31,348 - INFO: 246 move(s) completed (5 accepted (2.0325 %)). Current N = 3. Average N = 1.931
2021-03-25 21:45:59,204 - INFO: 247 move(s) completed (5 accepted (2.0243 %)). Current N = 3. Average N = 1.935
2021-03-25 21:46:22,743 - INFO: Move rejected due to water leaving the GCMC sphere
2021-03-25 21:46:26,388 - INFO: 248 move(s) completed (5 accepted (2.0161 %)). Current N = 3. Average N = 1.940
2021-03-25 21:46:49,869 - INFO: Move rejected due to water leaving the GCMC sphere
2021-03-25 21:46:53,541 - INFO: 249 move(s) completed (5 accepted (2.0080 %)). Current N = 3. Average N = 1.944
2021-03-25 21:47:17,971 - INFO: Move rejected due to water leaving the GCMC sphere
2021-03-25 21:47:21,581 - INFO: 250 move(s) completed (5 accepted (2.0000 %)). Current N = 3. Average N = 1.948
2021-03-25 21:47:45,147 - INFO: Move rejected due to water leaving the GCMC sphere
2021-03-25 21:47:48,642 - INFO: 251 move(s) completed (5 accepted (1.9920 %)). Current N = 3. Average N = 1.952
2021-03-25 21:48:12,446 - INFO: Move rejected due to water leaving the GCMC sphere
2021-03-25 21:48:16,007 - INFO: 252 move(s) completed (5 accepted (1.9841 %)). Current N = 3. Average N = 1.956
2021-03-25 21:48:39,760 - INFO: Move rejected due to water leaving the GCMC sphere
2021-03-25 21:48:43,322 - INFO: 253 move(s) completed (5 accepted (1.9763 %)). Current N = 3. Average N = 1.960
2021-03-25 21:49:07,215 - INFO: Move rejected due to water leaving the GCMC sphere
2021-03-25 21:49:10,787 - INFO: 254 move(s) completed (5 accepted (1.9685 %)). Current N = 3. Average N = 1.965
2021-03-25 21:49:34,836 - INFO: Move rejected due to water leaving the GCMC sphere
2021-03-25 21:49:38,526 - INFO: 255 move(s) completed (5 accepted (1.9608 %)). Current N = 3. Average N = 1.969
2021-03-25 21:50:02,569 - INFO: Move rejected due to water leaving the GCMC sphere
2021-03-25 21:50:06,211 - INFO: 256 move(s) completed (5 accepted (1.9531 %)). Current N = 3. Average N = 1.973
2021-03-25 21:50:30,546 - INFO: Move rejected due to water leaving the GCMC sphere
2021-03-25 21:50:34,226 - INFO: 257 move(s) completed (5 accepted (1.9455 %)). Current N = 3. Average N = 1.977
2021-03-25 21:50:58,426 - INFO: Move rejected due to water leaving the GCMC sphere
2021-03-25 21:51:02,056 - INFO: 258 move(s) completed (5 accepted (1.9380 %)). Current N = 3. Average N = 1.981
2021-03-25 21:51:26,537 - INFO: Move rejected due to water leaving the GCMC sphere
2021-03-25 21:51:30,156 - INFO: 259 move(s) completed (5 accepted (1.9305 %)). Current N = 3. Average N = 1.985
2021-03-25 21:51:57,296 - INFO: 260 move(s) completed (5 accepted (1.9231 %)). Current N = 3. Average N = 1.988
2021-03-25 21:52:20,779 - INFO: Move rejected due to water leaving the GCMC sphere
2021-03-25 21:52:24,346 - INFO: 261 move(s) completed (5 accepted (1.9157 %)). Current N = 3. Average N = 1.992
2021-03-25 21:52:51,537 - INFO: 262 move(s) completed (5 accepted (1.9084 %)). Current N = 3. Average N = 1.996
2021-03-25 21:53:15,327 - INFO: Move rejected due to water leaving the GCMC sphere
2021-03-25 21:53:18,913 - INFO: 263 move(s) completed (5 accepted (1.9011 %)). Current N = 3. Average N = 2.000
2021-03-25 21:53:42,215 - INFO: Move rejected due to water leaving the GCMC sphere
2021-03-25 21:53:45,750 - INFO: 264 move(s) completed (5 accepted (1.8939 %)). Current N = 3. Average N = 2.004
