2021-03-25 11:42:17,937 - INFO: kT = 0.5921875708469466 kcal/mol
2021-03-25 11:42:23,508 - INFO: BaseGrandCanonicalMonteCarloSampler object initialised
2021-03-25 11:42:23,508 - INFO: GCMC sphere is based on reference atom IDs: [887, 1837]
2021-03-25 11:42:23,508 - INFO: GCMC sphere radius is 6 A
2021-03-25 11:42:23,509 - INFO: Simulating at an Adams (B) value of -6.888845176169922
2021-03-25 11:42:23,509 - INFO: GCMCSphereSampler object initialised
2021-03-25 11:42:23,509 - INFO: Each NCMC move will be executed over a total of 11.0 ps
2021-03-25 11:42:23,510 - INFO: NonequilibriumGCMCSphereSampler object initialised
2021-03-25 11:42:36,429 - INFO: 1 move(s) completed (0 accepted (0.0000 %)). Current N = 0. Average N = 0.000
2021-03-25 11:42:42,332 - INFO: 2 move(s) completed (0 accepted (0.0000 %)). Current N = 0. Average N = 0.000
2021-03-25 11:43:03,974 - INFO: Move rejected due to water leaving the GCMC sphere
2021-03-25 11:43:07,668 - INFO: 3 move(s) completed (0 accepted (0.0000 %)). Current N = 0. Average N = 0.000
2021-03-25 11:43:13,523 - INFO: 4 move(s) completed (0 accepted (0.0000 %)). Current N = 0. Average N = 0.000
2021-03-25 11:43:39,039 - INFO: 5 move(s) completed (0 accepted (0.0000 %)). Current N = 0. Average N = 0.000
2021-03-25 11:44:01,056 - INFO: Move rejected due to water leaving the GCMC sphere
2021-03-25 11:44:04,748 - INFO: 6 move(s) completed (0 accepted (0.0000 %)). Current N = 0. Average N = 0.000
2021-03-25 11:44:29,566 - INFO: 7 move(s) completed (0 accepted (0.0000 %)). Current N = 0. Average N = 0.000
2021-03-25 11:44:54,304 - INFO: 8 move(s) completed (0 accepted (0.0000 %)). Current N = 0. Average N = 0.000
2021-03-25 11:45:00,222 - INFO: 9 move(s) completed (0 accepted (0.0000 %)). Current N = 0. Average N = 0.000
2021-03-25 11:45:06,007 - INFO: 10 move(s) completed (0 accepted (0.0000 %)). Current N = 0. Average N = 0.000
2021-03-25 11:45:11,724 - INFO: 11 move(s) completed (0 accepted (0.0000 %)). Current N = 0. Average N = 0.000
2021-03-25 11:45:33,113 - INFO: Move rejected due to water leaving the GCMC sphere
2021-03-25 11:45:36,799 - INFO: 12 move(s) completed (0 accepted (0.0000 %)). Current N = 0. Average N = 0.000
2021-03-25 11:45:42,839 - INFO: 13 move(s) completed (0 accepted (0.0000 %)). Current N = 0. Average N = 0.000
2021-03-25 11:46:04,174 - INFO: Move rejected due to water leaving the GCMC sphere
2021-03-25 11:46:07,767 - INFO: 14 move(s) completed (0 accepted (0.0000 %)). Current N = 0. Average N = 0.000
2021-03-25 11:46:29,476 - INFO: Move rejected due to water leaving the GCMC sphere
2021-03-25 11:46:33,034 - INFO: 15 move(s) completed (0 accepted (0.0000 %)). Current N = 0. Average N = 0.000
2021-03-25 11:46:38,851 - INFO: 16 move(s) completed (0 accepted (0.0000 %)). Current N = 0. Average N = 0.000
2021-03-25 11:47:00,158 - INFO: Move rejected due to water leaving the GCMC sphere
2021-03-25 11:47:03,799 - INFO: 17 move(s) completed (0 accepted (0.0000 %)). Current N = 0. Average N = 0.000
2021-03-25 11:47:25,730 - INFO: Move rejected due to water leaving the GCMC sphere
2021-03-25 11:47:29,388 - INFO: 18 move(s) completed (0 accepted (0.0000 %)). Current N = 0. Average N = 0.000
2021-03-25 11:47:35,347 - INFO: 19 move(s) completed (0 accepted (0.0000 %)). Current N = 0. Average N = 0.000
2021-03-25 11:47:41,166 - INFO: 20 move(s) completed (0 accepted (0.0000 %)). Current N = 0. Average N = 0.000
2021-03-25 11:48:03,023 - INFO: Move rejected due to water leaving the GCMC sphere
2021-03-25 11:48:06,660 - INFO: 21 move(s) completed (0 accepted (0.0000 %)). Current N = 0. Average N = 0.000
2021-03-25 11:48:31,280 - INFO: 22 move(s) completed (0 accepted (0.0000 %)). Current N = 0. Average N = 0.000
2021-03-25 11:48:56,011 - INFO: 23 move(s) completed (0 accepted (0.0000 %)). Current N = 0. Average N = 0.000
2021-03-25 11:49:17,197 - INFO: Move rejected due to water leaving the GCMC sphere
2021-03-25 11:49:20,718 - INFO: 24 move(s) completed (0 accepted (0.0000 %)). Current N = 0. Average N = 0.000
2021-03-25 11:49:26,581 - INFO: 25 move(s) completed (0 accepted (0.0000 %)). Current N = 0. Average N = 0.000
2021-03-25 11:49:32,402 - INFO: 26 move(s) completed (0 accepted (0.0000 %)). Current N = 0. Average N = 0.000
2021-03-25 11:49:38,256 - INFO: 27 move(s) completed (0 accepted (0.0000 %)). Current N = 0. Average N = 0.000
2021-03-25 11:49:44,117 - INFO: 28 move(s) completed (0 accepted (0.0000 %)). Current N = 0. Average N = 0.000
2021-03-25 11:49:49,931 - INFO: 29 move(s) completed (0 accepted (0.0000 %)). Current N = 0. Average N = 0.000
2021-03-25 11:49:55,610 - INFO: 30 move(s) completed (0 accepted (0.0000 %)). Current N = 0. Average N = 0.000
2021-03-25 11:50:01,448 - INFO: 31 move(s) completed (0 accepted (0.0000 %)). Current N = 0. Average N = 0.000
2021-03-25 11:50:22,571 - INFO: Move rejected due to water leaving the GCMC sphere
2021-03-25 11:50:26,212 - INFO: 32 move(s) completed (0 accepted (0.0000 %)). Current N = 0. Average N = 0.000
2021-03-25 11:50:31,972 - INFO: 33 move(s) completed (0 accepted (0.0000 %)). Current N = 0. Average N = 0.000
2021-03-25 11:50:53,270 - INFO: Move rejected due to water leaving the GCMC sphere
2021-03-25 11:50:56,965 - INFO: 34 move(s) completed (0 accepted (0.0000 %)). Current N = 0. Average N = 0.000
2021-03-25 11:51:22,108 - INFO: 35 move(s) completed (1 accepted (2.8571 %)). Current N = 1. Average N = 0.029
2021-03-25 11:51:46,664 - INFO: 36 move(s) completed (1 accepted (2.7778 %)). Current N = 1. Average N = 0.056
2021-03-25 11:52:08,380 - INFO: Move rejected due to water leaving the GCMC sphere
2021-03-25 11:52:11,898 - INFO: 37 move(s) completed (1 accepted (2.7027 %)). Current N = 1. Average N = 0.081
2021-03-25 11:52:37,318 - INFO: 38 move(s) completed (1 accepted (2.6316 %)). Current N = 1. Average N = 0.105
2021-03-25 11:52:58,233 - INFO: Move rejected due to water leaving the GCMC sphere
2021-03-25 11:53:01,863 - INFO: 39 move(s) completed (1 accepted (2.5641 %)). Current N = 1. Average N = 0.128
2021-03-25 11:53:23,765 - INFO: Move rejected due to water leaving the GCMC sphere
2021-03-25 11:53:27,301 - INFO: 40 move(s) completed (1 accepted (2.5000 %)). Current N = 1. Average N = 0.150
2021-03-25 11:53:51,794 - INFO: 41 move(s) completed (1 accepted (2.4390 %)). Current N = 1. Average N = 0.171
2021-03-25 11:54:13,029 - INFO: Move rejected due to water leaving the GCMC sphere
2021-03-25 11:54:16,686 - INFO: 42 move(s) completed (1 accepted (2.3810 %)). Current N = 1. Average N = 0.191
2021-03-25 11:54:38,147 - INFO: Move rejected due to water leaving the GCMC sphere
2021-03-25 11:54:41,829 - INFO: 43 move(s) completed (1 accepted (2.3256 %)). Current N = 1. Average N = 0.209
2021-03-25 11:55:06,943 - INFO: 44 move(s) completed (1 accepted (2.2727 %)). Current N = 1. Average N = 0.227
2021-03-25 11:55:28,517 - INFO: Move rejected due to water leaving the GCMC sphere
2021-03-25 11:55:32,214 - INFO: 45 move(s) completed (1 accepted (2.2222 %)). Current N = 1. Average N = 0.244
2021-03-25 11:55:53,975 - INFO: Move rejected due to water leaving the GCMC sphere
2021-03-25 11:55:57,672 - INFO: 46 move(s) completed (1 accepted (2.1739 %)). Current N = 1. Average N = 0.261
2021-03-25 11:56:23,051 - INFO: 47 move(s) completed (1 accepted (2.1277 %)). Current N = 1. Average N = 0.277
2021-03-25 11:56:48,306 - INFO: 48 move(s) completed (1 accepted (2.0833 %)). Current N = 1. Average N = 0.292
2021-03-25 11:57:09,342 - INFO: Move rejected due to water leaving the GCMC sphere
2021-03-25 11:57:12,871 - INFO: 49 move(s) completed (1 accepted (2.0408 %)). Current N = 1. Average N = 0.306
2021-03-25 11:57:38,225 - INFO: 50 move(s) completed (1 accepted (2.0000 %)). Current N = 1. Average N = 0.320
2021-03-25 11:57:58,988 - INFO: Move rejected due to water leaving the GCMC sphere
2021-03-25 11:58:02,575 - INFO: 51 move(s) completed (1 accepted (1.9608 %)). Current N = 1. Average N = 0.333
2021-03-25 11:58:27,290 - INFO: 52 move(s) completed (1 accepted (1.9231 %)). Current N = 1. Average N = 0.346
2021-03-25 11:58:48,400 - INFO: Move rejected due to water leaving the GCMC sphere
2021-03-25 11:58:52,069 - INFO: 53 move(s) completed (1 accepted (1.8868 %)). Current N = 1. Average N = 0.358
2021-03-25 11:59:16,824 - INFO: 54 move(s) completed (1 accepted (1.8519 %)). Current N = 1. Average N = 0.370
2021-03-25 11:59:37,756 - INFO: Move rejected due to water leaving the GCMC sphere
2021-03-25 11:59:41,434 - INFO: 55 move(s) completed (1 accepted (1.8182 %)). Current N = 1. Average N = 0.382
2021-03-25 12:00:06,233 - INFO: 56 move(s) completed (1 accepted (1.7857 %)). Current N = 1. Average N = 0.393
2021-03-25 12:00:30,947 - INFO: 57 move(s) completed (1 accepted (1.7544 %)). Current N = 1. Average N = 0.404
2021-03-25 12:00:52,096 - INFO: Move rejected due to water leaving the GCMC sphere
2021-03-25 12:00:55,716 - INFO: 58 move(s) completed (1 accepted (1.7241 %)). Current N = 1. Average N = 0.414
2021-03-25 12:01:17,609 - INFO: Move rejected due to water leaving the GCMC sphere
2021-03-25 12:01:21,222 - INFO: 59 move(s) completed (1 accepted (1.6949 %)). Current N = 1. Average N = 0.424
2021-03-25 12:01:46,670 - INFO: 60 move(s) completed (1 accepted (1.6667 %)). Current N = 1. Average N = 0.433
2021-03-25 12:02:08,569 - INFO: Move rejected due to water leaving the GCMC sphere
2021-03-25 12:02:12,118 - INFO: 61 move(s) completed (1 accepted (1.6393 %)). Current N = 1. Average N = 0.443
2021-03-25 12:02:33,252 - INFO: Move rejected due to water leaving the GCMC sphere
2021-03-25 12:02:36,877 - INFO: 62 move(s) completed (1 accepted (1.6129 %)). Current N = 1. Average N = 0.452
2021-03-25 12:03:01,714 - INFO: 63 move(s) completed (1 accepted (1.5873 %)). Current N = 1. Average N = 0.460
2021-03-25 12:03:22,743 - INFO: Move rejected due to water leaving the GCMC sphere
2021-03-25 12:03:26,421 - INFO: 64 move(s) completed (1 accepted (1.5625 %)). Current N = 1. Average N = 0.469
2021-03-25 12:03:47,690 - INFO: Move rejected due to water leaving the GCMC sphere
2021-03-25 12:03:51,381 - INFO: 65 move(s) completed (1 accepted (1.5385 %)). Current N = 1. Average N = 0.477
2021-03-25 12:04:16,665 - INFO: 66 move(s) completed (1 accepted (1.5152 %)). Current N = 1. Average N = 0.485
2021-03-25 12:04:41,930 - INFO: 67 move(s) completed (1 accepted (1.4925 %)). Current N = 1. Average N = 0.492
2021-03-25 12:05:07,360 - INFO: 68 move(s) completed (1 accepted (1.4706 %)). Current N = 1. Average N = 0.500
2021-03-25 12:05:32,089 - INFO: 69 move(s) completed (1 accepted (1.4493 %)). Current N = 1. Average N = 0.507
2021-03-25 12:05:53,939 - INFO: Move rejected due to water leaving the GCMC sphere
2021-03-25 12:05:57,579 - INFO: 70 move(s) completed (1 accepted (1.4286 %)). Current N = 1. Average N = 0.514
2021-03-25 12:06:23,004 - INFO: 71 move(s) completed (1 accepted (1.4085 %)). Current N = 1. Average N = 0.521
2021-03-25 12:06:44,079 - INFO: Move rejected due to water leaving the GCMC sphere
2021-03-25 12:06:47,728 - INFO: 72 move(s) completed (1 accepted (1.3889 %)). Current N = 1. Average N = 0.528
2021-03-25 12:07:08,850 - INFO: Move rejected due to water leaving the GCMC sphere
2021-03-25 12:07:12,286 - INFO: 73 move(s) completed (1 accepted (1.3699 %)). Current N = 1. Average N = 0.534
2021-03-25 12:07:37,069 - INFO: 74 move(s) completed (1 accepted (1.3514 %)). Current N = 1. Average N = 0.540
2021-03-25 12:07:58,468 - INFO: Move rejected due to water leaving the GCMC sphere
2021-03-25 12:08:02,141 - INFO: 75 move(s) completed (1 accepted (1.3333 %)). Current N = 1. Average N = 0.547
2021-03-25 12:08:27,174 - INFO: 76 move(s) completed (1 accepted (1.3158 %)). Current N = 1. Average N = 0.553
2021-03-25 12:08:48,854 - INFO: Move rejected due to water leaving the GCMC sphere
2021-03-25 12:08:52,540 - INFO: 77 move(s) completed (1 accepted (1.2987 %)). Current N = 1. Average N = 0.558
2021-03-25 12:09:17,768 - INFO: 78 move(s) completed (1 accepted (1.2821 %)). Current N = 1. Average N = 0.564
2021-03-25 12:09:43,297 - INFO: 79 move(s) completed (1 accepted (1.2658 %)). Current N = 1. Average N = 0.570
2021-03-25 12:10:08,826 - INFO: 80 move(s) completed (1 accepted (1.2500 %)). Current N = 1. Average N = 0.575
2021-03-25 12:10:34,361 - INFO: 81 move(s) completed (1 accepted (1.2346 %)). Current N = 1. Average N = 0.580
2021-03-25 12:10:56,308 - INFO: Move rejected due to water leaving the GCMC sphere
2021-03-25 12:10:59,829 - INFO: 82 move(s) completed (1 accepted (1.2195 %)). Current N = 1. Average N = 0.585
2021-03-25 12:11:20,906 - INFO: Move rejected due to water leaving the GCMC sphere
2021-03-25 12:11:24,461 - INFO: 83 move(s) completed (1 accepted (1.2048 %)). Current N = 1. Average N = 0.590
2021-03-25 12:11:48,925 - INFO: 84 move(s) completed (1 accepted (1.1905 %)). Current N = 1. Average N = 0.595
2021-03-25 12:12:09,926 - INFO: Move rejected due to water leaving the GCMC sphere
2021-03-25 12:12:13,611 - INFO: 85 move(s) completed (1 accepted (1.1765 %)). Current N = 1. Average N = 0.600
2021-03-25 12:12:35,036 - INFO: Move rejected due to water leaving the GCMC sphere
2021-03-25 12:12:38,678 - INFO: 86 move(s) completed (1 accepted (1.1628 %)). Current N = 1. Average N = 0.605
2021-03-25 12:12:59,915 - INFO: Move rejected due to water leaving the GCMC sphere
2021-03-25 12:13:03,592 - INFO: 87 move(s) completed (1 accepted (1.1494 %)). Current N = 1. Average N = 0.609
2021-03-25 12:13:28,809 - INFO: 88 move(s) completed (1 accepted (1.1364 %)). Current N = 1. Average N = 0.614
2021-03-25 12:13:50,402 - INFO: Move rejected due to water leaving the GCMC sphere
2021-03-25 12:13:54,158 - INFO: 89 move(s) completed (1 accepted (1.1236 %)). Current N = 1. Average N = 0.618
2021-03-25 12:14:15,436 - INFO: Move rejected due to water leaving the GCMC sphere
2021-03-25 12:14:19,113 - INFO: 90 move(s) completed (1 accepted (1.1111 %)). Current N = 1. Average N = 0.622
2021-03-25 12:14:44,572 - INFO: 91 move(s) completed (1 accepted (1.0989 %)). Current N = 1. Average N = 0.626
2021-03-25 12:15:06,540 - INFO: Move rejected due to water leaving the GCMC sphere
2021-03-25 12:15:10,209 - INFO: 92 move(s) completed (1 accepted (1.0870 %)). Current N = 1. Average N = 0.630
2021-03-25 12:15:35,369 - INFO: 93 move(s) completed (1 accepted (1.0753 %)). Current N = 1. Average N = 0.634
2021-03-25 12:15:56,245 - INFO: Move rejected due to water leaving the GCMC sphere
2021-03-25 12:15:59,699 - INFO: 94 move(s) completed (1 accepted (1.0638 %)). Current N = 1. Average N = 0.638
2021-03-25 12:16:24,282 - INFO: 95 move(s) completed (1 accepted (1.0526 %)). Current N = 1. Average N = 0.642
2021-03-25 12:16:49,377 - INFO: 96 move(s) completed (1 accepted (1.0417 %)). Current N = 1. Average N = 0.646
2021-03-25 12:17:10,777 - INFO: Move rejected due to water leaving the GCMC sphere
2021-03-25 12:17:14,406 - INFO: 97 move(s) completed (1 accepted (1.0309 %)). Current N = 1. Average N = 0.649
2021-03-25 12:17:39,265 - INFO: 98 move(s) completed (1 accepted (1.0204 %)). Current N = 1. Average N = 0.653
2021-03-25 12:18:04,149 - INFO: 99 move(s) completed (1 accepted (1.0101 %)). Current N = 1. Average N = 0.657
2021-03-25 12:18:25,976 - INFO: Move rejected due to water leaving the GCMC sphere
2021-03-25 12:18:29,675 - INFO: 100 move(s) completed (1 accepted (1.0000 %)). Current N = 1. Average N = 0.660
2021-03-25 12:18:55,211 - INFO: 101 move(s) completed (1 accepted (0.9901 %)). Current N = 1. Average N = 0.663
2021-03-25 12:19:19,821 - INFO: 102 move(s) completed (1 accepted (0.9804 %)). Current N = 1. Average N = 0.667
2021-03-25 12:19:44,380 - INFO: 103 move(s) completed (1 accepted (0.9709 %)). Current N = 1. Average N = 0.670
2021-03-25 12:20:05,422 - INFO: Move rejected due to water leaving the GCMC sphere
2021-03-25 12:20:08,966 - INFO: 104 move(s) completed (1 accepted (0.9615 %)). Current N = 1. Average N = 0.673
2021-03-25 12:20:29,968 - INFO: Move rejected due to water leaving the GCMC sphere
2021-03-25 12:20:33,542 - INFO: 105 move(s) completed (1 accepted (0.9524 %)). Current N = 1. Average N = 0.676
2021-03-25 12:20:58,238 - INFO: 106 move(s) completed (1 accepted (0.9434 %)). Current N = 1. Average N = 0.679
2021-03-25 12:21:22,848 - INFO: 107 move(s) completed (1 accepted (0.9346 %)). Current N = 1. Average N = 0.682
2021-03-25 12:21:48,044 - INFO: 108 move(s) completed (1 accepted (0.9259 %)). Current N = 1. Average N = 0.685
2021-03-25 12:22:09,619 - INFO: Move rejected due to water leaving the GCMC sphere
2021-03-25 12:22:13,370 - INFO: 109 move(s) completed (1 accepted (0.9174 %)). Current N = 1. Average N = 0.688
2021-03-25 12:22:38,511 - INFO: 110 move(s) completed (1 accepted (0.9091 %)). Current N = 1. Average N = 0.691
2021-03-25 12:23:03,371 - INFO: 111 move(s) completed (1 accepted (0.9009 %)). Current N = 1. Average N = 0.694
2021-03-25 12:23:28,029 - INFO: 112 move(s) completed (1 accepted (0.8929 %)). Current N = 1. Average N = 0.696
2021-03-25 12:23:52,533 - INFO: 113 move(s) completed (1 accepted (0.8850 %)). Current N = 1. Average N = 0.699
2021-03-25 12:24:17,351 - INFO: 114 move(s) completed (1 accepted (0.8772 %)). Current N = 1. Average N = 0.702
2021-03-25 12:24:38,607 - INFO: Move rejected due to water leaving the GCMC sphere
2021-03-25 12:24:42,261 - INFO: 115 move(s) completed (1 accepted (0.8696 %)). Current N = 1. Average N = 0.704
2021-03-25 12:25:03,499 - INFO: Move rejected due to water leaving the GCMC sphere
2021-03-25 12:25:07,025 - INFO: 116 move(s) completed (1 accepted (0.8621 %)). Current N = 1. Average N = 0.707
2021-03-25 12:25:28,232 - INFO: Move rejected due to water leaving the GCMC sphere
2021-03-25 12:25:31,751 - INFO: 117 move(s) completed (1 accepted (0.8547 %)). Current N = 1. Average N = 0.709
2021-03-25 12:25:56,903 - INFO: 118 move(s) completed (1 accepted (0.8475 %)). Current N = 1. Average N = 0.712
2021-03-25 12:26:22,140 - INFO: 119 move(s) completed (1 accepted (0.8403 %)). Current N = 1. Average N = 0.714
2021-03-25 12:26:43,759 - INFO: Move rejected due to water leaving the GCMC sphere
2021-03-25 12:26:47,503 - INFO: 120 move(s) completed (1 accepted (0.8333 %)). Current N = 1. Average N = 0.717
2021-03-25 12:27:12,944 - INFO: 121 move(s) completed (1 accepted (0.8264 %)). Current N = 1. Average N = 0.719
2021-03-25 12:27:38,553 - INFO: 122 move(s) completed (1 accepted (0.8197 %)). Current N = 1. Average N = 0.721
2021-03-25 12:28:00,375 - INFO: Move rejected due to water leaving the GCMC sphere
2021-03-25 12:28:04,073 - INFO: 123 move(s) completed (1 accepted (0.8130 %)). Current N = 1. Average N = 0.724
2021-03-25 12:28:28,712 - INFO: 124 move(s) completed (1 accepted (0.8065 %)). Current N = 1. Average N = 0.726
2021-03-25 12:28:49,901 - INFO: Move rejected due to water leaving the GCMC sphere
2021-03-25 12:28:53,471 - INFO: 125 move(s) completed (1 accepted (0.8000 %)). Current N = 1. Average N = 0.728
2021-03-25 12:29:18,223 - INFO: 126 move(s) completed (1 accepted (0.7937 %)). Current N = 1. Average N = 0.730
2021-03-25 12:29:39,373 - INFO: Move rejected due to water leaving the GCMC sphere
2021-03-25 12:29:42,925 - INFO: 127 move(s) completed (1 accepted (0.7874 %)). Current N = 1. Average N = 0.732
2021-03-25 12:30:07,730 - INFO: 128 move(s) completed (1 accepted (0.7812 %)). Current N = 1. Average N = 0.734
2021-03-25 12:30:29,207 - INFO: Move rejected due to water leaving the GCMC sphere
2021-03-25 12:30:32,793 - INFO: 129 move(s) completed (1 accepted (0.7752 %)). Current N = 1. Average N = 0.736
2021-03-25 12:30:58,168 - INFO: 130 move(s) completed (1 accepted (0.7692 %)). Current N = 1. Average N = 0.739
2021-03-25 12:31:19,852 - INFO: Move rejected due to water leaving the GCMC sphere
2021-03-25 12:31:23,547 - INFO: 131 move(s) completed (1 accepted (0.7634 %)). Current N = 1. Average N = 0.741
2021-03-25 12:31:45,274 - INFO: Move rejected due to water leaving the GCMC sphere
2021-03-25 12:31:48,956 - INFO: 132 move(s) completed (1 accepted (0.7576 %)). Current N = 1. Average N = 0.742
2021-03-25 12:32:10,821 - INFO: Move rejected due to water leaving the GCMC sphere
2021-03-25 12:32:14,500 - INFO: 133 move(s) completed (1 accepted (0.7519 %)). Current N = 1. Average N = 0.744
2021-03-25 12:32:36,362 - INFO: Move rejected due to water leaving the GCMC sphere
2021-03-25 12:32:40,056 - INFO: 134 move(s) completed (1 accepted (0.7463 %)). Current N = 1. Average N = 0.746
2021-03-25 12:33:04,715 - INFO: 135 move(s) completed (1 accepted (0.7407 %)). Current N = 1. Average N = 0.748
2021-03-25 12:33:29,322 - INFO: 136 move(s) completed (1 accepted (0.7353 %)). Current N = 1. Average N = 0.750
2021-03-25 12:33:50,374 - INFO: Move rejected due to water leaving the GCMC sphere
2021-03-25 12:33:54,067 - INFO: 137 move(s) completed (1 accepted (0.7299 %)). Current N = 1. Average N = 0.752
2021-03-25 12:34:19,132 - INFO: 138 move(s) completed (1 accepted (0.7246 %)). Current N = 1. Average N = 0.754
2021-03-25 12:34:40,441 - INFO: Move rejected due to water leaving the GCMC sphere
2021-03-25 12:34:44,061 - INFO: 139 move(s) completed (1 accepted (0.7194 %)). Current N = 1. Average N = 0.755
2021-03-25 12:35:09,391 - INFO: 140 move(s) completed (1 accepted (0.7143 %)). Current N = 1. Average N = 0.757
2021-03-25 12:35:34,167 - INFO: 141 move(s) completed (1 accepted (0.7092 %)). Current N = 1. Average N = 0.759
2021-03-25 12:35:59,425 - INFO: 142 move(s) completed (1 accepted (0.7042 %)). Current N = 1. Average N = 0.761
2021-03-25 12:36:24,246 - INFO: 143 move(s) completed (1 accepted (0.6993 %)). Current N = 1. Average N = 0.762
2021-03-25 12:36:46,097 - INFO: Move rejected due to water leaving the GCMC sphere
2021-03-25 12:36:49,788 - INFO: 144 move(s) completed (1 accepted (0.6944 %)). Current N = 1. Average N = 0.764
2021-03-25 12:37:15,373 - INFO: 145 move(s) completed (1 accepted (0.6897 %)). Current N = 1. Average N = 0.765
2021-03-25 12:37:36,502 - INFO: Move rejected due to water leaving the GCMC sphere
2021-03-25 12:37:40,079 - INFO: 146 move(s) completed (1 accepted (0.6849 %)). Current N = 1. Average N = 0.767
2021-03-25 12:38:01,340 - INFO: Move rejected due to water leaving the GCMC sphere
2021-03-25 12:38:04,918 - INFO: 147 move(s) completed (1 accepted (0.6803 %)). Current N = 1. Average N = 0.769
2021-03-25 12:38:26,159 - INFO: Move rejected due to water leaving the GCMC sphere
2021-03-25 12:38:29,598 - INFO: 148 move(s) completed (1 accepted (0.6757 %)). Current N = 1. Average N = 0.770
2021-03-25 12:38:50,850 - INFO: Move rejected due to water leaving the GCMC sphere
2021-03-25 12:38:54,194 - INFO: 149 move(s) completed (1 accepted (0.6711 %)). Current N = 1. Average N = 0.772
2021-03-25 12:39:15,403 - INFO: Move rejected due to water leaving the GCMC sphere
2021-03-25 12:39:19,033 - INFO: 150 move(s) completed (1 accepted (0.6667 %)). Current N = 1. Average N = 0.773
2021-03-25 12:39:40,491 - INFO: Move rejected due to water leaving the GCMC sphere
2021-03-25 12:39:44,112 - INFO: 151 move(s) completed (1 accepted (0.6623 %)). Current N = 1. Average N = 0.775
2021-03-25 12:40:09,417 - INFO: 152 move(s) completed (1 accepted (0.6579 %)). Current N = 1. Average N = 0.776
2021-03-25 12:40:31,077 - INFO: Move rejected due to water leaving the GCMC sphere
2021-03-25 12:40:34,769 - INFO: 153 move(s) completed (1 accepted (0.6536 %)). Current N = 1. Average N = 0.778
2021-03-25 12:40:56,568 - INFO: Move rejected due to water leaving the GCMC sphere
2021-03-25 12:41:00,263 - INFO: 154 move(s) completed (1 accepted (0.6494 %)). Current N = 1. Average N = 0.779
2021-03-25 12:41:22,097 - INFO: Move rejected due to water leaving the GCMC sphere
2021-03-25 12:41:25,842 - INFO: 155 move(s) completed (1 accepted (0.6452 %)). Current N = 1. Average N = 0.781
2021-03-25 12:41:47,890 - INFO: Move rejected due to water leaving the GCMC sphere
2021-03-25 12:41:51,582 - INFO: 156 move(s) completed (1 accepted (0.6410 %)). Current N = 1. Average N = 0.782
2021-03-25 12:42:16,262 - INFO: 157 move(s) completed (1 accepted (0.6369 %)). Current N = 1. Average N = 0.783
2021-03-25 12:42:40,839 - INFO: 158 move(s) completed (1 accepted (0.6329 %)). Current N = 1. Average N = 0.785
2021-03-25 12:43:05,938 - INFO: 159 move(s) completed (1 accepted (0.6289 %)). Current N = 1. Average N = 0.786
2021-03-25 12:43:30,827 - INFO: 160 move(s) completed (1 accepted (0.6250 %)). Current N = 1. Average N = 0.787
2021-03-25 12:43:55,562 - INFO: 161 move(s) completed (1 accepted (0.6211 %)). Current N = 1. Average N = 0.789
2021-03-25 12:44:17,239 - INFO: Move rejected due to water leaving the GCMC sphere
2021-03-25 12:44:20,928 - INFO: 162 move(s) completed (1 accepted (0.6173 %)). Current N = 1. Average N = 0.790
2021-03-25 12:44:46,278 - INFO: 163 move(s) completed (1 accepted (0.6135 %)). Current N = 1. Average N = 0.791
2021-03-25 12:45:07,947 - INFO: Move rejected due to water leaving the GCMC sphere
2021-03-25 12:45:11,642 - INFO: 164 move(s) completed (1 accepted (0.6098 %)). Current N = 1. Average N = 0.793
2021-03-25 12:45:33,465 - INFO: Move rejected due to water leaving the GCMC sphere
2021-03-25 12:45:37,182 - INFO: 165 move(s) completed (1 accepted (0.6061 %)). Current N = 1. Average N = 0.794
2021-03-25 12:45:58,301 - INFO: Move rejected due to water leaving the GCMC sphere
2021-03-25 12:46:01,985 - INFO: 166 move(s) completed (1 accepted (0.6024 %)). Current N = 1. Average N = 0.795
2021-03-25 12:46:27,622 - INFO: 167 move(s) completed (1 accepted (0.5988 %)). Current N = 1. Average N = 0.796
2021-03-25 12:46:48,676 - INFO: Move rejected due to water leaving the GCMC sphere
2021-03-25 12:46:52,287 - INFO: 168 move(s) completed (1 accepted (0.5952 %)). Current N = 1. Average N = 0.798
2021-03-25 12:47:17,477 - INFO: 169 move(s) completed (1 accepted (0.5917 %)). Current N = 1. Average N = 0.799
2021-03-25 12:47:38,904 - INFO: Move rejected due to water leaving the GCMC sphere
2021-03-25 12:47:42,522 - INFO: 170 move(s) completed (1 accepted (0.5882 %)). Current N = 1. Average N = 0.800
2021-03-25 12:48:03,852 - INFO: Move rejected due to water leaving the GCMC sphere
2021-03-25 12:48:07,333 - INFO: 171 move(s) completed (1 accepted (0.5848 %)). Current N = 1. Average N = 0.801
2021-03-25 12:48:28,963 - INFO: Move rejected due to water leaving the GCMC sphere
2021-03-25 12:48:32,490 - INFO: 172 move(s) completed (1 accepted (0.5814 %)). Current N = 1. Average N = 0.802
2021-03-25 12:48:57,801 - INFO: 173 move(s) completed (1 accepted (0.5780 %)). Current N = 1. Average N = 0.803
2021-03-25 12:49:22,510 - INFO: 174 move(s) completed (1 accepted (0.5747 %)). Current N = 1. Average N = 0.805
2021-03-25 12:49:44,237 - INFO: Move rejected due to water leaving the GCMC sphere
2021-03-25 12:49:47,933 - INFO: 175 move(s) completed (1 accepted (0.5714 %)). Current N = 1. Average N = 0.806
2021-03-25 12:50:09,843 - INFO: Move rejected due to water leaving the GCMC sphere
2021-03-25 12:50:13,520 - INFO: 176 move(s) completed (1 accepted (0.5682 %)). Current N = 1. Average N = 0.807
2021-03-25 12:50:34,580 - INFO: Move rejected due to water leaving the GCMC sphere
2021-03-25 12:50:38,269 - INFO: 177 move(s) completed (1 accepted (0.5650 %)). Current N = 1. Average N = 0.808
2021-03-25 12:51:02,988 - INFO: 178 move(s) completed (1 accepted (0.5618 %)). Current N = 1. Average N = 0.809
2021-03-25 12:51:27,593 - INFO: 179 move(s) completed (1 accepted (0.5587 %)). Current N = 1. Average N = 0.810
2021-03-25 12:51:48,826 - INFO: Move rejected due to water leaving the GCMC sphere
2021-03-25 12:51:52,373 - INFO: 180 move(s) completed (1 accepted (0.5556 %)). Current N = 1. Average N = 0.811
2021-03-25 12:52:13,846 - INFO: Move rejected due to water leaving the GCMC sphere
2021-03-25 12:52:17,416 - INFO: 181 move(s) completed (1 accepted (0.5525 %)). Current N = 1. Average N = 0.812
2021-03-25 12:52:42,427 - INFO: 182 move(s) completed (1 accepted (0.5495 %)). Current N = 1. Average N = 0.813
2021-03-25 12:53:03,910 - INFO: Move rejected due to water leaving the GCMC sphere
2021-03-25 12:53:07,689 - INFO: 183 move(s) completed (1 accepted (0.5464 %)). Current N = 1. Average N = 0.814
2021-03-25 12:53:32,971 - INFO: 184 move(s) completed (1 accepted (0.5435 %)). Current N = 1. Average N = 0.815
2021-03-25 12:53:57,713 - INFO: 185 move(s) completed (1 accepted (0.5405 %)). Current N = 1. Average N = 0.816
2021-03-25 12:54:18,720 - INFO: Move rejected due to water leaving the GCMC sphere
2021-03-25 12:54:22,417 - INFO: 186 move(s) completed (1 accepted (0.5376 %)). Current N = 1. Average N = 0.817
2021-03-25 12:54:47,236 - INFO: 187 move(s) completed (1 accepted (0.5348 %)). Current N = 1. Average N = 0.818
2021-03-25 12:55:09,201 - INFO: Move rejected due to water leaving the GCMC sphere
2021-03-25 12:55:12,889 - INFO: 188 move(s) completed (1 accepted (0.5319 %)). Current N = 1. Average N = 0.819
2021-03-25 12:55:34,091 - INFO: Move rejected due to water leaving the GCMC sphere
2021-03-25 12:55:37,787 - INFO: 189 move(s) completed (1 accepted (0.5291 %)). Current N = 1. Average N = 0.820
2021-03-25 12:56:02,566 - INFO: 190 move(s) completed (1 accepted (0.5263 %)). Current N = 1. Average N = 0.821
2021-03-25 12:56:27,475 - INFO: 191 move(s) completed (1 accepted (0.5236 %)). Current N = 1. Average N = 0.822
2021-03-25 12:56:48,544 - INFO: Move rejected due to water leaving the GCMC sphere
2021-03-25 12:56:52,182 - INFO: 192 move(s) completed (1 accepted (0.5208 %)). Current N = 1. Average N = 0.823
2021-03-25 12:57:17,460 - INFO: 193 move(s) completed (1 accepted (0.5181 %)). Current N = 1. Average N = 0.824
2021-03-25 12:57:39,227 - INFO: Move rejected due to water leaving the GCMC sphere
2021-03-25 12:57:42,874 - INFO: 194 move(s) completed (1 accepted (0.5155 %)). Current N = 1. Average N = 0.825
2021-03-25 12:58:04,540 - INFO: Move rejected due to water leaving the GCMC sphere
2021-03-25 12:58:08,216 - INFO: 195 move(s) completed (1 accepted (0.5128 %)). Current N = 1. Average N = 0.826
2021-03-25 12:58:29,988 - INFO: Move rejected due to water leaving the GCMC sphere
2021-03-25 12:58:33,686 - INFO: 196 move(s) completed (1 accepted (0.5102 %)). Current N = 1. Average N = 0.827
2021-03-25 12:58:59,066 - INFO: 197 move(s) completed (1 accepted (0.5076 %)). Current N = 1. Average N = 0.827
2021-03-25 12:59:24,744 - INFO: 198 move(s) completed (1 accepted (0.5051 %)). Current N = 1. Average N = 0.828
2021-03-25 12:59:45,878 - INFO: Move rejected due to water leaving the GCMC sphere
2021-03-25 12:59:49,576 - INFO: 199 move(s) completed (1 accepted (0.5025 %)). Current N = 1. Average N = 0.829
2021-03-25 13:00:10,883 - INFO: Move rejected due to water leaving the GCMC sphere
2021-03-25 13:00:14,579 - INFO: 200 move(s) completed (1 accepted (0.5000 %)). Current N = 1. Average N = 0.830
2021-03-25 13:00:35,893 - INFO: Move rejected due to water leaving the GCMC sphere
2021-03-25 13:00:39,529 - INFO: 201 move(s) completed (1 accepted (0.4975 %)). Current N = 1. Average N = 0.831
2021-03-25 13:01:00,694 - INFO: Move rejected due to water leaving the GCMC sphere
2021-03-25 13:01:04,278 - INFO: 202 move(s) completed (1 accepted (0.4950 %)). Current N = 1. Average N = 0.832
2021-03-25 13:01:29,415 - INFO: 203 move(s) completed (1 accepted (0.4926 %)). Current N = 1. Average N = 0.833
2021-03-25 13:01:54,122 - INFO: 204 move(s) completed (1 accepted (0.4902 %)). Current N = 1. Average N = 0.833
2021-03-25 13:02:15,668 - INFO: Move rejected due to water leaving the GCMC sphere
2021-03-25 13:02:19,225 - INFO: 205 move(s) completed (1 accepted (0.4878 %)). Current N = 1. Average N = 0.834
2021-03-25 13:02:44,749 - INFO: 206 move(s) completed (1 accepted (0.4854 %)). Current N = 1. Average N = 0.835
2021-03-25 13:03:06,645 - INFO: Move rejected due to water leaving the GCMC sphere
2021-03-25 13:03:10,333 - INFO: 207 move(s) completed (1 accepted (0.4831 %)). Current N = 1. Average N = 0.836
2021-03-25 13:03:32,221 - INFO: Move rejected due to water leaving the GCMC sphere
2021-03-25 13:03:35,919 - INFO: 208 move(s) completed (1 accepted (0.4808 %)). Current N = 1. Average N = 0.837
2021-03-25 13:03:57,851 - INFO: Move rejected due to water leaving the GCMC sphere
2021-03-25 13:04:01,542 - INFO: 209 move(s) completed (1 accepted (0.4785 %)). Current N = 1. Average N = 0.837
2021-03-25 13:04:26,276 - INFO: 210 move(s) completed (1 accepted (0.4762 %)). Current N = 1. Average N = 0.838
2021-03-25 13:04:51,180 - INFO: 211 move(s) completed (1 accepted (0.4739 %)). Current N = 1. Average N = 0.839
2021-03-25 13:05:12,552 - INFO: Move rejected due to water leaving the GCMC sphere
2021-03-25 13:05:16,188 - INFO: 212 move(s) completed (1 accepted (0.4717 %)). Current N = 1. Average N = 0.840
2021-03-25 13:05:37,557 - INFO: Move rejected due to water leaving the GCMC sphere
2021-03-25 13:05:41,057 - INFO: 213 move(s) completed (1 accepted (0.4695 %)). Current N = 1. Average N = 0.840
2021-03-25 13:06:06,217 - INFO: 214 move(s) completed (1 accepted (0.4673 %)). Current N = 1. Average N = 0.841
2021-03-25 13:06:27,773 - INFO: Move rejected due to water leaving the GCMC sphere
2021-03-25 13:06:31,296 - INFO: 215 move(s) completed (1 accepted (0.4651 %)). Current N = 1. Average N = 0.842
2021-03-25 13:06:57,012 - INFO: 216 move(s) completed (1 accepted (0.4630 %)). Current N = 1. Average N = 0.843
2021-03-25 13:07:22,286 - INFO: 217 move(s) completed (1 accepted (0.4608 %)). Current N = 1. Average N = 0.843
2021-03-25 13:07:44,107 - INFO: Move rejected due to water leaving the GCMC sphere
2021-03-25 13:07:47,641 - INFO: 218 move(s) completed (1 accepted (0.4587 %)). Current N = 1. Average N = 0.844
2021-03-25 13:08:08,576 - INFO: Move rejected due to water leaving the GCMC sphere
2021-03-25 13:08:12,258 - INFO: 219 move(s) completed (1 accepted (0.4566 %)). Current N = 1. Average N = 0.845
2021-03-25 13:08:37,074 - INFO: 220 move(s) completed (1 accepted (0.4545 %)). Current N = 1. Average N = 0.846
2021-03-25 13:08:58,106 - INFO: Move rejected due to water leaving the GCMC sphere
2021-03-25 13:09:01,840 - INFO: 221 move(s) completed (1 accepted (0.4525 %)). Current N = 1. Average N = 0.846
2021-03-25 13:09:23,003 - INFO: Move rejected due to water leaving the GCMC sphere
2021-03-25 13:09:26,698 - INFO: 222 move(s) completed (1 accepted (0.4505 %)). Current N = 1. Average N = 0.847
2021-03-25 13:09:51,376 - INFO: 223 move(s) completed (1 accepted (0.4484 %)). Current N = 1. Average N = 0.848
2021-03-25 13:10:12,802 - INFO: Move rejected due to water leaving the GCMC sphere
2021-03-25 13:10:16,294 - INFO: 224 move(s) completed (1 accepted (0.4464 %)). Current N = 1. Average N = 0.848
2021-03-25 13:10:41,591 - INFO: 225 move(s) completed (1 accepted (0.4444 %)). Current N = 1. Average N = 0.849
2021-03-25 13:11:03,246 - INFO: Move rejected due to water leaving the GCMC sphere
2021-03-25 13:11:06,899 - INFO: 226 move(s) completed (1 accepted (0.4425 %)). Current N = 1. Average N = 0.850
2021-03-25 13:11:28,498 - INFO: Move rejected due to water leaving the GCMC sphere
2021-03-25 13:11:32,170 - INFO: 227 move(s) completed (1 accepted (0.4405 %)). Current N = 1. Average N = 0.850
2021-03-25 13:11:54,097 - INFO: Move rejected due to water leaving the GCMC sphere
2021-03-25 13:11:57,771 - INFO: 228 move(s) completed (1 accepted (0.4386 %)). Current N = 1. Average N = 0.851
2021-03-25 13:12:19,550 - INFO: Move rejected due to water leaving the GCMC sphere
2021-03-25 13:12:23,127 - INFO: 229 move(s) completed (1 accepted (0.4367 %)). Current N = 1. Average N = 0.852
2021-03-25 13:12:48,606 - INFO: 230 move(s) completed (1 accepted (0.4348 %)). Current N = 1. Average N = 0.852
2021-03-25 13:13:13,413 - INFO: 231 move(s) completed (1 accepted (0.4329 %)). Current N = 1. Average N = 0.853
2021-03-25 13:13:38,305 - INFO: 232 move(s) completed (1 accepted (0.4310 %)). Current N = 1. Average N = 0.853
2021-03-25 13:13:59,644 - INFO: Move rejected due to water leaving the GCMC sphere
2021-03-25 13:14:03,338 - INFO: 233 move(s) completed (1 accepted (0.4292 %)). Current N = 1. Average N = 0.854
2021-03-25 13:14:28,377 - INFO: 234 move(s) completed (1 accepted (0.4274 %)). Current N = 1. Average N = 0.855
2021-03-25 13:14:49,914 - INFO: Move rejected due to water leaving the GCMC sphere
2021-03-25 13:14:53,559 - INFO: 235 move(s) completed (1 accepted (0.4255 %)). Current N = 1. Average N = 0.855
2021-03-25 13:15:18,324 - INFO: 236 move(s) completed (1 accepted (0.4237 %)). Current N = 1. Average N = 0.856
2021-03-25 13:15:39,470 - INFO: Move rejected due to water leaving the GCMC sphere
2021-03-25 13:15:43,104 - INFO: 237 move(s) completed (1 accepted (0.4219 %)). Current N = 1. Average N = 0.857
2021-03-25 13:16:04,256 - INFO: Move rejected due to water leaving the GCMC sphere
2021-03-25 13:16:07,758 - INFO: 238 move(s) completed (1 accepted (0.4202 %)). Current N = 1. Average N = 0.857
2021-03-25 13:16:28,978 - INFO: Move rejected due to water leaving the GCMC sphere
2021-03-25 13:16:32,452 - INFO: 239 move(s) completed (1 accepted (0.4184 %)). Current N = 1. Average N = 0.858
2021-03-25 13:16:57,942 - INFO: 240 move(s) completed (1 accepted (0.4167 %)). Current N = 1. Average N = 0.858
2021-03-25 13:17:19,789 - INFO: Move rejected due to water leaving the GCMC sphere
2021-03-25 13:17:23,489 - INFO: 241 move(s) completed (1 accepted (0.4149 %)). Current N = 1. Average N = 0.859
2021-03-25 13:17:48,179 - INFO: 242 move(s) completed (1 accepted (0.4132 %)). Current N = 1. Average N = 0.860
2021-03-25 13:18:13,218 - INFO: 243 move(s) completed (1 accepted (0.4115 %)). Current N = 1. Average N = 0.860
2021-03-25 13:18:38,328 - INFO: 244 move(s) completed (1 accepted (0.4098 %)). Current N = 1. Average N = 0.861
2021-03-25 13:19:03,479 - INFO: 245 move(s) completed (1 accepted (0.4082 %)). Current N = 1. Average N = 0.861
2021-03-25 13:19:25,093 - INFO: Move rejected due to water leaving the GCMC sphere
2021-03-25 13:19:28,643 - INFO: 246 move(s) completed (1 accepted (0.4065 %)). Current N = 1. Average N = 0.862
2021-03-25 13:19:53,897 - INFO: 247 move(s) completed (1 accepted (0.4049 %)). Current N = 1. Average N = 0.862
2021-03-25 13:20:19,122 - INFO: 248 move(s) completed (1 accepted (0.4032 %)). Current N = 1. Average N = 0.863
2021-03-25 13:20:44,496 - INFO: 249 move(s) completed (1 accepted (0.4016 %)). Current N = 1. Average N = 0.864
2021-03-25 13:21:06,281 - INFO: Move rejected due to water leaving the GCMC sphere
2021-03-25 13:21:09,817 - INFO: 250 move(s) completed (1 accepted (0.4000 %)). Current N = 1. Average N = 0.864
2021-03-25 13:21:35,348 - INFO: 251 move(s) completed (1 accepted (0.3984 %)). Current N = 1. Average N = 0.865
2021-03-25 13:22:00,139 - INFO: 252 move(s) completed (1 accepted (0.3968 %)). Current N = 1. Average N = 0.865
2021-03-25 13:22:24,774 - INFO: 253 move(s) completed (1 accepted (0.3953 %)). Current N = 1. Average N = 0.866
2021-03-25 13:22:45,886 - INFO: Move rejected due to water leaving the GCMC sphere
2021-03-25 13:22:49,574 - INFO: 254 move(s) completed (1 accepted (0.3937 %)). Current N = 1. Average N = 0.866
2021-03-25 13:23:14,774 - INFO: 255 move(s) completed (1 accepted (0.3922 %)). Current N = 1. Average N = 0.867
2021-03-25 13:23:36,218 - INFO: Move rejected due to water leaving the GCMC sphere
2021-03-25 13:23:39,915 - INFO: 256 move(s) completed (1 accepted (0.3906 %)). Current N = 1. Average N = 0.867
2021-03-25 13:24:01,606 - INFO: Move rejected due to water leaving the GCMC sphere
2021-03-25 13:24:05,305 - INFO: 257 move(s) completed (1 accepted (0.3891 %)). Current N = 1. Average N = 0.868
2021-03-25 13:24:30,645 - INFO: 258 move(s) completed (1 accepted (0.3876 %)). Current N = 1. Average N = 0.868
2021-03-25 13:24:55,053 - INFO: 259 move(s) completed (1 accepted (0.3861 %)). Current N = 1. Average N = 0.869
2021-03-25 13:25:19,622 - INFO: 260 move(s) completed (1 accepted (0.3846 %)). Current N = 1. Average N = 0.869
2021-03-25 13:25:41,587 - INFO: Move rejected due to water leaving the GCMC sphere
2021-03-25 13:25:45,178 - INFO: 261 move(s) completed (1 accepted (0.3831 %)). Current N = 1. Average N = 0.870
2021-03-25 13:26:07,126 - INFO: Move rejected due to water leaving the GCMC sphere
2021-03-25 13:26:10,743 - INFO: 262 move(s) completed (1 accepted (0.3817 %)). Current N = 1. Average N = 0.870
2021-03-25 13:26:31,682 - INFO: Move rejected due to water leaving the GCMC sphere
2021-03-25 13:26:35,357 - INFO: 263 move(s) completed (1 accepted (0.3802 %)). Current N = 1. Average N = 0.871
2021-03-25 13:26:56,506 - INFO: Move rejected due to water leaving the GCMC sphere
2021-03-25 13:27:00,179 - INFO: 264 move(s) completed (1 accepted (0.3788 %)). Current N = 1. Average N = 0.871
2021-03-25 13:27:21,471 - INFO: Move rejected due to water leaving the GCMC sphere
2021-03-25 13:27:25,222 - INFO: 265 move(s) completed (1 accepted (0.3774 %)). Current N = 1. Average N = 0.872
2021-03-25 13:27:50,514 - INFO: 266 move(s) completed (1 accepted (0.3759 %)). Current N = 1. Average N = 0.872
2021-03-25 13:28:15,663 - INFO: 267 move(s) completed (1 accepted (0.3745 %)). Current N = 1. Average N = 0.873
2021-03-25 13:28:40,981 - INFO: 268 move(s) completed (1 accepted (0.3731 %)). Current N = 1. Average N = 0.873
2021-03-25 13:29:02,717 - INFO: Move rejected due to water leaving the GCMC sphere
2021-03-25 13:29:06,228 - INFO: 269 move(s) completed (1 accepted (0.3717 %)). Current N = 1. Average N = 0.874
2021-03-25 13:29:27,984 - INFO: Move rejected due to water leaving the GCMC sphere
2021-03-25 13:29:31,529 - INFO: 270 move(s) completed (1 accepted (0.3704 %)). Current N = 1. Average N = 0.874
2021-03-25 13:29:53,340 - INFO: Move rejected due to water leaving the GCMC sphere
2021-03-25 13:29:56,988 - INFO: 271 move(s) completed (1 accepted (0.3690 %)). Current N = 1. Average N = 0.875
2021-03-25 13:30:22,305 - INFO: 272 move(s) completed (1 accepted (0.3676 %)). Current N = 1. Average N = 0.875
2021-03-25 13:30:46,959 - INFO: 273 move(s) completed (1 accepted (0.3663 %)). Current N = 1. Average N = 0.875
2021-03-25 13:31:08,015 - INFO: Move rejected due to water leaving the GCMC sphere
2021-03-25 13:31:11,704 - INFO: 274 move(s) completed (1 accepted (0.3650 %)). Current N = 1. Average N = 0.876
2021-03-25 13:31:32,966 - INFO: Move rejected due to water leaving the GCMC sphere
2021-03-25 13:31:36,649 - INFO: 275 move(s) completed (1 accepted (0.3636 %)). Current N = 1. Average N = 0.876
2021-03-25 13:31:58,074 - INFO: Move rejected due to water leaving the GCMC sphere
2021-03-25 13:32:01,772 - INFO: 276 move(s) completed (1 accepted (0.3623 %)). Current N = 1. Average N = 0.877
2021-03-25 13:32:26,930 - INFO: 277 move(s) completed (1 accepted (0.3610 %)). Current N = 1. Average N = 0.877
2021-03-25 13:32:52,159 - INFO: 278 move(s) completed (1 accepted (0.3597 %)). Current N = 1. Average N = 0.878
2021-03-25 13:33:17,467 - INFO: 279 move(s) completed (1 accepted (0.3584 %)). Current N = 1. Average N = 0.878
2021-03-25 13:33:42,798 - INFO: 280 move(s) completed (1 accepted (0.3571 %)). Current N = 1. Average N = 0.879
2021-03-25 13:34:07,448 - INFO: 281 move(s) completed (1 accepted (0.3559 %)). Current N = 1. Average N = 0.879
2021-03-25 13:34:32,154 - INFO: 282 move(s) completed (1 accepted (0.3546 %)). Current N = 1. Average N = 0.879
2021-03-25 13:34:57,893 - INFO: 283 move(s) completed (1 accepted (0.3534 %)). Current N = 1. Average N = 0.880
2021-03-25 13:35:22,717 - INFO: 284 move(s) completed (1 accepted (0.3521 %)). Current N = 1. Average N = 0.880
2021-03-25 13:35:43,821 - INFO: Move rejected due to water leaving the GCMC sphere
2021-03-25 13:35:47,502 - INFO: 285 move(s) completed (1 accepted (0.3509 %)). Current N = 1. Average N = 0.881
2021-03-25 13:36:12,485 - INFO: 286 move(s) completed (1 accepted (0.3497 %)). Current N = 1. Average N = 0.881
2021-03-25 13:36:33,933 - INFO: Move rejected due to water leaving the GCMC sphere
2021-03-25 13:36:37,610 - INFO: 287 move(s) completed (1 accepted (0.3484 %)). Current N = 1. Average N = 0.881
2021-03-25 13:36:59,192 - INFO: Move rejected due to water leaving the GCMC sphere
2021-03-25 13:37:02,884 - INFO: 288 move(s) completed (1 accepted (0.3472 %)). Current N = 1. Average N = 0.882
2021-03-25 13:37:28,054 - INFO: 289 move(s) completed (1 accepted (0.3460 %)). Current N = 1. Average N = 0.882
2021-03-25 13:37:49,834 - INFO: Move rejected due to water leaving the GCMC sphere
2021-03-25 13:37:53,470 - INFO: 290 move(s) completed (1 accepted (0.3448 %)). Current N = 1. Average N = 0.883
2021-03-25 13:38:15,251 - INFO: Move rejected due to water leaving the GCMC sphere
2021-03-25 13:38:18,875 - INFO: 291 move(s) completed (1 accepted (0.3436 %)). Current N = 1. Average N = 0.883
2021-03-25 13:38:44,246 - INFO: 292 move(s) completed (1 accepted (0.3425 %)). Current N = 1. Average N = 0.884
2021-03-25 13:39:06,071 - INFO: Move rejected due to water leaving the GCMC sphere
2021-03-25 13:39:09,753 - INFO: 293 move(s) completed (1 accepted (0.3413 %)). Current N = 1. Average N = 0.884
2021-03-25 13:39:35,219 - INFO: 294 move(s) completed (1 accepted (0.3401 %)). Current N = 1. Average N = 0.884
2021-03-25 13:39:56,183 - INFO: Move rejected due to water leaving the GCMC sphere
2021-03-25 13:39:59,747 - INFO: 295 move(s) completed (1 accepted (0.3390 %)). Current N = 1. Average N = 0.885
2021-03-25 13:40:20,978 - INFO: Move rejected due to water leaving the GCMC sphere
2021-03-25 13:40:24,702 - INFO: 296 move(s) completed (1 accepted (0.3378 %)). Current N = 1. Average N = 0.885
2021-03-25 13:40:45,935 - INFO: Move rejected due to water leaving the GCMC sphere
2021-03-25 13:40:49,616 - INFO: 297 move(s) completed (1 accepted (0.3367 %)). Current N = 1. Average N = 0.885
2021-03-25 13:41:11,124 - INFO: Move rejected due to water leaving the GCMC sphere
2021-03-25 13:41:14,801 - INFO: 298 move(s) completed (1 accepted (0.3356 %)). Current N = 1. Average N = 0.886
2021-03-25 13:41:40,004 - INFO: 299 move(s) completed (1 accepted (0.3344 %)). Current N = 1. Average N = 0.886
2021-03-25 13:42:05,430 - INFO: 300 move(s) completed (1 accepted (0.3333 %)). Current N = 1. Average N = 0.887
2021-03-25 13:42:27,094 - INFO: Move rejected due to water leaving the GCMC sphere
2021-03-25 13:42:30,792 - INFO: 301 move(s) completed (1 accepted (0.3322 %)). Current N = 1. Average N = 0.887
