2021-03-25 23:53:06,507 - INFO: kT = 0.5921875708469466 kcal/mol
2021-03-25 23:53:12,040 - INFO: BaseGrandCanonicalMonteCarloSampler object initialised
2021-03-25 23:53:12,041 - INFO: GCMC sphere is based on reference atom IDs: [887, 1837]
2021-03-25 23:53:12,041 - INFO: GCMC sphere radius is 6 A
2021-03-25 23:53:12,042 - INFO: Simulating at an Adams (B) value of -6.888845176169922
2021-03-25 23:53:12,042 - INFO: GCMCSphereSampler object initialised
2021-03-25 23:53:12,042 - INFO: StandardGCMCSphereSampler object initialised
2021-03-25 23:53:27,201 - INFO: 50 move(s) completed (0 accepted (0.0000 %)). Current N = 0. Average N = 0.000
2021-03-25 23:53:35,580 - INFO: 100 move(s) completed (0 accepted (0.0000 %)). Current N = 0. Average N = 0.000
2021-03-25 23:53:43,260 - INFO: 150 move(s) completed (0 accepted (0.0000 %)). Current N = 0. Average N = 0.000
2021-03-25 23:53:50,632 - INFO: 200 move(s) completed (0 accepted (0.0000 %)). Current N = 0. Average N = 0.000
2021-03-25 23:53:58,884 - INFO: 250 move(s) completed (0 accepted (0.0000 %)). Current N = 0. Average N = 0.000
2021-03-25 23:54:07,095 - INFO: 300 move(s) completed (0 accepted (0.0000 %)). Current N = 0. Average N = 0.000
2021-03-25 23:54:15,306 - INFO: 350 move(s) completed (0 accepted (0.0000 %)). Current N = 0. Average N = 0.000
2021-03-25 23:54:22,887 - INFO: 400 move(s) completed (0 accepted (0.0000 %)). Current N = 0. Average N = 0.000
2021-03-25 23:54:32,028 - INFO: 450 move(s) completed (1 accepted (0.2222 %)). Current N = 1. Average N = 0.091
2021-03-25 23:54:40,710 - INFO: 500 move(s) completed (1 accepted (0.2000 %)). Current N = 1. Average N = 0.182
2021-03-25 23:54:49,563 - INFO: 550 move(s) completed (1 accepted (0.1818 %)). Current N = 1. Average N = 0.256
2021-03-25 23:54:58,201 - INFO: 600 move(s) completed (1 accepted (0.1667 %)). Current N = 1. Average N = 0.318
2021-03-25 23:55:07,325 - INFO: 650 move(s) completed (1 accepted (0.1538 %)). Current N = 1. Average N = 0.371
2021-03-25 23:55:16,020 - INFO: 700 move(s) completed (1 accepted (0.1429 %)). Current N = 1. Average N = 0.416
2021-03-25 23:55:25,317 - INFO: 750 move(s) completed (1 accepted (0.1333 %)). Current N = 1. Average N = 0.455
2021-03-25 23:55:34,567 - INFO: 800 move(s) completed (1 accepted (0.1250 %)). Current N = 1. Average N = 0.489
2021-03-25 23:55:43,293 - INFO: 850 move(s) completed (1 accepted (0.1176 %)). Current N = 1. Average N = 0.519
2021-03-25 23:55:52,771 - INFO: 900 move(s) completed (1 accepted (0.1111 %)). Current N = 1. Average N = 0.546
2021-03-25 23:56:01,544 - INFO: 950 move(s) completed (1 accepted (0.1053 %)). Current N = 1. Average N = 0.570
2021-03-25 23:56:10,390 - INFO: 1000 move(s) completed (1 accepted (0.1000 %)). Current N = 1. Average N = 0.591
2021-03-25 23:56:18,941 - INFO: 1050 move(s) completed (1 accepted (0.0952 %)). Current N = 1. Average N = 0.611
2021-03-25 23:56:27,846 - INFO: 1100 move(s) completed (1 accepted (0.0909 %)). Current N = 1. Average N = 0.628
2021-03-25 23:56:37,373 - INFO: 1150 move(s) completed (1 accepted (0.0870 %)). Current N = 1. Average N = 0.644
2021-03-25 23:56:46,193 - INFO: 1200 move(s) completed (1 accepted (0.0833 %)). Current N = 1. Average N = 0.659
2021-03-25 23:56:55,270 - INFO: 1250 move(s) completed (1 accepted (0.0800 %)). Current N = 1. Average N = 0.673
2021-03-25 23:57:03,915 - INFO: 1300 move(s) completed (1 accepted (0.0769 %)). Current N = 1. Average N = 0.685
2021-03-25 23:57:12,936 - INFO: 1350 move(s) completed (1 accepted (0.0741 %)). Current N = 1. Average N = 0.697
2021-03-25 23:57:22,454 - INFO: 1400 move(s) completed (1 accepted (0.0714 %)). Current N = 1. Average N = 0.708
2021-03-25 23:57:31,261 - INFO: 1450 move(s) completed (1 accepted (0.0690 %)). Current N = 1. Average N = 0.718
2021-03-25 23:57:40,557 - INFO: 1500 move(s) completed (1 accepted (0.0667 %)). Current N = 1. Average N = 0.727
2021-03-25 23:57:49,092 - INFO: 1550 move(s) completed (1 accepted (0.0645 %)). Current N = 1. Average N = 0.736
2021-03-25 23:57:57,994 - INFO: 1600 move(s) completed (1 accepted (0.0625 %)). Current N = 1. Average N = 0.744
2021-03-25 23:58:07,384 - INFO: 1650 move(s) completed (1 accepted (0.0606 %)). Current N = 1. Average N = 0.752
2021-03-25 23:58:16,541 - INFO: 1700 move(s) completed (1 accepted (0.0588 %)). Current N = 1. Average N = 0.759
2021-03-25 23:58:25,863 - INFO: 1750 move(s) completed (1 accepted (0.0571 %)). Current N = 1. Average N = 0.766
2021-03-25 23:58:34,299 - INFO: 1800 move(s) completed (1 accepted (0.0556 %)). Current N = 1. Average N = 0.773
2021-03-25 23:58:43,101 - INFO: 1850 move(s) completed (1 accepted (0.0541 %)). Current N = 1. Average N = 0.779
2021-03-25 23:58:52,594 - INFO: 1900 move(s) completed (1 accepted (0.0526 %)). Current N = 1. Average N = 0.785
2021-03-25 23:59:01,329 - INFO: 1950 move(s) completed (1 accepted (0.0513 %)). Current N = 1. Average N = 0.790
2021-03-25 23:59:10,700 - INFO: 2000 move(s) completed (1 accepted (0.0500 %)). Current N = 1. Average N = 0.795
2021-03-25 23:59:19,347 - INFO: 2050 move(s) completed (1 accepted (0.0488 %)). Current N = 1. Average N = 0.800
2021-03-25 23:59:28,494 - INFO: 2100 move(s) completed (1 accepted (0.0476 %)). Current N = 1. Average N = 0.805
2021-03-25 23:59:37,159 - INFO: 2150 move(s) completed (1 accepted (0.0465 %)). Current N = 1. Average N = 0.810
2021-03-25 23:59:46,102 - INFO: 2200 move(s) completed (3 accepted (0.1364 %)). Current N = 1. Average N = 0.819
2021-03-25 23:59:55,407 - INFO: 2250 move(s) completed (3 accepted (0.1333 %)). Current N = 1. Average N = 0.823
2021-03-26 00:00:04,380 - INFO: 2300 move(s) completed (3 accepted (0.1304 %)). Current N = 1. Average N = 0.827
2021-03-26 00:00:13,501 - INFO: 2350 move(s) completed (3 accepted (0.1277 %)). Current N = 1. Average N = 0.830
2021-03-26 00:00:22,319 - INFO: 2400 move(s) completed (3 accepted (0.1250 %)). Current N = 1. Average N = 0.834
2021-03-26 00:00:31,511 - INFO: 2450 move(s) completed (3 accepted (0.1224 %)). Current N = 1. Average N = 0.837
2021-03-26 00:00:40,958 - INFO: 2500 move(s) completed (3 accepted (0.1200 %)). Current N = 1. Average N = 0.840
2021-03-26 00:00:49,708 - INFO: 2550 move(s) completed (3 accepted (0.1176 %)). Current N = 1. Average N = 0.844
2021-03-26 00:00:58,897 - INFO: 2600 move(s) completed (5 accepted (0.1923 %)). Current N = 1. Average N = 0.852
2021-03-26 00:01:07,327 - INFO: 2650 move(s) completed (5 accepted (0.1887 %)). Current N = 1. Average N = 0.854
2021-03-26 00:01:16,657 - INFO: 2700 move(s) completed (5 accepted (0.1852 %)). Current N = 1. Average N = 0.857
2021-03-26 00:01:25,162 - INFO: 2750 move(s) completed (5 accepted (0.1818 %)). Current N = 1. Average N = 0.860
2021-03-26 00:01:34,051 - INFO: 2800 move(s) completed (7 accepted (0.2500 %)). Current N = 1. Average N = 0.863
2021-03-26 00:01:43,448 - INFO: 2850 move(s) completed (7 accepted (0.2456 %)). Current N = 1. Average N = 0.865
2021-03-26 00:01:52,087 - INFO: 2900 move(s) completed (7 accepted (0.2414 %)). Current N = 1. Average N = 0.867
2021-03-26 00:02:01,061 - INFO: 2950 move(s) completed (8 accepted (0.2712 %)). Current N = 2. Average N = 0.879
2021-03-26 00:02:09,716 - INFO: 3000 move(s) completed (8 accepted (0.2667 %)). Current N = 2. Average N = 0.897
2021-03-26 00:02:18,975 - INFO: 3050 move(s) completed (8 accepted (0.2623 %)). Current N = 2. Average N = 0.915
2021-03-26 00:02:27,593 - INFO: 3100 move(s) completed (8 accepted (0.2581 %)). Current N = 2. Average N = 0.933
2021-03-26 00:02:36,646 - INFO: 3150 move(s) completed (8 accepted (0.2540 %)). Current N = 2. Average N = 0.950
2021-03-26 00:02:45,915 - INFO: 3200 move(s) completed (8 accepted (0.2500 %)). Current N = 2. Average N = 0.966
2021-03-26 00:02:54,332 - INFO: 3250 move(s) completed (8 accepted (0.2462 %)). Current N = 2. Average N = 0.982
2021-03-26 00:03:03,460 - INFO: 3300 move(s) completed (8 accepted (0.2424 %)). Current N = 2. Average N = 0.998
2021-03-26 00:03:12,410 - INFO: 3350 move(s) completed (8 accepted (0.2388 %)). Current N = 2. Average N = 1.012
2021-03-26 00:03:21,368 - INFO: 3400 move(s) completed (8 accepted (0.2353 %)). Current N = 2. Average N = 1.027
2021-03-26 00:03:30,575 - INFO: 3450 move(s) completed (8 accepted (0.2319 %)). Current N = 2. Average N = 1.041
2021-03-26 00:03:39,405 - INFO: 3500 move(s) completed (8 accepted (0.2286 %)). Current N = 2. Average N = 1.055
2021-03-26 00:03:48,646 - INFO: 3550 move(s) completed (8 accepted (0.2254 %)). Current N = 2. Average N = 1.068
2021-03-26 00:03:57,219 - INFO: 3600 move(s) completed (8 accepted (0.2222 %)). Current N = 2. Average N = 1.081
2021-03-26 00:04:06,376 - INFO: 3650 move(s) completed (8 accepted (0.2192 %)). Current N = 2. Average N = 1.094
2021-03-26 00:04:15,103 - INFO: 3700 move(s) completed (8 accepted (0.2162 %)). Current N = 2. Average N = 1.106
2021-03-26 00:04:24,002 - INFO: 3750 move(s) completed (8 accepted (0.2133 %)). Current N = 2. Average N = 1.118
2021-03-26 00:04:33,545 - INFO: 3800 move(s) completed (8 accepted (0.2105 %)). Current N = 2. Average N = 1.129
2021-03-26 00:04:42,325 - INFO: 3850 move(s) completed (8 accepted (0.2078 %)). Current N = 2. Average N = 1.141
2021-03-26 00:04:51,470 - INFO: 3900 move(s) completed (8 accepted (0.2051 %)). Current N = 2. Average N = 1.152
2021-03-26 00:05:00,112 - INFO: 3950 move(s) completed (10 accepted (0.2532 %)). Current N = 2. Average N = 1.163
2021-03-26 00:05:09,147 - INFO: 4000 move(s) completed (10 accepted (0.2500 %)). Current N = 2. Average N = 1.174
2021-03-26 00:05:17,707 - INFO: 4050 move(s) completed (10 accepted (0.2469 %)). Current N = 2. Average N = 1.184
2021-03-26 00:05:26,752 - INFO: 4100 move(s) completed (10 accepted (0.2439 %)). Current N = 2. Average N = 1.194
2021-03-26 00:05:35,839 - INFO: 4150 move(s) completed (10 accepted (0.2410 %)). Current N = 2. Average N = 1.204
2021-03-26 00:05:44,649 - INFO: 4200 move(s) completed (10 accepted (0.2381 %)). Current N = 2. Average N = 1.213
2021-03-26 00:05:53,840 - INFO: 4250 move(s) completed (10 accepted (0.2353 %)). Current N = 2. Average N = 1.223
2021-03-26 00:06:02,555 - INFO: 4300 move(s) completed (10 accepted (0.2326 %)). Current N = 2. Average N = 1.232
2021-03-26 00:06:11,526 - INFO: 4350 move(s) completed (10 accepted (0.2299 %)). Current N = 2. Average N = 1.240
2021-03-26 00:06:19,911 - INFO: 4400 move(s) completed (10 accepted (0.2273 %)). Current N = 2. Average N = 1.249
2021-03-26 00:06:28,794 - INFO: 4450 move(s) completed (10 accepted (0.2247 %)). Current N = 2. Average N = 1.258
2021-03-26 00:06:38,244 - INFO: 4500 move(s) completed (10 accepted (0.2222 %)). Current N = 2. Average N = 1.266
2021-03-26 00:06:46,963 - INFO: 4550 move(s) completed (10 accepted (0.2198 %)). Current N = 2. Average N = 1.274
2021-03-26 00:06:56,143 - INFO: 4600 move(s) completed (12 accepted (0.2609 %)). Current N = 2. Average N = 1.284
2021-03-26 00:07:04,650 - INFO: 4650 move(s) completed (12 accepted (0.2581 %)). Current N = 2. Average N = 1.291
2021-03-26 00:07:13,716 - INFO: 4700 move(s) completed (12 accepted (0.2553 %)). Current N = 2. Average N = 1.299
2021-03-26 00:07:22,014 - INFO: 4750 move(s) completed (12 accepted (0.2526 %)). Current N = 2. Average N = 1.306
2021-03-26 00:07:30,982 - INFO: 4800 move(s) completed (12 accepted (0.2500 %)). Current N = 2. Average N = 1.313
2021-03-26 00:07:40,230 - INFO: 4850 move(s) completed (12 accepted (0.2474 %)). Current N = 2. Average N = 1.321
2021-03-26 00:07:48,997 - INFO: 4900 move(s) completed (12 accepted (0.2449 %)). Current N = 2. Average N = 1.328
2021-03-26 00:07:58,198 - INFO: 4950 move(s) completed (12 accepted (0.2424 %)). Current N = 2. Average N = 1.334
2021-03-26 00:08:06,831 - INFO: 5000 move(s) completed (12 accepted (0.2400 %)). Current N = 2. Average N = 1.341
2021-03-26 00:08:15,929 - INFO: 5050 move(s) completed (12 accepted (0.2376 %)). Current N = 2. Average N = 1.347
2021-03-26 00:08:24,483 - INFO: 5100 move(s) completed (12 accepted (0.2353 %)). Current N = 2. Average N = 1.354
2021-03-26 00:08:33,542 - INFO: 5150 move(s) completed (12 accepted (0.2330 %)). Current N = 2. Average N = 1.360
2021-03-26 00:08:42,599 - INFO: 5200 move(s) completed (12 accepted (0.2308 %)). Current N = 2. Average N = 1.366
2021-03-26 00:08:51,345 - INFO: 5250 move(s) completed (12 accepted (0.2286 %)). Current N = 2. Average N = 1.372
2021-03-26 00:09:00,671 - INFO: 5300 move(s) completed (12 accepted (0.2264 %)). Current N = 2. Average N = 1.378
2021-03-26 00:09:09,206 - INFO: 5350 move(s) completed (12 accepted (0.2243 %)). Current N = 2. Average N = 1.384
2021-03-26 00:09:18,251 - INFO: 5400 move(s) completed (12 accepted (0.2222 %)). Current N = 2. Average N = 1.390
2021-03-26 00:09:27,488 - INFO: 5450 move(s) completed (12 accepted (0.2202 %)). Current N = 2. Average N = 1.395
2021-03-26 00:09:36,537 - INFO: 5500 move(s) completed (12 accepted (0.2182 %)). Current N = 2. Average N = 1.401
2021-03-26 00:09:45,760 - INFO: 5550 move(s) completed (12 accepted (0.2162 %)). Current N = 2. Average N = 1.406
2021-03-26 00:09:54,366 - INFO: 5600 move(s) completed (12 accepted (0.2143 %)). Current N = 2. Average N = 1.412
2021-03-26 00:10:03,562 - INFO: 5650 move(s) completed (12 accepted (0.2124 %)). Current N = 2. Average N = 1.417
2021-03-26 00:10:11,975 - INFO: 5700 move(s) completed (12 accepted (0.2105 %)). Current N = 2. Average N = 1.422
2021-03-26 00:10:21,058 - INFO: 5750 move(s) completed (12 accepted (0.2087 %)). Current N = 2. Average N = 1.427
2021-03-26 00:10:30,298 - INFO: 5800 move(s) completed (12 accepted (0.2069 %)). Current N = 2. Average N = 1.432
2021-03-26 00:10:38,890 - INFO: 5850 move(s) completed (12 accepted (0.2051 %)). Current N = 2. Average N = 1.437
2021-03-26 00:10:48,161 - INFO: 5900 move(s) completed (12 accepted (0.2034 %)). Current N = 2. Average N = 1.442
2021-03-26 00:10:56,910 - INFO: 5950 move(s) completed (12 accepted (0.2017 %)). Current N = 2. Average N = 1.446
2021-03-26 00:11:05,630 - INFO: 6000 move(s) completed (12 accepted (0.2000 %)). Current N = 2. Average N = 1.451
2021-03-26 00:11:15,108 - INFO: 6050 move(s) completed (12 accepted (0.1983 %)). Current N = 2. Average N = 1.455
2021-03-26 00:11:24,097 - INFO: 6100 move(s) completed (12 accepted (0.1967 %)). Current N = 2. Average N = 1.460
2021-03-26 00:11:33,186 - INFO: 6150 move(s) completed (13 accepted (0.2114 %)). Current N = 3. Average N = 1.466
2021-03-26 00:11:41,834 - INFO: 6200 move(s) completed (13 accepted (0.2097 %)). Current N = 3. Average N = 1.478
2021-03-26 00:11:50,736 - INFO: 6250 move(s) completed (13 accepted (0.2080 %)). Current N = 3. Average N = 1.490
2021-03-26 00:12:00,031 - INFO: 6300 move(s) completed (13 accepted (0.2063 %)). Current N = 3. Average N = 1.502
2021-03-26 00:12:08,986 - INFO: 6350 move(s) completed (13 accepted (0.2047 %)). Current N = 3. Average N = 1.514
2021-03-26 00:12:18,136 - INFO: 6400 move(s) completed (13 accepted (0.2031 %)). Current N = 3. Average N = 1.526
2021-03-26 00:12:26,792 - INFO: 6450 move(s) completed (13 accepted (0.2016 %)). Current N = 3. Average N = 1.537
2021-03-26 00:12:35,890 - INFO: 6500 move(s) completed (13 accepted (0.2000 %)). Current N = 3. Average N = 1.548
2021-03-26 00:12:44,539 - INFO: 6550 move(s) completed (14 accepted (0.2137 %)). Current N = 2. Average N = 1.555
2021-03-26 00:12:53,322 - INFO: 6600 move(s) completed (14 accepted (0.2121 %)). Current N = 2. Average N = 1.558
2021-03-26 00:13:02,680 - INFO: 6650 move(s) completed (14 accepted (0.2105 %)). Current N = 2. Average N = 1.561
2021-03-26 00:13:11,390 - INFO: 6700 move(s) completed (14 accepted (0.2090 %)). Current N = 2. Average N = 1.565
2021-03-26 00:13:20,546 - INFO: 6750 move(s) completed (14 accepted (0.2074 %)). Current N = 2. Average N = 1.568
2021-03-26 00:13:29,326 - INFO: 6800 move(s) completed (14 accepted (0.2059 %)). Current N = 2. Average N = 1.571
2021-03-26 00:13:38,239 - INFO: 6850 move(s) completed (14 accepted (0.2044 %)). Current N = 2. Average N = 1.574
2021-03-26 00:13:47,259 - INFO: 6900 move(s) completed (14 accepted (0.2029 %)). Current N = 2. Average N = 1.577
2021-03-26 00:13:56,183 - INFO: 6950 move(s) completed (14 accepted (0.2014 %)). Current N = 2. Average N = 1.580
2021-03-26 00:14:05,386 - INFO: 7000 move(s) completed (15 accepted (0.2143 %)). Current N = 3. Average N = 1.585
2021-03-26 00:14:14,209 - INFO: 7050 move(s) completed (15 accepted (0.2128 %)). Current N = 3. Average N = 1.595
2021-03-26 00:14:23,264 - INFO: 7100 move(s) completed (15 accepted (0.2113 %)). Current N = 3. Average N = 1.605
2021-03-26 00:14:32,439 - INFO: 7150 move(s) completed (16 accepted (0.2238 %)). Current N = 2. Average N = 1.608
2021-03-26 00:14:41,430 - INFO: 7200 move(s) completed (16 accepted (0.2222 %)). Current N = 2. Average N = 1.611
2021-03-26 00:14:50,738 - INFO: 7250 move(s) completed (16 accepted (0.2207 %)). Current N = 2. Average N = 1.613
2021-03-26 00:14:59,366 - INFO: 7300 move(s) completed (16 accepted (0.2192 %)). Current N = 2. Average N = 1.616
2021-03-26 00:15:08,531 - INFO: 7350 move(s) completed (16 accepted (0.2177 %)). Current N = 2. Average N = 1.619
2021-03-26 00:15:16,913 - INFO: 7400 move(s) completed (16 accepted (0.2162 %)). Current N = 2. Average N = 1.621
2021-03-26 00:15:25,907 - INFO: 7450 move(s) completed (16 accepted (0.2148 %)). Current N = 2. Average N = 1.624
2021-03-26 00:15:35,088 - INFO: 7500 move(s) completed (16 accepted (0.2133 %)). Current N = 2. Average N = 1.626
2021-03-26 00:15:43,955 - INFO: 7550 move(s) completed (16 accepted (0.2119 %)). Current N = 2. Average N = 1.629
2021-03-26 00:15:53,020 - INFO: 7600 move(s) completed (16 accepted (0.2105 %)). Current N = 2. Average N = 1.631
2021-03-26 00:16:01,695 - INFO: 7650 move(s) completed (16 accepted (0.2092 %)). Current N = 2. Average N = 1.634
2021-03-26 00:16:10,722 - INFO: 7700 move(s) completed (16 accepted (0.2078 %)). Current N = 2. Average N = 1.636
2021-03-26 00:16:19,066 - INFO: 7750 move(s) completed (16 accepted (0.2065 %)). Current N = 2. Average N = 1.639
2021-03-26 00:16:27,832 - INFO: 7800 move(s) completed (16 accepted (0.2051 %)). Current N = 2. Average N = 1.641
2021-03-26 00:16:36,575 - INFO: 7850 move(s) completed (16 accepted (0.2038 %)). Current N = 2. Average N = 1.643
2021-03-26 00:16:45,481 - INFO: 7900 move(s) completed (16 accepted (0.2025 %)). Current N = 2. Average N = 1.645
2021-03-26 00:16:54,666 - INFO: 7950 move(s) completed (16 accepted (0.2013 %)). Current N = 2. Average N = 1.647
2021-03-26 00:17:03,172 - INFO: 8000 move(s) completed (16 accepted (0.2000 %)). Current N = 2. Average N = 1.650
2021-03-26 00:17:12,112 - INFO: 8050 move(s) completed (16 accepted (0.1988 %)). Current N = 2. Average N = 1.652
2021-03-26 00:17:20,767 - INFO: 8100 move(s) completed (16 accepted (0.1975 %)). Current N = 2. Average N = 1.654
2021-03-26 00:17:29,722 - INFO: 8150 move(s) completed (16 accepted (0.1963 %)). Current N = 2. Average N = 1.656
2021-03-26 00:17:38,861 - INFO: 8200 move(s) completed (16 accepted (0.1951 %)). Current N = 2. Average N = 1.658
2021-03-26 00:17:47,690 - INFO: 8250 move(s) completed (16 accepted (0.1939 %)). Current N = 2. Average N = 1.660
2021-03-26 00:17:56,905 - INFO: 8300 move(s) completed (16 accepted (0.1928 %)). Current N = 2. Average N = 1.662
2021-03-26 00:18:05,555 - INFO: 8350 move(s) completed (16 accepted (0.1916 %)). Current N = 2. Average N = 1.664
2021-03-26 00:18:14,412 - INFO: 8400 move(s) completed (16 accepted (0.1905 %)). Current N = 2. Average N = 1.666
2021-03-26 00:18:23,719 - INFO: 8450 move(s) completed (16 accepted (0.1893 %)). Current N = 2. Average N = 1.668
2021-03-26 00:18:32,607 - INFO: 8500 move(s) completed (16 accepted (0.1882 %)). Current N = 2. Average N = 1.670
2021-03-26 00:18:41,867 - INFO: 8550 move(s) completed (16 accepted (0.1871 %)). Current N = 2. Average N = 1.672
2021-03-26 00:18:50,453 - INFO: 8600 move(s) completed (16 accepted (0.1860 %)). Current N = 2. Average N = 1.674
2021-03-26 00:18:59,656 - INFO: 8650 move(s) completed (16 accepted (0.1850 %)). Current N = 2. Average N = 1.676
2021-03-26 00:19:08,118 - INFO: 8700 move(s) completed (16 accepted (0.1839 %)). Current N = 2. Average N = 1.678
2021-03-26 00:19:17,155 - INFO: 8750 move(s) completed (17 accepted (0.1943 %)). Current N = 3. Average N = 1.680
2021-03-26 00:19:26,395 - INFO: 8800 move(s) completed (17 accepted (0.1932 %)). Current N = 3. Average N = 1.688
2021-03-26 00:19:34,962 - INFO: 8850 move(s) completed (17 accepted (0.1921 %)). Current N = 3. Average N = 1.695
2021-03-26 00:19:44,005 - INFO: 8900 move(s) completed (17 accepted (0.1910 %)). Current N = 3. Average N = 1.702
2021-03-26 00:19:52,798 - INFO: 8950 move(s) completed (17 accepted (0.1899 %)). Current N = 3. Average N = 1.710
2021-03-26 00:20:01,748 - INFO: 9000 move(s) completed (17 accepted (0.1889 %)). Current N = 3. Average N = 1.717
2021-03-26 00:20:11,070 - INFO: 9050 move(s) completed (17 accepted (0.1878 %)). Current N = 3. Average N = 1.724
2021-03-26 00:20:19,974 - INFO: 9100 move(s) completed (17 accepted (0.1868 %)). Current N = 3. Average N = 1.731
2021-03-26 00:20:29,294 - INFO: 9150 move(s) completed (17 accepted (0.1858 %)). Current N = 3. Average N = 1.738
2021-03-26 00:20:37,781 - INFO: 9200 move(s) completed (17 accepted (0.1848 %)). Current N = 3. Average N = 1.745
2021-03-26 00:20:46,578 - INFO: 9250 move(s) completed (17 accepted (0.1838 %)). Current N = 3. Average N = 1.751
2021-03-26 00:20:55,862 - INFO: 9300 move(s) completed (17 accepted (0.1828 %)). Current N = 3. Average N = 1.758
2021-03-26 00:21:04,665 - INFO: 9350 move(s) completed (18 accepted (0.1925 %)). Current N = 2. Average N = 1.760
2021-03-26 00:21:13,846 - INFO: 9400 move(s) completed (18 accepted (0.1915 %)). Current N = 2. Average N = 1.762
2021-03-26 00:21:22,497 - INFO: 9450 move(s) completed (18 accepted (0.1905 %)). Current N = 2. Average N = 1.763
2021-03-26 00:21:31,584 - INFO: 9500 move(s) completed (18 accepted (0.1895 %)). Current N = 2. Average N = 1.764
2021-03-26 00:21:40,162 - INFO: 9550 move(s) completed (18 accepted (0.1885 %)). Current N = 2. Average N = 1.766
2021-03-26 00:21:49,326 - INFO: 9600 move(s) completed (18 accepted (0.1875 %)). Current N = 2. Average N = 1.767
2021-03-26 00:21:58,555 - INFO: 9650 move(s) completed (18 accepted (0.1865 %)). Current N = 2. Average N = 1.768
2021-03-26 00:22:07,437 - INFO: 9700 move(s) completed (18 accepted (0.1856 %)). Current N = 2. Average N = 1.769
2021-03-26 00:22:16,814 - INFO: 9750 move(s) completed (18 accepted (0.1846 %)). Current N = 2. Average N = 1.770
2021-03-26 00:22:25,746 - INFO: 9800 move(s) completed (18 accepted (0.1837 %)). Current N = 2. Average N = 1.772
2021-03-26 00:22:34,665 - INFO: 9850 move(s) completed (18 accepted (0.1827 %)). Current N = 2. Average N = 1.773
2021-03-26 00:22:43,100 - INFO: 9900 move(s) completed (18 accepted (0.1818 %)). Current N = 2. Average N = 1.774
2021-03-26 00:22:52,079 - INFO: 9950 move(s) completed (18 accepted (0.1809 %)). Current N = 2. Average N = 1.775
2021-03-26 00:23:01,494 - INFO: 10000 move(s) completed (18 accepted (0.1800 %)). Current N = 2. Average N = 1.776
2021-03-26 00:23:10,500 - INFO: 10050 move(s) completed (18 accepted (0.1791 %)). Current N = 2. Average N = 1.777
2021-03-26 00:23:19,328 - INFO: 10100 move(s) completed (18 accepted (0.1782 %)). Current N = 2. Average N = 1.778
2021-03-26 00:23:27,947 - INFO: 10150 move(s) completed (18 accepted (0.1773 %)). Current N = 2. Average N = 1.779
2021-03-26 00:23:37,140 - INFO: 10200 move(s) completed (18 accepted (0.1765 %)). Current N = 2. Average N = 1.780
2021-03-26 00:23:46,787 - INFO: 10250 move(s) completed (18 accepted (0.1756 %)). Current N = 2. Average N = 1.782
2021-03-26 00:23:55,716 - INFO: 10300 move(s) completed (18 accepted (0.1748 %)). Current N = 2. Average N = 1.783
2021-03-26 00:24:04,892 - INFO: 10350 move(s) completed (18 accepted (0.1739 %)). Current N = 2. Average N = 1.784
2021-03-26 00:24:13,435 - INFO: 10400 move(s) completed (18 accepted (0.1731 %)). Current N = 2. Average N = 1.785
2021-03-26 00:24:22,639 - INFO: 10450 move(s) completed (18 accepted (0.1722 %)). Current N = 2. Average N = 1.786
2021-03-26 00:24:31,058 - INFO: 10500 move(s) completed (18 accepted (0.1714 %)). Current N = 2. Average N = 1.787
2021-03-26 00:24:40,005 - INFO: 10550 move(s) completed (18 accepted (0.1706 %)). Current N = 2. Average N = 1.788
2021-03-26 00:24:49,269 - INFO: 10600 move(s) completed (18 accepted (0.1698 %)). Current N = 2. Average N = 1.789
2021-03-26 00:24:58,296 - INFO: 10650 move(s) completed (18 accepted (0.1690 %)). Current N = 2. Average N = 1.790
2021-03-26 00:25:07,344 - INFO: 10700 move(s) completed (18 accepted (0.1682 %)). Current N = 2. Average N = 1.791
2021-03-26 00:25:16,227 - INFO: 10750 move(s) completed (18 accepted (0.1674 %)). Current N = 2. Average N = 1.792
2021-03-26 00:25:25,222 - INFO: 10800 move(s) completed (18 accepted (0.1667 %)). Current N = 2. Average N = 1.793
2021-03-26 00:25:34,750 - INFO: 10850 move(s) completed (18 accepted (0.1659 %)). Current N = 2. Average N = 1.794
2021-03-26 00:25:43,580 - INFO: 10900 move(s) completed (18 accepted (0.1651 %)). Current N = 2. Average N = 1.795
2021-03-26 00:25:52,694 - INFO: 10950 move(s) completed (18 accepted (0.1644 %)). Current N = 2. Average N = 1.796
2021-03-26 00:26:01,327 - INFO: 11000 move(s) completed (18 accepted (0.1636 %)). Current N = 2. Average N = 1.796
2021-03-26 00:26:10,224 - INFO: 11050 move(s) completed (18 accepted (0.1629 %)). Current N = 2. Average N = 1.797
2021-03-26 00:26:19,521 - INFO: 11100 move(s) completed (18 accepted (0.1622 %)). Current N = 2. Average N = 1.798
2021-03-26 00:26:28,406 - INFO: 11150 move(s) completed (18 accepted (0.1614 %)). Current N = 2. Average N = 1.799
2021-03-26 00:26:37,474 - INFO: 11200 move(s) completed (18 accepted (0.1607 %)). Current N = 2. Average N = 1.800
2021-03-26 00:26:45,869 - INFO: 11250 move(s) completed (18 accepted (0.1600 %)). Current N = 2. Average N = 1.801
2021-03-26 00:26:54,722 - INFO: 11300 move(s) completed (18 accepted (0.1593 %)). Current N = 2. Average N = 1.802
2021-03-26 00:27:04,005 - INFO: 11350 move(s) completed (18 accepted (0.1586 %)). Current N = 2. Average N = 1.803
2021-03-26 00:27:12,887 - INFO: 11400 move(s) completed (18 accepted (0.1579 %)). Current N = 2. Average N = 1.804
2021-03-26 00:27:22,141 - INFO: 11450 move(s) completed (18 accepted (0.1572 %)). Current N = 2. Average N = 1.804
2021-03-26 00:27:30,892 - INFO: 11500 move(s) completed (18 accepted (0.1565 %)). Current N = 2. Average N = 1.805
2021-03-26 00:27:39,992 - INFO: 11550 move(s) completed (18 accepted (0.1558 %)). Current N = 2. Average N = 1.806
2021-03-26 00:27:48,573 - INFO: 11600 move(s) completed (18 accepted (0.1552 %)). Current N = 2. Average N = 1.807
2021-03-26 00:27:57,393 - INFO: 11650 move(s) completed (18 accepted (0.1545 %)). Current N = 2. Average N = 1.808
2021-03-26 00:28:06,491 - INFO: 11700 move(s) completed (18 accepted (0.1538 %)). Current N = 2. Average N = 1.809
2021-03-26 00:28:15,365 - INFO: 11750 move(s) completed (18 accepted (0.1532 %)). Current N = 2. Average N = 1.809
2021-03-26 00:28:24,602 - INFO: 11800 move(s) completed (18 accepted (0.1525 %)). Current N = 2. Average N = 1.810
2021-03-26 00:28:33,297 - INFO: 11850 move(s) completed (18 accepted (0.1519 %)). Current N = 2. Average N = 1.811
2021-03-26 00:28:42,393 - INFO: 11900 move(s) completed (18 accepted (0.1513 %)). Current N = 2. Average N = 1.812
2021-03-26 00:28:51,575 - INFO: 11950 move(s) completed (18 accepted (0.1506 %)). Current N = 2. Average N = 1.813
2021-03-26 00:29:00,521 - INFO: 12000 move(s) completed (18 accepted (0.1500 %)). Current N = 2. Average N = 1.813
2021-03-26 00:29:09,633 - INFO: 12050 move(s) completed (18 accepted (0.1494 %)). Current N = 2. Average N = 1.814
2021-03-26 00:29:18,237 - INFO: 12100 move(s) completed (18 accepted (0.1488 %)). Current N = 2. Average N = 1.815
2021-03-26 00:29:27,096 - INFO: 12150 move(s) completed (18 accepted (0.1481 %)). Current N = 2. Average N = 1.816
2021-03-26 00:29:35,799 - INFO: 12200 move(s) completed (18 accepted (0.1475 %)). Current N = 2. Average N = 1.817
2021-03-26 00:29:44,968 - INFO: 12250 move(s) completed (18 accepted (0.1469 %)). Current N = 2. Average N = 1.817
2021-03-26 00:29:54,476 - INFO: 12300 move(s) completed (18 accepted (0.1463 %)). Current N = 2. Average N = 1.818
2021-03-26 00:30:03,196 - INFO: 12350 move(s) completed (18 accepted (0.1457 %)). Current N = 2. Average N = 1.819
2021-03-26 00:30:12,507 - INFO: 12400 move(s) completed (18 accepted (0.1452 %)). Current N = 2. Average N = 1.819
2021-03-26 00:30:21,206 - INFO: 12450 move(s) completed (18 accepted (0.1446 %)). Current N = 2. Average N = 1.820
2021-03-26 00:30:30,244 - INFO: 12500 move(s) completed (18 accepted (0.1440 %)). Current N = 2. Average N = 1.821
2021-03-26 00:30:38,822 - INFO: 12550 move(s) completed (18 accepted (0.1434 %)). Current N = 2. Average N = 1.822
2021-03-26 00:30:47,611 - INFO: 12600 move(s) completed (18 accepted (0.1429 %)). Current N = 2. Average N = 1.822
2021-03-26 00:30:56,871 - INFO: 12650 move(s) completed (18 accepted (0.1423 %)). Current N = 2. Average N = 1.823
2021-03-26 00:31:05,441 - INFO: 12700 move(s) completed (18 accepted (0.1417 %)). Current N = 2. Average N = 1.824
2021-03-26 00:31:14,610 - INFO: 12750 move(s) completed (18 accepted (0.1412 %)). Current N = 2. Average N = 1.824
2021-03-26 00:31:23,415 - INFO: 12800 move(s) completed (18 accepted (0.1406 %)). Current N = 2. Average N = 1.825
2021-03-26 00:31:32,139 - INFO: 12850 move(s) completed (18 accepted (0.1401 %)). Current N = 2. Average N = 1.826
2021-03-26 00:31:40,680 - INFO: 12900 move(s) completed (18 accepted (0.1395 %)). Current N = 2. Average N = 1.826
2021-03-26 00:31:49,673 - INFO: 12950 move(s) completed (18 accepted (0.1390 %)). Current N = 2. Average N = 1.827
2021-03-26 00:31:58,870 - INFO: 13000 move(s) completed (18 accepted (0.1385 %)). Current N = 2. Average N = 1.828
2021-03-26 00:32:07,870 - INFO: 13050 move(s) completed (18 accepted (0.1379 %)). Current N = 2. Average N = 1.828
2021-03-26 00:32:17,269 - INFO: 13100 move(s) completed (18 accepted (0.1374 %)). Current N = 2. Average N = 1.829
2021-03-26 00:32:25,898 - INFO: 13150 move(s) completed (18 accepted (0.1369 %)). Current N = 2. Average N = 1.830
2021-03-26 00:32:34,949 - INFO: 13200 move(s) completed (18 accepted (0.1364 %)). Current N = 2. Average N = 1.830
2021-03-26 00:32:44,202 - INFO: 13250 move(s) completed (18 accepted (0.1358 %)). Current N = 2. Average N = 1.831
2021-03-26 00:32:52,970 - INFO: 13300 move(s) completed (18 accepted (0.1353 %)). Current N = 2. Average N = 1.832
2021-03-26 00:33:02,152 - INFO: 13350 move(s) completed (18 accepted (0.1348 %)). Current N = 2. Average N = 1.832
2021-03-26 00:33:10,839 - INFO: 13400 move(s) completed (18 accepted (0.1343 %)). Current N = 2. Average N = 1.833
2021-03-26 00:33:19,893 - INFO: 13450 move(s) completed (18 accepted (0.1338 %)). Current N = 2. Average N = 1.833
2021-03-26 00:33:29,218 - INFO: 13500 move(s) completed (18 accepted (0.1333 %)). Current N = 2. Average N = 1.834
2021-03-26 00:33:38,256 - INFO: 13550 move(s) completed (18 accepted (0.1328 %)). Current N = 2. Average N = 1.835
2021-03-26 00:33:47,391 - INFO: 13600 move(s) completed (18 accepted (0.1324 %)). Current N = 2. Average N = 1.835
2021-03-26 00:33:56,110 - INFO: 13650 move(s) completed (18 accepted (0.1319 %)). Current N = 2. Average N = 1.836
2021-03-26 00:34:05,302 - INFO: 13700 move(s) completed (18 accepted (0.1314 %)). Current N = 2. Average N = 1.837
2021-03-26 00:34:13,905 - INFO: 13750 move(s) completed (18 accepted (0.1309 %)). Current N = 2. Average N = 1.837
2021-03-26 00:34:23,244 - INFO: 13800 move(s) completed (18 accepted (0.1304 %)). Current N = 2. Average N = 1.838
2021-03-26 00:34:32,667 - INFO: 13850 move(s) completed (18 accepted (0.1300 %)). Current N = 2. Average N = 1.838
2021-03-26 00:34:41,155 - INFO: 13900 move(s) completed (18 accepted (0.1295 %)). Current N = 2. Average N = 1.839
2021-03-26 00:34:50,273 - INFO: 13950 move(s) completed (18 accepted (0.1290 %)). Current N = 2. Average N = 1.839
2021-03-26 00:34:58,751 - INFO: 14000 move(s) completed (18 accepted (0.1286 %)). Current N = 2. Average N = 1.840
2021-03-26 00:35:07,654 - INFO: 14050 move(s) completed (18 accepted (0.1281 %)). Current N = 2. Average N = 1.841
2021-03-26 00:35:16,914 - INFO: 14100 move(s) completed (18 accepted (0.1277 %)). Current N = 2. Average N = 1.841
2021-03-26 00:35:25,601 - INFO: 14150 move(s) completed (18 accepted (0.1272 %)). Current N = 2. Average N = 1.842
2021-03-26 00:35:34,619 - INFO: 14200 move(s) completed (18 accepted (0.1268 %)). Current N = 2. Average N = 1.842
2021-03-26 00:35:43,250 - INFO: 14250 move(s) completed (18 accepted (0.1263 %)). Current N = 2. Average N = 1.843
2021-03-26 00:35:52,344 - INFO: 14300 move(s) completed (18 accepted (0.1259 %)). Current N = 2. Average N = 1.843
2021-03-26 00:36:01,185 - INFO: 14350 move(s) completed (18 accepted (0.1254 %)). Current N = 2. Average N = 1.844
2021-03-26 00:36:09,975 - INFO: 14400 move(s) completed (18 accepted (0.1250 %)). Current N = 2. Average N = 1.845
2021-03-26 00:36:19,100 - INFO: 14450 move(s) completed (18 accepted (0.1246 %)). Current N = 2. Average N = 1.845
2021-03-26 00:36:27,920 - INFO: 14500 move(s) completed (18 accepted (0.1241 %)). Current N = 2. Average N = 1.846
2021-03-26 00:36:36,963 - INFO: 14550 move(s) completed (18 accepted (0.1237 %)). Current N = 2. Average N = 1.846
2021-03-26 00:36:45,600 - INFO: 14600 move(s) completed (18 accepted (0.1233 %)). Current N = 2. Average N = 1.847
2021-03-26 00:36:54,610 - INFO: 14650 move(s) completed (18 accepted (0.1229 %)). Current N = 2. Average N = 1.847
2021-03-26 00:37:03,979 - INFO: 14700 move(s) completed (18 accepted (0.1224 %)). Current N = 2. Average N = 1.848
2021-03-26 00:37:12,478 - INFO: 14750 move(s) completed (18 accepted (0.1220 %)). Current N = 2. Average N = 1.848
2021-03-26 00:37:21,600 - INFO: 14800 move(s) completed (18 accepted (0.1216 %)). Current N = 2. Average N = 1.849
2021-03-26 00:37:30,298 - INFO: 14850 move(s) completed (18 accepted (0.1212 %)). Current N = 2. Average N = 1.849
2021-03-26 00:37:39,228 - INFO: 14900 move(s) completed (18 accepted (0.1208 %)). Current N = 2. Average N = 1.850
2021-03-26 00:37:48,663 - INFO: 14950 move(s) completed (18 accepted (0.1204 %)). Current N = 2. Average N = 1.850
2021-03-26 00:37:57,405 - INFO: 15000 move(s) completed (18 accepted (0.1200 %)). Current N = 2. Average N = 1.851
2021-03-26 00:38:06,314 - INFO: 15050 move(s) completed (18 accepted (0.1196 %)). Current N = 2. Average N = 1.851
2021-03-26 00:38:15,097 - INFO: 15100 move(s) completed (18 accepted (0.1192 %)). Current N = 2. Average N = 1.852
2021-03-26 00:38:24,266 - INFO: 15150 move(s) completed (18 accepted (0.1188 %)). Current N = 2. Average N = 1.852
2021-03-26 00:38:32,632 - INFO: 15200 move(s) completed (18 accepted (0.1184 %)). Current N = 2. Average N = 1.853
2021-03-26 00:38:41,484 - INFO: 15250 move(s) completed (18 accepted (0.1180 %)). Current N = 2. Average N = 1.853
2021-03-26 00:38:50,697 - INFO: 15300 move(s) completed (18 accepted (0.1176 %)). Current N = 2. Average N = 1.854
2021-03-26 00:38:59,694 - INFO: 15350 move(s) completed (18 accepted (0.1173 %)). Current N = 2. Average N = 1.854
2021-03-26 00:39:08,710 - INFO: 15400 move(s) completed (18 accepted (0.1169 %)). Current N = 2. Average N = 1.855
2021-03-26 00:39:17,395 - INFO: 15450 move(s) completed (18 accepted (0.1165 %)). Current N = 2. Average N = 1.855
2021-03-26 00:39:26,407 - INFO: 15500 move(s) completed (20 accepted (0.1290 %)). Current N = 2. Average N = 1.856
2021-03-26 00:39:35,048 - INFO: 15550 move(s) completed (20 accepted (0.1286 %)). Current N = 2. Average N = 1.856
2021-03-26 00:39:43,823 - INFO: 15600 move(s) completed (20 accepted (0.1282 %)). Current N = 2. Average N = 1.857
2021-03-26 00:39:53,248 - INFO: 15650 move(s) completed (20 accepted (0.1278 %)). Current N = 2. Average N = 1.857
2021-03-26 00:40:01,878 - INFO: 15700 move(s) completed (20 accepted (0.1274 %)). Current N = 2. Average N = 1.858
2021-03-26 00:40:11,043 - INFO: 15750 move(s) completed (20 accepted (0.1270 %)). Current N = 2. Average N = 1.858
2021-03-26 00:40:19,451 - INFO: 15800 move(s) completed (20 accepted (0.1266 %)). Current N = 2. Average N = 1.859
2021-03-26 00:40:28,460 - INFO: 15850 move(s) completed (20 accepted (0.1262 %)). Current N = 2. Average N = 1.859
2021-03-26 00:40:37,903 - INFO: 15900 move(s) completed (20 accepted (0.1258 %)). Current N = 2. Average N = 1.859
2021-03-26 00:40:46,737 - INFO: 15950 move(s) completed (20 accepted (0.1254 %)). Current N = 2. Average N = 1.860
2021-03-26 00:40:55,726 - INFO: 16000 move(s) completed (20 accepted (0.1250 %)). Current N = 2. Average N = 1.860
2021-03-26 00:41:04,223 - INFO: 16050 move(s) completed (20 accepted (0.1246 %)). Current N = 2. Average N = 1.861
2021-03-26 00:41:13,002 - INFO: 16100 move(s) completed (20 accepted (0.1242 %)). Current N = 2. Average N = 1.861
2021-03-26 00:41:22,490 - INFO: 16150 move(s) completed (20 accepted (0.1238 %)). Current N = 2. Average N = 1.861
2021-03-26 00:41:31,245 - INFO: 16200 move(s) completed (20 accepted (0.1235 %)). Current N = 2. Average N = 1.862
2021-03-26 00:41:40,500 - INFO: 16250 move(s) completed (20 accepted (0.1231 %)). Current N = 2. Average N = 1.862
2021-03-26 00:41:49,121 - INFO: 16300 move(s) completed (20 accepted (0.1227 %)). Current N = 2. Average N = 1.863
2021-03-26 00:41:58,175 - INFO: 16350 move(s) completed (20 accepted (0.1223 %)). Current N = 2. Average N = 1.863
2021-03-26 00:42:06,832 - INFO: 16400 move(s) completed (20 accepted (0.1220 %)). Current N = 2. Average N = 1.864
2021-03-26 00:42:15,794 - INFO: 16450 move(s) completed (20 accepted (0.1216 %)). Current N = 2. Average N = 1.864
2021-03-26 00:42:25,089 - INFO: 16500 move(s) completed (20 accepted (0.1212 %)). Current N = 2. Average N = 1.865
2021-03-26 00:42:33,907 - INFO: 16550 move(s) completed (20 accepted (0.1208 %)). Current N = 2. Average N = 1.865
2021-03-26 00:42:42,989 - INFO: 16600 move(s) completed (20 accepted (0.1205 %)). Current N = 2. Average N = 1.865
2021-03-26 00:42:51,514 - INFO: 16650 move(s) completed (20 accepted (0.1201 %)). Current N = 2. Average N = 1.866
2021-03-26 00:43:00,660 - INFO: 16700 move(s) completed (20 accepted (0.1198 %)). Current N = 2. Average N = 1.866
2021-03-26 00:43:09,234 - INFO: 16750 move(s) completed (20 accepted (0.1194 %)). Current N = 2. Average N = 1.867
2021-03-26 00:43:18,144 - INFO: 16800 move(s) completed (20 accepted (0.1190 %)). Current N = 2. Average N = 1.867
2021-03-26 00:43:27,409 - INFO: 16850 move(s) completed (20 accepted (0.1187 %)). Current N = 2. Average N = 1.867
2021-03-26 00:43:35,972 - INFO: 16900 move(s) completed (20 accepted (0.1183 %)). Current N = 2. Average N = 1.868
2021-03-26 00:43:45,354 - INFO: 16950 move(s) completed (20 accepted (0.1180 %)). Current N = 2. Average N = 1.868
2021-03-26 00:43:53,835 - INFO: 17000 move(s) completed (20 accepted (0.1176 %)). Current N = 2. Average N = 1.869
2021-03-26 00:44:02,690 - INFO: 17050 move(s) completed (20 accepted (0.1173 %)). Current N = 2. Average N = 1.869
2021-03-26 00:44:12,117 - INFO: 17100 move(s) completed (20 accepted (0.1170 %)). Current N = 2. Average N = 1.869
2021-03-26 00:44:20,846 - INFO: 17150 move(s) completed (20 accepted (0.1166 %)). Current N = 2. Average N = 1.870
2021-03-26 00:44:29,990 - INFO: 17200 move(s) completed (20 accepted (0.1163 %)). Current N = 2. Average N = 1.870
2021-03-26 00:44:38,516 - INFO: 17250 move(s) completed (20 accepted (0.1159 %)). Current N = 2. Average N = 1.870
2021-03-26 00:44:47,570 - INFO: 17300 move(s) completed (20 accepted (0.1156 %)). Current N = 2. Average N = 1.871
2021-03-26 00:44:56,071 - INFO: 17350 move(s) completed (20 accepted (0.1153 %)). Current N = 2. Average N = 1.871
2021-03-26 00:45:05,058 - INFO: 17400 move(s) completed (20 accepted (0.1149 %)). Current N = 2. Average N = 1.871
2021-03-26 00:45:14,656 - INFO: 17450 move(s) completed (20 accepted (0.1146 %)). Current N = 2. Average N = 1.872
2021-03-26 00:45:23,321 - INFO: 17500 move(s) completed (20 accepted (0.1143 %)). Current N = 2. Average N = 1.872
2021-03-26 00:45:32,739 - INFO: 17550 move(s) completed (20 accepted (0.1140 %)). Current N = 2. Average N = 1.873
2021-03-26 00:45:41,573 - INFO: 17600 move(s) completed (20 accepted (0.1136 %)). Current N = 2. Average N = 1.873
2021-03-26 00:45:50,504 - INFO: 17650 move(s) completed (20 accepted (0.1133 %)). Current N = 2. Average N = 1.873
2021-03-26 00:45:59,834 - INFO: 17700 move(s) completed (20 accepted (0.1130 %)). Current N = 2. Average N = 1.874
2021-03-26 00:46:08,740 - INFO: 17750 move(s) completed (20 accepted (0.1127 %)). Current N = 2. Average N = 1.874
2021-03-26 00:46:17,875 - INFO: 17800 move(s) completed (20 accepted (0.1124 %)). Current N = 2. Average N = 1.874
2021-03-26 00:46:26,430 - INFO: 17850 move(s) completed (20 accepted (0.1120 %)). Current N = 2. Average N = 1.875
2021-03-26 00:46:35,340 - INFO: 17900 move(s) completed (20 accepted (0.1117 %)). Current N = 2. Average N = 1.875
2021-03-26 00:46:43,997 - INFO: 17950 move(s) completed (20 accepted (0.1114 %)). Current N = 2. Average N = 1.875
2021-03-26 00:46:52,882 - INFO: 18000 move(s) completed (20 accepted (0.1111 %)). Current N = 2. Average N = 1.876
2021-03-26 00:47:02,218 - INFO: 18050 move(s) completed (20 accepted (0.1108 %)). Current N = 2. Average N = 1.876
2021-03-26 00:47:10,866 - INFO: 18100 move(s) completed (20 accepted (0.1105 %)). Current N = 2. Average N = 1.877
2021-03-26 00:47:19,956 - INFO: 18150 move(s) completed (20 accepted (0.1102 %)). Current N = 2. Average N = 1.877
2021-03-26 00:47:28,529 - INFO: 18200 move(s) completed (20 accepted (0.1099 %)). Current N = 2. Average N = 1.877
2021-03-26 00:47:37,573 - INFO: 18250 move(s) completed (20 accepted (0.1096 %)). Current N = 2. Average N = 1.877
2021-03-26 00:47:47,077 - INFO: 18300 move(s) completed (20 accepted (0.1093 %)). Current N = 2. Average N = 1.878
2021-03-26 00:47:55,878 - INFO: 18350 move(s) completed (20 accepted (0.1090 %)). Current N = 2. Average N = 1.878
2021-03-26 00:48:04,993 - INFO: 18400 move(s) completed (20 accepted (0.1087 %)). Current N = 2. Average N = 1.879
2021-03-26 00:48:13,491 - INFO: 18450 move(s) completed (20 accepted (0.1084 %)). Current N = 2. Average N = 1.879
2021-03-26 00:48:22,413 - INFO: 18500 move(s) completed (20 accepted (0.1081 %)). Current N = 2. Average N = 1.879
2021-03-26 00:48:31,050 - INFO: 18550 move(s) completed (20 accepted (0.1078 %)). Current N = 2. Average N = 1.879
2021-03-26 00:48:39,983 - INFO: 18600 move(s) completed (20 accepted (0.1075 %)). Current N = 2. Average N = 1.880
2021-03-26 00:48:49,243 - INFO: 18650 move(s) completed (20 accepted (0.1072 %)). Current N = 2. Average N = 1.880
2021-03-26 00:48:58,029 - INFO: 18700 move(s) completed (20 accepted (0.1070 %)). Current N = 2. Average N = 1.880
2021-03-26 00:49:07,212 - INFO: 18750 move(s) completed (20 accepted (0.1067 %)). Current N = 2. Average N = 1.881
2021-03-26 00:49:15,753 - INFO: 18800 move(s) completed (20 accepted (0.1064 %)). Current N = 2. Average N = 1.881
2021-03-26 00:49:24,810 - INFO: 18850 move(s) completed (20 accepted (0.1061 %)). Current N = 2. Average N = 1.881
2021-03-26 00:49:34,087 - INFO: 18900 move(s) completed (20 accepted (0.1058 %)). Current N = 2. Average N = 1.882
2021-03-26 00:49:42,855 - INFO: 18950 move(s) completed (20 accepted (0.1055 %)). Current N = 2. Average N = 1.882
2021-03-26 00:49:51,982 - INFO: 19000 move(s) completed (20 accepted (0.1053 %)). Current N = 2. Average N = 1.882
2021-03-26 00:50:00,692 - INFO: 19050 move(s) completed (20 accepted (0.1050 %)). Current N = 2. Average N = 1.883
2021-03-26 00:50:09,807 - INFO: 19100 move(s) completed (20 accepted (0.1047 %)). Current N = 2. Average N = 1.883
2021-03-26 00:50:18,316 - INFO: 19150 move(s) completed (20 accepted (0.1044 %)). Current N = 2. Average N = 1.883
2021-03-26 00:50:27,075 - INFO: 19200 move(s) completed (20 accepted (0.1042 %)). Current N = 2. Average N = 1.883
2021-03-26 00:50:36,464 - INFO: 19250 move(s) completed (20 accepted (0.1039 %)). Current N = 2. Average N = 1.884
2021-03-26 00:50:45,485 - INFO: 19300 move(s) completed (20 accepted (0.1036 %)). Current N = 2. Average N = 1.884
2021-03-26 00:50:54,476 - INFO: 19350 move(s) completed (20 accepted (0.1034 %)). Current N = 2. Average N = 1.884
2021-03-26 00:51:03,149 - INFO: 19400 move(s) completed (20 accepted (0.1031 %)). Current N = 2. Average N = 1.885
2021-03-26 00:51:11,966 - INFO: 19450 move(s) completed (20 accepted (0.1028 %)). Current N = 2. Average N = 1.885
2021-03-26 00:51:20,547 - INFO: 19500 move(s) completed (20 accepted (0.1026 %)). Current N = 2. Average N = 1.885
2021-03-26 00:51:29,546 - INFO: 19550 move(s) completed (20 accepted (0.1023 %)). Current N = 2. Average N = 1.886
2021-03-26 00:51:38,799 - INFO: 19600 move(s) completed (20 accepted (0.1020 %)). Current N = 2. Average N = 1.886
2021-03-26 00:51:47,531 - INFO: 19650 move(s) completed (20 accepted (0.1018 %)). Current N = 2. Average N = 1.886
2021-03-26 00:51:56,781 - INFO: 19700 move(s) completed (22 accepted (0.1117 %)). Current N = 2. Average N = 1.887
2021-03-26 00:52:05,310 - INFO: 19750 move(s) completed (22 accepted (0.1114 %)). Current N = 2. Average N = 1.888
2021-03-26 00:52:14,082 - INFO: 19800 move(s) completed (22 accepted (0.1111 %)). Current N = 2. Average N = 1.888
2021-03-26 00:52:23,459 - INFO: 19850 move(s) completed (22 accepted (0.1108 %)). Current N = 2. Average N = 1.888
2021-03-26 00:52:32,356 - INFO: 19900 move(s) completed (22 accepted (0.1106 %)). Current N = 2. Average N = 1.889
2021-03-26 00:52:41,417 - INFO: 19950 move(s) completed (22 accepted (0.1103 %)). Current N = 2. Average N = 1.889
2021-03-26 00:52:50,024 - INFO: 20000 move(s) completed (22 accepted (0.1100 %)). Current N = 2. Average N = 1.889
2021-03-26 00:52:59,115 - INFO: 20050 move(s) completed (22 accepted (0.1097 %)). Current N = 2. Average N = 1.889
2021-03-26 00:53:08,587 - INFO: 20100 move(s) completed (22 accepted (0.1095 %)). Current N = 2. Average N = 1.890
2021-03-26 00:53:17,435 - INFO: 20150 move(s) completed (22 accepted (0.1092 %)). Current N = 2. Average N = 1.890
2021-03-26 00:53:26,809 - INFO: 20200 move(s) completed (22 accepted (0.1089 %)). Current N = 2. Average N = 1.890
2021-03-26 00:53:35,705 - INFO: 20250 move(s) completed (22 accepted (0.1086 %)). Current N = 2. Average N = 1.891
2021-03-26 00:53:44,715 - INFO: 20300 move(s) completed (22 accepted (0.1084 %)). Current N = 2. Average N = 1.891
2021-03-26 00:53:54,147 - INFO: 20350 move(s) completed (22 accepted (0.1081 %)). Current N = 2. Average N = 1.891
2021-03-26 00:54:02,834 - INFO: 20400 move(s) completed (23 accepted (0.1127 %)). Current N = 3. Average N = 1.892
2021-03-26 00:54:11,955 - INFO: 20450 move(s) completed (23 accepted (0.1125 %)). Current N = 3. Average N = 1.894
2021-03-26 00:54:20,778 - INFO: 20500 move(s) completed (23 accepted (0.1122 %)). Current N = 3. Average N = 1.897
2021-03-26 00:54:29,817 - INFO: 20550 move(s) completed (23 accepted (0.1119 %)). Current N = 3. Average N = 1.900
2021-03-26 00:54:38,563 - INFO: 20600 move(s) completed (24 accepted (0.1165 %)). Current N = 2. Average N = 1.900
2021-03-26 00:54:47,598 - INFO: 20650 move(s) completed (24 accepted (0.1162 %)). Current N = 2. Average N = 1.900
2021-03-26 00:54:56,181 - INFO: 20700 move(s) completed (24 accepted (0.1159 %)). Current N = 2. Average N = 1.901
2021-03-26 00:55:05,067 - INFO: 20750 move(s) completed (24 accepted (0.1157 %)). Current N = 2. Average N = 1.901
2021-03-26 00:55:14,535 - INFO: 20800 move(s) completed (26 accepted (0.1250 %)). Current N = 2. Average N = 1.902
2021-03-26 00:55:23,229 - INFO: 20850 move(s) completed (26 accepted (0.1247 %)). Current N = 2. Average N = 1.902
2021-03-26 00:55:32,473 - INFO: 20900 move(s) completed (26 accepted (0.1244 %)). Current N = 2. Average N = 1.902
2021-03-26 00:55:41,300 - INFO: 20950 move(s) completed (26 accepted (0.1241 %)). Current N = 2. Average N = 1.903
2021-03-26 00:55:50,511 - INFO: 21000 move(s) completed (26 accepted (0.1238 %)). Current N = 2. Average N = 1.903
2021-03-26 00:55:59,889 - INFO: 21050 move(s) completed (26 accepted (0.1235 %)). Current N = 2. Average N = 1.903
2021-03-26 00:56:09,001 - INFO: 21100 move(s) completed (26 accepted (0.1232 %)). Current N = 2. Average N = 1.903
2021-03-26 00:56:18,134 - INFO: 21150 move(s) completed (26 accepted (0.1229 %)). Current N = 2. Average N = 1.903
2021-03-26 00:56:26,972 - INFO: 21200 move(s) completed (26 accepted (0.1226 %)). Current N = 2. Average N = 1.904
2021-03-26 00:56:35,814 - INFO: 21250 move(s) completed (26 accepted (0.1224 %)). Current N = 2. Average N = 1.904
2021-03-26 00:56:44,464 - INFO: 21300 move(s) completed (26 accepted (0.1221 %)). Current N = 2. Average N = 1.904
2021-03-26 00:56:53,645 - INFO: 21350 move(s) completed (26 accepted (0.1218 %)). Current N = 2. Average N = 1.904
2021-03-26 00:57:03,035 - INFO: 21400 move(s) completed (26 accepted (0.1215 %)). Current N = 2. Average N = 1.905
2021-03-26 00:57:11,847 - INFO: 21450 move(s) completed (26 accepted (0.1212 %)). Current N = 2. Average N = 1.905
2021-03-26 00:57:20,887 - INFO: 21500 move(s) completed (26 accepted (0.1209 %)). Current N = 2. Average N = 1.905
2021-03-26 00:57:29,482 - INFO: 21550 move(s) completed (26 accepted (0.1206 %)). Current N = 2. Average N = 1.905
2021-03-26 00:57:38,388 - INFO: 21600 move(s) completed (26 accepted (0.1204 %)). Current N = 2. Average N = 1.906
2021-03-26 00:57:47,668 - INFO: 21650 move(s) completed (26 accepted (0.1201 %)). Current N = 2. Average N = 1.906
2021-03-26 00:57:56,485 - INFO: 21700 move(s) completed (26 accepted (0.1198 %)). Current N = 2. Average N = 1.906
2021-03-26 00:58:05,652 - INFO: 21750 move(s) completed (26 accepted (0.1195 %)). Current N = 2. Average N = 1.906
2021-03-26 00:58:14,230 - INFO: 21800 move(s) completed (26 accepted (0.1193 %)). Current N = 2. Average N = 1.906
2021-03-26 00:58:23,006 - INFO: 21850 move(s) completed (26 accepted (0.1190 %)). Current N = 2. Average N = 1.907
2021-03-26 00:58:32,247 - INFO: 21900 move(s) completed (26 accepted (0.1187 %)). Current N = 2. Average N = 1.907
2021-03-26 00:58:40,901 - INFO: 21950 move(s) completed (26 accepted (0.1185 %)). Current N = 2. Average N = 1.907
2021-03-26 00:58:49,802 - INFO: 22000 move(s) completed (26 accepted (0.1182 %)). Current N = 2. Average N = 1.907
2021-03-26 00:58:58,597 - INFO: 22050 move(s) completed (28 accepted (0.1270 %)). Current N = 2. Average N = 1.907
2021-03-26 00:59:07,717 - INFO: 22100 move(s) completed (28 accepted (0.1267 %)). Current N = 2. Average N = 1.908
2021-03-26 00:59:16,227 - INFO: 22150 move(s) completed (28 accepted (0.1264 %)). Current N = 2. Average N = 1.908
2021-03-26 00:59:25,190 - INFO: 22200 move(s) completed (28 accepted (0.1261 %)). Current N = 2. Average N = 1.908
2021-03-26 00:59:34,294 - INFO: 22250 move(s) completed (28 accepted (0.1258 %)). Current N = 2. Average N = 1.908
2021-03-26 00:59:42,704 - INFO: 22300 move(s) completed (28 accepted (0.1256 %)). Current N = 2. Average N = 1.909
2021-03-26 00:59:51,908 - INFO: 22350 move(s) completed (28 accepted (0.1253 %)). Current N = 2. Average N = 1.909
2021-03-26 01:00:00,802 - INFO: 22400 move(s) completed (28 accepted (0.1250 %)). Current N = 2. Average N = 1.909
2021-03-26 01:00:09,823 - INFO: 22450 move(s) completed (28 accepted (0.1247 %)). Current N = 2. Average N = 1.909
2021-03-26 01:00:19,115 - INFO: 22500 move(s) completed (28 accepted (0.1244 %)). Current N = 2. Average N = 1.909
2021-03-26 01:00:28,303 - INFO: 22550 move(s) completed (28 accepted (0.1242 %)). Current N = 2. Average N = 1.910
2021-03-26 01:00:37,383 - INFO: 22600 move(s) completed (28 accepted (0.1239 %)). Current N = 2. Average N = 1.910
2021-03-26 01:00:46,231 - INFO: 22650 move(s) completed (28 accepted (0.1236 %)). Current N = 2. Average N = 1.910
2021-03-26 01:00:55,194 - INFO: 22700 move(s) completed (28 accepted (0.1233 %)). Current N = 2. Average N = 1.910
2021-03-26 01:01:03,613 - INFO: 22750 move(s) completed (28 accepted (0.1231 %)). Current N = 2. Average N = 1.910
2021-03-26 01:01:12,482 - INFO: 22800 move(s) completed (28 accepted (0.1228 %)). Current N = 2. Average N = 1.911
2021-03-26 01:01:21,677 - INFO: 22850 move(s) completed (28 accepted (0.1225 %)). Current N = 2. Average N = 1.911
2021-03-26 01:01:30,548 - INFO: 22900 move(s) completed (28 accepted (0.1223 %)). Current N = 2. Average N = 1.911
2021-03-26 01:01:39,636 - INFO: 22950 move(s) completed (28 accepted (0.1220 %)). Current N = 2. Average N = 1.911
2021-03-26 01:01:48,355 - INFO: 23000 move(s) completed (28 accepted (0.1217 %)). Current N = 2. Average N = 1.911
2021-03-26 01:01:57,389 - INFO: 23050 move(s) completed (28 accepted (0.1215 %)). Current N = 2. Average N = 1.911
2021-03-26 01:02:05,954 - INFO: 23100 move(s) completed (28 accepted (0.1212 %)). Current N = 2. Average N = 1.912
2021-03-26 01:02:14,583 - INFO: 23150 move(s) completed (28 accepted (0.1210 %)). Current N = 2. Average N = 1.912
2021-03-26 01:02:23,330 - INFO: 23200 move(s) completed (28 accepted (0.1207 %)). Current N = 2. Average N = 1.912
2021-03-26 01:02:32,232 - INFO: 23250 move(s) completed (28 accepted (0.1204 %)). Current N = 2. Average N = 1.912
2021-03-26 01:02:41,487 - INFO: 23300 move(s) completed (28 accepted (0.1202 %)). Current N = 2. Average N = 1.913
2021-03-26 01:02:50,184 - INFO: 23350 move(s) completed (28 accepted (0.1199 %)). Current N = 2. Average N = 1.913
2021-03-26 01:02:59,207 - INFO: 23400 move(s) completed (28 accepted (0.1197 %)). Current N = 2. Average N = 1.913
2021-03-26 01:03:07,948 - INFO: 23450 move(s) completed (28 accepted (0.1194 %)). Current N = 2. Average N = 1.913
2021-03-26 01:03:16,954 - INFO: 23500 move(s) completed (28 accepted (0.1191 %)). Current N = 2. Average N = 1.913
2021-03-26 01:03:26,220 - INFO: 23550 move(s) completed (28 accepted (0.1189 %)). Current N = 2. Average N = 1.913
2021-03-26 01:03:35,109 - INFO: 23600 move(s) completed (28 accepted (0.1186 %)). Current N = 2. Average N = 1.914
2021-03-26 01:03:44,481 - INFO: 23650 move(s) completed (28 accepted (0.1184 %)). Current N = 2. Average N = 1.914
2021-03-26 01:03:53,404 - INFO: 23700 move(s) completed (28 accepted (0.1181 %)). Current N = 2. Average N = 1.914
2021-03-26 01:04:02,362 - INFO: 23750 move(s) completed (28 accepted (0.1179 %)). Current N = 2. Average N = 1.914
2021-03-26 01:04:11,675 - INFO: 23800 move(s) completed (28 accepted (0.1176 %)). Current N = 2. Average N = 1.914
2021-03-26 01:04:20,598 - INFO: 23850 move(s) completed (28 accepted (0.1174 %)). Current N = 2. Average N = 1.915
2021-03-26 01:04:29,568 - INFO: 23900 move(s) completed (28 accepted (0.1172 %)). Current N = 2. Average N = 1.915
2021-03-26 01:04:38,472 - INFO: 23950 move(s) completed (28 accepted (0.1169 %)). Current N = 2. Average N = 1.915
2021-03-26 01:04:47,623 - INFO: 24000 move(s) completed (28 accepted (0.1167 %)). Current N = 2. Average N = 1.915
2021-03-26 01:04:56,471 - INFO: 24050 move(s) completed (28 accepted (0.1164 %)). Current N = 2. Average N = 1.915
2021-03-26 01:05:05,564 - INFO: 24100 move(s) completed (28 accepted (0.1162 %)). Current N = 2. Average N = 1.915
2021-03-26 01:05:13,989 - INFO: 24150 move(s) completed (28 accepted (0.1159 %)). Current N = 2. Average N = 1.916
2021-03-26 01:05:22,803 - INFO: 24200 move(s) completed (28 accepted (0.1157 %)). Current N = 2. Average N = 1.916
2021-03-26 01:05:32,290 - INFO: 24250 move(s) completed (28 accepted (0.1155 %)). Current N = 2. Average N = 1.916
2021-03-26 01:05:41,082 - INFO: 24300 move(s) completed (28 accepted (0.1152 %)). Current N = 2. Average N = 1.916
2021-03-26 01:05:50,297 - INFO: 24350 move(s) completed (28 accepted (0.1150 %)). Current N = 2. Average N = 1.916
2021-03-26 01:05:58,967 - INFO: 24400 move(s) completed (28 accepted (0.1148 %)). Current N = 2. Average N = 1.916
2021-03-26 01:06:08,089 - INFO: 24450 move(s) completed (28 accepted (0.1145 %)). Current N = 2. Average N = 1.917
2021-03-26 01:06:16,636 - INFO: 24500 move(s) completed (28 accepted (0.1143 %)). Current N = 2. Average N = 1.917
2021-03-26 01:06:25,439 - INFO: 24550 move(s) completed (28 accepted (0.1141 %)). Current N = 2. Average N = 1.917
2021-03-26 01:06:34,660 - INFO: 24600 move(s) completed (28 accepted (0.1138 %)). Current N = 2. Average N = 1.917
2021-03-26 01:06:43,563 - INFO: 24650 move(s) completed (28 accepted (0.1136 %)). Current N = 2. Average N = 1.917
2021-03-26 01:06:52,820 - INFO: 24700 move(s) completed (28 accepted (0.1134 %)). Current N = 2. Average N = 1.917
2021-03-26 01:07:01,643 - INFO: 24750 move(s) completed (28 accepted (0.1131 %)). Current N = 2. Average N = 1.918
2021-03-26 01:07:10,800 - INFO: 24800 move(s) completed (28 accepted (0.1129 %)). Current N = 2. Average N = 1.918
2021-03-26 01:07:19,774 - INFO: 24850 move(s) completed (28 accepted (0.1127 %)). Current N = 2. Average N = 1.918
2021-03-26 01:07:28,599 - INFO: 24900 move(s) completed (28 accepted (0.1124 %)). Current N = 2. Average N = 1.918
2021-03-26 01:07:38,001 - INFO: 24950 move(s) completed (28 accepted (0.1122 %)). Current N = 2. Average N = 1.918
2021-03-26 01:07:46,635 - INFO: 25000 move(s) completed (28 accepted (0.1120 %)). Current N = 2. Average N = 1.918
2021-03-26 01:07:55,704 - INFO: 25050 move(s) completed (28 accepted (0.1118 %)). Current N = 2. Average N = 1.919
2021-03-26 01:08:04,318 - INFO: 25100 move(s) completed (28 accepted (0.1116 %)). Current N = 2. Average N = 1.919
2021-03-26 01:08:13,226 - INFO: 25150 move(s) completed (28 accepted (0.1113 %)). Current N = 2. Average N = 1.919
2021-03-26 01:08:22,515 - INFO: 25200 move(s) completed (28 accepted (0.1111 %)). Current N = 2. Average N = 1.919
2021-03-26 01:08:31,423 - INFO: 25250 move(s) completed (28 accepted (0.1109 %)). Current N = 2. Average N = 1.919
2021-03-26 01:08:40,645 - INFO: 25300 move(s) completed (28 accepted (0.1107 %)). Current N = 2. Average N = 1.919
2021-03-26 01:08:49,544 - INFO: 25350 move(s) completed (28 accepted (0.1105 %)). Current N = 2. Average N = 1.920
2021-03-26 01:08:58,515 - INFO: 25400 move(s) completed (28 accepted (0.1102 %)). Current N = 2. Average N = 1.920
2021-03-26 01:09:07,160 - INFO: 25450 move(s) completed (28 accepted (0.1100 %)). Current N = 2. Average N = 1.920
2021-03-26 01:09:16,180 - INFO: 25500 move(s) completed (28 accepted (0.1098 %)). Current N = 2. Average N = 1.920
2021-03-26 01:09:25,324 - INFO: 25550 move(s) completed (28 accepted (0.1096 %)). Current N = 2. Average N = 1.920
2021-03-26 01:09:34,124 - INFO: 25600 move(s) completed (28 accepted (0.1094 %)). Current N = 2. Average N = 1.920
2021-03-26 01:09:43,311 - INFO: 25650 move(s) completed (28 accepted (0.1092 %)). Current N = 2. Average N = 1.921
2021-03-26 01:09:52,261 - INFO: 25700 move(s) completed (28 accepted (0.1089 %)). Current N = 2. Average N = 1.921
2021-03-26 01:10:01,206 - INFO: 25750 move(s) completed (28 accepted (0.1087 %)). Current N = 2. Average N = 1.921
2021-03-26 01:10:10,491 - INFO: 25800 move(s) completed (28 accepted (0.1085 %)). Current N = 2. Average N = 1.921
2021-03-26 01:10:19,154 - INFO: 25850 move(s) completed (28 accepted (0.1083 %)). Current N = 2. Average N = 1.921
2021-03-26 01:10:28,424 - INFO: 25900 move(s) completed (28 accepted (0.1081 %)). Current N = 2. Average N = 1.921
2021-03-26 01:10:37,072 - INFO: 25950 move(s) completed (28 accepted (0.1079 %)). Current N = 2. Average N = 1.921
2021-03-26 01:10:45,889 - INFO: 26000 move(s) completed (28 accepted (0.1077 %)). Current N = 2. Average N = 1.922
2021-03-26 01:10:55,344 - INFO: 26050 move(s) completed (28 accepted (0.1075 %)). Current N = 2. Average N = 1.922
2021-03-26 01:11:04,227 - INFO: 26100 move(s) completed (28 accepted (0.1073 %)). Current N = 2. Average N = 1.922
2021-03-26 01:11:13,451 - INFO: 26150 move(s) completed (28 accepted (0.1071 %)). Current N = 2. Average N = 1.922
2021-03-26 01:11:22,410 - INFO: 26200 move(s) completed (28 accepted (0.1069 %)). Current N = 2. Average N = 1.922
2021-03-26 01:11:31,333 - INFO: 26250 move(s) completed (28 accepted (0.1067 %)). Current N = 2. Average N = 1.922
2021-03-26 01:11:39,828 - INFO: 26300 move(s) completed (28 accepted (0.1065 %)). Current N = 2. Average N = 1.923
2021-03-26 01:11:48,675 - INFO: 26350 move(s) completed (28 accepted (0.1063 %)). Current N = 2. Average N = 1.923
2021-03-26 01:11:57,913 - INFO: 26400 move(s) completed (28 accepted (0.1061 %)). Current N = 2. Average N = 1.923
2021-03-26 01:12:06,764 - INFO: 26450 move(s) completed (28 accepted (0.1059 %)). Current N = 2. Average N = 1.923
2021-03-26 01:12:15,940 - INFO: 26500 move(s) completed (28 accepted (0.1057 %)). Current N = 2. Average N = 1.923
2021-03-26 01:12:24,719 - INFO: 26550 move(s) completed (28 accepted (0.1055 %)). Current N = 2. Average N = 1.923
2021-03-26 01:12:33,868 - INFO: 26600 move(s) completed (28 accepted (0.1053 %)). Current N = 2. Average N = 1.923
2021-03-26 01:12:42,398 - INFO: 26650 move(s) completed (28 accepted (0.1051 %)). Current N = 2. Average N = 1.923
2021-03-26 01:12:51,328 - INFO: 26700 move(s) completed (28 accepted (0.1049 %)). Current N = 2. Average N = 1.924
2021-03-26 01:13:00,686 - INFO: 26750 move(s) completed (28 accepted (0.1047 %)). Current N = 2. Average N = 1.924
2021-03-26 01:13:09,503 - INFO: 26800 move(s) completed (28 accepted (0.1045 %)). Current N = 2. Average N = 1.924
2021-03-26 01:13:18,865 - INFO: 26850 move(s) completed (28 accepted (0.1043 %)). Current N = 2. Average N = 1.924
2021-03-26 01:13:27,323 - INFO: 26900 move(s) completed (28 accepted (0.1041 %)). Current N = 2. Average N = 1.924
2021-03-26 01:13:36,326 - INFO: 26950 move(s) completed (28 accepted (0.1039 %)). Current N = 2. Average N = 1.924
2021-03-26 01:13:45,640 - INFO: 27000 move(s) completed (28 accepted (0.1037 %)). Current N = 2. Average N = 1.925
2021-03-26 01:13:54,339 - INFO: 27050 move(s) completed (28 accepted (0.1035 %)). Current N = 2. Average N = 1.925
2021-03-26 01:14:03,269 - INFO: 27100 move(s) completed (29 accepted (0.1070 %)). Current N = 3. Average N = 1.925
2021-03-26 01:14:12,106 - INFO: 27150 move(s) completed (30 accepted (0.1105 %)). Current N = 2. Average N = 1.926
2021-03-26 01:14:21,239 - INFO: 27200 move(s) completed (30 accepted (0.1103 %)). Current N = 2. Average N = 1.927
2021-03-26 01:14:29,544 - INFO: 27250 move(s) completed (30 accepted (0.1101 %)). Current N = 2. Average N = 1.927
2021-03-26 01:14:38,486 - INFO: 27300 move(s) completed (30 accepted (0.1099 %)). Current N = 2. Average N = 1.927
2021-03-26 01:14:47,832 - INFO: 27350 move(s) completed (30 accepted (0.1097 %)). Current N = 2. Average N = 1.927
2021-03-26 01:14:56,839 - INFO: 27400 move(s) completed (30 accepted (0.1095 %)). Current N = 2. Average N = 1.927
2021-03-26 01:15:06,179 - INFO: 27450 move(s) completed (30 accepted (0.1093 %)). Current N = 2. Average N = 1.927
2021-03-26 01:15:15,047 - INFO: 27500 move(s) completed (30 accepted (0.1091 %)). Current N = 2. Average N = 1.927
2021-03-26 01:15:24,203 - INFO: 27550 move(s) completed (30 accepted (0.1089 %)). Current N = 2. Average N = 1.927
2021-03-26 01:15:33,614 - INFO: 27600 move(s) completed (30 accepted (0.1087 %)). Current N = 2. Average N = 1.928
2021-03-26 01:15:42,293 - INFO: 27650 move(s) completed (30 accepted (0.1085 %)). Current N = 2. Average N = 1.928
2021-03-26 01:15:51,345 - INFO: 27700 move(s) completed (30 accepted (0.1083 %)). Current N = 2. Average N = 1.928
2021-03-26 01:16:00,350 - INFO: 27750 move(s) completed (30 accepted (0.1081 %)). Current N = 2. Average N = 1.928
2021-03-26 01:16:09,525 - INFO: 27800 move(s) completed (30 accepted (0.1079 %)). Current N = 2. Average N = 1.928
2021-03-26 01:16:18,313 - INFO: 27850 move(s) completed (30 accepted (0.1077 %)). Current N = 2. Average N = 1.928
2021-03-26 01:16:27,185 - INFO: 27900 move(s) completed (30 accepted (0.1075 %)). Current N = 2. Average N = 1.928
2021-03-26 01:16:36,218 - INFO: 27950 move(s) completed (30 accepted (0.1073 %)). Current N = 2. Average N = 1.929
2021-03-26 01:16:45,147 - INFO: 28000 move(s) completed (30 accepted (0.1071 %)). Current N = 2. Average N = 1.929
2021-03-26 01:16:54,513 - INFO: 28050 move(s) completed (30 accepted (0.1070 %)). Current N = 2. Average N = 1.929
2021-03-26 01:17:03,184 - INFO: 28100 move(s) completed (30 accepted (0.1068 %)). Current N = 2. Average N = 1.929
2021-03-26 01:17:12,304 - INFO: 28150 move(s) completed (30 accepted (0.1066 %)). Current N = 2. Average N = 1.929
2021-03-26 01:17:21,577 - INFO: 28200 move(s) completed (30 accepted (0.1064 %)). Current N = 2. Average N = 1.929
2021-03-26 01:17:30,507 - INFO: 28250 move(s) completed (30 accepted (0.1062 %)). Current N = 2. Average N = 1.929
2021-03-26 01:17:39,693 - INFO: 28300 move(s) completed (30 accepted (0.1060 %)). Current N = 2. Average N = 1.929
2021-03-26 01:17:48,562 - INFO: 28350 move(s) completed (30 accepted (0.1058 %)). Current N = 2. Average N = 1.929
2021-03-26 01:17:57,687 - INFO: 28400 move(s) completed (30 accepted (0.1056 %)). Current N = 2. Average N = 1.930
2021-03-26 01:18:06,171 - INFO: 28450 move(s) completed (30 accepted (0.1054 %)). Current N = 2. Average N = 1.930
2021-03-26 01:18:15,092 - INFO: 28500 move(s) completed (30 accepted (0.1053 %)). Current N = 2. Average N = 1.930
2021-03-26 01:18:24,486 - INFO: 28550 move(s) completed (30 accepted (0.1051 %)). Current N = 2. Average N = 1.930
2021-03-26 01:18:33,389 - INFO: 28600 move(s) completed (30 accepted (0.1049 %)). Current N = 2. Average N = 1.930
2021-03-26 01:18:42,593 - INFO: 28650 move(s) completed (30 accepted (0.1047 %)). Current N = 2. Average N = 1.930
2021-03-26 01:18:51,348 - INFO: 28700 move(s) completed (30 accepted (0.1045 %)). Current N = 2. Average N = 1.930
2021-03-26 01:19:00,577 - INFO: 28750 move(s) completed (30 accepted (0.1043 %)). Current N = 2. Average N = 1.931
2021-03-26 01:19:09,134 - INFO: 28800 move(s) completed (30 accepted (0.1042 %)). Current N = 2. Average N = 1.931
2021-03-26 01:19:18,047 - INFO: 28850 move(s) completed (30 accepted (0.1040 %)). Current N = 2. Average N = 1.931
2021-03-26 01:19:27,175 - INFO: 28900 move(s) completed (30 accepted (0.1038 %)). Current N = 2. Average N = 1.931
2021-03-26 01:19:36,008 - INFO: 28950 move(s) completed (30 accepted (0.1036 %)). Current N = 2. Average N = 1.931
2021-03-26 01:19:44,932 - INFO: 29000 move(s) completed (30 accepted (0.1034 %)). Current N = 2. Average N = 1.931
2021-03-26 01:19:53,588 - INFO: 29050 move(s) completed (30 accepted (0.1033 %)). Current N = 2. Average N = 1.931
2021-03-26 01:20:02,804 - INFO: 29100 move(s) completed (32 accepted (0.1100 %)). Current N = 2. Average N = 1.933
2021-03-26 01:20:12,290 - INFO: 29150 move(s) completed (32 accepted (0.1098 %)). Current N = 2. Average N = 1.933
2021-03-26 01:20:21,034 - INFO: 29200 move(s) completed (32 accepted (0.1096 %)). Current N = 2. Average N = 1.933
2021-03-26 01:20:30,330 - INFO: 29250 move(s) completed (32 accepted (0.1094 %)). Current N = 2. Average N = 1.933
2021-03-26 01:20:38,899 - INFO: 29300 move(s) completed (32 accepted (0.1092 %)). Current N = 2. Average N = 1.933
2021-03-26 01:20:48,213 - INFO: 29350 move(s) completed (32 accepted (0.1090 %)). Current N = 2. Average N = 1.933
2021-03-26 01:20:57,045 - INFO: 29400 move(s) completed (32 accepted (0.1088 %)). Current N = 2. Average N = 1.933
2021-03-26 01:21:05,947 - INFO: 29450 move(s) completed (32 accepted (0.1087 %)). Current N = 2. Average N = 1.933
2021-03-26 01:21:15,295 - INFO: 29500 move(s) completed (32 accepted (0.1085 %)). Current N = 2. Average N = 1.934
2021-03-26 01:21:24,099 - INFO: 29550 move(s) completed (32 accepted (0.1083 %)). Current N = 2. Average N = 1.934
2021-03-26 01:21:33,227 - INFO: 29600 move(s) completed (32 accepted (0.1081 %)). Current N = 2. Average N = 1.934
2021-03-26 01:21:41,959 - INFO: 29650 move(s) completed (32 accepted (0.1079 %)). Current N = 2. Average N = 1.934
2021-03-26 01:21:50,839 - INFO: 29700 move(s) completed (34 accepted (0.1145 %)). Current N = 2. Average N = 1.934
2021-03-26 01:22:00,112 - INFO: 29750 move(s) completed (34 accepted (0.1143 %)). Current N = 2. Average N = 1.934
2021-03-26 01:22:09,057 - INFO: 29800 move(s) completed (34 accepted (0.1141 %)). Current N = 2. Average N = 1.934
2021-03-26 01:22:18,160 - INFO: 29850 move(s) completed (34 accepted (0.1139 %)). Current N = 2. Average N = 1.934
2021-03-26 01:22:27,052 - INFO: 29900 move(s) completed (34 accepted (0.1137 %)). Current N = 2. Average N = 1.935
2021-03-26 01:22:36,203 - INFO: 29950 move(s) completed (34 accepted (0.1135 %)). Current N = 2. Average N = 1.935
2021-03-26 01:22:44,805 - INFO: 30000 move(s) completed (34 accepted (0.1133 %)). Current N = 2. Average N = 1.935
2021-03-26 01:22:53,831 - INFO: 30050 move(s) completed (34 accepted (0.1131 %)). Current N = 2. Average N = 1.935
2021-03-26 01:23:03,117 - INFO: 30100 move(s) completed (34 accepted (0.1130 %)). Current N = 2. Average N = 1.935
2021-03-26 01:23:12,055 - INFO: 30150 move(s) completed (34 accepted (0.1128 %)). Current N = 2. Average N = 1.935
2021-03-26 01:23:21,161 - INFO: 30200 move(s) completed (34 accepted (0.1126 %)). Current N = 2. Average N = 1.935
2021-03-26 01:23:29,782 - INFO: 30250 move(s) completed (34 accepted (0.1124 %)). Current N = 2. Average N = 1.935
2021-03-26 01:23:38,609 - INFO: 30300 move(s) completed (34 accepted (0.1122 %)). Current N = 2. Average N = 1.935
2021-03-26 01:23:47,408 - INFO: 30350 move(s) completed (34 accepted (0.1120 %)). Current N = 2. Average N = 1.935
2021-03-26 01:23:56,605 - INFO: 30400 move(s) completed (34 accepted (0.1118 %)). Current N = 2. Average N = 1.936
2021-03-26 01:24:05,959 - INFO: 30450 move(s) completed (34 accepted (0.1117 %)). Current N = 2. Average N = 1.936
2021-03-26 01:24:14,832 - INFO: 30500 move(s) completed (36 accepted (0.1180 %)). Current N = 2. Average N = 1.936
2021-03-26 01:24:23,852 - INFO: 30550 move(s) completed (36 accepted (0.1178 %)). Current N = 2. Average N = 1.936
2021-03-26 01:24:32,641 - INFO: 30600 move(s) completed (36 accepted (0.1176 %)). Current N = 2. Average N = 1.936
2021-03-26 01:24:41,949 - INFO: 30650 move(s) completed (36 accepted (0.1175 %)). Current N = 2. Average N = 1.936
2021-03-26 01:24:51,428 - INFO: 30700 move(s) completed (36 accepted (0.1173 %)). Current N = 2. Average N = 1.936
2021-03-26 01:25:00,162 - INFO: 30750 move(s) completed (36 accepted (0.1171 %)). Current N = 2. Average N = 1.937
2021-03-26 01:25:09,315 - INFO: 30800 move(s) completed (36 accepted (0.1169 %)). Current N = 2. Average N = 1.937
2021-03-26 01:25:17,972 - INFO: 30850 move(s) completed (36 accepted (0.1167 %)). Current N = 2. Average N = 1.937
2021-03-26 01:25:26,983 - INFO: 30900 move(s) completed (36 accepted (0.1165 %)). Current N = 2. Average N = 1.937
2021-03-26 01:25:36,071 - INFO: 30950 move(s) completed (36 accepted (0.1163 %)). Current N = 2. Average N = 1.937
2021-03-26 01:25:44,627 - INFO: 31000 move(s) completed (36 accepted (0.1161 %)). Current N = 2. Average N = 1.937
2021-03-26 01:25:54,000 - INFO: 31050 move(s) completed (36 accepted (0.1159 %)). Current N = 2. Average N = 1.937
2021-03-26 01:26:02,352 - INFO: 31100 move(s) completed (36 accepted (0.1158 %)). Current N = 2. Average N = 1.937
2021-03-26 01:26:11,330 - INFO: 31150 move(s) completed (36 accepted (0.1156 %)). Current N = 2. Average N = 1.937
2021-03-26 01:26:20,628 - INFO: 31200 move(s) completed (36 accepted (0.1154 %)). Current N = 2. Average N = 1.937
2021-03-26 01:26:29,487 - INFO: 31250 move(s) completed (36 accepted (0.1152 %)). Current N = 2. Average N = 1.938
2021-03-26 01:26:38,534 - INFO: 31300 move(s) completed (37 accepted (0.1182 %)). Current N = 3. Average N = 1.938
2021-03-26 01:26:47,296 - INFO: 31350 move(s) completed (37 accepted (0.1180 %)). Current N = 3. Average N = 1.940
2021-03-26 01:26:56,396 - INFO: 31400 move(s) completed (37 accepted (0.1178 %)). Current N = 3. Average N = 1.942
2021-03-26 01:27:05,203 - INFO: 31450 move(s) completed (37 accepted (0.1176 %)). Current N = 3. Average N = 1.944
2021-03-26 01:27:13,713 - INFO: 31500 move(s) completed (37 accepted (0.1175 %)). Current N = 3. Average N = 1.945
2021-03-26 01:27:22,933 - INFO: 31550 move(s) completed (37 accepted (0.1173 %)). Current N = 3. Average N = 1.947
2021-03-26 01:27:31,761 - INFO: 31600 move(s) completed (37 accepted (0.1171 %)). Current N = 3. Average N = 1.948
2021-03-26 01:27:40,968 - INFO: 31650 move(s) completed (37 accepted (0.1169 %)). Current N = 3. Average N = 1.950
2021-03-26 01:27:49,698 - INFO: 31700 move(s) completed (37 accepted (0.1167 %)). Current N = 3. Average N = 1.952
2021-03-26 01:27:58,925 - INFO: 31750 move(s) completed (37 accepted (0.1165 %)). Current N = 3. Average N = 1.954
2021-03-26 01:28:07,468 - INFO: 31800 move(s) completed (37 accepted (0.1164 %)). Current N = 3. Average N = 1.955
2021-03-26 01:28:16,413 - INFO: 31850 move(s) completed (37 accepted (0.1162 %)). Current N = 3. Average N = 1.957
2021-03-26 01:28:25,568 - INFO: 31900 move(s) completed (37 accepted (0.1160 %)). Current N = 3. Average N = 1.958
2021-03-26 01:28:34,367 - INFO: 31950 move(s) completed (37 accepted (0.1158 %)). Current N = 3. Average N = 1.960
2021-03-26 01:28:43,417 - INFO: 32000 move(s) completed (37 accepted (0.1156 %)). Current N = 3. Average N = 1.962
2021-03-26 01:28:51,862 - INFO: 32050 move(s) completed (37 accepted (0.1154 %)). Current N = 3. Average N = 1.963
2021-03-26 01:29:00,860 - INFO: 32100 move(s) completed (37 accepted (0.1153 %)). Current N = 3. Average N = 1.965
2021-03-26 01:29:10,232 - INFO: 32150 move(s) completed (37 accepted (0.1151 %)). Current N = 3. Average N = 1.966
2021-03-26 01:29:19,038 - INFO: 32200 move(s) completed (38 accepted (0.1180 %)). Current N = 2. Average N = 1.967
2021-03-26 01:29:28,148 - INFO: 32250 move(s) completed (38 accepted (0.1178 %)). Current N = 2. Average N = 1.967
2021-03-26 01:29:36,814 - INFO: 32300 move(s) completed (38 accepted (0.1176 %)). Current N = 2. Average N = 1.967
2021-03-26 01:29:45,821 - INFO: 32350 move(s) completed (38 accepted (0.1175 %)). Current N = 2. Average N = 1.967
2021-03-26 01:29:54,286 - INFO: 32400 move(s) completed (38 accepted (0.1173 %)). Current N = 2. Average N = 1.967
2021-03-26 01:30:03,132 - INFO: 32450 move(s) completed (38 accepted (0.1171 %)). Current N = 2. Average N = 1.967
2021-03-26 01:30:12,581 - INFO: 32500 move(s) completed (38 accepted (0.1169 %)). Current N = 2. Average N = 1.967
2021-03-26 01:30:21,235 - INFO: 32550 move(s) completed (38 accepted (0.1167 %)). Current N = 2. Average N = 1.967
2021-03-26 01:30:30,604 - INFO: 32600 move(s) completed (38 accepted (0.1166 %)). Current N = 2. Average N = 1.967
2021-03-26 01:30:39,217 - INFO: 32650 move(s) completed (38 accepted (0.1164 %)). Current N = 2. Average N = 1.967
2021-03-26 01:30:48,402 - INFO: 32700 move(s) completed (38 accepted (0.1162 %)). Current N = 2. Average N = 1.967
2021-03-26 01:30:56,851 - INFO: 32750 move(s) completed (38 accepted (0.1160 %)). Current N = 2. Average N = 1.967
2021-03-26 01:31:05,761 - INFO: 32800 move(s) completed (38 accepted (0.1159 %)). Current N = 2. Average N = 1.967
2021-03-26 01:31:14,993 - INFO: 32850 move(s) completed (38 accepted (0.1157 %)). Current N = 2. Average N = 1.967
2021-03-26 01:31:23,891 - INFO: 32900 move(s) completed (38 accepted (0.1155 %)). Current N = 2. Average N = 1.967
2021-03-26 01:31:32,995 - INFO: 32950 move(s) completed (38 accepted (0.1153 %)). Current N = 2. Average N = 1.967
2021-03-26 01:31:41,950 - INFO: 33000 move(s) completed (38 accepted (0.1152 %)). Current N = 2. Average N = 1.967
2021-03-26 01:31:50,847 - INFO: 33050 move(s) completed (38 accepted (0.1150 %)). Current N = 2. Average N = 1.968
2021-03-26 01:32:00,283 - INFO: 33100 move(s) completed (38 accepted (0.1148 %)). Current N = 2. Average N = 1.968
2021-03-26 01:32:09,234 - INFO: 33150 move(s) completed (38 accepted (0.1146 %)). Current N = 2. Average N = 1.968
2021-03-26 01:32:18,432 - INFO: 33200 move(s) completed (38 accepted (0.1145 %)). Current N = 2. Average N = 1.968
2021-03-26 01:32:27,088 - INFO: 33250 move(s) completed (38 accepted (0.1143 %)). Current N = 2. Average N = 1.968
2021-03-26 01:32:35,930 - INFO: 33300 move(s) completed (38 accepted (0.1141 %)). Current N = 2. Average N = 1.968
2021-03-26 01:32:44,575 - INFO: 33350 move(s) completed (38 accepted (0.1139 %)). Current N = 2. Average N = 1.968
2021-03-26 01:32:53,514 - INFO: 33400 move(s) completed (38 accepted (0.1138 %)). Current N = 2. Average N = 1.968
2021-03-26 01:33:02,658 - INFO: 33450 move(s) completed (38 accepted (0.1136 %)). Current N = 2. Average N = 1.968
2021-03-26 01:33:11,498 - INFO: 33500 move(s) completed (38 accepted (0.1134 %)). Current N = 2. Average N = 1.968
2021-03-26 01:33:20,789 - INFO: 33550 move(s) completed (38 accepted (0.1133 %)). Current N = 2. Average N = 1.968
2021-03-26 01:33:29,682 - INFO: 33600 move(s) completed (38 accepted (0.1131 %)). Current N = 2. Average N = 1.968
2021-03-26 01:33:38,646 - INFO: 33650 move(s) completed (38 accepted (0.1129 %)). Current N = 2. Average N = 1.968
2021-03-26 01:33:48,114 - INFO: 33700 move(s) completed (38 accepted (0.1128 %)). Current N = 2. Average N = 1.968
2021-03-26 01:33:56,803 - INFO: 33750 move(s) completed (38 accepted (0.1126 %)). Current N = 2. Average N = 1.968
2021-03-26 01:34:06,156 - INFO: 33800 move(s) completed (38 accepted (0.1124 %)). Current N = 2. Average N = 1.968
2021-03-26 01:34:14,807 - INFO: 33850 move(s) completed (38 accepted (0.1123 %)). Current N = 2. Average N = 1.968
2021-03-26 01:34:23,741 - INFO: 33900 move(s) completed (38 accepted (0.1121 %)). Current N = 2. Average N = 1.968
2021-03-26 01:34:32,246 - INFO: 33950 move(s) completed (38 accepted (0.1119 %)). Current N = 2. Average N = 1.968
2021-03-26 01:34:40,961 - INFO: 34000 move(s) completed (38 accepted (0.1118 %)). Current N = 2. Average N = 1.968
2021-03-26 01:34:50,238 - INFO: 34050 move(s) completed (38 accepted (0.1116 %)). Current N = 2. Average N = 1.968
2021-03-26 01:34:59,100 - INFO: 34100 move(s) completed (38 accepted (0.1114 %)). Current N = 2. Average N = 1.968
2021-03-26 01:35:08,331 - INFO: 34150 move(s) completed (38 accepted (0.1113 %)). Current N = 2. Average N = 1.968
2021-03-26 01:35:17,067 - INFO: 34200 move(s) completed (38 accepted (0.1111 %)). Current N = 2. Average N = 1.969
2021-03-26 01:35:26,066 - INFO: 34250 move(s) completed (38 accepted (0.1109 %)). Current N = 2. Average N = 1.969
2021-03-26 01:35:35,230 - INFO: 34300 move(s) completed (38 accepted (0.1108 %)). Current N = 2. Average N = 1.969
2021-03-26 01:35:44,002 - INFO: 34350 move(s) completed (38 accepted (0.1106 %)). Current N = 2. Average N = 1.969
2021-03-26 01:35:53,059 - INFO: 34400 move(s) completed (38 accepted (0.1105 %)). Current N = 2. Average N = 1.969
2021-03-26 01:36:01,838 - INFO: 34450 move(s) completed (38 accepted (0.1103 %)). Current N = 2. Average N = 1.969
2021-03-26 01:36:10,898 - INFO: 34500 move(s) completed (38 accepted (0.1101 %)). Current N = 2. Average N = 1.969
2021-03-26 01:36:19,435 - INFO: 34550 move(s) completed (38 accepted (0.1100 %)). Current N = 2. Average N = 1.969
2021-03-26 01:36:28,327 - INFO: 34600 move(s) completed (38 accepted (0.1098 %)). Current N = 2. Average N = 1.969
2021-03-26 01:36:36,818 - INFO: 34650 move(s) completed (38 accepted (0.1097 %)). Current N = 2. Average N = 1.969
2021-03-26 01:36:45,594 - INFO: 34700 move(s) completed (38 accepted (0.1095 %)). Current N = 2. Average N = 1.969
2021-03-26 01:36:54,879 - INFO: 34750 move(s) completed (38 accepted (0.1094 %)). Current N = 2. Average N = 1.969
2021-03-26 01:37:03,758 - INFO: 34800 move(s) completed (38 accepted (0.1092 %)). Current N = 2. Average N = 1.969
2021-03-26 01:37:12,936 - INFO: 34850 move(s) completed (38 accepted (0.1090 %)). Current N = 2. Average N = 1.969
2021-03-26 01:37:21,475 - INFO: 34900 move(s) completed (38 accepted (0.1089 %)). Current N = 2. Average N = 1.969
2021-03-26 01:37:30,509 - INFO: 34950 move(s) completed (38 accepted (0.1087 %)). Current N = 2. Average N = 1.969
2021-03-26 01:37:39,830 - INFO: 35000 move(s) completed (38 accepted (0.1086 %)). Current N = 2. Average N = 1.969
2021-03-26 01:37:48,598 - INFO: 35050 move(s) completed (38 accepted (0.1084 %)). Current N = 2. Average N = 1.969
2021-03-26 01:37:57,703 - INFO: 35100 move(s) completed (38 accepted (0.1083 %)). Current N = 2. Average N = 1.969
2021-03-26 01:38:06,289 - INFO: 35150 move(s) completed (38 accepted (0.1081 %)). Current N = 2. Average N = 1.969
2021-03-26 01:38:15,444 - INFO: 35200 move(s) completed (40 accepted (0.1136 %)). Current N = 2. Average N = 1.970
2021-03-26 01:38:23,970 - INFO: 35250 move(s) completed (40 accepted (0.1135 %)). Current N = 2. Average N = 1.970
2021-03-26 01:38:32,945 - INFO: 35300 move(s) completed (40 accepted (0.1133 %)). Current N = 2. Average N = 1.970
2021-03-26 01:38:41,436 - INFO: 35350 move(s) completed (40 accepted (0.1132 %)). Current N = 2. Average N = 1.970
2021-03-26 01:38:50,394 - INFO: 35400 move(s) completed (40 accepted (0.1130 %)). Current N = 2. Average N = 1.970
2021-03-26 01:38:59,496 - INFO: 35450 move(s) completed (40 accepted (0.1128 %)). Current N = 2. Average N = 1.970
2021-03-26 01:39:08,311 - INFO: 35500 move(s) completed (40 accepted (0.1127 %)). Current N = 2. Average N = 1.970
2021-03-26 01:39:17,436 - INFO: 35550 move(s) completed (40 accepted (0.1125 %)). Current N = 2. Average N = 1.970
2021-03-26 01:39:26,055 - INFO: 35600 move(s) completed (40 accepted (0.1124 %)). Current N = 2. Average N = 1.970
2021-03-26 01:39:35,038 - INFO: 35650 move(s) completed (40 accepted (0.1122 %)). Current N = 2. Average N = 1.970
2021-03-26 01:39:43,534 - INFO: 35700 move(s) completed (40 accepted (0.1120 %)). Current N = 2. Average N = 1.970
2021-03-26 01:39:52,451 - INFO: 35750 move(s) completed (40 accepted (0.1119 %)). Current N = 2. Average N = 1.970
2021-03-26 01:40:01,854 - INFO: 35800 move(s) completed (40 accepted (0.1117 %)). Current N = 2. Average N = 1.970
2021-03-26 01:40:10,949 - INFO: 35850 move(s) completed (40 accepted (0.1116 %)). Current N = 2. Average N = 1.970
2021-03-26 01:40:20,083 - INFO: 35900 move(s) completed (40 accepted (0.1114 %)). Current N = 2. Average N = 1.970
2021-03-26 01:40:28,689 - INFO: 35950 move(s) completed (40 accepted (0.1113 %)). Current N = 2. Average N = 1.970
2021-03-26 01:40:37,589 - INFO: 36000 move(s) completed (40 accepted (0.1111 %)). Current N = 2. Average N = 1.970
2021-03-26 01:40:46,717 - INFO: 36050 move(s) completed (40 accepted (0.1110 %)). Current N = 2. Average N = 1.970
2021-03-26 01:40:55,597 - INFO: 36100 move(s) completed (40 accepted (0.1108 %)). Current N = 2. Average N = 1.970
2021-03-26 01:41:05,000 - INFO: 36150 move(s) completed (40 accepted (0.1107 %)). Current N = 2. Average N = 1.970
2021-03-26 01:41:13,743 - INFO: 36200 move(s) completed (40 accepted (0.1105 %)). Current N = 2. Average N = 1.970
2021-03-26 01:41:22,696 - INFO: 36250 move(s) completed (40 accepted (0.1103 %)). Current N = 2. Average N = 1.970
2021-03-26 01:41:31,059 - INFO: 36300 move(s) completed (40 accepted (0.1102 %)). Current N = 2. Average N = 1.970
2021-03-26 01:41:39,970 - INFO: 36350 move(s) completed (40 accepted (0.1100 %)). Current N = 2. Average N = 1.970
2021-03-26 01:41:49,198 - INFO: 36400 move(s) completed (40 accepted (0.1099 %)). Current N = 2. Average N = 1.970
2021-03-26 01:41:58,126 - INFO: 36450 move(s) completed (40 accepted (0.1097 %)). Current N = 2. Average N = 1.970
2021-03-26 01:42:07,186 - INFO: 36500 move(s) completed (40 accepted (0.1096 %)). Current N = 2. Average N = 1.971
2021-03-26 01:42:15,881 - INFO: 36550 move(s) completed (40 accepted (0.1094 %)). Current N = 2. Average N = 1.971
2021-03-26 01:42:25,088 - INFO: 36600 move(s) completed (40 accepted (0.1093 %)). Current N = 2. Average N = 1.971
2021-03-26 01:42:34,687 - INFO: 36650 move(s) completed (40 accepted (0.1091 %)). Current N = 2. Average N = 1.971
2021-03-26 01:42:43,573 - INFO: 36700 move(s) completed (40 accepted (0.1090 %)). Current N = 2. Average N = 1.971
2021-03-26 01:42:52,649 - INFO: 36750 move(s) completed (40 accepted (0.1088 %)). Current N = 2. Average N = 1.971
2021-03-26 01:43:01,217 - INFO: 36800 move(s) completed (40 accepted (0.1087 %)). Current N = 2. Average N = 1.971
2021-03-26 01:43:10,280 - INFO: 36850 move(s) completed (40 accepted (0.1085 %)). Current N = 2. Average N = 1.971
2021-03-26 01:43:18,971 - INFO: 36900 move(s) completed (40 accepted (0.1084 %)). Current N = 2. Average N = 1.971
2021-03-26 01:43:27,985 - INFO: 36950 move(s) completed (40 accepted (0.1083 %)). Current N = 2. Average N = 1.971
2021-03-26 01:43:37,315 - INFO: 37000 move(s) completed (40 accepted (0.1081 %)). Current N = 2. Average N = 1.971
2021-03-26 01:43:46,254 - INFO: 37050 move(s) completed (40 accepted (0.1080 %)). Current N = 2. Average N = 1.971
2021-03-26 01:43:55,326 - INFO: 37100 move(s) completed (40 accepted (0.1078 %)). Current N = 2. Average N = 1.971
2021-03-26 01:44:04,173 - INFO: 37150 move(s) completed (40 accepted (0.1077 %)). Current N = 2. Average N = 1.971
2021-03-26 01:44:13,198 - INFO: 37200 move(s) completed (40 accepted (0.1075 %)). Current N = 2. Average N = 1.971
2021-03-26 01:44:21,716 - INFO: 37250 move(s) completed (40 accepted (0.1074 %)). Current N = 2. Average N = 1.971
2021-03-26 01:44:30,738 - INFO: 37300 move(s) completed (40 accepted (0.1072 %)). Current N = 2. Average N = 1.971
2021-03-26 01:44:40,033 - INFO: 37350 move(s) completed (40 accepted (0.1071 %)). Current N = 2. Average N = 1.971
2021-03-26 01:44:48,637 - INFO: 37400 move(s) completed (40 accepted (0.1070 %)). Current N = 2. Average N = 1.971
2021-03-26 01:44:57,812 - INFO: 37450 move(s) completed (40 accepted (0.1068 %)). Current N = 2. Average N = 1.971
2021-03-26 01:45:06,476 - INFO: 37500 move(s) completed (40 accepted (0.1067 %)). Current N = 2. Average N = 1.971
2021-03-26 01:45:15,125 - INFO: 37550 move(s) completed (40 accepted (0.1065 %)). Current N = 2. Average N = 1.971
2021-03-26 01:45:24,751 - INFO: 37600 move(s) completed (40 accepted (0.1064 %)). Current N = 2. Average N = 1.971
2021-03-26 01:45:33,834 - INFO: 37650 move(s) completed (40 accepted (0.1062 %)). Current N = 2. Average N = 1.972
2021-03-26 01:45:43,053 - INFO: 37700 move(s) completed (40 accepted (0.1061 %)). Current N = 2. Average N = 1.972
2021-03-26 01:45:51,505 - INFO: 37750 move(s) completed (40 accepted (0.1060 %)). Current N = 2. Average N = 1.972
2021-03-26 01:46:00,372 - INFO: 37800 move(s) completed (40 accepted (0.1058 %)). Current N = 2. Average N = 1.972
2021-03-26 01:46:09,669 - INFO: 37850 move(s) completed (40 accepted (0.1057 %)). Current N = 2. Average N = 1.972
2021-03-26 01:46:18,538 - INFO: 37900 move(s) completed (40 accepted (0.1055 %)). Current N = 2. Average N = 1.972
2021-03-26 01:46:27,461 - INFO: 37950 move(s) completed (40 accepted (0.1054 %)). Current N = 2. Average N = 1.972
2021-03-26 01:46:36,342 - INFO: 38000 move(s) completed (40 accepted (0.1053 %)). Current N = 2. Average N = 1.972
2021-03-26 01:46:45,503 - INFO: 38050 move(s) completed (40 accepted (0.1051 %)). Current N = 2. Average N = 1.972
2021-03-26 01:46:54,250 - INFO: 38100 move(s) completed (40 accepted (0.1050 %)). Current N = 2. Average N = 1.972
2021-03-26 01:47:03,338 - INFO: 38150 move(s) completed (40 accepted (0.1048 %)). Current N = 2. Average N = 1.972
2021-03-26 01:47:12,447 - INFO: 38200 move(s) completed (40 accepted (0.1047 %)). Current N = 2. Average N = 1.972
2021-03-26 01:47:21,471 - INFO: 38250 move(s) completed (40 accepted (0.1046 %)). Current N = 2. Average N = 1.972
2021-03-26 01:47:30,699 - INFO: 38300 move(s) completed (40 accepted (0.1044 %)). Current N = 2. Average N = 1.972
2021-03-26 01:47:39,500 - INFO: 38350 move(s) completed (40 accepted (0.1043 %)). Current N = 2. Average N = 1.972
2021-03-26 01:47:48,390 - INFO: 38400 move(s) completed (40 accepted (0.1042 %)). Current N = 2. Average N = 1.972
2021-03-26 01:47:57,838 - INFO: 38450 move(s) completed (40 accepted (0.1040 %)). Current N = 2. Average N = 1.972
2021-03-26 01:48:06,610 - INFO: 38500 move(s) completed (40 accepted (0.1039 %)). Current N = 2. Average N = 1.972
2021-03-26 01:48:15,709 - INFO: 38550 move(s) completed (40 accepted (0.1038 %)). Current N = 2. Average N = 1.972
2021-03-26 01:48:24,478 - INFO: 38600 move(s) completed (40 accepted (0.1036 %)). Current N = 2. Average N = 1.972
2021-03-26 01:48:33,562 - INFO: 38650 move(s) completed (40 accepted (0.1035 %)). Current N = 2. Average N = 1.972
2021-03-26 01:48:42,945 - INFO: 38700 move(s) completed (40 accepted (0.1034 %)). Current N = 2. Average N = 1.972
2021-03-26 01:48:51,731 - INFO: 38750 move(s) completed (40 accepted (0.1032 %)). Current N = 2. Average N = 1.972
2021-03-26 01:49:01,072 - INFO: 38800 move(s) completed (40 accepted (0.1031 %)). Current N = 2. Average N = 1.972
2021-03-26 01:49:09,753 - INFO: 38850 move(s) completed (40 accepted (0.1030 %)). Current N = 2. Average N = 1.972
2021-03-26 01:49:18,965 - INFO: 38900 move(s) completed (40 accepted (0.1028 %)). Current N = 2. Average N = 1.972
2021-03-26 01:49:27,636 - INFO: 38950 move(s) completed (40 accepted (0.1027 %)). Current N = 2. Average N = 1.972
2021-03-26 01:49:36,592 - INFO: 39000 move(s) completed (40 accepted (0.1026 %)). Current N = 2. Average N = 1.972
2021-03-26 01:49:45,815 - INFO: 39050 move(s) completed (40 accepted (0.1024 %)). Current N = 2. Average N = 1.972
2021-03-26 01:49:54,605 - INFO: 39100 move(s) completed (40 accepted (0.1023 %)). Current N = 2. Average N = 1.972
2021-03-26 01:50:03,609 - INFO: 39150 move(s) completed (40 accepted (0.1022 %)). Current N = 2. Average N = 1.973
2021-03-26 01:50:12,611 - INFO: 39200 move(s) completed (40 accepted (0.1020 %)). Current N = 2. Average N = 1.973
2021-03-26 01:50:21,572 - INFO: 39250 move(s) completed (40 accepted (0.1019 %)). Current N = 2. Average N = 1.973
2021-03-26 01:50:30,898 - INFO: 39300 move(s) completed (40 accepted (0.1018 %)). Current N = 2. Average N = 1.973
2021-03-26 01:50:39,545 - INFO: 39350 move(s) completed (40 accepted (0.1017 %)). Current N = 2. Average N = 1.973
2021-03-26 01:50:48,871 - INFO: 39400 move(s) completed (40 accepted (0.1015 %)). Current N = 2. Average N = 1.973
2021-03-26 01:50:57,799 - INFO: 39450 move(s) completed (40 accepted (0.1014 %)). Current N = 2. Average N = 1.973
2021-03-26 01:51:06,641 - INFO: 39500 move(s) completed (40 accepted (0.1013 %)). Current N = 2. Average N = 1.973
2021-03-26 01:51:14,854 - INFO: 39550 move(s) completed (40 accepted (0.1011 %)). Current N = 2. Average N = 1.973
2021-03-26 01:51:23,524 - INFO: 39600 move(s) completed (40 accepted (0.1010 %)). Current N = 2. Average N = 1.973
2021-03-26 01:51:32,642 - INFO: 39650 move(s) completed (40 accepted (0.1009 %)). Current N = 2. Average N = 1.973
2021-03-26 01:51:41,608 - INFO: 39700 move(s) completed (40 accepted (0.1008 %)). Current N = 2. Average N = 1.973
2021-03-26 01:51:50,685 - INFO: 39750 move(s) completed (40 accepted (0.1006 %)). Current N = 2. Average N = 1.973
2021-03-26 01:51:59,441 - INFO: 39800 move(s) completed (40 accepted (0.1005 %)). Current N = 2. Average N = 1.973
2021-03-26 01:52:08,466 - INFO: 39850 move(s) completed (40 accepted (0.1004 %)). Current N = 2. Average N = 1.973
2021-03-26 01:52:17,086 - INFO: 39900 move(s) completed (40 accepted (0.1003 %)). Current N = 2. Average N = 1.973
2021-03-26 01:52:26,107 - INFO: 39950 move(s) completed (40 accepted (0.1001 %)). Current N = 2. Average N = 1.973
2021-03-26 01:52:35,487 - INFO: 40000 move(s) completed (40 accepted (0.1000 %)). Current N = 2. Average N = 1.973
2021-03-26 01:52:44,363 - INFO: 40050 move(s) completed (40 accepted (0.0999 %)). Current N = 2. Average N = 1.973
2021-03-26 01:52:53,423 - INFO: 40100 move(s) completed (40 accepted (0.0998 %)). Current N = 2. Average N = 1.973
2021-03-26 01:53:01,991 - INFO: 40150 move(s) completed (40 accepted (0.0996 %)). Current N = 2. Average N = 1.973
2021-03-26 01:53:10,930 - INFO: 40200 move(s) completed (40 accepted (0.0995 %)). Current N = 2. Average N = 1.973
2021-03-26 01:53:20,397 - INFO: 40250 move(s) completed (40 accepted (0.0994 %)). Current N = 2. Average N = 1.973
