2021-03-24 23:40:06,725 - INFO: kT = 0.5921875708469466 kcal/mol
2021-03-24 23:40:11,782 - INFO: BaseGrandCanonicalMonteCarloSampler object initialised
2021-03-24 23:40:11,783 - INFO: GCMC sphere is based on reference atom IDs: [887, 1837]
2021-03-24 23:40:11,783 - INFO: GCMC sphere radius is 6 A
2021-03-24 23:40:11,783 - INFO: Simulating at an Adams (B) value of -6.888845176169922
2021-03-24 23:40:11,783 - INFO: GCMCSphereSampler object initialised
2021-03-24 23:40:11,784 - INFO: Each NCMC move will be executed over a total of 13.0 ps
2021-03-24 23:40:11,784 - INFO: NonequilibriumGCMCSphereSampler object initialised
2021-03-24 23:40:42,384 - INFO: Move rejected due to water leaving the GCMC sphere
2021-03-24 23:40:46,058 - INFO: 1 move(s) completed (0 accepted (0.0000 %)). Current N = 0. Average N = 0.000
2021-03-24 23:40:51,980 - INFO: 2 move(s) completed (0 accepted (0.0000 %)). Current N = 0. Average N = 0.000
2021-03-24 23:40:57,680 - INFO: 3 move(s) completed (0 accepted (0.0000 %)). Current N = 0. Average N = 0.000
2021-03-24 23:41:21,739 - INFO: Move rejected due to water leaving the GCMC sphere
2021-03-24 23:41:25,428 - INFO: 4 move(s) completed (0 accepted (0.0000 %)). Current N = 0. Average N = 0.000
2021-03-24 23:41:53,376 - INFO: 5 move(s) completed (0 accepted (0.0000 %)). Current N = 0. Average N = 0.000
2021-03-24 23:41:59,295 - INFO: 6 move(s) completed (0 accepted (0.0000 %)). Current N = 0. Average N = 0.000
2021-03-24 23:42:05,183 - INFO: 7 move(s) completed (0 accepted (0.0000 %)). Current N = 0. Average N = 0.000
2021-03-24 23:42:28,493 - INFO: Move rejected due to water leaving the GCMC sphere
2021-03-24 23:42:32,256 - INFO: 8 move(s) completed (0 accepted (0.0000 %)). Current N = 0. Average N = 0.000
2021-03-24 23:42:38,211 - INFO: 9 move(s) completed (0 accepted (0.0000 %)). Current N = 0. Average N = 0.000
2021-03-24 23:43:01,612 - INFO: Move rejected due to water leaving the GCMC sphere
2021-03-24 23:43:05,294 - INFO: 10 move(s) completed (0 accepted (0.0000 %)). Current N = 0. Average N = 0.000
2021-03-24 23:43:11,325 - INFO: 11 move(s) completed (0 accepted (0.0000 %)). Current N = 0. Average N = 0.000
2021-03-24 23:43:34,663 - INFO: Move rejected due to water leaving the GCMC sphere
2021-03-24 23:43:38,110 - INFO: 12 move(s) completed (0 accepted (0.0000 %)). Current N = 0. Average N = 0.000
2021-03-24 23:44:01,923 - INFO: Move rejected due to water leaving the GCMC sphere
2021-03-24 23:44:05,565 - INFO: 13 move(s) completed (0 accepted (0.0000 %)). Current N = 0. Average N = 0.000
2021-03-24 23:44:29,451 - INFO: Move rejected due to water leaving the GCMC sphere
2021-03-24 23:44:33,227 - INFO: 14 move(s) completed (0 accepted (0.0000 %)). Current N = 0. Average N = 0.000
2021-03-24 23:44:39,073 - INFO: 15 move(s) completed (0 accepted (0.0000 %)). Current N = 0. Average N = 0.000
2021-03-24 23:45:06,413 - INFO: 16 move(s) completed (1 accepted (6.2500 %)). Current N = 1. Average N = 0.062
2021-03-24 23:45:34,034 - INFO: 17 move(s) completed (1 accepted (5.8824 %)). Current N = 1. Average N = 0.118
2021-03-24 23:45:58,185 - INFO: Move rejected due to water leaving the GCMC sphere
2021-03-24 23:46:01,699 - INFO: 18 move(s) completed (1 accepted (5.5556 %)). Current N = 1. Average N = 0.167
2021-03-24 23:46:25,107 - INFO: Move rejected due to water leaving the GCMC sphere
2021-03-24 23:46:28,886 - INFO: 19 move(s) completed (1 accepted (5.2632 %)). Current N = 1. Average N = 0.210
2021-03-24 23:46:55,500 - INFO: 20 move(s) completed (1 accepted (5.0000 %)). Current N = 1. Average N = 0.250
2021-03-24 23:47:18,992 - INFO: Move rejected due to water leaving the GCMC sphere
2021-03-24 23:47:22,605 - INFO: 21 move(s) completed (1 accepted (4.7619 %)). Current N = 1. Average N = 0.286
2021-03-24 23:47:46,070 - INFO: Move rejected due to water leaving the GCMC sphere
2021-03-24 23:47:49,569 - INFO: 22 move(s) completed (1 accepted (4.5455 %)). Current N = 1. Average N = 0.318
2021-03-24 23:48:13,429 - INFO: Move rejected due to water leaving the GCMC sphere
2021-03-24 23:48:16,863 - INFO: 23 move(s) completed (1 accepted (4.3478 %)). Current N = 1. Average N = 0.348
2021-03-24 23:48:40,817 - INFO: Move rejected due to water leaving the GCMC sphere
2021-03-24 23:48:44,474 - INFO: 24 move(s) completed (1 accepted (4.1667 %)). Current N = 1. Average N = 0.375
2021-03-24 23:49:12,182 - INFO: 25 move(s) completed (1 accepted (4.0000 %)). Current N = 1. Average N = 0.400
2021-03-24 23:49:36,270 - INFO: Move rejected due to water leaving the GCMC sphere
2021-03-24 23:49:39,954 - INFO: 26 move(s) completed (1 accepted (3.8462 %)). Current N = 1. Average N = 0.423
2021-03-24 23:50:04,161 - INFO: Move rejected due to water leaving the GCMC sphere
2021-03-24 23:50:07,841 - INFO: 27 move(s) completed (1 accepted (3.7037 %)). Current N = 1. Average N = 0.444
2021-03-24 23:50:31,281 - INFO: Move rejected due to water leaving the GCMC sphere
2021-03-24 23:50:35,056 - INFO: 28 move(s) completed (1 accepted (3.5714 %)). Current N = 1. Average N = 0.464
2021-03-24 23:50:58,672 - INFO: Move rejected due to water leaving the GCMC sphere
2021-03-24 23:51:02,354 - INFO: 29 move(s) completed (1 accepted (3.4483 %)). Current N = 1. Average N = 0.483
2021-03-24 23:51:29,795 - INFO: 30 move(s) completed (1 accepted (3.3333 %)). Current N = 1. Average N = 0.500
2021-03-24 23:51:53,453 - INFO: Move rejected due to water leaving the GCMC sphere
2021-03-24 23:51:57,252 - INFO: 31 move(s) completed (1 accepted (3.2258 %)). Current N = 1. Average N = 0.516
2021-03-24 23:52:24,618 - INFO: 32 move(s) completed (1 accepted (3.1250 %)). Current N = 1. Average N = 0.531
2021-03-24 23:52:47,919 - INFO: Move rejected due to water leaving the GCMC sphere
2021-03-24 23:52:51,345 - INFO: 33 move(s) completed (1 accepted (3.0303 %)). Current N = 1. Average N = 0.545
2021-03-24 23:53:14,678 - INFO: Move rejected due to water leaving the GCMC sphere
2021-03-24 23:53:18,337 - INFO: 34 move(s) completed (1 accepted (2.9412 %)). Current N = 1. Average N = 0.559
2021-03-24 23:53:46,045 - INFO: 35 move(s) completed (1 accepted (2.8571 %)). Current N = 1. Average N = 0.571
2021-03-24 23:54:13,543 - INFO: 36 move(s) completed (1 accepted (2.7778 %)). Current N = 1. Average N = 0.583
2021-03-24 23:54:36,854 - INFO: Move rejected due to water leaving the GCMC sphere
2021-03-24 23:54:40,199 - INFO: 37 move(s) completed (1 accepted (2.7027 %)). Current N = 1. Average N = 0.595
2021-03-24 23:55:03,377 - INFO: Move rejected due to water leaving the GCMC sphere
2021-03-24 23:55:07,028 - INFO: 38 move(s) completed (1 accepted (2.6316 %)). Current N = 1. Average N = 0.605
2021-03-24 23:55:30,819 - INFO: Move rejected due to water leaving the GCMC sphere
2021-03-24 23:55:34,505 - INFO: 39 move(s) completed (1 accepted (2.5641 %)). Current N = 1. Average N = 0.615
2021-03-24 23:56:01,933 - INFO: 40 move(s) completed (1 accepted (2.5000 %)). Current N = 1. Average N = 0.625
2021-03-24 23:56:25,159 - INFO: Move rejected due to water leaving the GCMC sphere
2021-03-24 23:56:28,843 - INFO: 41 move(s) completed (1 accepted (2.4390 %)). Current N = 1. Average N = 0.634
2021-03-24 23:56:52,223 - INFO: Move rejected due to water leaving the GCMC sphere
2021-03-24 23:56:55,909 - INFO: 42 move(s) completed (1 accepted (2.3810 %)). Current N = 1. Average N = 0.643
2021-03-24 23:57:20,009 - INFO: Move rejected due to water leaving the GCMC sphere
2021-03-24 23:57:23,694 - INFO: 43 move(s) completed (1 accepted (2.3256 %)). Current N = 1. Average N = 0.651
2021-03-24 23:57:51,288 - INFO: 44 move(s) completed (1 accepted (2.2727 %)). Current N = 1. Average N = 0.659
2021-03-24 23:58:19,267 - INFO: 45 move(s) completed (1 accepted (2.2222 %)). Current N = 1. Average N = 0.667
2021-03-24 23:58:42,753 - INFO: Move rejected due to water leaving the GCMC sphere
2021-03-24 23:58:46,403 - INFO: 46 move(s) completed (1 accepted (2.1739 %)). Current N = 1. Average N = 0.674
2021-03-24 23:59:09,981 - INFO: Move rejected due to water leaving the GCMC sphere
2021-03-24 23:59:13,585 - INFO: 47 move(s) completed (1 accepted (2.1277 %)). Current N = 1. Average N = 0.681
2021-03-24 23:59:40,411 - INFO: 48 move(s) completed (1 accepted (2.0833 %)). Current N = 1. Average N = 0.688
2021-03-25 00:00:07,335 - INFO: 49 move(s) completed (1 accepted (2.0408 %)). Current N = 1. Average N = 0.694
2021-03-25 00:00:34,236 - INFO: 50 move(s) completed (1 accepted (2.0000 %)). Current N = 1. Average N = 0.700
2021-03-25 00:00:57,569 - INFO: Move rejected due to water leaving the GCMC sphere
2021-03-25 00:01:01,240 - INFO: 51 move(s) completed (1 accepted (1.9608 %)). Current N = 1. Average N = 0.706
2021-03-25 00:01:24,577 - INFO: Move rejected due to water leaving the GCMC sphere
2021-03-25 00:01:28,266 - INFO: 52 move(s) completed (1 accepted (1.9231 %)). Current N = 1. Average N = 0.712
2021-03-25 00:01:52,309 - INFO: Move rejected due to water leaving the GCMC sphere
2021-03-25 00:01:55,981 - INFO: 53 move(s) completed (1 accepted (1.8868 %)). Current N = 1. Average N = 0.717
2021-03-25 00:02:20,239 - INFO: Move rejected due to water leaving the GCMC sphere
2021-03-25 00:02:23,920 - INFO: 54 move(s) completed (1 accepted (1.8519 %)). Current N = 1. Average N = 0.722
2021-03-25 00:02:47,422 - INFO: Move rejected due to water leaving the GCMC sphere
2021-03-25 00:02:51,099 - INFO: 55 move(s) completed (1 accepted (1.8182 %)). Current N = 1. Average N = 0.727
2021-03-25 00:03:14,546 - INFO: Move rejected due to water leaving the GCMC sphere
2021-03-25 00:03:18,321 - INFO: 56 move(s) completed (1 accepted (1.7857 %)). Current N = 1. Average N = 0.732
2021-03-25 00:03:45,344 - INFO: 57 move(s) completed (1 accepted (1.7544 %)). Current N = 1. Average N = 0.737
2021-03-25 00:04:12,379 - INFO: 58 move(s) completed (1 accepted (1.7241 %)). Current N = 1. Average N = 0.741
2021-03-25 00:04:36,176 - INFO: Move rejected due to water leaving the GCMC sphere
2021-03-25 00:04:39,582 - INFO: 59 move(s) completed (1 accepted (1.6949 %)). Current N = 1. Average N = 0.746
2021-03-25 00:05:03,305 - INFO: Move rejected due to water leaving the GCMC sphere
2021-03-25 00:05:06,817 - INFO: 60 move(s) completed (1 accepted (1.6667 %)). Current N = 1. Average N = 0.750
2021-03-25 00:05:33,850 - INFO: 61 move(s) completed (1 accepted (1.6393 %)). Current N = 1. Average N = 0.754
2021-03-25 00:05:57,951 - INFO: Move rejected due to water leaving the GCMC sphere
2021-03-25 00:06:01,329 - INFO: 62 move(s) completed (1 accepted (1.6129 %)). Current N = 1. Average N = 0.758
2021-03-25 00:06:25,428 - INFO: Move rejected due to water leaving the GCMC sphere
2021-03-25 00:06:28,774 - INFO: 63 move(s) completed (1 accepted (1.5873 %)). Current N = 1. Average N = 0.762
2021-03-25 00:06:52,239 - INFO: Move rejected due to water leaving the GCMC sphere
2021-03-25 00:06:55,868 - INFO: 64 move(s) completed (1 accepted (1.5625 %)). Current N = 1. Average N = 0.766
2021-03-25 00:07:19,130 - INFO: Move rejected due to water leaving the GCMC sphere
2021-03-25 00:07:22,818 - INFO: 65 move(s) completed (1 accepted (1.5385 %)). Current N = 1. Average N = 0.769
2021-03-25 00:07:46,533 - INFO: Move rejected due to water leaving the GCMC sphere
2021-03-25 00:07:50,302 - INFO: 66 move(s) completed (1 accepted (1.5152 %)). Current N = 1. Average N = 0.773
2021-03-25 00:08:13,904 - INFO: Move rejected due to water leaving the GCMC sphere
2021-03-25 00:08:17,577 - INFO: 67 move(s) completed (1 accepted (1.4925 %)). Current N = 1. Average N = 0.776
2021-03-25 00:08:40,782 - INFO: Move rejected due to water leaving the GCMC sphere
2021-03-25 00:08:44,452 - INFO: 68 move(s) completed (1 accepted (1.4706 %)). Current N = 1. Average N = 0.779
2021-03-25 00:09:12,238 - INFO: 69 move(s) completed (1 accepted (1.4493 %)). Current N = 1. Average N = 0.783
2021-03-25 00:09:36,313 - INFO: Move rejected due to water leaving the GCMC sphere
2021-03-25 00:09:40,000 - INFO: 70 move(s) completed (1 accepted (1.4286 %)). Current N = 1. Average N = 0.786
2021-03-25 00:10:06,975 - INFO: 71 move(s) completed (1 accepted (1.4085 %)). Current N = 1. Average N = 0.789
2021-03-25 00:10:31,034 - INFO: Move rejected due to water leaving the GCMC sphere
2021-03-25 00:10:34,625 - INFO: 72 move(s) completed (1 accepted (1.3889 %)). Current N = 1. Average N = 0.792
2021-03-25 00:10:58,140 - INFO: Move rejected due to water leaving the GCMC sphere
2021-03-25 00:11:01,696 - INFO: 73 move(s) completed (1 accepted (1.3699 %)). Current N = 1. Average N = 0.794
2021-03-25 00:11:25,121 - INFO: Move rejected due to water leaving the GCMC sphere
2021-03-25 00:11:28,558 - INFO: 74 move(s) completed (1 accepted (1.3514 %)). Current N = 1. Average N = 0.797
2021-03-25 00:11:52,145 - INFO: Move rejected due to water leaving the GCMC sphere
2021-03-25 00:11:55,557 - INFO: 75 move(s) completed (1 accepted (1.3333 %)). Current N = 1. Average N = 0.800
2021-03-25 00:12:19,123 - INFO: Move rejected due to water leaving the GCMC sphere
2021-03-25 00:12:22,576 - INFO: 76 move(s) completed (1 accepted (1.3158 %)). Current N = 1. Average N = 0.803
2021-03-25 00:12:46,413 - INFO: Move rejected due to water leaving the GCMC sphere
2021-03-25 00:12:49,968 - INFO: 77 move(s) completed (1 accepted (1.2987 %)). Current N = 1. Average N = 0.805
2021-03-25 00:13:17,532 - INFO: 78 move(s) completed (1 accepted (1.2821 %)). Current N = 1. Average N = 0.808
2021-03-25 00:13:40,858 - INFO: Move rejected due to water leaving the GCMC sphere
2021-03-25 00:13:44,604 - INFO: 79 move(s) completed (1 accepted (1.2658 %)). Current N = 1. Average N = 0.810
2021-03-25 00:14:11,862 - INFO: 80 move(s) completed (1 accepted (1.2500 %)). Current N = 1. Average N = 0.812
2021-03-25 00:14:38,875 - INFO: 81 move(s) completed (1 accepted (1.2346 %)). Current N = 1. Average N = 0.815
2021-03-25 00:15:05,959 - INFO: 82 move(s) completed (1 accepted (1.2195 %)). Current N = 1. Average N = 0.817
2021-03-25 00:15:33,327 - INFO: 83 move(s) completed (1 accepted (1.2048 %)). Current N = 1. Average N = 0.819
2021-03-25 00:16:00,554 - INFO: 84 move(s) completed (1 accepted (1.1905 %)). Current N = 1. Average N = 0.821
2021-03-25 00:16:27,284 - INFO: 85 move(s) completed (1 accepted (1.1765 %)). Current N = 1. Average N = 0.824
2021-03-25 00:16:50,600 - INFO: Move rejected due to water leaving the GCMC sphere
2021-03-25 00:16:54,068 - INFO: 86 move(s) completed (1 accepted (1.1628 %)). Current N = 1. Average N = 0.826
2021-03-25 00:17:17,560 - INFO: Move rejected due to water leaving the GCMC sphere
2021-03-25 00:17:21,125 - INFO: 87 move(s) completed (1 accepted (1.1494 %)). Current N = 1. Average N = 0.828
2021-03-25 00:17:47,876 - INFO: 88 move(s) completed (1 accepted (1.1364 %)). Current N = 1. Average N = 0.830
2021-03-25 00:18:11,373 - INFO: Move rejected due to water leaving the GCMC sphere
2021-03-25 00:18:14,874 - INFO: 89 move(s) completed (1 accepted (1.1236 %)). Current N = 1. Average N = 0.832
2021-03-25 00:18:41,670 - INFO: 90 move(s) completed (1 accepted (1.1111 %)). Current N = 1. Average N = 0.833
2021-03-25 00:19:08,587 - INFO: 91 move(s) completed (1 accepted (1.0989 %)). Current N = 1. Average N = 0.835
2021-03-25 00:19:32,076 - INFO: Move rejected due to water leaving the GCMC sphere
2021-03-25 00:19:35,859 - INFO: 92 move(s) completed (1 accepted (1.0870 %)). Current N = 1. Average N = 0.837
2021-03-25 00:19:59,608 - INFO: Move rejected due to water leaving the GCMC sphere
2021-03-25 00:20:03,300 - INFO: 93 move(s) completed (1 accepted (1.0753 %)). Current N = 1. Average N = 0.839
2021-03-25 00:20:30,528 - INFO: 94 move(s) completed (1 accepted (1.0638 %)). Current N = 1. Average N = 0.840
2021-03-25 00:20:54,492 - INFO: Move rejected due to water leaving the GCMC sphere
2021-03-25 00:20:58,244 - INFO: 95 move(s) completed (1 accepted (1.0526 %)). Current N = 1. Average N = 0.842
2021-03-25 00:21:22,278 - INFO: Move rejected due to water leaving the GCMC sphere
2021-03-25 00:21:26,060 - INFO: 96 move(s) completed (1 accepted (1.0417 %)). Current N = 1. Average N = 0.844
2021-03-25 00:21:53,828 - INFO: 97 move(s) completed (1 accepted (1.0309 %)). Current N = 1. Average N = 0.845
2021-03-25 00:22:17,831 - INFO: Move rejected due to water leaving the GCMC sphere
2021-03-25 00:22:21,454 - INFO: 98 move(s) completed (1 accepted (1.0204 %)). Current N = 1. Average N = 0.847
2021-03-25 00:22:49,178 - INFO: 99 move(s) completed (1 accepted (1.0101 %)). Current N = 1. Average N = 0.849
2021-03-25 00:23:12,323 - INFO: Move rejected due to water leaving the GCMC sphere
2021-03-25 00:23:15,806 - INFO: 100 move(s) completed (1 accepted (1.0000 %)). Current N = 1. Average N = 0.850
2021-03-25 00:23:39,219 - INFO: Move rejected due to water leaving the GCMC sphere
2021-03-25 00:23:42,767 - INFO: 101 move(s) completed (1 accepted (0.9901 %)). Current N = 1. Average N = 0.852
2021-03-25 00:24:09,698 - INFO: 102 move(s) completed (1 accepted (0.9804 %)). Current N = 1. Average N = 0.853
2021-03-25 00:24:33,471 - INFO: Move rejected due to water leaving the GCMC sphere
2021-03-25 00:24:37,068 - INFO: 103 move(s) completed (1 accepted (0.9709 %)). Current N = 1. Average N = 0.854
2021-03-25 00:25:00,550 - INFO: Move rejected due to water leaving the GCMC sphere
2021-03-25 00:25:04,221 - INFO: 104 move(s) completed (1 accepted (0.9615 %)). Current N = 1. Average N = 0.856
2021-03-25 00:25:32,105 - INFO: 105 move(s) completed (1 accepted (0.9524 %)). Current N = 1. Average N = 0.857
2021-03-25 00:25:59,822 - INFO: 106 move(s) completed (1 accepted (0.9434 %)). Current N = 1. Average N = 0.859
2021-03-25 00:26:26,850 - INFO: 107 move(s) completed (1 accepted (0.9346 %)). Current N = 1. Average N = 0.860
2021-03-25 00:26:53,921 - INFO: 108 move(s) completed (1 accepted (0.9259 %)). Current N = 1. Average N = 0.861
2021-03-25 00:27:17,318 - INFO: Move rejected due to water leaving the GCMC sphere
2021-03-25 00:27:21,007 - INFO: 109 move(s) completed (1 accepted (0.9174 %)). Current N = 1. Average N = 0.862
2021-03-25 00:27:48,078 - INFO: 110 move(s) completed (1 accepted (0.9091 %)). Current N = 1. Average N = 0.864
2021-03-25 00:28:11,700 - INFO: Move rejected due to water leaving the GCMC sphere
2021-03-25 00:28:15,227 - INFO: 111 move(s) completed (1 accepted (0.9009 %)). Current N = 1. Average N = 0.865
2021-03-25 00:28:38,843 - INFO: Move rejected due to water leaving the GCMC sphere
2021-03-25 00:28:42,490 - INFO: 112 move(s) completed (1 accepted (0.8929 %)). Current N = 1. Average N = 0.866
2021-03-25 00:29:09,938 - INFO: 113 move(s) completed (1 accepted (0.8850 %)). Current N = 1. Average N = 0.867
2021-03-25 00:29:37,445 - INFO: 114 move(s) completed (1 accepted (0.8772 %)). Current N = 1. Average N = 0.868
2021-03-25 00:30:04,820 - INFO: 115 move(s) completed (1 accepted (0.8696 %)). Current N = 1. Average N = 0.870
2021-03-25 00:30:28,880 - INFO: Move rejected due to water leaving the GCMC sphere
2021-03-25 00:30:32,420 - INFO: 116 move(s) completed (1 accepted (0.8621 %)). Current N = 1. Average N = 0.871
2021-03-25 00:31:00,414 - INFO: 117 move(s) completed (1 accepted (0.8547 %)). Current N = 1. Average N = 0.872
2021-03-25 00:31:27,411 - INFO: 118 move(s) completed (1 accepted (0.8475 %)). Current N = 1. Average N = 0.873
2021-03-25 00:31:51,008 - INFO: Move rejected due to water leaving the GCMC sphere
2021-03-25 00:31:54,677 - INFO: 119 move(s) completed (1 accepted (0.8403 %)). Current N = 1. Average N = 0.874
2021-03-25 00:32:18,161 - INFO: Move rejected due to water leaving the GCMC sphere
2021-03-25 00:32:21,850 - INFO: 120 move(s) completed (1 accepted (0.8333 %)). Current N = 1. Average N = 0.875
2021-03-25 00:32:49,426 - INFO: 121 move(s) completed (1 accepted (0.8264 %)). Current N = 1. Average N = 0.876
2021-03-25 00:33:13,276 - INFO: Move rejected due to water leaving the GCMC sphere
2021-03-25 00:33:16,957 - INFO: 122 move(s) completed (1 accepted (0.8197 %)). Current N = 1. Average N = 0.877
2021-03-25 00:33:43,932 - INFO: 123 move(s) completed (1 accepted (0.8130 %)). Current N = 1. Average N = 0.878
2021-03-25 00:34:07,217 - INFO: Move rejected due to water leaving the GCMC sphere
2021-03-25 00:34:10,844 - INFO: 124 move(s) completed (1 accepted (0.8065 %)). Current N = 1. Average N = 0.879
2021-03-25 00:34:34,863 - INFO: Move rejected due to water leaving the GCMC sphere
2021-03-25 00:34:38,489 - INFO: 125 move(s) completed (1 accepted (0.8000 %)). Current N = 1. Average N = 0.880
2021-03-25 00:35:06,211 - INFO: 126 move(s) completed (1 accepted (0.7937 %)). Current N = 1. Average N = 0.881
2021-03-25 00:35:29,561 - INFO: Move rejected due to water leaving the GCMC sphere
2021-03-25 00:35:33,214 - INFO: 127 move(s) completed (1 accepted (0.7874 %)). Current N = 1. Average N = 0.882
2021-03-25 00:35:56,727 - INFO: Move rejected due to water leaving the GCMC sphere
2021-03-25 00:36:00,356 - INFO: 128 move(s) completed (1 accepted (0.7812 %)). Current N = 1. Average N = 0.883
2021-03-25 00:36:27,485 - INFO: 129 move(s) completed (1 accepted (0.7752 %)). Current N = 1. Average N = 0.884
2021-03-25 00:36:51,165 - INFO: Move rejected due to water leaving the GCMC sphere
2021-03-25 00:36:54,755 - INFO: 130 move(s) completed (1 accepted (0.7692 %)). Current N = 1. Average N = 0.885
2021-03-25 00:37:17,900 - INFO: Move rejected due to water leaving the GCMC sphere
2021-03-25 00:37:21,687 - INFO: 131 move(s) completed (1 accepted (0.7634 %)). Current N = 1. Average N = 0.885
2021-03-25 00:37:45,772 - INFO: Move rejected due to water leaving the GCMC sphere
2021-03-25 00:37:49,455 - INFO: 132 move(s) completed (1 accepted (0.7576 %)). Current N = 1. Average N = 0.886
2021-03-25 00:38:13,408 - INFO: Move rejected due to water leaving the GCMC sphere
2021-03-25 00:38:17,086 - INFO: 133 move(s) completed (1 accepted (0.7519 %)). Current N = 1. Average N = 0.887
2021-03-25 00:38:40,299 - INFO: Move rejected due to water leaving the GCMC sphere
2021-03-25 00:38:43,983 - INFO: 134 move(s) completed (1 accepted (0.7463 %)). Current N = 1. Average N = 0.888
2021-03-25 00:39:07,429 - INFO: Move rejected due to water leaving the GCMC sphere
2021-03-25 00:39:11,114 - INFO: 135 move(s) completed (1 accepted (0.7407 %)). Current N = 1. Average N = 0.889
2021-03-25 00:39:34,433 - INFO: Move rejected due to water leaving the GCMC sphere
2021-03-25 00:39:38,212 - INFO: 136 move(s) completed (1 accepted (0.7353 %)). Current N = 1. Average N = 0.890
2021-03-25 00:40:01,728 - INFO: Move rejected due to water leaving the GCMC sphere
2021-03-25 00:40:05,249 - INFO: 137 move(s) completed (1 accepted (0.7299 %)). Current N = 1. Average N = 0.890
2021-03-25 00:40:28,710 - INFO: Move rejected due to water leaving the GCMC sphere
2021-03-25 00:40:32,099 - INFO: 138 move(s) completed (1 accepted (0.7246 %)). Current N = 1. Average N = 0.891
2021-03-25 00:40:58,806 - INFO: 139 move(s) completed (1 accepted (0.7194 %)). Current N = 1. Average N = 0.892
2021-03-25 00:41:22,155 - INFO: Move rejected due to water leaving the GCMC sphere
2021-03-25 00:41:25,809 - INFO: 140 move(s) completed (1 accepted (0.7143 %)). Current N = 1. Average N = 0.893
2021-03-25 00:41:52,432 - INFO: 141 move(s) completed (1 accepted (0.7092 %)). Current N = 1. Average N = 0.894
2021-03-25 00:42:15,744 - INFO: Move rejected due to water leaving the GCMC sphere
2021-03-25 00:42:19,176 - INFO: 142 move(s) completed (1 accepted (0.7042 %)). Current N = 1. Average N = 0.894
2021-03-25 00:42:43,247 - INFO: Move rejected due to water leaving the GCMC sphere
2021-03-25 00:42:46,788 - INFO: 143 move(s) completed (1 accepted (0.6993 %)). Current N = 1. Average N = 0.895
2021-03-25 00:43:10,858 - INFO: Move rejected due to water leaving the GCMC sphere
2021-03-25 00:43:14,607 - INFO: 144 move(s) completed (1 accepted (0.6944 %)). Current N = 1. Average N = 0.896
2021-03-25 00:43:38,098 - INFO: Move rejected due to water leaving the GCMC sphere
2021-03-25 00:43:41,785 - INFO: 145 move(s) completed (1 accepted (0.6897 %)). Current N = 1. Average N = 0.897
2021-03-25 00:44:05,277 - INFO: Move rejected due to water leaving the GCMC sphere
2021-03-25 00:44:08,959 - INFO: 146 move(s) completed (1 accepted (0.6849 %)). Current N = 1. Average N = 0.897
2021-03-25 00:44:32,701 - INFO: Move rejected due to water leaving the GCMC sphere
2021-03-25 00:44:36,388 - INFO: 147 move(s) completed (1 accepted (0.6803 %)). Current N = 1. Average N = 0.898
2021-03-25 00:45:03,882 - INFO: 148 move(s) completed (1 accepted (0.6757 %)). Current N = 1. Average N = 0.899
2021-03-25 00:45:31,385 - INFO: 149 move(s) completed (1 accepted (0.6711 %)). Current N = 1. Average N = 0.899
2021-03-25 00:45:55,333 - INFO: Move rejected due to water leaving the GCMC sphere
2021-03-25 00:45:59,079 - INFO: 150 move(s) completed (1 accepted (0.6667 %)). Current N = 1. Average N = 0.900
2021-03-25 00:46:26,860 - INFO: 151 move(s) completed (1 accepted (0.6623 %)). Current N = 1. Average N = 0.901
2021-03-25 00:46:54,521 - INFO: 152 move(s) completed (1 accepted (0.6579 %)). Current N = 1. Average N = 0.901
2021-03-25 00:47:18,682 - INFO: Move rejected due to water leaving the GCMC sphere
2021-03-25 00:47:22,121 - INFO: 153 move(s) completed (1 accepted (0.6536 %)). Current N = 1. Average N = 0.902
2021-03-25 00:47:45,599 - INFO: Move rejected due to water leaving the GCMC sphere
2021-03-25 00:47:49,137 - INFO: 154 move(s) completed (1 accepted (0.6494 %)). Current N = 1. Average N = 0.903
2021-03-25 00:48:12,526 - INFO: Move rejected due to water leaving the GCMC sphere
2021-03-25 00:48:15,993 - INFO: 155 move(s) completed (1 accepted (0.6452 %)). Current N = 1. Average N = 0.903
2021-03-25 00:48:42,981 - INFO: 156 move(s) completed (1 accepted (0.6410 %)). Current N = 1. Average N = 0.904
2021-03-25 00:49:09,855 - INFO: 157 move(s) completed (1 accepted (0.6369 %)). Current N = 1. Average N = 0.904
2021-03-25 00:49:33,613 - INFO: Move rejected due to water leaving the GCMC sphere
2021-03-25 00:49:37,306 - INFO: 158 move(s) completed (1 accepted (0.6329 %)). Current N = 1. Average N = 0.905
2021-03-25 00:50:05,029 - INFO: 159 move(s) completed (1 accepted (0.6289 %)). Current N = 1. Average N = 0.906
2021-03-25 00:50:29,004 - INFO: Move rejected due to water leaving the GCMC sphere
2021-03-25 00:50:32,700 - INFO: 160 move(s) completed (1 accepted (0.6250 %)). Current N = 1. Average N = 0.906
2021-03-25 00:51:00,555 - INFO: 161 move(s) completed (1 accepted (0.6211 %)). Current N = 1. Average N = 0.907
2021-03-25 00:51:28,563 - INFO: 162 move(s) completed (1 accepted (0.6173 %)). Current N = 1. Average N = 0.907
2021-03-25 00:51:51,946 - INFO: Move rejected due to water leaving the GCMC sphere
2021-03-25 00:51:55,624 - INFO: 163 move(s) completed (1 accepted (0.6135 %)). Current N = 1. Average N = 0.908
2021-03-25 00:52:18,989 - INFO: Move rejected due to water leaving the GCMC sphere
2021-03-25 00:52:22,639 - INFO: 164 move(s) completed (1 accepted (0.6098 %)). Current N = 1. Average N = 0.908
2021-03-25 00:52:50,105 - INFO: 165 move(s) completed (1 accepted (0.6061 %)). Current N = 1. Average N = 0.909
2021-03-25 00:53:17,451 - INFO: 166 move(s) completed (1 accepted (0.6024 %)). Current N = 1. Average N = 0.910
2021-03-25 00:53:41,344 - INFO: Move rejected due to water leaving the GCMC sphere
2021-03-25 00:53:44,848 - INFO: 167 move(s) completed (1 accepted (0.5988 %)). Current N = 1. Average N = 0.910
2021-03-25 00:54:08,584 - INFO: Move rejected due to water leaving the GCMC sphere
2021-03-25 00:54:11,977 - INFO: 168 move(s) completed (1 accepted (0.5952 %)). Current N = 1. Average N = 0.911
2021-03-25 00:54:35,898 - INFO: Move rejected due to water leaving the GCMC sphere
2021-03-25 00:54:39,328 - INFO: 169 move(s) completed (1 accepted (0.5917 %)). Current N = 1. Average N = 0.911
2021-03-25 00:55:03,443 - INFO: Move rejected due to water leaving the GCMC sphere
2021-03-25 00:55:06,955 - INFO: 170 move(s) completed (1 accepted (0.5882 %)). Current N = 1. Average N = 0.912
2021-03-25 00:55:30,233 - INFO: Move rejected due to water leaving the GCMC sphere
2021-03-25 00:55:33,865 - INFO: 171 move(s) completed (1 accepted (0.5848 %)). Current N = 1. Average N = 0.912
2021-03-25 00:55:57,006 - INFO: Move rejected due to water leaving the GCMC sphere
2021-03-25 00:56:00,689 - INFO: 172 move(s) completed (1 accepted (0.5814 %)). Current N = 1. Average N = 0.913
2021-03-25 00:56:24,169 - INFO: Move rejected due to water leaving the GCMC sphere
2021-03-25 00:56:27,863 - INFO: 173 move(s) completed (1 accepted (0.5780 %)). Current N = 1. Average N = 0.913
2021-03-25 00:56:54,852 - INFO: 174 move(s) completed (1 accepted (0.5747 %)). Current N = 1. Average N = 0.914
2021-03-25 00:57:18,704 - INFO: Move rejected due to water leaving the GCMC sphere
2021-03-25 00:57:22,396 - INFO: 175 move(s) completed (1 accepted (0.5714 %)). Current N = 1. Average N = 0.914
2021-03-25 00:57:49,733 - INFO: 176 move(s) completed (1 accepted (0.5682 %)). Current N = 1. Average N = 0.915
2021-03-25 00:58:16,586 - INFO: 177 move(s) completed (1 accepted (0.5650 %)). Current N = 1. Average N = 0.915
2021-03-25 00:58:43,281 - INFO: 178 move(s) completed (1 accepted (0.5618 %)). Current N = 1. Average N = 0.916
2021-03-25 00:59:07,305 - INFO: Move rejected due to water leaving the GCMC sphere
2021-03-25 00:59:10,843 - INFO: 179 move(s) completed (1 accepted (0.5587 %)). Current N = 1. Average N = 0.916
2021-03-25 00:59:35,029 - INFO: Move rejected due to water leaving the GCMC sphere
2021-03-25 00:59:38,466 - INFO: 180 move(s) completed (1 accepted (0.5556 %)). Current N = 1. Average N = 0.917
2021-03-25 01:00:01,760 - INFO: Move rejected due to water leaving the GCMC sphere
2021-03-25 01:00:05,346 - INFO: 181 move(s) completed (1 accepted (0.5525 %)). Current N = 1. Average N = 0.917
2021-03-25 01:00:32,200 - INFO: 182 move(s) completed (1 accepted (0.5495 %)). Current N = 1. Average N = 0.918
2021-03-25 01:00:59,483 - INFO: 183 move(s) completed (1 accepted (0.5464 %)). Current N = 1. Average N = 0.918
2021-03-25 01:01:23,258 - INFO: Move rejected due to water leaving the GCMC sphere
2021-03-25 01:01:26,937 - INFO: 184 move(s) completed (1 accepted (0.5435 %)). Current N = 1. Average N = 0.918
2021-03-25 01:01:50,638 - INFO: Move rejected due to water leaving the GCMC sphere
2021-03-25 01:01:54,328 - INFO: 185 move(s) completed (1 accepted (0.5405 %)). Current N = 1. Average N = 0.919
2021-03-25 01:02:17,980 - INFO: Move rejected due to water leaving the GCMC sphere
2021-03-25 01:02:21,670 - INFO: 186 move(s) completed (1 accepted (0.5376 %)). Current N = 1. Average N = 0.919
2021-03-25 01:02:48,730 - INFO: 187 move(s) completed (1 accepted (0.5348 %)). Current N = 1. Average N = 0.920
2021-03-25 01:03:16,005 - INFO: 188 move(s) completed (1 accepted (0.5319 %)). Current N = 1. Average N = 0.920
2021-03-25 01:03:43,201 - INFO: 189 move(s) completed (1 accepted (0.5291 %)). Current N = 1. Average N = 0.921
2021-03-25 01:04:10,138 - INFO: 190 move(s) completed (1 accepted (0.5263 %)). Current N = 1. Average N = 0.921
2021-03-25 01:04:33,655 - INFO: Move rejected due to water leaving the GCMC sphere
2021-03-25 01:04:37,268 - INFO: 191 move(s) completed (1 accepted (0.5236 %)). Current N = 1. Average N = 0.921
2021-03-25 01:05:04,145 - INFO: 192 move(s) completed (1 accepted (0.5208 %)). Current N = 1. Average N = 0.922
2021-03-25 01:05:31,388 - INFO: 193 move(s) completed (1 accepted (0.5181 %)). Current N = 1. Average N = 0.922
2021-03-25 01:05:58,259 - INFO: 194 move(s) completed (1 accepted (0.5155 %)). Current N = 1. Average N = 0.923
2021-03-25 01:06:25,634 - INFO: 195 move(s) completed (1 accepted (0.5128 %)). Current N = 1. Average N = 0.923
2021-03-25 01:06:49,757 - INFO: Move rejected due to water leaving the GCMC sphere
2021-03-25 01:06:53,518 - INFO: 196 move(s) completed (1 accepted (0.5102 %)). Current N = 1. Average N = 0.923
2021-03-25 01:07:21,267 - INFO: 197 move(s) completed (1 accepted (0.5076 %)). Current N = 1. Average N = 0.924
2021-03-25 01:07:45,345 - INFO: Move rejected due to water leaving the GCMC sphere
2021-03-25 01:07:49,025 - INFO: 198 move(s) completed (1 accepted (0.5051 %)). Current N = 1. Average N = 0.924
2021-03-25 01:08:16,034 - INFO: 199 move(s) completed (1 accepted (0.5025 %)). Current N = 1. Average N = 0.925
2021-03-25 01:08:39,566 - INFO: Move rejected due to water leaving the GCMC sphere
2021-03-25 01:08:43,251 - INFO: 200 move(s) completed (1 accepted (0.5000 %)). Current N = 1. Average N = 0.925
2021-03-25 01:09:10,326 - INFO: 201 move(s) completed (1 accepted (0.4975 %)). Current N = 1. Average N = 0.925
2021-03-25 01:09:37,543 - INFO: 202 move(s) completed (1 accepted (0.4950 %)). Current N = 1. Average N = 0.926
2021-03-25 01:10:01,377 - INFO: Move rejected due to water leaving the GCMC sphere
2021-03-25 01:10:05,059 - INFO: 203 move(s) completed (1 accepted (0.4926 %)). Current N = 1. Average N = 0.926
2021-03-25 01:10:32,485 - INFO: 204 move(s) completed (1 accepted (0.4902 %)). Current N = 1. Average N = 0.926
2021-03-25 01:10:56,599 - INFO: Move rejected due to water leaving the GCMC sphere
2021-03-25 01:10:59,996 - INFO: 205 move(s) completed (1 accepted (0.4878 %)). Current N = 1. Average N = 0.927
2021-03-25 01:11:23,305 - INFO: Move rejected due to water leaving the GCMC sphere
2021-03-25 01:11:26,865 - INFO: 206 move(s) completed (1 accepted (0.4854 %)). Current N = 1. Average N = 0.927
2021-03-25 01:11:54,581 - INFO: 207 move(s) completed (1 accepted (0.4831 %)). Current N = 1. Average N = 0.927
2021-03-25 01:12:17,767 - INFO: Move rejected due to water leaving the GCMC sphere
2021-03-25 01:12:21,375 - INFO: 208 move(s) completed (1 accepted (0.4808 %)). Current N = 1. Average N = 0.928
2021-03-25 01:12:48,167 - INFO: 209 move(s) completed (1 accepted (0.4785 %)). Current N = 1. Average N = 0.928
2021-03-25 01:13:11,836 - INFO: Move rejected due to water leaving the GCMC sphere
2021-03-25 01:13:15,306 - INFO: 210 move(s) completed (1 accepted (0.4762 %)). Current N = 1. Average N = 0.929
2021-03-25 01:13:39,127 - INFO: Move rejected due to water leaving the GCMC sphere
2021-03-25 01:13:42,812 - INFO: 211 move(s) completed (1 accepted (0.4739 %)). Current N = 1. Average N = 0.929
2021-03-25 01:14:06,425 - INFO: Move rejected due to water leaving the GCMC sphere
2021-03-25 01:14:10,111 - INFO: 212 move(s) completed (1 accepted (0.4717 %)). Current N = 1. Average N = 0.929
2021-03-25 01:14:34,002 - INFO: Move rejected due to water leaving the GCMC sphere
2021-03-25 01:14:37,684 - INFO: 213 move(s) completed (1 accepted (0.4695 %)). Current N = 1. Average N = 0.930
2021-03-25 01:15:01,874 - INFO: Move rejected due to water leaving the GCMC sphere
2021-03-25 01:15:05,652 - INFO: 214 move(s) completed (1 accepted (0.4673 %)). Current N = 1. Average N = 0.930
2021-03-25 01:15:29,940 - INFO: Move rejected due to water leaving the GCMC sphere
2021-03-25 01:15:33,627 - INFO: 215 move(s) completed (1 accepted (0.4651 %)). Current N = 1. Average N = 0.930
2021-03-25 01:16:01,519 - INFO: 216 move(s) completed (1 accepted (0.4630 %)). Current N = 1. Average N = 0.931
2021-03-25 01:16:29,306 - INFO: 217 move(s) completed (1 accepted (0.4608 %)). Current N = 1. Average N = 0.931
2021-03-25 01:16:52,543 - INFO: Move rejected due to water leaving the GCMC sphere
2021-03-25 01:16:56,287 - INFO: 218 move(s) completed (1 accepted (0.4587 %)). Current N = 1. Average N = 0.931
2021-03-25 01:17:19,559 - INFO: Move rejected due to water leaving the GCMC sphere
2021-03-25 01:17:23,066 - INFO: 219 move(s) completed (1 accepted (0.4566 %)). Current N = 1. Average N = 0.931
2021-03-25 01:17:50,237 - INFO: 220 move(s) completed (1 accepted (0.4545 %)). Current N = 1. Average N = 0.932
2021-03-25 01:18:17,645 - INFO: 221 move(s) completed (1 accepted (0.4525 %)). Current N = 1. Average N = 0.932
2021-03-25 01:18:41,486 - INFO: Move rejected due to water leaving the GCMC sphere
2021-03-25 01:18:44,848 - INFO: 222 move(s) completed (1 accepted (0.4505 %)). Current N = 1. Average N = 0.932
2021-03-25 01:19:08,877 - INFO: Move rejected due to water leaving the GCMC sphere
2021-03-25 01:19:12,252 - INFO: 223 move(s) completed (1 accepted (0.4484 %)). Current N = 1. Average N = 0.933
2021-03-25 01:19:36,483 - INFO: Move rejected due to water leaving the GCMC sphere
2021-03-25 01:19:40,068 - INFO: 224 move(s) completed (1 accepted (0.4464 %)). Current N = 1. Average N = 0.933
2021-03-25 01:20:04,204 - INFO: Move rejected due to water leaving the GCMC sphere
2021-03-25 01:20:07,804 - INFO: 225 move(s) completed (1 accepted (0.4444 %)). Current N = 1. Average N = 0.933
2021-03-25 01:20:34,846 - INFO: 226 move(s) completed (1 accepted (0.4425 %)). Current N = 1. Average N = 0.934
2021-03-25 01:21:01,721 - INFO: 227 move(s) completed (1 accepted (0.4405 %)). Current N = 1. Average N = 0.934
2021-03-25 01:21:28,816 - INFO: 228 move(s) completed (1 accepted (0.4386 %)). Current N = 1. Average N = 0.934
2021-03-25 01:21:52,591 - INFO: Move rejected due to water leaving the GCMC sphere
2021-03-25 01:21:56,267 - INFO: 229 move(s) completed (1 accepted (0.4367 %)). Current N = 1. Average N = 0.934
2021-03-25 01:22:20,034 - INFO: Move rejected due to water leaving the GCMC sphere
2021-03-25 01:22:23,715 - INFO: 230 move(s) completed (1 accepted (0.4348 %)). Current N = 1. Average N = 0.935
2021-03-25 01:22:47,493 - INFO: Move rejected due to water leaving the GCMC sphere
2021-03-25 01:22:51,251 - INFO: 231 move(s) completed (1 accepted (0.4329 %)). Current N = 1. Average N = 0.935
2021-03-25 01:23:15,134 - INFO: Move rejected due to water leaving the GCMC sphere
2021-03-25 01:23:18,613 - INFO: 232 move(s) completed (1 accepted (0.4310 %)). Current N = 1. Average N = 0.935
2021-03-25 01:23:42,949 - INFO: Move rejected due to water leaving the GCMC sphere
2021-03-25 01:23:46,540 - INFO: 233 move(s) completed (1 accepted (0.4292 %)). Current N = 1. Average N = 0.936
2021-03-25 01:24:10,654 - INFO: Move rejected due to water leaving the GCMC sphere
2021-03-25 01:24:14,220 - INFO: 234 move(s) completed (1 accepted (0.4274 %)). Current N = 1. Average N = 0.936
2021-03-25 01:24:38,483 - INFO: Move rejected due to water leaving the GCMC sphere
2021-03-25 01:24:42,055 - INFO: 235 move(s) completed (1 accepted (0.4255 %)). Current N = 1. Average N = 0.936
2021-03-25 01:25:08,903 - INFO: 236 move(s) completed (1 accepted (0.4237 %)). Current N = 1. Average N = 0.936
2021-03-25 01:25:35,845 - INFO: 237 move(s) completed (1 accepted (0.4219 %)). Current N = 1. Average N = 0.937
2021-03-25 01:25:59,440 - INFO: Move rejected due to water leaving the GCMC sphere
2021-03-25 01:26:03,092 - INFO: 238 move(s) completed (1 accepted (0.4202 %)). Current N = 1. Average N = 0.937
2021-03-25 01:26:26,857 - INFO: Move rejected due to water leaving the GCMC sphere
2021-03-25 01:26:30,575 - INFO: 239 move(s) completed (1 accepted (0.4184 %)). Current N = 1. Average N = 0.937
2021-03-25 01:26:57,426 - INFO: 240 move(s) completed (1 accepted (0.4167 %)). Current N = 1. Average N = 0.938
2021-03-25 01:27:20,922 - INFO: Move rejected due to water leaving the GCMC sphere
2021-03-25 01:27:24,707 - INFO: 241 move(s) completed (1 accepted (0.4149 %)). Current N = 1. Average N = 0.938
2021-03-25 01:27:52,066 - INFO: 242 move(s) completed (1 accepted (0.4132 %)). Current N = 1. Average N = 0.938
2021-03-25 01:28:16,273 - INFO: Move rejected due to water leaving the GCMC sphere
2021-03-25 01:28:19,953 - INFO: 243 move(s) completed (1 accepted (0.4115 %)). Current N = 1. Average N = 0.938
2021-03-25 01:28:43,998 - INFO: Move rejected due to water leaving the GCMC sphere
2021-03-25 01:28:47,658 - INFO: 244 move(s) completed (1 accepted (0.4098 %)). Current N = 1. Average N = 0.939
2021-03-25 01:29:11,124 - INFO: Move rejected due to water leaving the GCMC sphere
2021-03-25 01:29:14,726 - INFO: 245 move(s) completed (1 accepted (0.4082 %)). Current N = 1. Average N = 0.939
2021-03-25 01:29:37,984 - INFO: Move rejected due to water leaving the GCMC sphere
2021-03-25 01:29:41,664 - INFO: 246 move(s) completed (1 accepted (0.4065 %)). Current N = 1. Average N = 0.939
2021-03-25 01:30:09,021 - INFO: 247 move(s) completed (1 accepted (0.4049 %)). Current N = 1. Average N = 0.939
2021-03-25 01:30:36,066 - INFO: 248 move(s) completed (1 accepted (0.4032 %)). Current N = 1. Average N = 0.940
2021-03-25 01:31:00,010 - INFO: Move rejected due to water leaving the GCMC sphere
2021-03-25 01:31:03,443 - INFO: 249 move(s) completed (1 accepted (0.4016 %)). Current N = 1. Average N = 0.940
2021-03-25 01:31:27,472 - INFO: Move rejected due to water leaving the GCMC sphere
2021-03-25 01:31:30,974 - INFO: 250 move(s) completed (1 accepted (0.4000 %)). Current N = 1. Average N = 0.940
2021-03-25 01:31:54,943 - INFO: Move rejected due to water leaving the GCMC sphere
2021-03-25 01:31:58,490 - INFO: 251 move(s) completed (1 accepted (0.3984 %)). Current N = 1. Average N = 0.940
2021-03-25 01:32:22,582 - INFO: Move rejected due to water leaving the GCMC sphere
2021-03-25 01:32:26,339 - INFO: 252 move(s) completed (1 accepted (0.3968 %)). Current N = 1. Average N = 0.941
2021-03-25 01:32:53,983 - INFO: 253 move(s) completed (1 accepted (0.3953 %)). Current N = 1. Average N = 0.941
2021-03-25 01:33:20,987 - INFO: 254 move(s) completed (1 accepted (0.3937 %)). Current N = 1. Average N = 0.941
2021-03-25 01:33:44,270 - INFO: Move rejected due to water leaving the GCMC sphere
2021-03-25 01:33:47,961 - INFO: 255 move(s) completed (1 accepted (0.3922 %)). Current N = 1. Average N = 0.941
2021-03-25 01:34:15,527 - INFO: 256 move(s) completed (1 accepted (0.3906 %)). Current N = 1. Average N = 0.941
2021-03-25 01:34:43,275 - INFO: 257 move(s) completed (1 accepted (0.3891 %)). Current N = 1. Average N = 0.942
2021-03-25 01:35:07,365 - INFO: Move rejected due to water leaving the GCMC sphere
2021-03-25 01:35:11,041 - INFO: 258 move(s) completed (1 accepted (0.3876 %)). Current N = 1. Average N = 0.942
2021-03-25 01:35:34,997 - INFO: Move rejected due to water leaving the GCMC sphere
2021-03-25 01:35:38,619 - INFO: 259 move(s) completed (1 accepted (0.3861 %)). Current N = 1. Average N = 0.942
2021-03-25 01:36:06,354 - INFO: 260 move(s) completed (1 accepted (0.3846 %)). Current N = 1. Average N = 0.942
2021-03-25 01:36:33,916 - INFO: 261 move(s) completed (1 accepted (0.3831 %)). Current N = 1. Average N = 0.943
2021-03-25 01:37:00,806 - INFO: 262 move(s) completed (1 accepted (0.3817 %)). Current N = 1. Average N = 0.943
2021-03-25 01:37:23,984 - INFO: Move rejected due to water leaving the GCMC sphere
2021-03-25 01:37:27,434 - INFO: 263 move(s) completed (1 accepted (0.3802 %)). Current N = 1. Average N = 0.943
2021-03-25 01:37:51,097 - INFO: Move rejected due to water leaving the GCMC sphere
2021-03-25 01:37:54,636 - INFO: 264 move(s) completed (1 accepted (0.3788 %)). Current N = 1. Average N = 0.943
2021-03-25 01:38:18,259 - INFO: Move rejected due to water leaving the GCMC sphere
2021-03-25 01:38:21,904 - INFO: 265 move(s) completed (1 accepted (0.3774 %)). Current N = 1. Average N = 0.943
2021-03-25 01:38:45,432 - INFO: Move rejected due to water leaving the GCMC sphere
2021-03-25 01:38:49,107 - INFO: 266 move(s) completed (1 accepted (0.3759 %)). Current N = 1. Average N = 0.944
2021-03-25 01:39:16,657 - INFO: 267 move(s) completed (1 accepted (0.3745 %)). Current N = 1. Average N = 0.944
2021-03-25 01:39:44,257 - INFO: 268 move(s) completed (1 accepted (0.3731 %)). Current N = 1. Average N = 0.944
2021-03-25 01:40:08,387 - INFO: Move rejected due to water leaving the GCMC sphere
2021-03-25 01:40:12,145 - INFO: 269 move(s) completed (1 accepted (0.3717 %)). Current N = 1. Average N = 0.944
2021-03-25 01:40:39,511 - INFO: 270 move(s) completed (1 accepted (0.3704 %)). Current N = 1. Average N = 0.944
