2020-07-05 10:21:23,327 - INFO: kT = 0.5921875708469466 kcal/mol
2020-07-05 10:21:24,272 - INFO: BaseGrandCanonicalMonteCarloSampler object initialised
2020-07-05 10:21:24,272 - INFO: Simulating at an Adams (B) value of -2.629597194812459
2020-07-05 10:21:24,272 - INFO: GCMCSystemSampler object initialised
2020-07-05 10:21:24,273 - INFO: Each NCMC move will be executed over a total of 23.0 ps
2020-07-05 10:21:24,273 - INFO: NonequilibriumGCMCSystemSampler object initialised
2020-07-05 10:22:32,449 - INFO: 1 move(s) completed (1 accepted (100.0000 %)). Current N = 2093. Average N = 2093.000
2020-07-05 10:23:34,410 - INFO: 2 move(s) completed (1 accepted (50.0000 %)). Current N = 2093. Average N = 2093.000
2020-07-05 10:24:36,515 - INFO: 3 move(s) completed (1 accepted (33.3333 %)). Current N = 2093. Average N = 2093.000
2020-07-05 10:25:38,784 - INFO: 4 move(s) completed (2 accepted (50.0000 %)). Current N = 2092. Average N = 2092.750
2020-07-05 10:26:41,224 - INFO: 5 move(s) completed (2 accepted (40.0000 %)). Current N = 2092. Average N = 2092.600
2020-07-05 10:27:43,367 - INFO: 6 move(s) completed (3 accepted (50.0000 %)). Current N = 2091. Average N = 2092.333
2020-07-05 10:28:45,629 - INFO: 7 move(s) completed (3 accepted (42.8571 %)). Current N = 2091. Average N = 2092.143
2020-07-05 10:29:47,992 - INFO: 8 move(s) completed (3 accepted (37.5000 %)). Current N = 2091. Average N = 2092.000
2020-07-05 10:30:50,543 - INFO: 9 move(s) completed (4 accepted (44.4444 %)). Current N = 2090. Average N = 2091.778
2020-07-05 10:31:52,788 - INFO: 10 move(s) completed (5 accepted (50.0000 %)). Current N = 2091. Average N = 2091.700
2020-07-05 10:32:55,307 - INFO: 11 move(s) completed (5 accepted (45.4545 %)). Current N = 2091. Average N = 2091.636
2020-07-05 10:33:57,947 - INFO: 12 move(s) completed (6 accepted (50.0000 %)). Current N = 2092. Average N = 2091.667
2020-07-05 10:35:00,727 - INFO: 13 move(s) completed (6 accepted (46.1538 %)). Current N = 2092. Average N = 2091.692
2020-07-05 10:36:03,249 - INFO: 14 move(s) completed (6 accepted (42.8571 %)). Current N = 2092. Average N = 2091.714
2020-07-05 10:37:05,880 - INFO: 15 move(s) completed (6 accepted (40.0000 %)). Current N = 2092. Average N = 2091.733
2020-07-05 10:38:08,632 - INFO: 16 move(s) completed (6 accepted (37.5000 %)). Current N = 2092. Average N = 2091.750
2020-07-05 10:39:11,492 - INFO: 17 move(s) completed (6 accepted (35.2941 %)). Current N = 2092. Average N = 2091.765
2020-07-05 10:40:14,044 - INFO: 18 move(s) completed (7 accepted (38.8889 %)). Current N = 2091. Average N = 2091.722
2020-07-05 10:41:16,651 - INFO: 19 move(s) completed (7 accepted (36.8421 %)). Current N = 2091. Average N = 2091.684
2020-07-05 10:42:19,421 - INFO: 20 move(s) completed (8 accepted (40.0000 %)). Current N = 2092. Average N = 2091.700
2020-07-05 10:43:22,308 - INFO: 21 move(s) completed (8 accepted (38.0952 %)). Current N = 2092. Average N = 2091.714
2020-07-05 10:44:24,891 - INFO: 22 move(s) completed (9 accepted (40.9091 %)). Current N = 2091. Average N = 2091.682
2020-07-05 10:45:27,555 - INFO: 23 move(s) completed (10 accepted (43.4783 %)). Current N = 2092. Average N = 2091.696
2020-07-05 10:46:30,378 - INFO: 24 move(s) completed (10 accepted (41.6667 %)). Current N = 2092. Average N = 2091.708
2020-07-05 10:47:33,271 - INFO: 25 move(s) completed (11 accepted (44.0000 %)). Current N = 2093. Average N = 2091.760
2020-07-05 10:48:35,888 - INFO: 26 move(s) completed (11 accepted (42.3077 %)). Current N = 2093. Average N = 2091.808
2020-07-05 10:49:38,569 - INFO: 27 move(s) completed (11 accepted (40.7407 %)). Current N = 2093. Average N = 2091.852
2020-07-05 10:50:41,345 - INFO: 28 move(s) completed (12 accepted (42.8571 %)). Current N = 2092. Average N = 2091.857
2020-07-05 10:51:44,292 - INFO: 29 move(s) completed (12 accepted (41.3793 %)). Current N = 2092. Average N = 2091.862
2020-07-05 10:52:46,899 - INFO: 30 move(s) completed (13 accepted (43.3333 %)). Current N = 2093. Average N = 2091.900
2020-07-05 10:53:49,638 - INFO: 31 move(s) completed (13 accepted (41.9355 %)). Current N = 2093. Average N = 2091.936
2020-07-05 10:54:52,458 - INFO: 32 move(s) completed (13 accepted (40.6250 %)). Current N = 2093. Average N = 2091.969
2020-07-05 10:55:55,405 - INFO: 33 move(s) completed (13 accepted (39.3939 %)). Current N = 2093. Average N = 2092.000
2020-07-05 10:56:58,079 - INFO: 34 move(s) completed (13 accepted (38.2353 %)). Current N = 2093. Average N = 2092.029
2020-07-05 10:58:00,868 - INFO: 35 move(s) completed (13 accepted (37.1429 %)). Current N = 2093. Average N = 2092.057
2020-07-05 10:59:03,785 - INFO: 36 move(s) completed (14 accepted (38.8889 %)). Current N = 2092. Average N = 2092.056
2020-07-05 11:00:06,752 - INFO: 37 move(s) completed (14 accepted (37.8378 %)). Current N = 2092. Average N = 2092.054
2020-07-05 11:01:09,448 - INFO: 38 move(s) completed (14 accepted (36.8421 %)). Current N = 2092. Average N = 2092.053
2020-07-05 11:02:12,303 - INFO: 39 move(s) completed (14 accepted (35.8974 %)). Current N = 2092. Average N = 2092.051
2020-07-05 11:03:15,224 - INFO: 40 move(s) completed (14 accepted (35.0000 %)). Current N = 2092. Average N = 2092.050
2020-07-05 11:04:18,234 - INFO: 41 move(s) completed (15 accepted (36.5854 %)). Current N = 2093. Average N = 2092.073
2020-07-05 11:05:21,047 - INFO: 42 move(s) completed (15 accepted (35.7143 %)). Current N = 2093. Average N = 2092.095
2020-07-05 11:06:23,848 - INFO: 43 move(s) completed (16 accepted (37.2093 %)). Current N = 2094. Average N = 2092.140
2020-07-05 11:07:26,760 - INFO: 44 move(s) completed (16 accepted (36.3636 %)). Current N = 2094. Average N = 2092.182
2020-07-05 11:08:29,761 - INFO: 45 move(s) completed (17 accepted (37.7778 %)). Current N = 2093. Average N = 2092.200
2020-07-05 11:09:32,478 - INFO: 46 move(s) completed (18 accepted (39.1304 %)). Current N = 2094. Average N = 2092.239
2020-07-05 11:10:35,318 - INFO: 47 move(s) completed (19 accepted (40.4255 %)). Current N = 2093. Average N = 2092.255
2020-07-05 11:11:38,297 - INFO: 48 move(s) completed (19 accepted (39.5833 %)). Current N = 2093. Average N = 2092.271
2020-07-05 11:12:41,050 - INFO: 49 move(s) completed (20 accepted (40.8163 %)). Current N = 2092. Average N = 2092.265
2020-07-05 11:13:43,801 - INFO: 50 move(s) completed (20 accepted (40.0000 %)). Current N = 2092. Average N = 2092.260
2020-07-05 11:14:46,694 - INFO: 51 move(s) completed (20 accepted (39.2157 %)). Current N = 2092. Average N = 2092.255
2020-07-05 11:15:49,675 - INFO: 52 move(s) completed (20 accepted (38.4615 %)). Current N = 2092. Average N = 2092.250
2020-07-05 11:16:52,406 - INFO: 53 move(s) completed (21 accepted (39.6226 %)). Current N = 2091. Average N = 2092.226
2020-07-05 11:17:55,240 - INFO: 54 move(s) completed (21 accepted (38.8889 %)). Current N = 2091. Average N = 2092.204
2020-07-05 11:18:58,234 - INFO: 55 move(s) completed (21 accepted (38.1818 %)). Current N = 2091. Average N = 2092.182
2020-07-05 11:20:01,304 - INFO: 56 move(s) completed (21 accepted (37.5000 %)). Current N = 2091. Average N = 2092.161
2020-07-05 11:21:04,061 - INFO: 57 move(s) completed (22 accepted (38.5965 %)). Current N = 2092. Average N = 2092.158
2020-07-05 11:22:06,905 - INFO: 58 move(s) completed (22 accepted (37.9310 %)). Current N = 2092. Average N = 2092.155
2020-07-05 11:23:09,884 - INFO: 59 move(s) completed (22 accepted (37.2881 %)). Current N = 2092. Average N = 2092.153
2020-07-05 11:24:12,930 - INFO: 60 move(s) completed (22 accepted (36.6667 %)). Current N = 2092. Average N = 2092.150
2020-07-05 11:25:15,642 - INFO: 61 move(s) completed (23 accepted (37.7049 %)). Current N = 2093. Average N = 2092.164
2020-07-05 11:26:18,468 - INFO: 62 move(s) completed (23 accepted (37.0968 %)). Current N = 2093. Average N = 2092.177
2020-07-05 11:27:21,443 - INFO: 63 move(s) completed (23 accepted (36.5079 %)). Current N = 2093. Average N = 2092.191
2020-07-05 11:28:24,522 - INFO: 64 move(s) completed (23 accepted (35.9375 %)). Current N = 2093. Average N = 2092.203
2020-07-05 11:29:27,292 - INFO: 65 move(s) completed (24 accepted (36.9231 %)). Current N = 2092. Average N = 2092.200
2020-07-05 11:30:30,188 - INFO: 66 move(s) completed (25 accepted (37.8788 %)). Current N = 2091. Average N = 2092.182
2020-07-05 11:31:33,238 - INFO: 67 move(s) completed (25 accepted (37.3134 %)). Current N = 2091. Average N = 2092.164
2020-07-05 11:32:36,411 - INFO: 68 move(s) completed (26 accepted (38.2353 %)). Current N = 2092. Average N = 2092.162
2020-07-05 11:33:39,287 - INFO: 69 move(s) completed (26 accepted (37.6812 %)). Current N = 2092. Average N = 2092.159
2020-07-05 11:34:42,214 - INFO: 70 move(s) completed (26 accepted (37.1429 %)). Current N = 2092. Average N = 2092.157
2020-07-05 11:35:45,268 - INFO: 71 move(s) completed (27 accepted (38.0282 %)). Current N = 2093. Average N = 2092.169
2020-07-05 11:36:48,348 - INFO: 72 move(s) completed (28 accepted (38.8889 %)). Current N = 2094. Average N = 2092.194
2020-07-05 11:37:51,210 - INFO: 73 move(s) completed (28 accepted (38.3562 %)). Current N = 2094. Average N = 2092.219
2020-07-05 11:38:54,145 - INFO: 74 move(s) completed (28 accepted (37.8378 %)). Current N = 2094. Average N = 2092.243
2020-07-05 11:39:57,174 - INFO: 75 move(s) completed (29 accepted (38.6667 %)). Current N = 2095. Average N = 2092.280
2020-07-05 11:41:00,296 - INFO: 76 move(s) completed (29 accepted (38.1579 %)). Current N = 2095. Average N = 2092.316
2020-07-05 11:42:03,158 - INFO: 77 move(s) completed (30 accepted (38.9610 %)). Current N = 2094. Average N = 2092.338
2020-07-05 11:43:06,114 - INFO: 78 move(s) completed (30 accepted (38.4615 %)). Current N = 2094. Average N = 2092.359
2020-07-05 11:44:09,206 - INFO: 79 move(s) completed (31 accepted (39.2405 %)). Current N = 2095. Average N = 2092.392
2020-07-05 11:45:12,346 - INFO: 80 move(s) completed (32 accepted (40.0000 %)). Current N = 2096. Average N = 2092.438
2020-07-05 11:46:15,255 - INFO: 81 move(s) completed (32 accepted (39.5062 %)). Current N = 2096. Average N = 2092.481
2020-07-05 11:47:18,227 - INFO: 82 move(s) completed (32 accepted (39.0244 %)). Current N = 2096. Average N = 2092.524
2020-07-05 11:48:21,371 - INFO: 83 move(s) completed (32 accepted (38.5542 %)). Current N = 2096. Average N = 2092.566
2020-07-05 11:49:24,612 - INFO: 84 move(s) completed (32 accepted (38.0952 %)). Current N = 2096. Average N = 2092.607
2020-07-05 11:50:27,548 - INFO: 85 move(s) completed (32 accepted (37.6471 %)). Current N = 2096. Average N = 2092.647
2020-07-05 11:51:30,574 - INFO: 86 move(s) completed (32 accepted (37.2093 %)). Current N = 2096. Average N = 2092.686
2020-07-05 11:52:33,622 - INFO: 87 move(s) completed (33 accepted (37.9310 %)). Current N = 2097. Average N = 2092.736
2020-07-05 11:53:36,800 - INFO: 88 move(s) completed (33 accepted (37.5000 %)). Current N = 2097. Average N = 2092.784
2020-07-05 11:54:39,674 - INFO: 89 move(s) completed (34 accepted (38.2022 %)). Current N = 2096. Average N = 2092.820
2020-07-05 11:55:42,652 - INFO: 90 move(s) completed (34 accepted (37.7778 %)). Current N = 2096. Average N = 2092.856
2020-07-05 11:56:45,749 - INFO: 91 move(s) completed (35 accepted (38.4615 %)). Current N = 2095. Average N = 2092.879
2020-07-05 11:57:48,938 - INFO: 92 move(s) completed (35 accepted (38.0435 %)). Current N = 2095. Average N = 2092.902
2020-07-05 11:58:51,838 - INFO: 93 move(s) completed (36 accepted (38.7097 %)). Current N = 2096. Average N = 2092.936
2020-07-05 11:59:54,811 - INFO: 94 move(s) completed (37 accepted (39.3617 %)). Current N = 2097. Average N = 2092.979
2020-07-05 12:00:57,923 - INFO: 95 move(s) completed (37 accepted (38.9474 %)). Current N = 2097. Average N = 2093.021
2020-07-05 12:02:01,131 - INFO: 96 move(s) completed (37 accepted (38.5417 %)). Current N = 2097. Average N = 2093.062
2020-07-05 12:03:04,042 - INFO: 97 move(s) completed (37 accepted (38.1443 %)). Current N = 2097. Average N = 2093.103
2020-07-05 12:04:07,076 - INFO: 98 move(s) completed (38 accepted (38.7755 %)). Current N = 2096. Average N = 2093.133
2020-07-05 12:05:10,216 - INFO: 99 move(s) completed (38 accepted (38.3838 %)). Current N = 2096. Average N = 2093.162
2020-07-05 12:06:13,480 - INFO: 100 move(s) completed (39 accepted (39.0000 %)). Current N = 2097. Average N = 2093.200
2020-07-05 12:07:16,461 - INFO: 101 move(s) completed (39 accepted (38.6139 %)). Current N = 2097. Average N = 2093.238
2020-07-05 12:08:19,587 - INFO: 102 move(s) completed (40 accepted (39.2157 %)). Current N = 2096. Average N = 2093.265
2020-07-05 12:09:22,823 - INFO: 103 move(s) completed (40 accepted (38.8350 %)). Current N = 2096. Average N = 2093.291
2020-07-05 12:10:25,796 - INFO: 104 move(s) completed (40 accepted (38.4615 %)). Current N = 2096. Average N = 2093.317
2020-07-05 12:11:28,764 - INFO: 105 move(s) completed (41 accepted (39.0476 %)). Current N = 2097. Average N = 2093.352
2020-07-05 12:12:31,842 - INFO: 106 move(s) completed (41 accepted (38.6792 %)). Current N = 2097. Average N = 2093.387
2020-07-05 12:13:35,087 - INFO: 107 move(s) completed (42 accepted (39.2523 %)). Current N = 2096. Average N = 2093.411
2020-07-05 12:14:38,113 - INFO: 108 move(s) completed (42 accepted (38.8889 %)). Current N = 2096. Average N = 2093.435
2020-07-05 12:15:41,211 - INFO: 109 move(s) completed (42 accepted (38.5321 %)). Current N = 2096. Average N = 2093.459
2020-07-05 12:16:44,343 - INFO: 110 move(s) completed (43 accepted (39.0909 %)). Current N = 2097. Average N = 2093.491
2020-07-05 12:17:47,581 - INFO: 111 move(s) completed (43 accepted (38.7387 %)). Current N = 2097. Average N = 2093.523
2020-07-05 12:18:50,612 - INFO: 112 move(s) completed (43 accepted (38.3929 %)). Current N = 2097. Average N = 2093.554
2020-07-05 12:19:53,670 - INFO: 113 move(s) completed (43 accepted (38.0531 %)). Current N = 2097. Average N = 2093.584
2020-07-05 12:20:56,921 - INFO: 114 move(s) completed (43 accepted (37.7193 %)). Current N = 2097. Average N = 2093.614
2020-07-05 12:22:00,230 - INFO: 115 move(s) completed (43 accepted (37.3913 %)). Current N = 2097. Average N = 2093.644
2020-07-05 12:23:03,256 - INFO: 116 move(s) completed (43 accepted (37.0690 %)). Current N = 2097. Average N = 2093.672
2020-07-05 12:24:06,341 - INFO: 117 move(s) completed (43 accepted (36.7521 %)). Current N = 2097. Average N = 2093.701
2020-07-05 12:25:09,591 - INFO: 118 move(s) completed (43 accepted (36.4407 %)). Current N = 2097. Average N = 2093.729
2020-07-05 12:26:12,915 - INFO: 119 move(s) completed (43 accepted (36.1345 %)). Current N = 2097. Average N = 2093.756
2020-07-05 12:27:15,971 - INFO: 120 move(s) completed (43 accepted (35.8333 %)). Current N = 2097. Average N = 2093.783
2020-07-05 12:28:19,107 - INFO: 121 move(s) completed (43 accepted (35.5372 %)). Current N = 2097. Average N = 2093.810
2020-07-05 12:29:22,322 - INFO: 122 move(s) completed (43 accepted (35.2459 %)). Current N = 2097. Average N = 2093.836
2020-07-05 12:30:25,656 - INFO: 123 move(s) completed (43 accepted (34.9593 %)). Current N = 2097. Average N = 2093.862
2020-07-05 12:31:28,692 - INFO: 124 move(s) completed (44 accepted (35.4839 %)). Current N = 2096. Average N = 2093.879
2020-07-05 12:32:31,791 - INFO: 125 move(s) completed (45 accepted (36.0000 %)). Current N = 2095. Average N = 2093.888
2020-07-05 12:33:35,066 - INFO: 126 move(s) completed (45 accepted (35.7143 %)). Current N = 2095. Average N = 2093.897
2020-07-05 12:34:38,475 - INFO: 127 move(s) completed (45 accepted (35.4331 %)). Current N = 2095. Average N = 2093.905
2020-07-05 12:35:41,546 - INFO: 128 move(s) completed (45 accepted (35.1562 %)). Current N = 2095. Average N = 2093.914
2020-07-05 12:36:44,732 - INFO: 129 move(s) completed (45 accepted (34.8837 %)). Current N = 2095. Average N = 2093.923
2020-07-05 12:37:47,991 - INFO: 130 move(s) completed (45 accepted (34.6154 %)). Current N = 2095. Average N = 2093.931
2020-07-05 12:38:51,361 - INFO: 131 move(s) completed (46 accepted (35.1145 %)). Current N = 2094. Average N = 2093.931
2020-07-05 12:39:54,473 - INFO: 132 move(s) completed (46 accepted (34.8485 %)). Current N = 2094. Average N = 2093.932
2020-07-05 12:40:57,747 - INFO: 133 move(s) completed (46 accepted (34.5865 %)). Current N = 2094. Average N = 2093.932
2020-07-05 12:42:01,099 - INFO: 134 move(s) completed (46 accepted (34.3284 %)). Current N = 2094. Average N = 2093.933
2020-07-05 12:43:04,603 - INFO: 135 move(s) completed (47 accepted (34.8148 %)). Current N = 2093. Average N = 2093.926
2020-07-05 12:44:07,703 - INFO: 136 move(s) completed (48 accepted (35.2941 %)). Current N = 2094. Average N = 2093.927
2020-07-05 12:45:10,950 - INFO: 137 move(s) completed (49 accepted (35.7664 %)). Current N = 2093. Average N = 2093.920
2020-07-05 12:46:14,308 - INFO: 138 move(s) completed (50 accepted (36.2319 %)). Current N = 2094. Average N = 2093.920
2020-07-05 12:47:17,794 - INFO: 139 move(s) completed (50 accepted (35.9712 %)). Current N = 2094. Average N = 2093.921
2020-07-05 12:48:20,998 - INFO: 140 move(s) completed (50 accepted (35.7143 %)). Current N = 2094. Average N = 2093.921
2020-07-05 12:49:24,289 - INFO: 141 move(s) completed (51 accepted (36.1702 %)). Current N = 2095. Average N = 2093.929
2020-07-05 12:50:27,673 - INFO: 142 move(s) completed (51 accepted (35.9155 %)). Current N = 2095. Average N = 2093.937
2020-07-05 12:51:31,187 - INFO: 143 move(s) completed (52 accepted (36.3636 %)). Current N = 2096. Average N = 2093.951
2020-07-05 12:52:34,288 - INFO: 144 move(s) completed (52 accepted (36.1111 %)). Current N = 2096. Average N = 2093.965
2020-07-05 12:53:37,627 - INFO: 145 move(s) completed (52 accepted (35.8621 %)). Current N = 2096. Average N = 2093.979
2020-07-05 12:54:40,971 - INFO: 146 move(s) completed (53 accepted (36.3014 %)). Current N = 2097. Average N = 2094.000
2020-07-05 12:55:44,385 - INFO: 147 move(s) completed (54 accepted (36.7347 %)). Current N = 2098. Average N = 2094.027
2020-07-05 12:56:47,536 - INFO: 148 move(s) completed (55 accepted (37.1622 %)). Current N = 2099. Average N = 2094.061
2020-07-05 12:57:50,753 - INFO: 149 move(s) completed (55 accepted (36.9128 %)). Current N = 2099. Average N = 2094.094
2020-07-05 12:58:54,073 - INFO: 150 move(s) completed (55 accepted (36.6667 %)). Current N = 2099. Average N = 2094.127
2020-07-05 12:59:57,509 - INFO: 151 move(s) completed (56 accepted (37.0861 %)). Current N = 2100. Average N = 2094.166
2020-07-05 13:01:00,640 - INFO: 152 move(s) completed (57 accepted (37.5000 %)). Current N = 2099. Average N = 2094.197
2020-07-05 13:02:03,950 - INFO: 153 move(s) completed (57 accepted (37.2549 %)). Current N = 2099. Average N = 2094.229
2020-07-05 13:03:07,445 - INFO: 154 move(s) completed (57 accepted (37.0130 %)). Current N = 2099. Average N = 2094.260
2020-07-05 13:04:10,653 - INFO: 155 move(s) completed (58 accepted (37.4194 %)). Current N = 2098. Average N = 2094.284
2020-07-05 13:05:13,933 - INFO: 156 move(s) completed (59 accepted (37.8205 %)). Current N = 2097. Average N = 2094.301
2020-07-05 13:06:17,273 - INFO: 157 move(s) completed (59 accepted (37.5796 %)). Current N = 2097. Average N = 2094.318
2020-07-05 13:07:20,711 - INFO: 158 move(s) completed (59 accepted (37.3418 %)). Current N = 2097. Average N = 2094.335
2020-07-05 13:08:23,977 - INFO: 159 move(s) completed (60 accepted (37.7358 %)). Current N = 2096. Average N = 2094.346
2020-07-05 13:09:27,340 - INFO: 160 move(s) completed (61 accepted (38.1250 %)). Current N = 2095. Average N = 2094.350
2020-07-05 13:10:30,728 - INFO: 161 move(s) completed (62 accepted (38.5093 %)). Current N = 2096. Average N = 2094.360
2020-07-05 13:11:34,251 - INFO: 162 move(s) completed (62 accepted (38.2716 %)). Current N = 2096. Average N = 2094.370
2020-07-05 13:12:37,508 - INFO: 163 move(s) completed (63 accepted (38.6503 %)). Current N = 2097. Average N = 2094.387
2020-07-05 13:13:40,780 - INFO: 164 move(s) completed (64 accepted (39.0244 %)). Current N = 2098. Average N = 2094.409
2020-07-05 13:14:44,074 - INFO: 165 move(s) completed (65 accepted (39.3939 %)). Current N = 2099. Average N = 2094.436
2020-07-05 13:15:47,517 - INFO: 166 move(s) completed (65 accepted (39.1566 %)). Current N = 2099. Average N = 2094.464
2020-07-05 13:16:50,568 - INFO: 167 move(s) completed (65 accepted (38.9222 %)). Current N = 2099. Average N = 2094.491
2020-07-05 13:17:53,673 - INFO: 168 move(s) completed (65 accepted (38.6905 %)). Current N = 2099. Average N = 2094.518
2020-07-05 13:18:56,955 - INFO: 169 move(s) completed (65 accepted (38.4615 %)). Current N = 2099. Average N = 2094.544
2020-07-05 13:20:00,377 - INFO: 170 move(s) completed (65 accepted (38.2353 %)). Current N = 2099. Average N = 2094.571
2020-07-05 13:21:03,513 - INFO: 171 move(s) completed (65 accepted (38.0117 %)). Current N = 2099. Average N = 2094.597
2020-07-05 13:22:06,686 - INFO: 172 move(s) completed (65 accepted (37.7907 %)). Current N = 2099. Average N = 2094.622
2020-07-05 13:23:09,972 - INFO: 173 move(s) completed (66 accepted (38.1503 %)). Current N = 2100. Average N = 2094.653
2020-07-05 13:24:13,246 - INFO: 174 move(s) completed (66 accepted (37.9310 %)). Current N = 2100. Average N = 2094.684
2020-07-05 13:25:16,330 - INFO: 175 move(s) completed (66 accepted (37.7143 %)). Current N = 2100. Average N = 2094.714
2020-07-05 13:26:19,520 - INFO: 176 move(s) completed (67 accepted (38.0682 %)). Current N = 2101. Average N = 2094.750
2020-07-05 13:27:22,747 - INFO: 177 move(s) completed (67 accepted (37.8531 %)). Current N = 2101. Average N = 2094.785
2020-07-05 13:28:26,125 - INFO: 178 move(s) completed (68 accepted (38.2022 %)). Current N = 2102. Average N = 2094.826
2020-07-05 13:29:29,132 - INFO: 179 move(s) completed (68 accepted (37.9888 %)). Current N = 2102. Average N = 2094.866
2020-07-05 13:30:32,287 - INFO: 180 move(s) completed (69 accepted (38.3333 %)). Current N = 2101. Average N = 2094.900
2020-07-05 13:31:35,569 - INFO: 181 move(s) completed (69 accepted (38.1215 %)). Current N = 2101. Average N = 2094.934
2020-07-05 13:32:38,934 - INFO: 182 move(s) completed (69 accepted (37.9121 %)). Current N = 2101. Average N = 2094.967
2020-07-05 13:33:41,989 - INFO: 183 move(s) completed (70 accepted (38.2514 %)). Current N = 2100. Average N = 2094.994
2020-07-05 13:34:45,214 - INFO: 184 move(s) completed (71 accepted (38.5870 %)). Current N = 2101. Average N = 2095.027
2020-07-05 13:35:48,485 - INFO: 185 move(s) completed (72 accepted (38.9189 %)). Current N = 2100. Average N = 2095.054
2020-07-05 13:36:51,893 - INFO: 186 move(s) completed (73 accepted (39.2473 %)). Current N = 2101. Average N = 2095.086
2020-07-05 13:37:55,071 - INFO: 187 move(s) completed (74 accepted (39.5722 %)). Current N = 2100. Average N = 2095.112
2020-07-05 13:38:58,395 - INFO: 188 move(s) completed (75 accepted (39.8936 %)). Current N = 2099. Average N = 2095.133
2020-07-05 13:40:01,730 - INFO: 189 move(s) completed (75 accepted (39.6825 %)). Current N = 2099. Average N = 2095.153
2020-07-05 13:41:05,236 - INFO: 190 move(s) completed (76 accepted (40.0000 %)). Current N = 2098. Average N = 2095.168
2020-07-05 13:42:08,530 - INFO: 191 move(s) completed (76 accepted (39.7906 %)). Current N = 2098. Average N = 2095.183
2020-07-05 13:43:11,824 - INFO: 192 move(s) completed (76 accepted (39.5833 %)). Current N = 2098. Average N = 2095.198
2020-07-05 13:44:15,235 - INFO: 193 move(s) completed (76 accepted (39.3782 %)). Current N = 2098. Average N = 2095.212
2020-07-05 13:45:18,852 - INFO: 194 move(s) completed (76 accepted (39.1753 %)). Current N = 2098. Average N = 2095.227
2020-07-05 13:46:22,059 - INFO: 195 move(s) completed (77 accepted (39.4872 %)). Current N = 2097. Average N = 2095.236
2020-07-05 13:47:25,340 - INFO: 196 move(s) completed (77 accepted (39.2857 %)). Current N = 2097. Average N = 2095.245
2020-07-05 13:48:28,783 - INFO: 197 move(s) completed (78 accepted (39.5939 %)). Current N = 2096. Average N = 2095.249
2020-07-05 13:49:32,363 - INFO: 198 move(s) completed (78 accepted (39.3939 %)). Current N = 2096. Average N = 2095.253
2020-07-05 13:50:35,569 - INFO: 199 move(s) completed (78 accepted (39.1960 %)). Current N = 2096. Average N = 2095.256
2020-07-05 13:51:38,906 - INFO: 200 move(s) completed (78 accepted (39.0000 %)). Current N = 2096. Average N = 2095.260
2020-07-05 13:52:42,321 - INFO: 201 move(s) completed (79 accepted (39.3035 %)). Current N = 2097. Average N = 2095.269
2020-07-05 13:53:45,686 - INFO: 202 move(s) completed (80 accepted (39.6040 %)). Current N = 2096. Average N = 2095.272
2020-07-05 13:54:48,866 - INFO: 203 move(s) completed (81 accepted (39.9015 %)). Current N = 2095. Average N = 2095.271
2020-07-05 13:55:52,240 - INFO: 204 move(s) completed (81 accepted (39.7059 %)). Current N = 2095. Average N = 2095.270
2020-07-05 13:56:55,744 - INFO: 205 move(s) completed (81 accepted (39.5122 %)). Current N = 2095. Average N = 2095.268
2020-07-05 13:57:58,920 - INFO: 206 move(s) completed (81 accepted (39.3204 %)). Current N = 2095. Average N = 2095.267
2020-07-05 13:59:02,172 - INFO: 207 move(s) completed (82 accepted (39.6135 %)). Current N = 2096. Average N = 2095.271
2020-07-05 14:00:05,567 - INFO: 208 move(s) completed (83 accepted (39.9038 %)). Current N = 2097. Average N = 2095.279
2020-07-05 14:01:08,872 - INFO: 209 move(s) completed (84 accepted (40.1914 %)). Current N = 2098. Average N = 2095.292
2020-07-05 14:02:12,044 - INFO: 210 move(s) completed (84 accepted (40.0000 %)). Current N = 2098. Average N = 2095.305
2020-07-05 14:03:15,263 - INFO: 211 move(s) completed (84 accepted (39.8104 %)). Current N = 2098. Average N = 2095.318
2020-07-05 14:04:18,622 - INFO: 212 move(s) completed (84 accepted (39.6226 %)). Current N = 2098. Average N = 2095.330
2020-07-05 14:05:22,036 - INFO: 213 move(s) completed (85 accepted (39.9061 %)). Current N = 2099. Average N = 2095.347
2020-07-05 14:06:25,185 - INFO: 214 move(s) completed (86 accepted (40.1869 %)). Current N = 2098. Average N = 2095.360
2020-07-05 14:07:28,460 - INFO: 215 move(s) completed (86 accepted (40.0000 %)). Current N = 2098. Average N = 2095.372
2020-07-05 14:08:31,752 - INFO: 216 move(s) completed (86 accepted (39.8148 %)). Current N = 2098. Average N = 2095.384
2020-07-05 14:09:35,191 - INFO: 217 move(s) completed (87 accepted (40.0922 %)). Current N = 2097. Average N = 2095.392
2020-07-05 14:10:38,425 - INFO: 218 move(s) completed (87 accepted (39.9083 %)). Current N = 2097. Average N = 2095.399
2020-07-05 14:11:41,727 - INFO: 219 move(s) completed (87 accepted (39.7260 %)). Current N = 2097. Average N = 2095.406
2020-07-05 14:12:45,084 - INFO: 220 move(s) completed (87 accepted (39.5455 %)). Current N = 2097. Average N = 2095.414
2020-07-05 14:13:48,550 - INFO: 221 move(s) completed (88 accepted (39.8190 %)). Current N = 2098. Average N = 2095.425
2020-07-05 14:14:51,705 - INFO: 222 move(s) completed (88 accepted (39.6396 %)). Current N = 2098. Average N = 2095.437
2020-07-05 14:15:54,982 - INFO: 223 move(s) completed (88 accepted (39.4619 %)). Current N = 2098. Average N = 2095.448
2020-07-05 14:16:58,320 - INFO: 224 move(s) completed (89 accepted (39.7321 %)). Current N = 2097. Average N = 2095.455
2020-07-05 14:18:01,774 - INFO: 225 move(s) completed (89 accepted (39.5556 %)). Current N = 2097. Average N = 2095.462
2020-07-05 14:19:05,096 - INFO: 226 move(s) completed (89 accepted (39.3805 %)). Current N = 2097. Average N = 2095.469
2020-07-05 14:20:08,420 - INFO: 227 move(s) completed (89 accepted (39.2070 %)). Current N = 2097. Average N = 2095.476
2020-07-05 14:21:11,828 - INFO: 228 move(s) completed (89 accepted (39.0351 %)). Current N = 2097. Average N = 2095.483
2020-07-05 14:22:15,274 - INFO: 229 move(s) completed (90 accepted (39.3013 %)). Current N = 2098. Average N = 2095.493
2020-07-05 14:23:18,335 - INFO: 230 move(s) completed (91 accepted (39.5652 %)). Current N = 2099. Average N = 2095.509
2020-07-05 14:24:21,539 - INFO: 231 move(s) completed (91 accepted (39.3939 %)). Current N = 2099. Average N = 2095.524
2020-07-05 14:25:24,807 - INFO: 232 move(s) completed (91 accepted (39.2241 %)). Current N = 2099. Average N = 2095.539
2020-07-05 14:26:28,237 - INFO: 233 move(s) completed (92 accepted (39.4850 %)). Current N = 2100. Average N = 2095.558
2020-07-05 14:27:31,296 - INFO: 234 move(s) completed (93 accepted (39.7436 %)). Current N = 2101. Average N = 2095.581
2020-07-05 14:28:34,402 - INFO: 235 move(s) completed (94 accepted (40.0000 %)). Current N = 2100. Average N = 2095.600
2020-07-05 14:29:37,696 - INFO: 236 move(s) completed (94 accepted (39.8305 %)). Current N = 2100. Average N = 2095.619
2020-07-05 14:30:41,094 - INFO: 237 move(s) completed (94 accepted (39.6624 %)). Current N = 2100. Average N = 2095.637
2020-07-05 14:31:44,185 - INFO: 238 move(s) completed (95 accepted (39.9160 %)). Current N = 2101. Average N = 2095.660
2020-07-05 14:32:47,267 - INFO: 239 move(s) completed (95 accepted (39.7490 %)). Current N = 2101. Average N = 2095.682
2020-07-05 14:33:50,592 - INFO: 240 move(s) completed (95 accepted (39.5833 %)). Current N = 2101. Average N = 2095.704
2020-07-05 14:34:54,023 - INFO: 241 move(s) completed (95 accepted (39.4191 %)). Current N = 2101. Average N = 2095.726
2020-07-05 14:35:57,192 - INFO: 242 move(s) completed (95 accepted (39.2562 %)). Current N = 2101. Average N = 2095.748
2020-07-05 14:37:00,377 - INFO: 243 move(s) completed (96 accepted (39.5062 %)). Current N = 2102. Average N = 2095.774
2020-07-05 14:38:03,702 - INFO: 244 move(s) completed (96 accepted (39.3443 %)). Current N = 2102. Average N = 2095.799
2020-07-05 14:39:07,108 - INFO: 245 move(s) completed (96 accepted (39.1837 %)). Current N = 2102. Average N = 2095.825
2020-07-05 14:40:10,113 - INFO: 246 move(s) completed (97 accepted (39.4309 %)). Current N = 2103. Average N = 2095.854
2020-07-05 14:41:13,309 - INFO: 247 move(s) completed (98 accepted (39.6761 %)). Current N = 2102. Average N = 2095.878
2020-07-05 14:42:16,660 - INFO: 248 move(s) completed (99 accepted (39.9194 %)). Current N = 2101. Average N = 2095.899
2020-07-05 14:43:20,027 - INFO: 249 move(s) completed (100 accepted (40.1606 %)). Current N = 2102. Average N = 2095.924
2020-07-05 14:44:23,133 - INFO: 250 move(s) completed (101 accepted (40.4000 %)). Current N = 2103. Average N = 2095.952
2020-07-05 14:45:26,190 - INFO: 251 move(s) completed (102 accepted (40.6375 %)). Current N = 2104. Average N = 2095.984
2020-07-05 14:46:29,574 - INFO: 252 move(s) completed (102 accepted (40.4762 %)). Current N = 2104. Average N = 2096.016
2020-07-05 14:47:33,082 - INFO: 253 move(s) completed (102 accepted (40.3162 %)). Current N = 2104. Average N = 2096.047
2020-07-05 14:48:36,131 - INFO: 254 move(s) completed (103 accepted (40.5512 %)). Current N = 2105. Average N = 2096.083
2020-07-05 14:49:39,313 - INFO: 255 move(s) completed (103 accepted (40.3922 %)). Current N = 2105. Average N = 2096.118
2020-07-05 14:50:42,595 - INFO: 256 move(s) completed (104 accepted (40.6250 %)). Current N = 2106. Average N = 2096.156
2020-07-05 14:51:45,496 - INFO: 257 move(s) completed (104 accepted (40.4669 %)). Current N = 2106. Average N = 2096.195
2020-07-05 14:52:48,523 - INFO: 258 move(s) completed (105 accepted (40.6977 %)). Current N = 2107. Average N = 2096.236
2020-07-05 14:53:51,635 - INFO: 259 move(s) completed (105 accepted (40.5405 %)). Current N = 2107. Average N = 2096.278
2020-07-05 14:54:54,955 - INFO: 260 move(s) completed (105 accepted (40.3846 %)). Current N = 2107. Average N = 2096.319
2020-07-05 14:55:57,934 - INFO: 261 move(s) completed (106 accepted (40.6130 %)). Current N = 2108. Average N = 2096.364
2020-07-05 14:57:00,866 - INFO: 262 move(s) completed (106 accepted (40.4580 %)). Current N = 2108. Average N = 2096.408
2020-07-05 14:58:03,921 - INFO: 263 move(s) completed (106 accepted (40.3042 %)). Current N = 2108. Average N = 2096.452
2020-07-05 14:59:07,139 - INFO: 264 move(s) completed (107 accepted (40.5303 %)). Current N = 2107. Average N = 2096.492
2020-07-05 15:00:10,120 - INFO: 265 move(s) completed (107 accepted (40.3774 %)). Current N = 2107. Average N = 2096.532
2020-07-05 15:01:13,146 - INFO: 266 move(s) completed (108 accepted (40.6015 %)). Current N = 2108. Average N = 2096.575
2020-07-05 15:02:16,232 - INFO: 267 move(s) completed (108 accepted (40.4494 %)). Current N = 2108. Average N = 2096.618
2020-07-05 15:03:19,522 - INFO: 268 move(s) completed (108 accepted (40.2985 %)). Current N = 2108. Average N = 2096.660
2020-07-05 15:04:22,529 - INFO: 269 move(s) completed (108 accepted (40.1487 %)). Current N = 2108. Average N = 2096.703
2020-07-05 15:05:25,574 - INFO: 270 move(s) completed (108 accepted (40.0000 %)). Current N = 2108. Average N = 2096.744
2020-07-05 15:06:28,653 - INFO: 271 move(s) completed (109 accepted (40.2214 %)). Current N = 2109. Average N = 2096.790
2020-07-05 15:07:31,868 - INFO: 272 move(s) completed (110 accepted (40.4412 %)). Current N = 2110. Average N = 2096.838
2020-07-05 15:08:34,831 - INFO: 273 move(s) completed (110 accepted (40.2930 %)). Current N = 2110. Average N = 2096.886
2020-07-05 15:09:37,882 - INFO: 274 move(s) completed (110 accepted (40.1460 %)). Current N = 2110. Average N = 2096.934
2020-07-05 15:10:41,050 - INFO: 275 move(s) completed (111 accepted (40.3636 %)). Current N = 2109. Average N = 2096.978
2020-07-05 15:11:44,272 - INFO: 276 move(s) completed (111 accepted (40.2174 %)). Current N = 2109. Average N = 2097.022
2020-07-05 15:12:47,265 - INFO: 277 move(s) completed (112 accepted (40.4332 %)). Current N = 2108. Average N = 2097.061
2020-07-05 15:13:50,240 - INFO: 278 move(s) completed (112 accepted (40.2878 %)). Current N = 2108. Average N = 2097.101
2020-07-05 15:14:53,361 - INFO: 279 move(s) completed (113 accepted (40.5018 %)). Current N = 2109. Average N = 2097.143
2020-07-05 15:15:56,505 - INFO: 280 move(s) completed (113 accepted (40.3571 %)). Current N = 2109. Average N = 2097.186
2020-07-05 15:16:59,426 - INFO: 281 move(s) completed (113 accepted (40.2135 %)). Current N = 2109. Average N = 2097.228
2020-07-05 15:18:02,448 - INFO: 282 move(s) completed (113 accepted (40.0709 %)). Current N = 2109. Average N = 2097.269
2020-07-05 15:19:05,640 - INFO: 283 move(s) completed (113 accepted (39.9293 %)). Current N = 2109. Average N = 2097.311
2020-07-05 15:20:08,892 - INFO: 284 move(s) completed (113 accepted (39.7887 %)). Current N = 2109. Average N = 2097.352
2020-07-05 15:21:11,895 - INFO: 285 move(s) completed (113 accepted (39.6491 %)). Current N = 2109. Average N = 2097.393
2020-07-05 15:22:14,968 - INFO: 286 move(s) completed (113 accepted (39.5105 %)). Current N = 2109. Average N = 2097.434
2020-07-05 15:23:18,063 - INFO: 287 move(s) completed (113 accepted (39.3728 %)). Current N = 2109. Average N = 2097.474
2020-07-05 15:24:21,230 - INFO: 288 move(s) completed (114 accepted (39.5833 %)). Current N = 2108. Average N = 2097.510
2020-07-05 15:25:24,168 - INFO: 289 move(s) completed (115 accepted (39.7924 %)). Current N = 2109. Average N = 2097.550
2020-07-05 15:26:27,265 - INFO: 290 move(s) completed (115 accepted (39.6552 %)). Current N = 2109. Average N = 2097.590
2020-07-05 15:27:30,308 - INFO: 291 move(s) completed (115 accepted (39.5189 %)). Current N = 2109. Average N = 2097.629
2020-07-05 15:28:33,568 - INFO: 292 move(s) completed (116 accepted (39.7260 %)). Current N = 2108. Average N = 2097.664
2020-07-05 15:29:36,555 - INFO: 293 move(s) completed (117 accepted (39.9317 %)). Current N = 2107. Average N = 2097.696
2020-07-05 15:30:39,587 - INFO: 294 move(s) completed (118 accepted (40.1361 %)). Current N = 2108. Average N = 2097.731
2020-07-05 15:31:42,724 - INFO: 295 move(s) completed (118 accepted (40.0000 %)). Current N = 2108. Average N = 2097.766
2020-07-05 15:32:45,941 - INFO: 296 move(s) completed (118 accepted (39.8649 %)). Current N = 2108. Average N = 2097.801
2020-07-05 15:33:48,866 - INFO: 297 move(s) completed (118 accepted (39.7306 %)). Current N = 2108. Average N = 2097.835
2020-07-05 15:34:51,945 - INFO: 298 move(s) completed (118 accepted (39.5973 %)). Current N = 2108. Average N = 2097.869
2020-07-05 15:35:55,169 - INFO: 299 move(s) completed (118 accepted (39.4649 %)). Current N = 2108. Average N = 2097.903
2020-07-05 15:36:58,525 - INFO: 300 move(s) completed (118 accepted (39.3333 %)). Current N = 2108. Average N = 2097.937
2020-07-05 15:38:01,329 - INFO: 301 move(s) completed (118 accepted (39.2027 %)). Current N = 2108. Average N = 2097.970
2020-07-05 15:39:04,390 - INFO: 302 move(s) completed (118 accepted (39.0728 %)). Current N = 2108. Average N = 2098.003
2020-07-05 15:40:07,535 - INFO: 303 move(s) completed (118 accepted (38.9439 %)). Current N = 2108. Average N = 2098.036
2020-07-05 15:41:10,747 - INFO: 304 move(s) completed (118 accepted (38.8158 %)). Current N = 2108. Average N = 2098.069
2020-07-05 15:42:13,640 - INFO: 305 move(s) completed (119 accepted (39.0164 %)). Current N = 2109. Average N = 2098.105
2020-07-05 15:43:16,672 - INFO: 306 move(s) completed (119 accepted (38.8889 %)). Current N = 2109. Average N = 2098.140
2020-07-05 15:44:19,715 - INFO: 307 move(s) completed (119 accepted (38.7622 %)). Current N = 2109. Average N = 2098.176
2020-07-05 15:45:22,931 - INFO: 308 move(s) completed (119 accepted (38.6364 %)). Current N = 2109. Average N = 2098.211
2020-07-05 15:46:25,891 - INFO: 309 move(s) completed (120 accepted (38.8350 %)). Current N = 2108. Average N = 2098.243
2020-07-05 15:47:28,894 - INFO: 310 move(s) completed (120 accepted (38.7097 %)). Current N = 2108. Average N = 2098.274
2020-07-05 15:48:31,968 - INFO: 311 move(s) completed (121 accepted (38.9068 %)). Current N = 2109. Average N = 2098.309
2020-07-05 15:49:35,150 - INFO: 312 move(s) completed (121 accepted (38.7821 %)). Current N = 2109. Average N = 2098.343
2020-07-05 15:50:38,136 - INFO: 313 move(s) completed (121 accepted (38.6581 %)). Current N = 2109. Average N = 2098.377
2020-07-05 15:51:41,288 - INFO: 314 move(s) completed (121 accepted (38.5350 %)). Current N = 2109. Average N = 2098.411
2020-07-05 15:52:44,394 - INFO: 315 move(s) completed (121 accepted (38.4127 %)). Current N = 2109. Average N = 2098.444
2020-07-05 15:53:47,260 - INFO: 316 move(s) completed (121 accepted (38.2911 %)). Current N = 2109. Average N = 2098.478
2020-07-05 15:54:50,316 - INFO: 317 move(s) completed (121 accepted (38.1703 %)). Current N = 2109. Average N = 2098.511
2020-07-05 15:55:53,297 - INFO: 318 move(s) completed (122 accepted (38.3648 %)). Current N = 2108. Average N = 2098.541
2020-07-05 15:56:56,526 - INFO: 319 move(s) completed (122 accepted (38.2445 %)). Current N = 2108. Average N = 2098.570
2020-07-05 15:57:59,492 - INFO: 320 move(s) completed (123 accepted (38.4375 %)). Current N = 2109. Average N = 2098.603
2020-07-05 15:59:02,497 - INFO: 321 move(s) completed (124 accepted (38.6293 %)). Current N = 2110. Average N = 2098.639
2020-07-05 16:00:05,461 - INFO: 322 move(s) completed (125 accepted (38.8199 %)). Current N = 2111. Average N = 2098.677
2020-07-05 16:01:08,529 - INFO: 323 move(s) completed (125 accepted (38.6997 %)). Current N = 2111. Average N = 2098.715
2020-07-05 16:02:11,381 - INFO: 324 move(s) completed (125 accepted (38.5802 %)). Current N = 2111. Average N = 2098.753
2020-07-05 16:03:14,303 - INFO: 325 move(s) completed (126 accepted (38.7692 %)). Current N = 2112. Average N = 2098.794
2020-07-05 16:04:17,320 - INFO: 326 move(s) completed (127 accepted (38.9571 %)). Current N = 2111. Average N = 2098.831
2020-07-05 16:05:20,474 - INFO: 327 move(s) completed (127 accepted (38.8379 %)). Current N = 2111. Average N = 2098.869
2020-07-05 16:06:23,410 - INFO: 328 move(s) completed (128 accepted (39.0244 %)). Current N = 2112. Average N = 2098.909
2020-07-05 16:07:26,295 - INFO: 329 move(s) completed (128 accepted (38.9058 %)). Current N = 2112. Average N = 2098.948
2020-07-05 16:08:29,354 - INFO: 330 move(s) completed (129 accepted (39.0909 %)). Current N = 2111. Average N = 2098.985
2020-07-05 16:09:32,456 - INFO: 331 move(s) completed (129 accepted (38.9728 %)). Current N = 2111. Average N = 2099.021
2020-07-05 16:10:35,325 - INFO: 332 move(s) completed (129 accepted (38.8554 %)). Current N = 2111. Average N = 2099.057
2020-07-05 16:11:38,275 - INFO: 333 move(s) completed (129 accepted (38.7387 %)). Current N = 2111. Average N = 2099.093
2020-07-05 16:12:41,374 - INFO: 334 move(s) completed (130 accepted (38.9222 %)). Current N = 2110. Average N = 2099.126
2020-07-05 16:13:44,574 - INFO: 335 move(s) completed (131 accepted (39.1045 %)). Current N = 2111. Average N = 2099.161
2020-07-05 16:14:47,399 - INFO: 336 move(s) completed (131 accepted (38.9881 %)). Current N = 2111. Average N = 2099.196
2020-07-05 16:15:50,427 - INFO: 337 move(s) completed (132 accepted (39.1691 %)). Current N = 2110. Average N = 2099.229
2020-07-05 16:16:53,557 - INFO: 338 move(s) completed (132 accepted (39.0533 %)). Current N = 2110. Average N = 2099.260
2020-07-05 16:17:56,683 - INFO: 339 move(s) completed (132 accepted (38.9381 %)). Current N = 2110. Average N = 2099.292
2020-07-05 16:18:59,670 - INFO: 340 move(s) completed (133 accepted (39.1176 %)). Current N = 2109. Average N = 2099.321
2020-07-05 16:20:02,736 - INFO: 341 move(s) completed (133 accepted (39.0029 %)). Current N = 2109. Average N = 2099.349
2020-07-05 16:21:05,851 - INFO: 342 move(s) completed (133 accepted (38.8889 %)). Current N = 2109. Average N = 2099.377
2020-07-05 16:22:09,162 - INFO: 343 move(s) completed (134 accepted (39.0671 %)). Current N = 2110. Average N = 2099.408
2020-07-05 16:23:12,090 - INFO: 344 move(s) completed (134 accepted (38.9535 %)). Current N = 2110. Average N = 2099.439
2020-07-05 16:24:15,202 - INFO: 345 move(s) completed (134 accepted (38.8406 %)). Current N = 2110. Average N = 2099.470
2020-07-05 16:25:18,326 - INFO: 346 move(s) completed (134 accepted (38.7283 %)). Current N = 2110. Average N = 2099.500
2020-07-05 16:26:21,494 - INFO: 347 move(s) completed (135 accepted (38.9049 %)). Current N = 2109. Average N = 2099.527
2020-07-05 16:27:24,414 - INFO: 348 move(s) completed (136 accepted (39.0805 %)). Current N = 2110. Average N = 2099.557
2020-07-05 16:28:27,379 - INFO: 349 move(s) completed (137 accepted (39.2550 %)). Current N = 2111. Average N = 2099.590
2020-07-05 16:29:30,424 - INFO: 350 move(s) completed (138 accepted (39.4286 %)). Current N = 2112. Average N = 2099.626
2020-07-05 16:30:33,545 - INFO: 351 move(s) completed (139 accepted (39.6011 %)). Current N = 2113. Average N = 2099.664
2020-07-05 16:31:36,355 - INFO: 352 move(s) completed (140 accepted (39.7727 %)). Current N = 2114. Average N = 2099.704
2020-07-05 16:32:39,129 - INFO: 353 move(s) completed (141 accepted (39.9433 %)). Current N = 2115. Average N = 2099.748
2020-07-05 16:33:42,025 - INFO: 354 move(s) completed (141 accepted (39.8305 %)). Current N = 2115. Average N = 2099.791
2020-07-05 16:34:45,108 - INFO: 355 move(s) completed (142 accepted (40.0000 %)). Current N = 2114. Average N = 2099.831
2020-07-05 16:35:47,899 - INFO: 356 move(s) completed (143 accepted (40.1685 %)). Current N = 2113. Average N = 2099.868
2020-07-05 16:36:50,793 - INFO: 357 move(s) completed (144 accepted (40.3361 %)). Current N = 2114. Average N = 2099.908
2020-07-05 16:37:53,712 - INFO: 358 move(s) completed (145 accepted (40.5028 %)). Current N = 2115. Average N = 2099.950
2020-07-05 16:38:56,754 - INFO: 359 move(s) completed (146 accepted (40.6685 %)). Current N = 2114. Average N = 2099.989
2020-07-05 16:39:59,493 - INFO: 360 move(s) completed (146 accepted (40.5556 %)). Current N = 2114. Average N = 2100.028
2020-07-05 16:41:02,441 - INFO: 361 move(s) completed (147 accepted (40.7202 %)). Current N = 2113. Average N = 2100.064
2020-07-05 16:42:05,314 - INFO: 362 move(s) completed (148 accepted (40.8840 %)). Current N = 2112. Average N = 2100.097
2020-07-05 16:43:07,963 - INFO: 363 move(s) completed (149 accepted (41.0468 %)). Current N = 2113. Average N = 2100.132
2020-07-05 16:44:10,722 - INFO: 364 move(s) completed (150 accepted (41.2088 %)). Current N = 2112. Average N = 2100.165
2020-07-05 16:45:13,370 - INFO: 365 move(s) completed (150 accepted (41.0959 %)). Current N = 2112. Average N = 2100.197
2020-07-05 16:46:16,378 - INFO: 366 move(s) completed (150 accepted (40.9836 %)). Current N = 2112. Average N = 2100.229
2020-07-05 16:47:19,209 - INFO: 367 move(s) completed (151 accepted (41.1444 %)). Current N = 2113. Average N = 2100.264
2020-07-05 16:48:21,890 - INFO: 368 move(s) completed (152 accepted (41.3043 %)). Current N = 2114. Average N = 2100.302
2020-07-05 16:49:24,788 - INFO: 369 move(s) completed (152 accepted (41.1924 %)). Current N = 2114. Average N = 2100.339
2020-07-05 16:50:27,735 - INFO: 370 move(s) completed (152 accepted (41.0811 %)). Current N = 2114. Average N = 2100.376
2020-07-05 16:51:30,523 - INFO: 371 move(s) completed (152 accepted (40.9704 %)). Current N = 2114. Average N = 2100.412
2020-07-05 16:52:33,334 - INFO: 372 move(s) completed (152 accepted (40.8602 %)). Current N = 2114. Average N = 2100.449
2020-07-05 16:53:36,235 - INFO: 373 move(s) completed (153 accepted (41.0188 %)). Current N = 2113. Average N = 2100.483
2020-07-05 16:54:39,186 - INFO: 374 move(s) completed (153 accepted (40.9091 %)). Current N = 2113. Average N = 2100.516
2020-07-05 16:55:41,851 - INFO: 375 move(s) completed (153 accepted (40.8000 %)). Current N = 2113. Average N = 2100.549
2020-07-05 16:56:44,637 - INFO: 376 move(s) completed (153 accepted (40.6915 %)). Current N = 2113. Average N = 2100.582
2020-07-05 16:57:47,582 - INFO: 377 move(s) completed (153 accepted (40.5836 %)). Current N = 2113. Average N = 2100.615
2020-07-05 16:58:50,607 - INFO: 378 move(s) completed (153 accepted (40.4762 %)). Current N = 2113. Average N = 2100.648
2020-07-05 16:59:53,237 - INFO: 379 move(s) completed (153 accepted (40.3694 %)). Current N = 2113. Average N = 2100.681
2020-07-05 17:00:56,127 - INFO: 380 move(s) completed (154 accepted (40.5263 %)). Current N = 2114. Average N = 2100.716
2020-07-05 17:01:58,990 - INFO: 381 move(s) completed (155 accepted (40.6824 %)). Current N = 2113. Average N = 2100.748
2020-07-05 17:03:01,900 - INFO: 382 move(s) completed (155 accepted (40.5759 %)). Current N = 2113. Average N = 2100.780
2020-07-05 17:04:04,644 - INFO: 383 move(s) completed (155 accepted (40.4700 %)). Current N = 2113. Average N = 2100.812
2020-07-05 17:05:07,355 - INFO: 384 move(s) completed (156 accepted (40.6250 %)). Current N = 2112. Average N = 2100.841
2020-07-05 17:06:10,161 - INFO: 385 move(s) completed (156 accepted (40.5195 %)). Current N = 2112. Average N = 2100.870
2020-07-05 17:07:13,111 - INFO: 386 move(s) completed (157 accepted (40.6736 %)). Current N = 2111. Average N = 2100.896
2020-07-05 17:08:15,719 - INFO: 387 move(s) completed (158 accepted (40.8269 %)). Current N = 2112. Average N = 2100.925
2020-07-05 17:09:18,420 - INFO: 388 move(s) completed (159 accepted (40.9794 %)). Current N = 2113. Average N = 2100.956
2020-07-05 17:10:21,291 - INFO: 389 move(s) completed (159 accepted (40.8740 %)). Current N = 2113. Average N = 2100.987
2020-07-05 17:11:24,267 - INFO: 390 move(s) completed (160 accepted (41.0256 %)). Current N = 2114. Average N = 2101.021
2020-07-05 17:12:26,947 - INFO: 391 move(s) completed (160 accepted (40.9207 %)). Current N = 2114. Average N = 2101.054
2020-07-05 17:13:29,714 - INFO: 392 move(s) completed (160 accepted (40.8163 %)). Current N = 2114. Average N = 2101.087
2020-07-05 17:14:32,616 - INFO: 393 move(s) completed (161 accepted (40.9669 %)). Current N = 2113. Average N = 2101.117
2020-07-05 17:15:35,525 - INFO: 394 move(s) completed (162 accepted (41.1168 %)). Current N = 2114. Average N = 2101.150
2020-07-05 17:16:38,302 - INFO: 395 move(s) completed (162 accepted (41.0127 %)). Current N = 2114. Average N = 2101.182
2020-07-05 17:17:41,145 - INFO: 396 move(s) completed (163 accepted (41.1616 %)). Current N = 2113. Average N = 2101.212
2020-07-05 17:18:44,050 - INFO: 397 move(s) completed (164 accepted (41.3098 %)). Current N = 2114. Average N = 2101.244
2020-07-05 17:19:46,972 - INFO: 398 move(s) completed (164 accepted (41.2060 %)). Current N = 2114. Average N = 2101.276
2020-07-05 17:20:49,586 - INFO: 399 move(s) completed (164 accepted (41.1028 %)). Current N = 2114. Average N = 2101.308
2020-07-05 17:21:52,326 - INFO: 400 move(s) completed (165 accepted (41.2500 %)). Current N = 2115. Average N = 2101.343
2020-07-05 17:22:55,054 - INFO: 401 move(s) completed (166 accepted (41.3965 %)). Current N = 2116. Average N = 2101.379
2020-07-05 17:23:58,007 - INFO: 402 move(s) completed (166 accepted (41.2935 %)). Current N = 2116. Average N = 2101.415
2020-07-05 17:25:00,553 - INFO: 403 move(s) completed (166 accepted (41.1911 %)). Current N = 2116. Average N = 2101.452
2020-07-05 17:26:03,224 - INFO: 404 move(s) completed (167 accepted (41.3366 %)). Current N = 2115. Average N = 2101.485
2020-07-05 17:27:06,095 - INFO: 405 move(s) completed (167 accepted (41.2346 %)). Current N = 2115. Average N = 2101.519
2020-07-05 17:28:09,093 - INFO: 406 move(s) completed (168 accepted (41.3793 %)). Current N = 2116. Average N = 2101.554
2020-07-05 17:29:11,718 - INFO: 407 move(s) completed (169 accepted (41.5233 %)). Current N = 2117. Average N = 2101.592
2020-07-05 17:30:14,375 - INFO: 408 move(s) completed (170 accepted (41.6667 %)). Current N = 2118. Average N = 2101.632
2020-07-05 17:31:17,235 - INFO: 409 move(s) completed (170 accepted (41.5648 %)). Current N = 2118. Average N = 2101.672
2020-07-05 17:32:20,135 - INFO: 410 move(s) completed (171 accepted (41.7073 %)). Current N = 2119. Average N = 2101.715
2020-07-05 17:33:22,771 - INFO: 411 move(s) completed (171 accepted (41.6058 %)). Current N = 2119. Average N = 2101.757
2020-07-05 17:34:25,532 - INFO: 412 move(s) completed (172 accepted (41.7476 %)). Current N = 2118. Average N = 2101.796
2020-07-05 17:35:28,334 - INFO: 413 move(s) completed (172 accepted (41.6465 %)). Current N = 2118. Average N = 2101.835
2020-07-05 17:36:30,989 - INFO: 414 move(s) completed (173 accepted (41.7874 %)). Current N = 2117. Average N = 2101.872
2020-07-05 17:37:33,685 - INFO: 415 move(s) completed (173 accepted (41.6867 %)). Current N = 2117. Average N = 2101.908
2020-07-05 17:38:36,459 - INFO: 416 move(s) completed (173 accepted (41.5865 %)). Current N = 2117. Average N = 2101.945
2020-07-05 17:39:39,343 - INFO: 417 move(s) completed (174 accepted (41.7266 %)). Current N = 2116. Average N = 2101.978
2020-07-05 17:40:41,882 - INFO: 418 move(s) completed (175 accepted (41.8660 %)). Current N = 2115. Average N = 2102.010
2020-07-05 17:41:44,626 - INFO: 419 move(s) completed (175 accepted (41.7661 %)). Current N = 2115. Average N = 2102.041
2020-07-05 17:42:47,440 - INFO: 420 move(s) completed (176 accepted (41.9048 %)). Current N = 2116. Average N = 2102.074
2020-07-05 17:43:50,459 - INFO: 421 move(s) completed (176 accepted (41.8052 %)). Current N = 2116. Average N = 2102.107
2020-07-05 17:44:53,178 - INFO: 422 move(s) completed (177 accepted (41.9431 %)). Current N = 2115. Average N = 2102.137
2020-07-05 17:45:55,855 - INFO: 423 move(s) completed (178 accepted (42.0804 %)). Current N = 2114. Average N = 2102.166
2020-07-05 17:46:58,729 - INFO: 424 move(s) completed (178 accepted (41.9811 %)). Current N = 2114. Average N = 2102.193
2020-07-05 17:48:01,666 - INFO: 425 move(s) completed (178 accepted (41.8824 %)). Current N = 2114. Average N = 2102.221
2020-07-05 17:49:04,227 - INFO: 426 move(s) completed (178 accepted (41.7840 %)). Current N = 2114. Average N = 2102.249
2020-07-05 17:50:06,968 - INFO: 427 move(s) completed (178 accepted (41.6862 %)). Current N = 2114. Average N = 2102.276
2020-07-05 17:51:09,772 - INFO: 428 move(s) completed (179 accepted (41.8224 %)). Current N = 2113. Average N = 2102.301
2020-07-05 17:52:12,628 - INFO: 429 move(s) completed (179 accepted (41.7249 %)). Current N = 2113. Average N = 2102.326
2020-07-05 17:53:15,124 - INFO: 430 move(s) completed (180 accepted (41.8605 %)). Current N = 2114. Average N = 2102.354
2020-07-05 17:54:17,778 - INFO: 431 move(s) completed (181 accepted (41.9954 %)). Current N = 2115. Average N = 2102.383
2020-07-05 17:55:20,518 - INFO: 432 move(s) completed (182 accepted (42.1296 %)). Current N = 2114. Average N = 2102.410
2020-07-05 17:56:23,466 - INFO: 433 move(s) completed (182 accepted (42.0323 %)). Current N = 2114. Average N = 2102.436
2020-07-05 17:57:26,047 - INFO: 434 move(s) completed (182 accepted (41.9355 %)). Current N = 2114. Average N = 2102.463
2020-07-05 17:58:28,764 - INFO: 435 move(s) completed (182 accepted (41.8391 %)). Current N = 2114. Average N = 2102.490
2020-07-05 17:59:31,551 - INFO: 436 move(s) completed (182 accepted (41.7431 %)). Current N = 2114. Average N = 2102.516
2020-07-05 18:00:34,425 - INFO: 437 move(s) completed (182 accepted (41.6476 %)). Current N = 2114. Average N = 2102.542
2020-07-05 18:01:37,014 - INFO: 438 move(s) completed (182 accepted (41.5525 %)). Current N = 2114. Average N = 2102.568
2020-07-05 18:02:39,774 - INFO: 439 move(s) completed (183 accepted (41.6856 %)). Current N = 2115. Average N = 2102.597
2020-07-05 18:03:42,596 - INFO: 440 move(s) completed (183 accepted (41.5909 %)). Current N = 2115. Average N = 2102.625
2020-07-05 18:04:45,476 - INFO: 441 move(s) completed (183 accepted (41.4966 %)). Current N = 2115. Average N = 2102.653
2020-07-05 18:05:48,110 - INFO: 442 move(s) completed (183 accepted (41.4027 %)). Current N = 2115. Average N = 2102.681
2020-07-05 18:06:50,848 - INFO: 443 move(s) completed (183 accepted (41.3093 %)). Current N = 2115. Average N = 2102.709
2020-07-05 18:07:53,562 - INFO: 444 move(s) completed (183 accepted (41.2162 %)). Current N = 2115. Average N = 2102.736
2020-07-05 18:08:56,564 - INFO: 445 move(s) completed (184 accepted (41.3483 %)). Current N = 2114. Average N = 2102.762
2020-07-05 18:09:59,149 - INFO: 446 move(s) completed (184 accepted (41.2556 %)). Current N = 2114. Average N = 2102.787
2020-07-05 18:11:01,862 - INFO: 447 move(s) completed (185 accepted (41.3870 %)). Current N = 2113. Average N = 2102.810
2020-07-05 18:12:04,678 - INFO: 448 move(s) completed (185 accepted (41.2946 %)). Current N = 2113. Average N = 2102.833
2020-07-05 18:13:07,643 - INFO: 449 move(s) completed (185 accepted (41.2027 %)). Current N = 2113. Average N = 2102.855
2020-07-05 18:14:10,263 - INFO: 450 move(s) completed (186 accepted (41.3333 %)). Current N = 2112. Average N = 2102.876
2020-07-05 18:15:13,022 - INFO: 451 move(s) completed (186 accepted (41.2417 %)). Current N = 2112. Average N = 2102.896
2020-07-05 18:16:15,964 - INFO: 452 move(s) completed (186 accepted (41.1504 %)). Current N = 2112. Average N = 2102.916
2020-07-05 18:17:18,966 - INFO: 453 move(s) completed (186 accepted (41.0596 %)). Current N = 2112. Average N = 2102.936
2020-07-05 18:18:21,688 - INFO: 454 move(s) completed (186 accepted (40.9692 %)). Current N = 2112. Average N = 2102.956
2020-07-05 18:19:24,464 - INFO: 455 move(s) completed (187 accepted (41.0989 %)). Current N = 2113. Average N = 2102.978
2020-07-05 18:20:27,314 - INFO: 456 move(s) completed (188 accepted (41.2281 %)). Current N = 2114. Average N = 2103.002
2020-07-05 18:21:30,231 - INFO: 457 move(s) completed (188 accepted (41.1379 %)). Current N = 2114. Average N = 2103.026
2020-07-05 18:22:32,887 - INFO: 458 move(s) completed (189 accepted (41.2664 %)). Current N = 2115. Average N = 2103.052
2020-07-05 18:23:35,646 - INFO: 459 move(s) completed (189 accepted (41.1765 %)). Current N = 2115. Average N = 2103.078
2020-07-05 18:24:38,471 - INFO: 460 move(s) completed (190 accepted (41.3043 %)). Current N = 2116. Average N = 2103.106
2020-07-05 18:25:41,347 - INFO: 461 move(s) completed (190 accepted (41.2148 %)). Current N = 2116. Average N = 2103.135
2020-07-05 18:26:43,961 - INFO: 462 move(s) completed (191 accepted (41.3420 %)). Current N = 2117. Average N = 2103.164
2020-07-05 18:27:46,675 - INFO: 463 move(s) completed (191 accepted (41.2527 %)). Current N = 2117. Average N = 2103.194
2020-07-05 18:28:49,514 - INFO: 464 move(s) completed (192 accepted (41.3793 %)). Current N = 2118. Average N = 2103.226
2020-07-05 18:29:52,012 - INFO: 465 move(s) completed (192 accepted (41.2903 %)). Current N = 2118. Average N = 2103.258
2020-07-05 18:30:54,614 - INFO: 466 move(s) completed (192 accepted (41.2017 %)). Current N = 2118. Average N = 2103.290
2020-07-05 18:31:57,376 - INFO: 467 move(s) completed (192 accepted (41.1135 %)). Current N = 2118. Average N = 2103.321
2020-07-05 18:33:00,209 - INFO: 468 move(s) completed (192 accepted (41.0256 %)). Current N = 2118. Average N = 2103.353
2020-07-05 18:34:02,680 - INFO: 469 move(s) completed (192 accepted (40.9382 %)). Current N = 2118. Average N = 2103.384
2020-07-05 18:35:05,229 - INFO: 470 move(s) completed (193 accepted (41.0638 %)). Current N = 2119. Average N = 2103.417
2020-07-05 18:36:07,848 - INFO: 471 move(s) completed (193 accepted (40.9766 %)). Current N = 2119. Average N = 2103.450
2020-07-05 18:37:10,628 - INFO: 472 move(s) completed (194 accepted (41.1017 %)). Current N = 2120. Average N = 2103.485
2020-07-05 18:38:13,051 - INFO: 473 move(s) completed (194 accepted (41.0148 %)). Current N = 2120. Average N = 2103.520
2020-07-05 18:39:15,613 - INFO: 474 move(s) completed (194 accepted (40.9283 %)). Current N = 2120. Average N = 2103.555
2020-07-05 18:40:18,267 - INFO: 475 move(s) completed (194 accepted (40.8421 %)). Current N = 2120. Average N = 2103.590
2020-07-05 18:41:21,088 - INFO: 476 move(s) completed (194 accepted (40.7563 %)). Current N = 2120. Average N = 2103.624
2020-07-05 18:42:23,593 - INFO: 477 move(s) completed (195 accepted (40.8805 %)). Current N = 2121. Average N = 2103.660
2020-07-05 18:43:26,146 - INFO: 478 move(s) completed (195 accepted (40.7950 %)). Current N = 2121. Average N = 2103.697
2020-07-05 18:44:28,851 - INFO: 479 move(s) completed (195 accepted (40.7098 %)). Current N = 2121. Average N = 2103.733
2020-07-05 18:45:31,587 - INFO: 480 move(s) completed (196 accepted (40.8333 %)). Current N = 2120. Average N = 2103.767
2020-07-05 18:46:34,162 - INFO: 481 move(s) completed (196 accepted (40.7484 %)). Current N = 2120. Average N = 2103.800
2020-07-05 18:47:36,657 - INFO: 482 move(s) completed (196 accepted (40.6639 %)). Current N = 2120. Average N = 2103.834
2020-07-05 18:48:39,346 - INFO: 483 move(s) completed (197 accepted (40.7867 %)). Current N = 2121. Average N = 2103.870
2020-07-05 18:49:42,106 - INFO: 484 move(s) completed (198 accepted (40.9091 %)). Current N = 2120. Average N = 2103.903
2020-07-05 18:50:44,642 - INFO: 485 move(s) completed (199 accepted (41.0309 %)). Current N = 2119. Average N = 2103.934
2020-07-05 18:51:47,301 - INFO: 486 move(s) completed (199 accepted (40.9465 %)). Current N = 2119. Average N = 2103.965
2020-07-05 18:52:50,097 - INFO: 487 move(s) completed (200 accepted (41.0678 %)). Current N = 2120. Average N = 2103.998
2020-07-05 18:53:52,859 - INFO: 488 move(s) completed (200 accepted (40.9836 %)). Current N = 2120. Average N = 2104.031
2020-07-05 18:54:55,317 - INFO: 489 move(s) completed (200 accepted (40.8998 %)). Current N = 2120. Average N = 2104.063
2020-07-05 18:55:57,975 - INFO: 490 move(s) completed (201 accepted (41.0204 %)). Current N = 2119. Average N = 2104.094
2020-07-05 18:57:00,604 - INFO: 491 move(s) completed (201 accepted (40.9369 %)). Current N = 2119. Average N = 2104.124
2020-07-05 18:58:03,432 - INFO: 492 move(s) completed (201 accepted (40.8537 %)). Current N = 2119. Average N = 2104.155
2020-07-05 18:59:05,911 - INFO: 493 move(s) completed (202 accepted (40.9736 %)). Current N = 2118. Average N = 2104.183
2020-07-05 19:00:08,539 - INFO: 494 move(s) completed (203 accepted (41.0931 %)). Current N = 2117. Average N = 2104.209
2020-07-05 19:01:11,004 - INFO: 495 move(s) completed (203 accepted (41.0101 %)). Current N = 2117. Average N = 2104.234
2020-07-05 19:02:13,797 - INFO: 496 move(s) completed (203 accepted (40.9274 %)). Current N = 2117. Average N = 2104.260
2020-07-05 19:03:16,274 - INFO: 497 move(s) completed (204 accepted (41.0463 %)). Current N = 2118. Average N = 2104.288
2020-07-05 19:04:18,818 - INFO: 498 move(s) completed (204 accepted (40.9639 %)). Current N = 2118. Average N = 2104.315
2020-07-05 19:05:21,561 - INFO: 499 move(s) completed (204 accepted (40.8818 %)). Current N = 2118. Average N = 2104.343
2020-07-05 19:06:24,339 - INFO: 500 move(s) completed (205 accepted (41.0000 %)). Current N = 2119. Average N = 2104.372
2020-07-05 19:07:26,809 - INFO: 501 move(s) completed (205 accepted (40.9182 %)). Current N = 2119. Average N = 2104.401
2020-07-05 19:08:29,341 - INFO: 502 move(s) completed (205 accepted (40.8367 %)). Current N = 2119. Average N = 2104.430
2020-07-05 19:09:32,015 - INFO: 503 move(s) completed (206 accepted (40.9543 %)). Current N = 2120. Average N = 2104.461
2020-07-05 19:10:34,703 - INFO: 504 move(s) completed (206 accepted (40.8730 %)). Current N = 2120. Average N = 2104.492
2020-07-05 19:11:37,197 - INFO: 505 move(s) completed (206 accepted (40.7921 %)). Current N = 2120. Average N = 2104.523
2020-07-05 19:12:39,808 - INFO: 506 move(s) completed (206 accepted (40.7115 %)). Current N = 2120. Average N = 2104.553
2020-07-05 19:13:42,512 - INFO: 507 move(s) completed (206 accepted (40.6312 %)). Current N = 2120. Average N = 2104.584
2020-07-05 19:14:45,341 - INFO: 508 move(s) completed (206 accepted (40.5512 %)). Current N = 2120. Average N = 2104.614
2020-07-05 19:15:47,830 - INFO: 509 move(s) completed (206 accepted (40.4715 %)). Current N = 2120. Average N = 2104.644
2020-07-05 19:16:50,451 - INFO: 510 move(s) completed (206 accepted (40.3922 %)). Current N = 2120. Average N = 2104.675
2020-07-05 19:17:53,173 - INFO: 511 move(s) completed (206 accepted (40.3131 %)). Current N = 2120. Average N = 2104.704
2020-07-05 19:18:56,020 - INFO: 512 move(s) completed (206 accepted (40.2344 %)). Current N = 2120. Average N = 2104.734
2020-07-05 19:19:58,468 - INFO: 513 move(s) completed (206 accepted (40.1559 %)). Current N = 2120. Average N = 2104.764
2020-07-05 19:21:01,002 - INFO: 514 move(s) completed (206 accepted (40.0778 %)). Current N = 2120. Average N = 2104.794
2020-07-05 19:22:03,674 - INFO: 515 move(s) completed (207 accepted (40.1942 %)). Current N = 2119. Average N = 2104.821
2020-07-05 19:23:06,512 - INFO: 516 move(s) completed (207 accepted (40.1163 %)). Current N = 2119. Average N = 2104.849
2020-07-05 19:24:09,074 - INFO: 517 move(s) completed (207 accepted (40.0387 %)). Current N = 2119. Average N = 2104.876
2020-07-05 19:25:11,762 - INFO: 518 move(s) completed (207 accepted (39.9614 %)). Current N = 2119. Average N = 2104.903
2020-07-05 19:26:14,484 - INFO: 519 move(s) completed (207 accepted (39.8844 %)). Current N = 2119. Average N = 2104.931
2020-07-05 19:27:17,396 - INFO: 520 move(s) completed (208 accepted (40.0000 %)). Current N = 2118. Average N = 2104.956
2020-07-05 19:28:20,011 - INFO: 521 move(s) completed (209 accepted (40.1152 %)). Current N = 2117. Average N = 2104.979
2020-07-05 19:29:22,754 - INFO: 522 move(s) completed (210 accepted (40.2299 %)). Current N = 2118. Average N = 2105.004
2020-07-05 19:30:25,479 - INFO: 523 move(s) completed (211 accepted (40.3442 %)). Current N = 2119. Average N = 2105.031
2020-07-05 19:31:28,346 - INFO: 524 move(s) completed (212 accepted (40.4580 %)). Current N = 2120. Average N = 2105.059
2020-07-05 19:32:30,874 - INFO: 525 move(s) completed (212 accepted (40.3810 %)). Current N = 2120. Average N = 2105.088
2020-07-05 19:33:33,502 - INFO: 526 move(s) completed (212 accepted (40.3042 %)). Current N = 2120. Average N = 2105.116
2020-07-05 19:34:36,242 - INFO: 527 move(s) completed (213 accepted (40.4175 %)). Current N = 2119. Average N = 2105.142
2020-07-05 19:35:38,711 - INFO: 528 move(s) completed (213 accepted (40.3409 %)). Current N = 2119. Average N = 2105.169
2020-07-05 19:36:41,394 - INFO: 529 move(s) completed (213 accepted (40.2647 %)). Current N = 2119. Average N = 2105.195
2020-07-05 19:37:44,064 - INFO: 530 move(s) completed (213 accepted (40.1887 %)). Current N = 2119. Average N = 2105.221
2020-07-05 19:38:46,903 - INFO: 531 move(s) completed (214 accepted (40.3013 %)). Current N = 2120. Average N = 2105.249
2020-07-05 19:39:49,365 - INFO: 532 move(s) completed (215 accepted (40.4135 %)). Current N = 2119. Average N = 2105.274
2020-07-05 19:40:52,073 - INFO: 533 move(s) completed (216 accepted (40.5253 %)). Current N = 2120. Average N = 2105.302
2020-07-05 19:41:54,658 - INFO: 534 move(s) completed (217 accepted (40.6367 %)). Current N = 2121. Average N = 2105.331
2020-07-05 19:42:57,387 - INFO: 535 move(s) completed (218 accepted (40.7477 %)). Current N = 2122. Average N = 2105.363
2020-07-05 19:43:59,855 - INFO: 536 move(s) completed (218 accepted (40.6716 %)). Current N = 2122. Average N = 2105.394
2020-07-05 19:45:02,467 - INFO: 537 move(s) completed (218 accepted (40.5959 %)). Current N = 2122. Average N = 2105.425
2020-07-05 19:46:05,068 - INFO: 538 move(s) completed (218 accepted (40.5204 %)). Current N = 2122. Average N = 2105.455
2020-07-05 19:47:07,847 - INFO: 539 move(s) completed (219 accepted (40.6308 %)). Current N = 2121. Average N = 2105.484
2020-07-05 19:48:10,344 - INFO: 540 move(s) completed (219 accepted (40.5556 %)). Current N = 2121. Average N = 2105.513
2020-07-05 19:49:12,949 - INFO: 541 move(s) completed (219 accepted (40.4806 %)). Current N = 2121. Average N = 2105.542
2020-07-05 19:50:15,623 - INFO: 542 move(s) completed (220 accepted (40.5904 %)). Current N = 2120. Average N = 2105.568
2020-07-05 19:51:18,338 - INFO: 543 move(s) completed (220 accepted (40.5157 %)). Current N = 2120. Average N = 2105.595
2020-07-05 19:52:20,783 - INFO: 544 move(s) completed (220 accepted (40.4412 %)). Current N = 2120. Average N = 2105.621
2020-07-05 19:53:23,382 - INFO: 545 move(s) completed (220 accepted (40.3670 %)). Current N = 2120. Average N = 2105.648
2020-07-05 19:54:26,046 - INFO: 546 move(s) completed (221 accepted (40.4762 %)). Current N = 2119. Average N = 2105.672
2020-07-05 19:55:28,804 - INFO: 547 move(s) completed (221 accepted (40.4022 %)). Current N = 2119. Average N = 2105.697
2020-07-05 19:56:31,342 - INFO: 548 move(s) completed (221 accepted (40.3285 %)). Current N = 2119. Average N = 2105.721
2020-07-05 19:57:33,981 - INFO: 549 move(s) completed (221 accepted (40.2550 %)). Current N = 2119. Average N = 2105.745
2020-07-05 19:58:36,683 - INFO: 550 move(s) completed (221 accepted (40.1818 %)). Current N = 2119. Average N = 2105.769
2020-07-05 19:59:39,509 - INFO: 551 move(s) completed (222 accepted (40.2904 %)). Current N = 2118. Average N = 2105.791
2020-07-05 20:00:41,982 - INFO: 552 move(s) completed (222 accepted (40.2174 %)). Current N = 2118. Average N = 2105.813
2020-07-05 20:01:44,563 - INFO: 553 move(s) completed (223 accepted (40.3255 %)). Current N = 2117. Average N = 2105.834
2020-07-05 20:02:46,938 - INFO: 554 move(s) completed (223 accepted (40.2527 %)). Current N = 2117. Average N = 2105.854
2020-07-05 20:03:49,751 - INFO: 555 move(s) completed (223 accepted (40.1802 %)). Current N = 2117. Average N = 2105.874
2020-07-05 20:04:52,252 - INFO: 556 move(s) completed (223 accepted (40.1079 %)). Current N = 2117. Average N = 2105.894
2020-07-05 20:05:54,793 - INFO: 557 move(s) completed (224 accepted (40.2154 %)). Current N = 2116. Average N = 2105.912
2020-07-05 20:06:57,559 - INFO: 558 move(s) completed (225 accepted (40.3226 %)). Current N = 2117. Average N = 2105.932
2020-07-05 20:08:00,367 - INFO: 559 move(s) completed (225 accepted (40.2504 %)). Current N = 2117. Average N = 2105.952
2020-07-05 20:09:02,885 - INFO: 560 move(s) completed (225 accepted (40.1786 %)). Current N = 2117. Average N = 2105.971
2020-07-05 20:10:05,536 - INFO: 561 move(s) completed (225 accepted (40.1070 %)). Current N = 2117. Average N = 2105.991
2020-07-05 20:11:08,250 - INFO: 562 move(s) completed (225 accepted (40.0356 %)). Current N = 2117. Average N = 2106.011
2020-07-05 20:12:11,125 - INFO: 563 move(s) completed (226 accepted (40.1421 %)). Current N = 2116. Average N = 2106.028
2020-07-05 20:13:13,665 - INFO: 564 move(s) completed (226 accepted (40.0709 %)). Current N = 2116. Average N = 2106.046
2020-07-05 20:14:16,316 - INFO: 565 move(s) completed (227 accepted (40.1770 %)). Current N = 2115. Average N = 2106.062
2020-07-05 20:15:19,076 - INFO: 566 move(s) completed (227 accepted (40.1060 %)). Current N = 2115. Average N = 2106.078
2020-07-05 20:16:21,959 - INFO: 567 move(s) completed (227 accepted (40.0353 %)). Current N = 2115. Average N = 2106.093
2020-07-05 20:17:24,509 - INFO: 568 move(s) completed (227 accepted (39.9648 %)). Current N = 2115. Average N = 2106.109
2020-07-05 20:18:27,232 - INFO: 569 move(s) completed (227 accepted (39.8946 %)). Current N = 2115. Average N = 2106.125
2020-07-05 20:19:30,018 - INFO: 570 move(s) completed (227 accepted (39.8246 %)). Current N = 2115. Average N = 2106.140
2020-07-05 20:20:32,888 - INFO: 571 move(s) completed (228 accepted (39.9299 %)). Current N = 2116. Average N = 2106.158
2020-07-05 20:21:35,476 - INFO: 572 move(s) completed (228 accepted (39.8601 %)). Current N = 2116. Average N = 2106.175
2020-07-05 20:22:38,158 - INFO: 573 move(s) completed (229 accepted (39.9651 %)). Current N = 2115. Average N = 2106.190
2020-07-05 20:23:40,856 - INFO: 574 move(s) completed (229 accepted (39.8955 %)). Current N = 2115. Average N = 2106.206
2020-07-05 20:24:43,671 - INFO: 575 move(s) completed (230 accepted (40.0000 %)). Current N = 2114. Average N = 2106.219
2020-07-05 20:25:46,198 - INFO: 576 move(s) completed (230 accepted (39.9306 %)). Current N = 2114. Average N = 2106.233
2020-07-05 20:26:48,872 - INFO: 577 move(s) completed (230 accepted (39.8614 %)). Current N = 2114. Average N = 2106.246
2020-07-05 20:27:51,657 - INFO: 578 move(s) completed (231 accepted (39.9654 %)). Current N = 2113. Average N = 2106.258
2020-07-05 20:28:54,468 - INFO: 579 move(s) completed (232 accepted (40.0691 %)). Current N = 2112. Average N = 2106.268
2020-07-05 20:29:57,008 - INFO: 580 move(s) completed (233 accepted (40.1724 %)). Current N = 2111. Average N = 2106.276
2020-07-05 20:30:59,754 - INFO: 581 move(s) completed (233 accepted (40.1033 %)). Current N = 2111. Average N = 2106.284
2020-07-05 20:32:02,656 - INFO: 582 move(s) completed (233 accepted (40.0344 %)). Current N = 2111. Average N = 2106.292
2020-07-05 20:33:05,210 - INFO: 583 move(s) completed (234 accepted (40.1372 %)). Current N = 2112. Average N = 2106.302
2020-07-05 20:34:07,865 - INFO: 584 move(s) completed (235 accepted (40.2397 %)). Current N = 2111. Average N = 2106.310
2020-07-05 20:35:10,675 - INFO: 585 move(s) completed (235 accepted (40.1709 %)). Current N = 2111. Average N = 2106.318
2020-07-05 20:36:13,623 - INFO: 586 move(s) completed (235 accepted (40.1024 %)). Current N = 2111. Average N = 2106.326
2020-07-05 20:37:16,225 - INFO: 587 move(s) completed (236 accepted (40.2044 %)). Current N = 2112. Average N = 2106.336
2020-07-05 20:38:18,861 - INFO: 588 move(s) completed (236 accepted (40.1361 %)). Current N = 2112. Average N = 2106.345
2020-07-05 20:39:21,604 - INFO: 589 move(s) completed (237 accepted (40.2377 %)). Current N = 2113. Average N = 2106.356
2020-07-05 20:40:24,430 - INFO: 590 move(s) completed (237 accepted (40.1695 %)). Current N = 2113. Average N = 2106.368
2020-07-05 20:41:27,047 - INFO: 591 move(s) completed (237 accepted (40.1015 %)). Current N = 2113. Average N = 2106.379
2020-07-05 20:42:29,701 - INFO: 592 move(s) completed (237 accepted (40.0338 %)). Current N = 2113. Average N = 2106.390
2020-07-05 20:43:32,416 - INFO: 593 move(s) completed (238 accepted (40.1349 %)). Current N = 2114. Average N = 2106.403
2020-07-05 20:44:35,198 - INFO: 594 move(s) completed (238 accepted (40.0673 %)). Current N = 2114. Average N = 2106.416
2020-07-05 20:45:37,707 - INFO: 595 move(s) completed (239 accepted (40.1681 %)). Current N = 2115. Average N = 2106.430
2020-07-05 20:46:40,360 - INFO: 596 move(s) completed (239 accepted (40.1007 %)). Current N = 2115. Average N = 2106.445
2020-07-05 20:47:43,118 - INFO: 597 move(s) completed (239 accepted (40.0335 %)). Current N = 2115. Average N = 2106.459
2020-07-05 20:48:45,945 - INFO: 598 move(s) completed (239 accepted (39.9666 %)). Current N = 2115. Average N = 2106.473
2020-07-05 20:49:48,503 - INFO: 599 move(s) completed (239 accepted (39.8998 %)). Current N = 2115. Average N = 2106.488
2020-07-05 20:50:51,124 - INFO: 600 move(s) completed (239 accepted (39.8333 %)). Current N = 2115. Average N = 2106.502
2020-07-05 20:51:53,875 - INFO: 601 move(s) completed (240 accepted (39.9334 %)). Current N = 2116. Average N = 2106.517
2020-07-05 20:52:56,669 - INFO: 602 move(s) completed (240 accepted (39.8671 %)). Current N = 2116. Average N = 2106.533
2020-07-05 20:53:59,181 - INFO: 603 move(s) completed (241 accepted (39.9668 %)). Current N = 2115. Average N = 2106.547
2020-07-05 20:55:01,787 - INFO: 604 move(s) completed (242 accepted (40.0662 %)). Current N = 2114. Average N = 2106.560
2020-07-05 20:56:04,433 - INFO: 605 move(s) completed (242 accepted (40.0000 %)). Current N = 2114. Average N = 2106.572
2020-07-05 20:57:07,301 - INFO: 606 move(s) completed (242 accepted (39.9340 %)). Current N = 2114. Average N = 2106.584
2020-07-05 20:58:09,796 - INFO: 607 move(s) completed (243 accepted (40.0329 %)). Current N = 2115. Average N = 2106.598
2020-07-05 20:59:12,378 - INFO: 608 move(s) completed (243 accepted (39.9671 %)). Current N = 2115. Average N = 2106.612
2020-07-05 21:00:15,122 - INFO: 609 move(s) completed (243 accepted (39.9015 %)). Current N = 2115. Average N = 2106.626
2020-07-05 21:01:17,923 - INFO: 610 move(s) completed (243 accepted (39.8361 %)). Current N = 2115. Average N = 2106.639
2020-07-05 21:02:20,436 - INFO: 611 move(s) completed (243 accepted (39.7709 %)). Current N = 2115. Average N = 2106.653
2020-07-05 21:03:23,044 - INFO: 612 move(s) completed (243 accepted (39.7059 %)). Current N = 2115. Average N = 2106.667
2020-07-05 21:04:25,762 - INFO: 613 move(s) completed (244 accepted (39.8042 %)). Current N = 2114. Average N = 2106.679
2020-07-05 21:05:28,534 - INFO: 614 move(s) completed (244 accepted (39.7394 %)). Current N = 2114. Average N = 2106.691
2020-07-05 21:06:31,097 - INFO: 615 move(s) completed (244 accepted (39.6748 %)). Current N = 2114. Average N = 2106.702
2020-07-05 21:07:33,713 - INFO: 616 move(s) completed (245 accepted (39.7727 %)). Current N = 2115. Average N = 2106.716
2020-07-05 21:08:36,408 - INFO: 617 move(s) completed (245 accepted (39.7083 %)). Current N = 2115. Average N = 2106.729
2020-07-05 21:09:39,226 - INFO: 618 move(s) completed (246 accepted (39.8058 %)). Current N = 2114. Average N = 2106.741
2020-07-05 21:10:41,775 - INFO: 619 move(s) completed (246 accepted (39.7415 %)). Current N = 2114. Average N = 2106.753
2020-07-05 21:11:44,477 - INFO: 620 move(s) completed (247 accepted (39.8387 %)). Current N = 2115. Average N = 2106.766
2020-07-05 21:12:47,250 - INFO: 621 move(s) completed (248 accepted (39.9356 %)). Current N = 2116. Average N = 2106.781
2020-07-05 21:13:50,129 - INFO: 622 move(s) completed (248 accepted (39.8714 %)). Current N = 2116. Average N = 2106.796
2020-07-05 21:14:52,579 - INFO: 623 move(s) completed (249 accepted (39.9679 %)). Current N = 2117. Average N = 2106.812
2020-07-05 21:15:55,237 - INFO: 624 move(s) completed (249 accepted (39.9038 %)). Current N = 2117. Average N = 2106.829
2020-07-05 21:16:58,021 - INFO: 625 move(s) completed (250 accepted (40.0000 %)). Current N = 2118. Average N = 2106.846
2020-07-05 21:18:00,854 - INFO: 626 move(s) completed (251 accepted (40.0958 %)). Current N = 2119. Average N = 2106.866
2020-07-05 21:19:03,422 - INFO: 627 move(s) completed (251 accepted (40.0319 %)). Current N = 2119. Average N = 2106.885
2020-07-05 21:20:06,050 - INFO: 628 move(s) completed (251 accepted (39.9682 %)). Current N = 2119. Average N = 2106.905
2020-07-05 21:21:08,802 - INFO: 629 move(s) completed (251 accepted (39.9046 %)). Current N = 2119. Average N = 2106.924
2020-07-05 21:22:11,678 - INFO: 630 move(s) completed (252 accepted (40.0000 %)). Current N = 2118. Average N = 2106.941
2020-07-05 21:23:14,235 - INFO: 631 move(s) completed (252 accepted (39.9366 %)). Current N = 2118. Average N = 2106.959
2020-07-05 21:24:16,894 - INFO: 632 move(s) completed (252 accepted (39.8734 %)). Current N = 2118. Average N = 2106.976
2020-07-05 21:25:19,704 - INFO: 633 move(s) completed (252 accepted (39.8104 %)). Current N = 2118. Average N = 2106.994
2020-07-05 21:26:22,608 - INFO: 634 move(s) completed (252 accepted (39.7476 %)). Current N = 2118. Average N = 2107.011
2020-07-05 21:27:25,163 - INFO: 635 move(s) completed (253 accepted (39.8425 %)). Current N = 2117. Average N = 2107.027
2020-07-05 21:28:27,899 - INFO: 636 move(s) completed (254 accepted (39.9371 %)). Current N = 2116. Average N = 2107.041
2020-07-05 21:29:30,718 - INFO: 637 move(s) completed (254 accepted (39.8744 %)). Current N = 2116. Average N = 2107.055
2020-07-05 21:30:33,316 - INFO: 638 move(s) completed (255 accepted (39.9687 %)). Current N = 2115. Average N = 2107.067
2020-07-05 21:31:35,963 - INFO: 639 move(s) completed (255 accepted (39.9061 %)). Current N = 2115. Average N = 2107.080
2020-07-05 21:32:38,744 - INFO: 640 move(s) completed (255 accepted (39.8438 %)). Current N = 2115. Average N = 2107.092
2020-07-05 21:33:41,632 - INFO: 641 move(s) completed (256 accepted (39.9376 %)). Current N = 2116. Average N = 2107.106
2020-07-05 21:34:44,274 - INFO: 642 move(s) completed (256 accepted (39.8754 %)). Current N = 2116. Average N = 2107.120
2020-07-05 21:35:47,000 - INFO: 643 move(s) completed (257 accepted (39.9689 %)). Current N = 2115. Average N = 2107.132
2020-07-05 21:36:49,762 - INFO: 644 move(s) completed (257 accepted (39.9068 %)). Current N = 2115. Average N = 2107.144
2020-07-05 21:37:52,661 - INFO: 645 move(s) completed (257 accepted (39.8450 %)). Current N = 2115. Average N = 2107.157
2020-07-05 21:38:55,317 - INFO: 646 move(s) completed (258 accepted (39.9381 %)). Current N = 2114. Average N = 2107.167
2020-07-05 21:39:57,945 - INFO: 647 move(s) completed (258 accepted (39.8764 %)). Current N = 2114. Average N = 2107.178
2020-07-05 21:41:00,687 - INFO: 648 move(s) completed (258 accepted (39.8148 %)). Current N = 2114. Average N = 2107.188
2020-07-05 21:42:03,576 - INFO: 649 move(s) completed (258 accepted (39.7535 %)). Current N = 2114. Average N = 2107.199
2020-07-05 21:43:06,159 - INFO: 650 move(s) completed (258 accepted (39.6923 %)). Current N = 2114. Average N = 2107.209
2020-07-05 21:44:08,830 - INFO: 651 move(s) completed (258 accepted (39.6313 %)). Current N = 2114. Average N = 2107.220
2020-07-05 21:45:11,530 - INFO: 652 move(s) completed (258 accepted (39.5706 %)). Current N = 2114. Average N = 2107.230
2020-07-05 21:46:14,472 - INFO: 653 move(s) completed (258 accepted (39.5100 %)). Current N = 2114. Average N = 2107.240
2020-07-05 21:47:17,010 - INFO: 654 move(s) completed (258 accepted (39.4495 %)). Current N = 2114. Average N = 2107.251
2020-07-05 21:48:19,637 - INFO: 655 move(s) completed (258 accepted (39.3893 %)). Current N = 2114. Average N = 2107.261
2020-07-05 21:49:22,378 - INFO: 656 move(s) completed (258 accepted (39.3293 %)). Current N = 2114. Average N = 2107.271
2020-07-05 21:50:25,301 - INFO: 657 move(s) completed (258 accepted (39.2694 %)). Current N = 2114. Average N = 2107.282
2020-07-05 21:51:27,869 - INFO: 658 move(s) completed (258 accepted (39.2097 %)). Current N = 2114. Average N = 2107.292
2020-07-05 21:52:30,503 - INFO: 659 move(s) completed (259 accepted (39.3020 %)). Current N = 2115. Average N = 2107.303
2020-07-05 21:53:33,230 - INFO: 660 move(s) completed (259 accepted (39.2424 %)). Current N = 2115. Average N = 2107.315
2020-07-05 21:54:36,087 - INFO: 661 move(s) completed (259 accepted (39.1831 %)). Current N = 2115. Average N = 2107.327
2020-07-05 21:55:38,582 - INFO: 662 move(s) completed (259 accepted (39.1239 %)). Current N = 2115. Average N = 2107.338
2020-07-05 21:56:41,333 - INFO: 663 move(s) completed (259 accepted (39.0649 %)). Current N = 2115. Average N = 2107.350
2020-07-05 21:57:44,062 - INFO: 664 move(s) completed (259 accepted (39.0060 %)). Current N = 2115. Average N = 2107.361
2020-07-05 21:58:46,936 - INFO: 665 move(s) completed (259 accepted (38.9474 %)). Current N = 2115. Average N = 2107.373
2020-07-05 21:59:49,520 - INFO: 666 move(s) completed (259 accepted (38.8889 %)). Current N = 2115. Average N = 2107.384
2020-07-05 22:00:52,168 - INFO: 667 move(s) completed (260 accepted (38.9805 %)). Current N = 2116. Average N = 2107.397
2020-07-05 22:01:54,845 - INFO: 668 move(s) completed (261 accepted (39.0719 %)). Current N = 2117. Average N = 2107.412
2020-07-05 22:02:57,635 - INFO: 669 move(s) completed (261 accepted (39.0135 %)). Current N = 2117. Average N = 2107.426
2020-07-05 22:04:00,136 - INFO: 670 move(s) completed (261 accepted (38.9552 %)). Current N = 2117. Average N = 2107.440
2020-07-05 22:05:02,794 - INFO: 671 move(s) completed (262 accepted (39.0462 %)). Current N = 2116. Average N = 2107.453
2020-07-05 22:06:05,502 - INFO: 672 move(s) completed (262 accepted (38.9881 %)). Current N = 2116. Average N = 2107.466
2020-07-05 22:07:08,358 - INFO: 673 move(s) completed (263 accepted (39.0788 %)). Current N = 2117. Average N = 2107.480
2020-07-05 22:08:10,925 - INFO: 674 move(s) completed (264 accepted (39.1691 %)). Current N = 2116. Average N = 2107.493
2020-07-05 22:09:13,623 - INFO: 675 move(s) completed (264 accepted (39.1111 %)). Current N = 2116. Average N = 2107.505
2020-07-05 22:10:16,368 - INFO: 676 move(s) completed (265 accepted (39.2012 %)). Current N = 2115. Average N = 2107.516
2020-07-05 22:11:19,194 - INFO: 677 move(s) completed (265 accepted (39.1433 %)). Current N = 2115. Average N = 2107.527
2020-07-05 22:12:21,725 - INFO: 678 move(s) completed (266 accepted (39.2330 %)). Current N = 2116. Average N = 2107.540
2020-07-05 22:13:24,390 - INFO: 679 move(s) completed (267 accepted (39.3225 %)). Current N = 2115. Average N = 2107.551
2020-07-05 22:14:27,166 - INFO: 680 move(s) completed (267 accepted (39.2647 %)). Current N = 2115. Average N = 2107.562
2020-07-05 22:15:30,051 - INFO: 681 move(s) completed (267 accepted (39.2070 %)). Current N = 2115. Average N = 2107.573
2020-07-05 22:16:32,584 - INFO: 682 move(s) completed (268 accepted (39.2962 %)). Current N = 2116. Average N = 2107.585
2020-07-05 22:17:35,186 - INFO: 683 move(s) completed (269 accepted (39.3851 %)). Current N = 2117. Average N = 2107.599
2020-07-05 22:18:37,904 - INFO: 684 move(s) completed (269 accepted (39.3275 %)). Current N = 2117. Average N = 2107.613
2020-07-05 22:19:40,718 - INFO: 685 move(s) completed (269 accepted (39.2701 %)). Current N = 2117. Average N = 2107.626
2020-07-05 22:20:43,252 - INFO: 686 move(s) completed (270 accepted (39.3586 %)). Current N = 2118. Average N = 2107.641
2020-07-05 22:21:45,805 - INFO: 687 move(s) completed (271 accepted (39.4469 %)). Current N = 2117. Average N = 2107.655
