2020-07-05 10:21:23,327 - INFO: kT = 0.5921875708469466 kcal/mol
2020-07-05 10:21:24,247 - INFO: BaseGrandCanonicalMonteCarloSampler object initialised
2020-07-05 10:21:24,247 - INFO: Simulating at an Adams (B) value of -2.629597194812459
2020-07-05 10:21:24,247 - INFO: GCMCSystemSampler object initialised
2020-07-05 10:21:24,248 - INFO: Each NCMC move will be executed over a total of 25.0 ps
2020-07-05 10:21:24,248 - INFO: NonequilibriumGCMCSystemSampler object initialised
2020-07-05 10:22:37,389 - INFO: 1 move(s) completed (1 accepted (100.0000 %)). Current N = 2095. Average N = 2095.000
2020-07-05 10:23:44,162 - INFO: 2 move(s) completed (2 accepted (100.0000 %)). Current N = 2094. Average N = 2094.500
2020-07-05 10:24:50,997 - INFO: 3 move(s) completed (3 accepted (100.0000 %)). Current N = 2095. Average N = 2094.667
2020-07-05 10:25:58,239 - INFO: 4 move(s) completed (4 accepted (100.0000 %)). Current N = 2096. Average N = 2095.000
2020-07-05 10:27:05,638 - INFO: 5 move(s) completed (4 accepted (80.0000 %)). Current N = 2096. Average N = 2095.200
2020-07-05 10:28:12,773 - INFO: 6 move(s) completed (5 accepted (83.3333 %)). Current N = 2097. Average N = 2095.500
2020-07-05 10:29:20,029 - INFO: 7 move(s) completed (6 accepted (85.7143 %)). Current N = 2096. Average N = 2095.571
2020-07-05 10:30:27,402 - INFO: 8 move(s) completed (6 accepted (75.0000 %)). Current N = 2096. Average N = 2095.625
2020-07-05 10:31:34,918 - INFO: 9 move(s) completed (6 accepted (66.6667 %)). Current N = 2096. Average N = 2095.667
2020-07-05 10:32:42,124 - INFO: 10 move(s) completed (6 accepted (60.0000 %)). Current N = 2096. Average N = 2095.700
2020-07-05 10:33:49,437 - INFO: 11 move(s) completed (6 accepted (54.5455 %)). Current N = 2096. Average N = 2095.727
2020-07-05 10:34:56,824 - INFO: 12 move(s) completed (6 accepted (50.0000 %)). Current N = 2096. Average N = 2095.750
2020-07-05 10:36:03,965 - INFO: 13 move(s) completed (6 accepted (46.1538 %)). Current N = 2096. Average N = 2095.769
2020-07-05 10:37:11,207 - INFO: 14 move(s) completed (6 accepted (42.8571 %)). Current N = 2096. Average N = 2095.786
2020-07-05 10:38:18,534 - INFO: 15 move(s) completed (7 accepted (46.6667 %)). Current N = 2097. Average N = 2095.867
2020-07-05 10:39:25,927 - INFO: 16 move(s) completed (7 accepted (43.7500 %)). Current N = 2097. Average N = 2095.938
2020-07-05 10:40:33,030 - INFO: 17 move(s) completed (8 accepted (47.0588 %)). Current N = 2096. Average N = 2095.941
2020-07-05 10:41:40,317 - INFO: 18 move(s) completed (8 accepted (44.4444 %)). Current N = 2096. Average N = 2095.944
2020-07-05 10:42:47,721 - INFO: 19 move(s) completed (8 accepted (42.1053 %)). Current N = 2096. Average N = 2095.947
2020-07-05 10:43:55,259 - INFO: 20 move(s) completed (8 accepted (40.0000 %)). Current N = 2096. Average N = 2095.950
2020-07-05 10:45:02,438 - INFO: 21 move(s) completed (8 accepted (38.0952 %)). Current N = 2096. Average N = 2095.952
2020-07-05 10:46:09,743 - INFO: 22 move(s) completed (9 accepted (40.9091 %)). Current N = 2095. Average N = 2095.909
2020-07-05 10:47:17,125 - INFO: 23 move(s) completed (10 accepted (43.4783 %)). Current N = 2096. Average N = 2095.913
2020-07-05 10:48:24,264 - INFO: 24 move(s) completed (10 accepted (41.6667 %)). Current N = 2096. Average N = 2095.917
2020-07-05 10:49:31,513 - INFO: 25 move(s) completed (11 accepted (44.0000 %)). Current N = 2095. Average N = 2095.880
2020-07-05 10:50:38,873 - INFO: 26 move(s) completed (12 accepted (46.1538 %)). Current N = 2094. Average N = 2095.808
2020-07-05 10:51:46,419 - INFO: 27 move(s) completed (12 accepted (44.4444 %)). Current N = 2094. Average N = 2095.741
2020-07-05 10:52:53,652 - INFO: 28 move(s) completed (12 accepted (42.8571 %)). Current N = 2094. Average N = 2095.679
2020-07-05 10:54:01,004 - INFO: 29 move(s) completed (13 accepted (44.8276 %)). Current N = 2095. Average N = 2095.655
2020-07-05 10:55:08,456 - INFO: 30 move(s) completed (13 accepted (43.3333 %)). Current N = 2095. Average N = 2095.633
2020-07-05 10:56:16,015 - INFO: 31 move(s) completed (13 accepted (41.9355 %)). Current N = 2095. Average N = 2095.613
2020-07-05 10:57:23,319 - INFO: 32 move(s) completed (13 accepted (40.6250 %)). Current N = 2095. Average N = 2095.594
2020-07-05 10:58:30,672 - INFO: 33 move(s) completed (14 accepted (42.4242 %)). Current N = 2096. Average N = 2095.606
2020-07-05 10:59:38,102 - INFO: 34 move(s) completed (14 accepted (41.1765 %)). Current N = 2096. Average N = 2095.618
2020-07-05 11:00:45,672 - INFO: 35 move(s) completed (15 accepted (42.8571 %)). Current N = 2097. Average N = 2095.657
2020-07-05 11:01:52,971 - INFO: 36 move(s) completed (15 accepted (41.6667 %)). Current N = 2097. Average N = 2095.694
2020-07-05 11:03:00,358 - INFO: 37 move(s) completed (15 accepted (40.5405 %)). Current N = 2097. Average N = 2095.730
2020-07-05 11:04:07,872 - INFO: 38 move(s) completed (15 accepted (39.4737 %)). Current N = 2097. Average N = 2095.763
2020-07-05 11:05:15,075 - INFO: 39 move(s) completed (15 accepted (38.4615 %)). Current N = 2097. Average N = 2095.795
2020-07-05 11:06:22,392 - INFO: 40 move(s) completed (15 accepted (37.5000 %)). Current N = 2097. Average N = 2095.825
2020-07-05 11:07:29,796 - INFO: 41 move(s) completed (15 accepted (36.5854 %)). Current N = 2097. Average N = 2095.854
2020-07-05 11:08:37,357 - INFO: 42 move(s) completed (15 accepted (35.7143 %)). Current N = 2097. Average N = 2095.881
2020-07-05 11:09:44,601 - INFO: 43 move(s) completed (16 accepted (37.2093 %)). Current N = 2096. Average N = 2095.884
2020-07-05 11:10:51,962 - INFO: 44 move(s) completed (16 accepted (36.3636 %)). Current N = 2096. Average N = 2095.886
2020-07-05 11:11:59,452 - INFO: 45 move(s) completed (16 accepted (35.5556 %)). Current N = 2096. Average N = 2095.889
2020-07-05 11:13:07,034 - INFO: 46 move(s) completed (17 accepted (36.9565 %)). Current N = 2095. Average N = 2095.870
2020-07-05 11:14:14,342 - INFO: 47 move(s) completed (18 accepted (38.2979 %)). Current N = 2096. Average N = 2095.872
2020-07-05 11:15:21,818 - INFO: 48 move(s) completed (19 accepted (39.5833 %)). Current N = 2095. Average N = 2095.854
2020-07-05 11:16:29,400 - INFO: 49 move(s) completed (20 accepted (40.8163 %)). Current N = 2094. Average N = 2095.816
2020-07-05 11:17:36,747 - INFO: 50 move(s) completed (21 accepted (42.0000 %)). Current N = 2095. Average N = 2095.800
2020-07-05 11:18:44,273 - INFO: 51 move(s) completed (21 accepted (41.1765 %)). Current N = 2095. Average N = 2095.784
2020-07-05 11:19:51,880 - INFO: 52 move(s) completed (22 accepted (42.3077 %)). Current N = 2094. Average N = 2095.750
2020-07-05 11:20:59,549 - INFO: 53 move(s) completed (23 accepted (43.3962 %)). Current N = 2093. Average N = 2095.698
2020-07-05 11:22:06,994 - INFO: 54 move(s) completed (24 accepted (44.4444 %)). Current N = 2092. Average N = 2095.630
2020-07-05 11:23:14,647 - INFO: 55 move(s) completed (25 accepted (45.4545 %)). Current N = 2091. Average N = 2095.546
2020-07-05 11:24:22,420 - INFO: 56 move(s) completed (25 accepted (44.6429 %)). Current N = 2091. Average N = 2095.464
2020-07-05 11:25:30,308 - INFO: 57 move(s) completed (26 accepted (45.6140 %)). Current N = 2090. Average N = 2095.368
2020-07-05 11:26:37,941 - INFO: 58 move(s) completed (27 accepted (46.5517 %)). Current N = 2091. Average N = 2095.293
2020-07-05 11:27:45,733 - INFO: 59 move(s) completed (27 accepted (45.7627 %)). Current N = 2091. Average N = 2095.220
2020-07-05 11:28:53,614 - INFO: 60 move(s) completed (28 accepted (46.6667 %)). Current N = 2090. Average N = 2095.133
2020-07-05 11:30:01,274 - INFO: 61 move(s) completed (28 accepted (45.9016 %)). Current N = 2090. Average N = 2095.049
2020-07-05 11:31:09,037 - INFO: 62 move(s) completed (28 accepted (45.1613 %)). Current N = 2090. Average N = 2094.968
2020-07-05 11:32:16,903 - INFO: 63 move(s) completed (28 accepted (44.4444 %)). Current N = 2090. Average N = 2094.889
2020-07-05 11:33:24,890 - INFO: 64 move(s) completed (28 accepted (43.7500 %)). Current N = 2090. Average N = 2094.812
2020-07-05 11:34:32,525 - INFO: 65 move(s) completed (28 accepted (43.0769 %)). Current N = 2090. Average N = 2094.738
2020-07-05 11:35:40,349 - INFO: 66 move(s) completed (28 accepted (42.4242 %)). Current N = 2090. Average N = 2094.667
2020-07-05 11:36:48,218 - INFO: 67 move(s) completed (29 accepted (43.2836 %)). Current N = 2091. Average N = 2094.612
2020-07-05 11:37:56,192 - INFO: 68 move(s) completed (30 accepted (44.1176 %)). Current N = 2090. Average N = 2094.544
2020-07-05 11:39:03,897 - INFO: 69 move(s) completed (31 accepted (44.9275 %)). Current N = 2091. Average N = 2094.493
2020-07-05 11:40:11,702 - INFO: 70 move(s) completed (31 accepted (44.2857 %)). Current N = 2091. Average N = 2094.443
2020-07-05 11:41:19,673 - INFO: 71 move(s) completed (32 accepted (45.0704 %)). Current N = 2090. Average N = 2094.380
2020-07-05 11:42:27,426 - INFO: 72 move(s) completed (32 accepted (44.4444 %)). Current N = 2090. Average N = 2094.319
2020-07-05 11:43:35,231 - INFO: 73 move(s) completed (33 accepted (45.2055 %)). Current N = 2091. Average N = 2094.274
2020-07-05 11:44:43,187 - INFO: 74 move(s) completed (33 accepted (44.5946 %)). Current N = 2091. Average N = 2094.230
2020-07-05 11:45:51,265 - INFO: 75 move(s) completed (33 accepted (44.0000 %)). Current N = 2091. Average N = 2094.187
2020-07-05 11:46:59,029 - INFO: 76 move(s) completed (34 accepted (44.7368 %)). Current N = 2090. Average N = 2094.132
2020-07-05 11:48:06,915 - INFO: 77 move(s) completed (34 accepted (44.1558 %)). Current N = 2090. Average N = 2094.078
2020-07-05 11:49:14,878 - INFO: 78 move(s) completed (35 accepted (44.8718 %)). Current N = 2089. Average N = 2094.013
2020-07-05 11:50:23,035 - INFO: 79 move(s) completed (36 accepted (45.5696 %)). Current N = 2088. Average N = 2093.937
2020-07-05 11:51:30,988 - INFO: 80 move(s) completed (37 accepted (46.2500 %)). Current N = 2089. Average N = 2093.875
2020-07-05 11:52:38,986 - INFO: 81 move(s) completed (37 accepted (45.6790 %)). Current N = 2089. Average N = 2093.815
2020-07-05 11:53:47,098 - INFO: 82 move(s) completed (38 accepted (46.3415 %)). Current N = 2090. Average N = 2093.768
2020-07-05 11:54:54,973 - INFO: 83 move(s) completed (39 accepted (46.9880 %)). Current N = 2089. Average N = 2093.711
2020-07-05 11:56:02,943 - INFO: 84 move(s) completed (40 accepted (47.6190 %)). Current N = 2088. Average N = 2093.643
2020-07-05 11:57:11,076 - INFO: 85 move(s) completed (41 accepted (48.2353 %)). Current N = 2087. Average N = 2093.565
2020-07-05 11:58:19,293 - INFO: 86 move(s) completed (41 accepted (47.6744 %)). Current N = 2087. Average N = 2093.488
2020-07-05 11:59:27,249 - INFO: 87 move(s) completed (42 accepted (48.2759 %)). Current N = 2086. Average N = 2093.402
2020-07-05 12:00:35,364 - INFO: 88 move(s) completed (43 accepted (48.8636 %)). Current N = 2085. Average N = 2093.307
2020-07-05 12:01:43,524 - INFO: 89 move(s) completed (43 accepted (48.3146 %)). Current N = 2085. Average N = 2093.213
2020-07-05 12:02:51,850 - INFO: 90 move(s) completed (44 accepted (48.8889 %)). Current N = 2084. Average N = 2093.111
2020-07-05 12:03:59,987 - INFO: 91 move(s) completed (44 accepted (48.3516 %)). Current N = 2084. Average N = 2093.011
2020-07-05 12:05:08,148 - INFO: 92 move(s) completed (45 accepted (48.9130 %)). Current N = 2083. Average N = 2092.902
2020-07-05 12:06:16,484 - INFO: 93 move(s) completed (46 accepted (49.4624 %)). Current N = 2082. Average N = 2092.785
2020-07-05 12:07:24,555 - INFO: 94 move(s) completed (47 accepted (50.0000 %)). Current N = 2081. Average N = 2092.660
2020-07-05 12:08:32,694 - INFO: 95 move(s) completed (48 accepted (50.5263 %)). Current N = 2082. Average N = 2092.547
2020-07-05 12:09:40,993 - INFO: 96 move(s) completed (48 accepted (50.0000 %)). Current N = 2082. Average N = 2092.438
2020-07-05 12:10:49,385 - INFO: 97 move(s) completed (49 accepted (50.5155 %)). Current N = 2081. Average N = 2092.320
2020-07-05 12:11:57,516 - INFO: 98 move(s) completed (49 accepted (50.0000 %)). Current N = 2081. Average N = 2092.204
2020-07-05 12:13:05,766 - INFO: 99 move(s) completed (49 accepted (49.4949 %)). Current N = 2081. Average N = 2092.091
2020-07-05 12:14:14,155 - INFO: 100 move(s) completed (49 accepted (49.0000 %)). Current N = 2081. Average N = 2091.980
2020-07-05 12:15:22,646 - INFO: 101 move(s) completed (49 accepted (48.5149 %)). Current N = 2081. Average N = 2091.871
2020-07-05 12:16:30,829 - INFO: 102 move(s) completed (50 accepted (49.0196 %)). Current N = 2082. Average N = 2091.774
2020-07-05 12:17:39,031 - INFO: 103 move(s) completed (50 accepted (48.5437 %)). Current N = 2082. Average N = 2091.680
2020-07-05 12:18:47,352 - INFO: 104 move(s) completed (51 accepted (49.0385 %)). Current N = 2083. Average N = 2091.596
2020-07-05 12:19:55,708 - INFO: 105 move(s) completed (51 accepted (48.5714 %)). Current N = 2083. Average N = 2091.514
2020-07-05 12:21:03,816 - INFO: 106 move(s) completed (52 accepted (49.0566 %)). Current N = 2082. Average N = 2091.425
2020-07-05 12:22:12,045 - INFO: 107 move(s) completed (53 accepted (49.5327 %)). Current N = 2083. Average N = 2091.346
2020-07-05 12:23:20,343 - INFO: 108 move(s) completed (54 accepted (50.0000 %)). Current N = 2082. Average N = 2091.259
2020-07-05 12:24:28,397 - INFO: 109 move(s) completed (54 accepted (49.5413 %)). Current N = 2082. Average N = 2091.174
2020-07-05 12:25:36,675 - INFO: 110 move(s) completed (54 accepted (49.0909 %)). Current N = 2082. Average N = 2091.091
2020-07-05 12:26:45,058 - INFO: 111 move(s) completed (54 accepted (48.6486 %)). Current N = 2082. Average N = 2091.009
2020-07-05 12:27:53,423 - INFO: 112 move(s) completed (54 accepted (48.2143 %)). Current N = 2082. Average N = 2090.929
2020-07-05 12:29:01,447 - INFO: 113 move(s) completed (54 accepted (47.7876 %)). Current N = 2082. Average N = 2090.850
2020-07-05 12:30:09,630 - INFO: 114 move(s) completed (55 accepted (48.2456 %)). Current N = 2081. Average N = 2090.763
2020-07-05 12:31:17,876 - INFO: 115 move(s) completed (55 accepted (47.8261 %)). Current N = 2081. Average N = 2090.678
2020-07-05 12:32:26,248 - INFO: 116 move(s) completed (56 accepted (48.2759 %)). Current N = 2082. Average N = 2090.603
2020-07-05 12:33:34,408 - INFO: 117 move(s) completed (56 accepted (47.8632 %)). Current N = 2082. Average N = 2090.530
2020-07-05 12:34:42,622 - INFO: 118 move(s) completed (57 accepted (48.3051 %)). Current N = 2083. Average N = 2090.466
2020-07-05 12:35:50,886 - INFO: 119 move(s) completed (57 accepted (47.8992 %)). Current N = 2083. Average N = 2090.403
2020-07-05 12:36:58,908 - INFO: 120 move(s) completed (58 accepted (48.3333 %)). Current N = 2084. Average N = 2090.350
2020-07-05 12:38:07,027 - INFO: 121 move(s) completed (59 accepted (48.7603 %)). Current N = 2085. Average N = 2090.306
2020-07-05 12:39:15,308 - INFO: 122 move(s) completed (59 accepted (48.3607 %)). Current N = 2085. Average N = 2090.262
2020-07-05 12:40:23,596 - INFO: 123 move(s) completed (60 accepted (48.7805 %)). Current N = 2086. Average N = 2090.228
2020-07-05 12:41:31,528 - INFO: 124 move(s) completed (61 accepted (49.1935 %)). Current N = 2087. Average N = 2090.202
2020-07-05 12:42:39,581 - INFO: 125 move(s) completed (62 accepted (49.6000 %)). Current N = 2088. Average N = 2090.184
2020-07-05 12:43:47,689 - INFO: 126 move(s) completed (63 accepted (50.0000 %)). Current N = 2089. Average N = 2090.175
2020-07-05 12:44:55,879 - INFO: 127 move(s) completed (63 accepted (49.6063 %)). Current N = 2089. Average N = 2090.165
2020-07-05 12:46:03,824 - INFO: 128 move(s) completed (64 accepted (50.0000 %)). Current N = 2090. Average N = 2090.164
2020-07-05 12:47:11,951 - INFO: 129 move(s) completed (65 accepted (50.3876 %)). Current N = 2089. Average N = 2090.155
2020-07-05 12:48:20,181 - INFO: 130 move(s) completed (65 accepted (50.0000 %)). Current N = 2089. Average N = 2090.146
2020-07-05 12:49:28,225 - INFO: 131 move(s) completed (65 accepted (49.6183 %)). Current N = 2089. Average N = 2090.137
2020-07-05 12:50:36,243 - INFO: 132 move(s) completed (65 accepted (49.2424 %)). Current N = 2089. Average N = 2090.129
2020-07-05 12:51:44,394 - INFO: 133 move(s) completed (65 accepted (48.8722 %)). Current N = 2089. Average N = 2090.120
2020-07-05 12:52:52,675 - INFO: 134 move(s) completed (65 accepted (48.5075 %)). Current N = 2089. Average N = 2090.112
2020-07-05 12:54:00,646 - INFO: 135 move(s) completed (65 accepted (48.1481 %)). Current N = 2089. Average N = 2090.104
2020-07-05 12:55:08,724 - INFO: 136 move(s) completed (66 accepted (48.5294 %)). Current N = 2090. Average N = 2090.103
2020-07-05 12:56:16,848 - INFO: 137 move(s) completed (67 accepted (48.9051 %)). Current N = 2089. Average N = 2090.095
2020-07-05 12:57:25,107 - INFO: 138 move(s) completed (68 accepted (49.2754 %)). Current N = 2088. Average N = 2090.080
2020-07-05 12:58:33,144 - INFO: 139 move(s) completed (69 accepted (49.6403 %)). Current N = 2089. Average N = 2090.072
2020-07-05 12:59:41,221 - INFO: 140 move(s) completed (69 accepted (49.2857 %)). Current N = 2089. Average N = 2090.064
2020-07-05 13:00:49,504 - INFO: 141 move(s) completed (70 accepted (49.6454 %)). Current N = 2088. Average N = 2090.050
2020-07-05 13:01:57,475 - INFO: 142 move(s) completed (70 accepted (49.2958 %)). Current N = 2088. Average N = 2090.035
2020-07-05 13:03:05,516 - INFO: 143 move(s) completed (70 accepted (48.9510 %)). Current N = 2088. Average N = 2090.021
2020-07-05 13:04:13,648 - INFO: 144 move(s) completed (70 accepted (48.6111 %)). Current N = 2088. Average N = 2090.007
2020-07-05 13:05:21,932 - INFO: 145 move(s) completed (70 accepted (48.2759 %)). Current N = 2088. Average N = 2089.993
2020-07-05 13:06:29,879 - INFO: 146 move(s) completed (70 accepted (47.9452 %)). Current N = 2088. Average N = 2089.979
2020-07-05 13:07:38,014 - INFO: 147 move(s) completed (71 accepted (48.2993 %)). Current N = 2087. Average N = 2089.959
2020-07-05 13:08:46,219 - INFO: 148 move(s) completed (72 accepted (48.6486 %)). Current N = 2088. Average N = 2089.946
2020-07-05 13:09:54,461 - INFO: 149 move(s) completed (73 accepted (48.9933 %)). Current N = 2087. Average N = 2089.926
2020-07-05 13:11:02,392 - INFO: 150 move(s) completed (74 accepted (49.3333 %)). Current N = 2086. Average N = 2089.900
2020-07-05 13:12:10,549 - INFO: 151 move(s) completed (74 accepted (49.0066 %)). Current N = 2086. Average N = 2089.874
2020-07-05 13:13:18,759 - INFO: 152 move(s) completed (75 accepted (49.3421 %)). Current N = 2087. Average N = 2089.855
2020-07-05 13:14:27,013 - INFO: 153 move(s) completed (76 accepted (49.6732 %)). Current N = 2088. Average N = 2089.843
2020-07-05 13:15:35,027 - INFO: 154 move(s) completed (76 accepted (49.3506 %)). Current N = 2088. Average N = 2089.831
2020-07-05 13:16:43,163 - INFO: 155 move(s) completed (76 accepted (49.0323 %)). Current N = 2088. Average N = 2089.819
2020-07-05 13:17:51,447 - INFO: 156 move(s) completed (77 accepted (49.3590 %)). Current N = 2087. Average N = 2089.801
2020-07-05 13:18:59,401 - INFO: 157 move(s) completed (78 accepted (49.6815 %)). Current N = 2088. Average N = 2089.790
2020-07-05 13:20:07,527 - INFO: 158 move(s) completed (78 accepted (49.3671 %)). Current N = 2088. Average N = 2089.778
2020-07-05 13:21:15,728 - INFO: 159 move(s) completed (78 accepted (49.0566 %)). Current N = 2088. Average N = 2089.767
2020-07-05 13:22:24,042 - INFO: 160 move(s) completed (79 accepted (49.3750 %)). Current N = 2089. Average N = 2089.762
2020-07-05 13:23:32,111 - INFO: 161 move(s) completed (79 accepted (49.0683 %)). Current N = 2089. Average N = 2089.758
2020-07-05 13:24:40,280 - INFO: 162 move(s) completed (79 accepted (48.7654 %)). Current N = 2089. Average N = 2089.753
2020-07-05 13:25:48,416 - INFO: 163 move(s) completed (79 accepted (48.4663 %)). Current N = 2089. Average N = 2089.749
2020-07-05 13:26:56,597 - INFO: 164 move(s) completed (79 accepted (48.1707 %)). Current N = 2089. Average N = 2089.744
2020-07-05 13:28:04,557 - INFO: 165 move(s) completed (80 accepted (48.4848 %)). Current N = 2090. Average N = 2089.745
2020-07-05 13:29:12,679 - INFO: 166 move(s) completed (80 accepted (48.1928 %)). Current N = 2090. Average N = 2089.747
2020-07-05 13:30:20,857 - INFO: 167 move(s) completed (80 accepted (47.9042 %)). Current N = 2090. Average N = 2089.749
2020-07-05 13:31:28,762 - INFO: 168 move(s) completed (80 accepted (47.6190 %)). Current N = 2090. Average N = 2089.750
2020-07-05 13:32:36,915 - INFO: 169 move(s) completed (80 accepted (47.3373 %)). Current N = 2090. Average N = 2089.751
2020-07-05 13:33:45,140 - INFO: 170 move(s) completed (80 accepted (47.0588 %)). Current N = 2090. Average N = 2089.753
2020-07-05 13:34:53,458 - INFO: 171 move(s) completed (80 accepted (46.7836 %)). Current N = 2090. Average N = 2089.754
2020-07-05 13:36:01,408 - INFO: 172 move(s) completed (81 accepted (47.0930 %)). Current N = 2089. Average N = 2089.750
2020-07-05 13:37:09,532 - INFO: 173 move(s) completed (81 accepted (46.8208 %)). Current N = 2089. Average N = 2089.746
2020-07-05 13:38:17,743 - INFO: 174 move(s) completed (81 accepted (46.5517 %)). Current N = 2089. Average N = 2089.741
2020-07-05 13:39:26,057 - INFO: 175 move(s) completed (81 accepted (46.2857 %)). Current N = 2089. Average N = 2089.737
2020-07-05 13:40:34,060 - INFO: 176 move(s) completed (82 accepted (46.5909 %)). Current N = 2088. Average N = 2089.727
2020-07-05 13:41:42,202 - INFO: 177 move(s) completed (83 accepted (46.8927 %)). Current N = 2089. Average N = 2089.723
2020-07-05 13:42:50,516 - INFO: 178 move(s) completed (83 accepted (46.6292 %)). Current N = 2089. Average N = 2089.719
2020-07-05 13:43:58,490 - INFO: 179 move(s) completed (84 accepted (46.9274 %)). Current N = 2088. Average N = 2089.709
2020-07-05 13:45:06,658 - INFO: 180 move(s) completed (84 accepted (46.6667 %)). Current N = 2088. Average N = 2089.700
2020-07-05 13:46:14,952 - INFO: 181 move(s) completed (84 accepted (46.4088 %)). Current N = 2088. Average N = 2089.691
2020-07-05 13:47:23,275 - INFO: 182 move(s) completed (84 accepted (46.1538 %)). Current N = 2088. Average N = 2089.681
2020-07-05 13:48:31,326 - INFO: 183 move(s) completed (85 accepted (46.4481 %)). Current N = 2087. Average N = 2089.667
2020-07-05 13:49:39,442 - INFO: 184 move(s) completed (85 accepted (46.1957 %)). Current N = 2087. Average N = 2089.652
2020-07-05 13:50:47,690 - INFO: 185 move(s) completed (85 accepted (45.9459 %)). Current N = 2087. Average N = 2089.638
2020-07-05 13:51:56,103 - INFO: 186 move(s) completed (85 accepted (45.6989 %)). Current N = 2087. Average N = 2089.624
2020-07-05 13:53:04,119 - INFO: 187 move(s) completed (85 accepted (45.4545 %)). Current N = 2087. Average N = 2089.610
2020-07-05 13:54:12,422 - INFO: 188 move(s) completed (85 accepted (45.2128 %)). Current N = 2087. Average N = 2089.596
2020-07-05 13:55:20,725 - INFO: 189 move(s) completed (85 accepted (44.9735 %)). Current N = 2087. Average N = 2089.582
2020-07-05 13:56:28,857 - INFO: 190 move(s) completed (86 accepted (45.2632 %)). Current N = 2086. Average N = 2089.563
2020-07-05 13:57:36,999 - INFO: 191 move(s) completed (86 accepted (45.0262 %)). Current N = 2086. Average N = 2089.544
2020-07-05 13:58:45,312 - INFO: 192 move(s) completed (87 accepted (45.3125 %)). Current N = 2085. Average N = 2089.521
2020-07-05 13:59:53,648 - INFO: 193 move(s) completed (87 accepted (45.0777 %)). Current N = 2085. Average N = 2089.497
2020-07-05 14:01:01,737 - INFO: 194 move(s) completed (87 accepted (44.8454 %)). Current N = 2085. Average N = 2089.474
2020-07-05 14:02:10,008 - INFO: 195 move(s) completed (87 accepted (44.6154 %)). Current N = 2085. Average N = 2089.451
2020-07-05 14:03:18,356 - INFO: 196 move(s) completed (87 accepted (44.3878 %)). Current N = 2085. Average N = 2089.429
2020-07-05 14:04:26,808 - INFO: 197 move(s) completed (88 accepted (44.6701 %)). Current N = 2084. Average N = 2089.401
2020-07-05 14:05:34,986 - INFO: 198 move(s) completed (88 accepted (44.4444 %)). Current N = 2084. Average N = 2089.374
2020-07-05 14:06:43,170 - INFO: 199 move(s) completed (89 accepted (44.7236 %)). Current N = 2085. Average N = 2089.352
2020-07-05 14:07:51,405 - INFO: 200 move(s) completed (89 accepted (44.5000 %)). Current N = 2085. Average N = 2089.330
2020-07-05 14:08:59,819 - INFO: 201 move(s) completed (89 accepted (44.2786 %)). Current N = 2085. Average N = 2089.309
2020-07-05 14:10:08,027 - INFO: 202 move(s) completed (90 accepted (44.5545 %)). Current N = 2086. Average N = 2089.292
2020-07-05 14:11:16,180 - INFO: 203 move(s) completed (91 accepted (44.8276 %)). Current N = 2087. Average N = 2089.281
2020-07-05 14:12:24,481 - INFO: 204 move(s) completed (91 accepted (44.6078 %)). Current N = 2087. Average N = 2089.270
2020-07-05 14:13:32,466 - INFO: 205 move(s) completed (91 accepted (44.3902 %)). Current N = 2087. Average N = 2089.258
2020-07-05 14:14:40,511 - INFO: 206 move(s) completed (92 accepted (44.6602 %)). Current N = 2088. Average N = 2089.252
2020-07-05 14:15:48,762 - INFO: 207 move(s) completed (93 accepted (44.9275 %)). Current N = 2087. Average N = 2089.242
2020-07-05 14:16:57,145 - INFO: 208 move(s) completed (93 accepted (44.7115 %)). Current N = 2087. Average N = 2089.231
2020-07-05 14:18:05,158 - INFO: 209 move(s) completed (93 accepted (44.4976 %)). Current N = 2087. Average N = 2089.220
2020-07-05 14:19:13,342 - INFO: 210 move(s) completed (93 accepted (44.2857 %)). Current N = 2087. Average N = 2089.209
2020-07-05 14:20:21,559 - INFO: 211 move(s) completed (93 accepted (44.0758 %)). Current N = 2087. Average N = 2089.199
2020-07-05 14:21:29,985 - INFO: 212 move(s) completed (93 accepted (43.8679 %)). Current N = 2087. Average N = 2089.189
2020-07-05 14:22:38,077 - INFO: 213 move(s) completed (94 accepted (44.1315 %)). Current N = 2086. Average N = 2089.174
2020-07-05 14:23:46,323 - INFO: 214 move(s) completed (94 accepted (43.9252 %)). Current N = 2086. Average N = 2089.159
2020-07-05 14:24:54,654 - INFO: 215 move(s) completed (95 accepted (44.1860 %)). Current N = 2085. Average N = 2089.140
2020-07-05 14:26:02,593 - INFO: 216 move(s) completed (96 accepted (44.4444 %)). Current N = 2084. Average N = 2089.116
2020-07-05 14:27:10,787 - INFO: 217 move(s) completed (97 accepted (44.7005 %)). Current N = 2085. Average N = 2089.097
2020-07-05 14:28:18,919 - INFO: 218 move(s) completed (98 accepted (44.9541 %)). Current N = 2084. Average N = 2089.073
2020-07-05 14:29:27,121 - INFO: 219 move(s) completed (99 accepted (45.2055 %)). Current N = 2083. Average N = 2089.046
2020-07-05 14:30:35,383 - INFO: 220 move(s) completed (99 accepted (45.0000 %)). Current N = 2083. Average N = 2089.018
2020-07-05 14:31:43,610 - INFO: 221 move(s) completed (100 accepted (45.2489 %)). Current N = 2082. Average N = 2088.986
2020-07-05 14:32:51,786 - INFO: 222 move(s) completed (100 accepted (45.0450 %)). Current N = 2082. Average N = 2088.955
2020-07-05 14:34:00,231 - INFO: 223 move(s) completed (100 accepted (44.8430 %)). Current N = 2082. Average N = 2088.924
2020-07-05 14:35:08,352 - INFO: 224 move(s) completed (101 accepted (45.0893 %)). Current N = 2081. Average N = 2088.888
2020-07-05 14:36:16,599 - INFO: 225 move(s) completed (101 accepted (44.8889 %)). Current N = 2081. Average N = 2088.853
2020-07-05 14:37:24,919 - INFO: 226 move(s) completed (101 accepted (44.6903 %)). Current N = 2081. Average N = 2088.819
2020-07-05 14:38:33,013 - INFO: 227 move(s) completed (101 accepted (44.4934 %)). Current N = 2081. Average N = 2088.784
2020-07-05 14:39:41,254 - INFO: 228 move(s) completed (102 accepted (44.7368 %)). Current N = 2082. Average N = 2088.754
2020-07-05 14:40:49,588 - INFO: 229 move(s) completed (102 accepted (44.5415 %)). Current N = 2082. Average N = 2088.725
2020-07-05 14:41:57,895 - INFO: 230 move(s) completed (102 accepted (44.3478 %)). Current N = 2082. Average N = 2088.696
2020-07-05 14:43:06,108 - INFO: 231 move(s) completed (103 accepted (44.5887 %)). Current N = 2081. Average N = 2088.662
2020-07-05 14:44:14,364 - INFO: 232 move(s) completed (103 accepted (44.3966 %)). Current N = 2081. Average N = 2088.629
2020-07-05 14:45:22,683 - INFO: 233 move(s) completed (104 accepted (44.6352 %)). Current N = 2080. Average N = 2088.592
2020-07-05 14:46:31,126 - INFO: 234 move(s) completed (104 accepted (44.4444 %)). Current N = 2080. Average N = 2088.556
2020-07-05 14:47:39,262 - INFO: 235 move(s) completed (105 accepted (44.6809 %)). Current N = 2079. Average N = 2088.515
2020-07-05 14:48:47,461 - INFO: 236 move(s) completed (106 accepted (44.9153 %)). Current N = 2080. Average N = 2088.479
2020-07-05 14:49:55,838 - INFO: 237 move(s) completed (107 accepted (45.1477 %)). Current N = 2081. Average N = 2088.447
2020-07-05 14:51:03,989 - INFO: 238 move(s) completed (107 accepted (44.9580 %)). Current N = 2081. Average N = 2088.416
2020-07-05 14:52:12,280 - INFO: 239 move(s) completed (107 accepted (44.7699 %)). Current N = 2081. Average N = 2088.385
2020-07-05 14:53:20,586 - INFO: 240 move(s) completed (107 accepted (44.5833 %)). Current N = 2081. Average N = 2088.354
2020-07-05 14:54:28,965 - INFO: 241 move(s) completed (107 accepted (44.3983 %)). Current N = 2081. Average N = 2088.324
2020-07-05 14:55:37,020 - INFO: 242 move(s) completed (108 accepted (44.6281 %)). Current N = 2080. Average N = 2088.289
2020-07-05 14:56:45,234 - INFO: 243 move(s) completed (109 accepted (44.8560 %)). Current N = 2081. Average N = 2088.259
2020-07-05 14:57:53,519 - INFO: 244 move(s) completed (109 accepted (44.6721 %)). Current N = 2081. Average N = 2088.229
2020-07-05 14:59:01,830 - INFO: 245 move(s) completed (109 accepted (44.4898 %)). Current N = 2081. Average N = 2088.200
2020-07-05 15:00:10,049 - INFO: 246 move(s) completed (109 accepted (44.3089 %)). Current N = 2081. Average N = 2088.171
2020-07-05 15:01:18,335 - INFO: 247 move(s) completed (109 accepted (44.1296 %)). Current N = 2081. Average N = 2088.142
2020-07-05 15:02:26,724 - INFO: 248 move(s) completed (109 accepted (43.9516 %)). Current N = 2081. Average N = 2088.113
2020-07-05 15:03:34,823 - INFO: 249 move(s) completed (109 accepted (43.7751 %)). Current N = 2081. Average N = 2088.084
2020-07-05 15:04:43,136 - INFO: 250 move(s) completed (109 accepted (43.6000 %)). Current N = 2081. Average N = 2088.056
2020-07-05 15:05:51,462 - INFO: 251 move(s) completed (109 accepted (43.4263 %)). Current N = 2081. Average N = 2088.028
2020-07-05 15:06:59,797 - INFO: 252 move(s) completed (109 accepted (43.2540 %)). Current N = 2081. Average N = 2088.000
2020-07-05 15:08:07,957 - INFO: 253 move(s) completed (109 accepted (43.0830 %)). Current N = 2081. Average N = 2087.972
2020-07-05 15:09:16,153 - INFO: 254 move(s) completed (109 accepted (42.9134 %)). Current N = 2081. Average N = 2087.945
2020-07-05 15:10:24,419 - INFO: 255 move(s) completed (110 accepted (43.1373 %)). Current N = 2082. Average N = 2087.922
2020-07-05 15:11:32,735 - INFO: 256 move(s) completed (111 accepted (43.3594 %)). Current N = 2081. Average N = 2087.894
2020-07-05 15:12:40,887 - INFO: 257 move(s) completed (112 accepted (43.5798 %)). Current N = 2082. Average N = 2087.872
2020-07-05 15:13:48,924 - INFO: 258 move(s) completed (113 accepted (43.7984 %)). Current N = 2081. Average N = 2087.845
2020-07-05 15:14:57,142 - INFO: 259 move(s) completed (114 accepted (44.0154 %)). Current N = 2080. Average N = 2087.815
2020-07-05 15:16:05,567 - INFO: 260 move(s) completed (114 accepted (43.8462 %)). Current N = 2080. Average N = 2087.785
2020-07-05 15:17:13,715 - INFO: 261 move(s) completed (114 accepted (43.6782 %)). Current N = 2080. Average N = 2087.755
2020-07-05 15:18:21,922 - INFO: 262 move(s) completed (114 accepted (43.5115 %)). Current N = 2080. Average N = 2087.725
2020-07-05 15:19:30,203 - INFO: 263 move(s) completed (115 accepted (43.7262 %)). Current N = 2081. Average N = 2087.700
2020-07-05 15:20:38,326 - INFO: 264 move(s) completed (115 accepted (43.5606 %)). Current N = 2081. Average N = 2087.674
2020-07-05 15:21:46,435 - INFO: 265 move(s) completed (115 accepted (43.3962 %)). Current N = 2081. Average N = 2087.649
2020-07-05 15:22:54,645 - INFO: 266 move(s) completed (116 accepted (43.6090 %)). Current N = 2082. Average N = 2087.628
2020-07-05 15:24:02,833 - INFO: 267 move(s) completed (117 accepted (43.8202 %)). Current N = 2083. Average N = 2087.610
2020-07-05 15:25:10,873 - INFO: 268 move(s) completed (117 accepted (43.6567 %)). Current N = 2083. Average N = 2087.593
2020-07-05 15:26:18,937 - INFO: 269 move(s) completed (118 accepted (43.8662 %)). Current N = 2082. Average N = 2087.573
2020-07-05 15:27:27,111 - INFO: 270 move(s) completed (118 accepted (43.7037 %)). Current N = 2082. Average N = 2087.552
2020-07-05 15:28:35,592 - INFO: 271 move(s) completed (118 accepted (43.5424 %)). Current N = 2082. Average N = 2087.531
2020-07-05 15:29:43,926 - INFO: 272 move(s) completed (118 accepted (43.3824 %)). Current N = 2082. Average N = 2087.511
2020-07-05 15:30:52,109 - INFO: 273 move(s) completed (119 accepted (43.5897 %)). Current N = 2083. Average N = 2087.494
2020-07-05 15:32:00,371 - INFO: 274 move(s) completed (119 accepted (43.4307 %)). Current N = 2083. Average N = 2087.478
2020-07-05 15:33:08,377 - INFO: 275 move(s) completed (119 accepted (43.2727 %)). Current N = 2083. Average N = 2087.462
2020-07-05 15:34:16,405 - INFO: 276 move(s) completed (119 accepted (43.1159 %)). Current N = 2083. Average N = 2087.446
2020-07-05 15:35:24,536 - INFO: 277 move(s) completed (119 accepted (42.9603 %)). Current N = 2083. Average N = 2087.430
2020-07-05 15:36:32,899 - INFO: 278 move(s) completed (119 accepted (42.8058 %)). Current N = 2083. Average N = 2087.414
2020-07-05 15:37:40,926 - INFO: 279 move(s) completed (119 accepted (42.6523 %)). Current N = 2083. Average N = 2087.398
2020-07-05 15:38:48,976 - INFO: 280 move(s) completed (119 accepted (42.5000 %)). Current N = 2083. Average N = 2087.382
2020-07-05 15:39:57,212 - INFO: 281 move(s) completed (120 accepted (42.7046 %)). Current N = 2082. Average N = 2087.363
2020-07-05 15:41:05,498 - INFO: 282 move(s) completed (120 accepted (42.5532 %)). Current N = 2082. Average N = 2087.344
2020-07-05 15:42:13,595 - INFO: 283 move(s) completed (120 accepted (42.4028 %)). Current N = 2082. Average N = 2087.325
2020-07-05 15:43:21,708 - INFO: 284 move(s) completed (120 accepted (42.2535 %)). Current N = 2082. Average N = 2087.306
2020-07-05 15:44:29,899 - INFO: 285 move(s) completed (121 accepted (42.4561 %)). Current N = 2083. Average N = 2087.291
2020-07-05 15:45:37,900 - INFO: 286 move(s) completed (121 accepted (42.3077 %)). Current N = 2083. Average N = 2087.276
2020-07-05 15:46:45,942 - INFO: 287 move(s) completed (121 accepted (42.1603 %)). Current N = 2083. Average N = 2087.261
2020-07-05 15:47:54,122 - INFO: 288 move(s) completed (121 accepted (42.0139 %)). Current N = 2083. Average N = 2087.247
2020-07-05 15:49:02,396 - INFO: 289 move(s) completed (122 accepted (42.2145 %)). Current N = 2082. Average N = 2087.228
2020-07-05 15:50:10,392 - INFO: 290 move(s) completed (122 accepted (42.0690 %)). Current N = 2082. Average N = 2087.210
2020-07-05 15:51:18,423 - INFO: 291 move(s) completed (122 accepted (41.9244 %)). Current N = 2082. Average N = 2087.192
2020-07-05 15:52:26,538 - INFO: 292 move(s) completed (122 accepted (41.7808 %)). Current N = 2082. Average N = 2087.175
2020-07-05 15:53:34,754 - INFO: 293 move(s) completed (123 accepted (41.9795 %)). Current N = 2083. Average N = 2087.160
2020-07-05 15:54:42,724 - INFO: 294 move(s) completed (123 accepted (41.8367 %)). Current N = 2083. Average N = 2087.146
2020-07-05 15:55:50,821 - INFO: 295 move(s) completed (123 accepted (41.6949 %)). Current N = 2083. Average N = 2087.132
2020-07-05 15:56:58,982 - INFO: 296 move(s) completed (124 accepted (41.8919 %)). Current N = 2082. Average N = 2087.115
2020-07-05 15:58:07,328 - INFO: 297 move(s) completed (124 accepted (41.7508 %)). Current N = 2082. Average N = 2087.098
2020-07-05 15:59:15,356 - INFO: 298 move(s) completed (125 accepted (41.9463 %)). Current N = 2083. Average N = 2087.084
2020-07-05 16:00:23,436 - INFO: 299 move(s) completed (125 accepted (41.8060 %)). Current N = 2083. Average N = 2087.070
2020-07-05 16:01:31,685 - INFO: 300 move(s) completed (126 accepted (42.0000 %)). Current N = 2082. Average N = 2087.053
2020-07-05 16:02:39,653 - INFO: 301 move(s) completed (126 accepted (41.8605 %)). Current N = 2082. Average N = 2087.037
2020-07-05 16:03:47,732 - INFO: 302 move(s) completed (127 accepted (42.0530 %)). Current N = 2081. Average N = 2087.017
2020-07-05 16:04:55,917 - INFO: 303 move(s) completed (127 accepted (41.9142 %)). Current N = 2081. Average N = 2086.997
2020-07-05 16:06:04,230 - INFO: 304 move(s) completed (128 accepted (42.1053 %)). Current N = 2080. Average N = 2086.974
2020-07-05 16:07:12,368 - INFO: 305 move(s) completed (129 accepted (42.2951 %)). Current N = 2079. Average N = 2086.948
2020-07-05 16:08:20,604 - INFO: 306 move(s) completed (129 accepted (42.1569 %)). Current N = 2079. Average N = 2086.922
2020-07-05 16:09:29,026 - INFO: 307 move(s) completed (129 accepted (42.0195 %)). Current N = 2079. Average N = 2086.896
2020-07-05 16:10:37,464 - INFO: 308 move(s) completed (130 accepted (42.2078 %)). Current N = 2080. Average N = 2086.873
2020-07-05 16:11:45,608 - INFO: 309 move(s) completed (130 accepted (42.0712 %)). Current N = 2080. Average N = 2086.851
2020-07-05 16:12:53,830 - INFO: 310 move(s) completed (130 accepted (41.9355 %)). Current N = 2080. Average N = 2086.829
2020-07-05 16:14:02,115 - INFO: 311 move(s) completed (130 accepted (41.8006 %)). Current N = 2080. Average N = 2086.807
2020-07-05 16:15:10,211 - INFO: 312 move(s) completed (131 accepted (41.9872 %)). Current N = 2079. Average N = 2086.782
2020-07-05 16:16:18,384 - INFO: 313 move(s) completed (132 accepted (42.1725 %)). Current N = 2080. Average N = 2086.760
2020-07-05 16:17:26,630 - INFO: 314 move(s) completed (132 accepted (42.0382 %)). Current N = 2080. Average N = 2086.739
2020-07-05 16:18:35,090 - INFO: 315 move(s) completed (132 accepted (41.9048 %)). Current N = 2080. Average N = 2086.718
2020-07-05 16:19:43,216 - INFO: 316 move(s) completed (133 accepted (42.0886 %)). Current N = 2081. Average N = 2086.699
2020-07-05 16:20:51,358 - INFO: 317 move(s) completed (133 accepted (41.9558 %)). Current N = 2081. Average N = 2086.681
2020-07-05 16:21:59,797 - INFO: 318 move(s) completed (133 accepted (41.8239 %)). Current N = 2081. Average N = 2086.664
2020-07-05 16:23:08,103 - INFO: 319 move(s) completed (133 accepted (41.6928 %)). Current N = 2081. Average N = 2086.646
2020-07-05 16:24:16,151 - INFO: 320 move(s) completed (134 accepted (41.8750 %)). Current N = 2080. Average N = 2086.625
2020-07-05 16:25:24,378 - INFO: 321 move(s) completed (134 accepted (41.7445 %)). Current N = 2080. Average N = 2086.604
2020-07-05 16:26:32,721 - INFO: 322 move(s) completed (135 accepted (41.9255 %)). Current N = 2081. Average N = 2086.587
2020-07-05 16:27:40,740 - INFO: 323 move(s) completed (136 accepted (42.1053 %)). Current N = 2082. Average N = 2086.573
2020-07-05 16:28:48,715 - INFO: 324 move(s) completed (137 accepted (42.2840 %)). Current N = 2083. Average N = 2086.562
2020-07-05 16:29:56,796 - INFO: 325 move(s) completed (138 accepted (42.4615 %)). Current N = 2084. Average N = 2086.554
2020-07-05 16:31:05,166 - INFO: 326 move(s) completed (139 accepted (42.6380 %)). Current N = 2083. Average N = 2086.543
2020-07-05 16:32:13,095 - INFO: 327 move(s) completed (139 accepted (42.5076 %)). Current N = 2083. Average N = 2086.532
2020-07-05 16:33:21,331 - INFO: 328 move(s) completed (139 accepted (42.3780 %)). Current N = 2083. Average N = 2086.521
2020-07-05 16:34:29,517 - INFO: 329 move(s) completed (140 accepted (42.5532 %)). Current N = 2084. Average N = 2086.514
2020-07-05 16:35:37,836 - INFO: 330 move(s) completed (140 accepted (42.4242 %)). Current N = 2084. Average N = 2086.506
2020-07-05 16:36:45,950 - INFO: 331 move(s) completed (141 accepted (42.5982 %)). Current N = 2083. Average N = 2086.495
2020-07-05 16:37:54,149 - INFO: 332 move(s) completed (141 accepted (42.4699 %)). Current N = 2083. Average N = 2086.485
2020-07-05 16:39:02,324 - INFO: 333 move(s) completed (142 accepted (42.6426 %)). Current N = 2082. Average N = 2086.472
2020-07-05 16:40:10,336 - INFO: 334 move(s) completed (142 accepted (42.5150 %)). Current N = 2082. Average N = 2086.458
2020-07-05 16:41:18,456 - INFO: 335 move(s) completed (142 accepted (42.3881 %)). Current N = 2082. Average N = 2086.445
2020-07-05 16:42:26,652 - INFO: 336 move(s) completed (143 accepted (42.5595 %)). Current N = 2081. Average N = 2086.429
2020-07-05 16:43:34,898 - INFO: 337 move(s) completed (144 accepted (42.7300 %)). Current N = 2082. Average N = 2086.415
2020-07-05 16:44:42,870 - INFO: 338 move(s) completed (144 accepted (42.6036 %)). Current N = 2082. Average N = 2086.402
2020-07-05 16:45:50,995 - INFO: 339 move(s) completed (144 accepted (42.4779 %)). Current N = 2082. Average N = 2086.389
2020-07-05 16:46:59,250 - INFO: 340 move(s) completed (144 accepted (42.3529 %)). Current N = 2082. Average N = 2086.376
2020-07-05 16:48:07,673 - INFO: 341 move(s) completed (145 accepted (42.5220 %)). Current N = 2083. Average N = 2086.367
2020-07-05 16:49:15,729 - INFO: 342 move(s) completed (145 accepted (42.3977 %)). Current N = 2083. Average N = 2086.357
2020-07-05 16:50:23,966 - INFO: 343 move(s) completed (146 accepted (42.5656 %)). Current N = 2082. Average N = 2086.344
2020-07-05 16:51:32,281 - INFO: 344 move(s) completed (147 accepted (42.7326 %)). Current N = 2083. Average N = 2086.334
2020-07-05 16:52:40,617 - INFO: 345 move(s) completed (147 accepted (42.6087 %)). Current N = 2083. Average N = 2086.325
2020-07-05 16:53:48,716 - INFO: 346 move(s) completed (147 accepted (42.4855 %)). Current N = 2083. Average N = 2086.315
2020-07-05 16:54:56,889 - INFO: 347 move(s) completed (147 accepted (42.3631 %)). Current N = 2083. Average N = 2086.305
2020-07-05 16:56:05,116 - INFO: 348 move(s) completed (147 accepted (42.2414 %)). Current N = 2083. Average N = 2086.296
2020-07-05 16:57:13,151 - INFO: 349 move(s) completed (148 accepted (42.4069 %)). Current N = 2082. Average N = 2086.284
2020-07-05 16:58:21,323 - INFO: 350 move(s) completed (148 accepted (42.2857 %)). Current N = 2082. Average N = 2086.271
2020-07-05 16:59:29,582 - INFO: 351 move(s) completed (148 accepted (42.1652 %)). Current N = 2082. Average N = 2086.259
2020-07-05 17:00:37,903 - INFO: 352 move(s) completed (148 accepted (42.0455 %)). Current N = 2082. Average N = 2086.247
2020-07-05 17:01:46,065 - INFO: 353 move(s) completed (148 accepted (41.9263 %)). Current N = 2082. Average N = 2086.235
2020-07-05 17:02:54,210 - INFO: 354 move(s) completed (149 accepted (42.0904 %)). Current N = 2081. Average N = 2086.220
2020-07-05 17:04:02,527 - INFO: 355 move(s) completed (150 accepted (42.2535 %)). Current N = 2080. Average N = 2086.203
2020-07-05 17:05:10,911 - INFO: 356 move(s) completed (151 accepted (42.4157 %)). Current N = 2079. Average N = 2086.183
2020-07-05 17:06:18,965 - INFO: 357 move(s) completed (151 accepted (42.2969 %)). Current N = 2079. Average N = 2086.162
2020-07-05 17:07:27,187 - INFO: 358 move(s) completed (151 accepted (42.1788 %)). Current N = 2079. Average N = 2086.142
2020-07-05 17:08:35,417 - INFO: 359 move(s) completed (151 accepted (42.0613 %)). Current N = 2079. Average N = 2086.123
2020-07-05 17:09:43,483 - INFO: 360 move(s) completed (152 accepted (42.2222 %)). Current N = 2078. Average N = 2086.100
2020-07-05 17:10:51,687 - INFO: 361 move(s) completed (152 accepted (42.1053 %)). Current N = 2078. Average N = 2086.078
2020-07-05 17:11:59,891 - INFO: 362 move(s) completed (153 accepted (42.2652 %)). Current N = 2079. Average N = 2086.058
2020-07-05 17:13:08,253 - INFO: 363 move(s) completed (154 accepted (42.4242 %)). Current N = 2078. Average N = 2086.036
2020-07-05 17:14:16,347 - INFO: 364 move(s) completed (154 accepted (42.3077 %)). Current N = 2078. Average N = 2086.014
2020-07-05 17:15:24,727 - INFO: 365 move(s) completed (154 accepted (42.1918 %)). Current N = 2078. Average N = 2085.992
2020-07-05 17:16:33,155 - INFO: 366 move(s) completed (154 accepted (42.0765 %)). Current N = 2078. Average N = 2085.970
2020-07-05 17:17:41,504 - INFO: 367 move(s) completed (154 accepted (41.9619 %)). Current N = 2078. Average N = 2085.948
2020-07-05 17:18:49,634 - INFO: 368 move(s) completed (155 accepted (42.1196 %)). Current N = 2079. Average N = 2085.929
2020-07-05 17:19:57,875 - INFO: 369 move(s) completed (156 accepted (42.2764 %)). Current N = 2078. Average N = 2085.908
2020-07-05 17:21:06,226 - INFO: 370 move(s) completed (156 accepted (42.1622 %)). Current N = 2078. Average N = 2085.887
2020-07-05 17:22:14,314 - INFO: 371 move(s) completed (156 accepted (42.0485 %)). Current N = 2078. Average N = 2085.865
2020-07-05 17:23:22,509 - INFO: 372 move(s) completed (156 accepted (41.9355 %)). Current N = 2078. Average N = 2085.844
2020-07-05 17:24:30,692 - INFO: 373 move(s) completed (156 accepted (41.8231 %)). Current N = 2078. Average N = 2085.823
2020-07-05 17:25:39,033 - INFO: 374 move(s) completed (156 accepted (41.7112 %)). Current N = 2078. Average N = 2085.802
2020-07-05 17:26:47,141 - INFO: 375 move(s) completed (156 accepted (41.6000 %)). Current N = 2078. Average N = 2085.781
2020-07-05 17:27:55,247 - INFO: 376 move(s) completed (157 accepted (41.7553 %)). Current N = 2079. Average N = 2085.763
2020-07-05 17:29:03,471 - INFO: 377 move(s) completed (157 accepted (41.6446 %)). Current N = 2079. Average N = 2085.745
2020-07-05 17:30:11,889 - INFO: 378 move(s) completed (158 accepted (41.7989 %)). Current N = 2080. Average N = 2085.730
2020-07-05 17:31:20,063 - INFO: 379 move(s) completed (158 accepted (41.6887 %)). Current N = 2080. Average N = 2085.715
2020-07-05 17:32:28,250 - INFO: 380 move(s) completed (158 accepted (41.5789 %)). Current N = 2080. Average N = 2085.700
2020-07-05 17:33:36,524 - INFO: 381 move(s) completed (158 accepted (41.4698 %)). Current N = 2080. Average N = 2085.685
2020-07-05 17:34:45,095 - INFO: 382 move(s) completed (158 accepted (41.3613 %)). Current N = 2080. Average N = 2085.670
2020-07-05 17:35:53,323 - INFO: 383 move(s) completed (158 accepted (41.2533 %)). Current N = 2080. Average N = 2085.655
2020-07-05 17:37:01,587 - INFO: 384 move(s) completed (158 accepted (41.1458 %)). Current N = 2080. Average N = 2085.641
2020-07-05 17:38:10,001 - INFO: 385 move(s) completed (158 accepted (41.0390 %)). Current N = 2080. Average N = 2085.626
2020-07-05 17:39:18,121 - INFO: 386 move(s) completed (159 accepted (41.1917 %)). Current N = 2079. Average N = 2085.609
2020-07-05 17:40:26,311 - INFO: 387 move(s) completed (160 accepted (41.3437 %)). Current N = 2078. Average N = 2085.589
2020-07-05 17:41:34,575 - INFO: 388 move(s) completed (161 accepted (41.4948 %)). Current N = 2077. Average N = 2085.567
2020-07-05 17:42:43,087 - INFO: 389 move(s) completed (162 accepted (41.6452 %)). Current N = 2078. Average N = 2085.548
2020-07-05 17:43:51,383 - INFO: 390 move(s) completed (163 accepted (41.7949 %)). Current N = 2079. Average N = 2085.531
2020-07-05 17:44:59,618 - INFO: 391 move(s) completed (163 accepted (41.6880 %)). Current N = 2079. Average N = 2085.514
2020-07-05 17:46:08,132 - INFO: 392 move(s) completed (163 accepted (41.5816 %)). Current N = 2079. Average N = 2085.497
2020-07-05 17:47:16,593 - INFO: 393 move(s) completed (164 accepted (41.7303 %)). Current N = 2080. Average N = 2085.483
2020-07-05 17:48:24,897 - INFO: 394 move(s) completed (164 accepted (41.6244 %)). Current N = 2080. Average N = 2085.470
2020-07-05 17:49:33,262 - INFO: 395 move(s) completed (164 accepted (41.5190 %)). Current N = 2080. Average N = 2085.456
2020-07-05 17:50:41,739 - INFO: 396 move(s) completed (165 accepted (41.6667 %)). Current N = 2081. Average N = 2085.444
2020-07-05 17:51:49,930 - INFO: 397 move(s) completed (166 accepted (41.8136 %)). Current N = 2080. Average N = 2085.431
2020-07-05 17:52:58,149 - INFO: 398 move(s) completed (166 accepted (41.7085 %)). Current N = 2080. Average N = 2085.417
2020-07-05 17:54:06,482 - INFO: 399 move(s) completed (167 accepted (41.8546 %)). Current N = 2079. Average N = 2085.401
2020-07-05 17:55:14,896 - INFO: 400 move(s) completed (167 accepted (41.7500 %)). Current N = 2079. Average N = 2085.385
2020-07-05 17:56:23,007 - INFO: 401 move(s) completed (167 accepted (41.6459 %)). Current N = 2079. Average N = 2085.369
2020-07-05 17:57:31,201 - INFO: 402 move(s) completed (168 accepted (41.7910 %)). Current N = 2080. Average N = 2085.356
2020-07-05 17:58:39,471 - INFO: 403 move(s) completed (168 accepted (41.6873 %)). Current N = 2080. Average N = 2085.342
2020-07-05 17:59:47,917 - INFO: 404 move(s) completed (168 accepted (41.5842 %)). Current N = 2080. Average N = 2085.329
2020-07-05 18:00:56,146 - INFO: 405 move(s) completed (169 accepted (41.7284 %)). Current N = 2081. Average N = 2085.318
2020-07-05 18:02:04,539 - INFO: 406 move(s) completed (170 accepted (41.8719 %)). Current N = 2082. Average N = 2085.310
2020-07-05 18:03:12,858 - INFO: 407 move(s) completed (171 accepted (42.0147 %)). Current N = 2083. Average N = 2085.305
2020-07-05 18:04:20,944 - INFO: 408 move(s) completed (172 accepted (42.1569 %)). Current N = 2082. Average N = 2085.297
2020-07-05 18:05:29,265 - INFO: 409 move(s) completed (172 accepted (42.0538 %)). Current N = 2082. Average N = 2085.289
2020-07-05 18:06:37,579 - INFO: 410 move(s) completed (173 accepted (42.1951 %)). Current N = 2081. Average N = 2085.278
2020-07-05 18:07:45,982 - INFO: 411 move(s) completed (173 accepted (42.0925 %)). Current N = 2081. Average N = 2085.268
2020-07-05 18:08:54,233 - INFO: 412 move(s) completed (173 accepted (41.9903 %)). Current N = 2081. Average N = 2085.257
2020-07-05 18:10:02,597 - INFO: 413 move(s) completed (174 accepted (42.1308 %)). Current N = 2080. Average N = 2085.245
2020-07-05 18:11:10,975 - INFO: 414 move(s) completed (175 accepted (42.2705 %)). Current N = 2079. Average N = 2085.229
2020-07-05 18:12:19,492 - INFO: 415 move(s) completed (176 accepted (42.4096 %)). Current N = 2080. Average N = 2085.217
2020-07-05 18:13:27,865 - INFO: 416 move(s) completed (176 accepted (42.3077 %)). Current N = 2080. Average N = 2085.204
2020-07-05 18:14:36,269 - INFO: 417 move(s) completed (177 accepted (42.4460 %)). Current N = 2079. Average N = 2085.189
2020-07-05 18:15:44,811 - INFO: 418 move(s) completed (178 accepted (42.5837 %)). Current N = 2080. Average N = 2085.177
2020-07-05 18:16:53,094 - INFO: 419 move(s) completed (179 accepted (42.7208 %)). Current N = 2081. Average N = 2085.167
2020-07-05 18:18:01,433 - INFO: 420 move(s) completed (180 accepted (42.8571 %)). Current N = 2082. Average N = 2085.160
2020-07-05 18:19:09,736 - INFO: 421 move(s) completed (181 accepted (42.9929 %)). Current N = 2081. Average N = 2085.150
2020-07-05 18:20:18,257 - INFO: 422 move(s) completed (182 accepted (43.1280 %)). Current N = 2082. Average N = 2085.142
2020-07-05 18:21:26,442 - INFO: 423 move(s) completed (182 accepted (43.0260 %)). Current N = 2082. Average N = 2085.135
2020-07-05 18:22:34,783 - INFO: 424 move(s) completed (182 accepted (42.9245 %)). Current N = 2082. Average N = 2085.127
2020-07-05 18:23:43,281 - INFO: 425 move(s) completed (182 accepted (42.8235 %)). Current N = 2082. Average N = 2085.120
2020-07-05 18:24:51,776 - INFO: 426 move(s) completed (182 accepted (42.7230 %)). Current N = 2082. Average N = 2085.113
2020-07-05 18:26:00,119 - INFO: 427 move(s) completed (182 accepted (42.6230 %)). Current N = 2082. Average N = 2085.105
2020-07-05 18:27:08,528 - INFO: 428 move(s) completed (182 accepted (42.5234 %)). Current N = 2082. Average N = 2085.098
2020-07-05 18:28:17,014 - INFO: 429 move(s) completed (182 accepted (42.4242 %)). Current N = 2082. Average N = 2085.091
2020-07-05 18:29:25,470 - INFO: 430 move(s) completed (182 accepted (42.3256 %)). Current N = 2082. Average N = 2085.084
2020-07-05 18:30:33,804 - INFO: 431 move(s) completed (182 accepted (42.2274 %)). Current N = 2082. Average N = 2085.077
2020-07-05 18:31:42,143 - INFO: 432 move(s) completed (182 accepted (42.1296 %)). Current N = 2082. Average N = 2085.069
2020-07-05 18:32:50,733 - INFO: 433 move(s) completed (182 accepted (42.0323 %)). Current N = 2082. Average N = 2085.062
2020-07-05 18:33:58,907 - INFO: 434 move(s) completed (183 accepted (42.1659 %)). Current N = 2083. Average N = 2085.058
2020-07-05 18:35:07,158 - INFO: 435 move(s) completed (184 accepted (42.2989 %)). Current N = 2084. Average N = 2085.055
2020-07-05 18:36:15,495 - INFO: 436 move(s) completed (185 accepted (42.4312 %)). Current N = 2083. Average N = 2085.050
2020-07-05 18:37:23,883 - INFO: 437 move(s) completed (186 accepted (42.5629 %)). Current N = 2084. Average N = 2085.048
2020-07-05 18:38:32,167 - INFO: 438 move(s) completed (187 accepted (42.6941 %)). Current N = 2085. Average N = 2085.048
2020-07-05 18:39:40,429 - INFO: 439 move(s) completed (187 accepted (42.5968 %)). Current N = 2085. Average N = 2085.048
2020-07-05 18:40:48,714 - INFO: 440 move(s) completed (188 accepted (42.7273 %)). Current N = 2084. Average N = 2085.046
2020-07-05 18:41:57,160 - INFO: 441 move(s) completed (188 accepted (42.6304 %)). Current N = 2084. Average N = 2085.043
2020-07-05 18:43:05,343 - INFO: 442 move(s) completed (188 accepted (42.5339 %)). Current N = 2084. Average N = 2085.041
2020-07-05 18:44:13,916 - INFO: 443 move(s) completed (188 accepted (42.4379 %)). Current N = 2084. Average N = 2085.038
2020-07-05 18:45:22,446 - INFO: 444 move(s) completed (188 accepted (42.3423 %)). Current N = 2084. Average N = 2085.036
2020-07-05 18:46:30,595 - INFO: 445 move(s) completed (188 accepted (42.2472 %)). Current N = 2084. Average N = 2085.034
2020-07-05 18:47:38,968 - INFO: 446 move(s) completed (189 accepted (42.3767 %)). Current N = 2083. Average N = 2085.029
2020-07-05 18:48:47,229 - INFO: 447 move(s) completed (190 accepted (42.5056 %)). Current N = 2084. Average N = 2085.027
2020-07-05 18:49:55,620 - INFO: 448 move(s) completed (191 accepted (42.6339 %)). Current N = 2085. Average N = 2085.027
2020-07-05 18:51:03,795 - INFO: 449 move(s) completed (192 accepted (42.7617 %)). Current N = 2086. Average N = 2085.029
2020-07-05 18:52:12,063 - INFO: 450 move(s) completed (192 accepted (42.6667 %)). Current N = 2086. Average N = 2085.031
2020-07-05 18:53:20,400 - INFO: 451 move(s) completed (193 accepted (42.7938 %)). Current N = 2085. Average N = 2085.031
2020-07-05 18:54:28,973 - INFO: 452 move(s) completed (194 accepted (42.9204 %)). Current N = 2084. Average N = 2085.029
2020-07-05 18:55:37,214 - INFO: 453 move(s) completed (195 accepted (43.0464 %)). Current N = 2083. Average N = 2085.024
2020-07-05 18:56:45,625 - INFO: 454 move(s) completed (196 accepted (43.1718 %)). Current N = 2082. Average N = 2085.018
2020-07-05 18:57:54,004 - INFO: 455 move(s) completed (197 accepted (43.2967 %)). Current N = 2083. Average N = 2085.013
2020-07-05 18:59:02,156 - INFO: 456 move(s) completed (197 accepted (43.2018 %)). Current N = 2083. Average N = 2085.009
2020-07-05 19:00:10,358 - INFO: 457 move(s) completed (198 accepted (43.3260 %)). Current N = 2082. Average N = 2085.002
2020-07-05 19:01:18,731 - INFO: 458 move(s) completed (199 accepted (43.4498 %)). Current N = 2083. Average N = 2084.998
2020-07-05 19:02:27,373 - INFO: 459 move(s) completed (199 accepted (43.3551 %)). Current N = 2083. Average N = 2084.994
2020-07-05 19:03:35,686 - INFO: 460 move(s) completed (200 accepted (43.4783 %)). Current N = 2082. Average N = 2084.987
2020-07-05 19:04:44,022 - INFO: 461 move(s) completed (200 accepted (43.3839 %)). Current N = 2082. Average N = 2084.981
2020-07-05 19:05:52,484 - INFO: 462 move(s) completed (201 accepted (43.5065 %)). Current N = 2083. Average N = 2084.976
2020-07-05 19:07:00,951 - INFO: 463 move(s) completed (202 accepted (43.6285 %)). Current N = 2082. Average N = 2084.970
2020-07-05 19:08:09,165 - INFO: 464 move(s) completed (203 accepted (43.7500 %)). Current N = 2081. Average N = 2084.961
2020-07-05 19:09:17,523 - INFO: 465 move(s) completed (204 accepted (43.8710 %)). Current N = 2082. Average N = 2084.955
2020-07-05 19:10:25,920 - INFO: 466 move(s) completed (205 accepted (43.9914 %)). Current N = 2083. Average N = 2084.951
2020-07-05 19:11:34,155 - INFO: 467 move(s) completed (206 accepted (44.1113 %)). Current N = 2084. Average N = 2084.949
2020-07-05 19:12:42,380 - INFO: 468 move(s) completed (206 accepted (44.0171 %)). Current N = 2084. Average N = 2084.947
2020-07-05 19:13:50,691 - INFO: 469 move(s) completed (207 accepted (44.1365 %)). Current N = 2085. Average N = 2084.947
2020-07-05 19:14:59,175 - INFO: 470 move(s) completed (208 accepted (44.2553 %)). Current N = 2086. Average N = 2084.949
2020-07-05 19:16:07,256 - INFO: 471 move(s) completed (208 accepted (44.1614 %)). Current N = 2086. Average N = 2084.951
2020-07-05 19:17:15,517 - INFO: 472 move(s) completed (209 accepted (44.2797 %)). Current N = 2085. Average N = 2084.951
2020-07-05 19:18:23,884 - INFO: 473 move(s) completed (210 accepted (44.3975 %)). Current N = 2084. Average N = 2084.949
2020-07-05 19:19:32,456 - INFO: 474 move(s) completed (210 accepted (44.3038 %)). Current N = 2084. Average N = 2084.947
2020-07-05 19:20:40,673 - INFO: 475 move(s) completed (210 accepted (44.2105 %)). Current N = 2084. Average N = 2084.945
2020-07-05 19:21:48,992 - INFO: 476 move(s) completed (211 accepted (44.3277 %)). Current N = 2083. Average N = 2084.941
2020-07-05 19:22:57,471 - INFO: 477 move(s) completed (211 accepted (44.2348 %)). Current N = 2083. Average N = 2084.937
2020-07-05 19:24:05,608 - INFO: 478 move(s) completed (212 accepted (44.3515 %)). Current N = 2082. Average N = 2084.931
2020-07-05 19:25:13,886 - INFO: 479 move(s) completed (213 accepted (44.4676 %)). Current N = 2083. Average N = 2084.927
2020-07-05 19:26:22,323 - INFO: 480 move(s) completed (213 accepted (44.3750 %)). Current N = 2083. Average N = 2084.923
2020-07-05 19:27:30,815 - INFO: 481 move(s) completed (214 accepted (44.4906 %)). Current N = 2084. Average N = 2084.921
2020-07-05 19:28:39,164 - INFO: 482 move(s) completed (214 accepted (44.3983 %)). Current N = 2084. Average N = 2084.919
2020-07-05 19:29:47,537 - INFO: 483 move(s) completed (215 accepted (44.5135 %)). Current N = 2085. Average N = 2084.919
2020-07-05 19:30:55,947 - INFO: 484 move(s) completed (216 accepted (44.6281 %)). Current N = 2084. Average N = 2084.917
2020-07-05 19:32:04,445 - INFO: 485 move(s) completed (216 accepted (44.5361 %)). Current N = 2084. Average N = 2084.916
2020-07-05 19:33:12,765 - INFO: 486 move(s) completed (216 accepted (44.4444 %)). Current N = 2084. Average N = 2084.914
2020-07-05 19:34:21,132 - INFO: 487 move(s) completed (216 accepted (44.3532 %)). Current N = 2084. Average N = 2084.912
2020-07-05 19:35:29,592 - INFO: 488 move(s) completed (217 accepted (44.4672 %)). Current N = 2085. Average N = 2084.912
2020-07-05 19:36:37,891 - INFO: 489 move(s) completed (217 accepted (44.3763 %)). Current N = 2085. Average N = 2084.912
2020-07-05 19:37:46,267 - INFO: 490 move(s) completed (217 accepted (44.2857 %)). Current N = 2085. Average N = 2084.912
2020-07-05 19:38:54,700 - INFO: 491 move(s) completed (217 accepted (44.1955 %)). Current N = 2085. Average N = 2084.912
2020-07-05 19:40:03,295 - INFO: 492 move(s) completed (217 accepted (44.1057 %)). Current N = 2085. Average N = 2084.913
2020-07-05 19:41:11,384 - INFO: 493 move(s) completed (218 accepted (44.2191 %)). Current N = 2086. Average N = 2084.915
2020-07-05 19:42:19,557 - INFO: 494 move(s) completed (219 accepted (44.3320 %)). Current N = 2087. Average N = 2084.919
2020-07-05 19:43:27,995 - INFO: 495 move(s) completed (219 accepted (44.2424 %)). Current N = 2087. Average N = 2084.923
2020-07-05 19:44:36,401 - INFO: 496 move(s) completed (219 accepted (44.1532 %)). Current N = 2087. Average N = 2084.927
2020-07-05 19:45:44,579 - INFO: 497 move(s) completed (219 accepted (44.0644 %)). Current N = 2087. Average N = 2084.932
2020-07-05 19:46:52,842 - INFO: 498 move(s) completed (219 accepted (43.9759 %)). Current N = 2087. Average N = 2084.936
2020-07-05 19:48:01,199 - INFO: 499 move(s) completed (219 accepted (43.8878 %)). Current N = 2087. Average N = 2084.940
2020-07-05 19:49:09,768 - INFO: 500 move(s) completed (220 accepted (44.0000 %)). Current N = 2086. Average N = 2084.942
2020-07-05 19:50:18,000 - INFO: 501 move(s) completed (220 accepted (43.9122 %)). Current N = 2086. Average N = 2084.944
2020-07-05 19:51:26,282 - INFO: 502 move(s) completed (220 accepted (43.8247 %)). Current N = 2086. Average N = 2084.946
2020-07-05 19:52:34,627 - INFO: 503 move(s) completed (220 accepted (43.7376 %)). Current N = 2086. Average N = 2084.948
2020-07-05 19:53:42,731 - INFO: 504 move(s) completed (221 accepted (43.8492 %)). Current N = 2085. Average N = 2084.948
2020-07-05 19:54:50,950 - INFO: 505 move(s) completed (221 accepted (43.7624 %)). Current N = 2085. Average N = 2084.948
2020-07-05 19:55:59,245 - INFO: 506 move(s) completed (222 accepted (43.8735 %)). Current N = 2084. Average N = 2084.947
2020-07-05 19:57:07,606 - INFO: 507 move(s) completed (223 accepted (43.9842 %)). Current N = 2083. Average N = 2084.943
2020-07-05 19:58:15,680 - INFO: 508 move(s) completed (224 accepted (44.0945 %)). Current N = 2082. Average N = 2084.937
2020-07-05 19:59:24,016 - INFO: 509 move(s) completed (225 accepted (44.2043 %)). Current N = 2081. Average N = 2084.929
2020-07-05 20:00:32,318 - INFO: 510 move(s) completed (226 accepted (44.3137 %)). Current N = 2082. Average N = 2084.923
2020-07-05 20:01:40,934 - INFO: 511 move(s) completed (227 accepted (44.4227 %)). Current N = 2083. Average N = 2084.920
2020-07-05 20:02:49,156 - INFO: 512 move(s) completed (228 accepted (44.5312 %)). Current N = 2082. Average N = 2084.914
2020-07-05 20:03:57,563 - INFO: 513 move(s) completed (229 accepted (44.6394 %)). Current N = 2083. Average N = 2084.910
2020-07-05 20:05:06,070 - INFO: 514 move(s) completed (230 accepted (44.7471 %)). Current N = 2084. Average N = 2084.909
2020-07-05 20:06:14,168 - INFO: 515 move(s) completed (230 accepted (44.6602 %)). Current N = 2084. Average N = 2084.907
2020-07-05 20:07:22,352 - INFO: 516 move(s) completed (230 accepted (44.5736 %)). Current N = 2084. Average N = 2084.905
2020-07-05 20:08:30,923 - INFO: 517 move(s) completed (231 accepted (44.6809 %)). Current N = 2083. Average N = 2084.901
2020-07-05 20:09:39,279 - INFO: 518 move(s) completed (231 accepted (44.5946 %)). Current N = 2083. Average N = 2084.898
2020-07-05 20:10:47,428 - INFO: 519 move(s) completed (231 accepted (44.5087 %)). Current N = 2083. Average N = 2084.894
2020-07-05 20:11:55,663 - INFO: 520 move(s) completed (231 accepted (44.4231 %)). Current N = 2083. Average N = 2084.890
2020-07-05 20:13:04,112 - INFO: 521 move(s) completed (231 accepted (44.3378 %)). Current N = 2083. Average N = 2084.887
2020-07-05 20:14:12,648 - INFO: 522 move(s) completed (232 accepted (44.4444 %)). Current N = 2084. Average N = 2084.885
2020-07-05 20:15:20,873 - INFO: 523 move(s) completed (232 accepted (44.3595 %)). Current N = 2084. Average N = 2084.883
2020-07-05 20:16:29,042 - INFO: 524 move(s) completed (232 accepted (44.2748 %)). Current N = 2084. Average N = 2084.882
2020-07-05 20:17:37,387 - INFO: 525 move(s) completed (232 accepted (44.1905 %)). Current N = 2084. Average N = 2084.880
2020-07-05 20:18:45,510 - INFO: 526 move(s) completed (233 accepted (44.2966 %)). Current N = 2083. Average N = 2084.876
2020-07-05 20:19:53,742 - INFO: 527 move(s) completed (234 accepted (44.4023 %)). Current N = 2084. Average N = 2084.875
2020-07-05 20:21:02,081 - INFO: 528 move(s) completed (234 accepted (44.3182 %)). Current N = 2084. Average N = 2084.873
2020-07-05 20:22:10,544 - INFO: 529 move(s) completed (235 accepted (44.4234 %)). Current N = 2085. Average N = 2084.873
2020-07-05 20:23:18,650 - INFO: 530 move(s) completed (235 accepted (44.3396 %)). Current N = 2085. Average N = 2084.874
2020-07-05 20:24:26,879 - INFO: 531 move(s) completed (235 accepted (44.2561 %)). Current N = 2085. Average N = 2084.874
2020-07-05 20:25:35,239 - INFO: 532 move(s) completed (235 accepted (44.1729 %)). Current N = 2085. Average N = 2084.874
2020-07-05 20:26:43,698 - INFO: 533 move(s) completed (236 accepted (44.2777 %)). Current N = 2086. Average N = 2084.876
2020-07-05 20:27:51,780 - INFO: 534 move(s) completed (236 accepted (44.1948 %)). Current N = 2086. Average N = 2084.878
2020-07-05 20:28:59,983 - INFO: 535 move(s) completed (236 accepted (44.1121 %)). Current N = 2086. Average N = 2084.880
2020-07-05 20:30:08,341 - INFO: 536 move(s) completed (237 accepted (44.2164 %)). Current N = 2085. Average N = 2084.881
2020-07-05 20:31:16,692 - INFO: 537 move(s) completed (238 accepted (44.3203 %)). Current N = 2084. Average N = 2084.879
2020-07-05 20:32:24,969 - INFO: 538 move(s) completed (238 accepted (44.2379 %)). Current N = 2084. Average N = 2084.877
2020-07-05 20:33:33,163 - INFO: 539 move(s) completed (238 accepted (44.1558 %)). Current N = 2084. Average N = 2084.876
2020-07-05 20:34:41,542 - INFO: 540 move(s) completed (239 accepted (44.2593 %)). Current N = 2083. Average N = 2084.872
2020-07-05 20:35:49,718 - INFO: 541 move(s) completed (239 accepted (44.1774 %)). Current N = 2083. Average N = 2084.869
2020-07-05 20:36:57,874 - INFO: 542 move(s) completed (239 accepted (44.0959 %)). Current N = 2083. Average N = 2084.865
2020-07-05 20:38:06,212 - INFO: 543 move(s) completed (239 accepted (44.0147 %)). Current N = 2083. Average N = 2084.862
2020-07-05 20:39:14,559 - INFO: 544 move(s) completed (240 accepted (44.1176 %)). Current N = 2082. Average N = 2084.857
2020-07-05 20:40:22,674 - INFO: 545 move(s) completed (241 accepted (44.2202 %)). Current N = 2081. Average N = 2084.849
2020-07-05 20:41:30,926 - INFO: 546 move(s) completed (241 accepted (44.1392 %)). Current N = 2081. Average N = 2084.843
2020-07-05 20:42:39,217 - INFO: 547 move(s) completed (242 accepted (44.2413 %)). Current N = 2082. Average N = 2084.837
2020-07-05 20:43:47,604 - INFO: 548 move(s) completed (242 accepted (44.1606 %)). Current N = 2082. Average N = 2084.832
2020-07-05 20:44:55,816 - INFO: 549 move(s) completed (242 accepted (44.0801 %)). Current N = 2082. Average N = 2084.827
2020-07-05 20:46:04,131 - INFO: 550 move(s) completed (242 accepted (44.0000 %)). Current N = 2082. Average N = 2084.822
2020-07-05 20:47:12,503 - INFO: 551 move(s) completed (243 accepted (44.1016 %)). Current N = 2083. Average N = 2084.818
2020-07-05 20:48:20,693 - INFO: 552 move(s) completed (243 accepted (44.0217 %)). Current N = 2083. Average N = 2084.815
2020-07-05 20:49:28,900 - INFO: 553 move(s) completed (244 accepted (44.1230 %)). Current N = 2084. Average N = 2084.814
2020-07-05 20:50:37,146 - INFO: 554 move(s) completed (244 accepted (44.0433 %)). Current N = 2084. Average N = 2084.812
2020-07-05 20:51:45,460 - INFO: 555 move(s) completed (244 accepted (43.9640 %)). Current N = 2084. Average N = 2084.811
2020-07-05 20:52:53,458 - INFO: 556 move(s) completed (244 accepted (43.8849 %)). Current N = 2084. Average N = 2084.809
2020-07-05 20:54:01,728 - INFO: 557 move(s) completed (244 accepted (43.8061 %)). Current N = 2084. Average N = 2084.808
2020-07-05 20:55:09,950 - INFO: 558 move(s) completed (244 accepted (43.7276 %)). Current N = 2084. Average N = 2084.807
2020-07-05 20:56:18,371 - INFO: 559 move(s) completed (244 accepted (43.6494 %)). Current N = 2084. Average N = 2084.805
2020-07-05 20:57:26,548 - INFO: 560 move(s) completed (245 accepted (43.7500 %)). Current N = 2085. Average N = 2084.805
2020-07-05 20:58:34,703 - INFO: 561 move(s) completed (245 accepted (43.6720 %)). Current N = 2085. Average N = 2084.806
2020-07-05 20:59:42,956 - INFO: 562 move(s) completed (245 accepted (43.5943 %)). Current N = 2085. Average N = 2084.806
2020-07-05 21:00:51,161 - INFO: 563 move(s) completed (245 accepted (43.5169 %)). Current N = 2085. Average N = 2084.806
2020-07-05 21:01:59,389 - INFO: 564 move(s) completed (245 accepted (43.4397 %)). Current N = 2085. Average N = 2084.807
2020-07-05 21:03:07,591 - INFO: 565 move(s) completed (245 accepted (43.3628 %)). Current N = 2085. Average N = 2084.807
2020-07-05 21:04:15,885 - INFO: 566 move(s) completed (246 accepted (43.4629 %)). Current N = 2086. Average N = 2084.809
2020-07-05 21:05:23,862 - INFO: 567 move(s) completed (247 accepted (43.5626 %)). Current N = 2087. Average N = 2084.813
2020-07-05 21:06:31,996 - INFO: 568 move(s) completed (247 accepted (43.4859 %)). Current N = 2087. Average N = 2084.817
2020-07-05 21:07:40,372 - INFO: 569 move(s) completed (248 accepted (43.5852 %)). Current N = 2088. Average N = 2084.823
2020-07-05 21:08:48,674 - INFO: 570 move(s) completed (248 accepted (43.5088 %)). Current N = 2088. Average N = 2084.828
2020-07-05 21:09:56,689 - INFO: 571 move(s) completed (249 accepted (43.6077 %)). Current N = 2089. Average N = 2084.835
2020-07-05 21:11:04,780 - INFO: 572 move(s) completed (249 accepted (43.5315 %)). Current N = 2089. Average N = 2084.843
2020-07-05 21:12:13,075 - INFO: 573 move(s) completed (250 accepted (43.6300 %)). Current N = 2088. Average N = 2084.848
2020-07-05 21:13:21,351 - INFO: 574 move(s) completed (250 accepted (43.5540 %)). Current N = 2088. Average N = 2084.854
2020-07-05 21:14:29,463 - INFO: 575 move(s) completed (250 accepted (43.4783 %)). Current N = 2088. Average N = 2084.859
2020-07-05 21:15:37,585 - INFO: 576 move(s) completed (250 accepted (43.4028 %)). Current N = 2088. Average N = 2084.865
2020-07-05 21:16:45,971 - INFO: 577 move(s) completed (251 accepted (43.5009 %)). Current N = 2089. Average N = 2084.872
2020-07-05 21:17:53,948 - INFO: 578 move(s) completed (252 accepted (43.5986 %)). Current N = 2088. Average N = 2084.877
2020-07-05 21:19:02,016 - INFO: 579 move(s) completed (253 accepted (43.6960 %)). Current N = 2087. Average N = 2084.881
2020-07-05 21:20:10,175 - INFO: 580 move(s) completed (253 accepted (43.6207 %)). Current N = 2087. Average N = 2084.885
2020-07-05 21:21:18,496 - INFO: 581 move(s) completed (254 accepted (43.7177 %)). Current N = 2088. Average N = 2084.890
2020-07-05 21:22:26,467 - INFO: 582 move(s) completed (255 accepted (43.8144 %)). Current N = 2089. Average N = 2084.897
2020-07-05 21:23:34,559 - INFO: 583 move(s) completed (255 accepted (43.7393 %)). Current N = 2089. Average N = 2084.904
2020-07-05 21:24:42,702 - INFO: 584 move(s) completed (256 accepted (43.8356 %)). Current N = 2090. Average N = 2084.913
2020-07-05 21:25:50,866 - INFO: 585 move(s) completed (257 accepted (43.9316 %)). Current N = 2089. Average N = 2084.920
2020-07-05 21:26:58,833 - INFO: 586 move(s) completed (258 accepted (44.0273 %)). Current N = 2088. Average N = 2084.925
2020-07-05 21:28:06,970 - INFO: 587 move(s) completed (258 accepted (43.9523 %)). Current N = 2088. Average N = 2084.930
2020-07-05 21:29:15,194 - INFO: 588 move(s) completed (258 accepted (43.8776 %)). Current N = 2088. Average N = 2084.935
2020-07-05 21:30:23,089 - INFO: 589 move(s) completed (259 accepted (43.9728 %)). Current N = 2087. Average N = 2084.939
2020-07-05 21:31:31,151 - INFO: 590 move(s) completed (259 accepted (43.8983 %)). Current N = 2087. Average N = 2084.942
2020-07-05 21:32:39,423 - INFO: 591 move(s) completed (259 accepted (43.8240 %)). Current N = 2087. Average N = 2084.946
2020-07-05 21:33:47,756 - INFO: 592 move(s) completed (259 accepted (43.7500 %)). Current N = 2087. Average N = 2084.949
2020-07-05 21:34:55,772 - INFO: 593 move(s) completed (259 accepted (43.6762 %)). Current N = 2087. Average N = 2084.953
2020-07-05 21:36:03,896 - INFO: 594 move(s) completed (260 accepted (43.7710 %)). Current N = 2086. Average N = 2084.954
2020-07-05 21:37:12,089 - INFO: 595 move(s) completed (260 accepted (43.6975 %)). Current N = 2086. Average N = 2084.956
2020-07-05 21:38:20,554 - INFO: 596 move(s) completed (261 accepted (43.7919 %)). Current N = 2087. Average N = 2084.960
2020-07-05 21:39:28,622 - INFO: 597 move(s) completed (261 accepted (43.7186 %)). Current N = 2087. Average N = 2084.963
2020-07-05 21:40:36,830 - INFO: 598 move(s) completed (261 accepted (43.6455 %)). Current N = 2087. Average N = 2084.967
2020-07-05 21:41:45,163 - INFO: 599 move(s) completed (261 accepted (43.5726 %)). Current N = 2087. Average N = 2084.970
2020-07-05 21:42:53,191 - INFO: 600 move(s) completed (262 accepted (43.6667 %)). Current N = 2088. Average N = 2084.975
2020-07-05 21:44:01,258 - INFO: 601 move(s) completed (262 accepted (43.5940 %)). Current N = 2088. Average N = 2084.980
2020-07-05 21:45:09,421 - INFO: 602 move(s) completed (262 accepted (43.5216 %)). Current N = 2088. Average N = 2084.985
2020-07-05 21:46:17,748 - INFO: 603 move(s) completed (263 accepted (43.6153 %)). Current N = 2089. Average N = 2084.992
2020-07-05 21:47:25,788 - INFO: 604 move(s) completed (263 accepted (43.5430 %)). Current N = 2089. Average N = 2084.998
2020-07-05 21:48:33,836 - INFO: 605 move(s) completed (263 accepted (43.4711 %)). Current N = 2089. Average N = 2085.005
2020-07-05 21:49:41,990 - INFO: 606 move(s) completed (264 accepted (43.5644 %)). Current N = 2090. Average N = 2085.013
2020-07-05 21:50:50,193 - INFO: 607 move(s) completed (265 accepted (43.6573 %)). Current N = 2089. Average N = 2085.020
2020-07-05 21:51:58,155 - INFO: 608 move(s) completed (265 accepted (43.5855 %)). Current N = 2089. Average N = 2085.026
2020-07-05 21:53:06,228 - INFO: 609 move(s) completed (265 accepted (43.5140 %)). Current N = 2089. Average N = 2085.033
2020-07-05 21:54:14,449 - INFO: 610 move(s) completed (265 accepted (43.4426 %)). Current N = 2089. Average N = 2085.039
2020-07-05 21:55:22,713 - INFO: 611 move(s) completed (266 accepted (43.5352 %)). Current N = 2088. Average N = 2085.044
2020-07-05 21:56:30,790 - INFO: 612 move(s) completed (266 accepted (43.4641 %)). Current N = 2088. Average N = 2085.049
2020-07-05 21:57:38,942 - INFO: 613 move(s) completed (266 accepted (43.3931 %)). Current N = 2088. Average N = 2085.054
2020-07-05 21:58:47,156 - INFO: 614 move(s) completed (266 accepted (43.3225 %)). Current N = 2088. Average N = 2085.059
2020-07-05 21:59:55,271 - INFO: 615 move(s) completed (266 accepted (43.2520 %)). Current N = 2088. Average N = 2085.063
2020-07-05 22:01:03,320 - INFO: 616 move(s) completed (266 accepted (43.1818 %)). Current N = 2088. Average N = 2085.068
2020-07-05 22:02:11,359 - INFO: 617 move(s) completed (267 accepted (43.2739 %)). Current N = 2089. Average N = 2085.075
2020-07-05 22:03:19,622 - INFO: 618 move(s) completed (268 accepted (43.3657 %)). Current N = 2090. Average N = 2085.082
2020-07-05 22:04:27,565 - INFO: 619 move(s) completed (269 accepted (43.4572 %)). Current N = 2089. Average N = 2085.089
2020-07-05 22:05:35,573 - INFO: 620 move(s) completed (269 accepted (43.3871 %)). Current N = 2089. Average N = 2085.095
2020-07-05 22:06:43,701 - INFO: 621 move(s) completed (270 accepted (43.4783 %)). Current N = 2090. Average N = 2085.103
2020-07-05 22:07:51,895 - INFO: 622 move(s) completed (270 accepted (43.4084 %)). Current N = 2090. Average N = 2085.111
2020-07-05 22:08:59,890 - INFO: 623 move(s) completed (271 accepted (43.4992 %)). Current N = 2089. Average N = 2085.117
2020-07-05 22:10:07,945 - INFO: 624 move(s) completed (271 accepted (43.4295 %)). Current N = 2089. Average N = 2085.123
2020-07-05 22:11:16,175 - INFO: 625 move(s) completed (272 accepted (43.5200 %)). Current N = 2088. Average N = 2085.128
2020-07-05 22:12:24,113 - INFO: 626 move(s) completed (272 accepted (43.4505 %)). Current N = 2088. Average N = 2085.133
2020-07-05 22:13:32,171 - INFO: 627 move(s) completed (273 accepted (43.5407 %)). Current N = 2089. Average N = 2085.139
2020-07-05 22:14:40,231 - INFO: 628 move(s) completed (274 accepted (43.6306 %)). Current N = 2090. Average N = 2085.146
2020-07-05 22:15:48,360 - INFO: 629 move(s) completed (275 accepted (43.7202 %)). Current N = 2089. Average N = 2085.153
2020-07-05 22:16:56,336 - INFO: 630 move(s) completed (275 accepted (43.6508 %)). Current N = 2089. Average N = 2085.159
2020-07-05 22:18:04,348 - INFO: 631 move(s) completed (275 accepted (43.5816 %)). Current N = 2089. Average N = 2085.165
2020-07-05 22:19:12,544 - INFO: 632 move(s) completed (275 accepted (43.5127 %)). Current N = 2089. Average N = 2085.171
2020-07-05 22:20:20,774 - INFO: 633 move(s) completed (275 accepted (43.4439 %)). Current N = 2089. Average N = 2085.177
2020-07-05 22:21:28,705 - INFO: 634 move(s) completed (275 accepted (43.3754 %)). Current N = 2089. Average N = 2085.183
