2021-03-25 15:51:56,049 - INFO: kT = 0.5921875708469466 kcal/mol
2021-03-25 15:52:01,658 - INFO: BaseGrandCanonicalMonteCarloSampler object initialised
2021-03-25 15:52:01,659 - INFO: GCMC sphere is based on reference atom IDs: [887, 1837]
2021-03-25 15:52:01,659 - INFO: GCMC sphere radius is 6 A
2021-03-25 15:52:01,659 - INFO: Simulating at an Adams (B) value of -6.888845176169922
2021-03-25 15:52:01,659 - INFO: GCMCSphereSampler object initialised
2021-03-25 15:52:01,659 - INFO: Each NCMC move will be executed over a total of 13.0 ps
2021-03-25 15:52:01,660 - INFO: NonequilibriumGCMCSphereSampler object initialised
2021-03-25 15:52:36,731 - INFO: 1 move(s) completed (0 accepted (0.0000 %)). Current N = 0. Average N = 0.000
2021-03-25 15:52:42,636 - INFO: 2 move(s) completed (0 accepted (0.0000 %)). Current N = 0. Average N = 0.000
2021-03-25 15:52:48,556 - INFO: 3 move(s) completed (0 accepted (0.0000 %)). Current N = 0. Average N = 0.000
2021-03-25 15:52:54,413 - INFO: 4 move(s) completed (0 accepted (0.0000 %)). Current N = 0. Average N = 0.000
2021-03-25 15:53:17,738 - INFO: Move rejected due to water leaving the GCMC sphere
2021-03-25 15:53:21,385 - INFO: 5 move(s) completed (0 accepted (0.0000 %)). Current N = 0. Average N = 0.000
2021-03-25 15:53:27,362 - INFO: 6 move(s) completed (0 accepted (0.0000 %)). Current N = 0. Average N = 0.000
2021-03-25 15:53:33,274 - INFO: 7 move(s) completed (0 accepted (0.0000 %)). Current N = 0. Average N = 0.000
2021-03-25 15:53:56,892 - INFO: Move rejected due to water leaving the GCMC sphere
2021-03-25 15:54:00,581 - INFO: 8 move(s) completed (0 accepted (0.0000 %)). Current N = 0. Average N = 0.000
2021-03-25 15:54:28,101 - INFO: 9 move(s) completed (0 accepted (0.0000 %)). Current N = 0. Average N = 0.000
2021-03-25 15:54:51,983 - INFO: Move rejected due to water leaving the GCMC sphere
2021-03-25 15:54:55,679 - INFO: 10 move(s) completed (0 accepted (0.0000 %)). Current N = 0. Average N = 0.000
2021-03-25 15:55:01,681 - INFO: 11 move(s) completed (0 accepted (0.0000 %)). Current N = 0. Average N = 0.000
2021-03-25 15:55:28,861 - INFO: 12 move(s) completed (1 accepted (8.3333 %)). Current N = 1. Average N = 0.083
2021-03-25 15:55:55,895 - INFO: 13 move(s) completed (1 accepted (7.6923 %)). Current N = 1. Average N = 0.154
2021-03-25 15:56:23,767 - INFO: 14 move(s) completed (2 accepted (14.2857 %)). Current N = 2. Average N = 0.286
2021-03-25 15:56:51,631 - INFO: 15 move(s) completed (2 accepted (13.3333 %)). Current N = 2. Average N = 0.400
2021-03-25 15:57:16,060 - INFO: Move rejected due to water leaving the GCMC sphere
2021-03-25 15:57:19,749 - INFO: 16 move(s) completed (2 accepted (12.5000 %)). Current N = 2. Average N = 0.500
2021-03-25 15:57:43,404 - INFO: Move rejected due to water leaving the GCMC sphere
2021-03-25 15:57:47,106 - INFO: 17 move(s) completed (2 accepted (11.7647 %)). Current N = 2. Average N = 0.588
2021-03-25 15:58:10,841 - INFO: Move rejected due to water leaving the GCMC sphere
2021-03-25 15:58:14,522 - INFO: 18 move(s) completed (2 accepted (11.1111 %)). Current N = 2. Average N = 0.667
2021-03-25 15:58:38,309 - INFO: Move rejected due to water leaving the GCMC sphere
2021-03-25 15:58:42,003 - INFO: 19 move(s) completed (2 accepted (10.5263 %)). Current N = 2. Average N = 0.737
2021-03-25 15:59:06,053 - INFO: Move rejected due to water leaving the GCMC sphere
2021-03-25 15:59:09,739 - INFO: 20 move(s) completed (2 accepted (10.0000 %)). Current N = 2. Average N = 0.800
2021-03-25 15:59:37,424 - INFO: 21 move(s) completed (2 accepted (9.5238 %)). Current N = 2. Average N = 0.857
2021-03-25 16:00:05,060 - INFO: 22 move(s) completed (2 accepted (9.0909 %)). Current N = 2. Average N = 0.909
2021-03-25 16:00:29,228 - INFO: Move rejected due to water leaving the GCMC sphere
2021-03-25 16:00:32,863 - INFO: 23 move(s) completed (2 accepted (8.6957 %)). Current N = 2. Average N = 0.957
2021-03-25 16:00:57,227 - INFO: Move rejected due to water leaving the GCMC sphere
2021-03-25 16:01:00,810 - INFO: 24 move(s) completed (2 accepted (8.3333 %)). Current N = 2. Average N = 1.000
2021-03-25 16:01:28,009 - INFO: 25 move(s) completed (2 accepted (8.0000 %)). Current N = 2. Average N = 1.040
2021-03-25 16:01:56,327 - INFO: 26 move(s) completed (2 accepted (7.6923 %)). Current N = 2. Average N = 1.077
2021-03-25 16:02:23,719 - INFO: 27 move(s) completed (2 accepted (7.4074 %)). Current N = 2. Average N = 1.111
2021-03-25 16:02:47,599 - INFO: Move rejected due to water leaving the GCMC sphere
2021-03-25 16:02:51,282 - INFO: 28 move(s) completed (2 accepted (7.1429 %)). Current N = 2. Average N = 1.143
2021-03-25 16:03:18,913 - INFO: 29 move(s) completed (2 accepted (6.8966 %)). Current N = 2. Average N = 1.172
2021-03-25 16:03:46,502 - INFO: 30 move(s) completed (2 accepted (6.6667 %)). Current N = 2. Average N = 1.200
2021-03-25 16:04:10,445 - INFO: Move rejected due to water leaving the GCMC sphere
2021-03-25 16:04:14,098 - INFO: 31 move(s) completed (2 accepted (6.4516 %)). Current N = 2. Average N = 1.226
2021-03-25 16:04:42,045 - INFO: 32 move(s) completed (2 accepted (6.2500 %)). Current N = 2. Average N = 1.250
2021-03-25 16:05:10,201 - INFO: 33 move(s) completed (2 accepted (6.0606 %)). Current N = 2. Average N = 1.273
2021-03-25 16:05:34,658 - INFO: Move rejected due to water leaving the GCMC sphere
2021-03-25 16:05:38,359 - INFO: 34 move(s) completed (2 accepted (5.8824 %)). Current N = 2. Average N = 1.294
2021-03-25 16:06:02,974 - INFO: Move rejected due to water leaving the GCMC sphere
2021-03-25 16:06:06,747 - INFO: 35 move(s) completed (2 accepted (5.7143 %)). Current N = 2. Average N = 1.314
2021-03-25 16:06:34,126 - INFO: 36 move(s) completed (2 accepted (5.5556 %)). Current N = 2. Average N = 1.333
2021-03-25 16:07:01,596 - INFO: 37 move(s) completed (2 accepted (5.4054 %)). Current N = 2. Average N = 1.351
2021-03-25 16:07:25,220 - INFO: Move rejected due to water leaving the GCMC sphere
2021-03-25 16:07:28,769 - INFO: 38 move(s) completed (2 accepted (5.2632 %)). Current N = 2. Average N = 1.368
2021-03-25 16:07:52,157 - INFO: Move rejected due to water leaving the GCMC sphere
2021-03-25 16:07:55,695 - INFO: 39 move(s) completed (2 accepted (5.1282 %)). Current N = 2. Average N = 1.385
2021-03-25 16:08:22,815 - INFO: 40 move(s) completed (2 accepted (5.0000 %)). Current N = 2. Average N = 1.400
2021-03-25 16:08:50,389 - INFO: 41 move(s) completed (2 accepted (4.8780 %)). Current N = 2. Average N = 1.415
2021-03-25 16:09:14,749 - INFO: Move rejected due to water leaving the GCMC sphere
2021-03-25 16:09:18,363 - INFO: 42 move(s) completed (2 accepted (4.7619 %)). Current N = 2. Average N = 1.429
2021-03-25 16:09:42,808 - INFO: Move rejected due to water leaving the GCMC sphere
2021-03-25 16:09:46,515 - INFO: 43 move(s) completed (2 accepted (4.6512 %)). Current N = 2. Average N = 1.442
2021-03-25 16:10:11,069 - INFO: Move rejected due to water leaving the GCMC sphere
2021-03-25 16:10:14,754 - INFO: 44 move(s) completed (2 accepted (4.5455 %)). Current N = 2. Average N = 1.454
2021-03-25 16:10:38,454 - INFO: Move rejected due to water leaving the GCMC sphere
2021-03-25 16:10:42,151 - INFO: 45 move(s) completed (2 accepted (4.4444 %)). Current N = 2. Average N = 1.467
2021-03-25 16:11:05,874 - INFO: Move rejected due to water leaving the GCMC sphere
2021-03-25 16:11:09,598 - INFO: 46 move(s) completed (2 accepted (4.3478 %)). Current N = 2. Average N = 1.478
2021-03-25 16:11:33,401 - INFO: Move rejected due to water leaving the GCMC sphere
2021-03-25 16:11:37,092 - INFO: 47 move(s) completed (2 accepted (4.2553 %)). Current N = 2. Average N = 1.489
2021-03-25 16:12:01,229 - INFO: Move rejected due to water leaving the GCMC sphere
2021-03-25 16:12:04,797 - INFO: 48 move(s) completed (2 accepted (4.1667 %)). Current N = 2. Average N = 1.500
2021-03-25 16:12:32,143 - INFO: 49 move(s) completed (2 accepted (4.0816 %)). Current N = 2. Average N = 1.510
2021-03-25 16:12:55,510 - INFO: Move rejected due to water leaving the GCMC sphere
2021-03-25 16:12:59,052 - INFO: 50 move(s) completed (2 accepted (4.0000 %)). Current N = 2. Average N = 1.520
2021-03-25 16:13:22,666 - INFO: Move rejected due to water leaving the GCMC sphere
2021-03-25 16:13:26,321 - INFO: 51 move(s) completed (2 accepted (3.9216 %)). Current N = 2. Average N = 1.529
2021-03-25 16:13:50,744 - INFO: Move rejected due to water leaving the GCMC sphere
2021-03-25 16:13:54,445 - INFO: 52 move(s) completed (2 accepted (3.8462 %)). Current N = 2. Average N = 1.538
2021-03-25 16:14:18,936 - INFO: Move rejected due to water leaving the GCMC sphere
2021-03-25 16:14:22,684 - INFO: 53 move(s) completed (2 accepted (3.7736 %)). Current N = 2. Average N = 1.547
2021-03-25 16:14:50,127 - INFO: 54 move(s) completed (2 accepted (3.7037 %)). Current N = 2. Average N = 1.556
2021-03-25 16:15:17,407 - INFO: 55 move(s) completed (2 accepted (3.6364 %)). Current N = 2. Average N = 1.564
2021-03-25 16:15:41,323 - INFO: Move rejected due to water leaving the GCMC sphere
2021-03-25 16:15:45,021 - INFO: 56 move(s) completed (2 accepted (3.5714 %)). Current N = 2. Average N = 1.571
2021-03-25 16:16:12,441 - INFO: 57 move(s) completed (2 accepted (3.5088 %)). Current N = 2. Average N = 1.579
2021-03-25 16:16:36,553 - INFO: Move rejected due to water leaving the GCMC sphere
2021-03-25 16:16:40,128 - INFO: 58 move(s) completed (2 accepted (3.4483 %)). Current N = 2. Average N = 1.586
2021-03-25 16:17:04,094 - INFO: Move rejected due to water leaving the GCMC sphere
2021-03-25 16:17:07,719 - INFO: 59 move(s) completed (2 accepted (3.3898 %)). Current N = 2. Average N = 1.593
2021-03-25 16:17:35,711 - INFO: 60 move(s) completed (2 accepted (3.3333 %)). Current N = 2. Average N = 1.600
2021-03-25 16:18:00,045 - INFO: Move rejected due to water leaving the GCMC sphere
2021-03-25 16:18:03,737 - INFO: 61 move(s) completed (2 accepted (3.2787 %)). Current N = 2. Average N = 1.607
2021-03-25 16:18:31,849 - INFO: 62 move(s) completed (2 accepted (3.2258 %)). Current N = 2. Average N = 1.613
2021-03-25 16:18:55,688 - INFO: Move rejected due to water leaving the GCMC sphere
2021-03-25 16:18:59,432 - INFO: 63 move(s) completed (2 accepted (3.1746 %)). Current N = 2. Average N = 1.619
2021-03-25 16:19:23,263 - INFO: Move rejected due to water leaving the GCMC sphere
2021-03-25 16:19:26,963 - INFO: 64 move(s) completed (2 accepted (3.1250 %)). Current N = 2. Average N = 1.625
2021-03-25 16:19:50,643 - INFO: Move rejected due to water leaving the GCMC sphere
2021-03-25 16:19:54,339 - INFO: 65 move(s) completed (2 accepted (3.0769 %)). Current N = 2. Average N = 1.631
2021-03-25 16:20:21,877 - INFO: 66 move(s) completed (2 accepted (3.0303 %)). Current N = 2. Average N = 1.636
2021-03-25 16:20:49,557 - INFO: 67 move(s) completed (2 accepted (2.9851 %)). Current N = 2. Average N = 1.642
2021-03-25 16:21:13,676 - INFO: Move rejected due to water leaving the GCMC sphere
2021-03-25 16:21:17,315 - INFO: 68 move(s) completed (2 accepted (2.9412 %)). Current N = 2. Average N = 1.647
2021-03-25 16:21:41,660 - INFO: Move rejected due to water leaving the GCMC sphere
2021-03-25 16:21:45,180 - INFO: 69 move(s) completed (2 accepted (2.8986 %)). Current N = 2. Average N = 1.652
2021-03-25 16:22:13,412 - INFO: 70 move(s) completed (2 accepted (2.8571 %)). Current N = 2. Average N = 1.657
2021-03-25 16:22:37,835 - INFO: Move rejected due to water leaving the GCMC sphere
2021-03-25 16:22:41,567 - INFO: 71 move(s) completed (2 accepted (2.8169 %)). Current N = 2. Average N = 1.662
2021-03-25 16:23:05,325 - INFO: Move rejected due to water leaving the GCMC sphere
2021-03-25 16:23:09,015 - INFO: 72 move(s) completed (2 accepted (2.7778 %)). Current N = 2. Average N = 1.667
2021-03-25 16:23:36,375 - INFO: 73 move(s) completed (2 accepted (2.7397 %)). Current N = 2. Average N = 1.671
2021-03-25 16:24:00,293 - INFO: Move rejected due to water leaving the GCMC sphere
2021-03-25 16:24:03,997 - INFO: 74 move(s) completed (2 accepted (2.7027 %)). Current N = 2. Average N = 1.676
2021-03-25 16:24:27,945 - INFO: Move rejected due to water leaving the GCMC sphere
2021-03-25 16:24:31,522 - INFO: 75 move(s) completed (2 accepted (2.6667 %)). Current N = 2. Average N = 1.680
2021-03-25 16:24:55,458 - INFO: Move rejected due to water leaving the GCMC sphere
2021-03-25 16:24:58,981 - INFO: 76 move(s) completed (2 accepted (2.6316 %)). Current N = 2. Average N = 1.684
2021-03-25 16:25:23,101 - INFO: Move rejected due to water leaving the GCMC sphere
2021-03-25 16:25:26,660 - INFO: 77 move(s) completed (2 accepted (2.5974 %)). Current N = 2. Average N = 1.688
2021-03-25 16:25:51,067 - INFO: Move rejected due to water leaving the GCMC sphere
2021-03-25 16:25:54,677 - INFO: 78 move(s) completed (2 accepted (2.5641 %)). Current N = 2. Average N = 1.692
2021-03-25 16:26:19,021 - INFO: Move rejected due to water leaving the GCMC sphere
2021-03-25 16:26:22,733 - INFO: 79 move(s) completed (2 accepted (2.5316 %)). Current N = 2. Average N = 1.696
2021-03-25 16:26:50,901 - INFO: 80 move(s) completed (2 accepted (2.5000 %)). Current N = 2. Average N = 1.700
2021-03-25 16:27:18,349 - INFO: 81 move(s) completed (2 accepted (2.4691 %)). Current N = 2. Average N = 1.704
2021-03-25 16:27:46,145 - INFO: 82 move(s) completed (2 accepted (2.4390 %)). Current N = 2. Average N = 1.707
2021-03-25 16:28:09,617 - INFO: Move rejected due to water leaving the GCMC sphere
2021-03-25 16:28:13,377 - INFO: 83 move(s) completed (2 accepted (2.4096 %)). Current N = 2. Average N = 1.711
2021-03-25 16:28:37,431 - INFO: Move rejected due to water leaving the GCMC sphere
2021-03-25 16:28:41,130 - INFO: 84 move(s) completed (2 accepted (2.3810 %)). Current N = 2. Average N = 1.714
2021-03-25 16:29:05,330 - INFO: Move rejected due to water leaving the GCMC sphere
2021-03-25 16:29:08,870 - INFO: 85 move(s) completed (2 accepted (2.3529 %)). Current N = 2. Average N = 1.718
2021-03-25 16:29:33,090 - INFO: Move rejected due to water leaving the GCMC sphere
2021-03-25 16:29:36,734 - INFO: 86 move(s) completed (2 accepted (2.3256 %)). Current N = 2. Average N = 1.721
2021-03-25 16:30:00,242 - INFO: Move rejected due to water leaving the GCMC sphere
2021-03-25 16:30:03,957 - INFO: 87 move(s) completed (2 accepted (2.2989 %)). Current N = 2. Average N = 1.724
2021-03-25 16:30:31,974 - INFO: 88 move(s) completed (2 accepted (2.2727 %)). Current N = 2. Average N = 1.727
2021-03-25 16:30:56,218 - INFO: Move rejected due to water leaving the GCMC sphere
2021-03-25 16:30:59,895 - INFO: 89 move(s) completed (2 accepted (2.2472 %)). Current N = 2. Average N = 1.730
2021-03-25 16:31:23,589 - INFO: Move rejected due to water leaving the GCMC sphere
2021-03-25 16:31:27,291 - INFO: 90 move(s) completed (2 accepted (2.2222 %)). Current N = 2. Average N = 1.733
2021-03-25 16:31:51,066 - INFO: Move rejected due to water leaving the GCMC sphere
2021-03-25 16:31:54,774 - INFO: 91 move(s) completed (2 accepted (2.1978 %)). Current N = 2. Average N = 1.736
2021-03-25 16:32:18,542 - INFO: Move rejected due to water leaving the GCMC sphere
2021-03-25 16:32:22,243 - INFO: 92 move(s) completed (2 accepted (2.1739 %)). Current N = 2. Average N = 1.739
2021-03-25 16:32:49,812 - INFO: 93 move(s) completed (2 accepted (2.1505 %)). Current N = 2. Average N = 1.742
2021-03-25 16:33:13,792 - INFO: Move rejected due to water leaving the GCMC sphere
2021-03-25 16:33:17,509 - INFO: 94 move(s) completed (2 accepted (2.1277 %)). Current N = 2. Average N = 1.745
2021-03-25 16:33:45,298 - INFO: 95 move(s) completed (2 accepted (2.1053 %)). Current N = 2. Average N = 1.747
2021-03-25 16:34:12,270 - INFO: 96 move(s) completed (2 accepted (2.0833 %)). Current N = 2. Average N = 1.750
2021-03-25 16:34:40,063 - INFO: 97 move(s) completed (2 accepted (2.0619 %)). Current N = 2. Average N = 1.753
2021-03-25 16:35:04,312 - INFO: Move rejected due to water leaving the GCMC sphere
2021-03-25 16:35:07,884 - INFO: 98 move(s) completed (2 accepted (2.0408 %)). Current N = 2. Average N = 1.755
2021-03-25 16:35:35,119 - INFO: 99 move(s) completed (2 accepted (2.0202 %)). Current N = 2. Average N = 1.758
2021-03-25 16:35:59,299 - INFO: Move rejected due to water leaving the GCMC sphere
2021-03-25 16:36:03,021 - INFO: 100 move(s) completed (2 accepted (2.0000 %)). Current N = 2. Average N = 1.760
2021-03-25 16:36:26,841 - INFO: Move rejected due to water leaving the GCMC sphere
2021-03-25 16:36:30,558 - INFO: 101 move(s) completed (2 accepted (1.9802 %)). Current N = 2. Average N = 1.762
2021-03-25 16:36:57,919 - INFO: 102 move(s) completed (2 accepted (1.9608 %)). Current N = 2. Average N = 1.765
2021-03-25 16:37:25,105 - INFO: 103 move(s) completed (2 accepted (1.9417 %)). Current N = 2. Average N = 1.767
2021-03-25 16:37:49,277 - INFO: Move rejected due to water leaving the GCMC sphere
2021-03-25 16:37:52,944 - INFO: 104 move(s) completed (2 accepted (1.9231 %)). Current N = 2. Average N = 1.769
2021-03-25 16:38:20,775 - INFO: 105 move(s) completed (2 accepted (1.9048 %)). Current N = 2. Average N = 1.771
2021-03-25 16:38:44,310 - INFO: Move rejected due to water leaving the GCMC sphere
2021-03-25 16:38:47,886 - INFO: 106 move(s) completed (2 accepted (1.8868 %)). Current N = 2. Average N = 1.774
2021-03-25 16:39:15,788 - INFO: 107 move(s) completed (2 accepted (1.8692 %)). Current N = 2. Average N = 1.776
2021-03-25 16:39:42,973 - INFO: 108 move(s) completed (2 accepted (1.8519 %)). Current N = 2. Average N = 1.778
2021-03-25 16:40:10,213 - INFO: 109 move(s) completed (2 accepted (1.8349 %)). Current N = 2. Average N = 1.780
2021-03-25 16:40:34,079 - INFO: Move rejected due to water leaving the GCMC sphere
2021-03-25 16:40:37,825 - INFO: 110 move(s) completed (2 accepted (1.8182 %)). Current N = 2. Average N = 1.782
2021-03-25 16:41:01,892 - INFO: Move rejected due to water leaving the GCMC sphere
2021-03-25 16:41:05,594 - INFO: 111 move(s) completed (2 accepted (1.8018 %)). Current N = 2. Average N = 1.784
2021-03-25 16:41:29,603 - INFO: Move rejected due to water leaving the GCMC sphere
2021-03-25 16:41:33,309 - INFO: 112 move(s) completed (2 accepted (1.7857 %)). Current N = 2. Average N = 1.786
2021-03-25 16:42:00,892 - INFO: 113 move(s) completed (2 accepted (1.7699 %)). Current N = 2. Average N = 1.788
2021-03-25 16:42:25,142 - INFO: Move rejected due to water leaving the GCMC sphere
2021-03-25 16:42:28,662 - INFO: 114 move(s) completed (2 accepted (1.7544 %)). Current N = 2. Average N = 1.790
2021-03-25 16:42:52,903 - INFO: Move rejected due to water leaving the GCMC sphere
2021-03-25 16:42:56,488 - INFO: 115 move(s) completed (2 accepted (1.7391 %)). Current N = 2. Average N = 1.791
2021-03-25 16:43:24,356 - INFO: 116 move(s) completed (2 accepted (1.7241 %)). Current N = 2. Average N = 1.793
2021-03-25 16:43:48,851 - INFO: Move rejected due to water leaving the GCMC sphere
2021-03-25 16:43:52,509 - INFO: 117 move(s) completed (2 accepted (1.7094 %)). Current N = 2. Average N = 1.795
2021-03-25 16:44:16,159 - INFO: Move rejected due to water leaving the GCMC sphere
2021-03-25 16:44:19,860 - INFO: 118 move(s) completed (2 accepted (1.6949 %)). Current N = 2. Average N = 1.797
2021-03-25 16:44:47,417 - INFO: 119 move(s) completed (2 accepted (1.6807 %)). Current N = 2. Average N = 1.798
2021-03-25 16:45:15,014 - INFO: 120 move(s) completed (2 accepted (1.6667 %)). Current N = 2. Average N = 1.800
2021-03-25 16:45:38,938 - INFO: Move rejected due to water leaving the GCMC sphere
2021-03-25 16:45:42,604 - INFO: 121 move(s) completed (2 accepted (1.6529 %)). Current N = 2. Average N = 1.802
2021-03-25 16:46:06,860 - INFO: Move rejected due to water leaving the GCMC sphere
2021-03-25 16:46:10,463 - INFO: 122 move(s) completed (2 accepted (1.6393 %)). Current N = 2. Average N = 1.803
2021-03-25 16:46:34,707 - INFO: Move rejected due to water leaving the GCMC sphere
2021-03-25 16:46:38,396 - INFO: 123 move(s) completed (2 accepted (1.6260 %)). Current N = 2. Average N = 1.805
2021-03-25 16:47:02,671 - INFO: Move rejected due to water leaving the GCMC sphere
2021-03-25 16:47:06,252 - INFO: 124 move(s) completed (2 accepted (1.6129 %)). Current N = 2. Average N = 1.806
2021-03-25 16:47:30,616 - INFO: Move rejected due to water leaving the GCMC sphere
2021-03-25 16:47:34,305 - INFO: 125 move(s) completed (2 accepted (1.6000 %)). Current N = 2. Average N = 1.808
2021-03-25 16:47:57,924 - INFO: Move rejected due to water leaving the GCMC sphere
2021-03-25 16:48:01,611 - INFO: 126 move(s) completed (2 accepted (1.5873 %)). Current N = 2. Average N = 1.810
2021-03-25 16:48:29,037 - INFO: 127 move(s) completed (2 accepted (1.5748 %)). Current N = 2. Average N = 1.811
2021-03-25 16:48:52,959 - INFO: Move rejected due to water leaving the GCMC sphere
2021-03-25 16:48:56,647 - INFO: 128 move(s) completed (2 accepted (1.5625 %)). Current N = 2. Average N = 1.812
2021-03-25 16:49:24,731 - INFO: 129 move(s) completed (2 accepted (1.5504 %)). Current N = 2. Average N = 1.814
2021-03-25 16:49:48,892 - INFO: Move rejected due to water leaving the GCMC sphere
2021-03-25 16:49:52,499 - INFO: 130 move(s) completed (2 accepted (1.5385 %)). Current N = 2. Average N = 1.815
2021-03-25 16:50:16,588 - INFO: Move rejected due to water leaving the GCMC sphere
2021-03-25 16:50:20,117 - INFO: 131 move(s) completed (2 accepted (1.5267 %)). Current N = 2. Average N = 1.817
2021-03-25 16:50:47,420 - INFO: 132 move(s) completed (2 accepted (1.5152 %)). Current N = 2. Average N = 1.818
2021-03-25 16:51:11,754 - INFO: Move rejected due to water leaving the GCMC sphere
2021-03-25 16:51:15,371 - INFO: 133 move(s) completed (2 accepted (1.5038 %)). Current N = 2. Average N = 1.819
2021-03-25 16:51:39,747 - INFO: Move rejected due to water leaving the GCMC sphere
2021-03-25 16:51:43,255 - INFO: 134 move(s) completed (2 accepted (1.4925 %)). Current N = 2. Average N = 1.821
2021-03-25 16:52:11,418 - INFO: 135 move(s) completed (2 accepted (1.4815 %)). Current N = 2. Average N = 1.822
2021-03-25 16:52:38,808 - INFO: 136 move(s) completed (2 accepted (1.4706 %)). Current N = 2. Average N = 1.823
2021-03-25 16:53:02,675 - INFO: Move rejected due to water leaving the GCMC sphere
2021-03-25 16:53:06,371 - INFO: 137 move(s) completed (2 accepted (1.4599 %)). Current N = 2. Average N = 1.825
2021-03-25 16:53:30,343 - INFO: Move rejected due to water leaving the GCMC sphere
2021-03-25 16:53:34,044 - INFO: 138 move(s) completed (2 accepted (1.4493 %)). Current N = 2. Average N = 1.826
2021-03-25 16:54:01,682 - INFO: 139 move(s) completed (2 accepted (1.4388 %)). Current N = 2. Average N = 1.827
2021-03-25 16:54:25,852 - INFO: Move rejected due to water leaving the GCMC sphere
2021-03-25 16:54:29,540 - INFO: 140 move(s) completed (2 accepted (1.4286 %)). Current N = 2. Average N = 1.829
2021-03-25 16:54:53,724 - INFO: Move rejected due to water leaving the GCMC sphere
2021-03-25 16:54:57,391 - INFO: 141 move(s) completed (2 accepted (1.4184 %)). Current N = 2. Average N = 1.830
2021-03-25 16:55:21,583 - INFO: Move rejected due to water leaving the GCMC sphere
2021-03-25 16:55:25,302 - INFO: 142 move(s) completed (2 accepted (1.4085 %)). Current N = 2. Average N = 1.831
2021-03-25 16:55:49,470 - INFO: Move rejected due to water leaving the GCMC sphere
2021-03-25 16:55:53,058 - INFO: 143 move(s) completed (2 accepted (1.3986 %)). Current N = 2. Average N = 1.832
2021-03-25 16:56:21,042 - INFO: 144 move(s) completed (2 accepted (1.3889 %)). Current N = 2. Average N = 1.833
2021-03-25 16:56:44,753 - INFO: Move rejected due to water leaving the GCMC sphere
2021-03-25 16:56:48,392 - INFO: 145 move(s) completed (2 accepted (1.3793 %)). Current N = 2. Average N = 1.835
2021-03-25 16:57:15,966 - INFO: 146 move(s) completed (2 accepted (1.3699 %)). Current N = 2. Average N = 1.836
2021-03-25 16:57:40,008 - INFO: Move rejected due to water leaving the GCMC sphere
2021-03-25 16:57:43,709 - INFO: 147 move(s) completed (2 accepted (1.3605 %)). Current N = 2. Average N = 1.837
2021-03-25 16:58:07,799 - INFO: Move rejected due to water leaving the GCMC sphere
2021-03-25 16:58:11,512 - INFO: 148 move(s) completed (2 accepted (1.3514 %)). Current N = 2. Average N = 1.838
2021-03-25 16:58:35,620 - INFO: Move rejected due to water leaving the GCMC sphere
2021-03-25 16:58:39,309 - INFO: 149 move(s) completed (2 accepted (1.3423 %)). Current N = 2. Average N = 1.839
2021-03-25 16:59:03,701 - INFO: Move rejected due to water leaving the GCMC sphere
2021-03-25 16:59:07,345 - INFO: 150 move(s) completed (2 accepted (1.3333 %)). Current N = 2. Average N = 1.840
2021-03-25 16:59:35,229 - INFO: 151 move(s) completed (2 accepted (1.3245 %)). Current N = 2. Average N = 1.841
2021-03-25 16:59:59,418 - INFO: Move rejected due to water leaving the GCMC sphere
2021-03-25 17:00:03,007 - INFO: 152 move(s) completed (2 accepted (1.3158 %)). Current N = 2. Average N = 1.842
2021-03-25 17:00:27,107 - INFO: Move rejected due to water leaving the GCMC sphere
2021-03-25 17:00:30,718 - INFO: 153 move(s) completed (2 accepted (1.3072 %)). Current N = 2. Average N = 1.843
2021-03-25 17:00:58,094 - INFO: 154 move(s) completed (2 accepted (1.2987 %)). Current N = 2. Average N = 1.844
2021-03-25 17:01:21,701 - INFO: Move rejected due to water leaving the GCMC sphere
2021-03-25 17:01:25,400 - INFO: 155 move(s) completed (2 accepted (1.2903 %)). Current N = 2. Average N = 1.845
2021-03-25 17:01:49,384 - INFO: Move rejected due to water leaving the GCMC sphere
2021-03-25 17:01:53,096 - INFO: 156 move(s) completed (2 accepted (1.2821 %)). Current N = 2. Average N = 1.846
2021-03-25 17:02:17,116 - INFO: Move rejected due to water leaving the GCMC sphere
2021-03-25 17:02:20,808 - INFO: 157 move(s) completed (2 accepted (1.2739 %)). Current N = 2. Average N = 1.847
2021-03-25 17:02:48,720 - INFO: 158 move(s) completed (2 accepted (1.2658 %)). Current N = 2. Average N = 1.848
2021-03-25 17:03:16,398 - INFO: 159 move(s) completed (2 accepted (1.2579 %)). Current N = 2. Average N = 1.849
2021-03-25 17:03:40,715 - INFO: Move rejected due to water leaving the GCMC sphere
2021-03-25 17:03:44,342 - INFO: 160 move(s) completed (2 accepted (1.2500 %)). Current N = 2. Average N = 1.850
2021-03-25 17:04:12,074 - INFO: 161 move(s) completed (2 accepted (1.2422 %)). Current N = 2. Average N = 1.851
2021-03-25 17:04:35,609 - INFO: Move rejected due to water leaving the GCMC sphere
2021-03-25 17:04:39,200 - INFO: 162 move(s) completed (2 accepted (1.2346 %)). Current N = 2. Average N = 1.852
2021-03-25 17:05:02,844 - INFO: Move rejected due to water leaving the GCMC sphere
2021-03-25 17:05:06,359 - INFO: 163 move(s) completed (2 accepted (1.2270 %)). Current N = 2. Average N = 1.853
2021-03-25 17:05:30,165 - INFO: Move rejected due to water leaving the GCMC sphere
2021-03-25 17:05:33,824 - INFO: 164 move(s) completed (2 accepted (1.2195 %)). Current N = 2. Average N = 1.854
2021-03-25 17:05:57,646 - INFO: Move rejected due to water leaving the GCMC sphere
2021-03-25 17:06:01,331 - INFO: 165 move(s) completed (2 accepted (1.2121 %)). Current N = 2. Average N = 1.855
2021-03-25 17:06:29,078 - INFO: 166 move(s) completed (2 accepted (1.2048 %)). Current N = 2. Average N = 1.855
2021-03-25 17:06:56,948 - INFO: 167 move(s) completed (2 accepted (1.1976 %)). Current N = 2. Average N = 1.856
2021-03-25 17:07:24,813 - INFO: 168 move(s) completed (2 accepted (1.1905 %)). Current N = 2. Average N = 1.857
2021-03-25 17:07:48,497 - INFO: Move rejected due to water leaving the GCMC sphere
2021-03-25 17:07:52,013 - INFO: 169 move(s) completed (2 accepted (1.1834 %)). Current N = 2. Average N = 1.858
2021-03-25 17:08:19,898 - INFO: 170 move(s) completed (2 accepted (1.1765 %)). Current N = 2. Average N = 1.859
2021-03-25 17:08:44,224 - INFO: Move rejected due to water leaving the GCMC sphere
2021-03-25 17:08:47,841 - INFO: 171 move(s) completed (2 accepted (1.1696 %)). Current N = 2. Average N = 1.860
2021-03-25 17:09:11,426 - INFO: Move rejected due to water leaving the GCMC sphere
2021-03-25 17:09:15,027 - INFO: 172 move(s) completed (2 accepted (1.1628 %)). Current N = 2. Average N = 1.861
2021-03-25 17:09:42,366 - INFO: 173 move(s) completed (2 accepted (1.1561 %)). Current N = 2. Average N = 1.861
2021-03-25 17:10:09,852 - INFO: 174 move(s) completed (2 accepted (1.1494 %)). Current N = 2. Average N = 1.862
2021-03-25 17:10:37,596 - INFO: 175 move(s) completed (2 accepted (1.1429 %)). Current N = 2. Average N = 1.863
2021-03-25 17:11:01,802 - INFO: Move rejected due to water leaving the GCMC sphere
2021-03-25 17:11:05,487 - INFO: 176 move(s) completed (2 accepted (1.1364 %)). Current N = 2. Average N = 1.864
2021-03-25 17:11:33,258 - INFO: 177 move(s) completed (2 accepted (1.1299 %)). Current N = 2. Average N = 1.864
2021-03-25 17:11:57,665 - INFO: Move rejected due to water leaving the GCMC sphere
2021-03-25 17:12:01,425 - INFO: 178 move(s) completed (2 accepted (1.1236 %)). Current N = 2. Average N = 1.865
2021-03-25 17:12:25,887 - INFO: Move rejected due to water leaving the GCMC sphere
2021-03-25 17:12:29,538 - INFO: 179 move(s) completed (2 accepted (1.1173 %)). Current N = 2. Average N = 1.866
2021-03-25 17:12:52,831 - INFO: Move rejected due to water leaving the GCMC sphere
2021-03-25 17:12:56,337 - INFO: 180 move(s) completed (2 accepted (1.1111 %)). Current N = 2. Average N = 1.867
2021-03-25 17:13:19,792 - INFO: Move rejected due to water leaving the GCMC sphere
2021-03-25 17:13:23,454 - INFO: 181 move(s) completed (2 accepted (1.1050 %)). Current N = 2. Average N = 1.867
2021-03-25 17:13:47,126 - INFO: Move rejected due to water leaving the GCMC sphere
2021-03-25 17:13:50,769 - INFO: 182 move(s) completed (2 accepted (1.0989 %)). Current N = 2. Average N = 1.868
2021-03-25 17:14:14,586 - INFO: Move rejected due to water leaving the GCMC sphere
2021-03-25 17:14:18,248 - INFO: 183 move(s) completed (2 accepted (1.0929 %)). Current N = 2. Average N = 1.869
2021-03-25 17:14:45,971 - INFO: 184 move(s) completed (2 accepted (1.0870 %)). Current N = 2. Average N = 1.870
2021-03-25 17:15:10,176 - INFO: Move rejected due to water leaving the GCMC sphere
2021-03-25 17:15:13,887 - INFO: 185 move(s) completed (2 accepted (1.0811 %)). Current N = 2. Average N = 1.870
2021-03-25 17:15:37,531 - INFO: Move rejected due to water leaving the GCMC sphere
2021-03-25 17:15:41,258 - INFO: 186 move(s) completed (2 accepted (1.0753 %)). Current N = 2. Average N = 1.871
2021-03-25 17:16:05,563 - INFO: Move rejected due to water leaving the GCMC sphere
2021-03-25 17:16:09,245 - INFO: 187 move(s) completed (2 accepted (1.0695 %)). Current N = 2. Average N = 1.872
2021-03-25 17:16:37,314 - INFO: 188 move(s) completed (2 accepted (1.0638 %)). Current N = 2. Average N = 1.872
2021-03-25 17:17:00,558 - INFO: Move rejected due to water leaving the GCMC sphere
2021-03-25 17:17:04,103 - INFO: 189 move(s) completed (2 accepted (1.0582 %)). Current N = 2. Average N = 1.873
2021-03-25 17:17:27,545 - INFO: Move rejected due to water leaving the GCMC sphere
2021-03-25 17:17:31,200 - INFO: 190 move(s) completed (2 accepted (1.0526 %)). Current N = 2. Average N = 1.874
2021-03-25 17:17:54,930 - INFO: Move rejected due to water leaving the GCMC sphere
2021-03-25 17:17:58,553 - INFO: 191 move(s) completed (2 accepted (1.0471 %)). Current N = 2. Average N = 1.874
2021-03-25 17:18:22,127 - INFO: Move rejected due to water leaving the GCMC sphere
2021-03-25 17:18:25,853 - INFO: 192 move(s) completed (2 accepted (1.0417 %)). Current N = 2. Average N = 1.875
2021-03-25 17:18:49,769 - INFO: Move rejected due to water leaving the GCMC sphere
2021-03-25 17:18:53,469 - INFO: 193 move(s) completed (2 accepted (1.0363 %)). Current N = 2. Average N = 1.876
2021-03-25 17:19:21,294 - INFO: 194 move(s) completed (2 accepted (1.0309 %)). Current N = 2. Average N = 1.876
2021-03-25 17:19:45,525 - INFO: Move rejected due to water leaving the GCMC sphere
2021-03-25 17:19:49,213 - INFO: 195 move(s) completed (2 accepted (1.0256 %)). Current N = 2. Average N = 1.877
2021-03-25 17:20:17,280 - INFO: 196 move(s) completed (2 accepted (1.0204 %)). Current N = 2. Average N = 1.878
2021-03-25 17:20:41,568 - INFO: Move rejected due to water leaving the GCMC sphere
2021-03-25 17:20:45,146 - INFO: 197 move(s) completed (2 accepted (1.0152 %)). Current N = 2. Average N = 1.878
2021-03-25 17:21:09,463 - INFO: Move rejected due to water leaving the GCMC sphere
2021-03-25 17:21:12,974 - INFO: 198 move(s) completed (2 accepted (1.0101 %)). Current N = 2. Average N = 1.879
2021-03-25 17:21:40,106 - INFO: 199 move(s) completed (2 accepted (1.0050 %)). Current N = 2. Average N = 1.879
2021-03-25 17:22:03,823 - INFO: Move rejected due to water leaving the GCMC sphere
2021-03-25 17:22:07,461 - INFO: 200 move(s) completed (2 accepted (1.0000 %)). Current N = 2. Average N = 1.880
2021-03-25 17:22:34,696 - INFO: 201 move(s) completed (2 accepted (0.9950 %)). Current N = 2. Average N = 1.881
2021-03-25 17:22:58,280 - INFO: Move rejected due to water leaving the GCMC sphere
2021-03-25 17:23:01,939 - INFO: 202 move(s) completed (2 accepted (0.9901 %)). Current N = 2. Average N = 1.881
2021-03-25 17:23:26,100 - INFO: Move rejected due to water leaving the GCMC sphere
2021-03-25 17:23:29,803 - INFO: 203 move(s) completed (2 accepted (0.9852 %)). Current N = 2. Average N = 1.882
2021-03-25 17:23:57,248 - INFO: 204 move(s) completed (2 accepted (0.9804 %)). Current N = 2. Average N = 1.882
2021-03-25 17:24:21,661 - INFO: Move rejected due to water leaving the GCMC sphere
2021-03-25 17:24:25,369 - INFO: 205 move(s) completed (2 accepted (0.9756 %)). Current N = 2. Average N = 1.883
2021-03-25 17:24:49,717 - INFO: Move rejected due to water leaving the GCMC sphere
2021-03-25 17:24:53,409 - INFO: 206 move(s) completed (2 accepted (0.9709 %)). Current N = 2. Average N = 1.883
2021-03-25 17:25:17,720 - INFO: Move rejected due to water leaving the GCMC sphere
2021-03-25 17:25:21,278 - INFO: 207 move(s) completed (2 accepted (0.9662 %)). Current N = 2. Average N = 1.884
2021-03-25 17:25:44,851 - INFO: Move rejected due to water leaving the GCMC sphere
2021-03-25 17:25:48,375 - INFO: 208 move(s) completed (2 accepted (0.9615 %)). Current N = 2. Average N = 1.885
2021-03-25 17:26:15,495 - INFO: 209 move(s) completed (2 accepted (0.9569 %)). Current N = 2. Average N = 1.885
2021-03-25 17:26:42,684 - INFO: 210 move(s) completed (2 accepted (0.9524 %)). Current N = 2. Average N = 1.886
2021-03-25 17:27:10,348 - INFO: 211 move(s) completed (2 accepted (0.9479 %)). Current N = 2. Average N = 1.886
2021-03-25 17:27:38,233 - INFO: 212 move(s) completed (2 accepted (0.9434 %)). Current N = 2. Average N = 1.887
2021-03-25 17:28:06,239 - INFO: 213 move(s) completed (2 accepted (0.9390 %)). Current N = 2. Average N = 1.887
2021-03-25 17:28:30,751 - INFO: Move rejected due to water leaving the GCMC sphere
2021-03-25 17:28:34,439 - INFO: 214 move(s) completed (2 accepted (0.9346 %)). Current N = 2. Average N = 1.888
2021-03-25 17:28:58,623 - INFO: Move rejected due to water leaving the GCMC sphere
2021-03-25 17:29:02,304 - INFO: 215 move(s) completed (2 accepted (0.9302 %)). Current N = 2. Average N = 1.888
2021-03-25 17:29:26,912 - INFO: Move rejected due to water leaving the GCMC sphere
2021-03-25 17:29:30,472 - INFO: 216 move(s) completed (2 accepted (0.9259 %)). Current N = 2. Average N = 1.889
2021-03-25 17:29:57,634 - INFO: 217 move(s) completed (2 accepted (0.9217 %)). Current N = 2. Average N = 1.889
2021-03-25 17:30:24,737 - INFO: 218 move(s) completed (2 accepted (0.9174 %)). Current N = 2. Average N = 1.890
2021-03-25 17:30:48,391 - INFO: Move rejected due to water leaving the GCMC sphere
2021-03-25 17:30:51,879 - INFO: 219 move(s) completed (2 accepted (0.9132 %)). Current N = 2. Average N = 1.890
2021-03-25 17:31:19,399 - INFO: 220 move(s) completed (2 accepted (0.9091 %)). Current N = 2. Average N = 1.891
2021-03-25 17:31:43,400 - INFO: Move rejected due to water leaving the GCMC sphere
2021-03-25 17:31:47,032 - INFO: 221 move(s) completed (2 accepted (0.9050 %)). Current N = 2. Average N = 1.891
2021-03-25 17:32:11,266 - INFO: Move rejected due to water leaving the GCMC sphere
2021-03-25 17:32:14,954 - INFO: 222 move(s) completed (2 accepted (0.9009 %)). Current N = 2. Average N = 1.892
2021-03-25 17:32:43,143 - INFO: 223 move(s) completed (2 accepted (0.8969 %)). Current N = 2. Average N = 1.892
2021-03-25 17:33:07,825 - INFO: Move rejected due to water leaving the GCMC sphere
2021-03-25 17:33:11,509 - INFO: 224 move(s) completed (2 accepted (0.8929 %)). Current N = 2. Average N = 1.893
2021-03-25 17:33:35,868 - INFO: Move rejected due to water leaving the GCMC sphere
2021-03-25 17:33:39,580 - INFO: 225 move(s) completed (2 accepted (0.8889 %)). Current N = 2. Average N = 1.893
2021-03-25 17:34:06,805 - INFO: 226 move(s) completed (2 accepted (0.8850 %)). Current N = 2. Average N = 1.894
2021-03-25 17:34:30,400 - INFO: Move rejected due to water leaving the GCMC sphere
2021-03-25 17:34:33,923 - INFO: 227 move(s) completed (2 accepted (0.8811 %)). Current N = 2. Average N = 1.894
2021-03-25 17:35:01,422 - INFO: 228 move(s) completed (2 accepted (0.8772 %)). Current N = 2. Average N = 1.895
2021-03-25 17:35:25,181 - INFO: Move rejected due to water leaving the GCMC sphere
2021-03-25 17:35:28,671 - INFO: 229 move(s) completed (2 accepted (0.8734 %)). Current N = 2. Average N = 1.895
2021-03-25 17:35:56,223 - INFO: 230 move(s) completed (2 accepted (0.8696 %)). Current N = 2. Average N = 1.896
2021-03-25 17:36:20,545 - INFO: Move rejected due to water leaving the GCMC sphere
2021-03-25 17:36:24,189 - INFO: 231 move(s) completed (2 accepted (0.8658 %)). Current N = 2. Average N = 1.896
2021-03-25 17:36:48,558 - INFO: Move rejected due to water leaving the GCMC sphere
2021-03-25 17:36:52,305 - INFO: 232 move(s) completed (2 accepted (0.8621 %)). Current N = 2. Average N = 1.897
2021-03-25 17:37:20,663 - INFO: 233 move(s) completed (2 accepted (0.8584 %)). Current N = 2. Average N = 1.897
2021-03-25 17:37:47,945 - INFO: 234 move(s) completed (2 accepted (0.8547 %)). Current N = 2. Average N = 1.897
2021-03-25 17:38:11,590 - INFO: Move rejected due to water leaving the GCMC sphere
2021-03-25 17:38:15,273 - INFO: 235 move(s) completed (2 accepted (0.8511 %)). Current N = 2. Average N = 1.898
2021-03-25 17:38:39,003 - INFO: Move rejected due to water leaving the GCMC sphere
2021-03-25 17:38:42,602 - INFO: 236 move(s) completed (2 accepted (0.8475 %)). Current N = 2. Average N = 1.898
2021-03-25 17:39:06,282 - INFO: Move rejected due to water leaving the GCMC sphere
2021-03-25 17:39:09,669 - INFO: 237 move(s) completed (2 accepted (0.8439 %)). Current N = 2. Average N = 1.899
2021-03-25 17:39:37,277 - INFO: 238 move(s) completed (2 accepted (0.8403 %)). Current N = 2. Average N = 1.899
2021-03-25 17:40:04,648 - INFO: 239 move(s) completed (2 accepted (0.8368 %)). Current N = 2. Average N = 1.900
2021-03-25 17:40:32,349 - INFO: 240 move(s) completed (2 accepted (0.8333 %)). Current N = 2. Average N = 1.900
2021-03-25 17:41:00,157 - INFO: 241 move(s) completed (2 accepted (0.8299 %)). Current N = 2. Average N = 1.900
2021-03-25 17:41:24,559 - INFO: Move rejected due to water leaving the GCMC sphere
2021-03-25 17:41:28,350 - INFO: 242 move(s) completed (2 accepted (0.8264 %)). Current N = 2. Average N = 1.901
2021-03-25 17:41:52,915 - INFO: Move rejected due to water leaving the GCMC sphere
2021-03-25 17:41:56,619 - INFO: 243 move(s) completed (2 accepted (0.8230 %)). Current N = 2. Average N = 1.901
2021-03-25 17:42:21,164 - INFO: Move rejected due to water leaving the GCMC sphere
2021-03-25 17:42:24,973 - INFO: 244 move(s) completed (2 accepted (0.8197 %)). Current N = 2. Average N = 1.902
2021-03-25 17:42:48,598 - INFO: Move rejected due to water leaving the GCMC sphere
2021-03-25 17:42:52,248 - INFO: 245 move(s) completed (2 accepted (0.8163 %)). Current N = 2. Average N = 1.902
2021-03-25 17:43:16,172 - INFO: Move rejected due to water leaving the GCMC sphere
2021-03-25 17:43:19,692 - INFO: 246 move(s) completed (2 accepted (0.8130 %)). Current N = 2. Average N = 1.902
2021-03-25 17:43:47,027 - INFO: 247 move(s) completed (2 accepted (0.8097 %)). Current N = 2. Average N = 1.903
2021-03-25 17:44:13,951 - INFO: 248 move(s) completed (2 accepted (0.8065 %)). Current N = 2. Average N = 1.903
2021-03-25 17:44:37,622 - INFO: Move rejected due to water leaving the GCMC sphere
2021-03-25 17:44:41,025 - INFO: 249 move(s) completed (2 accepted (0.8032 %)). Current N = 2. Average N = 1.904
2021-03-25 17:45:08,111 - INFO: 250 move(s) completed (2 accepted (0.8000 %)). Current N = 2. Average N = 1.904
2021-03-25 17:45:35,178 - INFO: 251 move(s) completed (2 accepted (0.7968 %)). Current N = 2. Average N = 1.904
2021-03-25 17:45:58,791 - INFO: Move rejected due to water leaving the GCMC sphere
2021-03-25 17:46:02,093 - INFO: 252 move(s) completed (2 accepted (0.7937 %)). Current N = 2. Average N = 1.905
2021-03-25 17:46:26,207 - INFO: Move rejected due to water leaving the GCMC sphere
2021-03-25 17:46:29,515 - INFO: 253 move(s) completed (2 accepted (0.7905 %)). Current N = 2. Average N = 1.905
2021-03-25 17:46:55,790 - INFO: 254 move(s) completed (2 accepted (0.7874 %)). Current N = 2. Average N = 1.905
2021-03-25 17:47:18,922 - INFO: Move rejected due to water leaving the GCMC sphere
2021-03-25 17:47:22,208 - INFO: 255 move(s) completed (2 accepted (0.7843 %)). Current N = 2. Average N = 1.906
2021-03-25 17:47:45,399 - INFO: Move rejected due to water leaving the GCMC sphere
2021-03-25 17:47:48,691 - INFO: 256 move(s) completed (2 accepted (0.7812 %)). Current N = 2. Average N = 1.906
2021-03-25 17:48:11,976 - INFO: Move rejected due to water leaving the GCMC sphere
2021-03-25 17:48:15,313 - INFO: 257 move(s) completed (2 accepted (0.7782 %)). Current N = 2. Average N = 1.907
2021-03-25 17:48:41,969 - INFO: 258 move(s) completed (2 accepted (0.7752 %)). Current N = 2. Average N = 1.907
2021-03-25 17:49:05,784 - INFO: Move rejected due to water leaving the GCMC sphere
2021-03-25 17:49:09,309 - INFO: 259 move(s) completed (2 accepted (0.7722 %)). Current N = 2. Average N = 1.907
2021-03-25 17:49:36,303 - INFO: 260 move(s) completed (2 accepted (0.7692 %)). Current N = 2. Average N = 1.908
2021-03-25 17:49:59,792 - INFO: Move rejected due to water leaving the GCMC sphere
2021-03-25 17:50:03,139 - INFO: 261 move(s) completed (2 accepted (0.7663 %)). Current N = 2. Average N = 1.908
2021-03-25 17:50:26,947 - INFO: Move rejected due to water leaving the GCMC sphere
2021-03-25 17:50:30,457 - INFO: 262 move(s) completed (2 accepted (0.7634 %)). Current N = 2. Average N = 1.908
2021-03-25 17:50:56,730 - INFO: 263 move(s) completed (2 accepted (0.7605 %)). Current N = 2. Average N = 1.909
2021-03-25 17:51:23,152 - INFO: 264 move(s) completed (2 accepted (0.7576 %)). Current N = 2. Average N = 1.909
2021-03-25 17:51:46,497 - INFO: Move rejected due to water leaving the GCMC sphere
2021-03-25 17:51:50,070 - INFO: 265 move(s) completed (2 accepted (0.7547 %)). Current N = 2. Average N = 1.909
2021-03-25 17:52:17,632 - INFO: 266 move(s) completed (2 accepted (0.7519 %)). Current N = 2. Average N = 1.910
