2021-03-25 01:29:37,971 - INFO: kT = 0.5921875708469466 kcal/mol
2021-03-25 01:29:43,129 - INFO: BaseGrandCanonicalMonteCarloSampler object initialised
2021-03-25 01:29:43,129 - INFO: GCMC sphere is based on reference atom IDs: [887, 1837]
2021-03-25 01:29:43,129 - INFO: GCMC sphere radius is 6 A
2021-03-25 01:29:43,129 - INFO: Simulating at an Adams (B) value of -6.888845176169922
2021-03-25 01:29:43,130 - INFO: GCMCSphereSampler object initialised
2021-03-25 01:29:43,130 - INFO: Each NCMC move will be executed over a total of 5.0 ps
2021-03-25 01:29:43,130 - INFO: NonequilibriumGCMCSphereSampler object initialised
2021-03-25 01:29:56,021 - INFO: 1 move(s) completed (0 accepted (0.0000 %)). Current N = 0. Average N = 0.000
2021-03-25 01:30:11,426 - INFO: Move rejected due to water leaving the GCMC sphere
2021-03-25 01:30:15,000 - INFO: 2 move(s) completed (0 accepted (0.0000 %)). Current N = 0. Average N = 0.000
2021-03-25 01:30:20,826 - INFO: 3 move(s) completed (0 accepted (0.0000 %)). Current N = 0. Average N = 0.000
2021-03-25 01:30:36,064 - INFO: Move rejected due to water leaving the GCMC sphere
2021-03-25 01:30:39,591 - INFO: 4 move(s) completed (0 accepted (0.0000 %)). Current N = 0. Average N = 0.000
2021-03-25 01:30:58,466 - INFO: 5 move(s) completed (0 accepted (0.0000 %)). Current N = 0. Average N = 0.000
2021-03-25 01:31:17,735 - INFO: 6 move(s) completed (1 accepted (16.6667 %)). Current N = 1. Average N = 0.167
2021-03-25 01:31:33,085 - INFO: Move rejected due to water leaving the GCMC sphere
2021-03-25 01:31:36,502 - INFO: 7 move(s) completed (1 accepted (14.2857 %)). Current N = 1. Average N = 0.286
2021-03-25 01:31:54,787 - INFO: 8 move(s) completed (1 accepted (12.5000 %)). Current N = 1. Average N = 0.375
2021-03-25 01:32:13,045 - INFO: 9 move(s) completed (1 accepted (11.1111 %)). Current N = 1. Average N = 0.444
2021-03-25 01:32:31,330 - INFO: 10 move(s) completed (1 accepted (10.0000 %)). Current N = 1. Average N = 0.500
2021-03-25 01:32:45,948 - INFO: Move rejected due to water leaving the GCMC sphere
2021-03-25 01:32:49,586 - INFO: 11 move(s) completed (1 accepted (9.0909 %)). Current N = 1. Average N = 0.545
2021-03-25 01:33:07,657 - INFO: 12 move(s) completed (1 accepted (8.3333 %)). Current N = 1. Average N = 0.583
2021-03-25 01:33:26,178 - INFO: 13 move(s) completed (1 accepted (7.6923 %)). Current N = 1. Average N = 0.615
2021-03-25 01:33:41,095 - INFO: Move rejected due to water leaving the GCMC sphere
2021-03-25 01:33:44,577 - INFO: 14 move(s) completed (1 accepted (7.1429 %)). Current N = 1. Average N = 0.643
2021-03-25 01:33:59,607 - INFO: Move rejected due to water leaving the GCMC sphere
2021-03-25 01:34:03,171 - INFO: 15 move(s) completed (1 accepted (6.6667 %)). Current N = 1. Average N = 0.667
2021-03-25 01:34:18,158 - INFO: Move rejected due to water leaving the GCMC sphere
2021-03-25 01:34:21,826 - INFO: 16 move(s) completed (1 accepted (6.2500 %)). Current N = 1. Average N = 0.688
2021-03-25 01:34:36,685 - INFO: Move rejected due to water leaving the GCMC sphere
2021-03-25 01:34:40,268 - INFO: 17 move(s) completed (1 accepted (5.8824 %)). Current N = 1. Average N = 0.706
2021-03-25 01:34:55,341 - INFO: Move rejected due to water leaving the GCMC sphere
2021-03-25 01:34:58,902 - INFO: 18 move(s) completed (1 accepted (5.5556 %)). Current N = 1. Average N = 0.722
2021-03-25 01:35:13,847 - INFO: Move rejected due to water leaving the GCMC sphere
2021-03-25 01:35:17,570 - INFO: 19 move(s) completed (1 accepted (5.2632 %)). Current N = 1. Average N = 0.737
2021-03-25 01:35:36,304 - INFO: 20 move(s) completed (1 accepted (5.0000 %)). Current N = 1. Average N = 0.750
2021-03-25 01:35:55,031 - INFO: 21 move(s) completed (1 accepted (4.7619 %)). Current N = 1. Average N = 0.762
2021-03-25 01:36:10,227 - INFO: Move rejected due to water leaving the GCMC sphere
2021-03-25 01:36:13,914 - INFO: 22 move(s) completed (1 accepted (4.5455 %)). Current N = 1. Average N = 0.773
2021-03-25 01:36:32,710 - INFO: 23 move(s) completed (1 accepted (4.3478 %)). Current N = 1. Average N = 0.783
2021-03-25 01:36:48,032 - INFO: Move rejected due to water leaving the GCMC sphere
2021-03-25 01:36:51,737 - INFO: 24 move(s) completed (1 accepted (4.1667 %)). Current N = 1. Average N = 0.792
2021-03-25 01:37:10,755 - INFO: 25 move(s) completed (1 accepted (4.0000 %)). Current N = 1. Average N = 0.800
2021-03-25 01:37:28,769 - INFO: 26 move(s) completed (1 accepted (3.8462 %)). Current N = 1. Average N = 0.808
2021-03-25 01:37:47,942 - INFO: 27 move(s) completed (1 accepted (3.7037 %)). Current N = 1. Average N = 0.815
2021-03-25 01:38:06,941 - INFO: 28 move(s) completed (1 accepted (3.5714 %)). Current N = 1. Average N = 0.821
2021-03-25 01:38:25,086 - INFO: 29 move(s) completed (1 accepted (3.4483 %)). Current N = 1. Average N = 0.828
2021-03-25 01:38:43,294 - INFO: 30 move(s) completed (1 accepted (3.3333 %)). Current N = 1. Average N = 0.833
2021-03-25 01:38:58,006 - INFO: Move rejected due to water leaving the GCMC sphere
2021-03-25 01:39:01,674 - INFO: 31 move(s) completed (1 accepted (3.2258 %)). Current N = 1. Average N = 0.839
2021-03-25 01:39:16,188 - INFO: Move rejected due to water leaving the GCMC sphere
2021-03-25 01:39:19,739 - INFO: 32 move(s) completed (1 accepted (3.1250 %)). Current N = 1. Average N = 0.844
2021-03-25 01:39:38,048 - INFO: 33 move(s) completed (1 accepted (3.0303 %)). Current N = 1. Average N = 0.849
2021-03-25 01:39:56,690 - INFO: 34 move(s) completed (1 accepted (2.9412 %)). Current N = 1. Average N = 0.853
2021-03-25 01:40:15,094 - INFO: 35 move(s) completed (1 accepted (2.8571 %)). Current N = 1. Average N = 0.857
2021-03-25 01:40:33,216 - INFO: 36 move(s) completed (1 accepted (2.7778 %)). Current N = 1. Average N = 0.861
2021-03-25 01:40:47,705 - INFO: Move rejected due to water leaving the GCMC sphere
2021-03-25 01:40:51,270 - INFO: 37 move(s) completed (1 accepted (2.7027 %)). Current N = 1. Average N = 0.865
2021-03-25 01:41:09,505 - INFO: 38 move(s) completed (1 accepted (2.6316 %)). Current N = 1. Average N = 0.868
2021-03-25 01:41:28,056 - INFO: 39 move(s) completed (1 accepted (2.5641 %)). Current N = 1. Average N = 0.872
2021-03-25 01:41:43,143 - INFO: Move rejected due to water leaving the GCMC sphere
2021-03-25 01:41:46,752 - INFO: 40 move(s) completed (1 accepted (2.5000 %)). Current N = 1. Average N = 0.875
2021-03-25 01:42:01,887 - INFO: Move rejected due to water leaving the GCMC sphere
2021-03-25 01:42:05,615 - INFO: 41 move(s) completed (1 accepted (2.4390 %)). Current N = 1. Average N = 0.878
2021-03-25 01:42:24,215 - INFO: 42 move(s) completed (1 accepted (2.3810 %)). Current N = 1. Average N = 0.881
2021-03-25 01:42:38,870 - INFO: Move rejected due to water leaving the GCMC sphere
2021-03-25 01:42:42,411 - INFO: 43 move(s) completed (1 accepted (2.3256 %)). Current N = 1. Average N = 0.884
2021-03-25 01:42:57,705 - INFO: Move rejected due to water leaving the GCMC sphere
2021-03-25 01:43:01,270 - INFO: 44 move(s) completed (1 accepted (2.2727 %)). Current N = 1. Average N = 0.886
2021-03-25 01:43:20,106 - INFO: 45 move(s) completed (1 accepted (2.2222 %)). Current N = 1. Average N = 0.889
2021-03-25 01:43:34,643 - INFO: Move rejected due to water leaving the GCMC sphere
2021-03-25 01:43:38,322 - INFO: 46 move(s) completed (1 accepted (2.1739 %)). Current N = 1. Average N = 0.891
2021-03-25 01:43:56,373 - INFO: 47 move(s) completed (1 accepted (2.1277 %)). Current N = 1. Average N = 0.894
2021-03-25 01:44:11,873 - INFO: Move rejected due to water leaving the GCMC sphere
2021-03-25 01:44:15,460 - INFO: 48 move(s) completed (1 accepted (2.0833 %)). Current N = 1. Average N = 0.896
2021-03-25 01:44:34,505 - INFO: 49 move(s) completed (1 accepted (2.0408 %)). Current N = 1. Average N = 0.898
2021-03-25 01:44:52,760 - INFO: 50 move(s) completed (1 accepted (2.0000 %)). Current N = 1. Average N = 0.900
2021-03-25 01:45:10,858 - INFO: 51 move(s) completed (1 accepted (1.9608 %)). Current N = 1. Average N = 0.902
2021-03-25 01:45:29,206 - INFO: 52 move(s) completed (1 accepted (1.9231 %)). Current N = 1. Average N = 0.904
2021-03-25 01:45:47,575 - INFO: 53 move(s) completed (1 accepted (1.8868 %)). Current N = 1. Average N = 0.906
2021-03-25 01:46:05,997 - INFO: 54 move(s) completed (1 accepted (1.8519 %)). Current N = 1. Average N = 0.907
2021-03-25 01:46:24,173 - INFO: 55 move(s) completed (1 accepted (1.8182 %)). Current N = 1. Average N = 0.909
2021-03-25 01:46:42,364 - INFO: 56 move(s) completed (1 accepted (1.7857 %)). Current N = 1. Average N = 0.911
2021-03-25 01:46:57,094 - INFO: Move rejected due to water leaving the GCMC sphere
2021-03-25 01:47:00,675 - INFO: 57 move(s) completed (1 accepted (1.7544 %)). Current N = 1. Average N = 0.912
2021-03-25 01:47:19,236 - INFO: 58 move(s) completed (1 accepted (1.7241 %)). Current N = 1. Average N = 0.914
2021-03-25 01:47:37,625 - INFO: 59 move(s) completed (1 accepted (1.6949 %)). Current N = 1. Average N = 0.915
2021-03-25 01:47:55,861 - INFO: 60 move(s) completed (1 accepted (1.6667 %)). Current N = 1. Average N = 0.917
2021-03-25 01:48:10,966 - INFO: Move rejected due to water leaving the GCMC sphere
2021-03-25 01:48:14,473 - INFO: 61 move(s) completed (1 accepted (1.6393 %)). Current N = 1. Average N = 0.918
2021-03-25 01:48:29,456 - INFO: Move rejected due to water leaving the GCMC sphere
2021-03-25 01:48:32,979 - INFO: 62 move(s) completed (1 accepted (1.6129 %)). Current N = 1. Average N = 0.919
2021-03-25 01:48:51,947 - INFO: 63 move(s) completed (1 accepted (1.5873 %)). Current N = 1. Average N = 0.921
2021-03-25 01:49:06,704 - INFO: Move rejected due to water leaving the GCMC sphere
2021-03-25 01:49:10,279 - INFO: 64 move(s) completed (1 accepted (1.5625 %)). Current N = 1. Average N = 0.922
2021-03-25 01:49:29,097 - INFO: 65 move(s) completed (1 accepted (1.5385 %)). Current N = 1. Average N = 0.923
2021-03-25 01:49:44,434 - INFO: Move rejected due to water leaving the GCMC sphere
2021-03-25 01:49:47,890 - INFO: 66 move(s) completed (1 accepted (1.5152 %)). Current N = 1. Average N = 0.924
2021-03-25 01:50:06,972 - INFO: 67 move(s) completed (1 accepted (1.4925 %)). Current N = 1. Average N = 0.925
2021-03-25 01:50:25,935 - INFO: 68 move(s) completed (1 accepted (1.4706 %)). Current N = 1. Average N = 0.926
2021-03-25 01:50:45,018 - INFO: 69 move(s) completed (1 accepted (1.4493 %)). Current N = 1. Average N = 0.927
2021-03-25 01:51:03,240 - INFO: 70 move(s) completed (1 accepted (1.4286 %)). Current N = 1. Average N = 0.929
2021-03-25 01:51:18,533 - INFO: Move rejected due to water leaving the GCMC sphere
2021-03-25 01:51:22,213 - INFO: 71 move(s) completed (1 accepted (1.4085 %)). Current N = 1. Average N = 0.930
2021-03-25 01:51:36,750 - INFO: Move rejected due to water leaving the GCMC sphere
2021-03-25 01:51:40,284 - INFO: 72 move(s) completed (1 accepted (1.3889 %)). Current N = 1. Average N = 0.931
2021-03-25 01:51:58,788 - INFO: 73 move(s) completed (1 accepted (1.3699 %)). Current N = 1. Average N = 0.931
2021-03-25 01:52:16,982 - INFO: 74 move(s) completed (1 accepted (1.3514 %)). Current N = 1. Average N = 0.932
2021-03-25 01:52:35,438 - INFO: 75 move(s) completed (1 accepted (1.3333 %)). Current N = 1. Average N = 0.933
2021-03-25 01:52:53,963 - INFO: 76 move(s) completed (1 accepted (1.3158 %)). Current N = 1. Average N = 0.934
2021-03-25 01:53:09,024 - INFO: Move rejected due to water leaving the GCMC sphere
2021-03-25 01:53:12,487 - INFO: 77 move(s) completed (1 accepted (1.2987 %)). Current N = 1. Average N = 0.935
2021-03-25 01:53:30,721 - INFO: 78 move(s) completed (1 accepted (1.2821 %)). Current N = 1. Average N = 0.936
2021-03-25 01:53:49,300 - INFO: 79 move(s) completed (1 accepted (1.2658 %)). Current N = 1. Average N = 0.937
2021-03-25 01:54:04,289 - INFO: Move rejected due to water leaving the GCMC sphere
2021-03-25 01:54:07,861 - INFO: 80 move(s) completed (1 accepted (1.2500 %)). Current N = 1. Average N = 0.938
2021-03-25 01:54:26,433 - INFO: 81 move(s) completed (1 accepted (1.2346 %)). Current N = 1. Average N = 0.938
2021-03-25 01:54:45,140 - INFO: 82 move(s) completed (1 accepted (1.2195 %)). Current N = 1. Average N = 0.939
2021-03-25 01:55:00,247 - INFO: Move rejected due to water leaving the GCMC sphere
2021-03-25 01:55:03,811 - INFO: 83 move(s) completed (1 accepted (1.2048 %)). Current N = 1. Average N = 0.940
2021-03-25 01:55:22,538 - INFO: 84 move(s) completed (1 accepted (1.1905 %)). Current N = 1. Average N = 0.941
2021-03-25 01:55:37,603 - INFO: Move rejected due to water leaving the GCMC sphere
2021-03-25 01:55:41,193 - INFO: 85 move(s) completed (1 accepted (1.1765 %)). Current N = 1. Average N = 0.941
2021-03-25 01:55:59,952 - INFO: 86 move(s) completed (1 accepted (1.1628 %)). Current N = 1. Average N = 0.942
2021-03-25 01:56:18,675 - INFO: 87 move(s) completed (1 accepted (1.1494 %)). Current N = 1. Average N = 0.943
2021-03-25 01:56:37,105 - INFO: 88 move(s) completed (1 accepted (1.1364 %)). Current N = 1. Average N = 0.943
2021-03-25 01:56:55,155 - INFO: 89 move(s) completed (1 accepted (1.1236 %)). Current N = 1. Average N = 0.944
2021-03-25 01:57:13,491 - INFO: 90 move(s) completed (1 accepted (1.1111 %)). Current N = 1. Average N = 0.944
2021-03-25 01:57:32,437 - INFO: 91 move(s) completed (1 accepted (1.0989 %)). Current N = 1. Average N = 0.945
2021-03-25 01:57:51,454 - INFO: 92 move(s) completed (1 accepted (1.0870 %)). Current N = 1. Average N = 0.946
2021-03-25 01:58:10,452 - INFO: 93 move(s) completed (1 accepted (1.0753 %)). Current N = 1. Average N = 0.946
2021-03-25 01:58:28,469 - INFO: 94 move(s) completed (1 accepted (1.0638 %)). Current N = 1. Average N = 0.947
2021-03-25 01:58:46,705 - INFO: 95 move(s) completed (1 accepted (1.0526 %)). Current N = 1. Average N = 0.947
2021-03-25 01:59:05,213 - INFO: 96 move(s) completed (1 accepted (1.0417 %)). Current N = 1. Average N = 0.948
2021-03-25 01:59:23,559 - INFO: 97 move(s) completed (1 accepted (1.0309 %)). Current N = 1. Average N = 0.949
2021-03-25 01:59:42,081 - INFO: 98 move(s) completed (1 accepted (1.0204 %)). Current N = 1. Average N = 0.949
2021-03-25 02:00:00,182 - INFO: 99 move(s) completed (1 accepted (1.0101 %)). Current N = 1. Average N = 0.950
2021-03-25 02:00:18,628 - INFO: 100 move(s) completed (1 accepted (1.0000 %)). Current N = 1. Average N = 0.950
2021-03-25 02:00:37,185 - INFO: 101 move(s) completed (1 accepted (0.9901 %)). Current N = 1. Average N = 0.951
2021-03-25 02:00:55,666 - INFO: 102 move(s) completed (1 accepted (0.9804 %)). Current N = 1. Average N = 0.951
2021-03-25 02:01:14,575 - INFO: 103 move(s) completed (1 accepted (0.9709 %)). Current N = 1. Average N = 0.952
2021-03-25 02:01:32,591 - INFO: 104 move(s) completed (1 accepted (0.9615 %)). Current N = 1. Average N = 0.952
2021-03-25 02:01:50,703 - INFO: 105 move(s) completed (1 accepted (0.9524 %)). Current N = 1. Average N = 0.952
2021-03-25 02:02:08,996 - INFO: 106 move(s) completed (1 accepted (0.9434 %)). Current N = 1. Average N = 0.953
2021-03-25 02:02:24,278 - INFO: Move rejected due to water leaving the GCMC sphere
2021-03-25 02:02:27,874 - INFO: 107 move(s) completed (1 accepted (0.9346 %)). Current N = 1. Average N = 0.953
2021-03-25 02:02:43,155 - INFO: Move rejected due to water leaving the GCMC sphere
2021-03-25 02:02:46,828 - INFO: 108 move(s) completed (1 accepted (0.9259 %)). Current N = 1. Average N = 0.954
2021-03-25 02:03:05,680 - INFO: 109 move(s) completed (1 accepted (0.9174 %)). Current N = 1. Average N = 0.954
2021-03-25 02:03:20,935 - INFO: Move rejected due to water leaving the GCMC sphere
2021-03-25 02:03:24,397 - INFO: 110 move(s) completed (1 accepted (0.9091 %)). Current N = 1. Average N = 0.955
2021-03-25 02:03:43,240 - INFO: 111 move(s) completed (1 accepted (0.9009 %)). Current N = 1. Average N = 0.955
2021-03-25 02:03:57,959 - INFO: Move rejected due to water leaving the GCMC sphere
2021-03-25 02:04:01,679 - INFO: 112 move(s) completed (1 accepted (0.8929 %)). Current N = 1. Average N = 0.955
2021-03-25 02:04:20,404 - INFO: 113 move(s) completed (1 accepted (0.8850 %)). Current N = 1. Average N = 0.956
2021-03-25 02:04:35,963 - INFO: Move rejected due to water leaving the GCMC sphere
2021-03-25 02:04:39,552 - INFO: 114 move(s) completed (1 accepted (0.8772 %)). Current N = 1. Average N = 0.956
2021-03-25 02:04:54,249 - INFO: Move rejected due to water leaving the GCMC sphere
2021-03-25 02:04:57,931 - INFO: 115 move(s) completed (1 accepted (0.8696 %)). Current N = 1. Average N = 0.957
2021-03-25 02:05:12,517 - INFO: Move rejected due to water leaving the GCMC sphere
2021-03-25 02:05:16,200 - INFO: 116 move(s) completed (1 accepted (0.8621 %)). Current N = 1. Average N = 0.957
2021-03-25 02:05:34,631 - INFO: 117 move(s) completed (1 accepted (0.8547 %)). Current N = 1. Average N = 0.957
2021-03-25 02:05:52,668 - INFO: 118 move(s) completed (1 accepted (0.8475 %)). Current N = 1. Average N = 0.958
2021-03-25 02:06:11,059 - INFO: 119 move(s) completed (1 accepted (0.8403 %)). Current N = 1. Average N = 0.958
2021-03-25 02:06:25,913 - INFO: Move rejected due to water leaving the GCMC sphere
2021-03-25 02:06:29,614 - INFO: 120 move(s) completed (1 accepted (0.8333 %)). Current N = 1. Average N = 0.958
2021-03-25 02:06:48,061 - INFO: 121 move(s) completed (1 accepted (0.8264 %)). Current N = 1. Average N = 0.959
2021-03-25 02:07:06,331 - INFO: 122 move(s) completed (1 accepted (0.8197 %)). Current N = 1. Average N = 0.959
2021-03-25 02:07:24,366 - INFO: 123 move(s) completed (1 accepted (0.8130 %)). Current N = 1. Average N = 0.959
2021-03-25 02:07:42,533 - INFO: 124 move(s) completed (1 accepted (0.8065 %)). Current N = 1. Average N = 0.960
2021-03-25 02:07:57,569 - INFO: Move rejected due to water leaving the GCMC sphere
2021-03-25 02:08:01,114 - INFO: 125 move(s) completed (1 accepted (0.8000 %)). Current N = 1. Average N = 0.960
2021-03-25 02:08:19,707 - INFO: 126 move(s) completed (1 accepted (0.7937 %)). Current N = 1. Average N = 0.960
2021-03-25 02:08:38,386 - INFO: 127 move(s) completed (1 accepted (0.7874 %)). Current N = 1. Average N = 0.961
2021-03-25 02:08:56,689 - INFO: 128 move(s) completed (1 accepted (0.7812 %)). Current N = 1. Average N = 0.961
2021-03-25 02:09:14,756 - INFO: 129 move(s) completed (1 accepted (0.7752 %)). Current N = 1. Average N = 0.961
2021-03-25 02:09:32,779 - INFO: 130 move(s) completed (1 accepted (0.7692 %)). Current N = 1. Average N = 0.962
2021-03-25 02:09:50,856 - INFO: 131 move(s) completed (1 accepted (0.7634 %)). Current N = 1. Average N = 0.962
2021-03-25 02:10:06,197 - INFO: Move rejected due to water leaving the GCMC sphere
2021-03-25 02:10:09,771 - INFO: 132 move(s) completed (1 accepted (0.7576 %)). Current N = 1. Average N = 0.962
2021-03-25 02:10:24,983 - INFO: Move rejected due to water leaving the GCMC sphere
2021-03-25 02:10:28,545 - INFO: 133 move(s) completed (1 accepted (0.7519 %)). Current N = 1. Average N = 0.962
2021-03-25 02:10:44,001 - INFO: Move rejected due to water leaving the GCMC sphere
2021-03-25 02:10:47,575 - INFO: 134 move(s) completed (1 accepted (0.7463 %)). Current N = 1. Average N = 0.963
2021-03-25 02:11:03,164 - INFO: Move rejected due to water leaving the GCMC sphere
2021-03-25 02:11:06,778 - INFO: 135 move(s) completed (1 accepted (0.7407 %)). Current N = 1. Average N = 0.963
2021-03-25 02:11:25,256 - INFO: 136 move(s) completed (1 accepted (0.7353 %)). Current N = 1. Average N = 0.963
2021-03-25 02:11:39,979 - INFO: Move rejected due to water leaving the GCMC sphere
2021-03-25 02:11:43,496 - INFO: 137 move(s) completed (1 accepted (0.7299 %)). Current N = 1. Average N = 0.964
2021-03-25 02:12:01,818 - INFO: 138 move(s) completed (1 accepted (0.7246 %)). Current N = 1. Average N = 0.964
2021-03-25 02:12:16,504 - INFO: Move rejected due to water leaving the GCMC sphere
2021-03-25 02:12:20,007 - INFO: 139 move(s) completed (1 accepted (0.7194 %)). Current N = 1. Average N = 0.964
2021-03-25 02:12:38,404 - INFO: 140 move(s) completed (1 accepted (0.7143 %)). Current N = 1. Average N = 0.964
2021-03-25 02:12:56,532 - INFO: 141 move(s) completed (1 accepted (0.7092 %)). Current N = 1. Average N = 0.965
2021-03-25 02:13:11,343 - INFO: Move rejected due to water leaving the GCMC sphere
2021-03-25 02:13:14,951 - INFO: 142 move(s) completed (1 accepted (0.7042 %)). Current N = 1. Average N = 0.965
2021-03-25 02:13:33,439 - INFO: 143 move(s) completed (1 accepted (0.6993 %)). Current N = 1. Average N = 0.965
2021-03-25 02:13:51,663 - INFO: 144 move(s) completed (1 accepted (0.6944 %)). Current N = 1. Average N = 0.965
2021-03-25 02:14:09,862 - INFO: 145 move(s) completed (1 accepted (0.6897 %)). Current N = 1. Average N = 0.966
2021-03-25 02:14:24,768 - INFO: Move rejected due to water leaving the GCMC sphere
2021-03-25 02:14:28,300 - INFO: 146 move(s) completed (1 accepted (0.6849 %)). Current N = 1. Average N = 0.966
2021-03-25 02:14:46,909 - INFO: 147 move(s) completed (1 accepted (0.6803 %)). Current N = 1. Average N = 0.966
2021-03-25 02:15:05,620 - INFO: 148 move(s) completed (1 accepted (0.6757 %)). Current N = 1. Average N = 0.966
2021-03-25 02:15:24,484 - INFO: 149 move(s) completed (1 accepted (0.6711 %)). Current N = 1. Average N = 0.966
2021-03-25 02:15:43,262 - INFO: 150 move(s) completed (1 accepted (0.6667 %)). Current N = 1. Average N = 0.967
2021-03-25 02:15:58,611 - INFO: Move rejected due to water leaving the GCMC sphere
2021-03-25 02:16:02,263 - INFO: 151 move(s) completed (1 accepted (0.6623 %)). Current N = 1. Average N = 0.967
2021-03-25 02:16:17,788 - INFO: Move rejected due to water leaving the GCMC sphere
2021-03-25 02:16:21,409 - INFO: 152 move(s) completed (1 accepted (0.6579 %)). Current N = 1. Average N = 0.967
2021-03-25 02:16:40,053 - INFO: 153 move(s) completed (1 accepted (0.6536 %)). Current N = 1. Average N = 0.967
2021-03-25 02:16:58,173 - INFO: 154 move(s) completed (1 accepted (0.6494 %)). Current N = 1. Average N = 0.968
2021-03-25 02:17:17,253 - INFO: 155 move(s) completed (1 accepted (0.6452 %)). Current N = 1. Average N = 0.968
2021-03-25 02:17:36,027 - INFO: 156 move(s) completed (1 accepted (0.6410 %)). Current N = 1. Average N = 0.968
2021-03-25 02:17:55,179 - INFO: 157 move(s) completed (1 accepted (0.6369 %)). Current N = 1. Average N = 0.968
2021-03-25 02:18:13,679 - INFO: 158 move(s) completed (1 accepted (0.6329 %)). Current N = 1. Average N = 0.968
2021-03-25 02:18:31,884 - INFO: 159 move(s) completed (1 accepted (0.6289 %)). Current N = 1. Average N = 0.969
2021-03-25 02:18:50,064 - INFO: 160 move(s) completed (1 accepted (0.6250 %)). Current N = 1. Average N = 0.969
2021-03-25 02:19:04,759 - INFO: Move rejected due to water leaving the GCMC sphere
2021-03-25 02:19:08,309 - INFO: 161 move(s) completed (1 accepted (0.6211 %)). Current N = 1. Average N = 0.969
2021-03-25 02:19:26,869 - INFO: 162 move(s) completed (1 accepted (0.6173 %)). Current N = 1. Average N = 0.969
2021-03-25 02:19:41,747 - INFO: Move rejected due to water leaving the GCMC sphere
2021-03-25 02:19:45,364 - INFO: 163 move(s) completed (1 accepted (0.6135 %)). Current N = 1. Average N = 0.969
2021-03-25 02:20:00,130 - INFO: Move rejected due to water leaving the GCMC sphere
2021-03-25 02:20:03,734 - INFO: 164 move(s) completed (1 accepted (0.6098 %)). Current N = 1. Average N = 0.970
2021-03-25 02:20:22,411 - INFO: 165 move(s) completed (1 accepted (0.6061 %)). Current N = 1. Average N = 0.970
2021-03-25 02:20:41,203 - INFO: 166 move(s) completed (1 accepted (0.6024 %)). Current N = 1. Average N = 0.970
2021-03-25 02:20:59,717 - INFO: 167 move(s) completed (1 accepted (0.5988 %)). Current N = 1. Average N = 0.970
2021-03-25 02:21:18,256 - INFO: 168 move(s) completed (1 accepted (0.5952 %)). Current N = 1. Average N = 0.970
2021-03-25 02:21:36,755 - INFO: 169 move(s) completed (1 accepted (0.5917 %)). Current N = 1. Average N = 0.970
2021-03-25 02:21:54,847 - INFO: 170 move(s) completed (1 accepted (0.5882 %)). Current N = 1. Average N = 0.971
2021-03-25 02:22:13,067 - INFO: 171 move(s) completed (1 accepted (0.5848 %)). Current N = 1. Average N = 0.971
2021-03-25 02:22:28,260 - INFO: Move rejected due to water leaving the GCMC sphere
2021-03-25 02:22:31,829 - INFO: 172 move(s) completed (1 accepted (0.5814 %)). Current N = 1. Average N = 0.971
2021-03-25 02:22:50,929 - INFO: 173 move(s) completed (1 accepted (0.5780 %)). Current N = 1. Average N = 0.971
2021-03-25 02:23:05,781 - INFO: Move rejected due to water leaving the GCMC sphere
2021-03-25 02:23:09,352 - INFO: 174 move(s) completed (1 accepted (0.5747 %)). Current N = 1. Average N = 0.971
2021-03-25 02:23:27,999 - INFO: 175 move(s) completed (1 accepted (0.5714 %)). Current N = 1. Average N = 0.971
2021-03-25 02:23:46,881 - INFO: 176 move(s) completed (1 accepted (0.5682 %)). Current N = 1. Average N = 0.972
2021-03-25 02:24:04,877 - INFO: 177 move(s) completed (1 accepted (0.5650 %)). Current N = 1. Average N = 0.972
2021-03-25 02:24:23,127 - INFO: 178 move(s) completed (1 accepted (0.5618 %)). Current N = 1. Average N = 0.972
2021-03-25 02:24:41,581 - INFO: 179 move(s) completed (1 accepted (0.5587 %)). Current N = 1. Average N = 0.972
2021-03-25 02:24:59,869 - INFO: 180 move(s) completed (1 accepted (0.5556 %)). Current N = 1. Average N = 0.972
2021-03-25 02:25:18,249 - INFO: 181 move(s) completed (1 accepted (0.5525 %)). Current N = 1. Average N = 0.972
2021-03-25 02:25:33,001 - INFO: Move rejected due to water leaving the GCMC sphere
2021-03-25 02:25:36,500 - INFO: 182 move(s) completed (1 accepted (0.5495 %)). Current N = 1. Average N = 0.973
2021-03-25 02:25:51,309 - INFO: Move rejected due to water leaving the GCMC sphere
2021-03-25 02:25:54,853 - INFO: 183 move(s) completed (1 accepted (0.5464 %)). Current N = 1. Average N = 0.973
2021-03-25 02:26:13,113 - INFO: 184 move(s) completed (1 accepted (0.5435 %)). Current N = 1. Average N = 0.973
2021-03-25 02:26:31,395 - INFO: 185 move(s) completed (1 accepted (0.5405 %)). Current N = 1. Average N = 0.973
2021-03-25 02:26:46,487 - INFO: Move rejected due to water leaving the GCMC sphere
2021-03-25 02:26:49,988 - INFO: 186 move(s) completed (1 accepted (0.5376 %)). Current N = 1. Average N = 0.973
2021-03-25 02:27:04,817 - INFO: Move rejected due to water leaving the GCMC sphere
2021-03-25 02:27:08,331 - INFO: 187 move(s) completed (1 accepted (0.5348 %)). Current N = 1. Average N = 0.973
2021-03-25 02:27:26,883 - INFO: 188 move(s) completed (1 accepted (0.5319 %)). Current N = 1. Average N = 0.973
2021-03-25 02:27:45,437 - INFO: 189 move(s) completed (1 accepted (0.5291 %)). Current N = 1. Average N = 0.974
2021-03-25 02:28:04,128 - INFO: 190 move(s) completed (1 accepted (0.5263 %)). Current N = 1. Average N = 0.974
2021-03-25 02:28:22,466 - INFO: 191 move(s) completed (1 accepted (0.5236 %)). Current N = 1. Average N = 0.974
2021-03-25 02:28:40,634 - INFO: 192 move(s) completed (1 accepted (0.5208 %)). Current N = 1. Average N = 0.974
2021-03-25 02:28:58,616 - INFO: 193 move(s) completed (1 accepted (0.5181 %)). Current N = 1. Average N = 0.974
2021-03-25 02:29:14,043 - INFO: Move rejected due to water leaving the GCMC sphere
2021-03-25 02:29:17,655 - INFO: 194 move(s) completed (1 accepted (0.5155 %)). Current N = 1. Average N = 0.974
2021-03-25 02:29:32,878 - INFO: Move rejected due to water leaving the GCMC sphere
2021-03-25 02:29:36,605 - INFO: 195 move(s) completed (1 accepted (0.5128 %)). Current N = 1. Average N = 0.974
2021-03-25 02:29:54,988 - INFO: 196 move(s) completed (1 accepted (0.5102 %)). Current N = 1. Average N = 0.975
2021-03-25 02:30:13,721 - INFO: 197 move(s) completed (1 accepted (0.5076 %)). Current N = 1. Average N = 0.975
2021-03-25 02:30:29,249 - INFO: Move rejected due to water leaving the GCMC sphere
2021-03-25 02:30:32,920 - INFO: 198 move(s) completed (1 accepted (0.5051 %)). Current N = 1. Average N = 0.975
2021-03-25 02:30:51,940 - INFO: 199 move(s) completed (1 accepted (0.5025 %)). Current N = 1. Average N = 0.975
2021-03-25 02:31:06,441 - INFO: Move rejected due to water leaving the GCMC sphere
2021-03-25 02:31:10,170 - INFO: 200 move(s) completed (1 accepted (0.5000 %)). Current N = 1. Average N = 0.975
2021-03-25 02:31:24,674 - INFO: Move rejected due to water leaving the GCMC sphere
2021-03-25 02:31:28,219 - INFO: 201 move(s) completed (1 accepted (0.4975 %)). Current N = 1. Average N = 0.975
2021-03-25 02:31:46,505 - INFO: 202 move(s) completed (1 accepted (0.4950 %)). Current N = 1. Average N = 0.975
2021-03-25 02:32:01,285 - INFO: Move rejected due to water leaving the GCMC sphere
2021-03-25 02:32:04,937 - INFO: 203 move(s) completed (1 accepted (0.4926 %)). Current N = 1. Average N = 0.975
2021-03-25 02:32:19,849 - INFO: Move rejected due to water leaving the GCMC sphere
2021-03-25 02:32:23,427 - INFO: 204 move(s) completed (1 accepted (0.4902 %)). Current N = 1. Average N = 0.976
2021-03-25 02:32:41,857 - INFO: 205 move(s) completed (1 accepted (0.4878 %)). Current N = 1. Average N = 0.976
2021-03-25 02:33:00,308 - INFO: 206 move(s) completed (1 accepted (0.4854 %)). Current N = 1. Average N = 0.976
2021-03-25 02:33:15,241 - INFO: Move rejected due to water leaving the GCMC sphere
2021-03-25 02:33:18,879 - INFO: 207 move(s) completed (1 accepted (0.4831 %)). Current N = 1. Average N = 0.976
2021-03-25 02:33:37,255 - INFO: 208 move(s) completed (1 accepted (0.4808 %)). Current N = 1. Average N = 0.976
2021-03-25 02:33:55,397 - INFO: 209 move(s) completed (1 accepted (0.4785 %)). Current N = 1. Average N = 0.976
2021-03-25 02:34:14,234 - INFO: 210 move(s) completed (1 accepted (0.4762 %)). Current N = 1. Average N = 0.976
2021-03-25 02:34:29,435 - INFO: Move rejected due to water leaving the GCMC sphere
2021-03-25 02:34:33,063 - INFO: 211 move(s) completed (1 accepted (0.4739 %)). Current N = 1. Average N = 0.976
2021-03-25 02:34:48,323 - INFO: Move rejected due to water leaving the GCMC sphere
2021-03-25 02:34:51,895 - INFO: 212 move(s) completed (1 accepted (0.4717 %)). Current N = 1. Average N = 0.976
2021-03-25 02:35:10,652 - INFO: 213 move(s) completed (1 accepted (0.4695 %)). Current N = 1. Average N = 0.977
2021-03-25 02:35:29,520 - INFO: 214 move(s) completed (1 accepted (0.4673 %)). Current N = 1. Average N = 0.977
2021-03-25 02:35:47,598 - INFO: 215 move(s) completed (1 accepted (0.4651 %)). Current N = 1. Average N = 0.977
2021-03-25 02:36:05,955 - INFO: 216 move(s) completed (1 accepted (0.4630 %)). Current N = 1. Average N = 0.977
2021-03-25 02:36:21,439 - INFO: Move rejected due to water leaving the GCMC sphere
2021-03-25 02:36:25,153 - INFO: 217 move(s) completed (1 accepted (0.4608 %)). Current N = 1. Average N = 0.977
2021-03-25 02:36:44,046 - INFO: 218 move(s) completed (1 accepted (0.4587 %)). Current N = 1. Average N = 0.977
2021-03-25 02:37:03,113 - INFO: 219 move(s) completed (1 accepted (0.4566 %)). Current N = 1. Average N = 0.977
2021-03-25 02:37:18,637 - INFO: Move rejected due to water leaving the GCMC sphere
2021-03-25 02:37:22,114 - INFO: 220 move(s) completed (1 accepted (0.4545 %)). Current N = 1. Average N = 0.977
2021-03-25 02:37:41,138 - INFO: 221 move(s) completed (1 accepted (0.4525 %)). Current N = 1. Average N = 0.977
2021-03-25 02:37:59,243 - INFO: 222 move(s) completed (1 accepted (0.4505 %)). Current N = 1. Average N = 0.978
2021-03-25 02:38:17,658 - INFO: 223 move(s) completed (1 accepted (0.4484 %)). Current N = 1. Average N = 0.978
2021-03-25 02:38:32,406 - INFO: Move rejected due to water leaving the GCMC sphere
2021-03-25 02:38:35,943 - INFO: 224 move(s) completed (1 accepted (0.4464 %)). Current N = 1. Average N = 0.978
2021-03-25 02:38:50,715 - INFO: Move rejected due to water leaving the GCMC sphere
2021-03-25 02:38:54,374 - INFO: 225 move(s) completed (1 accepted (0.4444 %)). Current N = 1. Average N = 0.978
2021-03-25 02:39:12,804 - INFO: 226 move(s) completed (1 accepted (0.4425 %)). Current N = 1. Average N = 0.978
2021-03-25 02:39:27,692 - INFO: Move rejected due to water leaving the GCMC sphere
2021-03-25 02:39:31,258 - INFO: 227 move(s) completed (1 accepted (0.4405 %)). Current N = 1. Average N = 0.978
2021-03-25 02:39:49,628 - INFO: 228 move(s) completed (1 accepted (0.4386 %)). Current N = 1. Average N = 0.978
2021-03-25 02:40:08,013 - INFO: 229 move(s) completed (1 accepted (0.4367 %)). Current N = 1. Average N = 0.978
2021-03-25 02:40:26,453 - INFO: 230 move(s) completed (1 accepted (0.4348 %)). Current N = 1. Average N = 0.978
2021-03-25 02:40:44,998 - INFO: 231 move(s) completed (1 accepted (0.4329 %)). Current N = 1. Average N = 0.978
2021-03-25 02:41:00,030 - INFO: Move rejected due to water leaving the GCMC sphere
2021-03-25 02:41:03,574 - INFO: 232 move(s) completed (1 accepted (0.4310 %)). Current N = 1. Average N = 0.978
2021-03-25 02:41:22,355 - INFO: 233 move(s) completed (1 accepted (0.4292 %)). Current N = 1. Average N = 0.979
2021-03-25 02:41:41,000 - INFO: 234 move(s) completed (1 accepted (0.4274 %)). Current N = 1. Average N = 0.979
2021-03-25 02:41:59,603 - INFO: 235 move(s) completed (1 accepted (0.4255 %)). Current N = 1. Average N = 0.979
2021-03-25 02:42:18,672 - INFO: 236 move(s) completed (1 accepted (0.4237 %)). Current N = 1. Average N = 0.979
2021-03-25 02:42:37,642 - INFO: 237 move(s) completed (1 accepted (0.4219 %)). Current N = 1. Average N = 0.979
2021-03-25 02:42:56,682 - INFO: 238 move(s) completed (1 accepted (0.4202 %)). Current N = 1. Average N = 0.979
2021-03-25 02:43:15,473 - INFO: 239 move(s) completed (1 accepted (0.4184 %)). Current N = 1. Average N = 0.979
2021-03-25 02:43:30,889 - INFO: Move rejected due to water leaving the GCMC sphere
2021-03-25 02:43:34,515 - INFO: 240 move(s) completed (1 accepted (0.4167 %)). Current N = 1. Average N = 0.979
2021-03-25 02:43:53,404 - INFO: 241 move(s) completed (1 accepted (0.4149 %)). Current N = 1. Average N = 0.979
2021-03-25 02:44:11,615 - INFO: 242 move(s) completed (1 accepted (0.4132 %)). Current N = 1. Average N = 0.979
2021-03-25 02:44:30,914 - INFO: 243 move(s) completed (1 accepted (0.4115 %)). Current N = 1. Average N = 0.979
2021-03-25 02:44:45,464 - INFO: Move rejected due to water leaving the GCMC sphere
2021-03-25 02:44:49,183 - INFO: 244 move(s) completed (1 accepted (0.4098 %)). Current N = 1. Average N = 0.980
2021-03-25 02:45:07,384 - INFO: 245 move(s) completed (1 accepted (0.4082 %)). Current N = 1. Average N = 0.980
2021-03-25 02:45:25,844 - INFO: 246 move(s) completed (1 accepted (0.4065 %)). Current N = 1. Average N = 0.980
2021-03-25 02:45:44,039 - INFO: 247 move(s) completed (1 accepted (0.4049 %)). Current N = 1. Average N = 0.980
2021-03-25 02:46:02,133 - INFO: 248 move(s) completed (1 accepted (0.4032 %)). Current N = 1. Average N = 0.980
2021-03-25 02:46:20,481 - INFO: 249 move(s) completed (1 accepted (0.4016 %)). Current N = 1. Average N = 0.980
2021-03-25 02:46:38,957 - INFO: 250 move(s) completed (1 accepted (0.4000 %)). Current N = 1. Average N = 0.980
2021-03-25 02:46:57,554 - INFO: 251 move(s) completed (1 accepted (0.3984 %)). Current N = 1. Average N = 0.980
2021-03-25 02:47:12,349 - INFO: Move rejected due to water leaving the GCMC sphere
2021-03-25 02:47:15,926 - INFO: 252 move(s) completed (1 accepted (0.3968 %)). Current N = 1. Average N = 0.980
2021-03-25 02:47:30,938 - INFO: Move rejected due to water leaving the GCMC sphere
2021-03-25 02:47:34,525 - INFO: 253 move(s) completed (1 accepted (0.3953 %)). Current N = 1. Average N = 0.980
2021-03-25 02:47:53,294 - INFO: 254 move(s) completed (1 accepted (0.3937 %)). Current N = 1. Average N = 0.980
2021-03-25 02:48:11,986 - INFO: 255 move(s) completed (1 accepted (0.3922 %)). Current N = 1. Average N = 0.980
2021-03-25 02:48:30,392 - INFO: 256 move(s) completed (1 accepted (0.3906 %)). Current N = 1. Average N = 0.981
2021-03-25 02:48:45,731 - INFO: Move rejected due to water leaving the GCMC sphere
2021-03-25 02:48:49,411 - INFO: 257 move(s) completed (1 accepted (0.3891 %)). Current N = 1. Average N = 0.981
2021-03-25 02:49:04,641 - INFO: Move rejected due to water leaving the GCMC sphere
2021-03-25 02:49:08,209 - INFO: 258 move(s) completed (1 accepted (0.3876 %)). Current N = 1. Average N = 0.981
2021-03-25 02:49:27,245 - INFO: 259 move(s) completed (1 accepted (0.3861 %)). Current N = 1. Average N = 0.981
2021-03-25 02:49:46,298 - INFO: 260 move(s) completed (1 accepted (0.3846 %)). Current N = 1. Average N = 0.981
2021-03-25 02:50:05,260 - INFO: 261 move(s) completed (1 accepted (0.3831 %)). Current N = 1. Average N = 0.981
2021-03-25 02:50:23,311 - INFO: 262 move(s) completed (1 accepted (0.3817 %)). Current N = 1. Average N = 0.981
2021-03-25 02:50:41,607 - INFO: 263 move(s) completed (1 accepted (0.3802 %)). Current N = 1. Average N = 0.981
2021-03-25 02:50:59,682 - INFO: 264 move(s) completed (1 accepted (0.3788 %)). Current N = 1. Average N = 0.981
2021-03-25 02:51:17,627 - INFO: 265 move(s) completed (1 accepted (0.3774 %)). Current N = 1. Average N = 0.981
2021-03-25 02:51:35,738 - INFO: 266 move(s) completed (1 accepted (0.3759 %)). Current N = 1. Average N = 0.981
2021-03-25 02:51:54,042 - INFO: 267 move(s) completed (1 accepted (0.3745 %)). Current N = 1. Average N = 0.981
2021-03-25 02:52:12,300 - INFO: 268 move(s) completed (1 accepted (0.3731 %)). Current N = 1. Average N = 0.981
2021-03-25 02:52:27,067 - INFO: Move rejected due to water leaving the GCMC sphere
2021-03-25 02:52:30,721 - INFO: 269 move(s) completed (1 accepted (0.3717 %)). Current N = 1. Average N = 0.981
2021-03-25 02:52:49,034 - INFO: 270 move(s) completed (1 accepted (0.3704 %)). Current N = 1. Average N = 0.982
2021-03-25 02:53:04,063 - INFO: Move rejected due to water leaving the GCMC sphere
2021-03-25 02:53:07,522 - INFO: 271 move(s) completed (1 accepted (0.3690 %)). Current N = 1. Average N = 0.982
2021-03-25 02:53:26,072 - INFO: 272 move(s) completed (1 accepted (0.3676 %)). Current N = 1. Average N = 0.982
2021-03-25 02:53:44,364 - INFO: 273 move(s) completed (1 accepted (0.3663 %)). Current N = 1. Average N = 0.982
2021-03-25 02:53:59,082 - INFO: Move rejected due to water leaving the GCMC sphere
2021-03-25 02:54:02,737 - INFO: 274 move(s) completed (1 accepted (0.3650 %)). Current N = 1. Average N = 0.982
2021-03-25 02:54:21,469 - INFO: 275 move(s) completed (1 accepted (0.3636 %)). Current N = 1. Average N = 0.982
2021-03-25 02:54:40,172 - INFO: 276 move(s) completed (1 accepted (0.3623 %)). Current N = 1. Average N = 0.982
2021-03-25 02:54:58,923 - INFO: 277 move(s) completed (1 accepted (0.3610 %)). Current N = 1. Average N = 0.982
2021-03-25 02:55:17,170 - INFO: 278 move(s) completed (1 accepted (0.3597 %)). Current N = 1. Average N = 0.982
2021-03-25 02:55:35,510 - INFO: 279 move(s) completed (1 accepted (0.3584 %)). Current N = 1. Average N = 0.982
2021-03-25 02:55:54,445 - INFO: 280 move(s) completed (1 accepted (0.3571 %)). Current N = 1. Average N = 0.982
2021-03-25 02:56:13,029 - INFO: 281 move(s) completed (1 accepted (0.3559 %)). Current N = 1. Average N = 0.982
2021-03-25 02:56:31,822 - INFO: 282 move(s) completed (1 accepted (0.3546 %)). Current N = 1. Average N = 0.982
2021-03-25 02:56:47,274 - INFO: Move rejected due to water leaving the GCMC sphere
2021-03-25 02:56:50,908 - INFO: 283 move(s) completed (1 accepted (0.3534 %)). Current N = 1. Average N = 0.982
2021-03-25 02:57:06,264 - INFO: Move rejected due to water leaving the GCMC sphere
2021-03-25 02:57:09,942 - INFO: 284 move(s) completed (1 accepted (0.3521 %)). Current N = 1. Average N = 0.982
2021-03-25 02:57:29,183 - INFO: 285 move(s) completed (1 accepted (0.3509 %)). Current N = 1. Average N = 0.983
2021-03-25 02:57:44,610 - INFO: Move rejected due to water leaving the GCMC sphere
2021-03-25 02:57:48,170 - INFO: 286 move(s) completed (1 accepted (0.3497 %)). Current N = 1. Average N = 0.983
2021-03-25 02:58:06,320 - INFO: 287 move(s) completed (1 accepted (0.3484 %)). Current N = 1. Average N = 0.983
2021-03-25 02:58:24,471 - INFO: 288 move(s) completed (1 accepted (0.3472 %)). Current N = 1. Average N = 0.983
2021-03-25 02:58:42,738 - INFO: 289 move(s) completed (1 accepted (0.3460 %)). Current N = 1. Average N = 0.983
2021-03-25 02:58:57,587 - INFO: Move rejected due to water leaving the GCMC sphere
2021-03-25 02:59:01,250 - INFO: 290 move(s) completed (1 accepted (0.3448 %)). Current N = 1. Average N = 0.983
2021-03-25 02:59:19,613 - INFO: 291 move(s) completed (1 accepted (0.3436 %)). Current N = 1. Average N = 0.983
2021-03-25 02:59:37,991 - INFO: 292 move(s) completed (1 accepted (0.3425 %)). Current N = 1. Average N = 0.983
2021-03-25 02:59:56,087 - INFO: 293 move(s) completed (1 accepted (0.3413 %)). Current N = 1. Average N = 0.983
2021-03-25 03:00:11,149 - INFO: Move rejected due to water leaving the GCMC sphere
2021-03-25 03:00:14,687 - INFO: 294 move(s) completed (1 accepted (0.3401 %)). Current N = 1. Average N = 0.983
2021-03-25 03:00:33,464 - INFO: 295 move(s) completed (1 accepted (0.3390 %)). Current N = 1. Average N = 0.983
2021-03-25 03:00:48,349 - INFO: Move rejected due to water leaving the GCMC sphere
2021-03-25 03:00:51,922 - INFO: 296 move(s) completed (1 accepted (0.3378 %)). Current N = 1. Average N = 0.983
2021-03-25 03:01:07,161 - INFO: Move rejected due to water leaving the GCMC sphere
2021-03-25 03:01:10,786 - INFO: 297 move(s) completed (1 accepted (0.3367 %)). Current N = 1. Average N = 0.983
2021-03-25 03:01:25,765 - INFO: Move rejected due to water leaving the GCMC sphere
2021-03-25 03:01:29,498 - INFO: 298 move(s) completed (1 accepted (0.3356 %)). Current N = 1. Average N = 0.983
2021-03-25 03:01:48,161 - INFO: 299 move(s) completed (1 accepted (0.3344 %)). Current N = 1. Average N = 0.983
2021-03-25 03:02:07,227 - INFO: 300 move(s) completed (1 accepted (0.3333 %)). Current N = 1. Average N = 0.983
2021-03-25 03:02:25,726 - INFO: 301 move(s) completed (1 accepted (0.3322 %)). Current N = 1. Average N = 0.983
2021-03-25 03:02:44,318 - INFO: 302 move(s) completed (1 accepted (0.3311 %)). Current N = 1. Average N = 0.983
2021-03-25 03:03:03,429 - INFO: 303 move(s) completed (1 accepted (0.3300 %)). Current N = 1. Average N = 0.984
2021-03-25 03:03:22,343 - INFO: 304 move(s) completed (1 accepted (0.3289 %)). Current N = 1. Average N = 0.984
2021-03-25 03:03:40,377 - INFO: 305 move(s) completed (1 accepted (0.3279 %)). Current N = 1. Average N = 0.984
2021-03-25 03:03:59,415 - INFO: 306 move(s) completed (2 accepted (0.6536 %)). Current N = 2. Average N = 0.987
2021-03-25 03:04:15,011 - INFO: Move rejected due to water leaving the GCMC sphere
2021-03-25 03:04:18,651 - INFO: 307 move(s) completed (2 accepted (0.6515 %)). Current N = 2. Average N = 0.990
2021-03-25 03:04:33,295 - INFO: Move rejected due to water leaving the GCMC sphere
2021-03-25 03:04:36,785 - INFO: 308 move(s) completed (2 accepted (0.6494 %)). Current N = 2. Average N = 0.994
2021-03-25 03:04:55,006 - INFO: 309 move(s) completed (2 accepted (0.6472 %)). Current N = 2. Average N = 0.997
2021-03-25 03:05:13,586 - INFO: 310 move(s) completed (3 accepted (0.9677 %)). Current N = 1. Average N = 0.997
2021-03-25 03:05:28,243 - INFO: Move rejected due to water leaving the GCMC sphere
2021-03-25 03:05:31,874 - INFO: 311 move(s) completed (3 accepted (0.9646 %)). Current N = 1. Average N = 0.997
2021-03-25 03:05:46,824 - INFO: Move rejected due to water leaving the GCMC sphere
2021-03-25 03:05:50,462 - INFO: 312 move(s) completed (3 accepted (0.9615 %)). Current N = 1. Average N = 0.997
2021-03-25 03:06:08,708 - INFO: 313 move(s) completed (3 accepted (0.9585 %)). Current N = 1. Average N = 0.997
2021-03-25 03:06:26,881 - INFO: 314 move(s) completed (3 accepted (0.9554 %)). Current N = 1. Average N = 0.997
2021-03-25 03:06:45,619 - INFO: 315 move(s) completed (3 accepted (0.9524 %)). Current N = 1. Average N = 0.997
2021-03-25 03:07:03,903 - INFO: 316 move(s) completed (3 accepted (0.9494 %)). Current N = 1. Average N = 0.997
2021-03-25 03:07:19,004 - INFO: Move rejected due to water leaving the GCMC sphere
2021-03-25 03:07:22,656 - INFO: 317 move(s) completed (3 accepted (0.9464 %)). Current N = 1. Average N = 0.997
2021-03-25 03:07:41,393 - INFO: 318 move(s) completed (3 accepted (0.9434 %)). Current N = 1. Average N = 0.997
2021-03-25 03:08:00,163 - INFO: 319 move(s) completed (3 accepted (0.9404 %)). Current N = 1. Average N = 0.997
2021-03-25 03:08:15,141 - INFO: Move rejected due to water leaving the GCMC sphere
2021-03-25 03:08:18,781 - INFO: 320 move(s) completed (3 accepted (0.9375 %)). Current N = 1. Average N = 0.997
2021-03-25 03:08:37,678 - INFO: 321 move(s) completed (3 accepted (0.9346 %)). Current N = 1. Average N = 0.997
2021-03-25 03:08:55,989 - INFO: 322 move(s) completed (3 accepted (0.9317 %)). Current N = 1. Average N = 0.997
2021-03-25 03:09:14,357 - INFO: 323 move(s) completed (3 accepted (0.9288 %)). Current N = 1. Average N = 0.997
2021-03-25 03:09:32,346 - INFO: 324 move(s) completed (3 accepted (0.9259 %)). Current N = 1. Average N = 0.997
2021-03-25 03:09:47,755 - INFO: Move rejected due to water leaving the GCMC sphere
2021-03-25 03:09:51,235 - INFO: 325 move(s) completed (3 accepted (0.9231 %)). Current N = 1. Average N = 0.997
2021-03-25 03:10:06,358 - INFO: Move rejected due to water leaving the GCMC sphere
2021-03-25 03:10:09,923 - INFO: 326 move(s) completed (3 accepted (0.9202 %)). Current N = 1. Average N = 0.997
2021-03-25 03:10:27,902 - INFO: 327 move(s) completed (3 accepted (0.9174 %)). Current N = 1. Average N = 0.997
2021-03-25 03:10:45,905 - INFO: 328 move(s) completed (3 accepted (0.9146 %)). Current N = 1. Average N = 0.997
2021-03-25 03:11:03,913 - INFO: 329 move(s) completed (3 accepted (0.9119 %)). Current N = 1. Average N = 0.997
2021-03-25 03:11:18,730 - INFO: Move rejected due to water leaving the GCMC sphere
2021-03-25 03:11:22,372 - INFO: 330 move(s) completed (3 accepted (0.9091 %)). Current N = 1. Average N = 0.997
2021-03-25 03:11:37,035 - INFO: Move rejected due to water leaving the GCMC sphere
2021-03-25 03:11:40,661 - INFO: 331 move(s) completed (3 accepted (0.9063 %)). Current N = 1. Average N = 0.997
2021-03-25 03:11:58,746 - INFO: 332 move(s) completed (3 accepted (0.9036 %)). Current N = 1. Average N = 0.997
2021-03-25 03:12:17,138 - INFO: 333 move(s) completed (3 accepted (0.9009 %)). Current N = 1. Average N = 0.997
2021-03-25 03:12:35,541 - INFO: 334 move(s) completed (3 accepted (0.8982 %)). Current N = 1. Average N = 0.997
2021-03-25 03:12:53,922 - INFO: 335 move(s) completed (3 accepted (0.8955 %)). Current N = 1. Average N = 0.997
2021-03-25 03:13:12,101 - INFO: 336 move(s) completed (3 accepted (0.8929 %)). Current N = 1. Average N = 0.997
2021-03-25 03:13:30,334 - INFO: 337 move(s) completed (3 accepted (0.8902 %)). Current N = 1. Average N = 0.997
2021-03-25 03:13:48,407 - INFO: 338 move(s) completed (3 accepted (0.8876 %)). Current N = 1. Average N = 0.997
2021-03-25 03:14:06,802 - INFO: 339 move(s) completed (3 accepted (0.8850 %)). Current N = 1. Average N = 0.997
2021-03-25 03:14:24,817 - INFO: 340 move(s) completed (3 accepted (0.8824 %)). Current N = 1. Average N = 0.997
2021-03-25 03:14:43,542 - INFO: 341 move(s) completed (3 accepted (0.8798 %)). Current N = 1. Average N = 0.997
2021-03-25 03:15:02,424 - INFO: 342 move(s) completed (3 accepted (0.8772 %)). Current N = 1. Average N = 0.997
2021-03-25 03:15:17,729 - INFO: Move rejected due to water leaving the GCMC sphere
2021-03-25 03:15:21,169 - INFO: 343 move(s) completed (3 accepted (0.8746 %)). Current N = 1. Average N = 0.997
2021-03-25 03:15:40,067 - INFO: 344 move(s) completed (3 accepted (0.8721 %)). Current N = 1. Average N = 0.997
2021-03-25 03:15:59,023 - INFO: 345 move(s) completed (3 accepted (0.8696 %)). Current N = 1. Average N = 0.997
2021-03-25 03:16:18,046 - INFO: 346 move(s) completed (3 accepted (0.8671 %)). Current N = 1. Average N = 0.997
2021-03-25 03:16:33,687 - INFO: Move rejected due to water leaving the GCMC sphere
2021-03-25 03:16:37,448 - INFO: 347 move(s) completed (3 accepted (0.8646 %)). Current N = 1. Average N = 0.997
2021-03-25 03:16:56,421 - INFO: 348 move(s) completed (3 accepted (0.8621 %)). Current N = 1. Average N = 0.997
2021-03-25 03:17:15,527 - INFO: 349 move(s) completed (3 accepted (0.8596 %)). Current N = 1. Average N = 0.997
2021-03-25 03:17:33,755 - INFO: 350 move(s) completed (3 accepted (0.8571 %)). Current N = 1. Average N = 0.997
2021-03-25 03:17:51,872 - INFO: 351 move(s) completed (3 accepted (0.8547 %)). Current N = 1. Average N = 0.997
2021-03-25 03:18:10,218 - INFO: 352 move(s) completed (3 accepted (0.8523 %)). Current N = 1. Average N = 0.997
2021-03-25 03:18:28,316 - INFO: 353 move(s) completed (4 accepted (1.1331 %)). Current N = 2. Average N = 1.000
2021-03-25 03:18:42,993 - INFO: Move rejected due to water leaving the GCMC sphere
2021-03-25 03:18:46,581 - INFO: 354 move(s) completed (4 accepted (1.1299 %)). Current N = 2. Average N = 1.003
2021-03-25 03:19:01,544 - INFO: Move rejected due to water leaving the GCMC sphere
2021-03-25 03:19:05,093 - INFO: 355 move(s) completed (4 accepted (1.1268 %)). Current N = 2. Average N = 1.006
2021-03-25 03:19:23,393 - INFO: 356 move(s) completed (4 accepted (1.1236 %)). Current N = 2. Average N = 1.008
2021-03-25 03:19:38,318 - INFO: Move rejected due to water leaving the GCMC sphere
2021-03-25 03:19:41,813 - INFO: 357 move(s) completed (4 accepted (1.1204 %)). Current N = 2. Average N = 1.011
2021-03-25 03:20:00,280 - INFO: 358 move(s) completed (4 accepted (1.1173 %)). Current N = 2. Average N = 1.014
2021-03-25 03:20:18,507 - INFO: 359 move(s) completed (4 accepted (1.1142 %)). Current N = 2. Average N = 1.017
2021-03-25 03:20:33,618 - INFO: Move rejected due to water leaving the GCMC sphere
2021-03-25 03:20:37,355 - INFO: 360 move(s) completed (4 accepted (1.1111 %)). Current N = 2. Average N = 1.019
2021-03-25 03:20:55,986 - INFO: 361 move(s) completed (4 accepted (1.1080 %)). Current N = 2. Average N = 1.022
2021-03-25 03:21:10,627 - INFO: Move rejected due to water leaving the GCMC sphere
2021-03-25 03:21:14,279 - INFO: 362 move(s) completed (4 accepted (1.1050 %)). Current N = 2. Average N = 1.025
2021-03-25 03:21:29,107 - INFO: Move rejected due to water leaving the GCMC sphere
2021-03-25 03:21:32,504 - INFO: 363 move(s) completed (4 accepted (1.1019 %)). Current N = 2. Average N = 1.028
2021-03-25 03:21:50,898 - INFO: 364 move(s) completed (4 accepted (1.0989 %)). Current N = 2. Average N = 1.030
2021-03-25 03:22:05,942 - INFO: Move rejected due to water leaving the GCMC sphere
2021-03-25 03:22:09,698 - INFO: 365 move(s) completed (4 accepted (1.0959 %)). Current N = 2. Average N = 1.033
2021-03-25 03:22:28,526 - INFO: 366 move(s) completed (4 accepted (1.0929 %)). Current N = 2. Average N = 1.036
2021-03-25 03:22:43,725 - INFO: Move rejected due to water leaving the GCMC sphere
2021-03-25 03:22:47,296 - INFO: 367 move(s) completed (4 accepted (1.0899 %)). Current N = 2. Average N = 1.038
2021-03-25 03:23:02,600 - INFO: Move rejected due to water leaving the GCMC sphere
2021-03-25 03:23:06,165 - INFO: 368 move(s) completed (4 accepted (1.0870 %)). Current N = 2. Average N = 1.041
2021-03-25 03:23:25,083 - INFO: 369 move(s) completed (4 accepted (1.0840 %)). Current N = 2. Average N = 1.043
2021-03-25 03:23:44,102 - INFO: 370 move(s) completed (4 accepted (1.0811 %)). Current N = 2. Average N = 1.046
2021-03-25 03:24:02,484 - INFO: 371 move(s) completed (4 accepted (1.0782 %)). Current N = 2. Average N = 1.048
2021-03-25 03:24:16,909 - INFO: Move rejected due to water leaving the GCMC sphere
2021-03-25 03:24:20,432 - INFO: 372 move(s) completed (4 accepted (1.0753 %)). Current N = 2. Average N = 1.051
2021-03-25 03:24:34,793 - INFO: Move rejected due to water leaving the GCMC sphere
2021-03-25 03:24:38,329 - INFO: 373 move(s) completed (4 accepted (1.0724 %)). Current N = 2. Average N = 1.054
2021-03-25 03:24:52,914 - INFO: Move rejected due to water leaving the GCMC sphere
2021-03-25 03:24:56,528 - INFO: 374 move(s) completed (4 accepted (1.0695 %)). Current N = 2. Average N = 1.056
2021-03-25 03:25:11,253 - INFO: Move rejected due to water leaving the GCMC sphere
2021-03-25 03:25:14,896 - INFO: 375 move(s) completed (4 accepted (1.0667 %)). Current N = 2. Average N = 1.059
2021-03-25 03:25:29,661 - INFO: Move rejected due to water leaving the GCMC sphere
2021-03-25 03:25:33,419 - INFO: 376 move(s) completed (4 accepted (1.0638 %)). Current N = 2. Average N = 1.061
2021-03-25 03:25:51,898 - INFO: 377 move(s) completed (4 accepted (1.0610 %)). Current N = 2. Average N = 1.064
2021-03-25 03:26:10,189 - INFO: 378 move(s) completed (4 accepted (1.0582 %)). Current N = 2. Average N = 1.066
2021-03-25 03:26:28,739 - INFO: 379 move(s) completed (5 accepted (1.3193 %)). Current N = 1. Average N = 1.066
2021-03-25 03:26:47,373 - INFO: 380 move(s) completed (5 accepted (1.3158 %)). Current N = 1. Average N = 1.066
2021-03-25 03:27:02,582 - INFO: Move rejected due to water leaving the GCMC sphere
2021-03-25 03:27:06,120 - INFO: 381 move(s) completed (5 accepted (1.3123 %)). Current N = 1. Average N = 1.066
2021-03-25 03:27:24,636 - INFO: 382 move(s) completed (5 accepted (1.3089 %)). Current N = 1. Average N = 1.065
2021-03-25 03:27:39,824 - INFO: Move rejected due to water leaving the GCMC sphere
2021-03-25 03:27:43,415 - INFO: 383 move(s) completed (5 accepted (1.3055 %)). Current N = 1. Average N = 1.065
2021-03-25 03:28:02,380 - INFO: 384 move(s) completed (5 accepted (1.3021 %)). Current N = 1. Average N = 1.065
2021-03-25 03:28:20,593 - INFO: 385 move(s) completed (5 accepted (1.2987 %)). Current N = 1. Average N = 1.065
2021-03-25 03:28:39,329 - INFO: 386 move(s) completed (5 accepted (1.2953 %)). Current N = 1. Average N = 1.065
2021-03-25 03:28:58,369 - INFO: 387 move(s) completed (5 accepted (1.2920 %)). Current N = 1. Average N = 1.065
2021-03-25 03:29:16,559 - INFO: 388 move(s) completed (5 accepted (1.2887 %)). Current N = 1. Average N = 1.064
2021-03-25 03:29:32,044 - INFO: Move rejected due to water leaving the GCMC sphere
2021-03-25 03:29:35,617 - INFO: 389 move(s) completed (5 accepted (1.2853 %)). Current N = 1. Average N = 1.064
2021-03-25 03:29:50,976 - INFO: Move rejected due to water leaving the GCMC sphere
2021-03-25 03:29:54,606 - INFO: 390 move(s) completed (5 accepted (1.2821 %)). Current N = 1. Average N = 1.064
