2021-03-24 15:42:53,187 - INFO: kT = 0.5921875708469466 kcal/mol
2021-03-24 15:42:58,511 - INFO: BaseGrandCanonicalMonteCarloSampler object initialised
2021-03-24 15:42:58,512 - INFO: GCMC sphere is based on reference atom IDs: [887, 1837]
2021-03-24 15:42:58,512 - INFO: GCMC sphere radius is 6 A
2021-03-24 15:42:58,512 - INFO: Simulating at an Adams (B) value of -6.888845176169922
2021-03-24 15:42:58,512 - INFO: GCMCSphereSampler object initialised
2021-03-24 15:42:58,513 - INFO: Each NCMC move will be executed over a total of 9.0 ps
2021-03-24 15:42:58,513 - INFO: NonequilibriumGCMCSphereSampler object initialised
2021-03-24 15:43:11,439 - INFO: 1 move(s) completed (0 accepted (0.0000 %)). Current N = 0. Average N = 0.000
2021-03-24 15:43:17,136 - INFO: 2 move(s) completed (0 accepted (0.0000 %)). Current N = 0. Average N = 0.000
2021-03-24 15:43:36,632 - INFO: Move rejected due to water leaving the GCMC sphere
2021-03-24 15:43:40,129 - INFO: 3 move(s) completed (0 accepted (0.0000 %)). Current N = 0. Average N = 0.000
2021-03-24 15:44:03,533 - INFO: 4 move(s) completed (0 accepted (0.0000 %)). Current N = 0. Average N = 0.000
2021-03-24 15:44:09,509 - INFO: 5 move(s) completed (0 accepted (0.0000 %)). Current N = 0. Average N = 0.000
2021-03-24 15:44:15,303 - INFO: 6 move(s) completed (0 accepted (0.0000 %)). Current N = 0. Average N = 0.000
2021-03-24 15:44:21,163 - INFO: 7 move(s) completed (0 accepted (0.0000 %)). Current N = 0. Average N = 0.000
2021-03-24 15:44:26,984 - INFO: 8 move(s) completed (0 accepted (0.0000 %)). Current N = 0. Average N = 0.000
2021-03-24 15:44:32,618 - INFO: 9 move(s) completed (0 accepted (0.0000 %)). Current N = 0. Average N = 0.000
2021-03-24 15:44:38,188 - INFO: 10 move(s) completed (0 accepted (0.0000 %)). Current N = 0. Average N = 0.000
2021-03-24 15:45:00,514 - INFO: 11 move(s) completed (0 accepted (0.0000 %)). Current N = 0. Average N = 0.000
2021-03-24 15:45:06,413 - INFO: 12 move(s) completed (0 accepted (0.0000 %)). Current N = 0. Average N = 0.000
2021-03-24 15:45:12,115 - INFO: 13 move(s) completed (0 accepted (0.0000 %)). Current N = 0. Average N = 0.000
2021-03-24 15:45:17,891 - INFO: 14 move(s) completed (0 accepted (0.0000 %)). Current N = 0. Average N = 0.000
2021-03-24 15:45:36,633 - INFO: Move rejected due to water leaving the GCMC sphere
2021-03-24 15:45:40,150 - INFO: 15 move(s) completed (0 accepted (0.0000 %)). Current N = 0. Average N = 0.000
2021-03-24 15:46:02,981 - INFO: 16 move(s) completed (0 accepted (0.0000 %)). Current N = 0. Average N = 0.000
2021-03-24 15:46:22,292 - INFO: Move rejected due to water leaving the GCMC sphere
2021-03-24 15:46:25,768 - INFO: 17 move(s) completed (0 accepted (0.0000 %)). Current N = 0. Average N = 0.000
2021-03-24 15:46:31,574 - INFO: 18 move(s) completed (0 accepted (0.0000 %)). Current N = 0. Average N = 0.000
2021-03-24 15:46:37,374 - INFO: 19 move(s) completed (0 accepted (0.0000 %)). Current N = 0. Average N = 0.000
2021-03-24 15:46:43,124 - INFO: 20 move(s) completed (0 accepted (0.0000 %)). Current N = 0. Average N = 0.000
2021-03-24 15:46:48,881 - INFO: 21 move(s) completed (0 accepted (0.0000 %)). Current N = 0. Average N = 0.000
2021-03-24 15:46:54,706 - INFO: 22 move(s) completed (0 accepted (0.0000 %)). Current N = 0. Average N = 0.000
2021-03-24 15:47:00,473 - INFO: 23 move(s) completed (0 accepted (0.0000 %)). Current N = 0. Average N = 0.000
2021-03-24 15:47:23,318 - INFO: 24 move(s) completed (0 accepted (0.0000 %)). Current N = 0. Average N = 0.000
2021-03-24 15:47:29,111 - INFO: 25 move(s) completed (0 accepted (0.0000 %)). Current N = 0. Average N = 0.000
2021-03-24 15:47:51,971 - INFO: 26 move(s) completed (0 accepted (0.0000 %)). Current N = 0. Average N = 0.000
2021-03-24 15:47:57,891 - INFO: 27 move(s) completed (0 accepted (0.0000 %)). Current N = 0. Average N = 0.000
2021-03-24 15:48:03,618 - INFO: 28 move(s) completed (0 accepted (0.0000 %)). Current N = 0. Average N = 0.000
2021-03-24 15:48:26,827 - INFO: 29 move(s) completed (0 accepted (0.0000 %)). Current N = 0. Average N = 0.000
2021-03-24 15:48:32,594 - INFO: 30 move(s) completed (0 accepted (0.0000 %)). Current N = 0. Average N = 0.000
2021-03-24 15:48:38,430 - INFO: 31 move(s) completed (0 accepted (0.0000 %)). Current N = 0. Average N = 0.000
2021-03-24 15:48:44,112 - INFO: 32 move(s) completed (0 accepted (0.0000 %)). Current N = 0. Average N = 0.000
2021-03-24 15:49:07,467 - INFO: 33 move(s) completed (0 accepted (0.0000 %)). Current N = 0. Average N = 0.000
2021-03-24 15:49:30,928 - INFO: 34 move(s) completed (1 accepted (2.9412 %)). Current N = 1. Average N = 0.029
2021-03-24 15:49:50,588 - INFO: Move rejected due to water leaving the GCMC sphere
2021-03-24 15:49:54,090 - INFO: 35 move(s) completed (1 accepted (2.8571 %)). Current N = 1. Average N = 0.057
2021-03-24 15:50:16,785 - INFO: 36 move(s) completed (1 accepted (2.7778 %)). Current N = 1. Average N = 0.083
2021-03-24 15:50:39,510 - INFO: 37 move(s) completed (1 accepted (2.7027 %)). Current N = 1. Average N = 0.108
2021-03-24 15:50:58,983 - INFO: Move rejected due to water leaving the GCMC sphere
2021-03-24 15:51:02,496 - INFO: 38 move(s) completed (1 accepted (2.6316 %)). Current N = 1. Average N = 0.132
2021-03-24 15:51:25,322 - INFO: 39 move(s) completed (1 accepted (2.5641 %)). Current N = 1. Average N = 0.154
2021-03-24 15:51:47,956 - INFO: 40 move(s) completed (1 accepted (2.5000 %)). Current N = 1. Average N = 0.175
2021-03-24 15:52:07,140 - INFO: Move rejected due to water leaving the GCMC sphere
2021-03-24 15:52:10,738 - INFO: 41 move(s) completed (1 accepted (2.4390 %)). Current N = 1. Average N = 0.195
2021-03-24 15:52:30,339 - INFO: Move rejected due to water leaving the GCMC sphere
2021-03-24 15:52:33,832 - INFO: 42 move(s) completed (1 accepted (2.3810 %)). Current N = 1. Average N = 0.214
2021-03-24 15:52:53,633 - INFO: Move rejected due to water leaving the GCMC sphere
2021-03-24 15:52:57,256 - INFO: 43 move(s) completed (1 accepted (2.3256 %)). Current N = 1. Average N = 0.233
2021-03-24 15:53:19,749 - INFO: 44 move(s) completed (1 accepted (2.2727 %)). Current N = 1. Average N = 0.250
2021-03-24 15:53:39,507 - INFO: Move rejected due to water leaving the GCMC sphere
2021-03-24 15:53:42,974 - INFO: 45 move(s) completed (1 accepted (2.2222 %)). Current N = 1. Average N = 0.267
2021-03-24 15:54:06,427 - INFO: 46 move(s) completed (1 accepted (2.1739 %)). Current N = 1. Average N = 0.283
2021-03-24 15:54:26,086 - INFO: Move rejected due to water leaving the GCMC sphere
2021-03-24 15:54:29,745 - INFO: 47 move(s) completed (1 accepted (2.1277 %)). Current N = 1. Average N = 0.298
2021-03-24 15:54:48,857 - INFO: Move rejected due to water leaving the GCMC sphere
2021-03-24 15:54:52,381 - INFO: 48 move(s) completed (1 accepted (2.0833 %)). Current N = 1. Average N = 0.312
2021-03-24 15:55:11,324 - INFO: Move rejected due to water leaving the GCMC sphere
2021-03-24 15:55:14,888 - INFO: 49 move(s) completed (1 accepted (2.0408 %)). Current N = 1. Average N = 0.327
2021-03-24 15:55:33,961 - INFO: Move rejected due to water leaving the GCMC sphere
2021-03-24 15:55:37,610 - INFO: 50 move(s) completed (1 accepted (2.0000 %)). Current N = 1. Average N = 0.340
2021-03-24 15:55:56,746 - INFO: Move rejected due to water leaving the GCMC sphere
2021-03-24 15:56:00,162 - INFO: 51 move(s) completed (1 accepted (1.9608 %)). Current N = 1. Average N = 0.353
2021-03-24 15:56:19,332 - INFO: Move rejected due to water leaving the GCMC sphere
2021-03-24 15:56:22,966 - INFO: 52 move(s) completed (1 accepted (1.9231 %)). Current N = 1. Average N = 0.365
2021-03-24 15:56:42,371 - INFO: Move rejected due to water leaving the GCMC sphere
2021-03-24 15:56:45,847 - INFO: 53 move(s) completed (1 accepted (1.8868 %)). Current N = 1. Average N = 0.377
2021-03-24 15:57:05,304 - INFO: Move rejected due to water leaving the GCMC sphere
2021-03-24 15:57:08,933 - INFO: 54 move(s) completed (1 accepted (1.8519 %)). Current N = 1. Average N = 0.389
2021-03-24 15:57:28,448 - INFO: Move rejected due to water leaving the GCMC sphere
2021-03-24 15:57:31,991 - INFO: 55 move(s) completed (1 accepted (1.8182 %)). Current N = 1. Average N = 0.400
2021-03-24 15:57:51,698 - INFO: Move rejected due to water leaving the GCMC sphere
2021-03-24 15:57:55,173 - INFO: 56 move(s) completed (1 accepted (1.7857 %)). Current N = 1. Average N = 0.411
2021-03-24 15:58:14,823 - INFO: Move rejected due to water leaving the GCMC sphere
2021-03-24 15:58:18,516 - INFO: 57 move(s) completed (1 accepted (1.7544 %)). Current N = 1. Average N = 0.421
2021-03-24 15:58:42,018 - INFO: 58 move(s) completed (1 accepted (1.7241 %)). Current N = 1. Average N = 0.431
2021-03-24 15:59:01,877 - INFO: Move rejected due to water leaving the GCMC sphere
2021-03-24 15:59:05,348 - INFO: 59 move(s) completed (1 accepted (1.6949 %)). Current N = 1. Average N = 0.441
2021-03-24 15:59:27,662 - INFO: 60 move(s) completed (1 accepted (1.6667 %)). Current N = 1. Average N = 0.450
2021-03-24 15:59:51,364 - INFO: 61 move(s) completed (1 accepted (1.6393 %)). Current N = 1. Average N = 0.459
2021-03-24 16:00:10,573 - INFO: Move rejected due to water leaving the GCMC sphere
2021-03-24 16:00:14,057 - INFO: 62 move(s) completed (1 accepted (1.6129 %)). Current N = 1. Average N = 0.468
2021-03-24 16:00:36,817 - INFO: 63 move(s) completed (1 accepted (1.5873 %)). Current N = 1. Average N = 0.476
2021-03-24 16:00:59,598 - INFO: 64 move(s) completed (1 accepted (1.5625 %)). Current N = 1. Average N = 0.484
2021-03-24 16:01:18,775 - INFO: Move rejected due to water leaving the GCMC sphere
2021-03-24 16:01:22,375 - INFO: 65 move(s) completed (1 accepted (1.5385 %)). Current N = 1. Average N = 0.492
2021-03-24 16:01:45,439 - INFO: 66 move(s) completed (1 accepted (1.5152 %)). Current N = 1. Average N = 0.500
2021-03-24 16:02:04,999 - INFO: Move rejected due to water leaving the GCMC sphere
2021-03-24 16:02:08,526 - INFO: 67 move(s) completed (1 accepted (1.4925 %)). Current N = 1. Average N = 0.507
2021-03-24 16:02:27,897 - INFO: Move rejected due to water leaving the GCMC sphere
2021-03-24 16:02:31,455 - INFO: 68 move(s) completed (1 accepted (1.4706 %)). Current N = 1. Average N = 0.515
2021-03-24 16:02:54,786 - INFO: 69 move(s) completed (1 accepted (1.4493 %)). Current N = 1. Average N = 0.522
2021-03-24 16:03:17,946 - INFO: 70 move(s) completed (1 accepted (1.4286 %)). Current N = 1. Average N = 0.529
2021-03-24 16:03:40,648 - INFO: 71 move(s) completed (1 accepted (1.4085 %)). Current N = 1. Average N = 0.535
2021-03-24 16:04:03,070 - INFO: 72 move(s) completed (1 accepted (1.3889 %)). Current N = 1. Average N = 0.542
2021-03-24 16:04:26,469 - INFO: 73 move(s) completed (1 accepted (1.3699 %)). Current N = 1. Average N = 0.548
2021-03-24 16:04:45,599 - INFO: Move rejected due to water leaving the GCMC sphere
2021-03-24 16:04:49,231 - INFO: 74 move(s) completed (1 accepted (1.3514 %)). Current N = 1. Average N = 0.554
2021-03-24 16:05:08,430 - INFO: Move rejected due to water leaving the GCMC sphere
2021-03-24 16:05:11,996 - INFO: 75 move(s) completed (1 accepted (1.3333 %)). Current N = 1. Average N = 0.560
2021-03-24 16:05:31,196 - INFO: Move rejected due to water leaving the GCMC sphere
2021-03-24 16:05:34,773 - INFO: 76 move(s) completed (1 accepted (1.3158 %)). Current N = 1. Average N = 0.566
2021-03-24 16:05:57,468 - INFO: 77 move(s) completed (1 accepted (1.2987 %)). Current N = 1. Average N = 0.571
2021-03-24 16:06:16,515 - INFO: Move rejected due to water leaving the GCMC sphere
2021-03-24 16:06:20,041 - INFO: 78 move(s) completed (1 accepted (1.2821 %)). Current N = 1. Average N = 0.577
2021-03-24 16:06:42,815 - INFO: 79 move(s) completed (1 accepted (1.2658 %)). Current N = 1. Average N = 0.582
2021-03-24 16:07:05,278 - INFO: 80 move(s) completed (1 accepted (1.2500 %)). Current N = 1. Average N = 0.588
2021-03-24 16:07:24,774 - INFO: Move rejected due to water leaving the GCMC sphere
2021-03-24 16:07:28,359 - INFO: 81 move(s) completed (1 accepted (1.2346 %)). Current N = 1. Average N = 0.593
2021-03-24 16:07:48,036 - INFO: Move rejected due to water leaving the GCMC sphere
2021-03-24 16:07:51,619 - INFO: 82 move(s) completed (1 accepted (1.2195 %)). Current N = 1. Average N = 0.598
2021-03-24 16:08:11,370 - INFO: Move rejected due to water leaving the GCMC sphere
2021-03-24 16:08:14,874 - INFO: 83 move(s) completed (1 accepted (1.2048 %)). Current N = 1. Average N = 0.602
2021-03-24 16:08:34,635 - INFO: Move rejected due to water leaving the GCMC sphere
2021-03-24 16:08:38,255 - INFO: 84 move(s) completed (1 accepted (1.1905 %)). Current N = 1. Average N = 0.607
2021-03-24 16:09:01,756 - INFO: 85 move(s) completed (1 accepted (1.1765 %)). Current N = 1. Average N = 0.612
2021-03-24 16:09:25,417 - INFO: 86 move(s) completed (1 accepted (1.1628 %)). Current N = 1. Average N = 0.616
2021-03-24 16:09:44,287 - INFO: Move rejected due to water leaving the GCMC sphere
2021-03-24 16:09:47,853 - INFO: 87 move(s) completed (1 accepted (1.1494 %)). Current N = 1. Average N = 0.621
2021-03-24 16:10:07,045 - INFO: Move rejected due to water leaving the GCMC sphere
2021-03-24 16:10:10,699 - INFO: 88 move(s) completed (1 accepted (1.1364 %)). Current N = 1. Average N = 0.625
2021-03-24 16:10:33,357 - INFO: 89 move(s) completed (1 accepted (1.1236 %)). Current N = 1. Average N = 0.629
2021-03-24 16:10:52,547 - INFO: Move rejected due to water leaving the GCMC sphere
2021-03-24 16:10:56,114 - INFO: 90 move(s) completed (1 accepted (1.1111 %)). Current N = 1. Average N = 0.633
2021-03-24 16:11:15,579 - INFO: Move rejected due to water leaving the GCMC sphere
2021-03-24 16:11:19,157 - INFO: 91 move(s) completed (1 accepted (1.0989 %)). Current N = 1. Average N = 0.637
2021-03-24 16:11:41,778 - INFO: 92 move(s) completed (1 accepted (1.0870 %)). Current N = 1. Average N = 0.641
2021-03-24 16:12:04,315 - INFO: 93 move(s) completed (1 accepted (1.0753 %)). Current N = 1. Average N = 0.645
2021-03-24 16:12:27,063 - INFO: 94 move(s) completed (1 accepted (1.0638 %)). Current N = 1. Average N = 0.649
2021-03-24 16:12:46,825 - INFO: Move rejected due to water leaving the GCMC sphere
2021-03-24 16:12:50,444 - INFO: 95 move(s) completed (1 accepted (1.0526 %)). Current N = 1. Average N = 0.653
2021-03-24 16:13:10,255 - INFO: Move rejected due to water leaving the GCMC sphere
2021-03-24 16:13:13,806 - INFO: 96 move(s) completed (1 accepted (1.0417 %)). Current N = 1. Average N = 0.656
2021-03-24 16:13:33,517 - INFO: Move rejected due to water leaving the GCMC sphere
2021-03-24 16:13:37,064 - INFO: 97 move(s) completed (1 accepted (1.0309 %)). Current N = 1. Average N = 0.660
2021-03-24 16:13:59,578 - INFO: 98 move(s) completed (1 accepted (1.0204 %)). Current N = 1. Average N = 0.663
2021-03-24 16:14:18,671 - INFO: Move rejected due to water leaving the GCMC sphere
2021-03-24 16:14:22,153 - INFO: 99 move(s) completed (1 accepted (1.0101 %)). Current N = 1. Average N = 0.667
2021-03-24 16:14:41,292 - INFO: Move rejected due to water leaving the GCMC sphere
2021-03-24 16:14:44,961 - INFO: 100 move(s) completed (1 accepted (1.0000 %)). Current N = 1. Average N = 0.670
2021-03-24 16:15:04,057 - INFO: Move rejected due to water leaving the GCMC sphere
2021-03-24 16:15:07,623 - INFO: 101 move(s) completed (1 accepted (0.9901 %)). Current N = 1. Average N = 0.673
2021-03-24 16:15:26,908 - INFO: Move rejected due to water leaving the GCMC sphere
2021-03-24 16:15:30,335 - INFO: 102 move(s) completed (1 accepted (0.9804 %)). Current N = 1. Average N = 0.676
2021-03-24 16:15:53,235 - INFO: 103 move(s) completed (1 accepted (0.9709 %)). Current N = 1. Average N = 0.680
2021-03-24 16:16:16,093 - INFO: 104 move(s) completed (1 accepted (0.9615 %)). Current N = 1. Average N = 0.683
2021-03-24 16:16:35,336 - INFO: Move rejected due to water leaving the GCMC sphere
2021-03-24 16:16:38,889 - INFO: 105 move(s) completed (1 accepted (0.9524 %)). Current N = 1. Average N = 0.686
2021-03-24 16:17:01,703 - INFO: 106 move(s) completed (1 accepted (0.9434 %)). Current N = 1. Average N = 0.689
2021-03-24 16:17:24,775 - INFO: 107 move(s) completed (1 accepted (0.9346 %)). Current N = 1. Average N = 0.692
2021-03-24 16:17:44,523 - INFO: Move rejected due to water leaving the GCMC sphere
2021-03-24 16:17:48,061 - INFO: 108 move(s) completed (1 accepted (0.9259 %)). Current N = 1. Average N = 0.694
2021-03-24 16:18:11,379 - INFO: 109 move(s) completed (1 accepted (0.9174 %)). Current N = 1. Average N = 0.697
2021-03-24 16:18:34,871 - INFO: 110 move(s) completed (1 accepted (0.9091 %)). Current N = 1. Average N = 0.700
2021-03-24 16:18:57,426 - INFO: 111 move(s) completed (1 accepted (0.9009 %)). Current N = 1. Average N = 0.703
2021-03-24 16:19:16,393 - INFO: Move rejected due to water leaving the GCMC sphere
2021-03-24 16:19:19,915 - INFO: 112 move(s) completed (1 accepted (0.8929 %)). Current N = 1. Average N = 0.705
2021-03-24 16:19:42,641 - INFO: 113 move(s) completed (1 accepted (0.8850 %)). Current N = 1. Average N = 0.708
2021-03-24 16:20:01,910 - INFO: Move rejected due to water leaving the GCMC sphere
2021-03-24 16:20:05,499 - INFO: 114 move(s) completed (1 accepted (0.8772 %)). Current N = 1. Average N = 0.711
2021-03-24 16:20:24,691 - INFO: Move rejected due to water leaving the GCMC sphere
2021-03-24 16:20:28,122 - INFO: 115 move(s) completed (1 accepted (0.8696 %)). Current N = 1. Average N = 0.713
2021-03-24 16:20:47,608 - INFO: Move rejected due to water leaving the GCMC sphere
2021-03-24 16:20:51,047 - INFO: 116 move(s) completed (1 accepted (0.8621 %)). Current N = 1. Average N = 0.716
2021-03-24 16:21:10,534 - INFO: Move rejected due to water leaving the GCMC sphere
2021-03-24 16:21:14,068 - INFO: 117 move(s) completed (1 accepted (0.8547 %)). Current N = 1. Average N = 0.718
2021-03-24 16:21:33,657 - INFO: Move rejected due to water leaving the GCMC sphere
2021-03-24 16:21:37,022 - INFO: 118 move(s) completed (1 accepted (0.8475 %)). Current N = 1. Average N = 0.720
2021-03-24 16:21:56,533 - INFO: Move rejected due to water leaving the GCMC sphere
2021-03-24 16:22:00,133 - INFO: 119 move(s) completed (1 accepted (0.8403 %)). Current N = 1. Average N = 0.723
2021-03-24 16:22:19,836 - INFO: Move rejected due to water leaving the GCMC sphere
2021-03-24 16:22:23,410 - INFO: 120 move(s) completed (1 accepted (0.8333 %)). Current N = 1. Average N = 0.725
2021-03-24 16:22:46,605 - INFO: 121 move(s) completed (1 accepted (0.8264 %)). Current N = 1. Average N = 0.727
2021-03-24 16:23:06,385 - INFO: Move rejected due to water leaving the GCMC sphere
2021-03-24 16:23:10,000 - INFO: 122 move(s) completed (1 accepted (0.8197 %)). Current N = 1. Average N = 0.730
2021-03-24 16:23:29,699 - INFO: Move rejected due to water leaving the GCMC sphere
2021-03-24 16:23:33,261 - INFO: 123 move(s) completed (1 accepted (0.8130 %)). Current N = 1. Average N = 0.732
2021-03-24 16:23:53,129 - INFO: Move rejected due to water leaving the GCMC sphere
2021-03-24 16:23:56,630 - INFO: 124 move(s) completed (1 accepted (0.8065 %)). Current N = 1. Average N = 0.734
2021-03-24 16:24:15,616 - INFO: Move rejected due to water leaving the GCMC sphere
2021-03-24 16:24:19,233 - INFO: 125 move(s) completed (1 accepted (0.8000 %)). Current N = 1. Average N = 0.736
2021-03-24 16:24:41,728 - INFO: 126 move(s) completed (1 accepted (0.7937 %)). Current N = 1. Average N = 0.738
2021-03-24 16:25:04,198 - INFO: 127 move(s) completed (1 accepted (0.7874 %)). Current N = 1. Average N = 0.740
2021-03-24 16:25:27,115 - INFO: 128 move(s) completed (1 accepted (0.7812 %)). Current N = 1. Average N = 0.742
2021-03-24 16:25:46,560 - INFO: Move rejected due to water leaving the GCMC sphere
2021-03-24 16:25:50,222 - INFO: 129 move(s) completed (1 accepted (0.7752 %)). Current N = 1. Average N = 0.744
2021-03-24 16:26:13,193 - INFO: 130 move(s) completed (1 accepted (0.7692 %)). Current N = 1. Average N = 0.746
2021-03-24 16:26:36,162 - INFO: 131 move(s) completed (1 accepted (0.7634 %)). Current N = 1. Average N = 0.748
2021-03-24 16:26:59,389 - INFO: 132 move(s) completed (1 accepted (0.7576 %)). Current N = 1. Average N = 0.750
2021-03-24 16:27:18,536 - INFO: Move rejected due to water leaving the GCMC sphere
2021-03-24 16:27:22,153 - INFO: 133 move(s) completed (1 accepted (0.7519 %)). Current N = 1. Average N = 0.752
2021-03-24 16:27:41,952 - INFO: Move rejected due to water leaving the GCMC sphere
2021-03-24 16:27:45,544 - INFO: 134 move(s) completed (1 accepted (0.7463 %)). Current N = 1. Average N = 0.754
2021-03-24 16:28:04,460 - INFO: Move rejected due to water leaving the GCMC sphere
2021-03-24 16:28:07,861 - INFO: 135 move(s) completed (1 accepted (0.7407 %)). Current N = 1. Average N = 0.756
2021-03-24 16:28:26,910 - INFO: Move rejected due to water leaving the GCMC sphere
2021-03-24 16:28:30,378 - INFO: 136 move(s) completed (1 accepted (0.7353 %)). Current N = 1. Average N = 0.757
2021-03-24 16:28:52,933 - INFO: 137 move(s) completed (1 accepted (0.7299 %)). Current N = 1. Average N = 0.759
2021-03-24 16:29:11,857 - INFO: Move rejected due to water leaving the GCMC sphere
2021-03-24 16:29:15,370 - INFO: 138 move(s) completed (1 accepted (0.7246 %)). Current N = 1. Average N = 0.761
2021-03-24 16:29:37,826 - INFO: 139 move(s) completed (1 accepted (0.7194 %)). Current N = 1. Average N = 0.763
2021-03-24 16:29:56,788 - INFO: Move rejected due to water leaving the GCMC sphere
2021-03-24 16:30:00,291 - INFO: 140 move(s) completed (1 accepted (0.7143 %)). Current N = 1. Average N = 0.764
2021-03-24 16:30:23,022 - INFO: 141 move(s) completed (1 accepted (0.7092 %)). Current N = 1. Average N = 0.766
2021-03-24 16:30:42,037 - INFO: Move rejected due to water leaving the GCMC sphere
2021-03-24 16:30:45,704 - INFO: 142 move(s) completed (1 accepted (0.7042 %)). Current N = 1. Average N = 0.768
2021-03-24 16:31:08,334 - INFO: 143 move(s) completed (1 accepted (0.6993 %)). Current N = 1. Average N = 0.769
2021-03-24 16:31:27,924 - INFO: Move rejected due to water leaving the GCMC sphere
2021-03-24 16:31:31,420 - INFO: 144 move(s) completed (1 accepted (0.6944 %)). Current N = 1. Average N = 0.771
2021-03-24 16:31:51,074 - INFO: Move rejected due to water leaving the GCMC sphere
2021-03-24 16:31:54,709 - INFO: 145 move(s) completed (1 accepted (0.6897 %)). Current N = 1. Average N = 0.772
2021-03-24 16:32:13,888 - INFO: Move rejected due to water leaving the GCMC sphere
2021-03-24 16:32:17,434 - INFO: 146 move(s) completed (1 accepted (0.6849 %)). Current N = 1. Average N = 0.774
2021-03-24 16:32:37,257 - INFO: Move rejected due to water leaving the GCMC sphere
2021-03-24 16:32:40,955 - INFO: 147 move(s) completed (1 accepted (0.6803 %)). Current N = 1. Average N = 0.775
2021-03-24 16:33:04,269 - INFO: 148 move(s) completed (1 accepted (0.6757 %)). Current N = 1. Average N = 0.777
2021-03-24 16:33:24,262 - INFO: Move rejected due to water leaving the GCMC sphere
2021-03-24 16:33:27,783 - INFO: 149 move(s) completed (1 accepted (0.6711 %)). Current N = 1. Average N = 0.778
2021-03-24 16:33:50,236 - INFO: 150 move(s) completed (1 accepted (0.6667 %)). Current N = 1. Average N = 0.780
2021-03-24 16:34:09,194 - INFO: Move rejected due to water leaving the GCMC sphere
2021-03-24 16:34:12,739 - INFO: 151 move(s) completed (1 accepted (0.6623 %)). Current N = 1. Average N = 0.781
2021-03-24 16:34:35,304 - INFO: 152 move(s) completed (1 accepted (0.6579 %)). Current N = 1. Average N = 0.783
2021-03-24 16:34:54,213 - INFO: Move rejected due to water leaving the GCMC sphere
2021-03-24 16:34:57,787 - INFO: 153 move(s) completed (1 accepted (0.6536 %)). Current N = 1. Average N = 0.784
2021-03-24 16:35:20,683 - INFO: 154 move(s) completed (1 accepted (0.6494 %)). Current N = 1. Average N = 0.786
2021-03-24 16:35:43,591 - INFO: 155 move(s) completed (1 accepted (0.6452 %)). Current N = 1. Average N = 0.787
2021-03-24 16:36:03,046 - INFO: Move rejected due to water leaving the GCMC sphere
2021-03-24 16:36:06,587 - INFO: 156 move(s) completed (1 accepted (0.6410 %)). Current N = 1. Average N = 0.788
2021-03-24 16:36:29,671 - INFO: 157 move(s) completed (1 accepted (0.6369 %)). Current N = 1. Average N = 0.790
2021-03-24 16:36:49,302 - INFO: Move rejected due to water leaving the GCMC sphere
2021-03-24 16:36:52,895 - INFO: 158 move(s) completed (1 accepted (0.6329 %)). Current N = 1. Average N = 0.791
2021-03-24 16:37:15,981 - INFO: 159 move(s) completed (1 accepted (0.6289 %)). Current N = 1. Average N = 0.792
2021-03-24 16:37:35,131 - INFO: Move rejected due to water leaving the GCMC sphere
2021-03-24 16:37:38,747 - INFO: 160 move(s) completed (1 accepted (0.6250 %)). Current N = 1. Average N = 0.794
2021-03-24 16:37:58,536 - INFO: Move rejected due to water leaving the GCMC sphere
2021-03-24 16:38:02,166 - INFO: 161 move(s) completed (1 accepted (0.6211 %)). Current N = 1. Average N = 0.795
2021-03-24 16:38:22,174 - INFO: Move rejected due to water leaving the GCMC sphere
2021-03-24 16:38:25,769 - INFO: 162 move(s) completed (1 accepted (0.6173 %)). Current N = 1. Average N = 0.796
2021-03-24 16:38:48,210 - INFO: 163 move(s) completed (1 accepted (0.6135 %)). Current N = 1. Average N = 0.797
2021-03-24 16:39:10,690 - INFO: 164 move(s) completed (1 accepted (0.6098 %)). Current N = 1. Average N = 0.799
2021-03-24 16:39:33,183 - INFO: 165 move(s) completed (1 accepted (0.6061 %)). Current N = 1. Average N = 0.800
2021-03-24 16:39:55,651 - INFO: 166 move(s) completed (1 accepted (0.6024 %)). Current N = 1. Average N = 0.801
2021-03-24 16:40:18,283 - INFO: 167 move(s) completed (1 accepted (0.5988 %)). Current N = 1. Average N = 0.802
2021-03-24 16:40:37,820 - INFO: Move rejected due to water leaving the GCMC sphere
2021-03-24 16:40:41,516 - INFO: 168 move(s) completed (1 accepted (0.5952 %)). Current N = 1. Average N = 0.804
2021-03-24 16:41:00,922 - INFO: Move rejected due to water leaving the GCMC sphere
2021-03-24 16:41:04,522 - INFO: 169 move(s) completed (1 accepted (0.5917 %)). Current N = 1. Average N = 0.805
2021-03-24 16:41:24,370 - INFO: Move rejected due to water leaving the GCMC sphere
2021-03-24 16:41:27,909 - INFO: 170 move(s) completed (1 accepted (0.5882 %)). Current N = 1. Average N = 0.806
2021-03-24 16:41:47,500 - INFO: Move rejected due to water leaving the GCMC sphere
2021-03-24 16:41:51,045 - INFO: 171 move(s) completed (1 accepted (0.5848 %)). Current N = 1. Average N = 0.807
2021-03-24 16:42:14,169 - INFO: 172 move(s) completed (1 accepted (0.5814 %)). Current N = 1. Average N = 0.808
2021-03-24 16:42:36,597 - INFO: 173 move(s) completed (1 accepted (0.5780 %)). Current N = 1. Average N = 0.809
2021-03-24 16:42:59,972 - INFO: 174 move(s) completed (1 accepted (0.5747 %)). Current N = 1. Average N = 0.810
2021-03-24 16:43:22,559 - INFO: 175 move(s) completed (1 accepted (0.5714 %)). Current N = 1. Average N = 0.811
2021-03-24 16:43:45,150 - INFO: 176 move(s) completed (1 accepted (0.5682 %)). Current N = 1. Average N = 0.812
2021-03-24 16:44:04,108 - INFO: Move rejected due to water leaving the GCMC sphere
2021-03-24 16:44:07,675 - INFO: 177 move(s) completed (1 accepted (0.5650 %)). Current N = 1. Average N = 0.814
2021-03-24 16:44:30,351 - INFO: 178 move(s) completed (1 accepted (0.5618 %)). Current N = 1. Average N = 0.815
2021-03-24 16:44:49,581 - INFO: Move rejected due to water leaving the GCMC sphere
2021-03-24 16:44:53,245 - INFO: 179 move(s) completed (1 accepted (0.5587 %)). Current N = 1. Average N = 0.816
2021-03-24 16:45:16,099 - INFO: 180 move(s) completed (1 accepted (0.5556 %)). Current N = 1. Average N = 0.817
2021-03-24 16:45:39,145 - INFO: 181 move(s) completed (1 accepted (0.5525 %)). Current N = 1. Average N = 0.818
2021-03-24 16:46:02,313 - INFO: 182 move(s) completed (1 accepted (0.5495 %)). Current N = 1. Average N = 0.819
2021-03-24 16:46:22,115 - INFO: Move rejected due to water leaving the GCMC sphere
2021-03-24 16:46:25,593 - INFO: 183 move(s) completed (1 accepted (0.5464 %)). Current N = 1. Average N = 0.820
2021-03-24 16:46:48,733 - INFO: 184 move(s) completed (1 accepted (0.5435 %)). Current N = 1. Average N = 0.821
2021-03-24 16:47:11,260 - INFO: 185 move(s) completed (1 accepted (0.5405 %)). Current N = 1. Average N = 0.822
2021-03-24 16:47:30,306 - INFO: Move rejected due to water leaving the GCMC sphere
2021-03-24 16:47:33,937 - INFO: 186 move(s) completed (1 accepted (0.5376 %)). Current N = 1. Average N = 0.823
2021-03-24 16:47:52,738 - INFO: Move rejected due to water leaving the GCMC sphere
2021-03-24 16:47:56,356 - INFO: 187 move(s) completed (1 accepted (0.5348 %)). Current N = 1. Average N = 0.824
2021-03-24 16:48:19,034 - INFO: 188 move(s) completed (1 accepted (0.5319 %)). Current N = 1. Average N = 0.825
2021-03-24 16:48:41,387 - INFO: 189 move(s) completed (1 accepted (0.5291 %)). Current N = 1. Average N = 0.825
2021-03-24 16:49:00,557 - INFO: Move rejected due to water leaving the GCMC sphere
2021-03-24 16:49:04,037 - INFO: 190 move(s) completed (1 accepted (0.5263 %)). Current N = 1. Average N = 0.826
2021-03-24 16:49:26,815 - INFO: 191 move(s) completed (1 accepted (0.5236 %)). Current N = 1. Average N = 0.827
2021-03-24 16:49:45,848 - INFO: Move rejected due to water leaving the GCMC sphere
2021-03-24 16:49:49,442 - INFO: 192 move(s) completed (1 accepted (0.5208 %)). Current N = 1. Average N = 0.828
2021-03-24 16:50:12,455 - INFO: 193 move(s) completed (1 accepted (0.5181 %)). Current N = 1. Average N = 0.829
2021-03-24 16:50:35,444 - INFO: 194 move(s) completed (1 accepted (0.5155 %)). Current N = 1. Average N = 0.830
2021-03-24 16:50:58,231 - INFO: 195 move(s) completed (1 accepted (0.5128 %)). Current N = 1. Average N = 0.831
2021-03-24 16:51:21,401 - INFO: 196 move(s) completed (1 accepted (0.5102 %)). Current N = 1. Average N = 0.832
2021-03-24 16:51:41,079 - INFO: Move rejected due to water leaving the GCMC sphere
2021-03-24 16:51:44,582 - INFO: 197 move(s) completed (1 accepted (0.5076 %)). Current N = 1. Average N = 0.833
2021-03-24 16:52:03,639 - INFO: Move rejected due to water leaving the GCMC sphere
2021-03-24 16:52:07,213 - INFO: 198 move(s) completed (1 accepted (0.5051 %)). Current N = 1. Average N = 0.833
2021-03-24 16:52:30,322 - INFO: 199 move(s) completed (1 accepted (0.5025 %)). Current N = 1. Average N = 0.834
2021-03-24 16:52:53,780 - INFO: 200 move(s) completed (1 accepted (0.5000 %)). Current N = 1. Average N = 0.835
2021-03-24 16:53:12,780 - INFO: Move rejected due to water leaving the GCMC sphere
2021-03-24 16:53:16,254 - INFO: 201 move(s) completed (1 accepted (0.4975 %)). Current N = 1. Average N = 0.836
2021-03-24 16:53:38,923 - INFO: 202 move(s) completed (1 accepted (0.4950 %)). Current N = 1. Average N = 0.837
2021-03-24 16:54:01,420 - INFO: 203 move(s) completed (1 accepted (0.4926 %)). Current N = 1. Average N = 0.837
2021-03-24 16:54:20,727 - INFO: Move rejected due to water leaving the GCMC sphere
2021-03-24 16:54:24,141 - INFO: 204 move(s) completed (1 accepted (0.4902 %)). Current N = 1. Average N = 0.838
2021-03-24 16:54:43,478 - INFO: Move rejected due to water leaving the GCMC sphere
2021-03-24 16:54:47,014 - INFO: 205 move(s) completed (1 accepted (0.4878 %)). Current N = 1. Average N = 0.839
2021-03-24 16:55:06,500 - INFO: Move rejected due to water leaving the GCMC sphere
2021-03-24 16:55:10,110 - INFO: 206 move(s) completed (1 accepted (0.4854 %)). Current N = 1. Average N = 0.840
2021-03-24 16:55:33,217 - INFO: 207 move(s) completed (1 accepted (0.4831 %)). Current N = 1. Average N = 0.841
2021-03-24 16:55:52,732 - INFO: Move rejected due to water leaving the GCMC sphere
2021-03-24 16:55:56,319 - INFO: 208 move(s) completed (1 accepted (0.4808 %)). Current N = 1. Average N = 0.841
2021-03-24 16:56:16,344 - INFO: Move rejected due to water leaving the GCMC sphere
2021-03-24 16:56:19,837 - INFO: 209 move(s) completed (1 accepted (0.4785 %)). Current N = 1. Average N = 0.842
2021-03-24 16:56:39,446 - INFO: Move rejected due to water leaving the GCMC sphere
2021-03-24 16:56:42,987 - INFO: 210 move(s) completed (1 accepted (0.4762 %)). Current N = 1. Average N = 0.843
2021-03-24 16:57:06,326 - INFO: 211 move(s) completed (1 accepted (0.4739 %)). Current N = 1. Average N = 0.844
2021-03-24 16:57:26,192 - INFO: Move rejected due to water leaving the GCMC sphere
2021-03-24 16:57:29,840 - INFO: 212 move(s) completed (1 accepted (0.4717 %)). Current N = 1. Average N = 0.844
2021-03-24 16:57:53,272 - INFO: 213 move(s) completed (1 accepted (0.4695 %)). Current N = 1. Average N = 0.845
2021-03-24 16:58:15,751 - INFO: 214 move(s) completed (1 accepted (0.4673 %)). Current N = 1. Average N = 0.846
2021-03-24 16:58:34,705 - INFO: Move rejected due to water leaving the GCMC sphere
2021-03-24 16:58:38,322 - INFO: 215 move(s) completed (1 accepted (0.4651 %)). Current N = 1. Average N = 0.847
2021-03-24 16:59:00,642 - INFO: 216 move(s) completed (1 accepted (0.4630 %)). Current N = 1. Average N = 0.847
2021-03-24 16:59:19,576 - INFO: Move rejected due to water leaving the GCMC sphere
2021-03-24 16:59:23,037 - INFO: 217 move(s) completed (1 accepted (0.4608 %)). Current N = 1. Average N = 0.848
2021-03-24 16:59:45,774 - INFO: 218 move(s) completed (1 accepted (0.4587 %)). Current N = 1. Average N = 0.849
2021-03-24 17:00:08,263 - INFO: 219 move(s) completed (1 accepted (0.4566 %)). Current N = 1. Average N = 0.849
2021-03-24 17:00:31,436 - INFO: 220 move(s) completed (1 accepted (0.4545 %)). Current N = 1. Average N = 0.850
2021-03-24 17:00:51,255 - INFO: Move rejected due to water leaving the GCMC sphere
2021-03-24 17:00:54,842 - INFO: 221 move(s) completed (1 accepted (0.4525 %)). Current N = 1. Average N = 0.851
2021-03-24 17:01:14,744 - INFO: Move rejected due to water leaving the GCMC sphere
2021-03-24 17:01:18,210 - INFO: 222 move(s) completed (1 accepted (0.4505 %)). Current N = 1. Average N = 0.851
2021-03-24 17:01:41,509 - INFO: 223 move(s) completed (1 accepted (0.4484 %)). Current N = 1. Average N = 0.852
2021-03-24 17:02:05,005 - INFO: 224 move(s) completed (1 accepted (0.4464 %)). Current N = 1. Average N = 0.853
2021-03-24 17:02:24,986 - INFO: Move rejected due to water leaving the GCMC sphere
2021-03-24 17:02:28,576 - INFO: 225 move(s) completed (1 accepted (0.4444 %)). Current N = 1. Average N = 0.853
2021-03-24 17:02:51,274 - INFO: 226 move(s) completed (1 accepted (0.4425 %)). Current N = 1. Average N = 0.854
2021-03-24 17:03:13,932 - INFO: 227 move(s) completed (1 accepted (0.4405 %)). Current N = 1. Average N = 0.855
2021-03-24 17:03:36,715 - INFO: 228 move(s) completed (1 accepted (0.4386 %)). Current N = 1. Average N = 0.855
2021-03-24 17:03:55,884 - INFO: Move rejected due to water leaving the GCMC sphere
2021-03-24 17:03:59,444 - INFO: 229 move(s) completed (1 accepted (0.4367 %)). Current N = 1. Average N = 0.856
2021-03-24 17:04:22,319 - INFO: 230 move(s) completed (1 accepted (0.4348 %)). Current N = 1. Average N = 0.857
2021-03-24 17:04:41,391 - INFO: Move rejected due to water leaving the GCMC sphere
2021-03-24 17:04:44,928 - INFO: 231 move(s) completed (1 accepted (0.4329 %)). Current N = 1. Average N = 0.857
2021-03-24 17:05:07,367 - INFO: 232 move(s) completed (1 accepted (0.4310 %)). Current N = 1. Average N = 0.858
2021-03-24 17:05:26,969 - INFO: Move rejected due to water leaving the GCMC sphere
2021-03-24 17:05:30,453 - INFO: 233 move(s) completed (1 accepted (0.4292 %)). Current N = 1. Average N = 0.858
2021-03-24 17:05:53,690 - INFO: 234 move(s) completed (1 accepted (0.4274 %)). Current N = 1. Average N = 0.859
2021-03-24 17:06:16,188 - INFO: 235 move(s) completed (1 accepted (0.4255 %)). Current N = 1. Average N = 0.860
2021-03-24 17:06:38,926 - INFO: 236 move(s) completed (1 accepted (0.4237 %)). Current N = 1. Average N = 0.860
2021-03-24 17:07:01,408 - INFO: 237 move(s) completed (1 accepted (0.4219 %)). Current N = 1. Average N = 0.861
2021-03-24 17:07:20,493 - INFO: Move rejected due to water leaving the GCMC sphere
2021-03-24 17:07:24,003 - INFO: 238 move(s) completed (1 accepted (0.4202 %)). Current N = 1. Average N = 0.861
2021-03-24 17:07:42,921 - INFO: Move rejected due to water leaving the GCMC sphere
2021-03-24 17:07:46,545 - INFO: 239 move(s) completed (1 accepted (0.4184 %)). Current N = 1. Average N = 0.862
2021-03-24 17:08:09,336 - INFO: 240 move(s) completed (1 accepted (0.4167 %)). Current N = 1. Average N = 0.863
2021-03-24 17:08:32,031 - INFO: 241 move(s) completed (1 accepted (0.4149 %)). Current N = 1. Average N = 0.863
2021-03-24 17:08:51,171 - INFO: Move rejected due to water leaving the GCMC sphere
2021-03-24 17:08:54,713 - INFO: 242 move(s) completed (1 accepted (0.4132 %)). Current N = 1. Average N = 0.864
2021-03-24 17:09:17,185 - INFO: 243 move(s) completed (1 accepted (0.4115 %)). Current N = 1. Average N = 0.864
2021-03-24 17:09:40,068 - INFO: 244 move(s) completed (1 accepted (0.4098 %)). Current N = 1. Average N = 0.865
2021-03-24 17:10:03,317 - INFO: 245 move(s) completed (1 accepted (0.4082 %)). Current N = 1. Average N = 0.865
2021-03-24 17:10:26,037 - INFO: 246 move(s) completed (1 accepted (0.4065 %)). Current N = 1. Average N = 0.866
2021-03-24 17:10:44,940 - INFO: Move rejected due to water leaving the GCMC sphere
2021-03-24 17:10:48,492 - INFO: 247 move(s) completed (1 accepted (0.4049 %)). Current N = 1. Average N = 0.866
2021-03-24 17:11:08,397 - INFO: Move rejected due to water leaving the GCMC sphere
2021-03-24 17:11:11,846 - INFO: 248 move(s) completed (1 accepted (0.4032 %)). Current N = 1. Average N = 0.867
2021-03-24 17:11:31,632 - INFO: Move rejected due to water leaving the GCMC sphere
2021-03-24 17:11:35,296 - INFO: 249 move(s) completed (1 accepted (0.4016 %)). Current N = 1. Average N = 0.868
2021-03-24 17:11:54,290 - INFO: Move rejected due to water leaving the GCMC sphere
2021-03-24 17:11:57,741 - INFO: 250 move(s) completed (1 accepted (0.4000 %)). Current N = 1. Average N = 0.868
2021-03-24 17:12:20,156 - INFO: 251 move(s) completed (1 accepted (0.3984 %)). Current N = 1. Average N = 0.869
2021-03-24 17:12:39,104 - INFO: Move rejected due to water leaving the GCMC sphere
2021-03-24 17:12:42,663 - INFO: 252 move(s) completed (1 accepted (0.3968 %)). Current N = 1. Average N = 0.869
2021-03-24 17:13:01,680 - INFO: Move rejected due to water leaving the GCMC sphere
2021-03-24 17:13:05,197 - INFO: 253 move(s) completed (1 accepted (0.3953 %)). Current N = 1. Average N = 0.870
2021-03-24 17:13:27,614 - INFO: 254 move(s) completed (1 accepted (0.3937 %)). Current N = 1. Average N = 0.870
2021-03-24 17:13:47,025 - INFO: Move rejected due to water leaving the GCMC sphere
2021-03-24 17:13:50,604 - INFO: 255 move(s) completed (1 accepted (0.3922 %)). Current N = 1. Average N = 0.871
2021-03-24 17:14:10,082 - INFO: Move rejected due to water leaving the GCMC sphere
2021-03-24 17:14:13,599 - INFO: 256 move(s) completed (1 accepted (0.3906 %)). Current N = 1. Average N = 0.871
2021-03-24 17:14:32,547 - INFO: Move rejected due to water leaving the GCMC sphere
2021-03-24 17:14:36,127 - INFO: 257 move(s) completed (1 accepted (0.3891 %)). Current N = 1. Average N = 0.872
2021-03-24 17:14:55,645 - INFO: Move rejected due to water leaving the GCMC sphere
2021-03-24 17:14:59,194 - INFO: 258 move(s) completed (1 accepted (0.3876 %)). Current N = 1. Average N = 0.872
2021-03-24 17:15:22,459 - INFO: 259 move(s) completed (1 accepted (0.3861 %)). Current N = 1. Average N = 0.873
2021-03-24 17:15:45,853 - INFO: 260 move(s) completed (1 accepted (0.3846 %)). Current N = 1. Average N = 0.873
2021-03-24 17:16:09,291 - INFO: 261 move(s) completed (1 accepted (0.3831 %)). Current N = 1. Average N = 0.874
2021-03-24 17:16:32,720 - INFO: 262 move(s) completed (1 accepted (0.3817 %)). Current N = 1. Average N = 0.874
2021-03-24 17:16:55,327 - INFO: 263 move(s) completed (1 accepted (0.3802 %)). Current N = 1. Average N = 0.875
2021-03-24 17:17:14,403 - INFO: Move rejected due to water leaving the GCMC sphere
2021-03-24 17:17:18,003 - INFO: 264 move(s) completed (1 accepted (0.3788 %)). Current N = 1. Average N = 0.875
2021-03-24 17:17:40,299 - INFO: 265 move(s) completed (1 accepted (0.3774 %)). Current N = 1. Average N = 0.875
2021-03-24 17:17:59,322 - INFO: Move rejected due to water leaving the GCMC sphere
2021-03-24 17:18:02,871 - INFO: 266 move(s) completed (1 accepted (0.3759 %)). Current N = 1. Average N = 0.876
2021-03-24 17:18:22,183 - INFO: Move rejected due to water leaving the GCMC sphere
2021-03-24 17:18:25,808 - INFO: 267 move(s) completed (1 accepted (0.3745 %)). Current N = 1. Average N = 0.876
2021-03-24 17:18:48,655 - INFO: 268 move(s) completed (1 accepted (0.3731 %)). Current N = 1. Average N = 0.877
2021-03-24 17:19:11,719 - INFO: 269 move(s) completed (1 accepted (0.3717 %)). Current N = 1. Average N = 0.877
2021-03-24 17:19:31,197 - INFO: Move rejected due to water leaving the GCMC sphere
2021-03-24 17:19:34,857 - INFO: 270 move(s) completed (1 accepted (0.3704 %)). Current N = 1. Average N = 0.878
2021-03-24 17:19:53,935 - INFO: Move rejected due to water leaving the GCMC sphere
2021-03-24 17:19:57,457 - INFO: 271 move(s) completed (1 accepted (0.3690 %)). Current N = 1. Average N = 0.878
2021-03-24 17:20:17,346 - INFO: Move rejected due to water leaving the GCMC sphere
2021-03-24 17:20:20,845 - INFO: 272 move(s) completed (1 accepted (0.3676 %)). Current N = 1. Average N = 0.879
2021-03-24 17:20:44,098 - INFO: 273 move(s) completed (1 accepted (0.3663 %)). Current N = 1. Average N = 0.879
2021-03-24 17:21:06,508 - INFO: 274 move(s) completed (1 accepted (0.3650 %)). Current N = 1. Average N = 0.880
2021-03-24 17:21:26,422 - INFO: Move rejected due to water leaving the GCMC sphere
2021-03-24 17:21:30,037 - INFO: 275 move(s) completed (1 accepted (0.3636 %)). Current N = 1. Average N = 0.880
2021-03-24 17:21:52,749 - INFO: 276 move(s) completed (1 accepted (0.3623 %)). Current N = 1. Average N = 0.880
2021-03-24 17:22:11,946 - INFO: Move rejected due to water leaving the GCMC sphere
2021-03-24 17:22:15,467 - INFO: 277 move(s) completed (1 accepted (0.3610 %)). Current N = 1. Average N = 0.881
2021-03-24 17:22:34,469 - INFO: Move rejected due to water leaving the GCMC sphere
2021-03-24 17:22:38,135 - INFO: 278 move(s) completed (1 accepted (0.3597 %)). Current N = 1. Average N = 0.881
2021-03-24 17:23:00,828 - INFO: 279 move(s) completed (1 accepted (0.3584 %)). Current N = 1. Average N = 0.882
2021-03-24 17:23:19,851 - INFO: Move rejected due to water leaving the GCMC sphere
2021-03-24 17:23:23,413 - INFO: 280 move(s) completed (1 accepted (0.3571 %)). Current N = 1. Average N = 0.882
2021-03-24 17:23:46,281 - INFO: 281 move(s) completed (1 accepted (0.3559 %)). Current N = 1. Average N = 0.883
2021-03-24 17:24:05,470 - INFO: Move rejected due to water leaving the GCMC sphere
2021-03-24 17:24:09,154 - INFO: 282 move(s) completed (1 accepted (0.3546 %)). Current N = 1. Average N = 0.883
2021-03-24 17:24:28,593 - INFO: Move rejected due to water leaving the GCMC sphere
2021-03-24 17:24:32,112 - INFO: 283 move(s) completed (1 accepted (0.3534 %)). Current N = 1. Average N = 0.883
2021-03-24 17:24:51,846 - INFO: Move rejected due to water leaving the GCMC sphere
2021-03-24 17:24:55,456 - INFO: 284 move(s) completed (1 accepted (0.3521 %)). Current N = 1. Average N = 0.884
2021-03-24 17:25:18,937 - INFO: 285 move(s) completed (1 accepted (0.3509 %)). Current N = 1. Average N = 0.884
2021-03-24 17:25:42,070 - INFO: 286 move(s) completed (1 accepted (0.3497 %)). Current N = 1. Average N = 0.885
2021-03-24 17:26:05,583 - INFO: 287 move(s) completed (1 accepted (0.3484 %)). Current N = 1. Average N = 0.885
2021-03-24 17:26:29,153 - INFO: 288 move(s) completed (1 accepted (0.3472 %)). Current N = 1. Average N = 0.885
2021-03-24 17:26:51,453 - INFO: 289 move(s) completed (1 accepted (0.3460 %)). Current N = 1. Average N = 0.886
2021-03-24 17:27:10,747 - INFO: Move rejected due to water leaving the GCMC sphere
2021-03-24 17:27:14,312 - INFO: 290 move(s) completed (1 accepted (0.3448 %)). Current N = 1. Average N = 0.886
2021-03-24 17:27:33,505 - INFO: Move rejected due to water leaving the GCMC sphere
2021-03-24 17:27:37,066 - INFO: 291 move(s) completed (1 accepted (0.3436 %)). Current N = 1. Average N = 0.887
2021-03-24 17:27:59,973 - INFO: 292 move(s) completed (1 accepted (0.3425 %)). Current N = 1. Average N = 0.887
2021-03-24 17:28:22,568 - INFO: 293 move(s) completed (1 accepted (0.3413 %)). Current N = 1. Average N = 0.887
2021-03-24 17:28:42,054 - INFO: Move rejected due to water leaving the GCMC sphere
2021-03-24 17:28:45,674 - INFO: 294 move(s) completed (1 accepted (0.3401 %)). Current N = 1. Average N = 0.888
2021-03-24 17:29:05,293 - INFO: Move rejected due to water leaving the GCMC sphere
2021-03-24 17:29:08,866 - INFO: 295 move(s) completed (1 accepted (0.3390 %)). Current N = 1. Average N = 0.888
2021-03-24 17:29:31,550 - INFO: 296 move(s) completed (1 accepted (0.3378 %)). Current N = 1. Average N = 0.888
2021-03-24 17:29:53,988 - INFO: 297 move(s) completed (1 accepted (0.3367 %)). Current N = 1. Average N = 0.889
2021-03-24 17:30:13,326 - INFO: Move rejected due to water leaving the GCMC sphere
2021-03-24 17:30:16,662 - INFO: 298 move(s) completed (1 accepted (0.3356 %)). Current N = 1. Average N = 0.889
2021-03-24 17:30:39,252 - INFO: 299 move(s) completed (1 accepted (0.3344 %)). Current N = 1. Average N = 0.890
2021-03-24 17:30:58,403 - INFO: Move rejected due to water leaving the GCMC sphere
2021-03-24 17:31:01,879 - INFO: 300 move(s) completed (1 accepted (0.3333 %)). Current N = 1. Average N = 0.890
2021-03-24 17:31:21,017 - INFO: Move rejected due to water leaving the GCMC sphere
2021-03-24 17:31:24,458 - INFO: 301 move(s) completed (1 accepted (0.3322 %)). Current N = 1. Average N = 0.890
2021-03-24 17:31:43,652 - INFO: Move rejected due to water leaving the GCMC sphere
2021-03-24 17:31:47,357 - INFO: 302 move(s) completed (1 accepted (0.3311 %)). Current N = 1. Average N = 0.891
2021-03-24 17:32:10,307 - INFO: 303 move(s) completed (1 accepted (0.3300 %)). Current N = 1. Average N = 0.891
2021-03-24 17:32:33,285 - INFO: 304 move(s) completed (1 accepted (0.3289 %)). Current N = 1. Average N = 0.891
2021-03-24 17:32:52,750 - INFO: Move rejected due to water leaving the GCMC sphere
2021-03-24 17:32:56,282 - INFO: 305 move(s) completed (1 accepted (0.3279 %)). Current N = 1. Average N = 0.892
2021-03-24 17:33:19,322 - INFO: 306 move(s) completed (1 accepted (0.3268 %)). Current N = 1. Average N = 0.892
2021-03-24 17:33:41,974 - INFO: 307 move(s) completed (1 accepted (0.3257 %)). Current N = 1. Average N = 0.892
2021-03-24 17:34:04,685 - INFO: 308 move(s) completed (1 accepted (0.3247 %)). Current N = 1. Average N = 0.893
2021-03-24 17:34:24,300 - INFO: Move rejected due to water leaving the GCMC sphere
2021-03-24 17:34:27,834 - INFO: 309 move(s) completed (1 accepted (0.3236 %)). Current N = 1. Average N = 0.893
2021-03-24 17:34:51,294 - INFO: 310 move(s) completed (1 accepted (0.3226 %)). Current N = 1. Average N = 0.893
2021-03-24 17:35:14,502 - INFO: 311 move(s) completed (1 accepted (0.3215 %)). Current N = 1. Average N = 0.894
2021-03-24 17:35:37,740 - INFO: 312 move(s) completed (1 accepted (0.3205 %)). Current N = 1. Average N = 0.894
2021-03-24 17:36:01,354 - INFO: 313 move(s) completed (1 accepted (0.3195 %)). Current N = 1. Average N = 0.895
2021-03-24 17:36:24,206 - INFO: 314 move(s) completed (1 accepted (0.3185 %)). Current N = 1. Average N = 0.895
2021-03-24 17:36:43,302 - INFO: Move rejected due to water leaving the GCMC sphere
2021-03-24 17:36:46,787 - INFO: 315 move(s) completed (1 accepted (0.3175 %)). Current N = 1. Average N = 0.895
2021-03-24 17:37:09,506 - INFO: 316 move(s) completed (1 accepted (0.3165 %)). Current N = 1. Average N = 0.896
2021-03-24 17:37:28,586 - INFO: Move rejected due to water leaving the GCMC sphere
2021-03-24 17:37:32,095 - INFO: 317 move(s) completed (1 accepted (0.3155 %)). Current N = 1. Average N = 0.896
2021-03-24 17:37:55,017 - INFO: 318 move(s) completed (1 accepted (0.3145 %)). Current N = 1. Average N = 0.896
2021-03-24 17:38:14,556 - INFO: Move rejected due to water leaving the GCMC sphere
2021-03-24 17:38:18,199 - INFO: 319 move(s) completed (1 accepted (0.3135 %)). Current N = 1. Average N = 0.897
2021-03-24 17:38:41,283 - INFO: 320 move(s) completed (1 accepted (0.3125 %)). Current N = 1. Average N = 0.897
2021-03-24 17:39:00,798 - INFO: Move rejected due to water leaving the GCMC sphere
2021-03-24 17:39:04,424 - INFO: 321 move(s) completed (1 accepted (0.3115 %)). Current N = 1. Average N = 0.897
2021-03-24 17:39:27,682 - INFO: 322 move(s) completed (1 accepted (0.3106 %)). Current N = 1. Average N = 0.897
2021-03-24 17:39:46,793 - INFO: Move rejected due to water leaving the GCMC sphere
2021-03-24 17:39:50,367 - INFO: 323 move(s) completed (1 accepted (0.3096 %)). Current N = 1. Average N = 0.898
2021-03-24 17:40:10,173 - INFO: Move rejected due to water leaving the GCMC sphere
2021-03-24 17:40:13,845 - INFO: 324 move(s) completed (1 accepted (0.3086 %)). Current N = 1. Average N = 0.898
2021-03-24 17:40:33,804 - INFO: Move rejected due to water leaving the GCMC sphere
2021-03-24 17:40:37,472 - INFO: 325 move(s) completed (1 accepted (0.3077 %)). Current N = 1. Average N = 0.898
2021-03-24 17:41:00,942 - INFO: 326 move(s) completed (1 accepted (0.3067 %)). Current N = 1. Average N = 0.899
2021-03-24 17:41:20,041 - INFO: Move rejected due to water leaving the GCMC sphere
2021-03-24 17:41:23,567 - INFO: 327 move(s) completed (1 accepted (0.3058 %)). Current N = 1. Average N = 0.899
2021-03-24 17:41:42,739 - INFO: Move rejected due to water leaving the GCMC sphere
2021-03-24 17:41:46,348 - INFO: 328 move(s) completed (1 accepted (0.3049 %)). Current N = 1. Average N = 0.899
2021-03-24 17:42:09,128 - INFO: 329 move(s) completed (1 accepted (0.3040 %)). Current N = 1. Average N = 0.900
2021-03-24 17:42:28,442 - INFO: Move rejected due to water leaving the GCMC sphere
2021-03-24 17:42:32,035 - INFO: 330 move(s) completed (1 accepted (0.3030 %)). Current N = 1. Average N = 0.900
2021-03-24 17:42:51,374 - INFO: Move rejected due to water leaving the GCMC sphere
2021-03-24 17:42:54,896 - INFO: 331 move(s) completed (1 accepted (0.3021 %)). Current N = 1. Average N = 0.900
2021-03-24 17:43:14,434 - INFO: Move rejected due to water leaving the GCMC sphere
2021-03-24 17:43:18,043 - INFO: 332 move(s) completed (1 accepted (0.3012 %)). Current N = 1. Average N = 0.901
