2021-03-24 09:55:22,064 - INFO: kT = 0.5921875708469466 kcal/mol
2021-03-24 09:55:27,162 - INFO: BaseGrandCanonicalMonteCarloSampler object initialised
2021-03-24 09:55:27,163 - INFO: GCMC sphere is based on reference atom IDs: [887, 1837]
2021-03-24 09:55:27,163 - INFO: GCMC sphere radius is 6 A
2021-03-24 09:55:27,163 - INFO: Simulating at an Adams (B) value of -6.888845176169922
2021-03-24 09:55:27,163 - INFO: GCMCSphereSampler object initialised
2021-03-24 09:55:27,164 - INFO: Each NCMC move will be executed over a total of 7.0 ps
2021-03-24 09:55:27,164 - INFO: NonequilibriumGCMCSphereSampler object initialised
2021-03-24 09:55:51,329 - INFO: Move rejected due to water leaving the GCMC sphere
2021-03-24 09:55:54,828 - INFO: 1 move(s) completed (0 accepted (0.0000 %)). Current N = 0. Average N = 0.000
2021-03-24 09:56:15,452 - INFO: 2 move(s) completed (0 accepted (0.0000 %)). Current N = 0. Average N = 0.000
2021-03-24 09:56:36,207 - INFO: 3 move(s) completed (0 accepted (0.0000 %)). Current N = 0. Average N = 0.000
2021-03-24 09:56:53,481 - INFO: Move rejected due to water leaving the GCMC sphere
2021-03-24 09:56:56,920 - INFO: 4 move(s) completed (0 accepted (0.0000 %)). Current N = 0. Average N = 0.000
2021-03-24 09:57:02,591 - INFO: 5 move(s) completed (0 accepted (0.0000 %)). Current N = 0. Average N = 0.000
2021-03-24 09:57:19,119 - INFO: Move rejected due to water leaving the GCMC sphere
2021-03-24 09:57:22,586 - INFO: 6 move(s) completed (0 accepted (0.0000 %)). Current N = 0. Average N = 0.000
2021-03-24 09:57:28,190 - INFO: 7 move(s) completed (0 accepted (0.0000 %)). Current N = 0. Average N = 0.000
2021-03-24 09:57:33,990 - INFO: 8 move(s) completed (0 accepted (0.0000 %)). Current N = 0. Average N = 0.000
2021-03-24 09:57:50,533 - INFO: Move rejected due to water leaving the GCMC sphere
2021-03-24 09:57:54,028 - INFO: 9 move(s) completed (0 accepted (0.0000 %)). Current N = 0. Average N = 0.000
2021-03-24 09:57:59,772 - INFO: 10 move(s) completed (0 accepted (0.0000 %)). Current N = 0. Average N = 0.000
2021-03-24 09:58:16,339 - INFO: Move rejected due to water leaving the GCMC sphere
2021-03-24 09:58:19,721 - INFO: 11 move(s) completed (0 accepted (0.0000 %)). Current N = 0. Average N = 0.000
2021-03-24 09:58:36,415 - INFO: Move rejected due to water leaving the GCMC sphere
2021-03-24 09:58:39,836 - INFO: 12 move(s) completed (0 accepted (0.0000 %)). Current N = 0. Average N = 0.000
2021-03-24 09:59:00,131 - INFO: 13 move(s) completed (0 accepted (0.0000 %)). Current N = 0. Average N = 0.000
2021-03-24 09:59:05,769 - INFO: 14 move(s) completed (0 accepted (0.0000 %)). Current N = 0. Average N = 0.000
2021-03-24 09:59:26,036 - INFO: 15 move(s) completed (0 accepted (0.0000 %)). Current N = 0. Average N = 0.000
2021-03-24 09:59:42,452 - INFO: Move rejected due to water leaving the GCMC sphere
2021-03-24 09:59:46,088 - INFO: 16 move(s) completed (0 accepted (0.0000 %)). Current N = 0. Average N = 0.000
2021-03-24 10:00:06,472 - INFO: 17 move(s) completed (0 accepted (0.0000 %)). Current N = 0. Average N = 0.000
2021-03-24 10:00:12,151 - INFO: 18 move(s) completed (0 accepted (0.0000 %)). Current N = 0. Average N = 0.000
2021-03-24 10:00:17,880 - INFO: 19 move(s) completed (0 accepted (0.0000 %)). Current N = 0. Average N = 0.000
2021-03-24 10:00:23,458 - INFO: 20 move(s) completed (0 accepted (0.0000 %)). Current N = 0. Average N = 0.000
2021-03-24 10:00:40,435 - INFO: Move rejected due to water leaving the GCMC sphere
2021-03-24 10:00:43,911 - INFO: 21 move(s) completed (0 accepted (0.0000 %)). Current N = 0. Average N = 0.000
2021-03-24 10:01:04,693 - INFO: 22 move(s) completed (0 accepted (0.0000 %)). Current N = 0. Average N = 0.000
2021-03-24 10:01:10,463 - INFO: 23 move(s) completed (0 accepted (0.0000 %)). Current N = 0. Average N = 0.000
2021-03-24 10:01:16,044 - INFO: 24 move(s) completed (0 accepted (0.0000 %)). Current N = 0. Average N = 0.000
2021-03-24 10:01:36,558 - INFO: 25 move(s) completed (1 accepted (4.0000 %)). Current N = 1. Average N = 0.040
2021-03-24 10:01:56,282 - INFO: 26 move(s) completed (2 accepted (7.6923 %)). Current N = 0. Average N = 0.038
2021-03-24 10:02:12,757 - INFO: Move rejected due to water leaving the GCMC sphere
2021-03-24 10:02:16,119 - INFO: 27 move(s) completed (2 accepted (7.4074 %)). Current N = 0. Average N = 0.037
2021-03-24 10:02:21,743 - INFO: 28 move(s) completed (2 accepted (7.1429 %)). Current N = 0. Average N = 0.036
2021-03-24 10:02:39,054 - INFO: Move rejected due to water leaving the GCMC sphere
2021-03-24 10:02:42,601 - INFO: 29 move(s) completed (2 accepted (6.8966 %)). Current N = 0. Average N = 0.035
2021-03-24 10:02:48,170 - INFO: 30 move(s) completed (2 accepted (6.6667 %)). Current N = 0. Average N = 0.033
2021-03-24 10:03:08,035 - INFO: 31 move(s) completed (2 accepted (6.4516 %)). Current N = 0. Average N = 0.032
2021-03-24 10:03:13,470 - INFO: 32 move(s) completed (2 accepted (6.2500 %)). Current N = 0. Average N = 0.031
2021-03-24 10:03:33,518 - INFO: 33 move(s) completed (2 accepted (6.0606 %)). Current N = 0. Average N = 0.030
2021-03-24 10:03:50,271 - INFO: Move rejected due to water leaving the GCMC sphere
2021-03-24 10:03:53,610 - INFO: 34 move(s) completed (2 accepted (5.8824 %)). Current N = 0. Average N = 0.029
2021-03-24 10:03:59,268 - INFO: 35 move(s) completed (2 accepted (5.7143 %)). Current N = 0. Average N = 0.029
2021-03-24 10:04:04,857 - INFO: 36 move(s) completed (2 accepted (5.5556 %)). Current N = 0. Average N = 0.028
2021-03-24 10:04:10,562 - INFO: 37 move(s) completed (2 accepted (5.4054 %)). Current N = 0. Average N = 0.027
2021-03-24 10:04:16,108 - INFO: 38 move(s) completed (2 accepted (5.2632 %)). Current N = 0. Average N = 0.026
2021-03-24 10:04:36,104 - INFO: 39 move(s) completed (2 accepted (5.1282 %)). Current N = 0. Average N = 0.026
2021-03-24 10:04:53,001 - INFO: Move rejected due to water leaving the GCMC sphere
2021-03-24 10:04:56,367 - INFO: 40 move(s) completed (2 accepted (5.0000 %)). Current N = 0. Average N = 0.025
2021-03-24 10:05:16,770 - INFO: 41 move(s) completed (2 accepted (4.8780 %)). Current N = 0. Average N = 0.024
2021-03-24 10:05:37,284 - INFO: 42 move(s) completed (2 accepted (4.7619 %)). Current N = 0. Average N = 0.024
2021-03-24 10:05:54,482 - INFO: Move rejected due to water leaving the GCMC sphere
2021-03-24 10:05:58,081 - INFO: 43 move(s) completed (2 accepted (4.6512 %)). Current N = 0. Average N = 0.023
2021-03-24 10:06:18,030 - INFO: 44 move(s) completed (3 accepted (6.8182 %)). Current N = 1. Average N = 0.045
2021-03-24 10:06:35,034 - INFO: Move rejected due to water leaving the GCMC sphere
2021-03-24 10:06:38,471 - INFO: 45 move(s) completed (3 accepted (6.6667 %)). Current N = 1. Average N = 0.067
2021-03-24 10:06:55,600 - INFO: Move rejected due to water leaving the GCMC sphere
2021-03-24 10:06:59,049 - INFO: 46 move(s) completed (3 accepted (6.5217 %)). Current N = 1. Average N = 0.087
2021-03-24 10:07:19,492 - INFO: 47 move(s) completed (3 accepted (6.3830 %)). Current N = 1. Average N = 0.106
2021-03-24 10:07:36,670 - INFO: Move rejected due to water leaving the GCMC sphere
2021-03-24 10:07:40,062 - INFO: 48 move(s) completed (3 accepted (6.2500 %)). Current N = 1. Average N = 0.125
2021-03-24 10:07:59,164 - INFO: Move rejected due to water leaving the GCMC sphere
2021-03-24 10:08:02,736 - INFO: 49 move(s) completed (3 accepted (6.1224 %)). Current N = 1. Average N = 0.143
2021-03-24 10:08:22,470 - INFO: 50 move(s) completed (3 accepted (6.0000 %)). Current N = 1. Average N = 0.160
2021-03-24 10:08:38,928 - INFO: Move rejected due to water leaving the GCMC sphere
2021-03-24 10:08:42,524 - INFO: 51 move(s) completed (3 accepted (5.8824 %)). Current N = 1. Average N = 0.176
2021-03-24 10:09:02,769 - INFO: 52 move(s) completed (3 accepted (5.7692 %)). Current N = 1. Average N = 0.192
2021-03-24 10:09:19,288 - INFO: Move rejected due to water leaving the GCMC sphere
2021-03-24 10:09:22,685 - INFO: 53 move(s) completed (3 accepted (5.6604 %)). Current N = 1. Average N = 0.207
2021-03-24 10:09:39,337 - INFO: Move rejected due to water leaving the GCMC sphere
2021-03-24 10:09:42,723 - INFO: 54 move(s) completed (3 accepted (5.5556 %)). Current N = 1. Average N = 0.222
2021-03-24 10:09:59,334 - INFO: Move rejected due to water leaving the GCMC sphere
2021-03-24 10:10:02,750 - INFO: 55 move(s) completed (3 accepted (5.4545 %)). Current N = 1. Average N = 0.236
2021-03-24 10:10:22,760 - INFO: 56 move(s) completed (3 accepted (5.3571 %)). Current N = 1. Average N = 0.250
2021-03-24 10:10:42,738 - INFO: 57 move(s) completed (3 accepted (5.2632 %)). Current N = 1. Average N = 0.263
2021-03-24 10:11:02,683 - INFO: 58 move(s) completed (3 accepted (5.1724 %)). Current N = 1. Average N = 0.276
2021-03-24 10:11:19,568 - INFO: Move rejected due to water leaving the GCMC sphere
2021-03-24 10:11:23,147 - INFO: 59 move(s) completed (3 accepted (5.0847 %)). Current N = 1. Average N = 0.288
2021-03-24 10:11:40,014 - INFO: Move rejected due to water leaving the GCMC sphere
2021-03-24 10:11:43,433 - INFO: 60 move(s) completed (3 accepted (5.0000 %)). Current N = 1. Average N = 0.300
2021-03-24 10:12:00,493 - INFO: Move rejected due to water leaving the GCMC sphere
2021-03-24 10:12:03,922 - INFO: 61 move(s) completed (3 accepted (4.9180 %)). Current N = 1. Average N = 0.311
2021-03-24 10:12:24,705 - INFO: 62 move(s) completed (3 accepted (4.8387 %)). Current N = 1. Average N = 0.323
2021-03-24 10:12:42,106 - INFO: Move rejected due to water leaving the GCMC sphere
2021-03-24 10:12:45,617 - INFO: 63 move(s) completed (3 accepted (4.7619 %)). Current N = 1. Average N = 0.333
2021-03-24 10:13:06,572 - INFO: 64 move(s) completed (3 accepted (4.6875 %)). Current N = 1. Average N = 0.344
2021-03-24 10:13:26,320 - INFO: 65 move(s) completed (3 accepted (4.6154 %)). Current N = 1. Average N = 0.354
2021-03-24 10:13:46,369 - INFO: 66 move(s) completed (3 accepted (4.5455 %)). Current N = 1. Average N = 0.364
2021-03-24 10:14:06,435 - INFO: 67 move(s) completed (3 accepted (4.4776 %)). Current N = 1. Average N = 0.373
2021-03-24 10:14:26,613 - INFO: 68 move(s) completed (3 accepted (4.4118 %)). Current N = 1. Average N = 0.382
2021-03-24 10:14:43,162 - INFO: Move rejected due to water leaving the GCMC sphere
2021-03-24 10:14:46,684 - INFO: 69 move(s) completed (3 accepted (4.3478 %)). Current N = 1. Average N = 0.391
2021-03-24 10:15:03,274 - INFO: Move rejected due to water leaving the GCMC sphere
2021-03-24 10:15:06,645 - INFO: 70 move(s) completed (3 accepted (4.2857 %)). Current N = 1. Average N = 0.400
2021-03-24 10:15:26,894 - INFO: 71 move(s) completed (3 accepted (4.2254 %)). Current N = 1. Average N = 0.408
2021-03-24 10:15:47,118 - INFO: 72 move(s) completed (3 accepted (4.1667 %)). Current N = 1. Average N = 0.417
2021-03-24 10:16:03,818 - INFO: Move rejected due to water leaving the GCMC sphere
2021-03-24 10:16:07,390 - INFO: 73 move(s) completed (3 accepted (4.1096 %)). Current N = 1. Average N = 0.425
2021-03-24 10:16:27,799 - INFO: 74 move(s) completed (3 accepted (4.0541 %)). Current N = 1. Average N = 0.432
2021-03-24 10:16:48,246 - INFO: 75 move(s) completed (3 accepted (4.0000 %)). Current N = 1. Average N = 0.440
2021-03-24 10:17:08,775 - INFO: 76 move(s) completed (3 accepted (3.9474 %)). Current N = 1. Average N = 0.447
2021-03-24 10:17:29,858 - INFO: 77 move(s) completed (3 accepted (3.8961 %)). Current N = 1. Average N = 0.455
2021-03-24 10:17:47,205 - INFO: Move rejected due to water leaving the GCMC sphere
2021-03-24 10:17:50,674 - INFO: 78 move(s) completed (3 accepted (3.8462 %)). Current N = 1. Average N = 0.462
2021-03-24 10:18:11,213 - INFO: 79 move(s) completed (3 accepted (3.7975 %)). Current N = 1. Average N = 0.468
2021-03-24 10:18:31,051 - INFO: 80 move(s) completed (3 accepted (3.7500 %)). Current N = 1. Average N = 0.475
2021-03-24 10:18:50,996 - INFO: 81 move(s) completed (3 accepted (3.7037 %)). Current N = 1. Average N = 0.481
2021-03-24 10:19:10,759 - INFO: 82 move(s) completed (3 accepted (3.6585 %)). Current N = 1. Average N = 0.488
2021-03-24 10:19:30,524 - INFO: 83 move(s) completed (3 accepted (3.6145 %)). Current N = 1. Average N = 0.494
2021-03-24 10:19:47,102 - INFO: Move rejected due to water leaving the GCMC sphere
2021-03-24 10:19:50,571 - INFO: 84 move(s) completed (3 accepted (3.5714 %)). Current N = 1. Average N = 0.500
2021-03-24 10:20:10,630 - INFO: 85 move(s) completed (3 accepted (3.5294 %)). Current N = 1. Average N = 0.506
2021-03-24 10:20:27,240 - INFO: Move rejected due to water leaving the GCMC sphere
2021-03-24 10:20:30,715 - INFO: 86 move(s) completed (3 accepted (3.4884 %)). Current N = 1. Average N = 0.512
2021-03-24 10:20:50,862 - INFO: 87 move(s) completed (3 accepted (3.4483 %)). Current N = 1. Average N = 0.517
2021-03-24 10:21:11,052 - INFO: 88 move(s) completed (3 accepted (3.4091 %)). Current N = 1. Average N = 0.523
2021-03-24 10:21:31,261 - INFO: 89 move(s) completed (3 accepted (3.3708 %)). Current N = 1. Average N = 0.528
2021-03-24 10:21:51,465 - INFO: 90 move(s) completed (3 accepted (3.3333 %)). Current N = 1. Average N = 0.533
2021-03-24 10:22:11,854 - INFO: 91 move(s) completed (3 accepted (3.2967 %)). Current N = 1. Average N = 0.538
2021-03-24 10:22:32,229 - INFO: 92 move(s) completed (3 accepted (3.2609 %)). Current N = 1. Average N = 0.543
2021-03-24 10:22:53,134 - INFO: 93 move(s) completed (3 accepted (3.2258 %)). Current N = 1. Average N = 0.548
2021-03-24 10:23:10,476 - INFO: Move rejected due to water leaving the GCMC sphere
2021-03-24 10:23:13,859 - INFO: 94 move(s) completed (3 accepted (3.1915 %)). Current N = 1. Average N = 0.553
2021-03-24 10:23:31,182 - INFO: Move rejected due to water leaving the GCMC sphere
2021-03-24 10:23:34,729 - INFO: 95 move(s) completed (3 accepted (3.1579 %)). Current N = 1. Average N = 0.558
2021-03-24 10:23:55,389 - INFO: 96 move(s) completed (3 accepted (3.1250 %)). Current N = 1. Average N = 0.562
2021-03-24 10:24:16,086 - INFO: 97 move(s) completed (3 accepted (3.0928 %)). Current N = 1. Average N = 0.567
2021-03-24 10:24:36,795 - INFO: 98 move(s) completed (3 accepted (3.0612 %)). Current N = 1. Average N = 0.571
2021-03-24 10:24:56,916 - INFO: 99 move(s) completed (3 accepted (3.0303 %)). Current N = 1. Average N = 0.576
2021-03-24 10:25:17,148 - INFO: 100 move(s) completed (3 accepted (3.0000 %)). Current N = 1. Average N = 0.580
2021-03-24 10:25:37,451 - INFO: 101 move(s) completed (3 accepted (2.9703 %)). Current N = 1. Average N = 0.584
2021-03-24 10:25:54,020 - INFO: Move rejected due to water leaving the GCMC sphere
2021-03-24 10:25:57,613 - INFO: 102 move(s) completed (3 accepted (2.9412 %)). Current N = 1. Average N = 0.588
2021-03-24 10:26:17,736 - INFO: 103 move(s) completed (3 accepted (2.9126 %)). Current N = 1. Average N = 0.592
2021-03-24 10:26:34,562 - INFO: Move rejected due to water leaving the GCMC sphere
2021-03-24 10:26:38,121 - INFO: 104 move(s) completed (3 accepted (2.8846 %)). Current N = 1. Average N = 0.596
2021-03-24 10:26:58,335 - INFO: 105 move(s) completed (3 accepted (2.8571 %)). Current N = 1. Average N = 0.600
2021-03-24 10:27:18,887 - INFO: 106 move(s) completed (3 accepted (2.8302 %)). Current N = 1. Average N = 0.604
2021-03-24 10:27:35,973 - INFO: Move rejected due to water leaving the GCMC sphere
2021-03-24 10:27:39,448 - INFO: 107 move(s) completed (3 accepted (2.8037 %)). Current N = 1. Average N = 0.608
2021-03-24 10:28:00,150 - INFO: 108 move(s) completed (3 accepted (2.7778 %)). Current N = 1. Average N = 0.611
2021-03-24 10:28:16,426 - INFO: Move rejected due to water leaving the GCMC sphere
2021-03-24 10:28:19,851 - INFO: 109 move(s) completed (3 accepted (2.7523 %)). Current N = 1. Average N = 0.615
2021-03-24 10:28:40,485 - INFO: 110 move(s) completed (3 accepted (2.7273 %)). Current N = 1. Average N = 0.618
2021-03-24 10:28:57,719 - INFO: Move rejected due to water leaving the GCMC sphere
2021-03-24 10:29:01,335 - INFO: 111 move(s) completed (3 accepted (2.7027 %)). Current N = 1. Average N = 0.622
2021-03-24 10:29:22,052 - INFO: 112 move(s) completed (3 accepted (2.6786 %)). Current N = 1. Average N = 0.625
2021-03-24 10:29:42,075 - INFO: 113 move(s) completed (3 accepted (2.6549 %)). Current N = 1. Average N = 0.628
2021-03-24 10:30:01,780 - INFO: 114 move(s) completed (3 accepted (2.6316 %)). Current N = 1. Average N = 0.632
2021-03-24 10:30:18,269 - INFO: Move rejected due to water leaving the GCMC sphere
2021-03-24 10:30:21,652 - INFO: 115 move(s) completed (3 accepted (2.6087 %)). Current N = 1. Average N = 0.635
2021-03-24 10:30:41,744 - INFO: 116 move(s) completed (3 accepted (2.5862 %)). Current N = 1. Average N = 0.638
2021-03-24 10:30:58,476 - INFO: Move rejected due to water leaving the GCMC sphere
2021-03-24 10:31:02,011 - INFO: 117 move(s) completed (3 accepted (2.5641 %)). Current N = 1. Average N = 0.641
2021-03-24 10:31:21,819 - INFO: 118 move(s) completed (3 accepted (2.5424 %)). Current N = 1. Average N = 0.644
2021-03-24 10:31:38,596 - INFO: Move rejected due to water leaving the GCMC sphere
2021-03-24 10:31:42,180 - INFO: 119 move(s) completed (3 accepted (2.5210 %)). Current N = 1. Average N = 0.647
2021-03-24 10:31:58,748 - INFO: Move rejected due to water leaving the GCMC sphere
2021-03-24 10:32:02,311 - INFO: 120 move(s) completed (3 accepted (2.5000 %)). Current N = 1. Average N = 0.650
2021-03-24 10:32:22,654 - INFO: 121 move(s) completed (3 accepted (2.4793 %)). Current N = 1. Average N = 0.653
2021-03-24 10:32:39,160 - INFO: Move rejected due to water leaving the GCMC sphere
2021-03-24 10:32:42,613 - INFO: 122 move(s) completed (3 accepted (2.4590 %)). Current N = 1. Average N = 0.656
2021-03-24 10:32:58,914 - INFO: Move rejected due to water leaving the GCMC sphere
2021-03-24 10:33:02,460 - INFO: 123 move(s) completed (3 accepted (2.4390 %)). Current N = 1. Average N = 0.658
2021-03-24 10:33:22,672 - INFO: 124 move(s) completed (3 accepted (2.4194 %)). Current N = 1. Average N = 0.661
2021-03-24 10:33:42,697 - INFO: 125 move(s) completed (3 accepted (2.4000 %)). Current N = 1. Average N = 0.664
2021-03-24 10:34:02,448 - INFO: 126 move(s) completed (3 accepted (2.3810 %)). Current N = 1. Average N = 0.667
2021-03-24 10:34:23,074 - INFO: 127 move(s) completed (3 accepted (2.3622 %)). Current N = 1. Average N = 0.669
2021-03-24 10:34:40,236 - INFO: Move rejected due to water leaving the GCMC sphere
2021-03-24 10:34:43,648 - INFO: 128 move(s) completed (3 accepted (2.3438 %)). Current N = 1. Average N = 0.672
2021-03-24 10:35:00,649 - INFO: Move rejected due to water leaving the GCMC sphere
2021-03-24 10:35:04,035 - INFO: 129 move(s) completed (3 accepted (2.3256 %)). Current N = 1. Average N = 0.674
2021-03-24 10:35:25,071 - INFO: 130 move(s) completed (3 accepted (2.3077 %)). Current N = 1. Average N = 0.677
2021-03-24 10:35:45,246 - INFO: 131 move(s) completed (3 accepted (2.2901 %)). Current N = 1. Average N = 0.679
2021-03-24 10:36:01,872 - INFO: Move rejected due to water leaving the GCMC sphere
2021-03-24 10:36:05,482 - INFO: 132 move(s) completed (3 accepted (2.2727 %)). Current N = 1. Average N = 0.682
2021-03-24 10:36:22,236 - INFO: Move rejected due to water leaving the GCMC sphere
2021-03-24 10:36:25,585 - INFO: 133 move(s) completed (3 accepted (2.2556 %)). Current N = 1. Average N = 0.684
2021-03-24 10:36:42,418 - INFO: Move rejected due to water leaving the GCMC sphere
2021-03-24 10:36:45,920 - INFO: 134 move(s) completed (3 accepted (2.2388 %)). Current N = 1. Average N = 0.687
2021-03-24 10:37:06,480 - INFO: 135 move(s) completed (3 accepted (2.2222 %)). Current N = 1. Average N = 0.689
2021-03-24 10:37:23,255 - INFO: Move rejected due to water leaving the GCMC sphere
2021-03-24 10:37:26,607 - INFO: 136 move(s) completed (3 accepted (2.2059 %)). Current N = 1. Average N = 0.691
2021-03-24 10:37:43,339 - INFO: Move rejected due to water leaving the GCMC sphere
2021-03-24 10:37:46,876 - INFO: 137 move(s) completed (3 accepted (2.1898 %)). Current N = 1. Average N = 0.693
2021-03-24 10:38:06,777 - INFO: 138 move(s) completed (3 accepted (2.1739 %)). Current N = 1. Average N = 0.696
2021-03-24 10:38:26,826 - INFO: 139 move(s) completed (3 accepted (2.1583 %)). Current N = 1. Average N = 0.698
2021-03-24 10:38:46,677 - INFO: 140 move(s) completed (3 accepted (2.1429 %)). Current N = 1. Average N = 0.700
2021-03-24 10:39:07,272 - INFO: 141 move(s) completed (3 accepted (2.1277 %)). Current N = 1. Average N = 0.702
2021-03-24 10:39:24,231 - INFO: Move rejected due to water leaving the GCMC sphere
2021-03-24 10:39:27,578 - INFO: 142 move(s) completed (3 accepted (2.1127 %)). Current N = 1. Average N = 0.704
2021-03-24 10:39:44,730 - INFO: Move rejected due to water leaving the GCMC sphere
2021-03-24 10:39:48,202 - INFO: 143 move(s) completed (3 accepted (2.0979 %)). Current N = 1. Average N = 0.706
2021-03-24 10:40:09,107 - INFO: 144 move(s) completed (3 accepted (2.0833 %)). Current N = 1. Average N = 0.708
2021-03-24 10:40:29,077 - INFO: 145 move(s) completed (3 accepted (2.0690 %)). Current N = 1. Average N = 0.710
2021-03-24 10:40:49,009 - INFO: 146 move(s) completed (3 accepted (2.0548 %)). Current N = 1. Average N = 0.712
2021-03-24 10:41:05,290 - INFO: Move rejected due to water leaving the GCMC sphere
2021-03-24 10:41:08,800 - INFO: 147 move(s) completed (3 accepted (2.0408 %)). Current N = 1. Average N = 0.714
2021-03-24 10:41:25,425 - INFO: Move rejected due to water leaving the GCMC sphere
2021-03-24 10:41:28,805 - INFO: 148 move(s) completed (3 accepted (2.0270 %)). Current N = 1. Average N = 0.716
2021-03-24 10:41:48,937 - INFO: 149 move(s) completed (3 accepted (2.0134 %)). Current N = 1. Average N = 0.718
2021-03-24 10:42:08,939 - INFO: 150 move(s) completed (3 accepted (2.0000 %)). Current N = 1. Average N = 0.720
2021-03-24 10:42:29,003 - INFO: 151 move(s) completed (3 accepted (1.9868 %)). Current N = 1. Average N = 0.722
2021-03-24 10:42:45,578 - INFO: Move rejected due to water leaving the GCMC sphere
2021-03-24 10:42:49,007 - INFO: 152 move(s) completed (3 accepted (1.9737 %)). Current N = 1. Average N = 0.724
2021-03-24 10:43:05,931 - INFO: Move rejected due to water leaving the GCMC sphere
2021-03-24 10:43:09,555 - INFO: 153 move(s) completed (3 accepted (1.9608 %)). Current N = 1. Average N = 0.726
2021-03-24 10:43:30,314 - INFO: 154 move(s) completed (3 accepted (1.9481 %)). Current N = 1. Average N = 0.727
2021-03-24 10:43:47,363 - INFO: Move rejected due to water leaving the GCMC sphere
2021-03-24 10:43:50,881 - INFO: 155 move(s) completed (3 accepted (1.9355 %)). Current N = 1. Average N = 0.729
2021-03-24 10:44:11,298 - INFO: 156 move(s) completed (3 accepted (1.9231 %)). Current N = 1. Average N = 0.731
2021-03-24 10:44:31,834 - INFO: 157 move(s) completed (3 accepted (1.9108 %)). Current N = 1. Average N = 0.733
2021-03-24 10:44:49,245 - INFO: Move rejected due to water leaving the GCMC sphere
2021-03-24 10:44:52,667 - INFO: 158 move(s) completed (3 accepted (1.8987 %)). Current N = 1. Average N = 0.734
2021-03-24 10:45:13,778 - INFO: 159 move(s) completed (3 accepted (1.8868 %)). Current N = 1. Average N = 0.736
2021-03-24 10:45:34,432 - INFO: 160 move(s) completed (3 accepted (1.8750 %)). Current N = 1. Average N = 0.738
2021-03-24 10:45:55,285 - INFO: 161 move(s) completed (3 accepted (1.8634 %)). Current N = 1. Average N = 0.739
2021-03-24 10:46:16,021 - INFO: 162 move(s) completed (3 accepted (1.8519 %)). Current N = 1. Average N = 0.741
2021-03-24 10:46:36,060 - INFO: 163 move(s) completed (3 accepted (1.8405 %)). Current N = 1. Average N = 0.742
2021-03-24 10:46:52,747 - INFO: Move rejected due to water leaving the GCMC sphere
2021-03-24 10:46:56,139 - INFO: 164 move(s) completed (3 accepted (1.8293 %)). Current N = 1. Average N = 0.744
2021-03-24 10:47:16,141 - INFO: 165 move(s) completed (3 accepted (1.8182 %)). Current N = 1. Average N = 0.746
2021-03-24 10:47:35,964 - INFO: 166 move(s) completed (3 accepted (1.8072 %)). Current N = 1. Average N = 0.747
2021-03-24 10:47:56,022 - INFO: 167 move(s) completed (3 accepted (1.7964 %)). Current N = 1. Average N = 0.749
2021-03-24 10:48:16,299 - INFO: 168 move(s) completed (3 accepted (1.7857 %)). Current N = 1. Average N = 0.750
2021-03-24 10:48:33,348 - INFO: Move rejected due to water leaving the GCMC sphere
2021-03-24 10:48:36,914 - INFO: 169 move(s) completed (3 accepted (1.7751 %)). Current N = 1. Average N = 0.751
2021-03-24 10:48:53,974 - INFO: Move rejected due to water leaving the GCMC sphere
2021-03-24 10:48:57,567 - INFO: 170 move(s) completed (3 accepted (1.7647 %)). Current N = 1. Average N = 0.753
2021-03-24 10:49:18,155 - INFO: 171 move(s) completed (3 accepted (1.7544 %)). Current N = 1. Average N = 0.754
2021-03-24 10:49:35,185 - INFO: Move rejected due to water leaving the GCMC sphere
2021-03-24 10:49:38,626 - INFO: 172 move(s) completed (3 accepted (1.7442 %)). Current N = 1. Average N = 0.756
2021-03-24 10:49:55,717 - INFO: Move rejected due to water leaving the GCMC sphere
2021-03-24 10:49:59,140 - INFO: 173 move(s) completed (3 accepted (1.7341 %)). Current N = 1. Average N = 0.757
2021-03-24 10:50:19,515 - INFO: 174 move(s) completed (3 accepted (1.7241 %)). Current N = 1. Average N = 0.759
2021-03-24 10:50:36,113 - INFO: Move rejected due to water leaving the GCMC sphere
2021-03-24 10:50:39,627 - INFO: 175 move(s) completed (3 accepted (1.7143 %)). Current N = 1. Average N = 0.760
2021-03-24 10:50:59,766 - INFO: 176 move(s) completed (3 accepted (1.7045 %)). Current N = 1. Average N = 0.761
2021-03-24 10:51:20,850 - INFO: 177 move(s) completed (3 accepted (1.6949 %)). Current N = 1. Average N = 0.763
2021-03-24 10:51:41,742 - INFO: 178 move(s) completed (3 accepted (1.6854 %)). Current N = 1. Average N = 0.764
2021-03-24 10:51:58,128 - INFO: Move rejected due to water leaving the GCMC sphere
2021-03-24 10:52:01,734 - INFO: 179 move(s) completed (3 accepted (1.6760 %)). Current N = 1. Average N = 0.765
2021-03-24 10:52:21,941 - INFO: 180 move(s) completed (3 accepted (1.6667 %)). Current N = 1. Average N = 0.767
2021-03-24 10:52:38,639 - INFO: Move rejected due to water leaving the GCMC sphere
2021-03-24 10:52:42,112 - INFO: 181 move(s) completed (3 accepted (1.6575 %)). Current N = 1. Average N = 0.768
2021-03-24 10:53:02,349 - INFO: 182 move(s) completed (3 accepted (1.6484 %)). Current N = 1. Average N = 0.769
2021-03-24 10:53:22,427 - INFO: 183 move(s) completed (3 accepted (1.6393 %)). Current N = 1. Average N = 0.770
2021-03-24 10:53:42,413 - INFO: 184 move(s) completed (3 accepted (1.6304 %)). Current N = 1. Average N = 0.772
2021-03-24 10:54:02,802 - INFO: 185 move(s) completed (3 accepted (1.6216 %)). Current N = 1. Average N = 0.773
2021-03-24 10:54:19,490 - INFO: Move rejected due to water leaving the GCMC sphere
2021-03-24 10:54:22,994 - INFO: 186 move(s) completed (3 accepted (1.6129 %)). Current N = 1. Average N = 0.774
2021-03-24 10:54:43,103 - INFO: 187 move(s) completed (3 accepted (1.6043 %)). Current N = 1. Average N = 0.775
2021-03-24 10:55:03,498 - INFO: 188 move(s) completed (3 accepted (1.5957 %)). Current N = 1. Average N = 0.777
2021-03-24 10:55:24,080 - INFO: 189 move(s) completed (3 accepted (1.5873 %)). Current N = 1. Average N = 0.778
2021-03-24 10:55:40,368 - INFO: Move rejected due to water leaving the GCMC sphere
2021-03-24 10:55:43,899 - INFO: 190 move(s) completed (3 accepted (1.5789 %)). Current N = 1. Average N = 0.779
2021-03-24 10:56:03,946 - INFO: 191 move(s) completed (3 accepted (1.5707 %)). Current N = 1. Average N = 0.780
2021-03-24 10:56:24,839 - INFO: 192 move(s) completed (3 accepted (1.5625 %)). Current N = 1. Average N = 0.781
2021-03-24 10:56:42,308 - INFO: Move rejected due to water leaving the GCMC sphere
2021-03-24 10:56:45,937 - INFO: 193 move(s) completed (3 accepted (1.5544 %)). Current N = 1. Average N = 0.782
2021-03-24 10:57:05,953 - INFO: 194 move(s) completed (3 accepted (1.5464 %)). Current N = 1. Average N = 0.783
2021-03-24 10:57:26,125 - INFO: 195 move(s) completed (3 accepted (1.5385 %)). Current N = 1. Average N = 0.785
2021-03-24 10:57:42,774 - INFO: Move rejected due to water leaving the GCMC sphere
2021-03-24 10:57:46,237 - INFO: 196 move(s) completed (3 accepted (1.5306 %)). Current N = 1. Average N = 0.786
2021-03-24 10:58:06,274 - INFO: 197 move(s) completed (3 accepted (1.5228 %)). Current N = 1. Average N = 0.787
2021-03-24 10:58:26,257 - INFO: 198 move(s) completed (3 accepted (1.5152 %)). Current N = 1. Average N = 0.788
2021-03-24 10:58:46,411 - INFO: 199 move(s) completed (3 accepted (1.5075 %)). Current N = 1. Average N = 0.789
2021-03-24 10:59:02,949 - INFO: Move rejected due to water leaving the GCMC sphere
2021-03-24 10:59:06,538 - INFO: 200 move(s) completed (3 accepted (1.5000 %)). Current N = 1. Average N = 0.790
2021-03-24 10:59:26,944 - INFO: 201 move(s) completed (3 accepted (1.4925 %)). Current N = 1. Average N = 0.791
2021-03-24 10:59:43,911 - INFO: Move rejected due to water leaving the GCMC sphere
2021-03-24 10:59:47,398 - INFO: 202 move(s) completed (3 accepted (1.4851 %)). Current N = 1. Average N = 0.792
2021-03-24 11:00:07,515 - INFO: 203 move(s) completed (3 accepted (1.4778 %)). Current N = 1. Average N = 0.793
2021-03-24 11:00:27,990 - INFO: 204 move(s) completed (3 accepted (1.4706 %)). Current N = 1. Average N = 0.794
2021-03-24 11:00:45,298 - INFO: Move rejected due to water leaving the GCMC sphere
2021-03-24 11:00:48,658 - INFO: 205 move(s) completed (3 accepted (1.4634 %)). Current N = 1. Average N = 0.795
2021-03-24 11:01:05,929 - INFO: Move rejected due to water leaving the GCMC sphere
2021-03-24 11:01:09,637 - INFO: 206 move(s) completed (3 accepted (1.4563 %)). Current N = 1. Average N = 0.796
2021-03-24 11:01:30,273 - INFO: 207 move(s) completed (3 accepted (1.4493 %)). Current N = 1. Average N = 0.797
2021-03-24 11:01:47,378 - INFO: Move rejected due to water leaving the GCMC sphere
2021-03-24 11:01:50,952 - INFO: 208 move(s) completed (3 accepted (1.4423 %)). Current N = 1. Average N = 0.798
2021-03-24 11:02:11,566 - INFO: 209 move(s) completed (3 accepted (1.4354 %)). Current N = 1. Average N = 0.799
2021-03-24 11:02:28,226 - INFO: Move rejected due to water leaving the GCMC sphere
2021-03-24 11:02:31,630 - INFO: 210 move(s) completed (3 accepted (1.4286 %)). Current N = 1. Average N = 0.800
2021-03-24 11:02:51,821 - INFO: 211 move(s) completed (3 accepted (1.4218 %)). Current N = 1. Average N = 0.801
2021-03-24 11:03:08,434 - INFO: Move rejected due to water leaving the GCMC sphere
2021-03-24 11:03:11,864 - INFO: 212 move(s) completed (3 accepted (1.4151 %)). Current N = 1. Average N = 0.802
2021-03-24 11:03:31,815 - INFO: 213 move(s) completed (3 accepted (1.4085 %)). Current N = 1. Average N = 0.803
2021-03-24 11:03:51,840 - INFO: 214 move(s) completed (3 accepted (1.4019 %)). Current N = 1. Average N = 0.804
2021-03-24 11:04:08,571 - INFO: Move rejected due to water leaving the GCMC sphere
2021-03-24 11:04:11,989 - INFO: 215 move(s) completed (3 accepted (1.3953 %)). Current N = 1. Average N = 0.805
2021-03-24 11:04:32,288 - INFO: 216 move(s) completed (3 accepted (1.3889 %)). Current N = 1. Average N = 0.806
2021-03-24 11:04:49,247 - INFO: Move rejected due to water leaving the GCMC sphere
2021-03-24 11:04:52,627 - INFO: 217 move(s) completed (3 accepted (1.3825 %)). Current N = 1. Average N = 0.806
2021-03-24 11:05:09,838 - INFO: Move rejected due to water leaving the GCMC sphere
2021-03-24 11:05:13,182 - INFO: 218 move(s) completed (3 accepted (1.3761 %)). Current N = 1. Average N = 0.807
2021-03-24 11:05:30,293 - INFO: Move rejected due to water leaving the GCMC sphere
2021-03-24 11:05:33,911 - INFO: 219 move(s) completed (3 accepted (1.3699 %)). Current N = 1. Average N = 0.808
2021-03-24 11:05:53,887 - INFO: 220 move(s) completed (3 accepted (1.3636 %)). Current N = 1. Average N = 0.809
2021-03-24 11:06:14,397 - INFO: 221 move(s) completed (4 accepted (1.8100 %)). Current N = 2. Average N = 0.815
2021-03-24 11:06:31,758 - INFO: Move rejected due to water leaving the GCMC sphere
2021-03-24 11:06:35,216 - INFO: 222 move(s) completed (4 accepted (1.8018 %)). Current N = 2. Average N = 0.820
2021-03-24 11:06:52,234 - INFO: Move rejected due to water leaving the GCMC sphere
2021-03-24 11:06:55,632 - INFO: 223 move(s) completed (4 accepted (1.7937 %)). Current N = 2. Average N = 0.825
2021-03-24 11:07:12,915 - INFO: Move rejected due to water leaving the GCMC sphere
2021-03-24 11:07:16,613 - INFO: 224 move(s) completed (4 accepted (1.7857 %)). Current N = 2. Average N = 0.830
2021-03-24 11:07:37,597 - INFO: 225 move(s) completed (5 accepted (2.2222 %)). Current N = 1. Average N = 0.831
2021-03-24 11:07:58,201 - INFO: 226 move(s) completed (5 accepted (2.2124 %)). Current N = 1. Average N = 0.832
2021-03-24 11:08:14,625 - INFO: Move rejected due to water leaving the GCMC sphere
2021-03-24 11:08:18,148 - INFO: 227 move(s) completed (5 accepted (2.2026 %)). Current N = 1. Average N = 0.833
2021-03-24 11:08:38,340 - INFO: 228 move(s) completed (5 accepted (2.1930 %)). Current N = 1. Average N = 0.833
2021-03-24 11:08:58,399 - INFO: 229 move(s) completed (5 accepted (2.1834 %)). Current N = 1. Average N = 0.834
2021-03-24 11:09:15,017 - INFO: Move rejected due to water leaving the GCMC sphere
2021-03-24 11:09:18,450 - INFO: 230 move(s) completed (5 accepted (2.1739 %)). Current N = 1. Average N = 0.835
2021-03-24 11:09:35,218 - INFO: Move rejected due to water leaving the GCMC sphere
2021-03-24 11:09:38,825 - INFO: 231 move(s) completed (5 accepted (2.1645 %)). Current N = 1. Average N = 0.836
2021-03-24 11:09:59,202 - INFO: 232 move(s) completed (5 accepted (2.1552 %)). Current N = 1. Average N = 0.836
2021-03-24 11:10:19,413 - INFO: 233 move(s) completed (5 accepted (2.1459 %)). Current N = 1. Average N = 0.837
2021-03-24 11:10:39,659 - INFO: 234 move(s) completed (5 accepted (2.1368 %)). Current N = 1. Average N = 0.838
2021-03-24 11:10:59,641 - INFO: 235 move(s) completed (5 accepted (2.1277 %)). Current N = 1. Average N = 0.838
2021-03-24 11:11:20,481 - INFO: 236 move(s) completed (5 accepted (2.1186 %)). Current N = 1. Average N = 0.839
2021-03-24 11:11:37,798 - INFO: Move rejected due to water leaving the GCMC sphere
2021-03-24 11:11:41,508 - INFO: 237 move(s) completed (5 accepted (2.1097 %)). Current N = 1. Average N = 0.840
2021-03-24 11:11:58,869 - INFO: Move rejected due to water leaving the GCMC sphere
2021-03-24 11:12:02,470 - INFO: 238 move(s) completed (5 accepted (2.1008 %)). Current N = 1. Average N = 0.840
2021-03-24 11:12:19,552 - INFO: Move rejected due to water leaving the GCMC sphere
2021-03-24 11:12:23,168 - INFO: 239 move(s) completed (5 accepted (2.0921 %)). Current N = 1. Average N = 0.841
2021-03-24 11:12:40,167 - INFO: Move rejected due to water leaving the GCMC sphere
2021-03-24 11:12:43,613 - INFO: 240 move(s) completed (5 accepted (2.0833 %)). Current N = 1. Average N = 0.842
2021-03-24 11:13:00,943 - INFO: Move rejected due to water leaving the GCMC sphere
2021-03-24 11:13:04,322 - INFO: 241 move(s) completed (5 accepted (2.0747 %)). Current N = 1. Average N = 0.842
2021-03-24 11:13:25,464 - INFO: 242 move(s) completed (5 accepted (2.0661 %)). Current N = 1. Average N = 0.843
2021-03-24 11:13:42,101 - INFO: Move rejected due to water leaving the GCMC sphere
2021-03-24 11:13:45,599 - INFO: 243 move(s) completed (5 accepted (2.0576 %)). Current N = 1. Average N = 0.844
2021-03-24 11:14:02,247 - INFO: Move rejected due to water leaving the GCMC sphere
2021-03-24 11:14:05,652 - INFO: 244 move(s) completed (5 accepted (2.0492 %)). Current N = 1. Average N = 0.844
2021-03-24 11:14:22,407 - INFO: Move rejected due to water leaving the GCMC sphere
2021-03-24 11:14:26,054 - INFO: 245 move(s) completed (5 accepted (2.0408 %)). Current N = 1. Average N = 0.845
2021-03-24 11:14:42,726 - INFO: Move rejected due to water leaving the GCMC sphere
2021-03-24 11:14:46,303 - INFO: 246 move(s) completed (5 accepted (2.0325 %)). Current N = 1. Average N = 0.846
2021-03-24 11:15:06,003 - INFO: 247 move(s) completed (5 accepted (2.0243 %)). Current N = 1. Average N = 0.846
2021-03-24 11:15:22,543 - INFO: Move rejected due to water leaving the GCMC sphere
2021-03-24 11:15:26,173 - INFO: 248 move(s) completed (5 accepted (2.0161 %)). Current N = 1. Average N = 0.847
2021-03-24 11:15:43,044 - INFO: Move rejected due to water leaving the GCMC sphere
2021-03-24 11:15:46,588 - INFO: 249 move(s) completed (5 accepted (2.0080 %)). Current N = 1. Average N = 0.847
2021-03-24 11:16:07,034 - INFO: 250 move(s) completed (5 accepted (2.0000 %)). Current N = 1. Average N = 0.848
2021-03-24 11:16:27,359 - INFO: 251 move(s) completed (5 accepted (1.9920 %)). Current N = 1. Average N = 0.849
2021-03-24 11:16:44,528 - INFO: Move rejected due to water leaving the GCMC sphere
2021-03-24 11:16:47,951 - INFO: 252 move(s) completed (5 accepted (1.9841 %)). Current N = 1. Average N = 0.849
2021-03-24 11:17:08,412 - INFO: 253 move(s) completed (5 accepted (1.9763 %)). Current N = 1. Average N = 0.850
2021-03-24 11:17:24,875 - INFO: Move rejected due to water leaving the GCMC sphere
2021-03-24 11:17:28,244 - INFO: 254 move(s) completed (5 accepted (1.9685 %)). Current N = 1. Average N = 0.850
2021-03-24 11:17:49,032 - INFO: 255 move(s) completed (5 accepted (1.9608 %)). Current N = 1. Average N = 0.851
2021-03-24 11:18:06,479 - INFO: Move rejected due to water leaving the GCMC sphere
2021-03-24 11:18:09,853 - INFO: 256 move(s) completed (5 accepted (1.9531 %)). Current N = 1. Average N = 0.852
2021-03-24 11:18:30,713 - INFO: 257 move(s) completed (5 accepted (1.9455 %)). Current N = 1. Average N = 0.852
2021-03-24 11:18:48,279 - INFO: Move rejected due to water leaving the GCMC sphere
2021-03-24 11:18:51,714 - INFO: 258 move(s) completed (5 accepted (1.9380 %)). Current N = 1. Average N = 0.853
2021-03-24 11:19:11,695 - INFO: 259 move(s) completed (5 accepted (1.9305 %)). Current N = 1. Average N = 0.853
2021-03-24 11:19:31,719 - INFO: 260 move(s) completed (5 accepted (1.9231 %)). Current N = 1. Average N = 0.854
2021-03-24 11:19:51,704 - INFO: 261 move(s) completed (5 accepted (1.9157 %)). Current N = 1. Average N = 0.854
2021-03-24 11:20:11,779 - INFO: 262 move(s) completed (5 accepted (1.9084 %)). Current N = 1. Average N = 0.855
2021-03-24 11:20:31,863 - INFO: 263 move(s) completed (5 accepted (1.9011 %)). Current N = 1. Average N = 0.856
2021-03-24 11:20:52,032 - INFO: 264 move(s) completed (5 accepted (1.8939 %)). Current N = 1. Average N = 0.856
2021-03-24 11:21:08,981 - INFO: Move rejected due to water leaving the GCMC sphere
2021-03-24 11:21:12,418 - INFO: 265 move(s) completed (5 accepted (1.8868 %)). Current N = 1. Average N = 0.857
2021-03-24 11:21:29,594 - INFO: Move rejected due to water leaving the GCMC sphere
2021-03-24 11:21:33,141 - INFO: 266 move(s) completed (5 accepted (1.8797 %)). Current N = 1. Average N = 0.857
2021-03-24 11:21:53,794 - INFO: 267 move(s) completed (5 accepted (1.8727 %)). Current N = 1. Average N = 0.858
2021-03-24 11:22:10,922 - INFO: Move rejected due to water leaving the GCMC sphere
2021-03-24 11:22:14,303 - INFO: 268 move(s) completed (5 accepted (1.8657 %)). Current N = 1. Average N = 0.858
2021-03-24 11:22:34,816 - INFO: 269 move(s) completed (5 accepted (1.8587 %)). Current N = 1. Average N = 0.859
2021-03-24 11:22:55,328 - INFO: 270 move(s) completed (5 accepted (1.8519 %)). Current N = 1. Average N = 0.859
2021-03-24 11:23:16,158 - INFO: 271 move(s) completed (5 accepted (1.8450 %)). Current N = 1. Average N = 0.860
2021-03-24 11:23:32,526 - INFO: Move rejected due to water leaving the GCMC sphere
2021-03-24 11:23:35,949 - INFO: 272 move(s) completed (5 accepted (1.8382 %)). Current N = 1. Average N = 0.860
2021-03-24 11:23:53,677 - INFO: Move rejected due to water leaving the GCMC sphere
2021-03-24 11:23:57,303 - INFO: 273 move(s) completed (5 accepted (1.8315 %)). Current N = 1. Average N = 0.861
2021-03-24 11:24:14,619 - INFO: Move rejected due to water leaving the GCMC sphere
2021-03-24 11:24:18,081 - INFO: 274 move(s) completed (5 accepted (1.8248 %)). Current N = 1. Average N = 0.861
2021-03-24 11:24:38,299 - INFO: 275 move(s) completed (5 accepted (1.8182 %)). Current N = 1. Average N = 0.862
2021-03-24 11:24:58,315 - INFO: 276 move(s) completed (5 accepted (1.8116 %)). Current N = 1. Average N = 0.862
2021-03-24 11:25:14,952 - INFO: Move rejected due to water leaving the GCMC sphere
2021-03-24 11:25:18,510 - INFO: 277 move(s) completed (5 accepted (1.8051 %)). Current N = 1. Average N = 0.863
2021-03-24 11:25:38,705 - INFO: 278 move(s) completed (5 accepted (1.7986 %)). Current N = 1. Average N = 0.863
2021-03-24 11:25:58,888 - INFO: 279 move(s) completed (5 accepted (1.7921 %)). Current N = 1. Average N = 0.864
2021-03-24 11:26:15,674 - INFO: Move rejected due to water leaving the GCMC sphere
2021-03-24 11:26:19,131 - INFO: 280 move(s) completed (5 accepted (1.7857 %)). Current N = 1. Average N = 0.864
2021-03-24 11:26:39,285 - INFO: 281 move(s) completed (5 accepted (1.7794 %)). Current N = 1. Average N = 0.865
2021-03-24 11:26:59,172 - INFO: 282 move(s) completed (5 accepted (1.7730 %)). Current N = 1. Average N = 0.865
2021-03-24 11:27:19,537 - INFO: 283 move(s) completed (5 accepted (1.7668 %)). Current N = 1. Average N = 0.866
2021-03-24 11:27:36,634 - INFO: Move rejected due to water leaving the GCMC sphere
2021-03-24 11:27:40,112 - INFO: 284 move(s) completed (5 accepted (1.7606 %)). Current N = 1. Average N = 0.866
2021-03-24 11:28:00,724 - INFO: 285 move(s) completed (5 accepted (1.7544 %)). Current N = 1. Average N = 0.867
2021-03-24 11:28:18,104 - INFO: Move rejected due to water leaving the GCMC sphere
2021-03-24 11:28:21,663 - INFO: 286 move(s) completed (5 accepted (1.7483 %)). Current N = 1. Average N = 0.867
2021-03-24 11:28:42,215 - INFO: 287 move(s) completed (5 accepted (1.7422 %)). Current N = 1. Average N = 0.868
2021-03-24 11:29:02,865 - INFO: 288 move(s) completed (5 accepted (1.7361 %)). Current N = 1. Average N = 0.868
2021-03-24 11:29:23,471 - INFO: 289 move(s) completed (5 accepted (1.7301 %)). Current N = 1. Average N = 0.869
2021-03-24 11:29:40,734 - INFO: Move rejected due to water leaving the GCMC sphere
2021-03-24 11:29:44,125 - INFO: 290 move(s) completed (5 accepted (1.7241 %)). Current N = 1. Average N = 0.869
2021-03-24 11:30:03,834 - INFO: 291 move(s) completed (5 accepted (1.7182 %)). Current N = 1. Average N = 0.869
2021-03-24 11:30:23,673 - INFO: 292 move(s) completed (5 accepted (1.7123 %)). Current N = 1. Average N = 0.870
2021-03-24 11:30:40,292 - INFO: Move rejected due to water leaving the GCMC sphere
2021-03-24 11:30:43,717 - INFO: 293 move(s) completed (5 accepted (1.7065 %)). Current N = 1. Average N = 0.870
2021-03-24 11:31:03,926 - INFO: 294 move(s) completed (5 accepted (1.7007 %)). Current N = 1. Average N = 0.871
2021-03-24 11:31:24,076 - INFO: 295 move(s) completed (5 accepted (1.6949 %)). Current N = 1. Average N = 0.871
2021-03-24 11:31:40,630 - INFO: Move rejected due to water leaving the GCMC sphere
2021-03-24 11:31:44,057 - INFO: 296 move(s) completed (5 accepted (1.6892 %)). Current N = 1. Average N = 0.872
2021-03-24 11:32:04,164 - INFO: 297 move(s) completed (5 accepted (1.6835 %)). Current N = 1. Average N = 0.872
2021-03-24 11:32:24,201 - INFO: 298 move(s) completed (5 accepted (1.6779 %)). Current N = 1. Average N = 0.873
2021-03-24 11:32:41,424 - INFO: Move rejected due to water leaving the GCMC sphere
2021-03-24 11:32:45,001 - INFO: 299 move(s) completed (5 accepted (1.6722 %)). Current N = 1. Average N = 0.873
2021-03-24 11:33:05,850 - INFO: 300 move(s) completed (5 accepted (1.6667 %)). Current N = 1. Average N = 0.873
2021-03-24 11:33:25,970 - INFO: 301 move(s) completed (5 accepted (1.6611 %)). Current N = 1. Average N = 0.874
2021-03-24 11:33:46,696 - INFO: 302 move(s) completed (5 accepted (1.6556 %)). Current N = 1. Average N = 0.874
2021-03-24 11:34:03,893 - INFO: Move rejected due to water leaving the GCMC sphere
2021-03-24 11:34:07,413 - INFO: 303 move(s) completed (5 accepted (1.6502 %)). Current N = 1. Average N = 0.875
2021-03-24 11:34:27,984 - INFO: 304 move(s) completed (5 accepted (1.6447 %)). Current N = 1. Average N = 0.875
2021-03-24 11:34:48,974 - INFO: 305 move(s) completed (5 accepted (1.6393 %)). Current N = 1. Average N = 0.875
2021-03-24 11:35:08,666 - INFO: 306 move(s) completed (5 accepted (1.6340 %)). Current N = 1. Average N = 0.876
2021-03-24 11:35:24,999 - INFO: Move rejected due to water leaving the GCMC sphere
2021-03-24 11:35:28,427 - INFO: 307 move(s) completed (5 accepted (1.6287 %)). Current N = 1. Average N = 0.876
2021-03-24 11:35:48,295 - INFO: 308 move(s) completed (5 accepted (1.6234 %)). Current N = 1. Average N = 0.877
2021-03-24 11:36:04,914 - INFO: Move rejected due to water leaving the GCMC sphere
2021-03-24 11:36:08,380 - INFO: 309 move(s) completed (5 accepted (1.6181 %)). Current N = 1. Average N = 0.877
2021-03-24 11:36:28,339 - INFO: 310 move(s) completed (5 accepted (1.6129 %)). Current N = 1. Average N = 0.877
2021-03-24 11:36:48,355 - INFO: 311 move(s) completed (5 accepted (1.6077 %)). Current N = 1. Average N = 0.878
2021-03-24 11:37:08,578 - INFO: 312 move(s) completed (5 accepted (1.6026 %)). Current N = 1. Average N = 0.878
2021-03-24 11:37:29,293 - INFO: 313 move(s) completed (5 accepted (1.5974 %)). Current N = 1. Average N = 0.879
2021-03-24 11:37:49,581 - INFO: 314 move(s) completed (5 accepted (1.5924 %)). Current N = 1. Average N = 0.879
2021-03-24 11:38:10,298 - INFO: 315 move(s) completed (5 accepted (1.5873 %)). Current N = 1. Average N = 0.879
2021-03-24 11:38:30,406 - INFO: 316 move(s) completed (5 accepted (1.5823 %)). Current N = 1. Average N = 0.880
2021-03-24 11:38:50,339 - INFO: 317 move(s) completed (5 accepted (1.5773 %)). Current N = 1. Average N = 0.880
2021-03-24 11:39:10,989 - INFO: 318 move(s) completed (5 accepted (1.5723 %)). Current N = 1. Average N = 0.880
2021-03-24 11:39:27,992 - INFO: Move rejected due to water leaving the GCMC sphere
2021-03-24 11:39:31,390 - INFO: 319 move(s) completed (5 accepted (1.5674 %)). Current N = 1. Average N = 0.881
2021-03-24 11:39:48,543 - INFO: Move rejected due to water leaving the GCMC sphere
2021-03-24 11:39:51,952 - INFO: 320 move(s) completed (5 accepted (1.5625 %)). Current N = 1. Average N = 0.881
2021-03-24 11:40:12,860 - INFO: 321 move(s) completed (5 accepted (1.5576 %)). Current N = 1. Average N = 0.882
2021-03-24 11:40:32,643 - INFO: 322 move(s) completed (5 accepted (1.5528 %)). Current N = 1. Average N = 0.882
2021-03-24 11:40:52,536 - INFO: 323 move(s) completed (5 accepted (1.5480 %)). Current N = 1. Average N = 0.882
2021-03-24 11:41:09,120 - INFO: Move rejected due to water leaving the GCMC sphere
2021-03-24 11:41:12,533 - INFO: 324 move(s) completed (5 accepted (1.5432 %)). Current N = 1. Average N = 0.883
2021-03-24 11:41:32,474 - INFO: 325 move(s) completed (5 accepted (1.5385 %)). Current N = 1. Average N = 0.883
2021-03-24 11:41:52,830 - INFO: 326 move(s) completed (5 accepted (1.5337 %)). Current N = 1. Average N = 0.883
2021-03-24 11:42:09,685 - INFO: Move rejected due to water leaving the GCMC sphere
2021-03-24 11:42:13,173 - INFO: 327 move(s) completed (5 accepted (1.5291 %)). Current N = 1. Average N = 0.884
2021-03-24 11:42:29,581 - INFO: Move rejected due to water leaving the GCMC sphere
2021-03-24 11:42:33,099 - INFO: 328 move(s) completed (5 accepted (1.5244 %)). Current N = 1. Average N = 0.884
2021-03-24 11:42:49,450 - INFO: Move rejected due to water leaving the GCMC sphere
2021-03-24 11:42:52,760 - INFO: 329 move(s) completed (5 accepted (1.5198 %)). Current N = 1. Average N = 0.884
2021-03-24 11:43:10,841 - INFO: Move rejected due to water leaving the GCMC sphere
2021-03-24 11:43:14,327 - INFO: 330 move(s) completed (5 accepted (1.5152 %)). Current N = 1. Average N = 0.885
2021-03-24 11:43:34,734 - INFO: 331 move(s) completed (5 accepted (1.5106 %)). Current N = 1. Average N = 0.885
2021-03-24 11:43:55,341 - INFO: 332 move(s) completed (5 accepted (1.5060 %)). Current N = 1. Average N = 0.885
2021-03-24 11:44:12,482 - INFO: Move rejected due to water leaving the GCMC sphere
2021-03-24 11:44:15,887 - INFO: 333 move(s) completed (5 accepted (1.5015 %)). Current N = 1. Average N = 0.886
2021-03-24 11:44:36,636 - INFO: 334 move(s) completed (5 accepted (1.4970 %)). Current N = 1. Average N = 0.886
2021-03-24 11:44:57,658 - INFO: 335 move(s) completed (5 accepted (1.4925 %)). Current N = 1. Average N = 0.887
2021-03-24 11:45:14,922 - INFO: Move rejected due to water leaving the GCMC sphere
2021-03-24 11:45:18,271 - INFO: 336 move(s) completed (5 accepted (1.4881 %)). Current N = 1. Average N = 0.887
2021-03-24 11:45:38,989 - INFO: 337 move(s) completed (5 accepted (1.4837 %)). Current N = 1. Average N = 0.887
2021-03-24 11:45:59,599 - INFO: 338 move(s) completed (5 accepted (1.4793 %)). Current N = 1. Average N = 0.888
2021-03-24 11:46:19,632 - INFO: 339 move(s) completed (5 accepted (1.4749 %)). Current N = 1. Average N = 0.888
2021-03-24 11:46:36,065 - INFO: Move rejected due to water leaving the GCMC sphere
2021-03-24 11:46:39,508 - INFO: 340 move(s) completed (5 accepted (1.4706 %)). Current N = 1. Average N = 0.888
2021-03-24 11:46:55,926 - INFO: Move rejected due to water leaving the GCMC sphere
2021-03-24 11:46:59,390 - INFO: 341 move(s) completed (5 accepted (1.4663 %)). Current N = 1. Average N = 0.889
2021-03-24 11:47:16,168 - INFO: Move rejected due to water leaving the GCMC sphere
2021-03-24 11:47:19,585 - INFO: 342 move(s) completed (5 accepted (1.4620 %)). Current N = 1. Average N = 0.889
2021-03-24 11:47:39,639 - INFO: 343 move(s) completed (5 accepted (1.4577 %)). Current N = 1. Average N = 0.889
2021-03-24 11:47:59,748 - INFO: 344 move(s) completed (5 accepted (1.4535 %)). Current N = 1. Average N = 0.889
2021-03-24 11:48:20,126 - INFO: 345 move(s) completed (5 accepted (1.4493 %)). Current N = 1. Average N = 0.890
2021-03-24 11:48:40,774 - INFO: 346 move(s) completed (5 accepted (1.4451 %)). Current N = 1. Average N = 0.890
2021-03-24 11:48:58,027 - INFO: Move rejected due to water leaving the GCMC sphere
2021-03-24 11:49:01,627 - INFO: 347 move(s) completed (5 accepted (1.4409 %)). Current N = 1. Average N = 0.890
2021-03-24 11:49:22,133 - INFO: 348 move(s) completed (5 accepted (1.4368 %)). Current N = 1. Average N = 0.891
2021-03-24 11:49:38,581 - INFO: Move rejected due to water leaving the GCMC sphere
2021-03-24 11:49:42,267 - INFO: 349 move(s) completed (5 accepted (1.4327 %)). Current N = 1. Average N = 0.891
2021-03-24 11:49:59,385 - INFO: Move rejected due to water leaving the GCMC sphere
2021-03-24 11:50:02,896 - INFO: 350 move(s) completed (5 accepted (1.4286 %)). Current N = 1. Average N = 0.891
2021-03-24 11:50:23,354 - INFO: 351 move(s) completed (5 accepted (1.4245 %)). Current N = 1. Average N = 0.892
2021-03-24 11:50:39,780 - INFO: Move rejected due to water leaving the GCMC sphere
2021-03-24 11:50:43,301 - INFO: 352 move(s) completed (5 accepted (1.4205 %)). Current N = 1. Average N = 0.892
2021-03-24 11:51:00,666 - INFO: Move rejected due to water leaving the GCMC sphere
2021-03-24 11:51:04,099 - INFO: 353 move(s) completed (5 accepted (1.4164 %)). Current N = 1. Average N = 0.892
2021-03-24 11:51:21,399 - INFO: Move rejected due to water leaving the GCMC sphere
2021-03-24 11:51:24,824 - INFO: 354 move(s) completed (5 accepted (1.4124 %)). Current N = 1. Average N = 0.893
2021-03-24 11:51:44,958 - INFO: 355 move(s) completed (5 accepted (1.4085 %)). Current N = 1. Average N = 0.893
2021-03-24 11:52:01,852 - INFO: Move rejected due to water leaving the GCMC sphere
2021-03-24 11:52:05,467 - INFO: 356 move(s) completed (5 accepted (1.4045 %)). Current N = 1. Average N = 0.893
2021-03-24 11:52:22,106 - INFO: Move rejected due to water leaving the GCMC sphere
2021-03-24 11:52:25,468 - INFO: 357 move(s) completed (5 accepted (1.4006 %)). Current N = 1. Average N = 0.894
2021-03-24 11:52:45,524 - INFO: 358 move(s) completed (5 accepted (1.3966 %)). Current N = 1. Average N = 0.894
2021-03-24 11:53:05,703 - INFO: 359 move(s) completed (5 accepted (1.3928 %)). Current N = 1. Average N = 0.894
2021-03-24 11:53:26,010 - INFO: 360 move(s) completed (5 accepted (1.3889 %)). Current N = 1. Average N = 0.894
2021-03-24 11:53:46,101 - INFO: 361 move(s) completed (5 accepted (1.3850 %)). Current N = 1. Average N = 0.895
2021-03-24 11:54:06,322 - INFO: 362 move(s) completed (5 accepted (1.3812 %)). Current N = 1. Average N = 0.895
2021-03-24 11:54:23,314 - INFO: Move rejected due to water leaving the GCMC sphere
2021-03-24 11:54:26,866 - INFO: 363 move(s) completed (5 accepted (1.3774 %)). Current N = 1. Average N = 0.895
2021-03-24 11:54:47,437 - INFO: 364 move(s) completed (5 accepted (1.3736 %)). Current N = 1. Average N = 0.896
2021-03-24 11:55:04,093 - INFO: Move rejected due to water leaving the GCMC sphere
2021-03-24 11:55:07,530 - INFO: 365 move(s) completed (5 accepted (1.3699 %)). Current N = 1. Average N = 0.896
2021-03-24 11:55:28,186 - INFO: 366 move(s) completed (5 accepted (1.3661 %)). Current N = 1. Average N = 0.896
2021-03-24 11:55:49,216 - INFO: 367 move(s) completed (5 accepted (1.3624 %)). Current N = 1. Average N = 0.896
