2021-03-25 01:40:49,555 - INFO: kT = 0.5921875708469466 kcal/mol
2021-03-25 01:40:55,164 - INFO: BaseGrandCanonicalMonteCarloSampler object initialised
2021-03-25 01:40:55,165 - INFO: GCMC sphere is based on reference atom IDs: [887, 1837]
2021-03-25 01:40:55,165 - INFO: GCMC sphere radius is 6 A
2021-03-25 01:40:55,165 - INFO: Simulating at an Adams (B) value of -6.888845176169922
2021-03-25 01:40:55,166 - INFO: GCMCSphereSampler object initialised
2021-03-25 01:40:55,166 - INFO: Each NCMC move will be executed over a total of 13.0 ps
2021-03-25 01:40:55,166 - INFO: NonequilibriumGCMCSphereSampler object initialised
2021-03-25 01:41:08,417 - INFO: 1 move(s) completed (0 accepted (0.0000 %)). Current N = 0. Average N = 0.000
2021-03-25 01:41:14,233 - INFO: 2 move(s) completed (0 accepted (0.0000 %)). Current N = 0. Average N = 0.000
2021-03-25 01:41:41,701 - INFO: 3 move(s) completed (0 accepted (0.0000 %)). Current N = 0. Average N = 0.000
2021-03-25 01:42:04,756 - INFO: Move rejected due to water leaving the GCMC sphere
2021-03-25 01:42:08,442 - INFO: 4 move(s) completed (0 accepted (0.0000 %)). Current N = 0. Average N = 0.000
2021-03-25 01:42:14,425 - INFO: 5 move(s) completed (0 accepted (0.0000 %)). Current N = 0. Average N = 0.000
2021-03-25 01:42:37,787 - INFO: Move rejected due to water leaving the GCMC sphere
2021-03-25 01:42:41,473 - INFO: 6 move(s) completed (0 accepted (0.0000 %)). Current N = 0. Average N = 0.000
2021-03-25 01:43:08,343 - INFO: 7 move(s) completed (0 accepted (0.0000 %)). Current N = 0. Average N = 0.000
2021-03-25 01:43:31,686 - INFO: Move rejected due to water leaving the GCMC sphere
2021-03-25 01:43:35,145 - INFO: 8 move(s) completed (0 accepted (0.0000 %)). Current N = 0. Average N = 0.000
2021-03-25 01:43:58,691 - INFO: Move rejected due to water leaving the GCMC sphere
2021-03-25 01:44:02,247 - INFO: 9 move(s) completed (0 accepted (0.0000 %)). Current N = 0. Average N = 0.000
2021-03-25 01:44:29,678 - INFO: 10 move(s) completed (0 accepted (0.0000 %)). Current N = 0. Average N = 0.000
2021-03-25 01:44:53,602 - INFO: Move rejected due to water leaving the GCMC sphere
2021-03-25 01:44:57,069 - INFO: 11 move(s) completed (0 accepted (0.0000 %)). Current N = 0. Average N = 0.000
2021-03-25 01:45:21,236 - INFO: Move rejected due to water leaving the GCMC sphere
2021-03-25 01:45:24,815 - INFO: 12 move(s) completed (0 accepted (0.0000 %)). Current N = 0. Average N = 0.000
2021-03-25 01:45:48,882 - INFO: Move rejected due to water leaving the GCMC sphere
2021-03-25 01:45:52,350 - INFO: 13 move(s) completed (0 accepted (0.0000 %)). Current N = 0. Average N = 0.000
2021-03-25 01:46:16,523 - INFO: Move rejected due to water leaving the GCMC sphere
2021-03-25 01:46:19,897 - INFO: 14 move(s) completed (0 accepted (0.0000 %)). Current N = 0. Average N = 0.000
2021-03-25 01:46:25,823 - INFO: 15 move(s) completed (0 accepted (0.0000 %)). Current N = 0. Average N = 0.000
2021-03-25 01:46:31,475 - INFO: 16 move(s) completed (0 accepted (0.0000 %)). Current N = 0. Average N = 0.000
2021-03-25 01:46:37,348 - INFO: 17 move(s) completed (0 accepted (0.0000 %)). Current N = 0. Average N = 0.000
2021-03-25 01:47:04,323 - INFO: 18 move(s) completed (0 accepted (0.0000 %)). Current N = 0. Average N = 0.000
2021-03-25 01:47:10,346 - INFO: 19 move(s) completed (0 accepted (0.0000 %)). Current N = 0. Average N = 0.000
2021-03-25 01:47:33,816 - INFO: Move rejected due to water leaving the GCMC sphere
2021-03-25 01:47:37,502 - INFO: 20 move(s) completed (0 accepted (0.0000 %)). Current N = 0. Average N = 0.000
2021-03-25 01:48:01,018 - INFO: Move rejected due to water leaving the GCMC sphere
2021-03-25 01:48:04,698 - INFO: 21 move(s) completed (0 accepted (0.0000 %)). Current N = 0. Average N = 0.000
2021-03-25 01:48:28,184 - INFO: Move rejected due to water leaving the GCMC sphere
2021-03-25 01:48:31,856 - INFO: 22 move(s) completed (0 accepted (0.0000 %)). Current N = 0. Average N = 0.000
2021-03-25 01:48:55,715 - INFO: Move rejected due to water leaving the GCMC sphere
2021-03-25 01:48:59,242 - INFO: 23 move(s) completed (0 accepted (0.0000 %)). Current N = 0. Average N = 0.000
2021-03-25 01:49:28,544 - INFO: 24 move(s) completed (0 accepted (0.0000 %)). Current N = 0. Average N = 0.000
2021-03-25 01:49:34,700 - INFO: 25 move(s) completed (0 accepted (0.0000 %)). Current N = 0. Average N = 0.000
2021-03-25 01:49:40,675 - INFO: 26 move(s) completed (0 accepted (0.0000 %)). Current N = 0. Average N = 0.000
2021-03-25 01:49:46,490 - INFO: 27 move(s) completed (0 accepted (0.0000 %)). Current N = 0. Average N = 0.000
2021-03-25 01:49:52,090 - INFO: 28 move(s) completed (0 accepted (0.0000 %)). Current N = 0. Average N = 0.000
2021-03-25 01:49:58,000 - INFO: 29 move(s) completed (0 accepted (0.0000 %)). Current N = 0. Average N = 0.000
2021-03-25 01:50:22,035 - INFO: Move rejected due to water leaving the GCMC sphere
2021-03-25 01:50:25,635 - INFO: 30 move(s) completed (0 accepted (0.0000 %)). Current N = 0. Average N = 0.000
2021-03-25 01:50:49,697 - INFO: Move rejected due to water leaving the GCMC sphere
2021-03-25 01:50:53,294 - INFO: 31 move(s) completed (0 accepted (0.0000 %)). Current N = 0. Average N = 0.000
2021-03-25 01:50:59,244 - INFO: 32 move(s) completed (0 accepted (0.0000 %)). Current N = 0. Average N = 0.000
2021-03-25 01:51:22,601 - INFO: Move rejected due to water leaving the GCMC sphere
2021-03-25 01:51:26,326 - INFO: 33 move(s) completed (0 accepted (0.0000 %)). Current N = 0. Average N = 0.000
2021-03-25 01:51:49,872 - INFO: Move rejected due to water leaving the GCMC sphere
2021-03-25 01:51:53,359 - INFO: 34 move(s) completed (0 accepted (0.0000 %)). Current N = 0. Average N = 0.000
2021-03-25 01:51:59,279 - INFO: 35 move(s) completed (0 accepted (0.0000 %)). Current N = 0. Average N = 0.000
2021-03-25 01:52:05,147 - INFO: 36 move(s) completed (0 accepted (0.0000 %)). Current N = 0. Average N = 0.000
2021-03-25 01:52:11,014 - INFO: 37 move(s) completed (0 accepted (0.0000 %)). Current N = 0. Average N = 0.000
2021-03-25 01:52:16,830 - INFO: 38 move(s) completed (0 accepted (0.0000 %)). Current N = 0. Average N = 0.000
2021-03-25 01:52:22,547 - INFO: 39 move(s) completed (0 accepted (0.0000 %)). Current N = 0. Average N = 0.000
2021-03-25 01:52:28,429 - INFO: 40 move(s) completed (0 accepted (0.0000 %)). Current N = 0. Average N = 0.000
2021-03-25 01:52:34,312 - INFO: 41 move(s) completed (0 accepted (0.0000 %)). Current N = 0. Average N = 0.000
2021-03-25 01:52:57,906 - INFO: Move rejected due to water leaving the GCMC sphere
2021-03-25 01:53:01,590 - INFO: 42 move(s) completed (0 accepted (0.0000 %)). Current N = 0. Average N = 0.000
2021-03-25 01:53:25,486 - INFO: Move rejected due to water leaving the GCMC sphere
2021-03-25 01:53:29,172 - INFO: 43 move(s) completed (0 accepted (0.0000 %)). Current N = 0. Average N = 0.000
2021-03-25 01:53:56,621 - INFO: 44 move(s) completed (0 accepted (0.0000 %)). Current N = 0. Average N = 0.000
2021-03-25 01:54:20,624 - INFO: Move rejected due to water leaving the GCMC sphere
2021-03-25 01:54:24,169 - INFO: 45 move(s) completed (0 accepted (0.0000 %)). Current N = 0. Average N = 0.000
2021-03-25 01:54:48,188 - INFO: Move rejected due to water leaving the GCMC sphere
2021-03-25 01:54:51,631 - INFO: 46 move(s) completed (0 accepted (0.0000 %)). Current N = 0. Average N = 0.000
2021-03-25 01:54:57,631 - INFO: 47 move(s) completed (0 accepted (0.0000 %)). Current N = 0. Average N = 0.000
2021-03-25 01:55:03,490 - INFO: 48 move(s) completed (0 accepted (0.0000 %)). Current N = 0. Average N = 0.000
2021-03-25 01:55:31,353 - INFO: 49 move(s) completed (0 accepted (0.0000 %)). Current N = 0. Average N = 0.000
2021-03-25 01:55:54,800 - INFO: Move rejected due to water leaving the GCMC sphere
2021-03-25 01:55:58,486 - INFO: 50 move(s) completed (0 accepted (0.0000 %)). Current N = 0. Average N = 0.000
2021-03-25 01:56:04,418 - INFO: 51 move(s) completed (0 accepted (0.0000 %)). Current N = 0. Average N = 0.000
2021-03-25 01:56:31,468 - INFO: 52 move(s) completed (0 accepted (0.0000 %)). Current N = 0. Average N = 0.000
2021-03-25 01:56:55,173 - INFO: Move rejected due to water leaving the GCMC sphere
2021-03-25 01:56:59,475 - INFO: 53 move(s) completed (0 accepted (0.0000 %)). Current N = 0. Average N = 0.000
2021-03-25 01:57:05,360 - INFO: 54 move(s) completed (0 accepted (0.0000 %)). Current N = 0. Average N = 0.000
2021-03-25 01:57:11,002 - INFO: 55 move(s) completed (0 accepted (0.0000 %)). Current N = 0. Average N = 0.000
2021-03-25 01:57:34,607 - INFO: Move rejected due to water leaving the GCMC sphere
2021-03-25 01:57:38,213 - INFO: 56 move(s) completed (0 accepted (0.0000 %)). Current N = 0. Average N = 0.000
2021-03-25 01:58:01,794 - INFO: Move rejected due to water leaving the GCMC sphere
2021-03-25 01:58:05,463 - INFO: 57 move(s) completed (0 accepted (0.0000 %)). Current N = 0. Average N = 0.000
2021-03-25 01:58:11,259 - INFO: 58 move(s) completed (0 accepted (0.0000 %)). Current N = 0. Average N = 0.000
2021-03-25 01:58:38,403 - INFO: 59 move(s) completed (0 accepted (0.0000 %)). Current N = 0. Average N = 0.000
2021-03-25 01:58:44,190 - INFO: 60 move(s) completed (0 accepted (0.0000 %)). Current N = 0. Average N = 0.000
2021-03-25 01:58:49,996 - INFO: 61 move(s) completed (0 accepted (0.0000 %)). Current N = 0. Average N = 0.000
2021-03-25 01:58:55,925 - INFO: 62 move(s) completed (0 accepted (0.0000 %)). Current N = 0. Average N = 0.000
2021-03-25 01:59:01,803 - INFO: 63 move(s) completed (0 accepted (0.0000 %)). Current N = 0. Average N = 0.000
2021-03-25 01:59:25,779 - INFO: Move rejected due to water leaving the GCMC sphere
2021-03-25 01:59:29,459 - INFO: 64 move(s) completed (0 accepted (0.0000 %)). Current N = 0. Average N = 0.000
2021-03-25 01:59:35,304 - INFO: 65 move(s) completed (0 accepted (0.0000 %)). Current N = 0. Average N = 0.000
2021-03-25 02:00:03,154 - INFO: 66 move(s) completed (0 accepted (0.0000 %)). Current N = 0. Average N = 0.000
2021-03-25 02:00:08,741 - INFO: 67 move(s) completed (0 accepted (0.0000 %)). Current N = 0. Average N = 0.000
2021-03-25 02:00:32,105 - INFO: Move rejected due to water leaving the GCMC sphere
2021-03-25 02:00:35,888 - INFO: 68 move(s) completed (0 accepted (0.0000 %)). Current N = 0. Average N = 0.000
2021-03-25 02:00:41,538 - INFO: 69 move(s) completed (0 accepted (0.0000 %)). Current N = 0. Average N = 0.000
2021-03-25 02:00:47,187 - INFO: 70 move(s) completed (0 accepted (0.0000 %)). Current N = 0. Average N = 0.000
2021-03-25 02:01:10,578 - INFO: Move rejected due to water leaving the GCMC sphere
2021-03-25 02:01:14,179 - INFO: 71 move(s) completed (0 accepted (0.0000 %)). Current N = 0. Average N = 0.000
2021-03-25 02:01:41,238 - INFO: 72 move(s) completed (0 accepted (0.0000 %)). Current N = 0. Average N = 0.000
2021-03-25 02:02:04,840 - INFO: Move rejected due to water leaving the GCMC sphere
2021-03-25 02:02:08,420 - INFO: 73 move(s) completed (0 accepted (0.0000 %)). Current N = 0. Average N = 0.000
2021-03-25 02:02:14,400 - INFO: 74 move(s) completed (0 accepted (0.0000 %)). Current N = 0. Average N = 0.000
2021-03-25 02:02:41,659 - INFO: 75 move(s) completed (1 accepted (1.3333 %)). Current N = 1. Average N = 0.013
2021-03-25 02:03:05,392 - INFO: Move rejected due to water leaving the GCMC sphere
2021-03-25 02:03:08,773 - INFO: 76 move(s) completed (1 accepted (1.3158 %)). Current N = 1. Average N = 0.026
2021-03-25 02:03:32,817 - INFO: Move rejected due to water leaving the GCMC sphere
2021-03-25 02:03:36,182 - INFO: 77 move(s) completed (1 accepted (1.2987 %)). Current N = 1. Average N = 0.039
2021-03-25 02:04:00,397 - INFO: Move rejected due to water leaving the GCMC sphere
2021-03-25 02:04:03,877 - INFO: 78 move(s) completed (1 accepted (1.2821 %)). Current N = 1. Average N = 0.051
2021-03-25 02:04:31,533 - INFO: 79 move(s) completed (1 accepted (1.2658 %)). Current N = 1. Average N = 0.063
2021-03-25 02:04:58,501 - INFO: 80 move(s) completed (1 accepted (1.2500 %)). Current N = 1. Average N = 0.075
2021-03-25 02:05:22,098 - INFO: Move rejected due to water leaving the GCMC sphere
2021-03-25 02:05:25,766 - INFO: 81 move(s) completed (1 accepted (1.2346 %)). Current N = 1. Average N = 0.086
2021-03-25 02:05:49,286 - INFO: Move rejected due to water leaving the GCMC sphere
2021-03-25 02:05:52,973 - INFO: 82 move(s) completed (1 accepted (1.2195 %)). Current N = 1. Average N = 0.098
2021-03-25 02:06:16,378 - INFO: Move rejected due to water leaving the GCMC sphere
2021-03-25 02:06:20,164 - INFO: 83 move(s) completed (1 accepted (1.2048 %)). Current N = 1. Average N = 0.108
2021-03-25 02:06:43,663 - INFO: Move rejected due to water leaving the GCMC sphere
2021-03-25 02:06:47,352 - INFO: 84 move(s) completed (1 accepted (1.1905 %)). Current N = 1. Average N = 0.119
2021-03-25 02:07:11,402 - INFO: Move rejected due to water leaving the GCMC sphere
2021-03-25 02:07:15,089 - INFO: 85 move(s) completed (1 accepted (1.1765 %)). Current N = 1. Average N = 0.129
2021-03-25 02:07:42,655 - INFO: 86 move(s) completed (1 accepted (1.1628 %)). Current N = 1. Average N = 0.140
2021-03-25 02:08:06,804 - INFO: Move rejected due to water leaving the GCMC sphere
2021-03-25 02:08:10,292 - INFO: 87 move(s) completed (1 accepted (1.1494 %)). Current N = 1. Average N = 0.149
2021-03-25 02:08:34,306 - INFO: Move rejected due to water leaving the GCMC sphere
2021-03-25 02:08:37,858 - INFO: 88 move(s) completed (1 accepted (1.1364 %)). Current N = 1. Average N = 0.159
2021-03-25 02:09:01,322 - INFO: Move rejected due to water leaving the GCMC sphere
2021-03-25 02:09:04,812 - INFO: 89 move(s) completed (1 accepted (1.1236 %)). Current N = 1. Average N = 0.169
2021-03-25 02:09:31,743 - INFO: 90 move(s) completed (1 accepted (1.1111 %)). Current N = 1. Average N = 0.178
2021-03-25 02:09:55,212 - INFO: Move rejected due to water leaving the GCMC sphere
2021-03-25 02:09:58,830 - INFO: 91 move(s) completed (1 accepted (1.0989 %)). Current N = 1. Average N = 0.187
2021-03-25 02:10:22,042 - INFO: Move rejected due to water leaving the GCMC sphere
2021-03-25 02:10:25,678 - INFO: 92 move(s) completed (1 accepted (1.0870 %)). Current N = 1. Average N = 0.196
2021-03-25 02:10:49,423 - INFO: Move rejected due to water leaving the GCMC sphere
2021-03-25 02:10:53,142 - INFO: 93 move(s) completed (1 accepted (1.0753 %)). Current N = 1. Average N = 0.204
2021-03-25 02:11:17,096 - INFO: Move rejected due to water leaving the GCMC sphere
2021-03-25 02:11:20,773 - INFO: 94 move(s) completed (1 accepted (1.0638 %)). Current N = 1. Average N = 0.213
2021-03-25 02:11:48,449 - INFO: 95 move(s) completed (1 accepted (1.0526 %)). Current N = 1. Average N = 0.221
2021-03-25 02:12:16,385 - INFO: 96 move(s) completed (1 accepted (1.0417 %)). Current N = 1. Average N = 0.229
2021-03-25 02:12:44,413 - INFO: 97 move(s) completed (1 accepted (1.0309 %)). Current N = 1. Average N = 0.237
2021-03-25 02:13:07,915 - INFO: Move rejected due to water leaving the GCMC sphere
2021-03-25 02:13:11,582 - INFO: 98 move(s) completed (1 accepted (1.0204 %)). Current N = 1. Average N = 0.245
2021-03-25 02:13:35,192 - INFO: Move rejected due to water leaving the GCMC sphere
2021-03-25 02:13:38,936 - INFO: 99 move(s) completed (1 accepted (1.0101 %)). Current N = 1. Average N = 0.253
2021-03-25 02:14:02,605 - INFO: Move rejected due to water leaving the GCMC sphere
2021-03-25 02:14:06,288 - INFO: 100 move(s) completed (1 accepted (1.0000 %)). Current N = 1. Average N = 0.260
2021-03-25 02:14:30,142 - INFO: Move rejected due to water leaving the GCMC sphere
2021-03-25 02:14:33,769 - INFO: 101 move(s) completed (1 accepted (0.9901 %)). Current N = 1. Average N = 0.267
2021-03-25 02:14:57,654 - INFO: Move rejected due to water leaving the GCMC sphere
2021-03-25 02:15:01,245 - INFO: 102 move(s) completed (1 accepted (0.9804 %)). Current N = 1. Average N = 0.275
2021-03-25 02:15:25,143 - INFO: Move rejected due to water leaving the GCMC sphere
2021-03-25 02:15:28,724 - INFO: 103 move(s) completed (1 accepted (0.9709 %)). Current N = 1. Average N = 0.282
2021-03-25 02:15:52,693 - INFO: Move rejected due to water leaving the GCMC sphere
2021-03-25 02:15:56,166 - INFO: 104 move(s) completed (1 accepted (0.9615 %)). Current N = 1. Average N = 0.288
2021-03-25 02:16:20,062 - INFO: Move rejected due to water leaving the GCMC sphere
2021-03-25 02:16:23,827 - INFO: 105 move(s) completed (1 accepted (0.9524 %)). Current N = 1. Average N = 0.295
2021-03-25 02:16:51,716 - INFO: 106 move(s) completed (1 accepted (0.9434 %)). Current N = 1. Average N = 0.302
2021-03-25 02:17:15,203 - INFO: Move rejected due to water leaving the GCMC sphere
2021-03-25 02:17:18,737 - INFO: 107 move(s) completed (1 accepted (0.9346 %)). Current N = 1. Average N = 0.308
2021-03-25 02:17:42,146 - INFO: Move rejected due to water leaving the GCMC sphere
2021-03-25 02:17:45,809 - INFO: 108 move(s) completed (1 accepted (0.9259 %)). Current N = 1. Average N = 0.315
2021-03-25 02:18:09,351 - INFO: Move rejected due to water leaving the GCMC sphere
2021-03-25 02:18:13,021 - INFO: 109 move(s) completed (1 accepted (0.9174 %)). Current N = 1. Average N = 0.321
2021-03-25 02:18:40,075 - INFO: 110 move(s) completed (1 accepted (0.9091 %)). Current N = 1. Average N = 0.327
2021-03-25 02:19:07,339 - INFO: 111 move(s) completed (1 accepted (0.9009 %)). Current N = 1. Average N = 0.333
2021-03-25 02:19:30,947 - INFO: Move rejected due to water leaving the GCMC sphere
2021-03-25 02:19:34,639 - INFO: 112 move(s) completed (1 accepted (0.8929 %)). Current N = 1. Average N = 0.339
2021-03-25 02:20:01,897 - INFO: 113 move(s) completed (1 accepted (0.8850 %)). Current N = 1. Average N = 0.345
2021-03-25 02:20:26,111 - INFO: Move rejected due to water leaving the GCMC sphere
2021-03-25 02:20:29,756 - INFO: 114 move(s) completed (1 accepted (0.8772 %)). Current N = 1. Average N = 0.351
2021-03-25 02:20:54,002 - INFO: Move rejected due to water leaving the GCMC sphere
2021-03-25 02:20:57,620 - INFO: 115 move(s) completed (1 accepted (0.8696 %)). Current N = 1. Average N = 0.356
2021-03-25 02:21:24,340 - INFO: 116 move(s) completed (1 accepted (0.8621 %)). Current N = 1. Average N = 0.362
2021-03-25 02:21:51,189 - INFO: 117 move(s) completed (1 accepted (0.8547 %)). Current N = 1. Average N = 0.367
2021-03-25 02:22:14,489 - INFO: Move rejected due to water leaving the GCMC sphere
2021-03-25 02:22:18,115 - INFO: 118 move(s) completed (1 accepted (0.8475 %)). Current N = 1. Average N = 0.373
2021-03-25 02:22:44,924 - INFO: 119 move(s) completed (1 accepted (0.8403 %)). Current N = 1. Average N = 0.378
2021-03-25 02:23:09,308 - INFO: Move rejected due to water leaving the GCMC sphere
2021-03-25 02:23:12,983 - INFO: 120 move(s) completed (1 accepted (0.8333 %)). Current N = 1. Average N = 0.383
2021-03-25 02:23:40,752 - INFO: 121 move(s) completed (1 accepted (0.8264 %)). Current N = 1. Average N = 0.388
2021-03-25 02:24:04,114 - INFO: Move rejected due to water leaving the GCMC sphere
2021-03-25 02:24:07,781 - INFO: 122 move(s) completed (1 accepted (0.8197 %)). Current N = 1. Average N = 0.393
2021-03-25 02:24:31,992 - INFO: Move rejected due to water leaving the GCMC sphere
2021-03-25 02:24:35,671 - INFO: 123 move(s) completed (1 accepted (0.8130 %)). Current N = 1. Average N = 0.398
2021-03-25 02:25:03,470 - INFO: 124 move(s) completed (1 accepted (0.8065 %)). Current N = 1. Average N = 0.403
2021-03-25 02:25:26,953 - INFO: Move rejected due to water leaving the GCMC sphere
2021-03-25 02:25:30,623 - INFO: 125 move(s) completed (1 accepted (0.8000 %)). Current N = 1. Average N = 0.408
2021-03-25 02:25:54,221 - INFO: Move rejected due to water leaving the GCMC sphere
2021-03-25 02:25:57,892 - INFO: 126 move(s) completed (1 accepted (0.7937 %)). Current N = 1. Average N = 0.413
2021-03-25 02:26:21,361 - INFO: Move rejected due to water leaving the GCMC sphere
2021-03-25 02:26:25,034 - INFO: 127 move(s) completed (1 accepted (0.7874 %)). Current N = 1. Average N = 0.417
2021-03-25 02:26:48,623 - INFO: Move rejected due to water leaving the GCMC sphere
2021-03-25 02:26:52,223 - INFO: 128 move(s) completed (1 accepted (0.7812 %)). Current N = 1. Average N = 0.422
2021-03-25 02:27:15,531 - INFO: Move rejected due to water leaving the GCMC sphere
2021-03-25 02:27:19,100 - INFO: 129 move(s) completed (1 accepted (0.7752 %)). Current N = 1. Average N = 0.426
2021-03-25 02:27:46,243 - INFO: 130 move(s) completed (1 accepted (0.7692 %)). Current N = 1. Average N = 0.431
2021-03-25 02:28:10,194 - INFO: Move rejected due to water leaving the GCMC sphere
2021-03-25 02:28:13,742 - INFO: 131 move(s) completed (1 accepted (0.7634 %)). Current N = 1. Average N = 0.435
2021-03-25 02:28:41,632 - INFO: 132 move(s) completed (1 accepted (0.7576 %)). Current N = 1. Average N = 0.439
2021-03-25 02:29:05,808 - INFO: Move rejected due to water leaving the GCMC sphere
2021-03-25 02:29:09,386 - INFO: 133 move(s) completed (1 accepted (0.7519 %)). Current N = 1. Average N = 0.444
2021-03-25 02:29:36,585 - INFO: 134 move(s) completed (1 accepted (0.7463 %)). Current N = 1. Average N = 0.448
2021-03-25 02:30:03,942 - INFO: 135 move(s) completed (1 accepted (0.7407 %)). Current N = 1. Average N = 0.452
2021-03-25 02:30:27,615 - INFO: Move rejected due to water leaving the GCMC sphere
2021-03-25 02:30:31,309 - INFO: 136 move(s) completed (1 accepted (0.7353 %)). Current N = 1. Average N = 0.456
2021-03-25 02:30:55,130 - INFO: Move rejected due to water leaving the GCMC sphere
2021-03-25 02:30:58,797 - INFO: 137 move(s) completed (1 accepted (0.7299 %)). Current N = 1. Average N = 0.460
2021-03-25 02:31:26,335 - INFO: 138 move(s) completed (1 accepted (0.7246 %)). Current N = 1. Average N = 0.464
2021-03-25 02:31:53,623 - INFO: 139 move(s) completed (1 accepted (0.7194 %)). Current N = 1. Average N = 0.468
2021-03-25 02:32:17,116 - INFO: Move rejected due to water leaving the GCMC sphere
2021-03-25 02:32:20,786 - INFO: 140 move(s) completed (1 accepted (0.7143 %)). Current N = 1. Average N = 0.471
2021-03-25 02:32:47,797 - INFO: 141 move(s) completed (1 accepted (0.7092 %)). Current N = 1. Average N = 0.475
2021-03-25 02:33:14,416 - INFO: 142 move(s) completed (1 accepted (0.7042 %)). Current N = 1. Average N = 0.479
2021-03-25 02:33:38,022 - INFO: Move rejected due to water leaving the GCMC sphere
2021-03-25 02:33:41,766 - INFO: 143 move(s) completed (1 accepted (0.6993 %)). Current N = 1. Average N = 0.482
2021-03-25 02:34:08,688 - INFO: 144 move(s) completed (1 accepted (0.6944 %)). Current N = 1. Average N = 0.486
2021-03-25 02:34:32,222 - INFO: Move rejected due to water leaving the GCMC sphere
2021-03-25 02:34:35,655 - INFO: 145 move(s) completed (1 accepted (0.6897 %)). Current N = 1. Average N = 0.490
2021-03-25 02:34:59,208 - INFO: Move rejected due to water leaving the GCMC sphere
2021-03-25 02:35:02,740 - INFO: 146 move(s) completed (1 accepted (0.6849 %)). Current N = 1. Average N = 0.493
2021-03-25 02:35:25,968 - INFO: Move rejected due to water leaving the GCMC sphere
2021-03-25 02:35:29,626 - INFO: 147 move(s) completed (1 accepted (0.6803 %)). Current N = 1. Average N = 0.497
2021-03-25 02:35:53,505 - INFO: Move rejected due to water leaving the GCMC sphere
2021-03-25 02:35:57,172 - INFO: 148 move(s) completed (1 accepted (0.6757 %)). Current N = 1. Average N = 0.500
2021-03-25 02:36:21,273 - INFO: Move rejected due to water leaving the GCMC sphere
2021-03-25 02:36:25,075 - INFO: 149 move(s) completed (1 accepted (0.6711 %)). Current N = 1. Average N = 0.503
2021-03-25 02:36:49,208 - INFO: Move rejected due to water leaving the GCMC sphere
2021-03-25 02:36:52,891 - INFO: 150 move(s) completed (1 accepted (0.6667 %)). Current N = 1. Average N = 0.507
2021-03-25 02:37:17,338 - INFO: Move rejected due to water leaving the GCMC sphere
2021-03-25 02:37:21,327 - INFO: 151 move(s) completed (1 accepted (0.6623 %)). Current N = 1. Average N = 0.510
2021-03-25 02:37:44,789 - INFO: Move rejected due to water leaving the GCMC sphere
2021-03-25 02:37:48,471 - INFO: 152 move(s) completed (1 accepted (0.6579 %)). Current N = 1. Average N = 0.513
2021-03-25 02:38:15,587 - INFO: 153 move(s) completed (1 accepted (0.6536 %)). Current N = 1. Average N = 0.516
2021-03-25 02:38:39,185 - INFO: Move rejected due to water leaving the GCMC sphere
2021-03-25 02:38:42,774 - INFO: 154 move(s) completed (1 accepted (0.6494 %)). Current N = 1. Average N = 0.519
2021-03-25 02:39:06,476 - INFO: Move rejected due to water leaving the GCMC sphere
2021-03-25 02:39:09,830 - INFO: 155 move(s) completed (1 accepted (0.6452 %)). Current N = 1. Average N = 0.523
2021-03-25 02:39:33,540 - INFO: Move rejected due to water leaving the GCMC sphere
2021-03-25 02:39:37,271 - INFO: 156 move(s) completed (1 accepted (0.6410 %)). Current N = 1. Average N = 0.526
2021-03-25 02:40:04,790 - INFO: 157 move(s) completed (1 accepted (0.6369 %)). Current N = 1. Average N = 0.529
2021-03-25 02:40:32,104 - INFO: 158 move(s) completed (1 accepted (0.6329 %)). Current N = 1. Average N = 0.532
2021-03-25 02:40:59,149 - INFO: 159 move(s) completed (1 accepted (0.6289 %)). Current N = 1. Average N = 0.535
2021-03-25 02:41:23,306 - INFO: Move rejected due to water leaving the GCMC sphere
2021-03-25 02:41:26,814 - INFO: 160 move(s) completed (1 accepted (0.6250 %)). Current N = 1. Average N = 0.537
2021-03-25 02:41:50,135 - INFO: Move rejected due to water leaving the GCMC sphere
2021-03-25 02:41:53,779 - INFO: 161 move(s) completed (1 accepted (0.6211 %)). Current N = 1. Average N = 0.540
2021-03-25 02:42:17,173 - INFO: Move rejected due to water leaving the GCMC sphere
2021-03-25 02:42:20,860 - INFO: 162 move(s) completed (1 accepted (0.6173 %)). Current N = 1. Average N = 0.543
2021-03-25 02:42:44,416 - INFO: Move rejected due to water leaving the GCMC sphere
2021-03-25 02:42:48,090 - INFO: 163 move(s) completed (1 accepted (0.6135 %)). Current N = 1. Average N = 0.546
2021-03-25 02:43:11,638 - INFO: Move rejected due to water leaving the GCMC sphere
2021-03-25 02:43:15,399 - INFO: 164 move(s) completed (1 accepted (0.6098 %)). Current N = 1. Average N = 0.549
2021-03-25 02:43:38,988 - INFO: Move rejected due to water leaving the GCMC sphere
2021-03-25 02:43:42,651 - INFO: 165 move(s) completed (1 accepted (0.6061 %)). Current N = 1. Average N = 0.551
2021-03-25 02:44:06,570 - INFO: Move rejected due to water leaving the GCMC sphere
2021-03-25 02:44:10,257 - INFO: 166 move(s) completed (1 accepted (0.6024 %)). Current N = 1. Average N = 0.554
2021-03-25 02:44:33,736 - INFO: Move rejected due to water leaving the GCMC sphere
2021-03-25 02:44:37,367 - INFO: 167 move(s) completed (1 accepted (0.5988 %)). Current N = 1. Average N = 0.557
2021-03-25 02:45:04,155 - INFO: 168 move(s) completed (1 accepted (0.5952 %)). Current N = 1. Average N = 0.559
2021-03-25 02:45:27,455 - INFO: Move rejected due to water leaving the GCMC sphere
2021-03-25 02:45:31,010 - INFO: 169 move(s) completed (1 accepted (0.5917 %)). Current N = 1. Average N = 0.562
2021-03-25 02:45:57,768 - INFO: 170 move(s) completed (1 accepted (0.5882 %)). Current N = 1. Average N = 0.565
2021-03-25 02:46:24,903 - INFO: 171 move(s) completed (1 accepted (0.5848 %)). Current N = 1. Average N = 0.567
2021-03-25 02:46:51,834 - INFO: 172 move(s) completed (1 accepted (0.5814 %)). Current N = 1. Average N = 0.570
2021-03-25 02:47:19,191 - INFO: 173 move(s) completed (1 accepted (0.5780 %)). Current N = 1. Average N = 0.572
2021-03-25 02:47:43,007 - INFO: Move rejected due to water leaving the GCMC sphere
2021-03-25 02:47:46,687 - INFO: 174 move(s) completed (1 accepted (0.5747 %)). Current N = 1. Average N = 0.575
2021-03-25 02:48:14,364 - INFO: 175 move(s) completed (1 accepted (0.5714 %)). Current N = 1. Average N = 0.577
2021-03-25 02:48:41,572 - INFO: 176 move(s) completed (1 accepted (0.5682 %)). Current N = 1. Average N = 0.580
2021-03-25 02:49:06,013 - INFO: Move rejected due to water leaving the GCMC sphere
2021-03-25 02:49:09,700 - INFO: 177 move(s) completed (1 accepted (0.5650 %)). Current N = 1. Average N = 0.582
2021-03-25 02:49:33,932 - INFO: Move rejected due to water leaving the GCMC sphere
2021-03-25 02:49:37,609 - INFO: 178 move(s) completed (1 accepted (0.5618 %)). Current N = 1. Average N = 0.584
2021-03-25 02:50:04,459 - INFO: 179 move(s) completed (1 accepted (0.5587 %)). Current N = 1. Average N = 0.587
2021-03-25 02:50:31,582 - INFO: 180 move(s) completed (1 accepted (0.5556 %)). Current N = 1. Average N = 0.589
2021-03-25 02:50:55,114 - INFO: Move rejected due to water leaving the GCMC sphere
2021-03-25 02:50:58,620 - INFO: 181 move(s) completed (1 accepted (0.5525 %)). Current N = 1. Average N = 0.591
2021-03-25 02:51:25,682 - INFO: 182 move(s) completed (1 accepted (0.5495 %)). Current N = 1. Average N = 0.593
2021-03-25 02:51:48,883 - INFO: Move rejected due to water leaving the GCMC sphere
2021-03-25 02:51:52,278 - INFO: 183 move(s) completed (1 accepted (0.5464 %)). Current N = 1. Average N = 0.596
2021-03-25 02:52:19,829 - INFO: 184 move(s) completed (1 accepted (0.5435 %)). Current N = 1. Average N = 0.598
2021-03-25 02:52:44,046 - INFO: Move rejected due to water leaving the GCMC sphere
2021-03-25 02:52:47,428 - INFO: 185 move(s) completed (1 accepted (0.5405 %)). Current N = 1. Average N = 0.600
2021-03-25 02:53:14,139 - INFO: 186 move(s) completed (1 accepted (0.5376 %)). Current N = 1. Average N = 0.602
2021-03-25 02:53:41,078 - INFO: 187 move(s) completed (1 accepted (0.5348 %)). Current N = 1. Average N = 0.604
2021-03-25 02:54:04,419 - INFO: Move rejected due to water leaving the GCMC sphere
2021-03-25 02:54:08,106 - INFO: 188 move(s) completed (1 accepted (0.5319 %)). Current N = 1. Average N = 0.606
2021-03-25 02:54:35,395 - INFO: 189 move(s) completed (1 accepted (0.5291 %)). Current N = 1. Average N = 0.609
2021-03-25 02:54:59,104 - INFO: Move rejected due to water leaving the GCMC sphere
2021-03-25 02:55:02,781 - INFO: 190 move(s) completed (1 accepted (0.5263 %)). Current N = 1. Average N = 0.611
2021-03-25 02:55:26,501 - INFO: Move rejected due to water leaving the GCMC sphere
2021-03-25 02:55:30,294 - INFO: 191 move(s) completed (1 accepted (0.5236 %)). Current N = 1. Average N = 0.613
2021-03-25 02:55:53,675 - INFO: Move rejected due to water leaving the GCMC sphere
2021-03-25 02:55:57,469 - INFO: 192 move(s) completed (1 accepted (0.5208 %)). Current N = 1. Average N = 0.615
2021-03-25 02:56:21,616 - INFO: Move rejected due to water leaving the GCMC sphere
2021-03-25 02:56:25,081 - INFO: 193 move(s) completed (1 accepted (0.5181 %)). Current N = 1. Average N = 0.617
2021-03-25 02:56:48,922 - INFO: Move rejected due to water leaving the GCMC sphere
2021-03-25 02:56:52,545 - INFO: 194 move(s) completed (1 accepted (0.5155 %)). Current N = 1. Average N = 0.619
2021-03-25 02:57:16,570 - INFO: Move rejected due to water leaving the GCMC sphere
2021-03-25 02:57:20,063 - INFO: 195 move(s) completed (1 accepted (0.5128 %)). Current N = 1. Average N = 0.621
2021-03-25 02:57:47,646 - INFO: 196 move(s) completed (1 accepted (0.5102 %)). Current N = 1. Average N = 0.622
2021-03-25 02:58:14,202 - INFO: 197 move(s) completed (1 accepted (0.5076 %)). Current N = 1. Average N = 0.624
2021-03-25 02:58:41,252 - INFO: 198 move(s) completed (1 accepted (0.5051 %)). Current N = 1. Average N = 0.626
2021-03-25 02:59:04,714 - INFO: Move rejected due to water leaving the GCMC sphere
2021-03-25 02:59:08,385 - INFO: 199 move(s) completed (1 accepted (0.5025 %)). Current N = 1. Average N = 0.628
2021-03-25 02:59:35,904 - INFO: 200 move(s) completed (1 accepted (0.5000 %)). Current N = 1. Average N = 0.630
2021-03-25 02:59:59,849 - INFO: Move rejected due to water leaving the GCMC sphere
2021-03-25 03:00:03,534 - INFO: 201 move(s) completed (1 accepted (0.4975 %)). Current N = 1. Average N = 0.632
2021-03-25 03:00:27,599 - INFO: Move rejected due to water leaving the GCMC sphere
2021-03-25 03:00:31,278 - INFO: 202 move(s) completed (1 accepted (0.4950 %)). Current N = 1. Average N = 0.634
2021-03-25 03:00:55,484 - INFO: Move rejected due to water leaving the GCMC sphere
2021-03-25 03:00:59,173 - INFO: 203 move(s) completed (1 accepted (0.4926 %)). Current N = 1. Average N = 0.635
2021-03-25 03:01:23,283 - INFO: Move rejected due to water leaving the GCMC sphere
2021-03-25 03:01:27,078 - INFO: 204 move(s) completed (1 accepted (0.4902 %)). Current N = 1. Average N = 0.637
2021-03-25 03:01:51,416 - INFO: Move rejected due to water leaving the GCMC sphere
2021-03-25 03:01:55,085 - INFO: 205 move(s) completed (1 accepted (0.4878 %)). Current N = 1. Average N = 0.639
2021-03-25 03:02:18,381 - INFO: Move rejected due to water leaving the GCMC sphere
2021-03-25 03:02:21,996 - INFO: 206 move(s) completed (1 accepted (0.4854 %)). Current N = 1. Average N = 0.641
2021-03-25 03:02:48,813 - INFO: 207 move(s) completed (1 accepted (0.4831 %)). Current N = 1. Average N = 0.642
2021-03-25 03:03:15,477 - INFO: 208 move(s) completed (1 accepted (0.4808 %)). Current N = 1. Average N = 0.644
2021-03-25 03:03:39,246 - INFO: Move rejected due to water leaving the GCMC sphere
2021-03-25 03:03:42,889 - INFO: 209 move(s) completed (1 accepted (0.4785 %)). Current N = 1. Average N = 0.646
2021-03-25 03:04:06,654 - INFO: Move rejected due to water leaving the GCMC sphere
2021-03-25 03:04:10,119 - INFO: 210 move(s) completed (1 accepted (0.4762 %)). Current N = 1. Average N = 0.648
2021-03-25 03:04:36,811 - INFO: 211 move(s) completed (1 accepted (0.4739 %)). Current N = 1. Average N = 0.649
2021-03-25 03:05:04,499 - INFO: 212 move(s) completed (1 accepted (0.4717 %)). Current N = 1. Average N = 0.651
2021-03-25 03:05:28,750 - INFO: Move rejected due to water leaving the GCMC sphere
2021-03-25 03:05:32,440 - INFO: 213 move(s) completed (1 accepted (0.4695 %)). Current N = 1. Average N = 0.653
2021-03-25 03:05:56,614 - INFO: Move rejected due to water leaving the GCMC sphere
2021-03-25 03:06:00,315 - INFO: 214 move(s) completed (1 accepted (0.4673 %)). Current N = 1. Average N = 0.654
2021-03-25 03:06:27,536 - INFO: 215 move(s) completed (1 accepted (0.4651 %)). Current N = 1. Average N = 0.656
2021-03-25 03:06:55,016 - INFO: 216 move(s) completed (1 accepted (0.4630 %)). Current N = 1. Average N = 0.657
2021-03-25 03:07:18,603 - INFO: Move rejected due to water leaving the GCMC sphere
2021-03-25 03:07:22,386 - INFO: 217 move(s) completed (1 accepted (0.4608 %)). Current N = 1. Average N = 0.659
2021-03-25 03:07:46,132 - INFO: Move rejected due to water leaving the GCMC sphere
2021-03-25 03:07:49,808 - INFO: 218 move(s) completed (1 accepted (0.4587 %)). Current N = 1. Average N = 0.661
2021-03-25 03:08:13,648 - INFO: Move rejected due to water leaving the GCMC sphere
2021-03-25 03:08:17,304 - INFO: 219 move(s) completed (1 accepted (0.4566 %)). Current N = 1. Average N = 0.662
2021-03-25 03:08:44,993 - INFO: 220 move(s) completed (1 accepted (0.4545 %)). Current N = 1. Average N = 0.664
2021-03-25 03:09:09,087 - INFO: Move rejected due to water leaving the GCMC sphere
2021-03-25 03:09:12,433 - INFO: 221 move(s) completed (1 accepted (0.4525 %)). Current N = 1. Average N = 0.665
2021-03-25 03:09:36,429 - INFO: Move rejected due to water leaving the GCMC sphere
2021-03-25 03:09:39,932 - INFO: 222 move(s) completed (1 accepted (0.4505 %)). Current N = 1. Average N = 0.667
2021-03-25 03:10:06,841 - INFO: 223 move(s) completed (1 accepted (0.4484 %)). Current N = 1. Average N = 0.668
2021-03-25 03:10:33,551 - INFO: 224 move(s) completed (1 accepted (0.4464 %)). Current N = 1. Average N = 0.670
2021-03-25 03:10:56,838 - INFO: Move rejected due to water leaving the GCMC sphere
2021-03-25 03:11:00,418 - INFO: 225 move(s) completed (1 accepted (0.4444 %)). Current N = 1. Average N = 0.671
2021-03-25 03:11:23,898 - INFO: Move rejected due to water leaving the GCMC sphere
2021-03-25 03:11:27,586 - INFO: 226 move(s) completed (1 accepted (0.4425 %)). Current N = 1. Average N = 0.673
2021-03-25 03:11:50,988 - INFO: Move rejected due to water leaving the GCMC sphere
2021-03-25 03:11:54,672 - INFO: 227 move(s) completed (1 accepted (0.4405 %)). Current N = 1. Average N = 0.674
2021-03-25 03:12:18,685 - INFO: Move rejected due to water leaving the GCMC sphere
2021-03-25 03:12:22,445 - INFO: 228 move(s) completed (1 accepted (0.4386 %)). Current N = 1. Average N = 0.675
2021-03-25 03:12:46,061 - INFO: Move rejected due to water leaving the GCMC sphere
2021-03-25 03:12:49,846 - INFO: 229 move(s) completed (1 accepted (0.4367 %)). Current N = 1. Average N = 0.677
2021-03-25 03:13:17,680 - INFO: 230 move(s) completed (1 accepted (0.4348 %)). Current N = 1. Average N = 0.678
2021-03-25 03:13:40,928 - INFO: Move rejected due to water leaving the GCMC sphere
2021-03-25 03:13:44,620 - INFO: 231 move(s) completed (1 accepted (0.4329 %)). Current N = 1. Average N = 0.680
2021-03-25 03:14:11,531 - INFO: 232 move(s) completed (1 accepted (0.4310 %)). Current N = 1. Average N = 0.681
2021-03-25 03:14:34,869 - INFO: Move rejected due to water leaving the GCMC sphere
2021-03-25 03:14:38,413 - INFO: 233 move(s) completed (1 accepted (0.4292 %)). Current N = 1. Average N = 0.682
2021-03-25 03:15:01,968 - INFO: Move rejected due to water leaving the GCMC sphere
2021-03-25 03:15:05,531 - INFO: 234 move(s) completed (1 accepted (0.4274 %)). Current N = 1. Average N = 0.684
2021-03-25 03:15:32,406 - INFO: 235 move(s) completed (1 accepted (0.4255 %)). Current N = 1. Average N = 0.685
2021-03-25 03:15:55,835 - INFO: Move rejected due to water leaving the GCMC sphere
2021-03-25 03:15:59,400 - INFO: 236 move(s) completed (1 accepted (0.4237 %)). Current N = 1. Average N = 0.686
2021-03-25 03:16:26,539 - INFO: 237 move(s) completed (1 accepted (0.4219 %)). Current N = 1. Average N = 0.688
2021-03-25 03:16:53,588 - INFO: 238 move(s) completed (1 accepted (0.4202 %)). Current N = 1. Average N = 0.689
2021-03-25 03:17:20,618 - INFO: 239 move(s) completed (1 accepted (0.4184 %)). Current N = 1. Average N = 0.690
2021-03-25 03:17:47,452 - INFO: 240 move(s) completed (1 accepted (0.4167 %)). Current N = 1. Average N = 0.692
2021-03-25 03:18:11,731 - INFO: Move rejected due to water leaving the GCMC sphere
2021-03-25 03:18:15,401 - INFO: 241 move(s) completed (1 accepted (0.4149 %)). Current N = 1. Average N = 0.693
2021-03-25 03:18:38,879 - INFO: Move rejected due to water leaving the GCMC sphere
2021-03-25 03:18:42,624 - INFO: 242 move(s) completed (1 accepted (0.4132 %)). Current N = 1. Average N = 0.694
2021-03-25 03:19:06,269 - INFO: Move rejected due to water leaving the GCMC sphere
2021-03-25 03:19:09,956 - INFO: 243 move(s) completed (1 accepted (0.4115 %)). Current N = 1. Average N = 0.696
2021-03-25 03:19:36,839 - INFO: 244 move(s) completed (1 accepted (0.4098 %)). Current N = 1. Average N = 0.697
2021-03-25 03:20:00,069 - INFO: Move rejected due to water leaving the GCMC sphere
2021-03-25 03:20:03,654 - INFO: 245 move(s) completed (1 accepted (0.4082 %)). Current N = 1. Average N = 0.698
2021-03-25 03:20:26,909 - INFO: Move rejected due to water leaving the GCMC sphere
2021-03-25 03:20:30,344 - INFO: 246 move(s) completed (1 accepted (0.4065 %)). Current N = 1. Average N = 0.699
2021-03-25 03:20:57,273 - INFO: 247 move(s) completed (1 accepted (0.4049 %)). Current N = 1. Average N = 0.700
2021-03-25 03:21:23,967 - INFO: 248 move(s) completed (1 accepted (0.4032 %)). Current N = 1. Average N = 0.702
2021-03-25 03:21:47,900 - INFO: Move rejected due to water leaving the GCMC sphere
2021-03-25 03:21:51,345 - INFO: 249 move(s) completed (1 accepted (0.4016 %)). Current N = 1. Average N = 0.703
2021-03-25 03:22:15,624 - INFO: Move rejected due to water leaving the GCMC sphere
2021-03-25 03:22:19,372 - INFO: 250 move(s) completed (1 accepted (0.4000 %)). Current N = 1. Average N = 0.704
2021-03-25 03:22:43,031 - INFO: Move rejected due to water leaving the GCMC sphere
2021-03-25 03:22:46,711 - INFO: 251 move(s) completed (1 accepted (0.3984 %)). Current N = 1. Average N = 0.705
2021-03-25 03:23:10,103 - INFO: Move rejected due to water leaving the GCMC sphere
2021-03-25 03:23:13,776 - INFO: 252 move(s) completed (1 accepted (0.3968 %)). Current N = 1. Average N = 0.706
2021-03-25 03:23:41,297 - INFO: 253 move(s) completed (1 accepted (0.3953 %)). Current N = 1. Average N = 0.708
2021-03-25 03:24:04,737 - INFO: Move rejected due to water leaving the GCMC sphere
2021-03-25 03:24:08,519 - INFO: 254 move(s) completed (1 accepted (0.3937 %)). Current N = 1. Average N = 0.709
2021-03-25 03:24:32,122 - INFO: Move rejected due to water leaving the GCMC sphere
2021-03-25 03:24:35,913 - INFO: 255 move(s) completed (1 accepted (0.3922 %)). Current N = 1. Average N = 0.710
2021-03-25 03:25:03,465 - INFO: 256 move(s) completed (1 accepted (0.3906 %)). Current N = 1. Average N = 0.711
2021-03-25 03:25:27,465 - INFO: Move rejected due to water leaving the GCMC sphere
2021-03-25 03:25:30,895 - INFO: 257 move(s) completed (1 accepted (0.3891 %)). Current N = 1. Average N = 0.712
2021-03-25 03:25:58,406 - INFO: 258 move(s) completed (1 accepted (0.3876 %)). Current N = 1. Average N = 0.713
2021-03-25 03:26:25,337 - INFO: 259 move(s) completed (1 accepted (0.3861 %)). Current N = 1. Average N = 0.714
2021-03-25 03:26:52,036 - INFO: 260 move(s) completed (1 accepted (0.3846 %)). Current N = 1. Average N = 0.715
2021-03-25 03:27:15,619 - INFO: Move rejected due to water leaving the GCMC sphere
2021-03-25 03:27:19,226 - INFO: 261 move(s) completed (1 accepted (0.3831 %)). Current N = 1. Average N = 0.717
2021-03-25 03:27:42,926 - INFO: Move rejected due to water leaving the GCMC sphere
2021-03-25 03:27:46,453 - INFO: 262 move(s) completed (1 accepted (0.3817 %)). Current N = 1. Average N = 0.718
2021-03-25 03:28:13,815 - INFO: 263 move(s) completed (1 accepted (0.3802 %)). Current N = 1. Average N = 0.719
2021-03-25 03:28:40,888 - INFO: 264 move(s) completed (1 accepted (0.3788 %)). Current N = 1. Average N = 0.720
2021-03-25 03:29:07,868 - INFO: 265 move(s) completed (1 accepted (0.3774 %)). Current N = 1. Average N = 0.721
2021-03-25 03:29:32,100 - INFO: Move rejected due to water leaving the GCMC sphere
2021-03-25 03:29:35,883 - INFO: 266 move(s) completed (1 accepted (0.3759 %)). Current N = 1. Average N = 0.722
2021-03-25 03:30:03,901 - INFO: 267 move(s) completed (1 accepted (0.3745 %)). Current N = 1. Average N = 0.723
2021-03-25 03:30:30,899 - INFO: 268 move(s) completed (1 accepted (0.3731 %)). Current N = 1. Average N = 0.724
2021-03-25 03:30:54,434 - INFO: Move rejected due to water leaving the GCMC sphere
2021-03-25 03:30:58,205 - INFO: 269 move(s) completed (1 accepted (0.3717 %)). Current N = 1. Average N = 0.725
2021-03-25 03:31:21,851 - INFO: Move rejected due to water leaving the GCMC sphere
2021-03-25 03:31:25,495 - INFO: 270 move(s) completed (1 accepted (0.3704 %)). Current N = 1. Average N = 0.726
2021-03-25 03:31:52,666 - INFO: 271 move(s) completed (1 accepted (0.3690 %)). Current N = 1. Average N = 0.727
2021-03-25 03:32:19,912 - INFO: 272 move(s) completed (1 accepted (0.3676 %)). Current N = 1. Average N = 0.728
2021-03-25 03:32:43,663 - INFO: Move rejected due to water leaving the GCMC sphere
2021-03-25 03:32:47,137 - INFO: 273 move(s) completed (1 accepted (0.3663 %)). Current N = 1. Average N = 0.729
2021-03-25 03:33:10,407 - INFO: Move rejected due to water leaving the GCMC sphere
2021-03-25 03:33:13,814 - INFO: 274 move(s) completed (1 accepted (0.3650 %)). Current N = 1. Average N = 0.730
2021-03-25 03:33:41,516 - INFO: 275 move(s) completed (1 accepted (0.3636 %)). Current N = 1. Average N = 0.731
2021-03-25 03:34:09,236 - INFO: 276 move(s) completed (1 accepted (0.3623 %)). Current N = 1. Average N = 0.732
2021-03-25 03:34:33,508 - INFO: Move rejected due to water leaving the GCMC sphere
2021-03-25 03:34:37,189 - INFO: 277 move(s) completed (1 accepted (0.3610 %)). Current N = 1. Average N = 0.733
2021-03-25 03:35:04,232 - INFO: 278 move(s) completed (1 accepted (0.3597 %)). Current N = 1. Average N = 0.734
2021-03-25 03:35:27,687 - INFO: Move rejected due to water leaving the GCMC sphere
2021-03-25 03:35:31,378 - INFO: 279 move(s) completed (1 accepted (0.3584 %)). Current N = 1. Average N = 0.735
2021-03-25 03:35:54,785 - INFO: Move rejected due to water leaving the GCMC sphere
2021-03-25 03:35:58,458 - INFO: 280 move(s) completed (1 accepted (0.3571 %)). Current N = 1. Average N = 0.736
2021-03-25 03:36:25,274 - INFO: 281 move(s) completed (1 accepted (0.3559 %)). Current N = 1. Average N = 0.737
2021-03-25 03:36:52,096 - INFO: 282 move(s) completed (1 accepted (0.3546 %)). Current N = 1. Average N = 0.738
2021-03-25 03:37:19,056 - INFO: 283 move(s) completed (1 accepted (0.3534 %)). Current N = 1. Average N = 0.739
2021-03-25 03:37:43,135 - INFO: Move rejected due to water leaving the GCMC sphere
2021-03-25 03:37:46,768 - INFO: 284 move(s) completed (1 accepted (0.3521 %)). Current N = 1. Average N = 0.739
2021-03-25 03:38:14,289 - INFO: 285 move(s) completed (1 accepted (0.3509 %)). Current N = 1. Average N = 0.740
2021-03-25 03:38:41,869 - INFO: 286 move(s) completed (1 accepted (0.3497 %)). Current N = 1. Average N = 0.741
2021-03-25 03:39:05,060 - INFO: Move rejected due to water leaving the GCMC sphere
2021-03-25 03:39:08,592 - INFO: 287 move(s) completed (1 accepted (0.3484 %)). Current N = 1. Average N = 0.742
2021-03-25 03:39:31,796 - INFO: Move rejected due to water leaving the GCMC sphere
2021-03-25 03:39:35,451 - INFO: 288 move(s) completed (1 accepted (0.3472 %)). Current N = 1. Average N = 0.743
2021-03-25 03:40:02,832 - INFO: 289 move(s) completed (1 accepted (0.3460 %)). Current N = 1. Average N = 0.744
2021-03-25 03:40:26,447 - INFO: Move rejected due to water leaving the GCMC sphere
2021-03-25 03:40:30,123 - INFO: 290 move(s) completed (1 accepted (0.3448 %)). Current N = 1. Average N = 0.745
2021-03-25 03:40:57,700 - INFO: 291 move(s) completed (1 accepted (0.3436 %)). Current N = 1. Average N = 0.746
2021-03-25 03:41:21,754 - INFO: Move rejected due to water leaving the GCMC sphere
2021-03-25 03:41:25,364 - INFO: 292 move(s) completed (1 accepted (0.3425 %)). Current N = 1. Average N = 0.747
