2021-03-25 13:42:41,536 - INFO: kT = 0.5921875708469466 kcal/mol
2021-03-25 13:42:47,040 - INFO: BaseGrandCanonicalMonteCarloSampler object initialised
2021-03-25 13:42:47,041 - INFO: GCMC sphere is based on reference atom IDs: [887, 1837]
2021-03-25 13:42:47,041 - INFO: GCMC sphere radius is 6 A
2021-03-25 13:42:47,041 - INFO: Simulating at an Adams (B) value of -6.888845176169922
2021-03-25 13:42:47,042 - INFO: GCMCSphereSampler object initialised
2021-03-25 13:42:47,042 - INFO: Each NCMC move will be executed over a total of 11.0 ps
2021-03-25 13:42:47,042 - INFO: NonequilibriumGCMCSphereSampler object initialised
2021-03-25 13:43:15,961 - INFO: Move rejected due to water leaving the GCMC sphere
2021-03-25 13:43:19,475 - INFO: 1 move(s) completed (0 accepted (0.0000 %)). Current N = 0. Average N = 0.000
2021-03-25 13:43:41,350 - INFO: Move rejected due to water leaving the GCMC sphere
2021-03-25 13:43:44,839 - INFO: 2 move(s) completed (0 accepted (0.0000 %)). Current N = 0. Average N = 0.000
2021-03-25 13:44:06,769 - INFO: Move rejected due to water leaving the GCMC sphere
2021-03-25 13:44:10,329 - INFO: 3 move(s) completed (0 accepted (0.0000 %)). Current N = 0. Average N = 0.000
2021-03-25 13:44:31,502 - INFO: Move rejected due to water leaving the GCMC sphere
2021-03-25 13:44:35,063 - INFO: 4 move(s) completed (0 accepted (0.0000 %)). Current N = 0. Average N = 0.000
2021-03-25 13:44:40,804 - INFO: 5 move(s) completed (0 accepted (0.0000 %)). Current N = 0. Average N = 0.000
2021-03-25 13:44:46,729 - INFO: 6 move(s) completed (0 accepted (0.0000 %)). Current N = 0. Average N = 0.000
2021-03-25 13:45:07,963 - INFO: Move rejected due to water leaving the GCMC sphere
2021-03-25 13:45:11,576 - INFO: 7 move(s) completed (0 accepted (0.0000 %)). Current N = 0. Average N = 0.000
2021-03-25 13:45:32,812 - INFO: Move rejected due to water leaving the GCMC sphere
2021-03-25 13:45:36,394 - INFO: 8 move(s) completed (0 accepted (0.0000 %)). Current N = 0. Average N = 0.000
2021-03-25 13:45:42,372 - INFO: 9 move(s) completed (0 accepted (0.0000 %)). Current N = 0. Average N = 0.000
2021-03-25 13:46:03,720 - INFO: Move rejected due to water leaving the GCMC sphere
2021-03-25 13:46:07,354 - INFO: 10 move(s) completed (0 accepted (0.0000 %)). Current N = 0. Average N = 0.000
2021-03-25 13:46:13,295 - INFO: 11 move(s) completed (0 accepted (0.0000 %)). Current N = 0. Average N = 0.000
2021-03-25 13:46:34,465 - INFO: Move rejected due to water leaving the GCMC sphere
2021-03-25 13:46:38,159 - INFO: 12 move(s) completed (0 accepted (0.0000 %)). Current N = 0. Average N = 0.000
2021-03-25 13:46:44,115 - INFO: 13 move(s) completed (0 accepted (0.0000 %)). Current N = 0. Average N = 0.000
2021-03-25 13:46:49,953 - INFO: 14 move(s) completed (0 accepted (0.0000 %)). Current N = 0. Average N = 0.000
2021-03-25 13:46:55,659 - INFO: 15 move(s) completed (0 accepted (0.0000 %)). Current N = 0. Average N = 0.000
2021-03-25 13:47:17,282 - INFO: Move rejected due to water leaving the GCMC sphere
2021-03-25 13:47:20,807 - INFO: 16 move(s) completed (0 accepted (0.0000 %)). Current N = 0. Average N = 0.000
2021-03-25 13:47:26,743 - INFO: 17 move(s) completed (0 accepted (0.0000 %)). Current N = 0. Average N = 0.000
2021-03-25 13:47:32,596 - INFO: 18 move(s) completed (0 accepted (0.0000 %)). Current N = 0. Average N = 0.000
2021-03-25 13:47:54,243 - INFO: Move rejected due to water leaving the GCMC sphere
2021-03-25 13:47:57,883 - INFO: 19 move(s) completed (0 accepted (0.0000 %)). Current N = 0. Average N = 0.000
2021-03-25 13:48:19,805 - INFO: Move rejected due to water leaving the GCMC sphere
2021-03-25 13:48:23,407 - INFO: 20 move(s) completed (0 accepted (0.0000 %)). Current N = 0. Average N = 0.000
2021-03-25 13:48:29,240 - INFO: 21 move(s) completed (0 accepted (0.0000 %)). Current N = 0. Average N = 0.000
2021-03-25 13:48:35,098 - INFO: 22 move(s) completed (0 accepted (0.0000 %)). Current N = 0. Average N = 0.000
2021-03-25 13:49:00,495 - INFO: 23 move(s) completed (0 accepted (0.0000 %)). Current N = 0. Average N = 0.000
2021-03-25 13:49:06,391 - INFO: 24 move(s) completed (0 accepted (0.0000 %)). Current N = 0. Average N = 0.000
2021-03-25 13:49:27,392 - INFO: Move rejected due to water leaving the GCMC sphere
2021-03-25 13:49:31,092 - INFO: 25 move(s) completed (0 accepted (0.0000 %)). Current N = 0. Average N = 0.000
2021-03-25 13:49:36,842 - INFO: 26 move(s) completed (0 accepted (0.0000 %)). Current N = 0. Average N = 0.000
2021-03-25 13:49:42,639 - INFO: 27 move(s) completed (0 accepted (0.0000 %)). Current N = 0. Average N = 0.000
2021-03-25 13:49:48,552 - INFO: 28 move(s) completed (0 accepted (0.0000 %)). Current N = 0. Average N = 0.000
2021-03-25 13:50:13,352 - INFO: 29 move(s) completed (1 accepted (3.4483 %)). Current N = 1. Average N = 0.035
2021-03-25 13:50:34,276 - INFO: Move rejected due to water leaving the GCMC sphere
2021-03-25 13:50:37,944 - INFO: 30 move(s) completed (1 accepted (3.3333 %)). Current N = 1. Average N = 0.067
2021-03-25 13:51:02,559 - INFO: 31 move(s) completed (1 accepted (3.2258 %)). Current N = 1. Average N = 0.097
2021-03-25 13:51:23,852 - INFO: Move rejected due to water leaving the GCMC sphere
2021-03-25 13:51:27,428 - INFO: 32 move(s) completed (1 accepted (3.1250 %)). Current N = 1. Average N = 0.125
2021-03-25 13:51:52,802 - INFO: 33 move(s) completed (1 accepted (3.0303 %)). Current N = 1. Average N = 0.151
2021-03-25 13:52:14,606 - INFO: Move rejected due to water leaving the GCMC sphere
2021-03-25 13:52:18,302 - INFO: 34 move(s) completed (1 accepted (2.9412 %)). Current N = 1. Average N = 0.176
2021-03-25 13:52:40,226 - INFO: Move rejected due to water leaving the GCMC sphere
2021-03-25 13:52:43,926 - INFO: 35 move(s) completed (1 accepted (2.8571 %)). Current N = 1. Average N = 0.200
2021-03-25 13:53:05,843 - INFO: Move rejected due to water leaving the GCMC sphere
2021-03-25 13:53:09,577 - INFO: 36 move(s) completed (1 accepted (2.7778 %)). Current N = 1. Average N = 0.222
2021-03-25 13:53:30,653 - INFO: Move rejected due to water leaving the GCMC sphere
2021-03-25 13:53:34,287 - INFO: 37 move(s) completed (1 accepted (2.7027 %)). Current N = 1. Average N = 0.243
2021-03-25 13:53:55,102 - INFO: Move rejected due to water leaving the GCMC sphere
2021-03-25 13:53:58,551 - INFO: 38 move(s) completed (1 accepted (2.6316 %)). Current N = 1. Average N = 0.263
2021-03-25 13:54:23,377 - INFO: 39 move(s) completed (1 accepted (2.5641 %)). Current N = 1. Average N = 0.282
2021-03-25 13:54:44,287 - INFO: Move rejected due to water leaving the GCMC sphere
2021-03-25 13:54:47,735 - INFO: 40 move(s) completed (1 accepted (2.5000 %)). Current N = 1. Average N = 0.300
2021-03-25 13:55:09,134 - INFO: Move rejected due to water leaving the GCMC sphere
2021-03-25 13:55:12,736 - INFO: 41 move(s) completed (1 accepted (2.4390 %)). Current N = 1. Average N = 0.317
2021-03-25 13:55:37,816 - INFO: 42 move(s) completed (1 accepted (2.3810 %)). Current N = 1. Average N = 0.333
2021-03-25 13:55:59,090 - INFO: Move rejected due to water leaving the GCMC sphere
2021-03-25 13:56:02,676 - INFO: 43 move(s) completed (1 accepted (2.3256 %)). Current N = 1. Average N = 0.349
2021-03-25 13:56:23,781 - INFO: Move rejected due to water leaving the GCMC sphere
2021-03-25 13:56:27,395 - INFO: 44 move(s) completed (1 accepted (2.2727 %)). Current N = 1. Average N = 0.364
2021-03-25 13:56:52,374 - INFO: 45 move(s) completed (1 accepted (2.2222 %)). Current N = 1. Average N = 0.378
2021-03-25 13:57:13,505 - INFO: Move rejected due to water leaving the GCMC sphere
2021-03-25 13:57:17,188 - INFO: 46 move(s) completed (1 accepted (2.1739 %)). Current N = 1. Average N = 0.391
2021-03-25 13:57:42,725 - INFO: 47 move(s) completed (1 accepted (2.1277 %)). Current N = 1. Average N = 0.404
2021-03-25 13:58:08,396 - INFO: 48 move(s) completed (1 accepted (2.0833 %)). Current N = 1. Average N = 0.417
2021-03-25 13:58:29,613 - INFO: Move rejected due to water leaving the GCMC sphere
2021-03-25 13:58:33,130 - INFO: 49 move(s) completed (1 accepted (2.0408 %)). Current N = 1. Average N = 0.429
2021-03-25 13:58:54,483 - INFO: Move rejected due to water leaving the GCMC sphere
2021-03-25 13:58:57,998 - INFO: 50 move(s) completed (1 accepted (2.0000 %)). Current N = 1. Average N = 0.440
2021-03-25 13:59:19,434 - INFO: Move rejected due to water leaving the GCMC sphere
2021-03-25 13:59:23,009 - INFO: 51 move(s) completed (1 accepted (1.9608 %)). Current N = 1. Average N = 0.451
2021-03-25 13:59:44,085 - INFO: Move rejected due to water leaving the GCMC sphere
2021-03-25 13:59:47,670 - INFO: 52 move(s) completed (1 accepted (1.9231 %)). Current N = 1. Average N = 0.462
2021-03-25 14:00:12,522 - INFO: 53 move(s) completed (1 accepted (1.8868 %)). Current N = 1. Average N = 0.472
2021-03-25 14:00:37,280 - INFO: 54 move(s) completed (1 accepted (1.8519 %)). Current N = 1. Average N = 0.481
2021-03-25 14:00:58,551 - INFO: Move rejected due to water leaving the GCMC sphere
2021-03-25 14:01:02,264 - INFO: 55 move(s) completed (1 accepted (1.8182 %)). Current N = 1. Average N = 0.491
2021-03-25 14:01:24,161 - INFO: Move rejected due to water leaving the GCMC sphere
2021-03-25 14:01:27,861 - INFO: 56 move(s) completed (1 accepted (1.7857 %)). Current N = 1. Average N = 0.500
2021-03-25 14:01:53,482 - INFO: 57 move(s) completed (1 accepted (1.7544 %)). Current N = 1. Average N = 0.509
2021-03-25 14:02:18,149 - INFO: 58 move(s) completed (1 accepted (1.7241 %)). Current N = 1. Average N = 0.517
2021-03-25 14:02:42,825 - INFO: 59 move(s) completed (1 accepted (1.6949 %)). Current N = 1. Average N = 0.525
2021-03-25 14:03:07,511 - INFO: 60 move(s) completed (1 accepted (1.6667 %)). Current N = 1. Average N = 0.533
2021-03-25 14:03:32,204 - INFO: 61 move(s) completed (1 accepted (1.6393 %)). Current N = 1. Average N = 0.541
2021-03-25 14:03:56,854 - INFO: 62 move(s) completed (1 accepted (1.6129 %)). Current N = 1. Average N = 0.548
2021-03-25 14:04:21,748 - INFO: 63 move(s) completed (1 accepted (1.5873 %)). Current N = 1. Average N = 0.556
2021-03-25 14:04:46,573 - INFO: 64 move(s) completed (1 accepted (1.5625 %)). Current N = 1. Average N = 0.562
2021-03-25 14:05:11,304 - INFO: 65 move(s) completed (1 accepted (1.5385 %)). Current N = 1. Average N = 0.569
2021-03-25 14:05:36,188 - INFO: 66 move(s) completed (1 accepted (1.5152 %)). Current N = 1. Average N = 0.576
2021-03-25 14:06:00,995 - INFO: 67 move(s) completed (1 accepted (1.4925 %)). Current N = 1. Average N = 0.582
2021-03-25 14:06:25,504 - INFO: 68 move(s) completed (1 accepted (1.4706 %)). Current N = 1. Average N = 0.588
2021-03-25 14:06:50,386 - INFO: 69 move(s) completed (1 accepted (1.4493 %)). Current N = 1. Average N = 0.594
2021-03-25 14:07:11,668 - INFO: Move rejected due to water leaving the GCMC sphere
2021-03-25 14:07:15,308 - INFO: 70 move(s) completed (1 accepted (1.4286 %)). Current N = 1. Average N = 0.600
2021-03-25 14:07:40,307 - INFO: 71 move(s) completed (1 accepted (1.4085 %)). Current N = 1. Average N = 0.606
2021-03-25 14:08:05,129 - INFO: 72 move(s) completed (1 accepted (1.3889 %)). Current N = 1. Average N = 0.611
2021-03-25 14:08:26,755 - INFO: Move rejected due to water leaving the GCMC sphere
2021-03-25 14:08:30,455 - INFO: 73 move(s) completed (1 accepted (1.3699 %)). Current N = 1. Average N = 0.616
2021-03-25 14:08:52,107 - INFO: Move rejected due to water leaving the GCMC sphere
2021-03-25 14:08:55,814 - INFO: 74 move(s) completed (1 accepted (1.3514 %)). Current N = 1. Average N = 0.622
2021-03-25 14:09:21,274 - INFO: 75 move(s) completed (1 accepted (1.3333 %)). Current N = 1. Average N = 0.627
2021-03-25 14:09:42,367 - INFO: Move rejected due to water leaving the GCMC sphere
2021-03-25 14:09:46,071 - INFO: 76 move(s) completed (1 accepted (1.3158 %)). Current N = 1. Average N = 0.632
2021-03-25 14:10:07,268 - INFO: Move rejected due to water leaving the GCMC sphere
2021-03-25 14:10:10,970 - INFO: 77 move(s) completed (1 accepted (1.2987 %)). Current N = 1. Average N = 0.636
2021-03-25 14:10:32,052 - INFO: Move rejected due to water leaving the GCMC sphere
2021-03-25 14:10:35,668 - INFO: 78 move(s) completed (1 accepted (1.2821 %)). Current N = 1. Average N = 0.641
2021-03-25 14:11:01,378 - INFO: 79 move(s) completed (1 accepted (1.2658 %)). Current N = 1. Average N = 0.646
2021-03-25 14:11:22,510 - INFO: Move rejected due to water leaving the GCMC sphere
2021-03-25 14:11:26,179 - INFO: 80 move(s) completed (1 accepted (1.2500 %)). Current N = 1. Average N = 0.650
2021-03-25 14:11:51,064 - INFO: 81 move(s) completed (1 accepted (1.2346 %)). Current N = 1. Average N = 0.654
2021-03-25 14:12:12,358 - INFO: Move rejected due to water leaving the GCMC sphere
2021-03-25 14:12:15,937 - INFO: 82 move(s) completed (1 accepted (1.2195 %)). Current N = 1. Average N = 0.658
2021-03-25 14:12:37,522 - INFO: Move rejected due to water leaving the GCMC sphere
2021-03-25 14:12:41,181 - INFO: 83 move(s) completed (1 accepted (1.2048 %)). Current N = 1. Average N = 0.663
2021-03-25 14:13:02,739 - INFO: Move rejected due to water leaving the GCMC sphere
2021-03-25 14:13:06,532 - INFO: 84 move(s) completed (1 accepted (1.1905 %)). Current N = 1. Average N = 0.667
2021-03-25 14:13:27,658 - INFO: Move rejected due to water leaving the GCMC sphere
2021-03-25 14:13:31,346 - INFO: 85 move(s) completed (1 accepted (1.1765 %)). Current N = 1. Average N = 0.671
2021-03-25 14:13:56,183 - INFO: 86 move(s) completed (1 accepted (1.1628 %)). Current N = 1. Average N = 0.674
2021-03-25 14:14:21,117 - INFO: 87 move(s) completed (1 accepted (1.1494 %)). Current N = 1. Average N = 0.678
2021-03-25 14:14:42,857 - INFO: Move rejected due to water leaving the GCMC sphere
2021-03-25 14:14:46,523 - INFO: 88 move(s) completed (1 accepted (1.1364 %)). Current N = 1. Average N = 0.682
2021-03-25 14:15:08,490 - INFO: Move rejected due to water leaving the GCMC sphere
2021-03-25 14:15:12,034 - INFO: 89 move(s) completed (1 accepted (1.1236 %)). Current N = 1. Average N = 0.685
2021-03-25 14:15:36,657 - INFO: 90 move(s) completed (1 accepted (1.1111 %)). Current N = 1. Average N = 0.689
2021-03-25 14:16:01,641 - INFO: 91 move(s) completed (1 accepted (1.0989 %)). Current N = 1. Average N = 0.692
2021-03-25 14:16:22,938 - INFO: Move rejected due to water leaving the GCMC sphere
2021-03-25 14:16:26,598 - INFO: 92 move(s) completed (1 accepted (1.0870 %)). Current N = 1. Average N = 0.696
2021-03-25 14:16:47,772 - INFO: Move rejected due to water leaving the GCMC sphere
2021-03-25 14:16:51,352 - INFO: 93 move(s) completed (1 accepted (1.0753 %)). Current N = 1. Average N = 0.699
2021-03-25 14:17:12,586 - INFO: Move rejected due to water leaving the GCMC sphere
2021-03-25 14:17:16,273 - INFO: 94 move(s) completed (1 accepted (1.0638 %)). Current N = 1. Average N = 0.702
2021-03-25 14:17:37,969 - INFO: Move rejected due to water leaving the GCMC sphere
2021-03-25 14:17:41,665 - INFO: 95 move(s) completed (1 accepted (1.0526 %)). Current N = 1. Average N = 0.705
2021-03-25 14:18:03,416 - INFO: Move rejected due to water leaving the GCMC sphere
2021-03-25 14:18:07,108 - INFO: 96 move(s) completed (1 accepted (1.0417 %)). Current N = 1. Average N = 0.708
2021-03-25 14:18:32,751 - INFO: 97 move(s) completed (1 accepted (1.0309 %)). Current N = 1. Average N = 0.711
2021-03-25 14:18:58,432 - INFO: 98 move(s) completed (1 accepted (1.0204 %)). Current N = 1. Average N = 0.714
2021-03-25 14:19:19,527 - INFO: Move rejected due to water leaving the GCMC sphere
2021-03-25 14:19:23,228 - INFO: 99 move(s) completed (1 accepted (1.0101 %)). Current N = 1. Average N = 0.717
2021-03-25 14:19:45,307 - INFO: Move rejected due to water leaving the GCMC sphere
2021-03-25 14:19:48,866 - INFO: 100 move(s) completed (1 accepted (1.0000 %)). Current N = 1. Average N = 0.720
2021-03-25 14:20:10,185 - INFO: Move rejected due to water leaving the GCMC sphere
2021-03-25 14:20:13,852 - INFO: 101 move(s) completed (1 accepted (0.9901 %)). Current N = 1. Average N = 0.723
2021-03-25 14:20:35,078 - INFO: Move rejected due to water leaving the GCMC sphere
2021-03-25 14:20:38,636 - INFO: 102 move(s) completed (1 accepted (0.9804 %)). Current N = 1. Average N = 0.726
2021-03-25 14:21:03,446 - INFO: 103 move(s) completed (1 accepted (0.9709 %)). Current N = 1. Average N = 0.728
2021-03-25 14:21:25,039 - INFO: Move rejected due to water leaving the GCMC sphere
2021-03-25 14:21:28,586 - INFO: 104 move(s) completed (1 accepted (0.9615 %)). Current N = 1. Average N = 0.731
2021-03-25 14:21:53,791 - INFO: 105 move(s) completed (1 accepted (0.9524 %)). Current N = 1. Average N = 0.733
2021-03-25 14:22:15,392 - INFO: Move rejected due to water leaving the GCMC sphere
2021-03-25 14:22:19,094 - INFO: 106 move(s) completed (1 accepted (0.9434 %)). Current N = 1. Average N = 0.736
2021-03-25 14:22:40,951 - INFO: Move rejected due to water leaving the GCMC sphere
2021-03-25 14:22:44,652 - INFO: 107 move(s) completed (1 accepted (0.9346 %)). Current N = 1. Average N = 0.738
2021-03-25 14:23:06,494 - INFO: Move rejected due to water leaving the GCMC sphere
2021-03-25 14:23:10,215 - INFO: 108 move(s) completed (1 accepted (0.9259 %)). Current N = 1. Average N = 0.741
2021-03-25 14:23:32,133 - INFO: Move rejected due to water leaving the GCMC sphere
2021-03-25 14:23:35,821 - INFO: 109 move(s) completed (1 accepted (0.9174 %)). Current N = 1. Average N = 0.743
2021-03-25 14:23:57,732 - INFO: Move rejected due to water leaving the GCMC sphere
2021-03-25 14:24:01,430 - INFO: 110 move(s) completed (1 accepted (0.9091 %)). Current N = 1. Average N = 0.746
2021-03-25 14:24:22,613 - INFO: Move rejected due to water leaving the GCMC sphere
2021-03-25 14:24:26,299 - INFO: 111 move(s) completed (1 accepted (0.9009 %)). Current N = 1. Average N = 0.748
2021-03-25 14:24:50,793 - INFO: 112 move(s) completed (1 accepted (0.8929 %)). Current N = 1. Average N = 0.750
2021-03-25 14:25:12,104 - INFO: Move rejected due to water leaving the GCMC sphere
2021-03-25 14:25:15,687 - INFO: 113 move(s) completed (1 accepted (0.8850 %)). Current N = 1. Average N = 0.752
2021-03-25 14:25:37,171 - INFO: Move rejected due to water leaving the GCMC sphere
2021-03-25 14:25:40,685 - INFO: 114 move(s) completed (1 accepted (0.8772 %)). Current N = 1. Average N = 0.754
2021-03-25 14:26:02,347 - INFO: Move rejected due to water leaving the GCMC sphere
2021-03-25 14:26:06,052 - INFO: 115 move(s) completed (1 accepted (0.8696 %)). Current N = 1. Average N = 0.756
2021-03-25 14:26:31,364 - INFO: 116 move(s) completed (1 accepted (0.8621 %)). Current N = 1. Average N = 0.759
2021-03-25 14:26:52,662 - INFO: Move rejected due to water leaving the GCMC sphere
2021-03-25 14:26:56,365 - INFO: 117 move(s) completed (1 accepted (0.8547 %)). Current N = 1. Average N = 0.761
2021-03-25 14:27:18,194 - INFO: Move rejected due to water leaving the GCMC sphere
2021-03-25 14:27:21,891 - INFO: 118 move(s) completed (1 accepted (0.8475 %)). Current N = 1. Average N = 0.763
2021-03-25 14:27:47,517 - INFO: 119 move(s) completed (1 accepted (0.8403 %)). Current N = 1. Average N = 0.765
2021-03-25 14:28:09,414 - INFO: Move rejected due to water leaving the GCMC sphere
2021-03-25 14:28:13,120 - INFO: 120 move(s) completed (1 accepted (0.8333 %)). Current N = 1. Average N = 0.767
2021-03-25 14:28:37,831 - INFO: 121 move(s) completed (1 accepted (0.8264 %)). Current N = 1. Average N = 0.769
2021-03-25 14:29:02,572 - INFO: 122 move(s) completed (1 accepted (0.8197 %)). Current N = 1. Average N = 0.770
2021-03-25 14:29:23,763 - INFO: Move rejected due to water leaving the GCMC sphere
2021-03-25 14:29:27,416 - INFO: 123 move(s) completed (1 accepted (0.8130 %)). Current N = 1. Average N = 0.772
2021-03-25 14:29:52,083 - INFO: 124 move(s) completed (1 accepted (0.8065 %)). Current N = 1. Average N = 0.774
2021-03-25 14:30:17,295 - INFO: 125 move(s) completed (1 accepted (0.8000 %)). Current N = 1. Average N = 0.776
2021-03-25 14:30:38,865 - INFO: Move rejected due to water leaving the GCMC sphere
2021-03-25 14:30:42,510 - INFO: 126 move(s) completed (1 accepted (0.7937 %)). Current N = 1. Average N = 0.778
2021-03-25 14:31:07,831 - INFO: 127 move(s) completed (1 accepted (0.7874 %)). Current N = 1. Average N = 0.779
2021-03-25 14:31:32,801 - INFO: 128 move(s) completed (1 accepted (0.7812 %)). Current N = 1. Average N = 0.781
2021-03-25 14:31:54,648 - INFO: Move rejected due to water leaving the GCMC sphere
2021-03-25 14:31:58,351 - INFO: 129 move(s) completed (1 accepted (0.7752 %)). Current N = 1. Average N = 0.783
2021-03-25 14:32:23,769 - INFO: 130 move(s) completed (1 accepted (0.7692 %)). Current N = 1. Average N = 0.785
2021-03-25 14:32:49,418 - INFO: 131 move(s) completed (1 accepted (0.7634 %)). Current N = 1. Average N = 0.786
2021-03-25 14:33:15,179 - INFO: 132 move(s) completed (1 accepted (0.7576 %)). Current N = 1. Average N = 0.788
2021-03-25 14:33:36,456 - INFO: Move rejected due to water leaving the GCMC sphere
2021-03-25 14:33:40,115 - INFO: 133 move(s) completed (1 accepted (0.7519 %)). Current N = 1. Average N = 0.789
2021-03-25 14:34:04,892 - INFO: 134 move(s) completed (1 accepted (0.7463 %)). Current N = 1. Average N = 0.791
2021-03-25 14:34:26,114 - INFO: Move rejected due to water leaving the GCMC sphere
2021-03-25 14:34:29,782 - INFO: 135 move(s) completed (1 accepted (0.7407 %)). Current N = 1. Average N = 0.793
2021-03-25 14:34:54,812 - INFO: 136 move(s) completed (1 accepted (0.7353 %)). Current N = 1. Average N = 0.794
2021-03-25 14:35:19,933 - INFO: 137 move(s) completed (1 accepted (0.7299 %)). Current N = 1. Average N = 0.796
2021-03-25 14:35:41,702 - INFO: Move rejected due to water leaving the GCMC sphere
2021-03-25 14:35:45,308 - INFO: 138 move(s) completed (1 accepted (0.7246 %)). Current N = 1. Average N = 0.797
2021-03-25 14:36:10,886 - INFO: 139 move(s) completed (1 accepted (0.7194 %)). Current N = 1. Average N = 0.799
2021-03-25 14:36:32,668 - INFO: Move rejected due to water leaving the GCMC sphere
2021-03-25 14:36:36,366 - INFO: 140 move(s) completed (1 accepted (0.7143 %)). Current N = 1. Average N = 0.800
2021-03-25 14:36:58,265 - INFO: Move rejected due to water leaving the GCMC sphere
2021-03-25 14:37:01,947 - INFO: 141 move(s) completed (1 accepted (0.7092 %)). Current N = 1. Average N = 0.801
2021-03-25 14:37:27,613 - INFO: 142 move(s) completed (1 accepted (0.7042 %)). Current N = 1. Average N = 0.803
2021-03-25 14:37:48,666 - INFO: Move rejected due to water leaving the GCMC sphere
2021-03-25 14:37:52,347 - INFO: 143 move(s) completed (1 accepted (0.6993 %)). Current N = 1. Average N = 0.804
2021-03-25 14:38:13,599 - INFO: Move rejected due to water leaving the GCMC sphere
2021-03-25 14:38:17,268 - INFO: 144 move(s) completed (1 accepted (0.6944 %)). Current N = 1. Average N = 0.806
2021-03-25 14:38:38,685 - INFO: Move rejected due to water leaving the GCMC sphere
2021-03-25 14:38:42,322 - INFO: 145 move(s) completed (1 accepted (0.6897 %)). Current N = 1. Average N = 0.807
2021-03-25 14:39:07,109 - INFO: 146 move(s) completed (1 accepted (0.6849 %)). Current N = 1. Average N = 0.808
2021-03-25 14:39:28,553 - INFO: Move rejected due to water leaving the GCMC sphere
2021-03-25 14:39:32,192 - INFO: 147 move(s) completed (1 accepted (0.6803 %)). Current N = 1. Average N = 0.809
2021-03-25 14:39:53,393 - INFO: Move rejected due to water leaving the GCMC sphere
2021-03-25 14:39:57,037 - INFO: 148 move(s) completed (1 accepted (0.6757 %)). Current N = 1. Average N = 0.811
2021-03-25 14:40:22,347 - INFO: 149 move(s) completed (1 accepted (0.6711 %)). Current N = 1. Average N = 0.812
2021-03-25 14:40:47,151 - INFO: 150 move(s) completed (1 accepted (0.6667 %)). Current N = 1. Average N = 0.813
2021-03-25 14:41:12,815 - INFO: 151 move(s) completed (1 accepted (0.6623 %)). Current N = 1. Average N = 0.815
2021-03-25 14:41:34,696 - INFO: Move rejected due to water leaving the GCMC sphere
2021-03-25 14:41:38,395 - INFO: 152 move(s) completed (1 accepted (0.6579 %)). Current N = 1. Average N = 0.816
2021-03-25 14:42:00,421 - INFO: Move rejected due to water leaving the GCMC sphere
2021-03-25 14:42:04,119 - INFO: 153 move(s) completed (1 accepted (0.6536 %)). Current N = 1. Average N = 0.817
2021-03-25 14:42:29,029 - INFO: 154 move(s) completed (1 accepted (0.6494 %)). Current N = 1. Average N = 0.818
2021-03-25 14:42:54,061 - INFO: 155 move(s) completed (1 accepted (0.6452 %)). Current N = 1. Average N = 0.819
2021-03-25 14:43:15,168 - INFO: Move rejected due to water leaving the GCMC sphere
2021-03-25 14:43:18,736 - INFO: 156 move(s) completed (1 accepted (0.6410 %)). Current N = 1. Average N = 0.821
2021-03-25 14:43:43,366 - INFO: 157 move(s) completed (1 accepted (0.6369 %)). Current N = 1. Average N = 0.822
2021-03-25 14:44:04,613 - INFO: Move rejected due to water leaving the GCMC sphere
2021-03-25 14:44:08,234 - INFO: 158 move(s) completed (1 accepted (0.6329 %)). Current N = 1. Average N = 0.823
2021-03-25 14:44:29,994 - INFO: Move rejected due to water leaving the GCMC sphere
2021-03-25 14:44:33,489 - INFO: 159 move(s) completed (1 accepted (0.6289 %)). Current N = 1. Average N = 0.824
2021-03-25 14:44:55,249 - INFO: Move rejected due to water leaving the GCMC sphere
2021-03-25 14:44:58,952 - INFO: 160 move(s) completed (1 accepted (0.6250 %)). Current N = 1. Average N = 0.825
2021-03-25 14:45:20,030 - INFO: Move rejected due to water leaving the GCMC sphere
2021-03-25 14:45:23,740 - INFO: 161 move(s) completed (1 accepted (0.6211 %)). Current N = 1. Average N = 0.826
2021-03-25 14:45:44,888 - INFO: Move rejected due to water leaving the GCMC sphere
2021-03-25 14:45:48,588 - INFO: 162 move(s) completed (1 accepted (0.6173 %)). Current N = 1. Average N = 0.827
2021-03-25 14:46:10,645 - INFO: Move rejected due to water leaving the GCMC sphere
2021-03-25 14:46:14,344 - INFO: 163 move(s) completed (1 accepted (0.6135 %)). Current N = 1. Average N = 0.828
2021-03-25 14:46:35,362 - INFO: Move rejected due to water leaving the GCMC sphere
2021-03-25 14:46:39,061 - INFO: 164 move(s) completed (1 accepted (0.6098 %)). Current N = 1. Average N = 0.829
2021-03-25 14:47:00,125 - INFO: Move rejected due to water leaving the GCMC sphere
2021-03-25 14:47:03,670 - INFO: 165 move(s) completed (1 accepted (0.6061 %)). Current N = 1. Average N = 0.830
2021-03-25 14:47:24,950 - INFO: Move rejected due to water leaving the GCMC sphere
2021-03-25 14:47:28,421 - INFO: 166 move(s) completed (1 accepted (0.6024 %)). Current N = 1. Average N = 0.831
2021-03-25 14:47:49,775 - INFO: Move rejected due to water leaving the GCMC sphere
2021-03-25 14:47:53,336 - INFO: 167 move(s) completed (1 accepted (0.5988 %)). Current N = 1. Average N = 0.832
2021-03-25 14:48:14,735 - INFO: Move rejected due to water leaving the GCMC sphere
2021-03-25 14:48:18,169 - INFO: 168 move(s) completed (1 accepted (0.5952 %)). Current N = 1. Average N = 0.833
2021-03-25 14:48:43,497 - INFO: 169 move(s) completed (1 accepted (0.5917 %)). Current N = 1. Average N = 0.834
2021-03-25 14:49:08,817 - INFO: 170 move(s) completed (1 accepted (0.5882 %)). Current N = 1. Average N = 0.835
2021-03-25 14:49:29,991 - INFO: Move rejected due to water leaving the GCMC sphere
2021-03-25 14:49:33,749 - INFO: 171 move(s) completed (1 accepted (0.5848 %)). Current N = 1. Average N = 0.836
2021-03-25 14:49:55,000 - INFO: Move rejected due to water leaving the GCMC sphere
2021-03-25 14:49:58,704 - INFO: 172 move(s) completed (1 accepted (0.5814 %)). Current N = 1. Average N = 0.837
2021-03-25 14:50:20,718 - INFO: Move rejected due to water leaving the GCMC sphere
2021-03-25 14:50:24,407 - INFO: 173 move(s) completed (1 accepted (0.5780 %)). Current N = 1. Average N = 0.838
2021-03-25 14:50:46,398 - INFO: Move rejected due to water leaving the GCMC sphere
2021-03-25 14:50:50,090 - INFO: 174 move(s) completed (1 accepted (0.5747 %)). Current N = 1. Average N = 0.839
2021-03-25 14:51:11,311 - INFO: Move rejected due to water leaving the GCMC sphere
2021-03-25 14:51:14,984 - INFO: 175 move(s) completed (1 accepted (0.5714 %)). Current N = 1. Average N = 0.840
2021-03-25 14:51:39,820 - INFO: 176 move(s) completed (1 accepted (0.5682 %)). Current N = 1. Average N = 0.841
2021-03-25 14:52:04,818 - INFO: 177 move(s) completed (1 accepted (0.5650 %)). Current N = 1. Average N = 0.842
2021-03-25 14:52:26,199 - INFO: Move rejected due to water leaving the GCMC sphere
2021-03-25 14:52:29,892 - INFO: 178 move(s) completed (1 accepted (0.5618 %)). Current N = 1. Average N = 0.843
2021-03-25 14:52:51,315 - INFO: Move rejected due to water leaving the GCMC sphere
2021-03-25 14:52:54,807 - INFO: 179 move(s) completed (1 accepted (0.5587 %)). Current N = 1. Average N = 0.844
2021-03-25 14:53:19,565 - INFO: 180 move(s) completed (1 accepted (0.5556 %)). Current N = 1. Average N = 0.844
2021-03-25 14:53:44,574 - INFO: 181 move(s) completed (1 accepted (0.5525 %)). Current N = 1. Average N = 0.845
2021-03-25 14:54:09,338 - INFO: 182 move(s) completed (1 accepted (0.5495 %)). Current N = 1. Average N = 0.846
2021-03-25 14:54:34,110 - INFO: 183 move(s) completed (1 accepted (0.5464 %)). Current N = 1. Average N = 0.847
2021-03-25 14:54:58,941 - INFO: 184 move(s) completed (1 accepted (0.5435 %)). Current N = 1. Average N = 0.848
2021-03-25 14:55:23,782 - INFO: 185 move(s) completed (1 accepted (0.5405 %)). Current N = 1. Average N = 0.849
2021-03-25 14:55:48,401 - INFO: 186 move(s) completed (1 accepted (0.5376 %)). Current N = 1. Average N = 0.850
2021-03-25 14:56:09,444 - INFO: Move rejected due to water leaving the GCMC sphere
2021-03-25 14:56:13,021 - INFO: 187 move(s) completed (1 accepted (0.5348 %)). Current N = 1. Average N = 0.850
2021-03-25 14:56:34,152 - INFO: Move rejected due to water leaving the GCMC sphere
2021-03-25 14:56:37,729 - INFO: 188 move(s) completed (1 accepted (0.5319 %)). Current N = 1. Average N = 0.851
2021-03-25 14:57:02,919 - INFO: 189 move(s) completed (1 accepted (0.5291 %)). Current N = 1. Average N = 0.852
2021-03-25 14:57:24,504 - INFO: Move rejected due to water leaving the GCMC sphere
2021-03-25 14:57:28,204 - INFO: 190 move(s) completed (1 accepted (0.5263 %)). Current N = 1. Average N = 0.853
2021-03-25 14:57:53,588 - INFO: 191 move(s) completed (1 accepted (0.5236 %)). Current N = 1. Average N = 0.853
2021-03-25 14:58:18,448 - INFO: 192 move(s) completed (1 accepted (0.5208 %)). Current N = 1. Average N = 0.854
2021-03-25 14:58:40,555 - INFO: Move rejected due to water leaving the GCMC sphere
2021-03-25 14:58:44,259 - INFO: 193 move(s) completed (1 accepted (0.5181 %)). Current N = 1. Average N = 0.855
2021-03-25 14:59:06,096 - INFO: Move rejected due to water leaving the GCMC sphere
2021-03-25 14:59:09,796 - INFO: 194 move(s) completed (1 accepted (0.5155 %)). Current N = 1. Average N = 0.856
2021-03-25 14:59:31,903 - INFO: Move rejected due to water leaving the GCMC sphere
2021-03-25 14:59:35,587 - INFO: 195 move(s) completed (1 accepted (0.5128 %)). Current N = 1. Average N = 0.856
2021-03-25 14:59:56,758 - INFO: Move rejected due to water leaving the GCMC sphere
2021-03-25 15:00:00,354 - INFO: 196 move(s) completed (1 accepted (0.5102 %)). Current N = 1. Average N = 0.857
2021-03-25 15:00:25,304 - INFO: 197 move(s) completed (1 accepted (0.5076 %)). Current N = 1. Average N = 0.858
2021-03-25 15:00:50,087 - INFO: 198 move(s) completed (1 accepted (0.5051 %)). Current N = 1. Average N = 0.859
2021-03-25 15:01:11,152 - INFO: Move rejected due to water leaving the GCMC sphere
2021-03-25 15:01:14,719 - INFO: 199 move(s) completed (1 accepted (0.5025 %)). Current N = 1. Average N = 0.859
2021-03-25 15:01:36,201 - INFO: Move rejected due to water leaving the GCMC sphere
2021-03-25 15:01:39,788 - INFO: 200 move(s) completed (1 accepted (0.5000 %)). Current N = 1. Average N = 0.860
2021-03-25 15:02:05,244 - INFO: 201 move(s) completed (1 accepted (0.4975 %)). Current N = 1. Average N = 0.861
2021-03-25 15:02:26,377 - INFO: Move rejected due to water leaving the GCMC sphere
2021-03-25 15:02:30,075 - INFO: 202 move(s) completed (1 accepted (0.4950 %)). Current N = 1. Average N = 0.861
2021-03-25 15:02:51,145 - INFO: Move rejected due to water leaving the GCMC sphere
2021-03-25 15:02:54,846 - INFO: 203 move(s) completed (1 accepted (0.4926 %)). Current N = 1. Average N = 0.862
2021-03-25 15:03:19,721 - INFO: 204 move(s) completed (1 accepted (0.4902 %)). Current N = 1. Average N = 0.863
2021-03-25 15:03:44,534 - INFO: 205 move(s) completed (1 accepted (0.4878 %)). Current N = 1. Average N = 0.863
2021-03-25 15:04:05,744 - INFO: Move rejected due to water leaving the GCMC sphere
2021-03-25 15:04:09,459 - INFO: 206 move(s) completed (1 accepted (0.4854 %)). Current N = 1. Average N = 0.864
2021-03-25 15:04:34,366 - INFO: 207 move(s) completed (1 accepted (0.4831 %)). Current N = 1. Average N = 0.865
2021-03-25 15:04:58,884 - INFO: 208 move(s) completed (1 accepted (0.4808 %)). Current N = 1. Average N = 0.865
2021-03-25 15:05:19,954 - INFO: Move rejected due to water leaving the GCMC sphere
2021-03-25 15:05:23,553 - INFO: 209 move(s) completed (1 accepted (0.4785 %)). Current N = 1. Average N = 0.866
2021-03-25 15:05:45,047 - INFO: Move rejected due to water leaving the GCMC sphere
2021-03-25 15:05:48,735 - INFO: 210 move(s) completed (1 accepted (0.4762 %)). Current N = 1. Average N = 0.867
2021-03-25 15:06:10,340 - INFO: Move rejected due to water leaving the GCMC sphere
2021-03-25 15:06:14,042 - INFO: 211 move(s) completed (1 accepted (0.4739 %)). Current N = 1. Average N = 0.867
2021-03-25 15:06:35,723 - INFO: Move rejected due to water leaving the GCMC sphere
2021-03-25 15:06:39,412 - INFO: 212 move(s) completed (1 accepted (0.4717 %)). Current N = 1. Average N = 0.868
2021-03-25 15:07:01,267 - INFO: Move rejected due to water leaving the GCMC sphere
2021-03-25 15:07:04,963 - INFO: 213 move(s) completed (1 accepted (0.4695 %)). Current N = 1. Average N = 0.869
2021-03-25 15:07:30,710 - INFO: 214 move(s) completed (1 accepted (0.4673 %)). Current N = 1. Average N = 0.869
2021-03-25 15:07:52,433 - INFO: Move rejected due to water leaving the GCMC sphere
2021-03-25 15:07:56,113 - INFO: 215 move(s) completed (1 accepted (0.4651 %)). Current N = 1. Average N = 0.870
2021-03-25 15:08:18,141 - INFO: Move rejected due to water leaving the GCMC sphere
2021-03-25 15:08:21,719 - INFO: 216 move(s) completed (1 accepted (0.4630 %)). Current N = 1. Average N = 0.870
2021-03-25 15:08:42,990 - INFO: Move rejected due to water leaving the GCMC sphere
2021-03-25 15:08:46,453 - INFO: 217 move(s) completed (1 accepted (0.4608 %)). Current N = 1. Average N = 0.871
2021-03-25 15:09:07,726 - INFO: Move rejected due to water leaving the GCMC sphere
2021-03-25 15:09:11,334 - INFO: 218 move(s) completed (1 accepted (0.4587 %)). Current N = 1. Average N = 0.872
2021-03-25 15:09:32,811 - INFO: Move rejected due to water leaving the GCMC sphere
2021-03-25 15:09:36,371 - INFO: 219 move(s) completed (1 accepted (0.4566 %)). Current N = 1. Average N = 0.872
2021-03-25 15:09:57,926 - INFO: Move rejected due to water leaving the GCMC sphere
2021-03-25 15:10:01,497 - INFO: 220 move(s) completed (1 accepted (0.4545 %)). Current N = 1. Average N = 0.873
2021-03-25 15:10:22,971 - INFO: Move rejected due to water leaving the GCMC sphere
2021-03-25 15:10:26,630 - INFO: 221 move(s) completed (1 accepted (0.4525 %)). Current N = 1. Average N = 0.873
2021-03-25 15:10:51,881 - INFO: 222 move(s) completed (1 accepted (0.4505 %)). Current N = 1. Average N = 0.874
2021-03-25 15:11:16,931 - INFO: 223 move(s) completed (1 accepted (0.4484 %)). Current N = 1. Average N = 0.874
2021-03-25 15:11:41,910 - INFO: 224 move(s) completed (1 accepted (0.4464 %)). Current N = 1. Average N = 0.875
2021-03-25 15:12:03,713 - INFO: Move rejected due to water leaving the GCMC sphere
2021-03-25 15:12:07,421 - INFO: 225 move(s) completed (1 accepted (0.4444 %)). Current N = 1. Average N = 0.876
2021-03-25 15:12:33,046 - INFO: 226 move(s) completed (1 accepted (0.4425 %)). Current N = 1. Average N = 0.876
2021-03-25 15:12:57,892 - INFO: 227 move(s) completed (1 accepted (0.4405 %)). Current N = 1. Average N = 0.877
2021-03-25 15:13:19,113 - INFO: Move rejected due to water leaving the GCMC sphere
2021-03-25 15:13:22,762 - INFO: 228 move(s) completed (1 accepted (0.4386 %)). Current N = 1. Average N = 0.877
2021-03-25 15:13:44,114 - INFO: Move rejected due to water leaving the GCMC sphere
2021-03-25 15:13:47,607 - INFO: 229 move(s) completed (1 accepted (0.4367 %)). Current N = 1. Average N = 0.878
2021-03-25 15:14:12,553 - INFO: 230 move(s) completed (1 accepted (0.4348 %)). Current N = 1. Average N = 0.878
2021-03-25 15:14:33,707 - INFO: Move rejected due to water leaving the GCMC sphere
2021-03-25 15:14:37,399 - INFO: 231 move(s) completed (1 accepted (0.4329 %)). Current N = 1. Average N = 0.879
2021-03-25 15:15:02,169 - INFO: 232 move(s) completed (1 accepted (0.4310 %)). Current N = 1. Average N = 0.879
2021-03-25 15:15:27,611 - INFO: 233 move(s) completed (1 accepted (0.4292 %)). Current N = 1. Average N = 0.880
2021-03-25 15:15:53,218 - INFO: 234 move(s) completed (1 accepted (0.4274 %)). Current N = 1. Average N = 0.880
2021-03-25 15:16:15,246 - INFO: Move rejected due to water leaving the GCMC sphere
2021-03-25 15:16:18,949 - INFO: 235 move(s) completed (1 accepted (0.4255 %)). Current N = 1. Average N = 0.881
2021-03-25 15:16:40,760 - INFO: Move rejected due to water leaving the GCMC sphere
2021-03-25 15:16:44,436 - INFO: 236 move(s) completed (1 accepted (0.4237 %)). Current N = 1. Average N = 0.881
2021-03-25 15:17:10,136 - INFO: 237 move(s) completed (1 accepted (0.4219 %)). Current N = 1. Average N = 0.882
2021-03-25 15:17:34,842 - INFO: 238 move(s) completed (1 accepted (0.4202 %)). Current N = 1. Average N = 0.882
2021-03-25 15:17:56,094 - INFO: Move rejected due to water leaving the GCMC sphere
2021-03-25 15:17:59,678 - INFO: 239 move(s) completed (1 accepted (0.4184 %)). Current N = 1. Average N = 0.883
2021-03-25 15:18:21,041 - INFO: Move rejected due to water leaving the GCMC sphere
2021-03-25 15:18:24,532 - INFO: 240 move(s) completed (1 accepted (0.4167 %)). Current N = 1. Average N = 0.883
2021-03-25 15:18:49,470 - INFO: 241 move(s) completed (1 accepted (0.4149 %)). Current N = 1. Average N = 0.884
2021-03-25 15:19:14,645 - INFO: 242 move(s) completed (1 accepted (0.4132 %)). Current N = 1. Average N = 0.884
2021-03-25 15:19:36,291 - INFO: Move rejected due to water leaving the GCMC sphere
2021-03-25 15:19:39,987 - INFO: 243 move(s) completed (1 accepted (0.4115 %)). Current N = 1. Average N = 0.885
2021-03-25 15:20:05,572 - INFO: 244 move(s) completed (1 accepted (0.4098 %)). Current N = 1. Average N = 0.885
2021-03-25 15:20:30,524 - INFO: 245 move(s) completed (1 accepted (0.4082 %)). Current N = 1. Average N = 0.886
2021-03-25 15:20:52,389 - INFO: Move rejected due to water leaving the GCMC sphere
2021-03-25 15:20:56,096 - INFO: 246 move(s) completed (1 accepted (0.4065 %)). Current N = 1. Average N = 0.886
2021-03-25 15:21:18,144 - INFO: Move rejected due to water leaving the GCMC sphere
2021-03-25 15:21:21,854 - INFO: 247 move(s) completed (1 accepted (0.4049 %)). Current N = 1. Average N = 0.887
2021-03-25 15:21:43,041 - INFO: Move rejected due to water leaving the GCMC sphere
2021-03-25 15:21:46,618 - INFO: 248 move(s) completed (1 accepted (0.4032 %)). Current N = 1. Average N = 0.887
2021-03-25 15:22:11,133 - INFO: 249 move(s) completed (1 accepted (0.4016 %)). Current N = 1. Average N = 0.888
2021-03-25 15:22:32,453 - INFO: Move rejected due to water leaving the GCMC sphere
2021-03-25 15:22:36,122 - INFO: 250 move(s) completed (1 accepted (0.4000 %)). Current N = 1. Average N = 0.888
2021-03-25 15:23:01,229 - INFO: 251 move(s) completed (1 accepted (0.3984 %)). Current N = 1. Average N = 0.888
2021-03-25 15:23:26,195 - INFO: 252 move(s) completed (1 accepted (0.3968 %)). Current N = 1. Average N = 0.889
2021-03-25 15:23:51,540 - INFO: 253 move(s) completed (1 accepted (0.3953 %)). Current N = 1. Average N = 0.889
2021-03-25 15:24:13,241 - INFO: Move rejected due to water leaving the GCMC sphere
2021-03-25 15:24:16,937 - INFO: 254 move(s) completed (1 accepted (0.3937 %)). Current N = 1. Average N = 0.890
2021-03-25 15:24:42,445 - INFO: 255 move(s) completed (1 accepted (0.3922 %)). Current N = 1. Average N = 0.890
2021-03-25 15:25:07,413 - INFO: 256 move(s) completed (1 accepted (0.3906 %)). Current N = 1. Average N = 0.891
2021-03-25 15:25:32,123 - INFO: 257 move(s) completed (1 accepted (0.3891 %)). Current N = 1. Average N = 0.891
2021-03-25 15:25:53,276 - INFO: Move rejected due to water leaving the GCMC sphere
2021-03-25 15:25:56,743 - INFO: 258 move(s) completed (1 accepted (0.3876 %)). Current N = 1. Average N = 0.891
2021-03-25 15:26:17,879 - INFO: Move rejected due to water leaving the GCMC sphere
2021-03-25 15:26:21,412 - INFO: 259 move(s) completed (1 accepted (0.3861 %)). Current N = 1. Average N = 0.892
2021-03-25 15:26:42,522 - INFO: Move rejected due to water leaving the GCMC sphere
2021-03-25 15:26:46,161 - INFO: 260 move(s) completed (1 accepted (0.3846 %)). Current N = 1. Average N = 0.892
2021-03-25 15:27:07,355 - INFO: Move rejected due to water leaving the GCMC sphere
2021-03-25 15:27:10,951 - INFO: 261 move(s) completed (1 accepted (0.3831 %)). Current N = 1. Average N = 0.893
2021-03-25 15:27:32,318 - INFO: Move rejected due to water leaving the GCMC sphere
2021-03-25 15:27:35,915 - INFO: 262 move(s) completed (1 accepted (0.3817 %)). Current N = 1. Average N = 0.893
2021-03-25 15:27:57,121 - INFO: Move rejected due to water leaving the GCMC sphere
2021-03-25 15:28:00,874 - INFO: 263 move(s) completed (1 accepted (0.3802 %)). Current N = 1. Average N = 0.893
2021-03-25 15:28:25,727 - INFO: 264 move(s) completed (1 accepted (0.3788 %)). Current N = 1. Average N = 0.894
2021-03-25 15:28:47,535 - INFO: Move rejected due to water leaving the GCMC sphere
2021-03-25 15:28:51,240 - INFO: 265 move(s) completed (1 accepted (0.3774 %)). Current N = 1. Average N = 0.894
2021-03-25 15:29:16,849 - INFO: 266 move(s) completed (1 accepted (0.3759 %)). Current N = 1. Average N = 0.895
2021-03-25 15:29:38,775 - INFO: Move rejected due to water leaving the GCMC sphere
2021-03-25 15:29:42,470 - INFO: 267 move(s) completed (1 accepted (0.3745 %)). Current N = 1. Average N = 0.895
2021-03-25 15:30:07,134 - INFO: 268 move(s) completed (1 accepted (0.3731 %)). Current N = 1. Average N = 0.895
2021-03-25 15:30:28,289 - INFO: Move rejected due to water leaving the GCMC sphere
2021-03-25 15:30:31,920 - INFO: 269 move(s) completed (1 accepted (0.3717 %)). Current N = 1. Average N = 0.896
2021-03-25 15:30:56,715 - INFO: 270 move(s) completed (1 accepted (0.3704 %)). Current N = 1. Average N = 0.896
2021-03-25 15:31:21,521 - INFO: 271 move(s) completed (1 accepted (0.3690 %)). Current N = 1. Average N = 0.897
2021-03-25 15:31:46,598 - INFO: 272 move(s) completed (1 accepted (0.3676 %)). Current N = 1. Average N = 0.897
2021-03-25 15:32:08,062 - INFO: Move rejected due to water leaving the GCMC sphere
2021-03-25 15:32:11,767 - INFO: 273 move(s) completed (1 accepted (0.3663 %)). Current N = 1. Average N = 0.897
2021-03-25 15:32:33,380 - INFO: Move rejected due to water leaving the GCMC sphere
2021-03-25 15:32:37,078 - INFO: 274 move(s) completed (1 accepted (0.3650 %)). Current N = 1. Average N = 0.898
2021-03-25 15:32:58,795 - INFO: Move rejected due to water leaving the GCMC sphere
2021-03-25 15:33:02,499 - INFO: 275 move(s) completed (1 accepted (0.3636 %)). Current N = 1. Average N = 0.898
2021-03-25 15:33:28,100 - INFO: 276 move(s) completed (1 accepted (0.3623 %)). Current N = 1. Average N = 0.899
2021-03-25 15:33:49,981 - INFO: Move rejected due to water leaving the GCMC sphere
2021-03-25 15:33:53,673 - INFO: 277 move(s) completed (1 accepted (0.3610 %)). Current N = 1. Average N = 0.899
2021-03-25 15:34:15,501 - INFO: Move rejected due to water leaving the GCMC sphere
2021-03-25 15:34:19,186 - INFO: 278 move(s) completed (1 accepted (0.3597 %)). Current N = 1. Average N = 0.899
2021-03-25 15:34:44,712 - INFO: 279 move(s) completed (1 accepted (0.3584 %)). Current N = 1. Average N = 0.900
2021-03-25 15:35:05,720 - INFO: Move rejected due to water leaving the GCMC sphere
2021-03-25 15:35:09,355 - INFO: 280 move(s) completed (1 accepted (0.3571 %)). Current N = 1. Average N = 0.900
2021-03-25 15:35:30,710 - INFO: Move rejected due to water leaving the GCMC sphere
2021-03-25 15:35:34,279 - INFO: 281 move(s) completed (1 accepted (0.3559 %)). Current N = 1. Average N = 0.900
2021-03-25 15:35:59,263 - INFO: 282 move(s) completed (1 accepted (0.3546 %)). Current N = 1. Average N = 0.901
2021-03-25 15:36:24,274 - INFO: 283 move(s) completed (1 accepted (0.3534 %)). Current N = 1. Average N = 0.901
2021-03-25 15:36:45,394 - INFO: Move rejected due to water leaving the GCMC sphere
2021-03-25 15:36:49,092 - INFO: 284 move(s) completed (1 accepted (0.3521 %)). Current N = 1. Average N = 0.901
2021-03-25 15:37:10,617 - INFO: Move rejected due to water leaving the GCMC sphere
2021-03-25 15:37:14,314 - INFO: 285 move(s) completed (1 accepted (0.3509 %)). Current N = 1. Average N = 0.902
2021-03-25 15:37:35,409 - INFO: Move rejected due to water leaving the GCMC sphere
2021-03-25 15:37:39,107 - INFO: 286 move(s) completed (1 accepted (0.3497 %)). Current N = 1. Average N = 0.902
2021-03-25 15:38:04,630 - INFO: 287 move(s) completed (1 accepted (0.3484 %)). Current N = 1. Average N = 0.902
2021-03-25 15:38:29,579 - INFO: 288 move(s) completed (1 accepted (0.3472 %)). Current N = 1. Average N = 0.903
2021-03-25 15:38:51,486 - INFO: Move rejected due to water leaving the GCMC sphere
2021-03-25 15:38:55,012 - INFO: 289 move(s) completed (1 accepted (0.3460 %)). Current N = 1. Average N = 0.903
2021-03-25 15:39:17,127 - INFO: Move rejected due to water leaving the GCMC sphere
2021-03-25 15:39:20,752 - INFO: 290 move(s) completed (1 accepted (0.3448 %)). Current N = 1. Average N = 0.903
2021-03-25 15:39:45,726 - INFO: 291 move(s) completed (1 accepted (0.3436 %)). Current N = 1. Average N = 0.904
2021-03-25 15:40:10,639 - INFO: 292 move(s) completed (1 accepted (0.3425 %)). Current N = 1. Average N = 0.904
2021-03-25 15:40:32,134 - INFO: Move rejected due to water leaving the GCMC sphere
2021-03-25 15:40:35,694 - INFO: 293 move(s) completed (1 accepted (0.3413 %)). Current N = 1. Average N = 0.904
2021-03-25 15:40:57,249 - INFO: Move rejected due to water leaving the GCMC sphere
2021-03-25 15:41:00,940 - INFO: 294 move(s) completed (1 accepted (0.3401 %)). Current N = 1. Average N = 0.905
2021-03-25 15:41:25,998 - INFO: 295 move(s) completed (1 accepted (0.3390 %)). Current N = 1. Average N = 0.905
2021-03-25 15:41:50,719 - INFO: 296 move(s) completed (1 accepted (0.3378 %)). Current N = 1. Average N = 0.905
2021-03-25 15:42:11,933 - INFO: Move rejected due to water leaving the GCMC sphere
2021-03-25 15:42:15,635 - INFO: 297 move(s) completed (1 accepted (0.3367 %)). Current N = 1. Average N = 0.906
2021-03-25 15:42:40,476 - INFO: 298 move(s) completed (1 accepted (0.3356 %)). Current N = 1. Average N = 0.906
2021-03-25 15:43:06,034 - INFO: 299 move(s) completed (1 accepted (0.3344 %)). Current N = 1. Average N = 0.906
