2021-03-24 19:43:52,064 - INFO: kT = 0.5921875708469466 kcal/mol
2021-03-24 19:43:57,346 - INFO: BaseGrandCanonicalMonteCarloSampler object initialised
2021-03-24 19:43:57,347 - INFO: GCMC sphere is based on reference atom IDs: [887, 1837]
2021-03-24 19:43:57,347 - INFO: GCMC sphere radius is 6 A
2021-03-24 19:43:57,347 - INFO: Simulating at an Adams (B) value of -6.888845176169922
2021-03-24 19:43:57,347 - INFO: GCMCSphereSampler object initialised
2021-03-24 19:43:57,348 - INFO: Each NCMC move will be executed over a total of 9.0 ps
2021-03-24 19:43:57,348 - INFO: NonequilibriumGCMCSphereSampler object initialised
2021-03-24 19:44:10,216 - INFO: 1 move(s) completed (0 accepted (0.0000 %)). Current N = 0. Average N = 0.000
2021-03-24 19:44:29,752 - INFO: Move rejected due to water leaving the GCMC sphere
2021-03-24 19:44:33,241 - INFO: 2 move(s) completed (0 accepted (0.0000 %)). Current N = 0. Average N = 0.000
2021-03-24 19:44:38,914 - INFO: 3 move(s) completed (0 accepted (0.0000 %)). Current N = 0. Average N = 0.000
2021-03-24 19:44:58,468 - INFO: Move rejected due to water leaving the GCMC sphere
2021-03-24 19:45:02,115 - INFO: 4 move(s) completed (0 accepted (0.0000 %)). Current N = 0. Average N = 0.000
2021-03-24 19:45:07,969 - INFO: 5 move(s) completed (0 accepted (0.0000 %)). Current N = 0. Average N = 0.000
2021-03-24 19:45:13,649 - INFO: 6 move(s) completed (0 accepted (0.0000 %)). Current N = 0. Average N = 0.000
2021-03-24 19:45:33,280 - INFO: Move rejected due to water leaving the GCMC sphere
2021-03-24 19:45:36,708 - INFO: 7 move(s) completed (0 accepted (0.0000 %)). Current N = 0. Average N = 0.000
2021-03-24 19:45:42,443 - INFO: 8 move(s) completed (0 accepted (0.0000 %)). Current N = 0. Average N = 0.000
2021-03-24 19:46:04,973 - INFO: 9 move(s) completed (0 accepted (0.0000 %)). Current N = 0. Average N = 0.000
2021-03-24 19:46:23,955 - INFO: Move rejected due to water leaving the GCMC sphere
2021-03-24 19:46:27,405 - INFO: 10 move(s) completed (0 accepted (0.0000 %)). Current N = 0. Average N = 0.000
2021-03-24 19:46:33,149 - INFO: 11 move(s) completed (0 accepted (0.0000 %)). Current N = 0. Average N = 0.000
2021-03-24 19:46:52,179 - INFO: Move rejected due to water leaving the GCMC sphere
2021-03-24 19:46:55,598 - INFO: 12 move(s) completed (0 accepted (0.0000 %)). Current N = 0. Average N = 0.000
2021-03-24 19:47:14,929 - INFO: Move rejected due to water leaving the GCMC sphere
2021-03-24 19:47:18,296 - INFO: 13 move(s) completed (0 accepted (0.0000 %)). Current N = 0. Average N = 0.000
2021-03-24 19:47:23,968 - INFO: 14 move(s) completed (0 accepted (0.0000 %)). Current N = 0. Average N = 0.000
2021-03-24 19:47:29,699 - INFO: 15 move(s) completed (0 accepted (0.0000 %)). Current N = 0. Average N = 0.000
2021-03-24 19:47:35,409 - INFO: 16 move(s) completed (0 accepted (0.0000 %)). Current N = 0. Average N = 0.000
2021-03-24 19:47:54,640 - INFO: Move rejected due to water leaving the GCMC sphere
2021-03-24 19:47:58,182 - INFO: 17 move(s) completed (0 accepted (0.0000 %)). Current N = 0. Average N = 0.000
2021-03-24 19:48:04,042 - INFO: 18 move(s) completed (0 accepted (0.0000 %)). Current N = 0. Average N = 0.000
2021-03-24 19:48:09,841 - INFO: 19 move(s) completed (0 accepted (0.0000 %)). Current N = 0. Average N = 0.000
2021-03-24 19:48:15,609 - INFO: 20 move(s) completed (0 accepted (0.0000 %)). Current N = 0. Average N = 0.000
2021-03-24 19:48:35,067 - INFO: Move rejected due to water leaving the GCMC sphere
2021-03-24 19:48:38,661 - INFO: 21 move(s) completed (0 accepted (0.0000 %)). Current N = 0. Average N = 0.000
2021-03-24 19:48:58,126 - INFO: Move rejected due to water leaving the GCMC sphere
2021-03-24 19:49:01,722 - INFO: 22 move(s) completed (0 accepted (0.0000 %)). Current N = 0. Average N = 0.000
2021-03-24 19:49:21,433 - INFO: Move rejected due to water leaving the GCMC sphere
2021-03-24 19:49:24,817 - INFO: 23 move(s) completed (0 accepted (0.0000 %)). Current N = 0. Average N = 0.000
2021-03-24 19:49:30,611 - INFO: 24 move(s) completed (0 accepted (0.0000 %)). Current N = 0. Average N = 0.000
2021-03-24 19:49:50,052 - INFO: Move rejected due to water leaving the GCMC sphere
2021-03-24 19:49:53,542 - INFO: 25 move(s) completed (0 accepted (0.0000 %)). Current N = 0. Average N = 0.000
2021-03-24 19:49:59,233 - INFO: 26 move(s) completed (0 accepted (0.0000 %)). Current N = 0. Average N = 0.000
2021-03-24 19:50:05,119 - INFO: 27 move(s) completed (0 accepted (0.0000 %)). Current N = 0. Average N = 0.000
2021-03-24 19:50:10,850 - INFO: 28 move(s) completed (0 accepted (0.0000 %)). Current N = 0. Average N = 0.000
2021-03-24 19:50:16,460 - INFO: 29 move(s) completed (0 accepted (0.0000 %)). Current N = 0. Average N = 0.000
2021-03-24 19:50:36,127 - INFO: Move rejected due to water leaving the GCMC sphere
2021-03-24 19:50:39,632 - INFO: 30 move(s) completed (0 accepted (0.0000 %)). Current N = 0. Average N = 0.000
2021-03-24 19:50:45,530 - INFO: 31 move(s) completed (0 accepted (0.0000 %)). Current N = 0. Average N = 0.000
2021-03-24 19:50:51,200 - INFO: 32 move(s) completed (0 accepted (0.0000 %)). Current N = 0. Average N = 0.000
2021-03-24 19:50:56,917 - INFO: 33 move(s) completed (0 accepted (0.0000 %)). Current N = 0. Average N = 0.000
2021-03-24 19:51:15,908 - INFO: Move rejected due to water leaving the GCMC sphere
2021-03-24 19:51:19,371 - INFO: 34 move(s) completed (0 accepted (0.0000 %)). Current N = 0. Average N = 0.000
2021-03-24 19:51:38,587 - INFO: Move rejected due to water leaving the GCMC sphere
2021-03-24 19:51:42,193 - INFO: 35 move(s) completed (0 accepted (0.0000 %)). Current N = 0. Average N = 0.000
2021-03-24 19:51:48,075 - INFO: 36 move(s) completed (0 accepted (0.0000 %)). Current N = 0. Average N = 0.000
2021-03-24 19:51:53,865 - INFO: 37 move(s) completed (0 accepted (0.0000 %)). Current N = 0. Average N = 0.000
2021-03-24 19:52:13,007 - INFO: Move rejected due to water leaving the GCMC sphere
2021-03-24 19:52:16,541 - INFO: 38 move(s) completed (0 accepted (0.0000 %)). Current N = 0. Average N = 0.000
2021-03-24 19:52:35,593 - INFO: Move rejected due to water leaving the GCMC sphere
2021-03-24 19:52:39,141 - INFO: 39 move(s) completed (0 accepted (0.0000 %)). Current N = 0. Average N = 0.000
2021-03-24 19:52:45,111 - INFO: 40 move(s) completed (0 accepted (0.0000 %)). Current N = 0. Average N = 0.000
2021-03-24 19:53:07,892 - INFO: 41 move(s) completed (0 accepted (0.0000 %)). Current N = 0. Average N = 0.000
2021-03-24 19:53:30,666 - INFO: 42 move(s) completed (0 accepted (0.0000 %)). Current N = 0. Average N = 0.000
2021-03-24 19:53:50,205 - INFO: Move rejected due to water leaving the GCMC sphere
2021-03-24 19:53:53,682 - INFO: 43 move(s) completed (0 accepted (0.0000 %)). Current N = 0. Average N = 0.000
2021-03-24 19:53:59,452 - INFO: 44 move(s) completed (0 accepted (0.0000 %)). Current N = 0. Average N = 0.000
2021-03-24 19:54:05,184 - INFO: 45 move(s) completed (0 accepted (0.0000 %)). Current N = 0. Average N = 0.000
2021-03-24 19:54:28,068 - INFO: 46 move(s) completed (1 accepted (2.1739 %)). Current N = 1. Average N = 0.022
2021-03-24 19:54:51,235 - INFO: 47 move(s) completed (1 accepted (2.1277 %)). Current N = 1. Average N = 0.043
2021-03-24 19:55:10,933 - INFO: Move rejected due to water leaving the GCMC sphere
2021-03-24 19:55:14,432 - INFO: 48 move(s) completed (1 accepted (2.0833 %)). Current N = 1. Average N = 0.062
2021-03-24 19:55:37,746 - INFO: 49 move(s) completed (1 accepted (2.0408 %)). Current N = 1. Average N = 0.082
2021-03-24 19:56:01,312 - INFO: 50 move(s) completed (1 accepted (2.0000 %)). Current N = 1. Average N = 0.100
2021-03-24 19:56:23,858 - INFO: 51 move(s) completed (1 accepted (1.9608 %)). Current N = 1. Average N = 0.118
2021-03-24 19:56:42,829 - INFO: Move rejected due to water leaving the GCMC sphere
2021-03-24 19:56:46,226 - INFO: 52 move(s) completed (1 accepted (1.9231 %)). Current N = 1. Average N = 0.135
2021-03-24 19:57:05,031 - INFO: Move rejected due to water leaving the GCMC sphere
2021-03-24 19:57:08,516 - INFO: 53 move(s) completed (1 accepted (1.8868 %)). Current N = 1. Average N = 0.151
2021-03-24 19:57:31,017 - INFO: 54 move(s) completed (1 accepted (1.8519 %)). Current N = 1. Average N = 0.167
2021-03-24 19:57:53,483 - INFO: 55 move(s) completed (1 accepted (1.8182 %)). Current N = 1. Average N = 0.182
2021-03-24 19:58:15,995 - INFO: 56 move(s) completed (1 accepted (1.7857 %)). Current N = 1. Average N = 0.196
2021-03-24 19:58:38,589 - INFO: 57 move(s) completed (1 accepted (1.7544 %)). Current N = 1. Average N = 0.210
2021-03-24 19:58:57,447 - INFO: Move rejected due to water leaving the GCMC sphere
2021-03-24 19:59:01,057 - INFO: 58 move(s) completed (1 accepted (1.7241 %)). Current N = 1. Average N = 0.224
2021-03-24 19:59:24,173 - INFO: 59 move(s) completed (1 accepted (1.6949 %)). Current N = 1. Average N = 0.237
2021-03-24 19:59:43,838 - INFO: Move rejected due to water leaving the GCMC sphere
2021-03-24 19:59:47,424 - INFO: 60 move(s) completed (1 accepted (1.6667 %)). Current N = 1. Average N = 0.250
2021-03-24 20:00:07,287 - INFO: Move rejected due to water leaving the GCMC sphere
2021-03-24 20:00:10,868 - INFO: 61 move(s) completed (1 accepted (1.6393 %)). Current N = 1. Average N = 0.262
2021-03-24 20:00:33,467 - INFO: 62 move(s) completed (1 accepted (1.6129 %)). Current N = 1. Average N = 0.274
2021-03-24 20:00:52,315 - INFO: Move rejected due to water leaving the GCMC sphere
2021-03-24 20:00:55,884 - INFO: 63 move(s) completed (1 accepted (1.5873 %)). Current N = 1. Average N = 0.286
2021-03-24 20:01:18,594 - INFO: 64 move(s) completed (1 accepted (1.5625 %)). Current N = 1. Average N = 0.297
2021-03-24 20:01:37,659 - INFO: Move rejected due to water leaving the GCMC sphere
2021-03-24 20:01:41,329 - INFO: 65 move(s) completed (1 accepted (1.5385 %)). Current N = 1. Average N = 0.308
2021-03-24 20:02:04,011 - INFO: 66 move(s) completed (1 accepted (1.5152 %)). Current N = 1. Average N = 0.318
2021-03-24 20:02:27,006 - INFO: 67 move(s) completed (1 accepted (1.4925 %)). Current N = 1. Average N = 0.328
2021-03-24 20:02:49,879 - INFO: 68 move(s) completed (1 accepted (1.4706 %)). Current N = 1. Average N = 0.338
2021-03-24 20:03:08,880 - INFO: Move rejected due to water leaving the GCMC sphere
2021-03-24 20:03:12,372 - INFO: 69 move(s) completed (1 accepted (1.4493 %)). Current N = 1. Average N = 0.348
2021-03-24 20:03:35,421 - INFO: 70 move(s) completed (1 accepted (1.4286 %)). Current N = 1. Average N = 0.357
2021-03-24 20:03:58,546 - INFO: 71 move(s) completed (1 accepted (1.4085 %)). Current N = 1. Average N = 0.366
2021-03-24 20:04:18,386 - INFO: Move rejected due to water leaving the GCMC sphere
2021-03-24 20:04:21,829 - INFO: 72 move(s) completed (1 accepted (1.3889 %)). Current N = 1. Average N = 0.375
2021-03-24 20:04:45,336 - INFO: 73 move(s) completed (1 accepted (1.3699 %)). Current N = 1. Average N = 0.384
2021-03-24 20:05:08,688 - INFO: 74 move(s) completed (1 accepted (1.3514 %)). Current N = 1. Average N = 0.392
2021-03-24 20:05:31,911 - INFO: 75 move(s) completed (1 accepted (1.3333 %)). Current N = 1. Average N = 0.400
2021-03-24 20:05:54,479 - INFO: 76 move(s) completed (1 accepted (1.3158 %)). Current N = 1. Average N = 0.408
2021-03-24 20:06:13,650 - INFO: Move rejected due to water leaving the GCMC sphere
2021-03-24 20:06:17,270 - INFO: 77 move(s) completed (1 accepted (1.2987 %)). Current N = 1. Average N = 0.416
2021-03-24 20:06:39,857 - INFO: 78 move(s) completed (1 accepted (1.2821 %)). Current N = 1. Average N = 0.423
2021-03-24 20:06:59,228 - INFO: Move rejected due to water leaving the GCMC sphere
2021-03-24 20:07:02,863 - INFO: 79 move(s) completed (1 accepted (1.2658 %)). Current N = 1. Average N = 0.430
2021-03-24 20:07:25,687 - INFO: 80 move(s) completed (1 accepted (1.2500 %)). Current N = 1. Average N = 0.438
2021-03-24 20:07:44,912 - INFO: Move rejected due to water leaving the GCMC sphere
2021-03-24 20:07:48,500 - INFO: 81 move(s) completed (1 accepted (1.2346 %)). Current N = 1. Average N = 0.444
2021-03-24 20:08:08,012 - INFO: Move rejected due to water leaving the GCMC sphere
2021-03-24 20:08:11,628 - INFO: 82 move(s) completed (1 accepted (1.2195 %)). Current N = 1. Average N = 0.451
2021-03-24 20:08:34,881 - INFO: 83 move(s) completed (1 accepted (1.2048 %)). Current N = 1. Average N = 0.458
2021-03-24 20:08:54,454 - INFO: Move rejected due to water leaving the GCMC sphere
2021-03-24 20:08:57,938 - INFO: 84 move(s) completed (1 accepted (1.1905 %)). Current N = 1. Average N = 0.464
2021-03-24 20:09:21,353 - INFO: 85 move(s) completed (1 accepted (1.1765 %)). Current N = 1. Average N = 0.471
2021-03-24 20:09:44,711 - INFO: 86 move(s) completed (1 accepted (1.1628 %)). Current N = 1. Average N = 0.477
2021-03-24 20:10:07,925 - INFO: 87 move(s) completed (1 accepted (1.1494 %)). Current N = 1. Average N = 0.483
2021-03-24 20:10:27,655 - INFO: Move rejected due to water leaving the GCMC sphere
2021-03-24 20:10:31,172 - INFO: 88 move(s) completed (1 accepted (1.1364 %)). Current N = 1. Average N = 0.489
2021-03-24 20:10:50,302 - INFO: Move rejected due to water leaving the GCMC sphere
2021-03-24 20:10:53,807 - INFO: 89 move(s) completed (1 accepted (1.1236 %)). Current N = 1. Average N = 0.494
2021-03-24 20:11:16,576 - INFO: 90 move(s) completed (1 accepted (1.1111 %)). Current N = 1. Average N = 0.500
2021-03-24 20:11:35,766 - INFO: Move rejected due to water leaving the GCMC sphere
2021-03-24 20:11:39,288 - INFO: 91 move(s) completed (1 accepted (1.0989 %)). Current N = 1. Average N = 0.505
2021-03-24 20:11:58,237 - INFO: Move rejected due to water leaving the GCMC sphere
2021-03-24 20:12:01,838 - INFO: 92 move(s) completed (1 accepted (1.0870 %)). Current N = 1. Average N = 0.511
2021-03-24 20:12:20,985 - INFO: Move rejected due to water leaving the GCMC sphere
2021-03-24 20:12:24,495 - INFO: 93 move(s) completed (1 accepted (1.0753 %)). Current N = 1. Average N = 0.516
2021-03-24 20:12:43,922 - INFO: Move rejected due to water leaving the GCMC sphere
2021-03-24 20:12:47,511 - INFO: 94 move(s) completed (1 accepted (1.0638 %)). Current N = 1. Average N = 0.521
2021-03-24 20:13:06,943 - INFO: Move rejected due to water leaving the GCMC sphere
2021-03-24 20:13:10,512 - INFO: 95 move(s) completed (1 accepted (1.0526 %)). Current N = 1. Average N = 0.526
2021-03-24 20:13:29,486 - INFO: Move rejected due to water leaving the GCMC sphere
2021-03-24 20:13:33,088 - INFO: 96 move(s) completed (1 accepted (1.0417 %)). Current N = 1. Average N = 0.531
2021-03-24 20:13:52,674 - INFO: Move rejected due to water leaving the GCMC sphere
2021-03-24 20:13:56,145 - INFO: 97 move(s) completed (1 accepted (1.0309 %)). Current N = 1. Average N = 0.536
2021-03-24 20:14:19,327 - INFO: 98 move(s) completed (1 accepted (1.0204 %)). Current N = 1. Average N = 0.541
2021-03-24 20:14:42,600 - INFO: 99 move(s) completed (1 accepted (1.0101 %)). Current N = 1. Average N = 0.545
2021-03-24 20:15:02,394 - INFO: Move rejected due to water leaving the GCMC sphere
2021-03-24 20:15:06,007 - INFO: 100 move(s) completed (1 accepted (1.0000 %)). Current N = 1. Average N = 0.550
2021-03-24 20:15:28,332 - INFO: 101 move(s) completed (1 accepted (0.9901 %)). Current N = 1. Average N = 0.554
2021-03-24 20:15:50,903 - INFO: 102 move(s) completed (1 accepted (0.9804 %)). Current N = 1. Average N = 0.559
2021-03-24 20:16:13,646 - INFO: 103 move(s) completed (1 accepted (0.9709 %)). Current N = 1. Average N = 0.563
2021-03-24 20:16:32,970 - INFO: Move rejected due to water leaving the GCMC sphere
2021-03-24 20:16:36,385 - INFO: 104 move(s) completed (1 accepted (0.9615 %)). Current N = 1. Average N = 0.567
2021-03-24 20:16:59,119 - INFO: 105 move(s) completed (1 accepted (0.9524 %)). Current N = 1. Average N = 0.571
2021-03-24 20:17:18,488 - INFO: Move rejected due to water leaving the GCMC sphere
2021-03-24 20:17:21,972 - INFO: 106 move(s) completed (1 accepted (0.9434 %)). Current N = 1. Average N = 0.576
2021-03-24 20:17:44,832 - INFO: 107 move(s) completed (1 accepted (0.9346 %)). Current N = 1. Average N = 0.579
2021-03-24 20:18:04,253 - INFO: Move rejected due to water leaving the GCMC sphere
2021-03-24 20:18:07,681 - INFO: 108 move(s) completed (1 accepted (0.9259 %)). Current N = 1. Average N = 0.583
2021-03-24 20:18:30,785 - INFO: 109 move(s) completed (1 accepted (0.9174 %)). Current N = 1. Average N = 0.587
2021-03-24 20:18:50,438 - INFO: Move rejected due to water leaving the GCMC sphere
2021-03-24 20:18:53,820 - INFO: 110 move(s) completed (1 accepted (0.9091 %)). Current N = 1. Average N = 0.591
2021-03-24 20:19:17,205 - INFO: 111 move(s) completed (1 accepted (0.9009 %)). Current N = 1. Average N = 0.595
2021-03-24 20:19:40,545 - INFO: 112 move(s) completed (1 accepted (0.8929 %)). Current N = 1. Average N = 0.598
2021-03-24 20:20:03,792 - INFO: 113 move(s) completed (1 accepted (0.8850 %)). Current N = 1. Average N = 0.602
2021-03-24 20:20:23,787 - INFO: Move rejected due to water leaving the GCMC sphere
2021-03-24 20:20:27,309 - INFO: 114 move(s) completed (1 accepted (0.8772 %)). Current N = 1. Average N = 0.605
2021-03-24 20:20:46,350 - INFO: Move rejected due to water leaving the GCMC sphere
2021-03-24 20:20:49,942 - INFO: 115 move(s) completed (1 accepted (0.8696 %)). Current N = 1. Average N = 0.609
2021-03-24 20:21:12,428 - INFO: 116 move(s) completed (1 accepted (0.8621 %)). Current N = 1. Average N = 0.612
2021-03-24 20:21:35,297 - INFO: 117 move(s) completed (1 accepted (0.8547 %)). Current N = 1. Average N = 0.615
2021-03-24 20:21:57,852 - INFO: 118 move(s) completed (1 accepted (0.8475 %)). Current N = 1. Average N = 0.619
2021-03-24 20:22:16,700 - INFO: Move rejected due to water leaving the GCMC sphere
2021-03-24 20:22:20,267 - INFO: 119 move(s) completed (1 accepted (0.8403 %)). Current N = 1. Average N = 0.622
2021-03-24 20:22:43,213 - INFO: 120 move(s) completed (1 accepted (0.8333 %)). Current N = 1. Average N = 0.625
2021-03-24 20:23:02,672 - INFO: Move rejected due to water leaving the GCMC sphere
2021-03-24 20:23:06,204 - INFO: 121 move(s) completed (1 accepted (0.8264 %)). Current N = 1. Average N = 0.628
2021-03-24 20:23:29,245 - INFO: 122 move(s) completed (1 accepted (0.8197 %)). Current N = 1. Average N = 0.631
2021-03-24 20:23:48,436 - INFO: Move rejected due to water leaving the GCMC sphere
2021-03-24 20:23:51,844 - INFO: 123 move(s) completed (1 accepted (0.8130 %)). Current N = 1. Average N = 0.634
2021-03-24 20:24:11,554 - INFO: Move rejected due to water leaving the GCMC sphere
2021-03-24 20:24:15,092 - INFO: 124 move(s) completed (1 accepted (0.8065 %)). Current N = 1. Average N = 0.637
2021-03-24 20:24:34,897 - INFO: Move rejected due to water leaving the GCMC sphere
2021-03-24 20:24:38,459 - INFO: 125 move(s) completed (1 accepted (0.8000 %)). Current N = 1. Average N = 0.640
2021-03-24 20:25:00,858 - INFO: 126 move(s) completed (1 accepted (0.7937 %)). Current N = 1. Average N = 0.643
2021-03-24 20:25:23,337 - INFO: 127 move(s) completed (1 accepted (0.7874 %)). Current N = 1. Average N = 0.646
2021-03-24 20:25:42,505 - INFO: Move rejected due to water leaving the GCMC sphere
2021-03-24 20:25:45,996 - INFO: 128 move(s) completed (1 accepted (0.7812 %)). Current N = 1. Average N = 0.648
2021-03-24 20:26:05,045 - INFO: Move rejected due to water leaving the GCMC sphere
2021-03-24 20:26:08,597 - INFO: 129 move(s) completed (1 accepted (0.7752 %)). Current N = 1. Average N = 0.651
2021-03-24 20:26:27,602 - INFO: Move rejected due to water leaving the GCMC sphere
2021-03-24 20:26:31,145 - INFO: 130 move(s) completed (1 accepted (0.7692 %)). Current N = 1. Average N = 0.654
2021-03-24 20:26:53,977 - INFO: 131 move(s) completed (1 accepted (0.7634 %)). Current N = 1. Average N = 0.656
2021-03-24 20:27:13,340 - INFO: Move rejected due to water leaving the GCMC sphere
2021-03-24 20:27:16,972 - INFO: 132 move(s) completed (1 accepted (0.7576 %)). Current N = 1. Average N = 0.659
2021-03-24 20:27:39,939 - INFO: 133 move(s) completed (1 accepted (0.7519 %)). Current N = 1. Average N = 0.662
2021-03-24 20:28:02,565 - INFO: 134 move(s) completed (1 accepted (0.7463 %)). Current N = 1. Average N = 0.664
2021-03-24 20:28:25,198 - INFO: 135 move(s) completed (1 accepted (0.7407 %)). Current N = 1. Average N = 0.667
2021-03-24 20:28:44,919 - INFO: Move rejected due to water leaving the GCMC sphere
2021-03-24 20:28:48,368 - INFO: 136 move(s) completed (1 accepted (0.7353 %)). Current N = 1. Average N = 0.669
2021-03-24 20:29:08,249 - INFO: Move rejected due to water leaving the GCMC sphere
2021-03-24 20:29:11,792 - INFO: 137 move(s) completed (1 accepted (0.7299 %)). Current N = 1. Average N = 0.671
2021-03-24 20:29:35,161 - INFO: 138 move(s) completed (1 accepted (0.7246 %)). Current N = 1. Average N = 0.674
2021-03-24 20:29:55,024 - INFO: Move rejected due to water leaving the GCMC sphere
2021-03-24 20:29:58,549 - INFO: 139 move(s) completed (1 accepted (0.7194 %)). Current N = 1. Average N = 0.676
2021-03-24 20:30:21,064 - INFO: 140 move(s) completed (1 accepted (0.7143 %)). Current N = 1. Average N = 0.679
2021-03-24 20:30:40,231 - INFO: Move rejected due to water leaving the GCMC sphere
2021-03-24 20:30:43,739 - INFO: 141 move(s) completed (1 accepted (0.7092 %)). Current N = 1. Average N = 0.681
2021-03-24 20:31:06,247 - INFO: 142 move(s) completed (1 accepted (0.7042 %)). Current N = 1. Average N = 0.683
2021-03-24 20:31:29,224 - INFO: 143 move(s) completed (1 accepted (0.6993 %)). Current N = 1. Average N = 0.685
2021-03-24 20:31:48,450 - INFO: Move rejected due to water leaving the GCMC sphere
2021-03-24 20:31:51,938 - INFO: 144 move(s) completed (1 accepted (0.6944 %)). Current N = 1. Average N = 0.688
2021-03-24 20:32:14,834 - INFO: 145 move(s) completed (1 accepted (0.6897 %)). Current N = 1. Average N = 0.690
2021-03-24 20:32:34,361 - INFO: Move rejected due to water leaving the GCMC sphere
2021-03-24 20:32:37,973 - INFO: 146 move(s) completed (1 accepted (0.6849 %)). Current N = 1. Average N = 0.692
2021-03-24 20:33:01,068 - INFO: 147 move(s) completed (1 accepted (0.6803 %)). Current N = 1. Average N = 0.694
2021-03-24 20:33:24,138 - INFO: 148 move(s) completed (1 accepted (0.6757 %)). Current N = 1. Average N = 0.696
2021-03-24 20:33:47,745 - INFO: 149 move(s) completed (1 accepted (0.6711 %)). Current N = 1. Average N = 0.698
2021-03-24 20:34:07,503 - INFO: Move rejected due to water leaving the GCMC sphere
2021-03-24 20:34:11,044 - INFO: 150 move(s) completed (1 accepted (0.6667 %)). Current N = 1. Average N = 0.700
2021-03-24 20:34:34,346 - INFO: 151 move(s) completed (1 accepted (0.6623 %)). Current N = 1. Average N = 0.702
2021-03-24 20:34:54,335 - INFO: Move rejected due to water leaving the GCMC sphere
2021-03-24 20:34:57,948 - INFO: 152 move(s) completed (1 accepted (0.6579 %)). Current N = 1. Average N = 0.704
2021-03-24 20:35:20,324 - INFO: 153 move(s) completed (1 accepted (0.6536 %)). Current N = 1. Average N = 0.706
2021-03-24 20:35:39,471 - INFO: Move rejected due to water leaving the GCMC sphere
2021-03-24 20:35:43,118 - INFO: 154 move(s) completed (1 accepted (0.6494 %)). Current N = 1. Average N = 0.708
2021-03-24 20:36:06,002 - INFO: 155 move(s) completed (1 accepted (0.6452 %)). Current N = 1. Average N = 0.710
2021-03-24 20:36:25,079 - INFO: Move rejected due to water leaving the GCMC sphere
2021-03-24 20:36:28,702 - INFO: 156 move(s) completed (1 accepted (0.6410 %)). Current N = 1. Average N = 0.712
2021-03-24 20:36:51,536 - INFO: 157 move(s) completed (1 accepted (0.6369 %)). Current N = 1. Average N = 0.713
2021-03-24 20:37:14,644 - INFO: 158 move(s) completed (1 accepted (0.6329 %)). Current N = 1. Average N = 0.715
2021-03-24 20:37:37,271 - INFO: 159 move(s) completed (1 accepted (0.6289 %)). Current N = 1. Average N = 0.717
2021-03-24 20:37:57,058 - INFO: Move rejected due to water leaving the GCMC sphere
2021-03-24 20:38:00,432 - INFO: 160 move(s) completed (1 accepted (0.6250 %)). Current N = 1. Average N = 0.719
2021-03-24 20:38:23,512 - INFO: 161 move(s) completed (1 accepted (0.6211 %)). Current N = 1. Average N = 0.721
2021-03-24 20:38:46,915 - INFO: 162 move(s) completed (1 accepted (0.6173 %)). Current N = 1. Average N = 0.722
2021-03-24 20:39:06,736 - INFO: Move rejected due to water leaving the GCMC sphere
2021-03-24 20:39:10,221 - INFO: 163 move(s) completed (1 accepted (0.6135 %)). Current N = 1. Average N = 0.724
2021-03-24 20:39:33,463 - INFO: 164 move(s) completed (1 accepted (0.6098 %)). Current N = 1. Average N = 0.726
2021-03-24 20:39:53,368 - INFO: Move rejected due to water leaving the GCMC sphere
2021-03-24 20:39:56,956 - INFO: 165 move(s) completed (1 accepted (0.6061 %)). Current N = 1. Average N = 0.727
2021-03-24 20:40:19,633 - INFO: 166 move(s) completed (1 accepted (0.6024 %)). Current N = 1. Average N = 0.729
2021-03-24 20:40:42,144 - INFO: 167 move(s) completed (1 accepted (0.5988 %)). Current N = 1. Average N = 0.731
2021-03-24 20:41:04,795 - INFO: 168 move(s) completed (1 accepted (0.5952 %)). Current N = 1. Average N = 0.732
2021-03-24 20:41:23,961 - INFO: Move rejected due to water leaving the GCMC sphere
2021-03-24 20:41:27,417 - INFO: 169 move(s) completed (1 accepted (0.5917 %)). Current N = 1. Average N = 0.734
2021-03-24 20:41:46,915 - INFO: Move rejected due to water leaving the GCMC sphere
2021-03-24 20:41:50,417 - INFO: 170 move(s) completed (1 accepted (0.5882 %)). Current N = 1. Average N = 0.735
2021-03-24 20:42:13,452 - INFO: 171 move(s) completed (1 accepted (0.5848 %)). Current N = 1. Average N = 0.737
2021-03-24 20:42:32,443 - INFO: Move rejected due to water leaving the GCMC sphere
2021-03-24 20:42:35,954 - INFO: 172 move(s) completed (1 accepted (0.5814 %)). Current N = 1. Average N = 0.738
2021-03-24 20:42:55,598 - INFO: Move rejected due to water leaving the GCMC sphere
2021-03-24 20:42:59,146 - INFO: 173 move(s) completed (1 accepted (0.5780 %)). Current N = 1. Average N = 0.740
2021-03-24 20:43:22,353 - INFO: 174 move(s) completed (1 accepted (0.5747 %)). Current N = 1. Average N = 0.741
2021-03-24 20:43:41,888 - INFO: Move rejected due to water leaving the GCMC sphere
2021-03-24 20:43:45,560 - INFO: 175 move(s) completed (1 accepted (0.5714 %)). Current N = 1. Average N = 0.743
2021-03-24 20:44:08,706 - INFO: 176 move(s) completed (1 accepted (0.5682 %)). Current N = 1. Average N = 0.744
2021-03-24 20:44:28,316 - INFO: Move rejected due to water leaving the GCMC sphere
2021-03-24 20:44:31,694 - INFO: 177 move(s) completed (1 accepted (0.5650 %)). Current N = 1. Average N = 0.746
2021-03-24 20:44:50,529 - INFO: Move rejected due to water leaving the GCMC sphere
2021-03-24 20:44:54,100 - INFO: 178 move(s) completed (1 accepted (0.5618 %)). Current N = 1. Average N = 0.747
2021-03-24 20:45:13,155 - INFO: Move rejected due to water leaving the GCMC sphere
2021-03-24 20:45:16,578 - INFO: 179 move(s) completed (1 accepted (0.5587 %)). Current N = 1. Average N = 0.749
2021-03-24 20:45:39,109 - INFO: 180 move(s) completed (1 accepted (0.5556 %)). Current N = 1. Average N = 0.750
2021-03-24 20:46:01,706 - INFO: 181 move(s) completed (1 accepted (0.5525 %)). Current N = 1. Average N = 0.751
2021-03-24 20:46:20,895 - INFO: Move rejected due to water leaving the GCMC sphere
2021-03-24 20:46:24,266 - INFO: 182 move(s) completed (1 accepted (0.5495 %)). Current N = 1. Average N = 0.753
2021-03-24 20:46:43,461 - INFO: Move rejected due to water leaving the GCMC sphere
2021-03-24 20:46:47,029 - INFO: 183 move(s) completed (1 accepted (0.5464 %)). Current N = 1. Average N = 0.754
2021-03-24 20:47:09,269 - INFO: 184 move(s) completed (1 accepted (0.5435 %)). Current N = 1. Average N = 0.755
2021-03-24 20:47:28,798 - INFO: Move rejected due to water leaving the GCMC sphere
2021-03-24 20:47:32,446 - INFO: 185 move(s) completed (1 accepted (0.5405 %)). Current N = 1. Average N = 0.757
2021-03-24 20:47:51,969 - INFO: Move rejected due to water leaving the GCMC sphere
2021-03-24 20:47:55,515 - INFO: 186 move(s) completed (1 accepted (0.5376 %)). Current N = 1. Average N = 0.758
2021-03-24 20:48:18,148 - INFO: 187 move(s) completed (1 accepted (0.5348 %)). Current N = 1. Average N = 0.759
2021-03-24 20:48:41,850 - INFO: 188 move(s) completed (1 accepted (0.5319 %)). Current N = 1. Average N = 0.761
2021-03-24 20:49:05,725 - INFO: 189 move(s) completed (1 accepted (0.5291 %)). Current N = 1. Average N = 0.762
2021-03-24 20:49:25,571 - INFO: Move rejected due to water leaving the GCMC sphere
2021-03-24 20:49:29,097 - INFO: 190 move(s) completed (1 accepted (0.5263 %)). Current N = 1. Average N = 0.763
2021-03-24 20:49:51,422 - INFO: 191 move(s) completed (1 accepted (0.5236 %)). Current N = 1. Average N = 0.764
2021-03-24 20:50:14,083 - INFO: 192 move(s) completed (1 accepted (0.5208 %)). Current N = 1. Average N = 0.766
2021-03-24 20:50:36,684 - INFO: 193 move(s) completed (1 accepted (0.5181 %)). Current N = 1. Average N = 0.767
2021-03-24 20:50:59,416 - INFO: 194 move(s) completed (1 accepted (0.5155 %)). Current N = 1. Average N = 0.768
2021-03-24 20:51:22,309 - INFO: 195 move(s) completed (1 accepted (0.5128 %)). Current N = 1. Average N = 0.769
2021-03-24 20:51:41,508 - INFO: Move rejected due to water leaving the GCMC sphere
2021-03-24 20:51:45,138 - INFO: 196 move(s) completed (1 accepted (0.5102 %)). Current N = 1. Average N = 0.770
2021-03-24 20:52:07,837 - INFO: 197 move(s) completed (1 accepted (0.5076 %)). Current N = 1. Average N = 0.772
2021-03-24 20:52:30,779 - INFO: 198 move(s) completed (1 accepted (0.5051 %)). Current N = 1. Average N = 0.773
2021-03-24 20:52:53,353 - INFO: 199 move(s) completed (1 accepted (0.5025 %)). Current N = 1. Average N = 0.774
2021-03-24 20:53:13,258 - INFO: Move rejected due to water leaving the GCMC sphere
2021-03-24 20:53:16,872 - INFO: 200 move(s) completed (1 accepted (0.5000 %)). Current N = 1. Average N = 0.775
2021-03-24 20:53:36,541 - INFO: Move rejected due to water leaving the GCMC sphere
2021-03-24 20:53:40,046 - INFO: 201 move(s) completed (1 accepted (0.4975 %)). Current N = 1. Average N = 0.776
2021-03-24 20:53:59,096 - INFO: Move rejected due to water leaving the GCMC sphere
2021-03-24 20:54:02,732 - INFO: 202 move(s) completed (1 accepted (0.4950 %)). Current N = 1. Average N = 0.777
2021-03-24 20:54:25,025 - INFO: 203 move(s) completed (1 accepted (0.4926 %)). Current N = 1. Average N = 0.778
2021-03-24 20:54:44,017 - INFO: Move rejected due to water leaving the GCMC sphere
2021-03-24 20:54:47,641 - INFO: 204 move(s) completed (1 accepted (0.4902 %)). Current N = 1. Average N = 0.779
2021-03-24 20:55:10,317 - INFO: 205 move(s) completed (1 accepted (0.4878 %)). Current N = 1. Average N = 0.780
2021-03-24 20:55:29,427 - INFO: Move rejected due to water leaving the GCMC sphere
2021-03-24 20:55:33,120 - INFO: 206 move(s) completed (1 accepted (0.4854 %)). Current N = 1. Average N = 0.782
2021-03-24 20:55:55,788 - INFO: 207 move(s) completed (1 accepted (0.4831 %)). Current N = 1. Average N = 0.783
2021-03-24 20:56:18,589 - INFO: 208 move(s) completed (1 accepted (0.4808 %)). Current N = 1. Average N = 0.784
2021-03-24 20:56:38,024 - INFO: Move rejected due to water leaving the GCMC sphere
2021-03-24 20:56:41,562 - INFO: 209 move(s) completed (1 accepted (0.4785 %)). Current N = 1. Average N = 0.785
2021-03-24 20:57:01,275 - INFO: Move rejected due to water leaving the GCMC sphere
2021-03-24 20:57:04,682 - INFO: 210 move(s) completed (1 accepted (0.4762 %)). Current N = 1. Average N = 0.786
2021-03-24 20:57:24,034 - INFO: Move rejected due to water leaving the GCMC sphere
2021-03-24 20:57:27,537 - INFO: 211 move(s) completed (1 accepted (0.4739 %)). Current N = 1. Average N = 0.787
2021-03-24 20:57:50,769 - INFO: 212 move(s) completed (1 accepted (0.4717 %)). Current N = 1. Average N = 0.788
2021-03-24 20:58:13,270 - INFO: 213 move(s) completed (1 accepted (0.4695 %)). Current N = 1. Average N = 0.789
2021-03-24 20:58:36,626 - INFO: 214 move(s) completed (1 accepted (0.4673 %)). Current N = 1. Average N = 0.790
2021-03-24 20:58:59,905 - INFO: 215 move(s) completed (1 accepted (0.4651 %)). Current N = 1. Average N = 0.791
2021-03-24 20:59:19,681 - INFO: Move rejected due to water leaving the GCMC sphere
2021-03-24 20:59:23,207 - INFO: 216 move(s) completed (1 accepted (0.4630 %)). Current N = 1. Average N = 0.792
2021-03-24 20:59:42,242 - INFO: Move rejected due to water leaving the GCMC sphere
2021-03-24 20:59:45,856 - INFO: 217 move(s) completed (1 accepted (0.4608 %)). Current N = 1. Average N = 0.793
2021-03-24 21:00:05,093 - INFO: Move rejected due to water leaving the GCMC sphere
2021-03-24 21:00:08,675 - INFO: 218 move(s) completed (1 accepted (0.4587 %)). Current N = 1. Average N = 0.794
2021-03-24 21:00:27,875 - INFO: Move rejected due to water leaving the GCMC sphere
2021-03-24 21:00:31,399 - INFO: 219 move(s) completed (1 accepted (0.4566 %)). Current N = 1. Average N = 0.794
2021-03-24 21:00:54,265 - INFO: 220 move(s) completed (1 accepted (0.4545 %)). Current N = 1. Average N = 0.795
2021-03-24 21:01:13,747 - INFO: Move rejected due to water leaving the GCMC sphere
2021-03-24 21:01:17,367 - INFO: 221 move(s) completed (1 accepted (0.4525 %)). Current N = 1. Average N = 0.796
2021-03-24 21:01:36,889 - INFO: Move rejected due to water leaving the GCMC sphere
2021-03-24 21:01:40,418 - INFO: 222 move(s) completed (1 accepted (0.4505 %)). Current N = 1. Average N = 0.797
2021-03-24 21:02:03,322 - INFO: 223 move(s) completed (1 accepted (0.4484 %)). Current N = 1. Average N = 0.798
2021-03-24 21:02:26,297 - INFO: 224 move(s) completed (1 accepted (0.4464 %)). Current N = 1. Average N = 0.799
2021-03-24 21:02:45,167 - INFO: Move rejected due to water leaving the GCMC sphere
2021-03-24 21:02:48,637 - INFO: 225 move(s) completed (1 accepted (0.4444 %)). Current N = 1. Average N = 0.800
2021-03-24 21:03:08,381 - INFO: Move rejected due to water leaving the GCMC sphere
2021-03-24 21:03:11,865 - INFO: 226 move(s) completed (1 accepted (0.4425 %)). Current N = 1. Average N = 0.801
2021-03-24 21:03:35,081 - INFO: 227 move(s) completed (1 accepted (0.4405 %)). Current N = 1. Average N = 0.802
2021-03-24 21:03:58,387 - INFO: 228 move(s) completed (1 accepted (0.4386 %)). Current N = 1. Average N = 0.803
2021-03-24 21:04:21,854 - INFO: 229 move(s) completed (1 accepted (0.4367 %)). Current N = 1. Average N = 0.803
2021-03-24 21:04:44,154 - INFO: 230 move(s) completed (1 accepted (0.4348 %)). Current N = 1. Average N = 0.804
2021-03-24 21:05:03,200 - INFO: Move rejected due to water leaving the GCMC sphere
2021-03-24 21:05:06,828 - INFO: 231 move(s) completed (1 accepted (0.4329 %)). Current N = 1. Average N = 0.805
2021-03-24 21:05:29,480 - INFO: 232 move(s) completed (1 accepted (0.4310 %)). Current N = 1. Average N = 0.806
2021-03-24 21:05:48,640 - INFO: Move rejected due to water leaving the GCMC sphere
2021-03-24 21:05:52,303 - INFO: 233 move(s) completed (1 accepted (0.4292 %)). Current N = 1. Average N = 0.807
2021-03-24 21:06:15,158 - INFO: 234 move(s) completed (1 accepted (0.4274 %)). Current N = 1. Average N = 0.808
2021-03-24 21:06:34,509 - INFO: Move rejected due to water leaving the GCMC sphere
2021-03-24 21:06:38,150 - INFO: 235 move(s) completed (1 accepted (0.4255 %)). Current N = 1. Average N = 0.808
2021-03-24 21:07:00,617 - INFO: 236 move(s) completed (1 accepted (0.4237 %)). Current N = 1. Average N = 0.809
2021-03-24 21:07:20,308 - INFO: Move rejected due to water leaving the GCMC sphere
2021-03-24 21:07:23,749 - INFO: 237 move(s) completed (1 accepted (0.4219 %)). Current N = 1. Average N = 0.810
2021-03-24 21:07:43,398 - INFO: Move rejected due to water leaving the GCMC sphere
2021-03-24 21:07:46,979 - INFO: 238 move(s) completed (1 accepted (0.4202 %)). Current N = 1. Average N = 0.811
2021-03-24 21:08:06,802 - INFO: Move rejected due to water leaving the GCMC sphere
2021-03-24 21:08:10,391 - INFO: 239 move(s) completed (1 accepted (0.4184 %)). Current N = 1. Average N = 0.812
2021-03-24 21:08:29,415 - INFO: Move rejected due to water leaving the GCMC sphere
2021-03-24 21:08:32,858 - INFO: 240 move(s) completed (1 accepted (0.4167 %)). Current N = 1. Average N = 0.812
2021-03-24 21:08:52,538 - INFO: Move rejected due to water leaving the GCMC sphere
2021-03-24 21:08:56,017 - INFO: 241 move(s) completed (1 accepted (0.4149 %)). Current N = 1. Average N = 0.813
2021-03-24 21:09:15,168 - INFO: Move rejected due to water leaving the GCMC sphere
2021-03-24 21:09:18,617 - INFO: 242 move(s) completed (1 accepted (0.4132 %)). Current N = 1. Average N = 0.814
2021-03-24 21:09:41,270 - INFO: 243 move(s) completed (1 accepted (0.4115 %)). Current N = 1. Average N = 0.815
2021-03-24 21:10:00,346 - INFO: Move rejected due to water leaving the GCMC sphere
2021-03-24 21:10:03,991 - INFO: 244 move(s) completed (1 accepted (0.4098 %)). Current N = 1. Average N = 0.816
2021-03-24 21:10:26,431 - INFO: 245 move(s) completed (1 accepted (0.4082 %)). Current N = 1. Average N = 0.816
2021-03-24 21:10:45,838 - INFO: Move rejected due to water leaving the GCMC sphere
2021-03-24 21:10:49,427 - INFO: 246 move(s) completed (1 accepted (0.4065 %)). Current N = 1. Average N = 0.817
2021-03-24 21:11:12,435 - INFO: 247 move(s) completed (1 accepted (0.4049 %)). Current N = 1. Average N = 0.818
2021-03-24 21:11:34,934 - INFO: 248 move(s) completed (1 accepted (0.4032 %)). Current N = 1. Average N = 0.819
2021-03-24 21:11:54,575 - INFO: Move rejected due to water leaving the GCMC sphere
2021-03-24 21:11:58,187 - INFO: 249 move(s) completed (1 accepted (0.4016 %)). Current N = 1. Average N = 0.819
2021-03-24 21:12:21,198 - INFO: 250 move(s) completed (1 accepted (0.4000 %)). Current N = 1. Average N = 0.820
2021-03-24 21:12:40,715 - INFO: Move rejected due to water leaving the GCMC sphere
2021-03-24 21:12:44,192 - INFO: 251 move(s) completed (1 accepted (0.3984 %)). Current N = 1. Average N = 0.821
2021-03-24 21:13:07,408 - INFO: 252 move(s) completed (1 accepted (0.3968 %)). Current N = 1. Average N = 0.821
2021-03-24 21:13:27,360 - INFO: Move rejected due to water leaving the GCMC sphere
2021-03-24 21:13:30,923 - INFO: 253 move(s) completed (1 accepted (0.3953 %)). Current N = 1. Average N = 0.822
2021-03-24 21:13:54,311 - INFO: 254 move(s) completed (1 accepted (0.3937 %)). Current N = 1. Average N = 0.823
2021-03-24 21:14:13,391 - INFO: Move rejected due to water leaving the GCMC sphere
2021-03-24 21:14:16,939 - INFO: 255 move(s) completed (1 accepted (0.3922 %)). Current N = 1. Average N = 0.824
2021-03-24 21:14:39,355 - INFO: 256 move(s) completed (1 accepted (0.3906 %)). Current N = 1. Average N = 0.824
2021-03-24 21:14:58,545 - INFO: Move rejected due to water leaving the GCMC sphere
2021-03-24 21:15:02,121 - INFO: 257 move(s) completed (1 accepted (0.3891 %)). Current N = 1. Average N = 0.825
2021-03-24 21:15:21,309 - INFO: Move rejected due to water leaving the GCMC sphere
2021-03-24 21:15:24,759 - INFO: 258 move(s) completed (1 accepted (0.3876 %)). Current N = 1. Average N = 0.826
2021-03-24 21:15:47,535 - INFO: 259 move(s) completed (1 accepted (0.3861 %)). Current N = 1. Average N = 0.826
2021-03-24 21:16:06,626 - INFO: Move rejected due to water leaving the GCMC sphere
2021-03-24 21:16:10,282 - INFO: 260 move(s) completed (1 accepted (0.3846 %)). Current N = 1. Average N = 0.827
2021-03-24 21:16:29,799 - INFO: Move rejected due to water leaving the GCMC sphere
2021-03-24 21:16:33,239 - INFO: 261 move(s) completed (1 accepted (0.3831 %)). Current N = 1. Average N = 0.828
2021-03-24 21:16:52,221 - INFO: Move rejected due to water leaving the GCMC sphere
2021-03-24 21:16:55,856 - INFO: 262 move(s) completed (1 accepted (0.3817 %)). Current N = 1. Average N = 0.828
2021-03-24 21:17:19,000 - INFO: 263 move(s) completed (1 accepted (0.3802 %)). Current N = 1. Average N = 0.829
2021-03-24 21:17:42,257 - INFO: 264 move(s) completed (1 accepted (0.3788 %)). Current N = 1. Average N = 0.830
2021-03-24 21:18:05,444 - INFO: 265 move(s) completed (1 accepted (0.3774 %)). Current N = 1. Average N = 0.830
2021-03-24 21:18:28,653 - INFO: 266 move(s) completed (1 accepted (0.3759 %)). Current N = 1. Average N = 0.831
2021-03-24 21:18:50,999 - INFO: 267 move(s) completed (1 accepted (0.3745 %)). Current N = 1. Average N = 0.832
2021-03-24 21:19:10,267 - INFO: Move rejected due to water leaving the GCMC sphere
2021-03-24 21:19:13,902 - INFO: 268 move(s) completed (1 accepted (0.3731 %)). Current N = 1. Average N = 0.832
2021-03-24 21:19:33,114 - INFO: Move rejected due to water leaving the GCMC sphere
2021-03-24 21:19:36,538 - INFO: 269 move(s) completed (1 accepted (0.3717 %)). Current N = 1. Average N = 0.833
2021-03-24 21:19:59,436 - INFO: 270 move(s) completed (1 accepted (0.3704 %)). Current N = 1. Average N = 0.833
2021-03-24 21:20:18,789 - INFO: Move rejected due to water leaving the GCMC sphere
2021-03-24 21:20:22,234 - INFO: 271 move(s) completed (1 accepted (0.3690 %)). Current N = 1. Average N = 0.834
2021-03-24 21:20:45,164 - INFO: 272 move(s) completed (1 accepted (0.3676 %)). Current N = 1. Average N = 0.835
2021-03-24 21:21:04,409 - INFO: Move rejected due to water leaving the GCMC sphere
2021-03-24 21:21:07,946 - INFO: 273 move(s) completed (1 accepted (0.3663 %)). Current N = 1. Average N = 0.835
2021-03-24 21:21:31,050 - INFO: 274 move(s) completed (1 accepted (0.3650 %)). Current N = 1. Average N = 0.836
2021-03-24 21:21:53,610 - INFO: 275 move(s) completed (1 accepted (0.3636 %)). Current N = 1. Average N = 0.836
2021-03-24 21:22:12,596 - INFO: Move rejected due to water leaving the GCMC sphere
2021-03-24 21:22:16,069 - INFO: 276 move(s) completed (1 accepted (0.3623 %)). Current N = 1. Average N = 0.837
2021-03-24 21:22:38,609 - INFO: 277 move(s) completed (1 accepted (0.3610 %)). Current N = 1. Average N = 0.838
2021-03-24 21:23:02,168 - INFO: 278 move(s) completed (1 accepted (0.3597 %)). Current N = 1. Average N = 0.838
2021-03-24 21:23:25,467 - INFO: 279 move(s) completed (1 accepted (0.3584 %)). Current N = 1. Average N = 0.839
2021-03-24 21:23:47,939 - INFO: 280 move(s) completed (1 accepted (0.3571 %)). Current N = 1. Average N = 0.839
2021-03-24 21:24:10,542 - INFO: 281 move(s) completed (1 accepted (0.3559 %)). Current N = 1. Average N = 0.840
2021-03-24 21:24:29,750 - INFO: Move rejected due to water leaving the GCMC sphere
2021-03-24 21:24:33,385 - INFO: 282 move(s) completed (1 accepted (0.3546 %)). Current N = 1. Average N = 0.840
2021-03-24 21:24:56,089 - INFO: 283 move(s) completed (1 accepted (0.3534 %)). Current N = 1. Average N = 0.841
2021-03-24 21:25:15,669 - INFO: Move rejected due to water leaving the GCMC sphere
2021-03-24 21:25:19,298 - INFO: 284 move(s) completed (1 accepted (0.3521 %)). Current N = 1. Average N = 0.842
2021-03-24 21:25:42,034 - INFO: 285 move(s) completed (1 accepted (0.3509 %)). Current N = 1. Average N = 0.842
2021-03-24 21:26:01,742 - INFO: Move rejected due to water leaving the GCMC sphere
2021-03-24 21:26:05,286 - INFO: 286 move(s) completed (1 accepted (0.3497 %)). Current N = 1. Average N = 0.843
2021-03-24 21:26:28,249 - INFO: 287 move(s) completed (1 accepted (0.3484 %)). Current N = 1. Average N = 0.843
2021-03-24 21:26:51,465 - INFO: 288 move(s) completed (1 accepted (0.3472 %)). Current N = 1. Average N = 0.844
2021-03-24 21:27:11,253 - INFO: Move rejected due to water leaving the GCMC sphere
2021-03-24 21:27:14,736 - INFO: 289 move(s) completed (1 accepted (0.3460 %)). Current N = 1. Average N = 0.844
2021-03-24 21:27:37,148 - INFO: 290 move(s) completed (1 accepted (0.3448 %)). Current N = 1. Average N = 0.845
2021-03-24 21:27:56,872 - INFO: Move rejected due to water leaving the GCMC sphere
2021-03-24 21:28:00,441 - INFO: 291 move(s) completed (1 accepted (0.3436 %)). Current N = 1. Average N = 0.845
2021-03-24 21:28:23,936 - INFO: 292 move(s) completed (1 accepted (0.3425 %)). Current N = 1. Average N = 0.846
2021-03-24 21:28:43,845 - INFO: Move rejected due to water leaving the GCMC sphere
2021-03-24 21:28:47,364 - INFO: 293 move(s) completed (1 accepted (0.3413 %)). Current N = 1. Average N = 0.846
2021-03-24 21:29:06,558 - INFO: Move rejected due to water leaving the GCMC sphere
2021-03-24 21:29:10,172 - INFO: 294 move(s) completed (1 accepted (0.3401 %)). Current N = 1. Average N = 0.847
2021-03-24 21:29:33,046 - INFO: 295 move(s) completed (1 accepted (0.3390 %)). Current N = 1. Average N = 0.848
2021-03-24 21:29:55,448 - INFO: 296 move(s) completed (1 accepted (0.3378 %)). Current N = 1. Average N = 0.848
2021-03-24 21:30:18,102 - INFO: 297 move(s) completed (1 accepted (0.3367 %)). Current N = 1. Average N = 0.849
2021-03-24 21:30:37,459 - INFO: Move rejected due to water leaving the GCMC sphere
2021-03-24 21:30:41,028 - INFO: 298 move(s) completed (1 accepted (0.3356 %)). Current N = 1. Average N = 0.849
2021-03-24 21:31:00,426 - INFO: Move rejected due to water leaving the GCMC sphere
2021-03-24 21:31:04,033 - INFO: 299 move(s) completed (1 accepted (0.3344 %)). Current N = 1. Average N = 0.850
2021-03-24 21:31:27,191 - INFO: 300 move(s) completed (1 accepted (0.3333 %)). Current N = 1. Average N = 0.850
2021-03-24 21:31:46,144 - INFO: Move rejected due to water leaving the GCMC sphere
2021-03-24 21:31:49,788 - INFO: 301 move(s) completed (1 accepted (0.3322 %)). Current N = 1. Average N = 0.851
2021-03-24 21:32:13,106 - INFO: 302 move(s) completed (1 accepted (0.3311 %)). Current N = 1. Average N = 0.851
2021-03-24 21:32:32,938 - INFO: Move rejected due to water leaving the GCMC sphere
2021-03-24 21:32:36,301 - INFO: 303 move(s) completed (1 accepted (0.3300 %)). Current N = 1. Average N = 0.852
2021-03-24 21:32:59,555 - INFO: 304 move(s) completed (1 accepted (0.3289 %)). Current N = 1. Average N = 0.852
2021-03-24 21:33:23,073 - INFO: 305 move(s) completed (1 accepted (0.3279 %)). Current N = 1. Average N = 0.853
2021-03-24 21:33:42,120 - INFO: Move rejected due to water leaving the GCMC sphere
2021-03-24 21:33:45,714 - INFO: 306 move(s) completed (1 accepted (0.3268 %)). Current N = 1. Average N = 0.853
2021-03-24 21:34:04,702 - INFO: Move rejected due to water leaving the GCMC sphere
2021-03-24 21:34:08,070 - INFO: 307 move(s) completed (1 accepted (0.3257 %)). Current N = 1. Average N = 0.853
2021-03-24 21:34:30,835 - INFO: 308 move(s) completed (1 accepted (0.3247 %)). Current N = 1. Average N = 0.854
2021-03-24 21:34:53,036 - INFO: 309 move(s) completed (1 accepted (0.3236 %)). Current N = 1. Average N = 0.854
2021-03-24 21:35:12,041 - INFO: Move rejected due to water leaving the GCMC sphere
2021-03-24 21:35:15,589 - INFO: 310 move(s) completed (1 accepted (0.3226 %)). Current N = 1. Average N = 0.855
2021-03-24 21:35:35,168 - INFO: Move rejected due to water leaving the GCMC sphere
2021-03-24 21:35:38,631 - INFO: 311 move(s) completed (1 accepted (0.3215 %)). Current N = 1. Average N = 0.855
2021-03-24 21:35:58,127 - INFO: Move rejected due to water leaving the GCMC sphere
2021-03-24 21:36:01,752 - INFO: 312 move(s) completed (1 accepted (0.3205 %)). Current N = 1. Average N = 0.856
2021-03-24 21:36:25,093 - INFO: 313 move(s) completed (1 accepted (0.3195 %)). Current N = 1. Average N = 0.856
2021-03-24 21:36:44,755 - INFO: Move rejected due to water leaving the GCMC sphere
2021-03-24 21:36:48,088 - INFO: 314 move(s) completed (1 accepted (0.3185 %)). Current N = 1. Average N = 0.857
2021-03-24 21:37:07,677 - INFO: Move rejected due to water leaving the GCMC sphere
2021-03-24 21:37:11,239 - INFO: 315 move(s) completed (1 accepted (0.3175 %)). Current N = 1. Average N = 0.857
2021-03-24 21:37:31,109 - INFO: Move rejected due to water leaving the GCMC sphere
2021-03-24 21:37:34,594 - INFO: 316 move(s) completed (1 accepted (0.3165 %)). Current N = 1. Average N = 0.858
2021-03-24 21:37:57,613 - INFO: 317 move(s) completed (1 accepted (0.3155 %)). Current N = 1. Average N = 0.858
2021-03-24 21:38:17,311 - INFO: Move rejected due to water leaving the GCMC sphere
2021-03-24 21:38:20,701 - INFO: 318 move(s) completed (1 accepted (0.3145 %)). Current N = 1. Average N = 0.859
2021-03-24 21:38:43,324 - INFO: 319 move(s) completed (1 accepted (0.3135 %)). Current N = 1. Average N = 0.859
2021-03-24 21:39:02,669 - INFO: Move rejected due to water leaving the GCMC sphere
2021-03-24 21:39:06,293 - INFO: 320 move(s) completed (1 accepted (0.3125 %)). Current N = 1. Average N = 0.859
2021-03-24 21:39:29,310 - INFO: 321 move(s) completed (1 accepted (0.3115 %)). Current N = 1. Average N = 0.860
2021-03-24 21:39:52,523 - INFO: 322 move(s) completed (1 accepted (0.3106 %)). Current N = 1. Average N = 0.860
2021-03-24 21:40:11,988 - INFO: Move rejected due to water leaving the GCMC sphere
2021-03-24 21:40:15,682 - INFO: 323 move(s) completed (1 accepted (0.3096 %)). Current N = 1. Average N = 0.861
2021-03-24 21:40:35,193 - INFO: Move rejected due to water leaving the GCMC sphere
2021-03-24 21:40:38,836 - INFO: 324 move(s) completed (1 accepted (0.3086 %)). Current N = 1. Average N = 0.861
2021-03-24 21:40:58,575 - INFO: Move rejected due to water leaving the GCMC sphere
2021-03-24 21:41:02,206 - INFO: 325 move(s) completed (1 accepted (0.3077 %)). Current N = 1. Average N = 0.862
2021-03-24 21:41:22,041 - INFO: Move rejected due to water leaving the GCMC sphere
2021-03-24 21:41:25,705 - INFO: 326 move(s) completed (1 accepted (0.3067 %)). Current N = 1. Average N = 0.862
2021-03-24 21:41:49,009 - INFO: 327 move(s) completed (1 accepted (0.3058 %)). Current N = 1. Average N = 0.862
2021-03-24 21:42:08,980 - INFO: Move rejected due to water leaving the GCMC sphere
2021-03-24 21:42:12,476 - INFO: 328 move(s) completed (1 accepted (0.3049 %)). Current N = 1. Average N = 0.863
2021-03-24 21:42:35,981 - INFO: 329 move(s) completed (1 accepted (0.3040 %)). Current N = 1. Average N = 0.863
2021-03-24 21:42:59,571 - INFO: 330 move(s) completed (1 accepted (0.3030 %)). Current N = 1. Average N = 0.864
2021-03-24 21:43:18,713 - INFO: Move rejected due to water leaving the GCMC sphere
2021-03-24 21:43:22,365 - INFO: 331 move(s) completed (1 accepted (0.3021 %)). Current N = 1. Average N = 0.864
2021-03-24 21:43:41,516 - INFO: Move rejected due to water leaving the GCMC sphere
2021-03-24 21:43:45,185 - INFO: 332 move(s) completed (1 accepted (0.3012 %)). Current N = 1. Average N = 0.865
2021-03-24 21:44:04,326 - INFO: Move rejected due to water leaving the GCMC sphere
2021-03-24 21:44:08,089 - INFO: 333 move(s) completed (1 accepted (0.3003 %)). Current N = 1. Average N = 0.865
